2021-12-16 16:51:04.161: Dataset name: u2
The number of users: 23132
The number of items: 23132
The number of ratings: 312310
Average actions of users: 13.50
Average actions of items: 13.50
The sparsity of the dataset: 99.941634%
2021-12-16 16:51:04.161: 

NeuRec hyperparameters:
recommender=WRMF
config_dir=./conf
gpu_id=0
gpu_mem=0.5
data.input.path=D:\hsyoo\Workingon_210628/_Data/eat/noniid-in-barrier/u2/
data.input.dataset=u2
data.output.path=D:\hsyoo\Workingon_210628/_Emb/eat/noniid-in-barrier/wrmf/u2_wrmf_directed_dim16_uniform_send.emb
data.column.format=UI
data.convert.separator='\t'
user_min=0
item_min=0
splitter=given
ratio=0.8
by_time=False
metric=["Precision", "Recall", "NDCG", "MAP", "MRR"]
topk=[10, 20]
group_view=None
rec.evaluate.neg=0
test_batch_size=128
num_thread=8
data.index.remap=False

WRMF's hyperparameters:
epochs=50
embedding_size=16
reg_mf=0.1
alpha=10
init_method=uniform
stddev=0.01
verbose=1
weight=uniform

2021-12-16 17:14:00.485: metrics:	Precision@10	Precision@20	Recall@10   	Recall@20   	NDCG@10     	NDCG@20     	MAP@10      	MAP@20      	MRR@10      	MRR@20      
2021-12-16 17:15:17.682: iteration 1 finished in 77.196396 seconds
2021-12-16 17:15:18.072: epoch 1:	0.00110186  	0.00100392  	0.00137115  	0.00241747  	0.00142495  	0.00189630  	0.00050472  	0.00055281  	0.00377562  	0.00438642  
2021-12-16 17:16:33.905: iteration 2 finished in 75.832594 seconds
2021-12-16 17:16:34.278: epoch 2:	0.00265671  	0.00228942  	0.00381822  	0.00643344  	0.00337301  	0.00448612  	0.00123222  	0.00135322  	0.00784201  	0.00906312  
2021-12-16 17:17:50.445: iteration 3 finished in 76.167597 seconds
2021-12-16 17:17:50.812: epoch 3:	0.00385652  	0.00353818  	0.00567096  	0.01021049  	0.00519436  	0.00713376  	0.00193275  	0.00216659  	0.01272110  	0.01472485  
2021-12-16 17:19:07.210: iteration 4 finished in 76.397391 seconds
2021-12-16 17:19:07.584: epoch 4:	0.00444417  	0.00412583  	0.00643622  	0.01174859  	0.00600269  	0.00829185  	0.00229474  	0.00257116  	0.01453757  	0.01691806  
2021-12-16 17:20:23.339: iteration 5 finished in 75.754284 seconds
2021-12-16 17:20:23.707: epoch 5:	0.00493388  	0.00447475  	0.00692406  	0.01255781  	0.00655573  	0.00895492  	0.00250259  	0.00279735  	0.01592597  	0.01836645  
2021-12-16 17:21:39.648: iteration 6 finished in 75.940026 seconds
2021-12-16 17:21:40.017: epoch 6:	0.00514201  	0.00480530  	0.00724912  	0.01335887  	0.00685579  	0.00948439  	0.00263503  	0.00295196  	0.01653191  	0.01922161  
2021-12-16 17:22:55.133: iteration 7 finished in 75.112417 seconds
2021-12-16 17:22:55.511: epoch 7:	0.00531341  	0.00489100  	0.00750836  	0.01357053  	0.00697161  	0.00959653  	0.00263217  	0.00294875  	0.01661002  	0.01935541  
2021-12-16 17:24:11.499: iteration 8 finished in 75.987712 seconds
2021-12-16 17:24:11.872: epoch 8:	0.00548481  	0.00490937  	0.00784372  	0.01361845  	0.00718362  	0.00970159  	0.00269905  	0.00299679  	0.01705422  	0.01974442  
2021-12-16 17:25:27.450: iteration 9 finished in 75.577595 seconds
2021-12-16 17:25:27.819: epoch 9:	0.00539911  	0.00492773  	0.00770080  	0.01365316  	0.00711764  	0.00972852  	0.00267902  	0.00299716  	0.01704270  	0.01981989  
2021-12-16 17:26:43.988: iteration 10 finished in 76.169348 seconds
2021-12-16 17:26:44.362: epoch 10:	0.00555826  	0.00496446  	0.00791927  	0.01371129  	0.00722693  	0.00976202  	0.00268823  	0.00298979  	0.01711179  	0.01983275  
2021-12-16 17:27:59.671: iteration 11 finished in 75.309130 seconds
2021-12-16 17:28:00.047: epoch 11:	0.00547256  	0.00504404  	0.00781411  	0.01395260  	0.00710680  	0.00981388  	0.00263943  	0.00297224  	0.01672001  	0.01959301  
2021-12-16 17:29:16.534: iteration 12 finished in 76.487016 seconds
2021-12-16 17:29:16.909: epoch 12:	0.00557051  	0.00505628  	0.00774634  	0.01401138  	0.00717052  	0.00986998  	0.00265899  	0.00299876  	0.01694787  	0.01973505  
2021-12-16 17:30:31.958: iteration 13 finished in 75.048485 seconds
2021-12-16 17:30:32.338: epoch 13:	0.00546032  	0.00506240  	0.00759343  	0.01411905  	0.00713408  	0.00993491  	0.00268603  	0.00303513  	0.01698470  	0.01988877  
2021-12-16 17:31:48.293: iteration 14 finished in 75.952174 seconds
2021-12-16 17:31:48.669: epoch 14:	0.00548481  	0.00501343  	0.00761189  	0.01397935  	0.00719473  	0.00992244  	0.00271870  	0.00305679  	0.01723786  	0.02008645  
2021-12-16 17:33:03.919: iteration 15 finished in 75.250500 seconds
2021-12-16 17:33:04.302: epoch 15:	0.00552153  	0.00501343  	0.00764396  	0.01398892  	0.00721371  	0.00992371  	0.00272097  	0.00305586  	0.01724938  	0.02007598  
2021-12-16 17:34:20.842: iteration 16 finished in 76.539778 seconds
2021-12-16 17:34:21.210: epoch 16:	0.00563172  	0.00501955  	0.00782857  	0.01401381  	0.00728978  	0.00991391  	0.00272116  	0.00303971  	0.01730019  	0.02003017  
2021-12-16 17:35:36.458: iteration 17 finished in 75.247337 seconds
2021-12-16 17:35:36.849: epoch 17:	0.00555826  	0.00503792  	0.00773528  	0.01404870  	0.00727944  	0.00997701  	0.00275019  	0.00308338  	0.01739798  	0.02017613  
2021-12-16 17:36:53.333: iteration 18 finished in 76.483572 seconds
2021-12-16 17:36:53.703: epoch 18:	0.00564396  	0.00502567  	0.00781782  	0.01392013  	0.00734599  	0.00994401  	0.00275977  	0.00307493  	0.01754534  	0.02022580  
2021-12-16 17:38:08.960: iteration 19 finished in 75.255757 seconds
2021-12-16 17:38:09.333: epoch 19:	0.00565621  	0.00506240  	0.00781656  	0.01399150  	0.00734877  	0.00997557  	0.00275179  	0.00306976  	0.01762502  	0.02032565  
2021-12-16 17:39:26.056: iteration 20 finished in 76.723244 seconds
2021-12-16 17:39:26.442: epoch 20:	0.00570518  	0.00504404  	0.00788968  	0.01396277  	0.00737280  	0.00994560  	0.00274810  	0.00305950  	0.01762418  	0.02024982  
2021-12-16 17:40:41.861: iteration 21 finished in 75.418778 seconds
2021-12-16 17:40:42.240: epoch 21:	0.00575415  	0.00506240  	0.00795652  	0.01403419  	0.00742660  	0.00998394  	0.00276448  	0.00306848  	0.01779077  	0.02038761  
2021-12-16 17:41:58.819: iteration 22 finished in 76.577987 seconds
2021-12-16 17:41:59.210: epoch 22:	0.00572966  	0.00505016  	0.00791673  	0.01397719  	0.00737399  	0.00993135  	0.00273876  	0.00304290  	0.01763060  	0.02024877  
2021-12-16 17:43:14.674: iteration 23 finished in 75.463889 seconds
2021-12-16 17:43:15.040: epoch 23:	0.00570518  	0.00505016  	0.00789715  	0.01401785  	0.00738048  	0.00995884  	0.00275656  	0.00306247  	0.01764906  	0.02029023  
2021-12-16 17:44:31.848: iteration 24 finished in 76.808276 seconds
2021-12-16 17:44:32.220: epoch 24:	0.00564396  	0.00502567  	0.00778886  	0.01397434  	0.00735297  	0.00995903  	0.00276417  	0.00307895  	0.01770314  	0.02035859  
2021-12-16 17:45:47.610: iteration 25 finished in 75.390345 seconds
2021-12-16 17:45:47.987: epoch 25:	0.00569293  	0.00501343  	0.00784191  	0.01394781  	0.00738834  	0.00994697  	0.00277080  	0.00307718  	0.01776581  	0.02036943  
2021-12-16 17:47:03.501: iteration 26 finished in 75.513970 seconds
2021-12-16 17:47:03.883: epoch 26:	0.00569293  	0.00500731  	0.00781962  	0.01396365  	0.00736826  	0.00993487  	0.00275569  	0.00306515  	0.01772345  	0.02031948  
2021-12-16 17:48:18.912: iteration 27 finished in 75.029151 seconds
2021-12-16 17:48:19.287: epoch 27:	0.00570518  	0.00501343  	0.00780965  	0.01393053  	0.00738532  	0.00994417  	0.00276481  	0.00307343  	0.01782639  	0.02041829  
2021-12-16 17:49:36.444: iteration 28 finished in 77.157078 seconds
2021-12-16 17:49:36.833: epoch 28:	0.00568069  	0.00498894  	0.00780853  	0.01390980  	0.00737239  	0.00992599  	0.00275646  	0.00306599  	0.01781056  	0.02040926  
2021-12-16 17:50:52.342: iteration 29 finished in 75.508941 seconds
2021-12-16 17:50:52.717: epoch 29:	0.00566845  	0.00500731  	0.00778426  	0.01395143  	0.00736587  	0.00995256  	0.00275512  	0.00307104  	0.01783504  	0.02046249  
2021-12-16 17:52:09.516: iteration 30 finished in 76.799128 seconds
2021-12-16 17:52:09.895: epoch 30:	0.00564396  	0.00501955  	0.00776949  	0.01398312  	0.00735378  	0.00996595  	0.00275361  	0.00307252  	0.01781881  	0.02047899  
2021-12-16 17:53:25.278: iteration 31 finished in 75.382893 seconds
2021-12-16 17:53:25.647: epoch 31:	0.00565621  	0.00501955  	0.00780293  	0.01398662  	0.00738571  	0.00998363  	0.00276772  	0.00308256  	0.01793400  	0.02057837  
2021-12-16 17:54:42.605: iteration 32 finished in 76.958191 seconds
2021-12-16 17:54:42.977: epoch 32:	0.00566845  	0.00502567  	0.00779719  	0.01399289  	0.00739316  	0.00999123  	0.00276911  	0.00308367  	0.01797714  	0.02061222  
2021-12-16 17:55:58.123: iteration 33 finished in 75.145316 seconds
2021-12-16 17:55:58.498: epoch 33:	0.00560723  	0.00505016  	0.00770473  	0.01405444  	0.00733839  	0.01001457  	0.00275698  	0.00308406  	0.01790301  	0.02061570  
2021-12-16 17:57:14.348: iteration 34 finished in 75.850595 seconds
2021-12-16 17:57:14.728: epoch 34:	0.00561948  	0.00506240  	0.00774706  	0.01406903  	0.00735178  	0.01002319  	0.00276020  	0.00308549  	0.01789213  	0.02061313  
2021-12-16 17:58:30.230: iteration 35 finished in 75.501350 seconds
2021-12-16 17:58:30.608: epoch 35:	0.00559499  	0.00505628  	0.00771305  	0.01405417  	0.00735485  	0.01003467  	0.00277049  	0.00309723  	0.01798531  	0.02070844  
2021-12-16 17:59:47.622: iteration 36 finished in 77.013951 seconds
2021-12-16 17:59:47.997: epoch 36:	0.00557051  	0.00503179  	0.00769164  	0.01400506  	0.00733728  	0.01000818  	0.00276795  	0.00309454  	0.01796214  	0.02067896  
2021-12-16 18:01:03.465: iteration 37 finished in 75.468158 seconds
2021-12-16 18:01:03.825: epoch 37:	0.00553378  	0.00505628  	0.00766406  	0.01404723  	0.00732847  	0.01004084  	0.00277342  	0.00310385  	0.01800411  	0.02076949  
2021-12-16 18:02:20.590: iteration 38 finished in 76.765572 seconds
2021-12-16 18:02:20.980: epoch 38:	0.00550929  	0.00503792  	0.00764756  	0.01398363  	0.00732027  	0.01002244  	0.00277574  	0.00310379  	0.01801067  	0.02079515  
2021-12-16 18:03:36.283: iteration 39 finished in 75.302979 seconds
2021-12-16 18:03:36.661: epoch 39:	0.00550929  	0.00503179  	0.00764586  	0.01398747  	0.00733032  	0.01003000  	0.00278180  	0.00310925  	0.01806382  	0.02083993  
2021-12-16 18:04:53.126: iteration 40 finished in 76.464519 seconds
2021-12-16 18:04:53.497: epoch 40:	0.00554602  	0.00501343  	0.00768531  	0.01392829  	0.00737536  	0.01002061  	0.00279852  	0.00311544  	0.01820763  	0.02092603  
2021-12-16 18:06:08.484: iteration 41 finished in 74.987635 seconds
2021-12-16 18:06:08.863: epoch 41:	0.00555826  	0.00501343  	0.00770396  	0.01393883  	0.00739173  	0.01003123  	0.00281223  	0.00312750  	0.01822609  	0.02093709  
2021-12-16 18:07:24.203: iteration 42 finished in 75.339458 seconds
2021-12-16 18:07:24.576: epoch 42:	0.00555826  	0.00500731  	0.00769851  	0.01396045  	0.00737002  	0.01001288  	0.00279742  	0.00311507  	0.01811979  	0.02081255  
2021-12-16 18:08:39.507: iteration 43 finished in 74.931714 seconds
2021-12-16 18:08:39.898: epoch 43:	0.00553378  	0.00501343  	0.00766791  	0.01395472  	0.00735035  	0.01001076  	0.00279295  	0.00311246  	0.01809700  	0.02081572  
2021-12-16 18:09:55.984: iteration 44 finished in 76.086349 seconds
2021-12-16 18:09:56.352: epoch 44:	0.00554602  	0.00499507  	0.00770274  	0.01391707  	0.00736060  	0.00998845  	0.00279407  	0.00310831  	0.01806091  	0.02075134  
2021-12-16 18:11:11.622: iteration 45 finished in 75.269240 seconds
2021-12-16 18:11:11.988: epoch 45:	0.00554602  	0.00501343  	0.00770954  	0.01395671  	0.00734316  	0.00998585  	0.00277424  	0.00308883  	0.01800902  	0.02071029  
2021-12-16 18:12:28.957: iteration 46 finished in 76.969093 seconds
2021-12-16 18:12:29.329: epoch 46:	0.00555826  	0.00500731  	0.00772621  	0.01394082  	0.00735421  	0.00997868  	0.00277713  	0.00308722  	0.01802651  	0.02071831  
2021-12-16 18:13:44.534: iteration 47 finished in 75.204082 seconds
2021-12-16 18:13:44.910: epoch 47:	0.00554602  	0.00501955  	0.00771090  	0.01398221  	0.00733903  	0.00998906  	0.00276859  	0.00308258  	0.01800455  	0.02071506  
2021-12-16 18:15:01.219: iteration 48 finished in 76.309366 seconds
2021-12-16 18:15:01.592: epoch 48:	0.00555826  	0.00505016  	0.00770808  	0.01404222  	0.00734363  	0.01002003  	0.00277316  	0.00308947  	0.01798522  	0.02072177  
2021-12-16 18:16:16.954: iteration 49 finished in 75.362601 seconds
2021-12-16 18:16:17.329: epoch 49:	0.00554602  	0.00503179  	0.00770043  	0.01401971  	0.00733531  	0.01000590  	0.00277174  	0.00308819  	0.01797040  	0.02070125  
2021-12-16 18:17:33.840: iteration 50 finished in 76.510351 seconds
2021-12-16 18:17:34.213: epoch 50:	0.00554602  	0.00501955  	0.00770043  	0.01396826  	0.00735153  	0.00999901  	0.00278317  	0.00309384  	0.01804716  	0.02076731  
