2021-12-14 23:28:37.335: Dataset name: u2
The number of users: 6110
The number of items: 6110
The number of ratings: 50507
Average actions of users: 8.27
Average actions of items: 8.27
The sparsity of the dataset: 99.864709%
2021-12-14 23:28:37.335: 

NeuRec hyperparameters:
recommender=WRMF
config_dir=./conf
gpu_id=0
gpu_mem=0.5
data.input.path=D:\hsyoo\Workingon_210628/_Data/jung/random-barrier/u2/
data.input.dataset=u2
data.output.path=D:\hsyoo\Workingon_210628/_Emb/jung/random-barrier/wrmf/u2_wrmf_directed_dim16_uniform_send.emb
data.column.format=UI
data.convert.separator='\t'
user_min=0
item_min=0
splitter=given
ratio=0.8
by_time=False
metric=["Precision", "Recall", "NDCG", "MAP", "MRR"]
topk=[10, 20]
group_view=None
rec.evaluate.neg=0
test_batch_size=128
num_thread=8
data.index.remap=False

WRMF's hyperparameters:
epochs=50
embedding_size=16
reg_mf=0.1
alpha=10
init_method=uniform
stddev=0.01
verbose=1
weight=uniform

2021-12-14 23:30:15.343: metrics:	Precision@10	Precision@20	Recall@10   	Recall@20   	NDCG@10     	NDCG@20     	MAP@10      	MAP@20      	MRR@10      	MRR@20      
2021-12-14 23:30:20.766: iteration 1 finished in 5.423489 seconds
2021-12-14 23:30:20.891: epoch 1:	0.12133526  	0.07433914  	0.55812234  	0.63448042  	0.48125440  	0.50296950  	0.41103721  	0.41850066  	0.52833086  	0.53224987  
2021-12-14 23:30:25.196: iteration 2 finished in 4.304495 seconds
2021-12-14 23:30:25.285: epoch 2:	0.16091180  	0.09292348  	0.70293409  	0.76915902  	0.66703075  	0.68412936  	0.61022609  	0.61579049  	0.72993386  	0.73268402  
2021-12-14 23:30:29.576: iteration 3 finished in 4.290526 seconds
2021-12-14 23:30:29.667: epoch 3:	0.16795260  	0.09536792  	0.73608011  	0.79025352  	0.69844937  	0.71207261  	0.64331120  	0.64770460  	0.75717282  	0.75922889  
2021-12-14 23:30:33.961: iteration 4 finished in 4.294515 seconds
2021-12-14 23:30:34.051: epoch 4:	0.17111038  	0.09678312  	0.75089461  	0.80129468  	0.71667647  	0.72933364  	0.66412145  	0.66826588  	0.77392441  	0.77573043  
2021-12-14 23:30:38.343: iteration 5 finished in 4.292521 seconds
2021-12-14 23:30:38.433: epoch 5:	0.17302853  	0.09771879  	0.75887644  	0.80886483  	0.72392815  	0.73639691  	0.67179710  	0.67591071  	0.77898830  	0.78076130  
2021-12-14 23:30:42.742: iteration 6 finished in 4.308478 seconds
2021-12-14 23:30:42.831: epoch 6:	0.17387061  	0.09817491  	0.76287097  	0.81314105  	0.72835851  	0.74086571  	0.67662770  	0.68085009  	0.78341746  	0.78510648  
2021-12-14 23:30:47.136: iteration 7 finished in 4.304488 seconds
2021-12-14 23:30:47.227: epoch 7:	0.17408116  	0.09845559  	0.76427752  	0.81520241  	0.73059452  	0.74342430  	0.67938149  	0.68388981  	0.78531486  	0.78697121  
2021-12-14 23:30:51.523: iteration 8 finished in 4.296016 seconds
2021-12-14 23:30:51.616: epoch 8:	0.17429172  	0.09863109  	0.76390767  	0.81614357  	0.73099059  	0.74419796  	0.67993528  	0.68458509  	0.78580761  	0.78757977  
2021-12-14 23:30:55.903: iteration 9 finished in 4.286407 seconds
2021-12-14 23:30:55.997: epoch 9:	0.17429167  	0.09884163  	0.76373172  	0.81805032  	0.73132658  	0.74515676  	0.68044037  	0.68538308  	0.78668261  	0.78849375  
2021-12-14 23:31:00.303: iteration 10 finished in 4.306899 seconds
2021-12-14 23:31:00.397: epoch 10:	0.17457242  	0.09895859  	0.76443064  	0.81850219  	0.73171502  	0.74547809  	0.68072510  	0.68563873  	0.78663737  	0.78853989  
2021-12-14 23:31:04.694: iteration 11 finished in 4.297160 seconds
2021-12-14 23:31:04.788: epoch 11:	0.17454907  	0.09913404  	0.76499617  	0.82087964  	0.73142815  	0.74572068  	0.68014872  	0.68529779  	0.78620034  	0.78820926  
2021-12-14 23:31:09.078: iteration 12 finished in 4.289447 seconds
2021-12-14 23:31:09.171: epoch 12:	0.17464264  	0.09918083  	0.76555091  	0.82133144  	0.73072231  	0.74498987  	0.67899919  	0.68413496  	0.78506368  	0.78709102  
2021-12-14 23:31:13.451: iteration 13 finished in 4.279509 seconds
2021-12-14 23:31:13.544: epoch 13:	0.17457247  	0.09915742  	0.76554453  	0.82175905  	0.72862816  	0.74297017  	0.67619962  	0.68133861  	0.78235370  	0.78434962  
2021-12-14 23:31:17.843: iteration 14 finished in 4.298045 seconds
2021-12-14 23:31:17.921: epoch 14:	0.17433853  	0.09902877  	0.76430887  	0.82032275  	0.72590011  	0.74023336  	0.67282629  	0.67794704  	0.77944726  	0.78148103  
2021-12-14 23:31:22.242: iteration 15 finished in 4.321677 seconds
2021-12-14 23:31:22.332: epoch 15:	0.17424498  	0.09899370  	0.76387888  	0.81985277  	0.72197926  	0.73629439  	0.66757172  	0.67268586  	0.77418810  	0.77623856  
2021-12-14 23:31:26.653: iteration 16 finished in 4.320446 seconds
2021-12-14 23:31:26.744: epoch 16:	0.17401104  	0.09888844  	0.76231748  	0.81940049  	0.71793467  	0.73253125  	0.66245264  	0.66767621  	0.76945949  	0.77149796  
2021-12-14 23:31:31.064: iteration 17 finished in 4.319448 seconds
2021-12-14 23:31:31.154: epoch 17:	0.17366020  	0.09884166  	0.76062506  	0.81903517  	0.71206510  	0.72701985  	0.65489578  	0.66024667  	0.76229656  	0.76432168  
2021-12-14 23:31:35.458: iteration 18 finished in 4.303491 seconds
2021-12-14 23:31:35.550: epoch 18:	0.17312214  	0.09863114  	0.75764591  	0.81650269  	0.70780188  	0.72296029  	0.64996850  	0.65537196  	0.75798887  	0.76002675  
2021-12-14 23:31:39.859: iteration 19 finished in 4.309476 seconds
2021-12-14 23:31:39.952: epoch 19:	0.17239706  	0.09833875  	0.75302649  	0.81381136  	0.70187157  	0.71763843  	0.64332116  	0.64898121  	0.75145668  	0.75363868  
2021-12-14 23:31:44.274: iteration 20 finished in 4.321443 seconds
2021-12-14 23:31:44.363: epoch 20:	0.17199942  	0.09817501  	0.75125146  	0.81183583  	0.69783008  	0.71360105  	0.63841069  	0.64408910  	0.74677992  	0.74898005  
2021-12-14 23:31:48.676: iteration 21 finished in 4.312467 seconds
2021-12-14 23:31:48.766: epoch 21:	0.17157838  	0.09813990  	0.75001055  	0.81210774  	0.69458169  	0.71079147  	0.63412029  	0.63997191  	0.74373591  	0.74599463  
2021-12-14 23:31:53.096: iteration 22 finished in 4.329422 seconds
2021-12-14 23:31:53.186: epoch 22:	0.17094678  	0.09801125  	0.74821341  	0.81077772  	0.69122106  	0.70773530  	0.63034606  	0.63635671  	0.73996639  	0.74230683  
2021-12-14 23:31:57.476: iteration 23 finished in 4.290526 seconds
2021-12-14 23:31:57.569: epoch 23:	0.17040877  	0.09790599  	0.74546492  	0.81003177  	0.68835223  	0.70546532  	0.62735915  	0.63356721  	0.73736244  	0.73985833  
2021-12-14 23:32:01.895: iteration 24 finished in 4.326430 seconds
2021-12-14 23:32:01.986: epoch 24:	0.17019825  	0.09784751  	0.74457020  	0.81013304  	0.68624032  	0.70359898  	0.62481821  	0.63109982  	0.73491210  	0.73746741  
2021-12-14 23:32:06.300: iteration 25 finished in 4.314462 seconds
2021-12-14 23:32:06.389: epoch 25:	0.17003447  	0.09778902  	0.74376291  	0.80958515  	0.68362200  	0.70106530  	0.62185633  	0.62815928  	0.73072320  	0.73332864  
2021-12-14 23:32:10.697: iteration 26 finished in 4.306540 seconds
2021-12-14 23:32:10.791: epoch 26:	0.16996430  	0.09776562  	0.74339581  	0.80954105  	0.68280870  	0.70033652  	0.62086177  	0.62717474  	0.72994703  	0.73253793  
2021-12-14 23:32:15.086: iteration 27 finished in 4.295560 seconds
2021-12-14 23:32:15.164: epoch 27:	0.16980058  	0.09770715  	0.74289912  	0.80942154  	0.68196028  	0.69961971  	0.61987317  	0.62623435  	0.72904676  	0.73167872  
2021-12-14 23:32:19.473: iteration 28 finished in 4.308553 seconds
2021-12-14 23:32:19.551: epoch 28:	0.16975379  	0.09762528  	0.74256372  	0.80862629  	0.68123209  	0.69877440  	0.61897123  	0.62529498  	0.72824639  	0.73088300  
2021-12-14 23:32:23.871: iteration 29 finished in 4.320174 seconds
2021-12-14 23:32:23.966: epoch 29:	0.16977717  	0.09762528  	0.74231625  	0.80878222  	0.68109328  	0.69868952  	0.61884129  	0.62514371  	0.72815353  	0.73082674  
2021-12-14 23:32:28.256: iteration 30 finished in 4.289529 seconds
2021-12-14 23:32:28.346: epoch 30:	0.16968361  	0.09760188  	0.74199653  	0.80860162  	0.68039823  	0.69806719  	0.61797953  	0.62434947  	0.72735393  	0.72999597  
2021-12-14 23:32:32.664: iteration 31 finished in 4.318451 seconds
2021-12-14 23:32:32.753: epoch 31:	0.16959001  	0.09759019  	0.74166077  	0.80854315  	0.67996138  	0.69774085  	0.61745244  	0.62387598  	0.72692811  	0.72959805  
2021-12-14 23:32:37.056: iteration 32 finished in 4.302494 seconds
2021-12-14 23:32:37.146: epoch 32:	0.16966018  	0.09761357  	0.74218708  	0.80852544  	0.68010145  	0.69773918  	0.61751443  	0.62389499  	0.72688574  	0.72950876  
2021-12-14 23:32:41.451: iteration 33 finished in 4.305486 seconds
2021-12-14 23:32:41.541: epoch 33:	0.16968359  	0.09761357  	0.74230772  	0.80845529  	0.68021816  	0.69780248  	0.61762875  	0.62397271  	0.72705072  	0.72967190  
2021-12-14 23:32:45.845: iteration 34 finished in 4.303491 seconds
2021-12-14 23:32:45.936: epoch 34:	0.16968361  	0.09755509  	0.74238425  	0.80824745  	0.68027109  	0.69774812  	0.61761719  	0.62393194  	0.72722763  	0.72980857  
2021-12-14 23:32:50.256: iteration 35 finished in 4.320446 seconds
2021-12-14 23:32:50.346: epoch 35:	0.16968361  	0.09754340  	0.74254018  	0.80818897  	0.68033385  	0.69776374  	0.61761814  	0.62393892  	0.72745883  	0.72999954  
2021-12-14 23:32:54.655: iteration 36 finished in 4.307480 seconds
2021-12-14 23:32:54.745: epoch 36:	0.16963682  	0.09754340  	0.74210894  	0.80804950  	0.68017268  	0.69770092  	0.61757380  	0.62392598  	0.72725588  	0.72984833  
2021-12-14 23:32:59.062: iteration 37 finished in 4.316456 seconds
2021-12-14 23:32:59.153: epoch 37:	0.16970700  	0.09755509  	0.74224913  	0.80834341  	0.67999303  	0.69751537  	0.61730474  	0.62362534  	0.72685224  	0.72943354  
2021-12-14 23:33:03.499: iteration 38 finished in 4.346376 seconds
2021-12-14 23:33:03.589: epoch 38:	0.16966021  	0.09755509  	0.74210489  	0.80827194  	0.67995930  	0.69751883  	0.61730349  	0.62364733  	0.72691655  	0.72949457  
2021-12-14 23:33:07.929: iteration 39 finished in 4.340392 seconds
2021-12-14 23:33:08.019: epoch 39:	0.16968362  	0.09755509  	0.74207014  	0.80832160  	0.67991179  	0.69745827  	0.61726290  	0.62360841  	0.72675526  	0.72930950  
2021-12-14 23:33:12.338: iteration 40 finished in 4.319219 seconds
2021-12-14 23:33:12.432: epoch 40:	0.16977717  	0.09755509  	0.74247944  	0.80817300  	0.67997873  	0.69735020  	0.61719537  	0.62345272  	0.72680128  	0.72933376  
2021-12-14 23:33:16.767: iteration 41 finished in 4.335508 seconds
2021-12-14 23:33:16.861: epoch 41:	0.16977717  	0.09755509  	0.74227810  	0.80817300  	0.68001050  	0.69742030  	0.61730778  	0.62357134  	0.72684938  	0.72936702  
2021-12-14 23:33:21.167: iteration 42 finished in 4.306342 seconds
2021-12-14 23:33:21.261: epoch 42:	0.16977715  	0.09754340  	0.74223906  	0.80799758  	0.67978418  	0.69714683  	0.61704499  	0.62327057  	0.72648537  	0.72901857  
2021-12-14 23:33:25.606: iteration 43 finished in 4.345275 seconds
2021-12-14 23:33:25.694: epoch 43:	0.16975376  	0.09755509  	0.74207008  	0.80811453  	0.67965502  	0.69709963  	0.61694276  	0.62319487  	0.72636950  	0.72889811  
2021-12-14 23:33:30.026: iteration 44 finished in 4.331416 seconds
2021-12-14 23:33:30.112: epoch 44:	0.16970699  	0.09754340  	0.74175823  	0.80805713  	0.67938709  	0.69690317  	0.61667645  	0.62294257  	0.72614658  	0.72869694  
2021-12-14 23:33:34.455: iteration 45 finished in 4.342387 seconds
2021-12-14 23:33:34.544: epoch 45:	0.16966020  	0.09748492  	0.74151051  	0.80765665  	0.67949384  	0.69695312  	0.61683881  	0.62309086  	0.72650611  	0.72904783  
2021-12-14 23:33:38.894: iteration 46 finished in 4.350366 seconds
2021-12-14 23:33:38.985: epoch 46:	0.16968359  	0.09749662  	0.74162745  	0.80762899  	0.67953128  	0.69694459  	0.61686492  	0.62306273  	0.72645450  	0.72899640  
2021-12-14 23:33:43.358: iteration 47 finished in 4.373304 seconds
2021-12-14 23:33:43.446: epoch 47:	0.16973038  	0.09749661  	0.74186134  	0.80766803  	0.67983556  	0.69717419  	0.61722124  	0.62338114  	0.72680759  	0.72933728  
2021-12-14 23:33:47.797: iteration 48 finished in 4.350366 seconds
2021-12-14 23:33:47.886: epoch 48:	0.16970699  	0.09750831  	0.74173141  	0.80773854  	0.67869818  	0.69609118  	0.61570805  	0.62187314  	0.72530699  	0.72784555  
2021-12-14 23:33:52.251: iteration 49 finished in 4.365325 seconds
2021-12-14 23:33:52.341: epoch 49:	0.16975378  	0.09752001  	0.74196535  	0.80799192  	0.67865258  	0.69601542  	0.61558086  	0.62170172  	0.72513735  	0.72768646  
2021-12-14 23:33:56.692: iteration 50 finished in 4.351363 seconds
2021-12-14 23:33:56.783: epoch 50:	0.16970699  	0.09752001  	0.74172670  	0.80789298  	0.67854351  	0.69595027  	0.61557186  	0.62169570  	0.72492647  	0.72749209  
