2021-12-14 21:00:48.448: Dataset name: u2
The number of users: 7034
The number of items: 7034
The number of ratings: 103622
Average actions of users: 14.73
Average actions of items: 14.73
The sparsity of the dataset: 99.790566%
2021-12-14 21:00:48.448: 

NeuRec hyperparameters:
recommender=WRMF
config_dir=./conf
gpu_id=0
gpu_mem=0.5
data.input.path=D:\hsyoo\Workingon_210628/_Data/wiki-vote/noniid-out-barrier/u2/
data.input.dataset=u2
data.output.path=D:\hsyoo\Workingon_210628/_Emb/wiki-vote/noniid-out-barrier/wrmf/u2_wrmf_directed_dim16_uniform_send.emb
data.column.format=UI
data.convert.separator='\t'
user_min=0
item_min=0
splitter=given
ratio=0.8
by_time=False
metric=["Precision", "Recall", "NDCG", "MAP", "MRR"]
topk=[10, 20]
group_view=None
rec.evaluate.neg=0
test_batch_size=128
num_thread=8
data.index.remap=False

WRMF's hyperparameters:
epochs=50
embedding_size=16
reg_mf=0.1
alpha=10
init_method=uniform
stddev=0.01
verbose=1
weight=uniform

2021-12-14 21:02:54.632: metrics:	Precision@10	Precision@20	Recall@10   	Recall@20   	NDCG@10     	NDCG@20     	MAP@10      	MAP@20      	MRR@10      	MRR@20      
2021-12-14 21:03:01.027: iteration 1 finished in 6.394898 seconds
2021-12-14 21:03:01.149: epoch 1:	0.01758531  	0.01485606  	0.02709283  	0.04371545  	0.02446127  	0.03135073  	0.01059396  	0.01169480  	0.05196565  	0.05677409  
2021-12-14 21:03:06.315: iteration 2 finished in 5.164189 seconds
2021-12-14 21:03:06.410: epoch 2:	0.05256815  	0.04475720  	0.08790871  	0.14544898  	0.07753591  	0.10124253  	0.03765151  	0.04362726  	0.14598261  	0.15517613  
2021-12-14 21:03:11.553: iteration 3 finished in 5.142682 seconds
2021-12-14 21:03:11.649: epoch 3:	0.06179127  	0.05143918  	0.10532267  	0.17582799  	0.09242658  	0.12017889  	0.04530743  	0.05270246  	0.17226091  	0.18168864  
2021-12-14 21:03:16.793: iteration 4 finished in 5.143757 seconds
2021-12-14 21:03:16.889: epoch 4:	0.06410382  	0.05329450  	0.11441076  	0.18483716  	0.09765957  	0.12572314  	0.04796965  	0.05556390  	0.17921767  	0.18825948  
2021-12-14 21:03:22.030: iteration 5 finished in 5.140425 seconds
2021-12-14 21:03:22.123: epoch 5:	0.06544824  	0.05338866  	0.11725599  	0.18827155  	0.10016127  	0.12799448  	0.04945862  	0.05700990  	0.18339449  	0.19241196  
2021-12-14 21:03:27.285: iteration 6 finished in 5.162195 seconds
2021-12-14 21:03:27.376: epoch 6:	0.06520619  	0.05356341  	0.11686657  	0.18760832  	0.09958065  	0.12755013  	0.04894377  	0.05652440  	0.18266383  	0.19175497  
2021-12-14 21:03:32.536: iteration 7 finished in 5.160200 seconds
2021-12-14 21:03:32.630: epoch 7:	0.06482976  	0.05418185  	0.11569294  	0.18949272  	0.09945540  	0.12860243  	0.04916089  	0.05718163  	0.18288448  	0.19189496  
2021-12-14 21:03:37.795: iteration 8 finished in 5.165187 seconds
2021-12-14 21:03:37.887: epoch 8:	0.06469529  	0.05437006  	0.11464986  	0.18872681  	0.09882740  	0.12825143  	0.04878333  	0.05691530  	0.18224943  	0.19125827  
2021-12-14 21:03:43.046: iteration 9 finished in 5.158205 seconds
2021-12-14 21:03:43.137: epoch 9:	0.06491042  	0.05422216  	0.11372823  	0.18853642  	0.09926337  	0.12876938  	0.04944783  	0.05763208  	0.18326752  	0.19261405  
2021-12-14 21:03:48.297: iteration 10 finished in 5.159202 seconds
2021-12-14 21:03:48.390: epoch 10:	0.06501795  	0.05426248  	0.11490758  	0.18753915  	0.09992177  	0.12899302  	0.05003001  	0.05813003  	0.18377753  	0.19299312  
2021-12-14 21:03:53.544: iteration 11 finished in 5.152221 seconds
2021-12-14 21:03:53.636: epoch 11:	0.06536750  	0.05430280  	0.11590885  	0.18806982  	0.09979757  	0.12868291  	0.04960722  	0.05758343  	0.18281363  	0.19197984  
2021-12-14 21:03:58.796: iteration 12 finished in 5.159882 seconds
2021-12-14 21:03:58.893: epoch 12:	0.06603974  	0.05471961  	0.11680398  	0.18909837  	0.10009350  	0.12902856  	0.04940414  	0.05740868  	0.18298092  	0.19216621  
2021-12-14 21:04:04.029: iteration 13 finished in 5.136846 seconds
2021-12-14 21:04:04.123: epoch 13:	0.06595910  	0.05523050  	0.11759227  	0.19017841  	0.10008431  	0.12945789  	0.04936767  	0.05756182  	0.18206801  	0.19126411  
2021-12-14 21:04:09.270: iteration 14 finished in 5.146609 seconds
2021-12-14 21:04:09.363: epoch 14:	0.06636243  	0.05494817  	0.11703140  	0.18879625  	0.10058989  	0.12950470  	0.04979145  	0.05792625  	0.18393594  	0.19296113  
2021-12-14 21:04:14.510: iteration 15 finished in 5.146521 seconds
2021-12-14 21:04:14.607: epoch 15:	0.06655066  	0.05497506  	0.11728084  	0.18911825  	0.10105663  	0.12990624  	0.04997448  	0.05801363  	0.18587929  	0.19496833  
2021-12-14 21:04:19.778: iteration 16 finished in 5.170332 seconds
2021-12-14 21:04:19.874: epoch 16:	0.06681956  	0.05514984  	0.11780303  	0.18889005  	0.10120032  	0.12994450  	0.04989127  	0.05792443  	0.18614447  	0.19526219  
2021-12-14 21:04:25.066: iteration 17 finished in 5.191521 seconds
2021-12-14 21:04:25.162: epoch 17:	0.06663135  	0.05549940  	0.11751631  	0.18980576  	0.10094375  	0.13024779  	0.04963027  	0.05785091  	0.18596888  	0.19526510  
2021-12-14 21:04:30.323: iteration 18 finished in 5.161198 seconds
2021-12-14 21:04:30.418: epoch 18:	0.06681959  	0.05567419  	0.11691846  	0.19063516  	0.10147566  	0.13114145  	0.05012097  	0.05847327  	0.18830009  	0.19752599  
2021-12-14 21:04:35.599: iteration 19 finished in 5.181144 seconds
2021-12-14 21:04:35.694: epoch 19:	0.06700781  	0.05588930  	0.11699819  	0.19101709  	0.10155314  	0.13128294  	0.05001424  	0.05843748  	0.18897773  	0.19807035  
2021-12-14 21:04:40.869: iteration 20 finished in 5.174163 seconds
2021-12-14 21:04:40.966: epoch 20:	0.06716917  	0.05603721  	0.11764694  	0.19066374  	0.10185675  	0.13137813  	0.05022440  	0.05864655  	0.18920457  	0.19802725  
2021-12-14 21:04:46.137: iteration 21 finished in 5.171170 seconds
2021-12-14 21:04:46.231: epoch 21:	0.06714228  	0.05614475  	0.11777544  	0.19165809  	0.10172769  	0.13154167  	0.05007992  	0.05853999  	0.18900731  	0.19814654  
2021-12-14 21:04:51.394: iteration 22 finished in 5.163192 seconds
2021-12-14 21:04:51.489: epoch 22:	0.06690028  	0.05614474  	0.11718451  	0.19199684  	0.10140272  	0.13154304  	0.04983204  	0.05841089  	0.18897651  	0.19816789  
2021-12-14 21:04:56.640: iteration 23 finished in 5.150227 seconds
2021-12-14 21:04:56.736: epoch 23:	0.06657760  	0.05621196  	0.11710148  	0.19222341  	0.10117646  	0.13151370  	0.04970185  	0.05834776  	0.18852077  	0.19771630  
2021-12-14 21:05:01.914: iteration 24 finished in 5.178152 seconds
2021-12-14 21:05:02.014: epoch 24:	0.06687339  	0.05621198  	0.11732294  	0.19195740  	0.10117210  	0.13124903  	0.04965769  	0.05820960  	0.18777782  	0.19682948  
2021-12-14 21:05:07.176: iteration 25 finished in 5.162194 seconds
2021-12-14 21:05:07.271: epoch 25:	0.06684650  	0.05635986  	0.11690118  	0.19255231  	0.10087133  	0.13129653  	0.04950930  	0.05811288  	0.18685324  	0.19616275  
2021-12-14 21:05:12.432: iteration 26 finished in 5.161463 seconds
2021-12-14 21:05:12.526: epoch 26:	0.06663138  	0.05641365  	0.11602946  	0.19303225  	0.10052448  	0.13136342  	0.04946991  	0.05817366  	0.18591072  	0.19541493  
2021-12-14 21:05:17.646: iteration 27 finished in 5.119880 seconds
2021-12-14 21:05:17.739: epoch 27:	0.06665824  	0.05623887  	0.11602353  	0.19113828  	0.10072636  	0.13106219  	0.04962859  	0.05823935  	0.18645822  	0.19585426  
2021-12-14 21:05:22.925: iteration 28 finished in 5.185464 seconds
2021-12-14 21:05:23.020: epoch 28:	0.06668513  	0.05613131  	0.11624153  	0.19171764  	0.10093659  	0.13123292  	0.04971119  	0.05831983  	0.18730330  	0.19658083  
2021-12-14 21:05:28.164: iteration 29 finished in 5.144242 seconds
2021-12-14 21:05:28.261: epoch 29:	0.06668513  	0.05622542  	0.11534442  	0.19155636  	0.10086512  	0.13142270  	0.04976453  	0.05850438  	0.18772833  	0.19693671  
2021-12-14 21:05:33.429: iteration 30 finished in 5.168178 seconds
2021-12-14 21:05:33.523: epoch 30:	0.06655069  	0.05623885  	0.11462139  	0.19129448  	0.10045218  	0.13117588  	0.04946877  	0.05826237  	0.18742187  	0.19671021  
2021-12-14 21:05:38.700: iteration 31 finished in 5.177155 seconds
2021-12-14 21:05:38.793: epoch 31:	0.06671204  	0.05609097  	0.11522448  	0.19073586  	0.10069320  	0.13097797  	0.04958760  	0.05819577  	0.18745692  	0.19662729  
2021-12-14 21:05:43.968: iteration 32 finished in 5.174162 seconds
2021-12-14 21:05:44.061: epoch 32:	0.06676580  	0.05611787  	0.11510574  	0.19110794  	0.10059509  	0.13097294  	0.04954332  	0.05814311  	0.18698119  	0.19621181  
2021-12-14 21:05:49.251: iteration 33 finished in 5.189123 seconds
2021-12-14 21:05:49.343: epoch 33:	0.06668513  	0.05591621  	0.11497701  	0.18973939  	0.10040630  	0.13045526  	0.04946130  	0.05797465  	0.18617134  	0.19536240  
2021-12-14 21:05:54.518: iteration 34 finished in 5.175160 seconds
2021-12-14 21:05:54.611: epoch 34:	0.06641623  	0.05594309  	0.11454583  	0.18988606  	0.10021333  	0.13052888  	0.04942923  	0.05799642  	0.18636851  	0.19571917  
2021-12-14 21:05:59.789: iteration 35 finished in 5.178152 seconds
2021-12-14 21:05:59.884: epoch 35:	0.06652378  	0.05595655  	0.11523210  	0.18956810  	0.10041441  	0.13045712  	0.04949683  	0.05796916  	0.18648981  	0.19582789  
2021-12-14 21:06:05.157: iteration 36 finished in 5.272898 seconds
2021-12-14 21:06:05.257: epoch 36:	0.06603979  	0.05594312  	0.11458667  	0.18978928  	0.09999271  	0.13044165  	0.04929073  	0.05792127  	0.18622427  	0.19562358  
2021-12-14 21:06:10.459: iteration 37 finished in 5.202440 seconds
2021-12-14 21:06:10.553: epoch 37:	0.06595913  	0.05595657  	0.11441468  	0.18963198  	0.09991971  	0.13039607  	0.04930113  	0.05792505  	0.18603429  	0.19544651  
2021-12-14 21:06:15.724: iteration 38 finished in 5.171484 seconds
2021-12-14 21:06:15.818: epoch 38:	0.06598602  	0.05599691  	0.11473995  	0.18995172  	0.10008781  	0.13053922  	0.04944711  	0.05805150  	0.18610093  	0.19549979  
2021-12-14 21:06:20.949: iteration 39 finished in 5.130894 seconds
2021-12-14 21:06:21.043: epoch 39:	0.06625491  	0.05597001  	0.11489182  	0.19012967  	0.09989192  	0.13021320  	0.04915830  	0.05770289  	0.18527031  	0.19454393  
2021-12-14 21:06:26.241: iteration 40 finished in 5.198143 seconds
2021-12-14 21:06:26.335: epoch 40:	0.06633557  	0.05572800  	0.11497676  	0.18948328  	0.09998152  	0.12996912  	0.04919834  	0.05763729  	0.18527298  	0.19451134  
2021-12-14 21:06:31.524: iteration 41 finished in 5.188126 seconds
2021-12-14 21:06:31.616: epoch 41:	0.06655068  	0.05576833  	0.11522229  	0.18910952  	0.10008323  	0.12985730  	0.04919978  	0.05758866  	0.18509193  	0.19417767  
2021-12-14 21:06:36.790: iteration 42 finished in 5.173165 seconds
2021-12-14 21:06:36.885: epoch 42:	0.06628178  	0.05570110  	0.11470236  	0.18896440  	0.09987839  	0.12981910  	0.04917343  	0.05760385  	0.18509422  	0.19436164  
2021-12-14 21:06:42.057: iteration 43 finished in 5.171171 seconds
2021-12-14 21:06:42.151: epoch 43:	0.06614734  	0.05562044  	0.11437799  	0.18934524  	0.09954742  	0.12964348  	0.04892969  	0.05740242  	0.18471350  	0.19402140  
2021-12-14 21:06:47.316: iteration 44 finished in 5.165187 seconds
2021-12-14 21:06:47.413: epoch 44:	0.06606669  	0.05563389  	0.11420721  	0.18940087  	0.09960431  	0.12981541  	0.04900905  	0.05752292  	0.18506782  	0.19443995  
2021-12-14 21:06:52.585: iteration 45 finished in 5.172168 seconds
2021-12-14 21:06:52.677: epoch 45:	0.06595914  	0.05570111  	0.11397393  	0.19000192  	0.09951072  	0.12997195  	0.04894315  	0.05753012  	0.18529837  	0.19472788  
2021-12-14 21:06:57.855: iteration 46 finished in 5.178152 seconds
2021-12-14 21:06:57.952: epoch 46:	0.06595913  	0.05587589  	0.11416926  	0.19065472  	0.09953658  	0.13018520  	0.04894025  	0.05756756  	0.18532924  	0.19480804  
2021-12-14 21:07:03.118: iteration 47 finished in 5.166184 seconds
2021-12-14 21:07:03.215: epoch 47:	0.06582469  	0.05583556  	0.11356454  	0.19078647  	0.09926282  	0.13010329  	0.04883913  	0.05750148  	0.18503103  	0.19460697  
2021-12-14 21:07:08.390: iteration 48 finished in 5.175160 seconds
2021-12-14 21:07:08.483: epoch 48:	0.06577090  	0.05587590  	0.11356454  	0.19078621  	0.09920623  	0.13007794  	0.04882376  	0.05747737  	0.18470091  	0.19436850  
2021-12-14 21:07:13.617: iteration 49 finished in 5.134542 seconds
2021-12-14 21:07:13.696: epoch 49:	0.06590533  	0.05579523  	0.11375393  	0.19038202  	0.09927610  	0.12991603  	0.04886001  	0.05744471  	0.18442672  	0.19400868  
2021-12-14 21:07:18.852: iteration 50 finished in 5.156722 seconds
2021-12-14 21:07:18.946: epoch 50:	0.06590535  	0.05582210  	0.11397449  	0.19031721  	0.09926253  	0.12984803  	0.04882786  	0.05738359  	0.18412489  	0.19368927  
