2021-12-17 10:33:56.329: Dataset name: u2
The number of users: 23132
The number of items: 23132
The number of ratings: 312310
Average actions of users: 13.50
Average actions of items: 13.50
The sparsity of the dataset: 99.941634%
2021-12-17 10:33:56.329: 

NeuRec hyperparameters:
recommender=WRMF
config_dir=./conf
gpu_id=0
gpu_mem=0.5
data.input.path=D:\hsyoo\Workingon_210628/_Data/eat/random-barrier/u2/
data.input.dataset=u2
data.output.path=D:\hsyoo\Workingon_210628/_Emb/eat/random-barrier/wrmf/u2_wrmf_directed_dim16_uniform_send.emb
data.column.format=UI
data.convert.separator='\t'
user_min=0
item_min=0
splitter=given
ratio=0.8
by_time=False
metric=["Precision", "Recall", "NDCG", "MAP", "MRR"]
topk=[10, 20]
group_view=None
rec.evaluate.neg=0
test_batch_size=128
num_thread=8
data.index.remap=False

WRMF's hyperparameters:
epochs=50
embedding_size=16
reg_mf=0.1
alpha=10
init_method=uniform
stddev=0.01
verbose=1
weight=uniform

2021-12-17 10:57:23.917: metrics:	Precision@10	Precision@20	Recall@10   	Recall@20   	NDCG@10     	NDCG@20     	MAP@10      	MAP@20      	MRR@10      	MRR@20      
2021-12-17 10:58:44.536: iteration 1 finished in 80.619328 seconds
2021-12-17 10:58:44.914: epoch 1:	0.01178256  	0.00976192  	0.01515298  	0.02522931  	0.01515796  	0.01946472  	0.00556081  	0.00604118  	0.03882302  	0.04314841  
2021-12-17 11:00:04.278: iteration 2 finished in 79.363684 seconds
2021-12-17 11:00:04.662: epoch 2:	0.02493310  	0.02022632  	0.03223704  	0.05272959  	0.03288891  	0.04154254  	0.01282809  	0.01395672  	0.08142779  	0.08863108  
2021-12-17 11:01:24.345: iteration 3 finished in 79.682538 seconds
2021-12-17 11:01:24.720: epoch 3:	0.03659415  	0.02903617  	0.04801483  	0.07622910  	0.04961093  	0.06154266  	0.02016232  	0.02193862  	0.12098837  	0.12947094  
2021-12-17 11:02:44.099: iteration 4 finished in 79.378893 seconds
2021-12-17 11:02:44.476: epoch 4:	0.04425018  	0.03440831  	0.05839811  	0.09042309  	0.06047448  	0.07393391  	0.02496321  	0.02707815  	0.14625527  	0.15510218  
2021-12-17 11:04:03.776: iteration 5 finished in 79.299474 seconds
2021-12-17 11:04:04.156: epoch 5:	0.04815756  	0.03726515  	0.06386177  	0.09818963  	0.06656466  	0.08096135  	0.02792538  	0.03019385  	0.16046658  	0.16963187  
2021-12-17 11:05:21.435: iteration 6 finished in 77.279520 seconds
2021-12-17 11:05:21.828: epoch 6:	0.05055080  	0.03852265  	0.06698537  	0.10149802  	0.06988089  	0.08423693  	0.02953643  	0.03180088  	0.16721749  	0.17609701  
2021-12-17 11:06:37.536: iteration 7 finished in 75.708100 seconds
2021-12-17 11:06:37.924: epoch 7:	0.05168637  	0.03937723  	0.06871545  	0.10386731  	0.07173990  	0.08634195  	0.03051114  	0.03280108  	0.17146714  	0.18050575  
2021-12-17 11:07:58.620: iteration 8 finished in 80.695715 seconds
2021-12-17 11:07:59.002: epoch 8:	0.05213818  	0.03985335  	0.06940002  	0.10523124  	0.07260066  	0.08756346  	0.03103491  	0.03340447  	0.17359266  	0.18284987  
2021-12-17 11:09:19.219: iteration 9 finished in 80.216698 seconds
2021-12-17 11:09:19.615: epoch 9:	0.05246788  	0.04003648  	0.06990633  	0.10580739  	0.07332446  	0.08828019  	0.03149918  	0.03386589  	0.17528781  	0.18442070  
2021-12-17 11:10:39.427: iteration 10 finished in 79.812254 seconds
2021-12-17 11:10:39.818: epoch 10:	0.05268765  	0.04031728  	0.07012907  	0.10666202  	0.07374009  	0.08894040  	0.03177349  	0.03417951  	0.17642280  	0.18572210  
2021-12-17 11:11:57.984: iteration 11 finished in 78.166264 seconds
2021-12-17 11:11:58.375: epoch 11:	0.05279751  	0.04045157  	0.07026190  	0.10705440  	0.07390494  	0.08924439  	0.03190099  	0.03431969  	0.17659527  	0.18614040  
2021-12-17 11:13:16.184: iteration 12 finished in 77.809367 seconds
2021-12-17 11:13:16.562: epoch 12:	0.05260215  	0.04051260  	0.06992458  	0.10720162  	0.07365444  	0.08925741  	0.03180836  	0.03429620  	0.17603908  	0.18576945  
2021-12-17 11:14:34.835: iteration 13 finished in 78.272976 seconds
2021-12-17 11:14:35.215: epoch 13:	0.05267542  	0.04051262  	0.06995176  	0.10713401  	0.07372671  	0.08927739  	0.03186076  	0.03434885  	0.17595597  	0.18564562  
2021-12-17 11:15:51.507: iteration 14 finished in 76.291880 seconds
2021-12-17 11:15:51.891: epoch 14:	0.05268763  	0.04053092  	0.06996507  	0.10720159  	0.07368273  	0.08925458  	0.03177766  	0.03431123  	0.17586310  	0.18547934  
2021-12-17 11:17:07.168: iteration 15 finished in 75.276342 seconds
2021-12-17 11:17:07.553: epoch 15:	0.05280975  	0.04057975  	0.07021709  	0.10732105  	0.07368378  	0.08919931  	0.03168483  	0.03421189  	0.17555867  	0.18505427  
2021-12-17 11:18:23.696: iteration 16 finished in 76.143230 seconds
2021-12-17 11:18:24.093: epoch 16:	0.05304174  	0.04066522  	0.07063401  	0.10766011  	0.07383969  	0.08928830  	0.03168942  	0.03419631  	0.17540306  	0.18481576  
2021-12-17 11:19:40.039: iteration 17 finished in 75.945647 seconds
2021-12-17 11:19:40.419: epoch 17:	0.05284636  	0.04070795  	0.07048674  	0.10773873  	0.07370234  	0.08932916  	0.03168367  	0.03422561  	0.17481627  	0.18447693  
2021-12-17 11:20:57.955: iteration 18 finished in 77.536554 seconds
2021-12-17 11:20:58.346: epoch 18:	0.05261436  	0.04065913  	0.07019092  	0.10758270  	0.07354842  	0.08927620  	0.03163946  	0.03422659  	0.17484170  	0.18451506  
2021-12-17 11:22:13.958: iteration 19 finished in 75.612002 seconds
2021-12-17 11:22:14.348: epoch 19:	0.05274868  	0.04076291  	0.07044682  	0.10784043  	0.07359242  	0.08931445  	0.03163395  	0.03422254  	0.17445859  	0.18408018  
2021-12-17 11:23:31.139: iteration 20 finished in 76.790651 seconds
2021-12-17 11:23:31.526: epoch 20:	0.05262657  	0.04072627  	0.07035058  	0.10771695  	0.07358550  	0.08932853  	0.03165165  	0.03424658  	0.17478180  	0.18443844  
2021-12-17 11:24:48.172: iteration 21 finished in 76.645929 seconds
2021-12-17 11:24:48.569: epoch 21:	0.05273647  	0.04080563  	0.07039318  	0.10794990  	0.07349771  	0.08929712  	0.03150101  	0.03412807  	0.17448895  	0.18406764  
2021-12-17 11:26:05.962: iteration 22 finished in 77.393023 seconds
2021-12-17 11:26:06.340: epoch 22:	0.05279752  	0.04103148  	0.07029729  	0.10835110  	0.07363548  	0.08963861  	0.03159316  	0.03423642  	0.17530170  	0.18503377  
2021-12-17 11:27:23.631: iteration 23 finished in 77.290356 seconds
2021-12-17 11:27:24.018: epoch 23:	0.05299290  	0.04106200  	0.07040586  	0.10847921  	0.07377880  	0.08973619  	0.03165630  	0.03428845  	0.17552949  	0.18519886  
2021-12-17 11:28:40.810: iteration 24 finished in 76.790500 seconds
2021-12-17 11:28:41.185: epoch 24:	0.05277311  	0.04121462  	0.07006322  	0.10898189  	0.07360907  	0.08994933  	0.03160178  	0.03431154  	0.17554653  	0.18544631  
2021-12-17 11:29:58.574: iteration 25 finished in 77.389176 seconds
2021-12-17 11:29:58.968: epoch 25:	0.05295627  	0.04112917  	0.07033663  	0.10866190  	0.07379857  	0.08986757  	0.03165395  	0.03431024  	0.17589740  	0.18560421  
2021-12-17 11:31:15.735: iteration 26 finished in 76.767561 seconds
2021-12-17 11:31:16.110: epoch 26:	0.05302953  	0.04112305  	0.07039908  	0.10873421  	0.07369735  	0.08974456  	0.03151544  	0.03416855  	0.17558821  	0.18527952  
2021-12-17 11:32:32.618: iteration 27 finished in 76.508349 seconds
2021-12-17 11:32:32.997: epoch 27:	0.05301733  	0.04112305  	0.07042716  	0.10871691  	0.07368623  	0.08973017  	0.03150439  	0.03416668  	0.17548768  	0.18517940  
2021-12-17 11:33:48.671: iteration 28 finished in 75.673954 seconds
2021-12-17 11:33:49.060: epoch 28:	0.05291963  	0.04111084  	0.07031283  	0.10874958  	0.07354448  	0.08967159  	0.03143538  	0.03412271  	0.17517246  	0.18491821  
2021-12-17 11:35:06.986: iteration 29 finished in 77.925201 seconds
2021-12-17 11:35:07.370: epoch 29:	0.05289522  	0.04112915  	0.07038233  	0.10882762  	0.07362434  	0.08977837  	0.03149780  	0.03419060  	0.17544256  	0.18523619  
2021-12-17 11:36:25.618: iteration 30 finished in 78.247517 seconds
2021-12-17 11:36:26.014: epoch 30:	0.05287081  	0.04122073  	0.07039694  	0.10898440  	0.07363797  	0.08988669  	0.03149661  	0.03421422  	0.17561436  	0.18547009  
2021-12-17 11:37:45.425: iteration 31 finished in 79.410862 seconds
2021-12-17 11:37:45.815: epoch 31:	0.05294407  	0.04131231  	0.07049038  	0.10920332  	0.07365054  	0.08996016  	0.03146063  	0.03420505  	0.17555641  	0.18541338  
2021-12-17 11:39:04.319: iteration 32 finished in 78.503125 seconds
2021-12-17 11:39:04.699: epoch 32:	0.05302953  	0.04126349  	0.07059914  	0.10908093  	0.07375472  	0.08995160  	0.03150723  	0.03423508  	0.17579627  	0.18553942  
2021-12-17 11:40:21.750: iteration 33 finished in 77.050942 seconds
2021-12-17 11:40:22.146: epoch 33:	0.05313944  	0.04137338  	0.07066979  	0.10930264  	0.07384659  	0.09010249  	0.03156538  	0.03430109  	0.17586344  	0.18561886  
2021-12-17 11:41:37.429: iteration 34 finished in 75.283053 seconds
2021-12-17 11:41:37.813: epoch 34:	0.05320050  	0.04143440  	0.07080448  	0.10947450  	0.07391082  	0.09018873  	0.03158021  	0.03432289  	0.17591420  	0.18570586  
2021-12-17 11:42:53.704: iteration 35 finished in 75.891059 seconds
2021-12-17 11:42:54.103: epoch 35:	0.05318828  	0.04148935  	0.07076310  	0.10963023  	0.07386416  	0.09023044  	0.03155243  	0.03431445  	0.17570655  	0.18557027  
2021-12-17 11:44:11.030: iteration 36 finished in 76.927017 seconds
2021-12-17 11:44:11.429: epoch 36:	0.05316386  	0.04137947  	0.07069744  	0.10932890  	0.07385682  	0.09011289  	0.03154402  	0.03428976  	0.17585121  	0.18561763  
2021-12-17 11:45:27.756: iteration 37 finished in 76.326970 seconds
2021-12-17 11:45:28.142: epoch 37:	0.05326154  	0.04132453  	0.07089610  	0.10912699  	0.07396640  	0.09004149  	0.03159141  	0.03426239  	0.17599343  	0.18579946  
2021-12-17 11:46:44.465: iteration 38 finished in 76.322702 seconds
2021-12-17 11:46:44.858: epoch 38:	0.05324933  	0.04130622  	0.07093305  	0.10894800  	0.07401691  	0.09002731  	0.03162914  	0.03429263  	0.17597112  	0.18573879  
2021-12-17 11:48:00.804: iteration 39 finished in 75.945647 seconds
2021-12-17 11:48:01.197: epoch 39:	0.05342028  	0.04131844  	0.07112225  	0.10902625  	0.07408316  	0.09000802  	0.03161912  	0.03425828  	0.17585236  	0.18556297  
2021-12-17 11:49:17.928: iteration 40 finished in 76.730382 seconds
2021-12-17 11:49:18.310: epoch 40:	0.05338365  	0.04132453  	0.07106592  	0.10916777  	0.07407772  	0.09006856  	0.03163570  	0.03428495  	0.17589487  	0.18567634  
2021-12-17 11:50:34.800: iteration 41 finished in 76.490507 seconds
2021-12-17 11:50:35.182: epoch 41:	0.05355461  	0.04137336  	0.07132832  	0.10915606  	0.07421209  	0.09009643  	0.03167899  	0.03430354  	0.17598288  	0.18561140  
2021-12-17 11:51:51.932: iteration 42 finished in 76.750211 seconds
2021-12-17 11:51:52.318: epoch 42:	0.05359123  	0.04136728  	0.07138948  	0.10915845  	0.07426634  	0.09011483  	0.03169515  	0.03431522  	0.17611624  	0.18570553  
2021-12-17 11:53:09.058: iteration 43 finished in 76.739933 seconds
2021-12-17 11:53:09.442: epoch 43:	0.05348133  	0.04138559  	0.07120513  	0.10910080  	0.07428231  	0.09021198  	0.03175602  	0.03438335  	0.17650817  	0.18620345  
2021-12-17 11:54:26.836: iteration 44 finished in 77.393929 seconds
2021-12-17 11:54:27.225: epoch 44:	0.05354238  	0.04133065  	0.07125352  	0.10901135  	0.07435591  	0.09019949  	0.03179140  	0.03440261  	0.17672592  	0.18634515  
2021-12-17 11:55:44.437: iteration 45 finished in 77.211946 seconds
2021-12-17 11:55:44.832: epoch 45:	0.05346911  	0.04131843  	0.07116828  	0.10899808  	0.07422581  	0.09011859  	0.03169585  	0.03431827  	0.17646913  	0.18614383  
2021-12-17 11:57:01.478: iteration 46 finished in 76.645597 seconds
2021-12-17 11:57:01.869: epoch 46:	0.05356680  	0.04136117  	0.07127740  	0.10901159  	0.07425882  	0.09011357  	0.03167569  	0.03429546  	0.17638615  	0.18597750  
2021-12-17 11:58:17.281: iteration 47 finished in 75.411122 seconds
2021-12-17 11:58:17.679: epoch 47:	0.05366448  	0.04139780  	0.07144619  	0.10913020  	0.07438551  	0.09020300  	0.03174894  	0.03435669  	0.17650186  	0.18601799  
2021-12-17 11:59:34.331: iteration 48 finished in 76.652774 seconds
2021-12-17 11:59:34.711: epoch 48:	0.05376217  	0.04144053  	0.07155845  	0.10921203  	0.07441200  	0.09020464  	0.03173205  	0.03433704  	0.17635444  	0.18580477  
2021-12-17 12:00:50.658: iteration 49 finished in 75.946329 seconds
2021-12-17 12:00:51.033: epoch 49:	0.05381100  	0.04150158  	0.07168040  	0.10940244  	0.07450108  	0.09032295  	0.03177696  	0.03438223  	0.17652914  	0.18599109  
2021-12-17 12:02:07.562: iteration 50 finished in 76.529822 seconds
2021-12-17 12:02:07.958: epoch 50:	0.05376216  	0.04158095  	0.07159052  	0.10950670  	0.07446046  	0.09039544  	0.03176898  	0.03439933  	0.17650440  	0.18603915  
