2021-12-17 01:50:09.156: Dataset name: u2
The number of users: 22498
The number of items: 22498
The number of ratings: 311430
Average actions of users: 13.84
Average actions of items: 13.84
The sparsity of the dataset: 99.938472%
2021-12-17 01:50:09.157: 

NeuRec hyperparameters:
recommender=WRMF
config_dir=./conf
gpu_id=0
gpu_mem=0.5
data.input.path=D:\hsyoo\Workingon_210628/_Data/eat/noniid-out-barrier/u2/
data.input.dataset=u2
data.output.path=D:\hsyoo\Workingon_210628/_Emb/eat/noniid-out-barrier/wrmf/u2_wrmf_directed_dim16_uniform_send.emb
data.column.format=UI
data.convert.separator='\t'
user_min=0
item_min=0
splitter=given
ratio=0.8
by_time=False
metric=["Precision", "Recall", "NDCG", "MAP", "MRR"]
topk=[10, 20]
group_view=None
rec.evaluate.neg=0
test_batch_size=128
num_thread=8
data.index.remap=False

WRMF's hyperparameters:
epochs=50
embedding_size=16
reg_mf=0.1
alpha=10
init_method=uniform
stddev=0.01
verbose=1
weight=uniform

2021-12-17 02:12:00.070: metrics:	Precision@10	Precision@20	Recall@10   	Recall@20   	NDCG@10     	NDCG@20     	MAP@10      	MAP@20      	MRR@10      	MRR@20      
2021-12-17 02:13:13.057: iteration 1 finished in 72.987152 seconds
2021-12-17 02:13:13.436: epoch 1:	0.01195020  	0.01001344  	0.01623945  	0.02710489  	0.01533177  	0.02036305  	0.00558729  	0.00631072  	0.03761521  	0.04225992  
2021-12-17 02:14:25.928: iteration 2 finished in 72.491885 seconds
2021-12-17 02:14:26.297: epoch 2:	0.02537487  	0.02134905  	0.03416332  	0.05717834  	0.03381705  	0.04454086  	0.01312211  	0.01491730  	0.08351136  	0.09174972  
2021-12-17 02:15:39.489: iteration 3 finished in 73.192000 seconds
2021-12-17 02:15:39.857: epoch 3:	0.03765460  	0.03043086  	0.05058146  	0.08132878  	0.05138766  	0.06566200  	0.02076775  	0.02342511  	0.12682296  	0.13597359  
2021-12-17 02:16:52.466: iteration 4 finished in 72.607281 seconds
2021-12-17 02:16:52.849: epoch 4:	0.04456197  	0.03535789  	0.05950537  	0.09452063  	0.06113020  	0.07725017  	0.02519197  	0.02834435  	0.14963816  	0.15907340  
2021-12-17 02:18:06.093: iteration 5 finished in 73.242681 seconds
2021-12-17 02:18:06.469: epoch 5:	0.04805830  	0.03787927  	0.06434823  	0.10118500  	0.06603218  	0.08300302  	0.02742087  	0.03073741  	0.16026963  	0.17005536  
2021-12-17 02:19:18.884: iteration 6 finished in 72.415714 seconds
2021-12-17 02:19:19.244: epoch 6:	0.04991001  	0.03865272  	0.06668008  	0.10310691  	0.06890904  	0.08568601  	0.02884449  	0.03211212  	0.16710420  	0.17688662  
2021-12-17 02:20:31.917: iteration 7 finished in 72.673015 seconds
2021-12-17 02:20:32.300: epoch 7:	0.05105513  	0.03908513  	0.06842272  	0.10423639  	0.07058349  	0.08704329  	0.02956507  	0.03275193  	0.17087023  	0.18045655  
2021-12-17 02:21:44.655: iteration 8 finished in 72.354859 seconds
2021-12-17 02:21:45.020: epoch 8:	0.05173735  	0.03968199  	0.06933347  	0.10587835  	0.07178132  	0.08857121  	0.03012989  	0.03345207  	0.17423727  	0.18364927  
2021-12-17 02:22:57.730: iteration 9 finished in 72.709879 seconds
2021-12-17 02:22:58.100: epoch 9:	0.05232211  	0.04037629  	0.07024131  	0.10758957  	0.07263508  	0.08983033  	0.03045297  	0.03388624  	0.17653424  	0.18596575  
2021-12-17 02:24:09.724: iteration 10 finished in 71.624357 seconds
2021-12-17 02:24:10.107: epoch 10:	0.05262664  	0.04059550  	0.07053088  	0.10821859  	0.07301801  	0.09034339  	0.03068721  	0.03410877  	0.17720437  	0.18704025  
2021-12-17 02:25:22.842: iteration 11 finished in 72.734730 seconds
2021-12-17 02:25:23.203: epoch 11:	0.05306518  	0.04066856  	0.07104480  	0.10840657  	0.07342739  	0.09055739  	0.03079067  	0.03416613  	0.17800498  	0.18770456  
2021-12-17 02:26:35.401: iteration 12 finished in 72.198799 seconds
2021-12-17 02:26:35.774: epoch 12:	0.05278500  	0.04082694  	0.07054331  	0.10891177  	0.07320382  	0.09078603  	0.03074981  	0.03422103  	0.17781025  	0.18779819  
2021-12-17 02:27:48.417: iteration 13 finished in 72.642215 seconds
2021-12-17 02:27:48.797: epoch 13:	0.05295555  	0.04087567  	0.07078989  	0.10897500  	0.07350753  	0.09102684  	0.03088651  	0.03435668  	0.17865328  	0.18861666  
2021-12-17 02:29:00.807: iteration 14 finished in 72.010634 seconds
2021-12-17 02:29:01.179: epoch 14:	0.05282154  	0.04094267  	0.07074723  	0.10899911  	0.07360692  	0.09124427  	0.03099609  	0.03447651  	0.17934868  	0.18945213  
2021-12-17 02:30:13.631: iteration 15 finished in 72.451139 seconds
2021-12-17 02:30:14.001: epoch 15:	0.05304083  	0.04103401  	0.07084786  	0.10913835  	0.07360382  	0.09120911  	0.03092679  	0.03440385  	0.17892003  	0.18894869  
2021-12-17 02:31:25.912: iteration 16 finished in 71.909851 seconds
2021-12-17 02:31:26.288: epoch 16:	0.05310173  	0.04103400  	0.07095073  	0.10925845  	0.07380579  	0.09139849  	0.03105909  	0.03454769  	0.17954880  	0.18946739  
2021-12-17 02:32:38.953: iteration 17 finished in 72.664672 seconds
2021-12-17 02:32:39.329: epoch 17:	0.05318701  	0.04109492  	0.07100131  	0.10946631  	0.07395214  	0.09158678  	0.03115612  	0.03463789  	0.18007471  	0.18999957  
2021-12-17 02:33:51.288: iteration 18 finished in 71.959087 seconds
2021-12-17 02:33:51.675: epoch 18:	0.05299209  	0.04113146  	0.07077779  	0.10962193  	0.07387117  	0.09169292  	0.03117308  	0.03468408  	0.18013318  	0.19022445  
2021-12-17 02:35:04.243: iteration 19 finished in 72.567222 seconds
2021-12-17 02:35:04.619: epoch 19:	0.05307737  	0.04114363  	0.07086687  	0.10967254  	0.07390986  	0.09168258  	0.03115654  	0.03467030  	0.18013470  	0.19013228  
2021-12-17 02:36:16.742: iteration 20 finished in 72.122316 seconds
2021-12-17 02:36:17.102: epoch 20:	0.05308955  	0.04100965  	0.07079811  	0.10923824  	0.07399603  	0.09161235  	0.03122771  	0.03472114  	0.18058622  	0.19050051  
2021-12-17 02:37:29.553: iteration 21 finished in 72.451210 seconds
2021-12-17 02:37:29.927: epoch 21:	0.05318700  	0.04093657  	0.07090984  	0.10914790  	0.07402746  	0.09152809  	0.03121949  	0.03467825  	0.18050908  	0.19040973  
2021-12-17 02:38:42.000: iteration 22 finished in 72.073475 seconds
2021-12-17 02:38:42.380: epoch 22:	0.05324792  	0.04093657  	0.07096051  	0.10909204  	0.07418948  	0.09163316  	0.03130948  	0.03476857  	0.18113595  	0.19093738  
2021-12-17 02:39:54.919: iteration 23 finished in 72.538186 seconds
2021-12-17 02:39:55.299: epoch 23:	0.05332102  	0.04090612  	0.07113218  	0.10899974  	0.07426120  	0.09160177  	0.03134704  	0.03478251  	0.18099342  	0.19076130  
2021-12-17 02:41:07.407: iteration 24 finished in 72.108281 seconds
2021-12-17 02:41:07.797: epoch 24:	0.05317484  	0.04088178  	0.07103618  	0.10899268  	0.07422639  	0.09162905  	0.03137131  	0.03481669  	0.18104143  	0.19087668  
2021-12-17 02:42:20.058: iteration 25 finished in 72.261145 seconds
2021-12-17 02:42:20.427: epoch 25:	0.05316266  	0.04088787  	0.07103148  	0.10909546  	0.07420110  	0.09163474  	0.03136547  	0.03480424  	0.18093383  	0.19080694  
2021-12-17 02:43:32.378: iteration 26 finished in 71.950131 seconds
2021-12-17 02:43:32.741: epoch 26:	0.05319921  	0.04095487  	0.07103575  	0.10923169  	0.07429402  	0.09178581  	0.03142301  	0.03487189  	0.18131590  	0.19119248  
2021-12-17 02:44:45.367: iteration 27 finished in 72.626759 seconds
2021-12-17 02:44:45.744: epoch 27:	0.05313829  	0.04091835  	0.07095943  	0.10916328  	0.07424164  	0.09174817  	0.03139022  	0.03485661  	0.18131611  	0.19119214  
2021-12-17 02:45:57.887: iteration 28 finished in 72.142506 seconds
2021-12-17 02:45:58.263: epoch 28:	0.05306520  	0.04097926  	0.07091641  	0.10931603  	0.07420472  	0.09181402  	0.03141164  	0.03488588  	0.18103845  	0.19100559  
2021-12-17 02:47:10.647: iteration 29 finished in 72.384484 seconds
2021-12-17 02:47:11.007: epoch 29:	0.05300429  	0.04093664  	0.07088904  	0.10917197  	0.07420516  	0.09178615  	0.03142890  	0.03490932  	0.18112271  	0.19100326  
2021-12-17 02:48:22.779: iteration 30 finished in 71.772035 seconds
2021-12-17 02:48:23.149: epoch 30:	0.05301648  	0.04090008  	0.07086426  	0.10918930  	0.07414053  	0.09170868  	0.03138332  	0.03486274  	0.18086036  	0.19071686  
2021-12-17 02:49:35.478: iteration 31 finished in 72.328288 seconds
2021-12-17 02:49:35.851: epoch 31:	0.05304084  	0.04090616  	0.07092672  	0.10916460  	0.07413957  	0.09168895  	0.03137618  	0.03486238  	0.18067069  	0.19051655  
2021-12-17 02:50:47.868: iteration 32 finished in 72.017132 seconds
2021-12-17 02:50:48.254: epoch 32:	0.05315048  	0.04093053  	0.07104140  	0.10921030  	0.07422451  	0.09172282  	0.03139098  	0.03486504  	0.18086049  	0.19063063  
2021-12-17 02:52:00.485: iteration 33 finished in 72.230502 seconds
2021-12-17 02:52:00.863: epoch 33:	0.05307737  	0.04090617  	0.07095537  	0.10914887  	0.07422012  	0.09174429  	0.03143726  	0.03490962  	0.18089367  	0.19073199  
2021-12-17 02:53:12.765: iteration 34 finished in 71.902113 seconds
2021-12-17 02:53:13.140: epoch 34:	0.05295555  	0.04096707  	0.07077546  	0.10933262  	0.07411208  	0.09181307  	0.03143140  	0.03492379  	0.18057615  	0.19061582  
2021-12-17 02:54:25.450: iteration 35 finished in 72.310506 seconds
2021-12-17 02:54:25.832: epoch 35:	0.05295556  	0.04100971  	0.07074144  	0.10943346  	0.07415145  	0.09191269  	0.03146831  	0.03497044  	0.18077335  	0.19084065  
2021-12-17 02:55:37.824: iteration 36 finished in 71.992340 seconds
2021-12-17 02:55:38.196: epoch 36:	0.05297993  	0.04097316  	0.07084847  	0.10932928  	0.07418656  	0.09186773  	0.03147062  	0.03495404  	0.18075222  	0.19077732  
2021-12-17 02:56:50.991: iteration 37 finished in 72.795286 seconds
2021-12-17 02:56:51.370: epoch 37:	0.05288247  	0.04098534  	0.07074815  	0.10933287  	0.07404469  	0.09179733  	0.03139205  	0.03489513  	0.18040483  	0.19046879  
2021-12-17 02:58:03.022: iteration 38 finished in 71.652020 seconds
2021-12-17 02:58:03.395: epoch 38:	0.05285811  	0.04097924  	0.07064206  	0.10931607  	0.07403736  	0.09182497  	0.03141153  	0.03491732  	0.18048395  	0.19062336  
2021-12-17 02:59:15.793: iteration 39 finished in 72.398325 seconds
2021-12-17 02:59:16.168: epoch 39:	0.05277284  	0.04100361  	0.07056165  	0.10936180  	0.07398993  	0.09185755  	0.03140325  	0.03492682  	0.18046893  	0.19065180  
2021-12-17 03:00:28.272: iteration 40 finished in 72.104149 seconds
2021-12-17 03:00:28.647: epoch 40:	0.05268757  	0.04102797  	0.07042664  	0.10942353  	0.07388606  	0.09185433  	0.03136273  	0.03491874  	0.18028337  	0.19050288  
2021-12-17 03:01:40.364: iteration 41 finished in 71.716769 seconds
2021-12-17 03:01:40.747: epoch 41:	0.05260229  	0.04101580  	0.07027838  	0.10938925  	0.07384557  	0.09186919  	0.03137312  	0.03494034  	0.18035685  	0.19063485  
2021-12-17 03:02:52.515: iteration 42 finished in 71.768396 seconds
2021-12-17 03:02:52.892: epoch 42:	0.05267538  	0.04100971  	0.07040319  	0.10934339  	0.07392169  	0.09186517  	0.03140194  	0.03495125  	0.18041933  	0.19061416  
2021-12-17 03:04:05.331: iteration 43 finished in 72.439170 seconds
2021-12-17 03:04:05.712: epoch 43:	0.05277285  	0.04099751  	0.07058054  	0.10932200  	0.07406572  	0.09191290  	0.03145954  	0.03498753  	0.18077378  	0.19089769  
2021-12-17 03:05:17.333: iteration 44 finished in 71.620506 seconds
2021-12-17 03:05:17.694: epoch 44:	0.05290684  	0.04104016  	0.07069579  	0.10945117  	0.07422675  	0.09204986  	0.03153304  	0.03506156  	0.18119963  	0.19123359  
2021-12-17 03:06:30.161: iteration 45 finished in 72.466514 seconds
2021-12-17 03:06:30.535: epoch 45:	0.05290684  	0.04104016  	0.07070936  	0.10936010  	0.07423928  	0.09203266  	0.03153718  	0.03506182  	0.18127652  	0.19127788  
2021-12-17 03:07:42.637: iteration 46 finished in 72.102355 seconds
2021-12-17 03:07:43.012: epoch 46:	0.05282157  	0.04102798  	0.07061098  	0.10934615  	0.07421590  	0.09206027  	0.03154641  	0.03508865  	0.18138933  	0.19142371  
2021-12-17 03:08:54.819: iteration 47 finished in 71.806514 seconds
2021-12-17 03:08:55.178: epoch 47:	0.05283376  	0.04103407  	0.07072660  	0.10939562  	0.07424006  	0.09206014  	0.03154312  	0.03507093  	0.18132351  	0.19138537  
2021-12-17 03:10:06.998: iteration 48 finished in 71.820015 seconds
2021-12-17 03:10:07.357: epoch 48:	0.05289467  	0.04101579  	0.07081232  	0.10938130  	0.07424580  	0.09201015  	0.03153074  	0.03504047  	0.18115439  	0.19120526  
2021-12-17 03:11:19.557: iteration 49 finished in 72.199915 seconds
2021-12-17 03:11:19.932: epoch 49:	0.05295558  	0.04105842  	0.07088745  	0.10949516  	0.07428423  	0.09206056  	0.03154358  	0.03505195  	0.18111525  	0.19118369  
2021-12-17 03:12:32.024: iteration 50 finished in 72.090767 seconds
2021-12-17 03:12:32.391: epoch 50:	0.05294340  	0.04105233  	0.07089721  	0.10945064  	0.07431825  	0.09208222  	0.03157545  	0.03507848  	0.18121602  	0.19131310  
