2021-12-14 22:54:54.135: Dataset name: u2
The number of users: 6113
The number of items: 6113
The number of ratings: 50528
Average actions of users: 8.27
Average actions of items: 8.27
The sparsity of the dataset: 99.864785%
2021-12-14 22:54:54.135: 

NeuRec hyperparameters:
recommender=WRMF
config_dir=./conf
gpu_id=0
gpu_mem=0.5
data.input.path=D:\hsyoo\Workingon_210628/_Data/jung/noniid-out-barrier/u2/
data.input.dataset=u2
data.output.path=D:\hsyoo\Workingon_210628/_Emb/jung/noniid-out-barrier/wrmf/u2_wrmf_directed_dim16_uniform_send.emb
data.column.format=UI
data.convert.separator='\t'
user_min=0
item_min=0
splitter=given
ratio=0.8
by_time=False
metric=["Precision", "Recall", "NDCG", "MAP", "MRR"]
topk=[10, 20]
group_view=None
rec.evaluate.neg=0
test_batch_size=128
num_thread=8
data.index.remap=False

WRMF's hyperparameters:
epochs=50
embedding_size=16
reg_mf=0.1
alpha=10
init_method=uniform
stddev=0.01
verbose=1
weight=uniform

2021-12-14 22:56:28.461: metrics:	Precision@10	Precision@20	Recall@10   	Recall@20   	NDCG@10     	NDCG@20     	MAP@10      	MAP@20      	MRR@10      	MRR@20      
2021-12-14 22:56:34.247: iteration 1 finished in 5.785805 seconds
2021-12-14 22:56:34.397: epoch 1:	0.08665707  	0.05010800  	0.45659733  	0.52339470  	0.36842486  	0.38895926  	0.29888049  	0.30586976  	0.40940833  	0.41406161  
2021-12-14 22:56:38.699: iteration 2 finished in 4.302493 seconds
2021-12-14 22:56:38.805: epoch 2:	0.12645751  	0.06940556  	0.65303838  	0.71557587  	0.59405369  	0.61309904  	0.51731598  	0.52447927  	0.68789953  	0.69094151  
2021-12-14 22:56:43.103: iteration 3 finished in 4.296510 seconds
2021-12-14 22:56:43.209: epoch 3:	0.11705595  	0.06410260  	0.61059761  	0.66592222  	0.56397492  	0.58089000  	0.48787653  	0.49416414  	0.67471963  	0.67743421  
2021-12-14 22:56:47.513: iteration 4 finished in 4.302494 seconds
2021-12-14 22:56:47.618: epoch 4:	0.11373430  	0.06311190  	0.59053153  	0.65368617  	0.53509486  	0.55433077  	0.45742130  	0.46449190  	0.63997763  	0.64331484  
2021-12-14 22:56:51.930: iteration 5 finished in 4.310473 seconds
2021-12-14 22:56:52.036: epoch 5:	0.10942216  	0.06213098  	0.56513011  	0.63929021  	0.50284833  	0.52555072  	0.42283937  	0.43121609  	0.60417211  	0.60817063  
2021-12-14 22:56:56.354: iteration 6 finished in 4.318450 seconds
2021-12-14 22:56:56.461: epoch 6:	0.10623688  	0.06515154  	0.54737407  	0.66282064  	0.44921675  	0.48513359  	0.36345708  	0.37745982  	0.51484406  	0.51953882  
2021-12-14 22:57:00.891: iteration 7 finished in 4.430085 seconds
2021-12-14 22:57:01.001: epoch 7:	0.11004382  	0.06451058  	0.55938637  	0.65571433  	0.42411044  	0.45371217  	0.33425391  	0.34514123  	0.45092893  	0.45665243  
2021-12-14 22:57:05.511: iteration 8 finished in 4.509409 seconds
2021-12-14 22:57:05.614: epoch 8:	0.10606198  	0.06401525  	0.54164809  	0.65155572  	0.39988413  	0.43364763  	0.31085941  	0.32321584  	0.41798568  	0.42407838  
2021-12-14 22:57:09.963: iteration 9 finished in 4.349077 seconds
2021-12-14 22:57:10.072: epoch 9:	0.10320698  	0.06381131  	0.52865601  	0.64998865  	0.38291317  	0.42033836  	0.29532981  	0.30835471  	0.39507881  	0.40325087  
2021-12-14 22:57:14.392: iteration 10 finished in 4.320082 seconds
2021-12-14 22:57:14.496: epoch 10:	0.10355657  	0.06263606  	0.53039443  	0.63941187  	0.38151008  	0.41501749  	0.29327160  	0.30492672  	0.39111474  	0.39868140  
2021-12-14 22:57:18.816: iteration 11 finished in 4.318451 seconds
2021-12-14 22:57:18.920: epoch 11:	0.10314868  	0.06248063  	0.52764255  	0.63763767  	0.37804195  	0.41158485  	0.29030323  	0.30178869  	0.38689953  	0.39433336  
2021-12-14 22:57:23.235: iteration 12 finished in 4.315459 seconds
2021-12-14 22:57:23.339: epoch 12:	0.10268259  	0.06234465  	0.52514964  	0.63612574  	0.37827566  	0.41192564  	0.29058635  	0.30205631  	0.39060292  	0.39782867  
2021-12-14 22:57:27.644: iteration 13 finished in 4.304488 seconds
2021-12-14 22:57:27.750: epoch 13:	0.09833188  	0.06202417  	0.50489640  	0.63226819  	0.37095970  	0.41030028  	0.28632987  	0.30064335  	0.39141944  	0.39890614  
2021-12-14 22:57:32.072: iteration 14 finished in 4.322441 seconds
2021-12-14 22:57:32.177: epoch 14:	0.09823475  	0.06185908  	0.50440735  	0.63079345  	0.37161556  	0.41040021  	0.28692284  	0.30076954  	0.39425787  	0.40175465  
2021-12-14 22:57:36.499: iteration 15 finished in 4.320446 seconds
2021-12-14 22:57:36.604: epoch 15:	0.09794339  	0.06073252  	0.50327098  	0.62078303  	0.37032425  	0.40611815  	0.28545636  	0.29843795  	0.39327979  	0.39959931  
2021-12-14 22:57:40.917: iteration 16 finished in 4.311469 seconds
2021-12-14 22:57:41.022: epoch 16:	0.09788509  	0.06038291  	0.50246155  	0.61752445  	0.36992404  	0.40462521  	0.28453332  	0.29678491  	0.39440653  	0.40064102  
2021-12-14 22:57:45.358: iteration 17 finished in 4.335405 seconds
2021-12-14 22:57:45.465: epoch 17:	0.09739945  	0.06024693  	0.50005937  	0.61563045  	0.36763912  	0.40253502  	0.28237700  	0.29474568  	0.39262843  	0.39880252  
2021-12-14 22:57:49.784: iteration 18 finished in 4.319449 seconds
2021-12-14 22:57:49.888: epoch 18:	0.09718578  	0.05830451  	0.49834353  	0.59806073  	0.36753631  	0.39782140  	0.28286853  	0.29358804  	0.39268750  	0.39883146  
2021-12-14 22:57:54.195: iteration 19 finished in 4.307481 seconds
2021-12-14 22:57:54.301: epoch 19:	0.09720522  	0.05828509  	0.49797124  	0.59816438  	0.36742529  	0.39774472  	0.28287318  	0.29354784  	0.39240101  	0.39858642  
2021-12-14 22:57:58.617: iteration 20 finished in 4.316456 seconds
2021-12-14 22:57:58.725: epoch 20:	0.09730234  	0.05812970  	0.49864465  	0.59684354  	0.36708835  	0.39678085  	0.28230736  	0.29276198  	0.39196694  	0.39805558  
2021-12-14 22:58:03.041: iteration 21 finished in 4.315459 seconds
2021-12-14 22:58:03.145: epoch 21:	0.09720520  	0.05804229  	0.49815902  	0.59524733  	0.36453381  	0.39395609  	0.27929601  	0.28964087  	0.38872683  	0.39476198  
2021-12-14 22:58:07.440: iteration 22 finished in 4.294515 seconds
2021-12-14 22:58:07.547: epoch 22:	0.09699151  	0.05803256  	0.49713281  	0.59538656  	0.36391932  	0.39368138  	0.27891308  	0.28933778  	0.38825893  	0.39444369  
2021-12-14 22:58:11.851: iteration 23 finished in 4.304420 seconds
2021-12-14 22:58:11.953: epoch 23:	0.09673896  	0.05796458  	0.49527767  	0.59444124  	0.35953391  	0.38957414  	0.27456331  	0.28507644  	0.38104841  	0.38733989  
2021-12-14 22:58:16.251: iteration 24 finished in 4.298408 seconds
2021-12-14 22:58:16.360: epoch 24:	0.09664185  	0.05788689  	0.49514821  	0.59370309  	0.35931781  	0.38919941  	0.27437538  	0.28483507  	0.38080707  	0.38705173  
2021-12-14 22:58:20.661: iteration 25 finished in 4.301034 seconds
2021-12-14 22:58:20.771: epoch 25:	0.09664183  	0.05777035  	0.49506074  	0.59290981  	0.35932517  	0.38895041  	0.27433476  	0.28469762  	0.38101292  	0.38725838  
2021-12-14 22:58:25.106: iteration 26 finished in 4.335658 seconds
2021-12-14 22:58:25.208: epoch 26:	0.09675838  	0.05770235  	0.49534568  	0.59227854  	0.35958624  	0.38890865  	0.27461925  	0.28484669  	0.38113061  	0.38737532  
2021-12-14 22:58:29.535: iteration 27 finished in 4.325433 seconds
2021-12-14 22:58:29.641: epoch 27:	0.09668068  	0.05788688  	0.49455896  	0.59356701  	0.35859239  	0.38852516  	0.27332148  	0.28379837  	0.38071927  	0.38705945  
2021-12-14 22:58:33.980: iteration 28 finished in 4.338398 seconds
2021-12-14 22:58:34.088: epoch 28:	0.09646700  	0.05782861  	0.49344197  	0.59269619  	0.35857114  	0.38861540  	0.27356184  	0.28409070  	0.38108048  	0.38746405  
2021-12-14 22:58:38.410: iteration 29 finished in 4.321443 seconds
2021-12-14 22:58:38.513: epoch 29:	0.09656413  	0.05794514  	0.49420279  	0.59386164  	0.35707465  	0.38720375  	0.27175650  	0.28230277  	0.37753427  	0.38385490  
2021-12-14 22:58:42.838: iteration 30 finished in 4.325432 seconds
2021-12-14 22:58:42.940: epoch 30:	0.09646700  	0.05794514  	0.49372691  	0.59379691  	0.35570583  	0.38598657  	0.27022395  	0.28080076  	0.37518963  	0.38159078  
2021-12-14 22:58:47.253: iteration 31 finished in 4.313464 seconds
2021-12-14 22:58:47.356: epoch 31:	0.09664184  	0.05796456  	0.49460107  	0.59394258  	0.35584709  	0.38586965  	0.27020004  	0.28066540  	0.37477401  	0.38108715  
2021-12-14 22:58:51.701: iteration 32 finished in 4.345379 seconds
2021-12-14 22:58:51.806: epoch 32:	0.09656413  	0.05795486  	0.49377546  	0.59371597  	0.35540310  	0.38562211  	0.26995152  	0.28047413  	0.37416077  	0.38061890  
2021-12-14 22:58:56.131: iteration 33 finished in 4.324435 seconds
2021-12-14 22:58:56.235: epoch 33:	0.09652527  	0.05789659  	0.49367189  	0.59299070  	0.35412681  	0.38419884  	0.26859596  	0.27908888  	0.37199983  	0.37846005  
2021-12-14 22:59:00.568: iteration 34 finished in 4.332413 seconds
2021-12-14 22:59:00.672: epoch 34:	0.09644757  	0.05787716  	0.49327362  	0.59330463  	0.35425854  	0.38444132  	0.26885721  	0.27934852  	0.37219980  	0.37865329  
2021-12-14 22:59:04.991: iteration 35 finished in 4.318451 seconds
2021-12-14 22:59:05.094: epoch 35:	0.09640872  	0.05778974  	0.49311170  	0.59265709  	0.35413080  	0.38415262  	0.26876277  	0.27918673  	0.37209100  	0.37856331  
2021-12-14 22:59:09.389: iteration 36 finished in 4.294515 seconds
2021-12-14 22:59:09.495: epoch 36:	0.09644756  	0.05777033  	0.49383369  	0.59246290  	0.35424653  	0.38401580  	0.26878792  	0.27913666  	0.37215972  	0.37852535  
2021-12-14 22:59:14.014: iteration 37 finished in 4.519640 seconds
2021-12-14 22:59:14.124: epoch 37:	0.09638929  	0.05775090  	0.49325091  	0.59207439  	0.35415575  	0.38398823  	0.26882192  	0.27920884  	0.37224054  	0.37859794  
2021-12-14 22:59:18.412: iteration 38 finished in 4.287931 seconds
2021-12-14 22:59:18.505: epoch 38:	0.09635044  	0.05771206  	0.49308905  	0.59147549  	0.35407636  	0.38380036  	0.26878217  	0.27911028  	0.37229356  	0.37866709  
2021-12-14 22:59:22.814: iteration 39 finished in 4.308880 seconds
2021-12-14 22:59:22.921: epoch 39:	0.09638929  	0.05768292  	0.49330595  	0.59114528  	0.35418579  	0.38375139  	0.26884055  	0.27913120  	0.37240672  	0.37872112  
2021-12-14 22:59:27.223: iteration 40 finished in 4.301497 seconds
2021-12-14 22:59:27.324: epoch 40:	0.09638929  	0.05759551  	0.49304047  	0.59017390  	0.35419425  	0.38356048  	0.26892769  	0.27915084  	0.37249714  	0.37881809  
2021-12-14 22:59:31.636: iteration 41 finished in 4.311470 seconds
2021-12-14 22:59:31.740: epoch 41:	0.09631158  	0.05764407  	0.49252245  	0.59041673  	0.35414717  	0.38376084  	0.26898780  	0.27933621  	0.37266687  	0.37899175  
2021-12-14 22:59:36.054: iteration 42 finished in 4.313465 seconds
2021-12-14 22:59:36.158: epoch 42:	0.09378617  	0.05760523  	0.47513688  	0.59019011  	0.34838086  	0.38322404  	0.26672247  	0.27881339  	0.37009326  	0.37827432  
2021-12-14 22:59:40.477: iteration 43 finished in 4.319449 seconds
2021-12-14 22:59:40.582: epoch 43:	0.09365018  	0.05756638  	0.47440189  	0.58963972  	0.34825438  	0.38319564  	0.26678425  	0.27890879  	0.37020591  	0.37843740  
2021-12-14 22:59:44.905: iteration 44 finished in 4.322441 seconds
2021-12-14 22:59:45.009: epoch 44:	0.09368903  	0.05754694  	0.47461236  	0.58944547  	0.34825465  	0.38305151  	0.26673529  	0.27880579  	0.37007976  	0.37826976  
2021-12-14 22:59:49.322: iteration 45 finished in 4.313463 seconds
2021-12-14 22:59:49.427: epoch 45:	0.09368902  	0.05750809  	0.47442466  	0.58902454  	0.34802404  	0.38274813  	0.26648626  	0.27853730  	0.36972600  	0.37791210  
2021-12-14 22:59:53.733: iteration 46 finished in 4.305486 seconds
2021-12-14 22:59:53.839: epoch 46:	0.09366960  	0.05749838  	0.47415912  	0.58886278  	0.34797829  	0.38272443  	0.26648635  	0.27854529  	0.36979151  	0.37797636  
2021-12-14 22:59:58.150: iteration 47 finished in 4.310473 seconds
2021-12-14 22:59:58.261: epoch 47:	0.09376673  	0.05744981  	0.47448933  	0.58854872  	0.34800282  	0.38250980  	0.26641527  	0.27840990  	0.36965179  	0.37772435  
2021-12-14 23:00:02.591: iteration 48 finished in 4.330419 seconds
2021-12-14 23:00:02.695: epoch 48:	0.09378617  	0.05743039  	0.47461891  	0.58845162  	0.34809500  	0.38251087  	0.26651511  	0.27849716  	0.36971769  	0.37770602  
2021-12-14 23:00:06.989: iteration 49 finished in 4.294515 seconds
2021-12-14 23:00:07.097: epoch 49:	0.09378617  	0.05743039  	0.47457033  	0.58850014  	0.34787256  	0.38231656  	0.26628515  	0.27830070  	0.36932018  	0.37729594  
2021-12-14 23:00:11.436: iteration 50 finished in 4.338935 seconds
2021-12-14 23:00:11.530: epoch 50:	0.09384444  	0.05740125  	0.47505596  	0.58830589  	0.34803334  	0.38226816  	0.26634088  	0.27830529  	0.36943737  	0.37731904  
