2021-12-14 23:59:37.941: Dataset name: u2
The number of users: 4481
The number of items: 4481
The number of ratings: 39965
Average actions of users: 8.92
Average actions of items: 8.92
The sparsity of the dataset: 99.800965%
2021-12-14 23:59:37.942: 

NeuRec hyperparameters:
recommender=WRMF
config_dir=./conf
gpu_id=0
gpu_mem=0.5
data.input.path=D:\hsyoo\Workingon_210628/_Data/ciaodvd/noniid-in-barrier/u2/
data.input.dataset=u2
data.output.path=D:\hsyoo\Workingon_210628/_Emb/ciaodvd/noniid-in-barrier/wrmf/u2_wrmf_directed_dim16_uniform_send.emb
data.column.format=UI
data.convert.separator='\t'
user_min=0
item_min=0
splitter=given
ratio=0.8
by_time=False
metric=["Precision", "Recall", "NDCG", "MAP", "MRR"]
topk=[10, 20]
group_view=None
rec.evaluate.neg=0
test_batch_size=128
num_thread=8
data.index.remap=False

WRMF's hyperparameters:
epochs=50
embedding_size=16
reg_mf=0.1
alpha=10
init_method=uniform
stddev=0.01
verbose=1
weight=uniform

2021-12-15 00:00:29.466: metrics:	Precision@10	Precision@20	Recall@10   	Recall@20   	NDCG@10     	NDCG@20     	MAP@10      	MAP@20      	MRR@10      	MRR@20      
2021-12-15 00:00:32.969: iteration 1 finished in 3.502792 seconds
2021-12-15 00:00:33.007: epoch 1:	0.01429917  	0.01279400  	0.01836164  	0.03372547  	0.01827558  	0.02277851  	0.00725765  	0.00729160  	0.04144417  	0.04670706  
2021-12-15 00:00:35.811: iteration 2 finished in 2.804487 seconds
2021-12-15 00:00:35.838: epoch 2:	0.02897465  	0.02408272  	0.04795691  	0.07303298  	0.04316475  	0.05057744  	0.02032873  	0.02054403  	0.08249187  	0.08923683  
2021-12-15 00:00:38.639: iteration 3 finished in 2.800510 seconds
2021-12-15 00:00:38.665: epoch 3:	0.03283163  	0.02850416  	0.05283771  	0.08511519  	0.04928185  	0.05938329  	0.02374081  	0.02471168  	0.09473415  	0.10253113  
2021-12-15 00:00:41.471: iteration 4 finished in 2.806494 seconds
2021-12-15 00:00:41.496: epoch 4:	0.03527752  	0.03076191  	0.05535084  	0.09304547  	0.05143822  	0.06283935  	0.02403273  	0.02510041  	0.09934636  	0.10801909  
2021-12-15 00:00:44.302: iteration 5 finished in 2.805497 seconds
2021-12-15 00:00:44.329: epoch 5:	0.03678266  	0.03095005  	0.05680289  	0.09159978  	0.05254889  	0.06289572  	0.02426970  	0.02520147  	0.10102588  	0.10883490  
2021-12-15 00:00:47.135: iteration 6 finished in 2.805497 seconds
2021-12-15 00:00:47.163: epoch 6:	0.03715895  	0.03160856  	0.05642525  	0.09258984  	0.05179133  	0.06256312  	0.02338865  	0.02430944  	0.09940048  	0.10779887  
2021-12-15 00:00:49.983: iteration 7 finished in 2.819460 seconds
2021-12-15 00:00:50.007: epoch 7:	0.03668859  	0.03165560  	0.05289188  	0.09072766  	0.05088608  	0.06211113  	0.02304761  	0.02403377  	0.10033672  	0.10884812  
2021-12-15 00:00:52.791: iteration 8 finished in 2.784806 seconds
2021-12-15 00:00:52.807: epoch 8:	0.03612415  	0.03170263  	0.05106901  	0.08976632  	0.05093050  	0.06256481  	0.02342604  	0.02446436  	0.10303203  	0.11150425  
2021-12-15 00:00:55.605: iteration 9 finished in 2.797939 seconds
2021-12-15 00:00:55.621: epoch 9:	0.03631230  	0.03160855  	0.05108819  	0.08847808  	0.05059016  	0.06178549  	0.02304236  	0.02398396  	0.10219246  	0.11033340  
2021-12-15 00:00:58.411: iteration 10 finished in 2.790683 seconds
2021-12-15 00:00:58.442: epoch 10:	0.03565379  	0.03170263  	0.04936408  	0.08955684  	0.04945672  	0.06176734  	0.02256802  	0.02387694  	0.10006870  	0.10883996  
2021-12-15 00:01:01.254: iteration 11 finished in 2.811838 seconds
2021-12-15 00:01:01.286: epoch 11:	0.03565379  	0.03170263  	0.04872574  	0.08870196  	0.04926024  	0.06148235  	0.02252262  	0.02373460  	0.09972078  	0.10871565  
2021-12-15 00:01:04.068: iteration 12 finished in 2.782875 seconds
2021-12-15 00:01:04.084: epoch 12:	0.03621823  	0.03198485  	0.04883736  	0.09001527  	0.04941457  	0.06175487  	0.02248744  	0.02369560  	0.09992237  	0.10858885  
2021-12-15 00:01:06.877: iteration 13 finished in 2.793008 seconds
2021-12-15 00:01:06.908: epoch 13:	0.03527750  	0.03179671  	0.04779968  	0.08824270  	0.04853099  	0.06109498  	0.02227106  	0.02348745  	0.09826115  	0.10754316  
2021-12-15 00:01:09.683: iteration 14 finished in 2.774768 seconds
2021-12-15 00:01:09.714: epoch 14:	0.03574786  	0.03165561  	0.04853477  	0.08791046  	0.04916522  	0.06119445  	0.02248997  	0.02364116  	0.09964650  	0.10828842  
2021-12-15 00:01:12.515: iteration 15 finished in 2.801189 seconds
2021-12-15 00:01:12.531: epoch 15:	0.03584193  	0.03198485  	0.04960629  	0.08965171  	0.04951198  	0.06188971  	0.02258525  	0.02376274  	0.10026768  	0.10901564  
2021-12-15 00:01:15.340: iteration 16 finished in 2.808446 seconds
2021-12-15 00:01:15.355: epoch 16:	0.03612415  	0.03193782  	0.05010375  	0.08899337  	0.04950768  	0.06152702  	0.02218553  	0.02335013  	0.10043603  	0.10890657  
2021-12-15 00:01:18.148: iteration 17 finished in 2.792475 seconds
2021-12-15 00:01:18.179: epoch 17:	0.03546565  	0.03212596  	0.04935350  	0.08947225  	0.04897633  	0.06171803  	0.02206236  	0.02345068  	0.09933182  	0.10818941  
2021-12-15 00:01:20.965: iteration 18 finished in 2.785700 seconds
2021-12-15 00:01:20.996: epoch 18:	0.03565379  	0.03198486  	0.04943033  	0.08940201  	0.04918663  	0.06161767  	0.02211875  	0.02341393  	0.09960582  	0.10827016  
2021-12-15 00:01:23.806: iteration 19 finished in 2.809739 seconds
2021-12-15 00:01:23.831: epoch 19:	0.03584194  	0.03226707  	0.04960503  	0.09036436  	0.04897542  	0.06162342  	0.02169636  	0.02300561  	0.09923438  	0.10808986  
2021-12-15 00:01:26.616: iteration 20 finished in 2.783556 seconds
2021-12-15 00:01:26.641: epoch 20:	0.03603008  	0.03240817  	0.04931105  	0.09067857  	0.04893781  	0.06172203  	0.02164645  	0.02300082  	0.09882597  	0.10764924  
2021-12-15 00:01:29.451: iteration 21 finished in 2.810484 seconds
2021-12-15 00:01:29.477: epoch 21:	0.03631230  	0.03231410  	0.05035677  	0.09017710  	0.04907607  	0.06136405  	0.02149617  	0.02275372  	0.09816223  	0.10677135  
2021-12-15 00:01:32.286: iteration 22 finished in 2.808490 seconds
2021-12-15 00:01:32.311: epoch 22:	0.03631230  	0.03240817  	0.05036900  	0.09077277  	0.04927555  	0.06174989  	0.02160687  	0.02292615  	0.09901559  	0.10755674  
2021-12-15 00:01:35.106: iteration 23 finished in 2.795524 seconds
2021-12-15 00:01:35.131: epoch 23:	0.03650044  	0.03226707  	0.04905711  	0.09031583  	0.04908185  	0.06159785  	0.02151259  	0.02294766  	0.09900070  	0.10720801  
2021-12-15 00:01:37.932: iteration 24 finished in 2.799514 seconds
2021-12-15 00:01:37.960: epoch 24:	0.03640637  	0.03245521  	0.04895001  	0.09068469  	0.04903292  	0.06175975  	0.02150795  	0.02296734  	0.09901264  	0.10740411  
2021-12-15 00:01:40.743: iteration 25 finished in 2.783556 seconds
2021-12-15 00:01:40.770: epoch 25:	0.03603008  	0.03269039  	0.04852623  	0.09109448  	0.04886375  	0.06201816  	0.02134660  	0.02288141  	0.10049130  	0.10921907  
2021-12-15 00:01:43.579: iteration 26 finished in 2.808489 seconds
2021-12-15 00:01:43.604: epoch 26:	0.03603007  	0.03269039  	0.04866878  	0.09183016  	0.04911838  	0.06237762  	0.02152225  	0.02306037  	0.10151602  	0.11006268  
2021-12-15 00:01:46.408: iteration 27 finished in 2.804500 seconds
2021-12-15 00:01:46.434: epoch 27:	0.03640636  	0.03250225  	0.04916665  	0.09064996  	0.04942493  	0.06209214  	0.02159041  	0.02297367  	0.10202559  	0.11044819  
2021-12-15 00:01:49.240: iteration 28 finished in 2.805498 seconds
2021-12-15 00:01:49.266: epoch 28:	0.03687674  	0.03259632  	0.05048465  	0.09093915  	0.05000684  	0.06222071  	0.02179268  	0.02297917  	0.10213158  	0.11070564  
2021-12-15 00:01:52.071: iteration 29 finished in 2.803503 seconds
2021-12-15 00:01:52.098: epoch 29:	0.03706488  	0.03259632  	0.05060789  	0.09091387  	0.04994293  	0.06206286  	0.02173897  	0.02295149  	0.10118677  	0.10945580  
2021-12-15 00:01:54.889: iteration 30 finished in 2.791534 seconds
2021-12-15 00:01:54.915: epoch 30:	0.03706488  	0.03250225  	0.05048336  	0.09082111  	0.05008493  	0.06213072  	0.02184807  	0.02304047  	0.10172655  	0.10982556  
2021-12-15 00:01:57.701: iteration 31 finished in 2.785551 seconds
2021-12-15 00:01:57.727: epoch 31:	0.03668859  	0.03254928  	0.05014043  	0.09066566  	0.04992247  	0.06217688  	0.02182448  	0.02302476  	0.10219320  	0.11037489  
2021-12-15 00:02:00.543: iteration 32 finished in 2.816468 seconds
2021-12-15 00:02:00.568: epoch 32:	0.03650044  	0.03254928  	0.05002284  	0.08989289  	0.05014415  	0.06235310  	0.02222302  	0.02340179  	0.10269828  	0.11098534  
2021-12-15 00:02:03.377: iteration 33 finished in 2.808489 seconds
2021-12-15 00:02:03.403: epoch 33:	0.03687674  	0.03240817  	0.05042373  	0.08885144  	0.05028021  	0.06191753  	0.02213909  	0.02318218  	0.10228578  	0.11039775  
2021-12-15 00:02:06.209: iteration 34 finished in 2.805497 seconds
2021-12-15 00:02:06.236: epoch 34:	0.03697081  	0.03245521  	0.05099039  	0.08890173  	0.05054998  	0.06203628  	0.02228444  	0.02324443  	0.10256237  	0.11077572  
2021-12-15 00:02:09.027: iteration 35 finished in 2.790537 seconds
2021-12-15 00:02:09.053: epoch 35:	0.03744118  	0.03240817  	0.05089482  	0.08873008  	0.05085593  	0.06208693  	0.02243378  	0.02335615  	0.10301370  	0.11103891  
2021-12-15 00:02:11.862: iteration 36 finished in 2.808626 seconds
2021-12-15 00:02:11.878: epoch 36:	0.03753525  	0.03236113  	0.05068687  	0.08817092  	0.05101122  	0.06206562  	0.02253339  	0.02339976  	0.10365316  	0.11162704  
2021-12-15 00:02:14.704: iteration 37 finished in 2.825956 seconds
2021-12-15 00:02:14.719: epoch 37:	0.03744118  	0.03240817  	0.05084189  	0.08823045  	0.05116081  	0.06226020  	0.02264136  	0.02352781  	0.10454576  	0.11253364  
2021-12-15 00:02:17.531: iteration 38 finished in 2.811838 seconds
2021-12-15 00:02:17.562: epoch 38:	0.03725303  	0.03231410  	0.05069705  	0.08822499  	0.05121394  	0.06233228  	0.02270472  	0.02358619  	0.10532000  	0.11337738  
2021-12-15 00:02:20.382: iteration 39 finished in 2.819797 seconds
2021-12-15 00:02:20.398: epoch 39:	0.03753525  	0.03222002  	0.05082203  	0.08807779  	0.05130041  	0.06219475  	0.02268187  	0.02353869  	0.10504896  	0.11290023  
2021-12-15 00:02:23.211: iteration 40 finished in 2.812734 seconds
2021-12-15 00:02:23.241: epoch 40:	0.03725303  	0.03212595  	0.05064998  	0.08782124  	0.05095506  	0.06193401  	0.02242619  	0.02332343  	0.10477345  	0.11261871  
2021-12-15 00:02:26.046: iteration 41 finished in 2.805497 seconds
2021-12-15 00:02:26.071: epoch 41:	0.03715896  	0.03217299  	0.05059772  	0.08780244  	0.05087774  	0.06192921  	0.02238162  	0.02328818  	0.10492615  	0.11280482  
2021-12-15 00:02:28.876: iteration 42 finished in 2.804500 seconds
2021-12-15 00:02:28.902: epoch 42:	0.03715896  	0.03222002  	0.05046288  	0.08821636  	0.05079072  	0.06198340  	0.02233792  	0.02327889  	0.10448228  	0.11234358  
2021-12-15 00:02:31.711: iteration 43 finished in 2.808490 seconds
2021-12-15 00:02:31.739: epoch 43:	0.03715896  	0.03222002  	0.05131999  	0.08842541  	0.05106906  	0.06208777  	0.02246103  	0.02331408  	0.10502020  	0.11289405  
2021-12-15 00:02:34.540: iteration 44 finished in 2.801508 seconds
2021-12-15 00:02:34.567: epoch 44:	0.03706489  	0.03231410  	0.05106073  	0.08847725  	0.05092613  	0.06210803  	0.02240068  	0.02329402  	0.10487911  	0.11282048  
2021-12-15 00:02:37.372: iteration 45 finished in 2.804500 seconds
2021-12-15 00:02:37.400: epoch 45:	0.03715896  	0.03226706  	0.05128989  	0.08841272  	0.05101160  	0.06205340  	0.02240336  	0.02328513  	0.10512248  	0.11286572  
2021-12-15 00:02:40.203: iteration 46 finished in 2.803502 seconds
2021-12-15 00:02:40.230: epoch 46:	0.03706488  	0.03217299  	0.05119672  	0.08835272  	0.05105760  	0.06214766  	0.02249600  	0.02340400  	0.10533416  	0.11316175  
2021-12-15 00:02:43.017: iteration 47 finished in 2.786548 seconds
2021-12-15 00:02:43.042: epoch 47:	0.03706488  	0.03217299  	0.05126799  	0.08768351  	0.05096129  	0.06193065  	0.02247128  	0.02331989  	0.10434490  	0.11236069  
2021-12-15 00:02:45.844: iteration 48 finished in 2.801508 seconds
2021-12-15 00:02:45.870: epoch 48:	0.03697081  	0.03222002  	0.05117914  	0.08781791  	0.05086536  	0.06194557  	0.02241161  	0.02327955  	0.10438299  	0.11242965  
2021-12-15 00:02:48.662: iteration 49 finished in 2.790537 seconds
2021-12-15 00:02:48.688: epoch 49:	0.03715895  	0.03231410  	0.05177102  	0.08820260  	0.05088215  	0.06189045  	0.02234581  	0.02320193  	0.10321081  	0.11109651  
2021-12-15 00:02:51.495: iteration 50 finished in 2.806494 seconds
2021-12-15 00:02:51.523: epoch 50:	0.03715896  	0.03231410  	0.05152952  	0.08834389  	0.05073720  	0.06185955  	0.02225996  	0.02313080  	0.10285579  	0.11087074  
