2021-12-16 05:01:44.707: Dataset name: u2
The number of users: 27478
The number of items: 27478
The number of ratings: 83605
Average actions of users: 3.04
Average actions of items: 3.04
The sparsity of the dataset: 99.988927%
2021-12-16 05:01:44.707: 

NeuRec hyperparameters:
recommender=WRMF
config_dir=./conf
gpu_id=0
gpu_mem=0.5
data.input.path=D:\hsyoo\Workingon_210628/_Data/digg/random-barrier/u2/
data.input.dataset=u2
data.output.path=D:\hsyoo\Workingon_210628/_Emb/digg/random-barrier/wrmf/u2_wrmf_directed_dim16_uniform_send.emb
data.column.format=UI
data.convert.separator='\t'
user_min=0
item_min=0
splitter=given
ratio=0.8
by_time=False
metric=["Precision", "Recall", "NDCG", "MAP", "MRR"]
topk=[10, 20]
group_view=None
rec.evaluate.neg=0
test_batch_size=128
num_thread=8
data.index.remap=False

WRMF's hyperparameters:
epochs=50
embedding_size=16
reg_mf=0.1
alpha=10
init_method=uniform
stddev=0.01
verbose=1
weight=uniform

2021-12-16 05:33:22.111: metrics:	Precision@10	Precision@20	Recall@10   	Recall@20   	NDCG@10     	NDCG@20     	MAP@10      	MAP@20      	MRR@10      	MRR@20      
2021-12-16 05:35:11.750: iteration 1 finished in 109.638771 seconds
2021-12-16 05:35:12.097: epoch 1:	0.00241080  	0.00197686  	0.01135105  	0.01824935  	0.00653668  	0.00854294  	0.00366353  	0.00409145  	0.00781515  	0.00878673  
2021-12-16 05:37:01.410: iteration 2 finished in 109.312742 seconds
2021-12-16 05:37:01.755: epoch 2:	0.00283786  	0.00230060  	0.01391309  	0.02215555  	0.00762025  	0.01001446  	0.00421542  	0.00473422  	0.00876700  	0.00992303  
2021-12-16 05:38:51.442: iteration 3 finished in 109.687787 seconds
2021-12-16 05:38:51.784: epoch 3:	0.00298940  	0.00258989  	0.01443303  	0.02423983  	0.00837270  	0.01123433  	0.00483822  	0.00544834  	0.00989532  	0.01127285  
2021-12-16 05:40:39.110: iteration 4 finished in 107.326627 seconds
2021-12-16 05:40:39.454: epoch 4:	0.00326492  	0.00247968  	0.01581785  	0.02264079  	0.00917158  	0.01120755  	0.00531960  	0.00573875  	0.01089157  	0.01196883  
2021-12-16 05:42:25.974: iteration 5 finished in 106.520005 seconds
2021-12-16 05:42:26.310: epoch 5:	0.00318226  	0.00249346  	0.01523773  	0.02229214  	0.00914383  	0.01126311  	0.00545512  	0.00588483  	0.01105163  	0.01215317  
2021-12-16 05:44:13.596: iteration 6 finished in 107.286106 seconds
2021-12-16 05:44:13.940: epoch 6:	0.00309961  	0.00254856  	0.01425690  	0.02300930  	0.00886094  	0.01143276  	0.00536570  	0.00592881  	0.01095969  	0.01218916  
2021-12-16 05:46:01.216: iteration 7 finished in 107.276332 seconds
2021-12-16 05:46:01.554: epoch 7:	0.00315471  	0.00267254  	0.01431970  	0.02422739  	0.00902617  	0.01189505  	0.00552979  	0.00615072  	0.01098653  	0.01235611  
2021-12-16 05:47:48.585: iteration 8 finished in 107.030262 seconds
2021-12-16 05:47:48.929: epoch 8:	0.00318226  	0.00265877  	0.01425197  	0.02355601  	0.00906889  	0.01181711  	0.00556466  	0.00618518  	0.01114691  	0.01244822  
2021-12-16 05:49:35.567: iteration 9 finished in 106.637614 seconds
2021-12-16 05:49:35.906: epoch 9:	0.00323737  	0.00265877  	0.01483403  	0.02363375  	0.00920337  	0.01178990  	0.00559556  	0.00614990  	0.01117742  	0.01240234  
2021-12-16 05:51:22.677: iteration 10 finished in 106.771589 seconds
2021-12-16 05:51:23.028: epoch 10:	0.00323737  	0.00272076  	0.01471032  	0.02407939  	0.00906087  	0.01179619  	0.00545180  	0.00603060  	0.01104928  	0.01232136  
2021-12-16 05:53:10.497: iteration 11 finished in 107.468981 seconds
2021-12-16 05:53:10.835: epoch 11:	0.00322359  	0.00273453  	0.01433678  	0.02425085  	0.00883318  	0.01171111  	0.00525772  	0.00587858  	0.01082373  	0.01214244  
2021-12-16 05:54:56.738: iteration 12 finished in 105.902815 seconds
2021-12-16 05:54:57.079: epoch 12:	0.00327870  	0.00270009  	0.01500781  	0.02414059  	0.00920486  	0.01187520  	0.00554136  	0.00610922  	0.01121525  	0.01246855  
2021-12-16 05:56:43.200: iteration 13 finished in 106.120646 seconds
2021-12-16 05:56:43.553: epoch 13:	0.00327870  	0.00270009  	0.01500863  	0.02415266  	0.00919965  	0.01187833  	0.00552337  	0.00610003  	0.01127216  	0.01252480  
2021-12-16 05:58:29.021: iteration 14 finished in 105.467139 seconds
2021-12-16 05:58:29.365: epoch 14:	0.00333380  	0.00267254  	0.01523938  	0.02370647  	0.00941047  	0.01192008  	0.00571071  	0.00625159  	0.01154948  	0.01275939  
2021-12-16 06:00:14.736: iteration 15 finished in 105.371070 seconds
2021-12-16 06:00:15.064: epoch 15:	0.00341646  	0.00269321  	0.01558021  	0.02445267  	0.00959984  	0.01215582  	0.00579900  	0.00635015  	0.01188240  	0.01303741  
2021-12-16 06:02:01.220: iteration 16 finished in 106.156581 seconds
2021-12-16 06:02:01.562: epoch 16:	0.00333380  	0.00267254  	0.01531918  	0.02426735  	0.00949179  	0.01210375  	0.00574125  	0.00632052  	0.01185693  	0.01304272  
2021-12-16 06:03:49.416: iteration 17 finished in 107.853940 seconds
2021-12-16 06:03:49.768: epoch 17:	0.00338890  	0.00267254  	0.01552658  	0.02421562  	0.00940853  	0.01194105  	0.00555473  	0.00611996  	0.01165948  	0.01281959  
2021-12-16 06:05:37.304: iteration 18 finished in 107.536694 seconds
2021-12-16 06:05:37.636: epoch 18:	0.00340268  	0.00272076  	0.01563744  	0.02500775  	0.00941817  	0.01213116  	0.00555867  	0.00616475  	0.01165860  	0.01289960  
2021-12-16 06:07:25.012: iteration 19 finished in 107.374131 seconds
2021-12-16 06:07:25.363: epoch 19:	0.00337513  	0.00272765  	0.01560881  	0.02516505  	0.00935643  	0.01212121  	0.00550484  	0.00611770  	0.01159141  	0.01288516  
2021-12-16 06:09:12.463: iteration 20 finished in 107.100905 seconds
2021-12-16 06:09:12.816: epoch 20:	0.00340268  	0.00276209  	0.01563363  	0.02562425  	0.00929655  	0.01216387  	0.00542691  	0.00606387  	0.01148531  	0.01279665  
2021-12-16 06:11:00.630: iteration 21 finished in 107.813823 seconds
2021-12-16 06:11:00.974: epoch 21:	0.00341646  	0.00276897  	0.01555950  	0.02554159  	0.00928061  	0.01214502  	0.00543165  	0.00606357  	0.01142337  	0.01272914  
2021-12-16 06:12:47.381: iteration 22 finished in 106.407141 seconds
2021-12-16 06:12:47.725: epoch 22:	0.00333380  	0.00275520  	0.01510807  	0.02553919  	0.00920854  	0.01219916  	0.00549844  	0.00616966  	0.01142539  	0.01277299  
2021-12-16 06:14:34.499: iteration 23 finished in 106.774141 seconds
2021-12-16 06:14:34.833: epoch 23:	0.00338890  	0.00270698  	0.01541311  	0.02531527  	0.00925433  	0.01205490  	0.00545921  	0.00607978  	0.01138931  	0.01264588  
2021-12-16 06:16:21.639: iteration 24 finished in 106.805986 seconds
2021-12-16 06:16:21.983: epoch 24:	0.00336135  	0.00270698  	0.01517284  	0.02521780  	0.00911000  	0.01195429  	0.00534351  	0.00597807  	0.01117781  	0.01245427  
2021-12-16 06:18:08.603: iteration 25 finished in 106.620277 seconds
2021-12-16 06:18:08.948: epoch 25:	0.00333380  	0.00271387  	0.01498494  	0.02528286  	0.00907691  	0.01199306  	0.00536427  	0.00601673  	0.01108597  	0.01238254  
2021-12-16 06:19:55.103: iteration 26 finished in 106.154612 seconds
2021-12-16 06:19:55.447: epoch 26:	0.00333380  	0.00270698  	0.01506530  	0.02500045  	0.00915878  	0.01198386  	0.00544677  	0.00606457  	0.01117551  	0.01246050  
2021-12-16 06:21:41.509: iteration 27 finished in 106.061761 seconds
2021-12-16 06:21:41.843: epoch 27:	0.00329247  	0.00267943  	0.01503414  	0.02436588  	0.00905350  	0.01176822  	0.00534104  	0.00593460  	0.01110876  	0.01240460  
2021-12-16 06:23:28.978: iteration 28 finished in 107.134974 seconds
2021-12-16 06:23:29.319: epoch 28:	0.00330625  	0.00270698  	0.01521284  	0.02461498  	0.00911718  	0.01184874  	0.00535279  	0.00593972  	0.01125855  	0.01258239  
2021-12-16 06:25:16.440: iteration 29 finished in 107.120640 seconds
2021-12-16 06:25:16.783: epoch 29:	0.00334758  	0.00267943  	0.01558348  	0.02450838  	0.00924153  	0.01182531  	0.00542479  	0.00597383  	0.01123947  	0.01248936  
2021-12-16 06:27:03.770: iteration 30 finished in 106.986366 seconds
2021-12-16 06:27:04.119: epoch 30:	0.00332002  	0.00265188  	0.01522990  	0.02421318  	0.00913289  	0.01174103  	0.00537686  	0.00594428  	0.01124133  	0.01249030  
2021-12-16 06:28:51.116: iteration 31 finished in 106.996767 seconds
2021-12-16 06:28:51.456: epoch 31:	0.00325114  	0.00267943  	0.01504136  	0.02466172  	0.00907906  	0.01186797  	0.00537515  	0.00598004  	0.01131043  	0.01264049  
2021-12-16 06:30:38.225: iteration 32 finished in 106.769440 seconds
2021-12-16 06:30:38.577: epoch 32:	0.00322359  	0.00263810  	0.01501162  	0.02437226  	0.00909427  	0.01181699  	0.00542154  	0.00601530  	0.01134601  	0.01264925  
2021-12-16 06:32:25.411: iteration 33 finished in 106.833990 seconds
2021-12-16 06:32:25.753: epoch 33:	0.00319604  	0.00265877  	0.01475332  	0.02459011  	0.00903926  	0.01190442  	0.00542128  	0.00605431  	0.01137608  	0.01272279  
2021-12-16 06:34:12.453: iteration 34 finished in 106.699907 seconds
2021-12-16 06:34:12.797: epoch 34:	0.00325114  	0.00262433  	0.01510503  	0.02423882  	0.00915377  	0.01181485  	0.00548122  	0.00606539  	0.01138482  	0.01263764  
2021-12-16 06:35:59.866: iteration 35 finished in 107.068893 seconds
2021-12-16 06:36:00.211: epoch 35:	0.00322359  	0.00261744  	0.01470706  	0.02436051  	0.00907726  	0.01185949  	0.00547075  	0.00609440  	0.01148427  	0.01274965  
2021-12-16 06:37:47.907: iteration 36 finished in 107.696070 seconds
2021-12-16 06:37:48.251: epoch 36:	0.00332002  	0.00262433  	0.01510109  	0.02451424  	0.00920435  	0.01187854  	0.00549217  	0.00608255  	0.01151690  	0.01270919  
2021-12-16 06:39:35.467: iteration 37 finished in 107.213835 seconds
2021-12-16 06:39:35.817: epoch 37:	0.00330625  	0.00260366  	0.01502883  	0.02444536  	0.00911708  	0.01178950  	0.00539935  	0.00599187  	0.01145677  	0.01264558  
2021-12-16 06:41:23.588: iteration 38 finished in 107.771354 seconds
2021-12-16 06:41:23.930: epoch 38:	0.00332002  	0.00259678  	0.01503440  	0.02437549  	0.00909571  	0.01173157  	0.00536060  	0.00594514  	0.01145322  	0.01262446  
2021-12-16 06:43:09.736: iteration 39 finished in 105.806317 seconds
2021-12-16 06:43:10.075: epoch 39:	0.00336135  	0.00256922  	0.01523120  	0.02407892  	0.00916098  	0.01164224  	0.00538192  	0.00592333  	0.01144524  	0.01255323  
2021-12-16 06:44:56.868: iteration 40 finished in 106.792740 seconds
2021-12-16 06:44:57.209: epoch 40:	0.00341646  	0.00258300  	0.01535770  	0.02410953  	0.00917501  	0.01161713  	0.00535235  	0.00588052  	0.01138652  	0.01244335  
2021-12-16 06:46:44.610: iteration 41 finished in 107.401087 seconds
2021-12-16 06:46:44.943: epoch 41:	0.00341646  	0.00254167  	0.01549087  	0.02349562  	0.00916945  	0.01142952  	0.00531826  	0.00580572  	0.01126024  	0.01227386  
2021-12-16 06:48:32.341: iteration 42 finished in 107.398843 seconds
2021-12-16 06:48:32.684: epoch 42:	0.00336135  	0.00254167  	0.01523574  	0.02358730  	0.00901563  	0.01138452  	0.00523432  	0.00575565  	0.01094279  	0.01200637  
2021-12-16 06:50:20.836: iteration 43 finished in 108.150675 seconds
2021-12-16 06:50:21.164: epoch 43:	0.00333380  	0.00256234  	0.01496809  	0.02384472  	0.00884943  	0.01135503  	0.00508446  	0.00564405  	0.01081799  	0.01191806  
2021-12-16 06:52:10.567: iteration 44 finished in 109.402892 seconds
2021-12-16 06:52:10.909: epoch 44:	0.00329247  	0.00255545  	0.01484870  	0.02377584  	0.00873259  	0.01125815  	0.00499578  	0.00555523  	0.01061315  	0.01173127  
2021-12-16 06:53:58.210: iteration 45 finished in 107.299602 seconds
2021-12-16 06:53:58.547: epoch 45:	0.00329247  	0.00255545  	0.01492358  	0.02386079  	0.00872415  	0.01124070  	0.00497556  	0.00552670  	0.01056128  	0.01166890  
2021-12-16 06:55:48.095: iteration 46 finished in 109.547140 seconds
2021-12-16 06:55:48.433: epoch 46:	0.00323737  	0.00255545  	0.01482649  	0.02397558  	0.00867664  	0.01125654  	0.00496668  	0.00553150  	0.01053017  	0.01165231  
2021-12-16 06:57:35.881: iteration 47 finished in 107.447883 seconds
2021-12-16 06:57:36.209: epoch 47:	0.00323737  	0.00255545  	0.01482977  	0.02391245  	0.00865351  	0.01120489  	0.00494129  	0.00549245  	0.01043352  	0.01154002  
2021-12-16 06:59:24.513: iteration 48 finished in 108.304384 seconds
2021-12-16 06:59:24.849: epoch 48:	0.00318226  	0.00254167  	0.01445782  	0.02363834  	0.00852127  	0.01112075  	0.00489243  	0.00546659  	0.01028592  	0.01141391  
2021-12-16 07:01:12.647: iteration 49 finished in 107.797570 seconds
2021-12-16 07:01:12.991: epoch 49:	0.00315471  	0.00254856  	0.01443486  	0.02374740  	0.00847253  	0.01111300  	0.00484454  	0.00543338  	0.01026405  	0.01139174  
2021-12-16 07:02:59.315: iteration 50 finished in 106.324270 seconds
2021-12-16 07:02:59.652: epoch 50:	0.00311338  	0.00254856  	0.01423052  	0.02374740  	0.00842083  	0.01112744  	0.00485078  	0.00545504  	0.01024475  	0.01140755  
