2021-12-14 22:21:04.581: Dataset name: u2
The number of users: 6107
The number of items: 6107
The number of ratings: 50506
Average actions of users: 8.27
Average actions of items: 8.27
The sparsity of the dataset: 99.864579%
2021-12-14 22:21:04.581: 

NeuRec hyperparameters:
recommender=WRMF
config_dir=./conf
gpu_id=0
gpu_mem=0.5
data.input.path=D:\hsyoo\Workingon_210628/_Data/jung/noniid-in-barrier/u2/
data.input.dataset=u2
data.output.path=D:\hsyoo\Workingon_210628/_Emb/jung/noniid-in-barrier/wrmf/u2_wrmf_directed_dim16_uniform_send.emb
data.column.format=UI
data.convert.separator='\t'
user_min=0
item_min=0
splitter=given
ratio=0.8
by_time=False
metric=["Precision", "Recall", "NDCG", "MAP", "MRR"]
topk=[10, 20]
group_view=None
rec.evaluate.neg=0
test_batch_size=128
num_thread=8
data.index.remap=False

WRMF's hyperparameters:
epochs=50
embedding_size=16
reg_mf=0.1
alpha=10
init_method=uniform
stddev=0.01
verbose=1
weight=uniform

2021-12-14 22:22:40.222: metrics:	Precision@10	Precision@20	Recall@10   	Recall@20   	NDCG@10     	NDCG@20     	MAP@10      	MAP@20      	MRR@10      	MRR@20      
2021-12-14 22:22:45.642: iteration 1 finished in 5.419518 seconds
2021-12-14 22:22:45.750: epoch 1:	0.04959328  	0.03092586  	0.15209074  	0.19437563  	0.11379284  	0.12528257  	0.08269829  	0.08532002  	0.12559938  	0.12892342  
2021-12-14 22:22:50.041: iteration 2 finished in 4.291523 seconds
2021-12-14 22:22:50.125: epoch 2:	0.06993925  	0.04251045  	0.22909838  	0.28443202  	0.19629362  	0.21116616  	0.16019993  	0.16284549  	0.22849947  	0.23307827  
2021-12-14 22:22:54.437: iteration 3 finished in 4.312467 seconds
2021-12-14 22:22:54.522: epoch 3:	0.07566161  	0.04457048  	0.25206390  	0.30101135  	0.21479782  	0.22760446  	0.17517111  	0.17760859  	0.24910529  	0.25270352  
2021-12-14 22:22:58.813: iteration 4 finished in 4.290526 seconds
2021-12-14 22:22:58.899: epoch 4:	0.07851005  	0.04617273  	0.26618671  	0.31313822  	0.22414142  	0.23647639  	0.18234722  	0.18459034  	0.25873065  	0.26198748  
2021-12-14 22:23:03.236: iteration 5 finished in 4.336403 seconds
2021-12-14 22:23:03.324: epoch 5:	0.07960366  	0.04691028  	0.27067077  	0.31730258  	0.22716533  	0.23967201  	0.18460917  	0.18699175  	0.26176772  	0.26527190  
2021-12-14 22:23:07.653: iteration 6 finished in 4.328424 seconds
2021-12-14 22:23:07.736: epoch 6:	0.08011233  	0.04768597  	0.27410978  	0.32357949  	0.22954267  	0.24296436  	0.18639654  	0.18907690  	0.26451778  	0.26826975  
2021-12-14 22:23:12.056: iteration 7 finished in 4.319135 seconds
2021-12-14 22:23:12.134: epoch 7:	0.08013774  	0.04808018  	0.27509630  	0.32692292  	0.23022211  	0.24449478  	0.18696587  	0.19000664  	0.26523274  	0.26920506  
2021-12-14 22:23:16.435: iteration 8 finished in 4.301191 seconds
2021-12-14 22:23:16.513: epoch 8:	0.08046840  	0.04823279  	0.27666718  	0.32751864  	0.22943845  	0.24350139  	0.18535808  	0.18835147  	0.26360282  	0.26755497  
2021-12-14 22:23:20.822: iteration 9 finished in 4.308724 seconds
2021-12-14 22:23:20.903: epoch 9:	0.08057014  	0.04835994  	0.27674595  	0.32795623  	0.22991200  	0.24414399  	0.18590048  	0.18895142  	0.26394215  	0.26799986  
2021-12-14 22:23:25.240: iteration 10 finished in 4.337208 seconds
2021-12-14 22:23:25.323: epoch 10:	0.08112970  	0.04853797  	0.27898505  	0.32968482  	0.23085436  	0.24483249  	0.18627419  	0.18919122  	0.26457456  	0.26850611  
2021-12-14 22:23:29.635: iteration 11 finished in 4.312467 seconds
2021-12-14 22:23:29.718: epoch 11:	0.08130774  	0.04853797  	0.28065324  	0.32872716  	0.23117624  	0.24448639  	0.18606274  	0.18886817  	0.26486677  	0.26847455  
2021-12-14 22:23:34.017: iteration 12 finished in 4.299502 seconds
2021-12-14 22:23:34.100: epoch 12:	0.08138404  	0.04862699  	0.28076008  	0.33005401  	0.23097646  	0.24457414  	0.18564337  	0.18849862  	0.26440102  	0.26808512  
2021-12-14 22:23:38.415: iteration 13 finished in 4.313464 seconds
2021-12-14 22:23:38.498: epoch 13:	0.08130773  	0.04857612  	0.28109977  	0.32984313  	0.23136166  	0.24483959  	0.18603489  	0.18884629  	0.26488531  	0.26853415  
2021-12-14 22:23:42.818: iteration 14 finished in 4.319449 seconds
2021-12-14 22:23:42.903: epoch 14:	0.08120599  	0.04863970  	0.28080446  	0.32996306  	0.23116159  	0.24483521  	0.18589851  	0.18878907  	0.26467595  	0.26836869  
2021-12-14 22:23:47.220: iteration 15 finished in 4.316457 seconds
2021-12-14 22:23:47.302: epoch 15:	0.08133317  	0.04886859  	0.28106833  	0.33351251  	0.23123175  	0.24564017  	0.18590981  	0.18900378  	0.26442906  	0.26824012  
2021-12-14 22:23:51.621: iteration 16 finished in 4.317454 seconds
2021-12-14 22:23:51.708: epoch 16:	0.08138403  	0.04886859  	0.28114882  	0.33370325  	0.23102139  	0.24547118  	0.18567884  	0.18876223  	0.26382712  	0.26774538  
2021-12-14 22:23:56.045: iteration 17 finished in 4.337401 seconds
2021-12-14 22:23:56.128: epoch 17:	0.08135860  	0.04898304  	0.28126752  	0.33501783  	0.23103793  	0.24581248  	0.18558583  	0.18877278  	0.26390296  	0.26786232  
2021-12-14 22:24:00.469: iteration 18 finished in 4.340392 seconds
2021-12-14 22:24:00.553: epoch 18:	0.08133318  	0.04899576  	0.28140101  	0.33466324  	0.23058930  	0.24531677  	0.18496242  	0.18817690  	0.26320681  	0.26717770  
2021-12-14 22:24:04.882: iteration 19 finished in 4.328425 seconds
2021-12-14 22:24:04.966: epoch 19:	0.08125686  	0.04905934  	0.28101546  	0.33488891  	0.23041011  	0.24535902  	0.18482858  	0.18813756  	0.26299754  	0.26705530  
2021-12-14 22:24:09.284: iteration 20 finished in 4.318451 seconds
2021-12-14 22:24:09.370: epoch 20:	0.08130773  	0.04918651  	0.28138423  	0.33670309  	0.23037417  	0.24567291  	0.18467231  	0.18808851  	0.26287094  	0.26699269  
2021-12-14 22:24:13.696: iteration 21 finished in 4.325668 seconds
2021-12-14 22:24:13.774: epoch 21:	0.08125687  	0.04925008  	0.28107288  	0.33741766  	0.23028409  	0.24587247  	0.18464397  	0.18814878  	0.26280424  	0.26696759  
2021-12-14 22:24:18.065: iteration 22 finished in 4.291235 seconds
2021-12-14 22:24:18.143: epoch 22:	0.08123144  	0.04926280  	0.28092256  	0.33653164  	0.23018865  	0.24566919  	0.18454897  	0.18802591  	0.26266992  	0.26684210  
2021-12-14 22:24:22.435: iteration 23 finished in 4.292068 seconds
2021-12-14 22:24:22.517: epoch 23:	0.08123144  	0.04932638  	0.28107893  	0.33675402  	0.23059916  	0.24613959  	0.18503153  	0.18851846  	0.26325884  	0.26744002  
2021-12-14 22:24:26.842: iteration 24 finished in 4.325433 seconds
2021-12-14 22:24:26.927: epoch 24:	0.08125686  	0.04931367  	0.28124848  	0.33598888  	0.23061121  	0.24593274  	0.18499936  	0.18844663  	0.26316208  	0.26727200  
2021-12-14 22:24:31.224: iteration 25 finished in 4.296510 seconds
2021-12-14 22:24:31.305: epoch 25:	0.08125687  	0.04936453  	0.28128144  	0.33615044  	0.23069926  	0.24607562  	0.18508157  	0.18853998  	0.26336983  	0.26749507  
2021-12-14 22:24:35.611: iteration 26 finished in 4.305486 seconds
2021-12-14 22:24:35.697: epoch 26:	0.08123144  	0.04940268  	0.28112191  	0.33662421  	0.23061432  	0.24617575  	0.18501653  	0.18853293  	0.26325688  	0.26746711  
2021-12-14 22:24:40.013: iteration 27 finished in 4.316457 seconds
2021-12-14 22:24:40.100: epoch 27:	0.08130773  	0.04954256  	0.28121620  	0.33918098  	0.23041190  	0.24652903  	0.18470441  	0.18833993  	0.26297757  	0.26732281  
2021-12-14 22:24:44.412: iteration 28 finished in 4.312467 seconds
2021-12-14 22:24:44.494: epoch 28:	0.08133318  	0.04958070  	0.28124446  	0.33922580  	0.23048905  	0.24662942  	0.18477203  	0.18840900  	0.26316559  	0.26751199  
2021-12-14 22:24:48.812: iteration 29 finished in 4.317454 seconds
2021-12-14 22:24:48.893: epoch 29:	0.08128230  	0.04956799  	0.28105646  	0.33901173  	0.23044074  	0.24662115  	0.18480717  	0.18844785  	0.26302919  	0.26745543  
2021-12-14 22:24:53.205: iteration 30 finished in 4.311469 seconds
2021-12-14 22:24:53.290: epoch 30:	0.08135860  	0.04964429  	0.28169227  	0.33927897  	0.23065875  	0.24676074  	0.18490939  	0.18852329  	0.26310924  	0.26749450  
2021-12-14 22:24:57.605: iteration 31 finished in 4.315459 seconds
2021-12-14 22:24:57.690: epoch 31:	0.08140947  	0.04966972  	0.28182510  	0.33966649  	0.23079528  	0.24695916  	0.18500476  	0.18864179  	0.26325557  	0.26765838  
2021-12-14 22:25:02.011: iteration 32 finished in 4.321444 seconds
2021-12-14 22:25:02.096: epoch 32:	0.08135860  	0.04963157  	0.28154767  	0.33975539  	0.23053358  	0.24680535  	0.18476661  	0.18844543  	0.26301578  	0.26746523  
2021-12-14 22:25:06.408: iteration 33 finished in 4.312467 seconds
2021-12-14 22:25:06.491: epoch 33:	0.08135860  	0.04961886  	0.28150105  	0.33969030  	0.23046798  	0.24675220  	0.18473059  	0.18841934  	0.26275474  	0.26717857  
2021-12-14 22:25:10.806: iteration 34 finished in 4.314452 seconds
2021-12-14 22:25:10.902: epoch 34:	0.08135860  	0.04961886  	0.28159291  	0.33975691  	0.23041846  	0.24670613  	0.18464734  	0.18831906  	0.26266232  	0.26712257  
2021-12-14 22:25:15.189: iteration 35 finished in 4.286850 seconds
2021-12-14 22:25:15.267: epoch 35:	0.08133317  	0.04963157  	0.28156748  	0.34011537  	0.23038605  	0.24677329  	0.18462451  	0.18832421  	0.26260754  	0.26709682  
2021-12-14 22:25:19.581: iteration 36 finished in 4.314190 seconds
2021-12-14 22:25:19.675: epoch 36:	0.08130774  	0.04959342  	0.28138381  	0.33997774  	0.23039730  	0.24677423  	0.18468678  	0.18838264  	0.26272985  	0.26723137  
2021-12-14 22:25:23.994: iteration 37 finished in 4.318846 seconds
2021-12-14 22:25:24.079: epoch 37:	0.08130773  	0.04961886  	0.28144738  	0.34007311  	0.23037602  	0.24677896  	0.18466252  	0.18837200  	0.26258931  	0.26710030  
2021-12-14 22:25:28.408: iteration 38 finished in 4.329422 seconds
2021-12-14 22:25:28.493: epoch 38:	0.08130773  	0.04963158  	0.28145376  	0.34019980  	0.23041283  	0.24686050  	0.18467605  	0.18840714  	0.26271537  	0.26725420  
2021-12-14 22:25:32.806: iteration 39 finished in 4.313465 seconds
2021-12-14 22:25:32.890: epoch 39:	0.08130773  	0.04963158  	0.28145376  	0.34012657  	0.23041007  	0.24683554  	0.18468890  	0.18842013  	0.26259699  	0.26711962  
2021-12-14 22:25:37.208: iteration 40 finished in 4.318451 seconds
2021-12-14 22:25:37.293: epoch 40:	0.08133317  	0.04963158  	0.28149003  	0.34018826  	0.23054719  	0.24696928  	0.18485187  	0.18856300  	0.26280046  	0.26733491  
2021-12-14 22:25:41.614: iteration 41 finished in 4.319449 seconds
2021-12-14 22:25:41.695: epoch 41:	0.08138403  	0.04958071  	0.28148183  	0.33992350  	0.23061587  	0.24691668  	0.18493545  	0.18858685  	0.26285028  	0.26736209  
2021-12-14 22:25:46.016: iteration 42 finished in 4.320446 seconds
2021-12-14 22:25:46.100: epoch 42:	0.08146033  	0.04950441  	0.28186330  	0.33888310  	0.23077421  	0.24668416  	0.18500195  	0.18856211  	0.26295415  	0.26732624  
2021-12-14 22:25:50.408: iteration 43 finished in 4.308477 seconds
2021-12-14 22:25:50.490: epoch 43:	0.08140947  	0.04952985  	0.28165138  	0.33902985  	0.23064966  	0.24669690  	0.18491518  	0.18852183  	0.26286849  	0.26731208  
2021-12-14 22:25:54.833: iteration 44 finished in 4.343385 seconds
2021-12-14 22:25:54.916: epoch 44:	0.08143490  	0.04949170  	0.28177854  	0.33891535  	0.23069778  	0.24663666  	0.18493006  	0.18849258  	0.26290306  	0.26729733  
2021-12-14 22:25:59.222: iteration 45 finished in 4.305486 seconds
2021-12-14 22:25:59.304: epoch 45:	0.08146033  	0.04938996  	0.28182095  	0.33664948  	0.23073970  	0.24615030  	0.18496396  	0.18840547  	0.26290777  	0.26721746  
2021-12-14 22:26:03.639: iteration 46 finished in 4.334408 seconds
2021-12-14 22:26:03.724: epoch 46:	0.08140946  	0.04946627  	0.28169379  	0.33855891  	0.23059268  	0.24647708  	0.18483822  	0.18838800  	0.26276967  	0.26718599  
2021-12-14 22:26:08.033: iteration 47 finished in 4.308478 seconds
2021-12-14 22:26:08.115: epoch 47:	0.08146033  	0.04946627  	0.28185064  	0.33855891  	0.23070033  	0.24652180  	0.18488547  	0.18843253  	0.26290232  	0.26725134  
2021-12-14 22:26:12.424: iteration 48 finished in 4.309050 seconds
2021-12-14 22:26:12.518: epoch 48:	0.08146033  	0.04949170  	0.28156099  	0.33866683  	0.23060778  	0.24654631  	0.18482596  	0.18841559  	0.26290098  	0.26726764  
2021-12-14 22:26:16.830: iteration 49 finished in 4.312825 seconds
2021-12-14 22:26:16.909: epoch 49:	0.08140946  	0.04950442  	0.28149289  	0.33871767  	0.23052232  	0.24651459  	0.18474545  	0.18837090  	0.26286823  	0.26721334  
2021-12-14 22:26:21.252: iteration 50 finished in 4.343340 seconds
2021-12-14 22:26:21.330: epoch 50:	0.08135859  	0.04956799  	0.28130215  	0.34009331  	0.23046175  	0.24684249  	0.18474399  	0.18845674  	0.26280147  	0.26727825  
