2021-12-15 15:50:24.489: Dataset name: u2
The number of users: 28217
The number of items: 28217
The number of ratings: 84267
Average actions of users: 2.99
Average actions of items: 2.99
The sparsity of the dataset: 99.989416%
2021-12-15 15:50:24.489: 

NeuRec hyperparameters:
recommender=WRMF
config_dir=./conf
gpu_id=0
gpu_mem=0.5
data.input.path=D:\hsyoo\Workingon_210628/_Data/digg/noniid-out-barrier/u2/
data.input.dataset=u2
data.output.path=D:\hsyoo\Workingon_210628/_Emb/digg/noniid-out-barrier/wrmf/u2_wrmf_directed_dim16_uniform_send.emb
data.column.format=UI
data.convert.separator='\t'
user_min=0
item_min=0
splitter=given
ratio=0.8
by_time=False
metric=["Precision", "Recall", "NDCG", "MAP", "MRR"]
topk=[10, 20]
group_view=None
rec.evaluate.neg=0
test_batch_size=128
num_thread=8
data.index.remap=False

WRMF's hyperparameters:
epochs=50
embedding_size=16
reg_mf=0.1
alpha=10
init_method=uniform
stddev=0.01
verbose=1
weight=uniform

2021-12-15 16:23:32.670: metrics:	Precision@10	Precision@20	Recall@10   	Recall@20   	NDCG@10     	NDCG@20     	MAP@10      	MAP@20      	MRR@10      	MRR@20      
2021-12-15 16:25:29.664: iteration 1 finished in 116.994483 seconds
2021-12-15 16:25:30.124: epoch 1:	0.00166500  	0.00150452  	0.01007284  	0.01858504  	0.00615211  	0.00854572  	0.00403454  	0.00461869  	0.00656728  	0.00744983  
2021-12-15 16:27:27.459: iteration 2 finished in 117.335231 seconds
2021-12-15 16:27:27.903: epoch 2:	0.00213641  	0.00175025  	0.01287625  	0.02126641  	0.00735461  	0.00972455  	0.00453116  	0.00510339  	0.00744623  	0.00833443  
2021-12-15 16:29:22.493: iteration 3 finished in 114.589532 seconds
2021-12-15 16:29:22.941: epoch 3:	0.00225678  	0.00188566  	0.01382075  	0.02340950  	0.00811733  	0.01078235  	0.00516147  	0.00580010  	0.00831144  	0.00926952  
2021-12-15 16:31:19.036: iteration 4 finished in 116.094715 seconds
2021-12-15 16:31:19.489: epoch 4:	0.00234705  	0.00192076  	0.01450614  	0.02412498  	0.00854100  	0.01121236  	0.00549587  	0.00614427  	0.00867420  	0.00963426  
2021-12-15 16:33:14.692: iteration 5 finished in 115.203248 seconds
2021-12-15 16:33:15.130: epoch 5:	0.00229690  	0.00195587  	0.01436739  	0.02473682  	0.00855249  	0.01146000  	0.00553915  	0.00625102  	0.00883763  	0.00992692  
2021-12-15 16:35:10.158: iteration 6 finished in 115.028670 seconds
2021-12-15 16:35:10.611: epoch 6:	0.00240723  	0.00195587  	0.01541553  	0.02452284  	0.00884663  	0.01143494  	0.00561147  	0.00623132  	0.00900017  	0.00999577  
2021-12-15 16:37:05.293: iteration 7 finished in 114.681561 seconds
2021-12-15 16:37:05.742: epoch 7:	0.00238717  	0.00203109  	0.01534031  	0.02542555  	0.00879015  	0.01164190  	0.00557267  	0.00624782  	0.00884916  	0.00992555  
2021-12-15 16:39:00.271: iteration 8 finished in 114.528415 seconds
2021-12-15 16:39:00.730: epoch 8:	0.00249750  	0.00203611  	0.01591537  	0.02542388  	0.00899384  	0.01167426  	0.00565114  	0.00628287  	0.00891814  	0.00992135  
2021-12-15 16:40:55.711: iteration 9 finished in 114.981490 seconds
2021-12-15 16:40:56.164: epoch 9:	0.00251756  	0.00203611  	0.01609089  	0.02551582  	0.00895504  	0.01162595  	0.00555546  	0.00619638  	0.00880546  	0.00980031  
2021-12-15 16:42:50.519: iteration 10 finished in 114.355196 seconds
2021-12-15 16:42:50.994: epoch 10:	0.00251756  	0.00204614  	0.01585686  	0.02568634  	0.00879563  	0.01156806  	0.00540269  	0.00607998  	0.00864709  	0.00965913  
2021-12-15 16:44:46.323: iteration 11 finished in 115.328793 seconds
2021-12-15 16:44:46.780: epoch 11:	0.00254765  	0.00205115  	0.01586355  	0.02584514  	0.00873257  	0.01151241  	0.00531188  	0.00598757  	0.00852362  	0.00951729  
2021-12-15 16:46:41.818: iteration 12 finished in 115.038423 seconds
2021-12-15 16:46:42.270: epoch 12:	0.00243732  	0.00204614  	0.01511965  	0.02586186  	0.00845864  	0.01145934  	0.00521373  	0.00595299  	0.00831681  	0.00939692  
2021-12-15 16:48:39.583: iteration 13 finished in 117.312468 seconds
2021-12-15 16:48:40.053: epoch 13:	0.00246741  	0.00197593  	0.01516980  	0.02485050  	0.00846755  	0.01118346  	0.00520856  	0.00587965  	0.00831180  	0.00931433  
2021-12-15 16:50:35.960: iteration 14 finished in 115.907124 seconds
2021-12-15 16:50:36.413: epoch 14:	0.00244735  	0.00199097  	0.01521660  	0.02513468  	0.00838625  	0.01114771  	0.00511447  	0.00578413  	0.00816155  	0.00916544  
2021-12-15 16:52:32.946: iteration 15 finished in 116.533040 seconds
2021-12-15 16:52:33.398: epoch 15:	0.00238717  	0.00200602  	0.01465062  	0.02522663  	0.00823388  	0.01116921  	0.00507387  	0.00578703  	0.00810559  	0.00917248  
2021-12-15 16:54:28.982: iteration 16 finished in 115.583720 seconds
2021-12-15 16:54:29.449: epoch 16:	0.00235708  	0.00201605  	0.01442160  	0.02521827  	0.00829412  	0.01130908  	0.00523091  	0.00596689  	0.00822432  	0.00932829  
2021-12-15 16:56:26.439: iteration 17 finished in 116.987005 seconds
2021-12-15 16:56:26.899: epoch 17:	0.00239720  	0.00201605  	0.01478937  	0.02507952  	0.00837729  	0.01125508  	0.00521745  	0.00591008  	0.00827335  	0.00933161  
2021-12-15 16:58:22.343: iteration 18 finished in 115.443187 seconds
2021-12-15 16:58:22.804: epoch 18:	0.00248747  	0.00199097  	0.01534604  	0.02474685  	0.00857751  	0.01119781  	0.00529936  	0.00592110  	0.00837051  	0.00934271  
2021-12-15 17:00:18.862: iteration 19 finished in 116.057603 seconds
2021-12-15 17:00:19.315: epoch 19:	0.00243732  	0.00199097  	0.01511200  	0.02479867  	0.00846954  	0.01118705  	0.00525148  	0.00589979  	0.00826308  	0.00928721  
2021-12-15 17:02:15.852: iteration 20 finished in 116.536876 seconds
2021-12-15 17:02:16.305: epoch 20:	0.00244735  	0.00197593  	0.01520729  	0.02476763  	0.00852115  	0.01119586  	0.00528651  	0.00592554  	0.00831482  	0.00931275  
2021-12-15 17:04:12.444: iteration 21 finished in 116.139005 seconds
2021-12-15 17:04:12.899: epoch 21:	0.00239720  	0.00201605  	0.01496155  	0.02505181  	0.00845206  	0.01130723  	0.00526657  	0.00595011  	0.00833660  	0.00942663  
2021-12-15 17:06:10.818: iteration 22 finished in 117.918570 seconds
2021-12-15 17:06:11.255: epoch 22:	0.00237714  	0.00203611  	0.01466901  	0.02525242  	0.00842949  	0.01142572  	0.00531308  	0.00603907  	0.00840386  	0.00953820  
2021-12-15 17:08:07.537: iteration 23 finished in 116.281751 seconds
2021-12-15 17:08:07.990: epoch 23:	0.00243732  	0.00203611  	0.01517386  	0.02524740  	0.00861560  	0.01147653  	0.00540783  	0.00609528  	0.00847157  	0.00956644  
2021-12-15 17:10:05.784: iteration 24 finished in 117.794120 seconds
2021-12-15 17:10:06.242: epoch 24:	0.00250753  	0.00201605  	0.01561351  	0.02504680  	0.00865734  	0.01133349  	0.00532094  	0.00596575  	0.00839256  	0.00941245  
2021-12-15 17:12:02.588: iteration 25 finished in 116.345848 seconds
2021-12-15 17:12:03.045: epoch 25:	0.00254765  	0.00202608  	0.01597292  	0.02495247  	0.00868259  	0.01125710  	0.00526192  	0.00587780  	0.00825564  	0.00925828  
2021-12-15 17:13:59.216: iteration 26 finished in 116.171196 seconds
2021-12-15 17:13:59.670: epoch 26:	0.00254765  	0.00200100  	0.01590605  	0.02464321  	0.00873107  	0.01124253  	0.00533273  	0.00594132  	0.00833182  	0.00931006  
2021-12-15 17:15:55.649: iteration 27 finished in 115.979920 seconds
2021-12-15 17:15:56.124: epoch 27:	0.00256771  	0.00200602  	0.01612337  	0.02476859  	0.00880663  	0.01128530  	0.00536925  	0.00596499  	0.00836991  	0.00933593  
2021-12-15 17:17:52.431: iteration 28 finished in 116.307204 seconds
2021-12-15 17:17:52.889: epoch 28:	0.00254765  	0.00203109  	0.01597292  	0.02507785  	0.00889202  	0.01150121  	0.00551869  	0.00614815  	0.00853780  	0.00955330  
2021-12-15 17:19:49.155: iteration 29 finished in 116.265085 seconds
2021-12-15 17:19:49.615: epoch 29:	0.00258777  	0.00202608  	0.01619860  	0.02496083  	0.00891474  	0.01142632  	0.00549048  	0.00609897  	0.00846540  	0.00942943  
2021-12-15 17:21:46.138: iteration 30 finished in 116.522873 seconds
2021-12-15 17:21:46.593: epoch 30:	0.00259780  	0.00202608  	0.01641591  	0.02490232  	0.00898993  	0.01142894  	0.00553754  	0.00611723  	0.00853601  	0.00948244  
2021-12-15 17:23:44.156: iteration 31 finished in 117.562230 seconds
2021-12-15 17:23:44.620: epoch 31:	0.00257774  	0.00203109  	0.01622367  	0.02516477  	0.00896113  	0.01151067  	0.00554851  	0.00616166  	0.00854970  	0.00952535  
2021-12-15 17:25:42.481: iteration 32 finished in 117.861450 seconds
2021-12-15 17:25:42.935: epoch 32:	0.00256771  	0.00201103  	0.01613173  	0.02512298  	0.00887216  	0.01140765  	0.00545221  	0.00606136  	0.00845970  	0.00941449  
2021-12-15 17:27:41.042: iteration 33 finished in 118.106811 seconds
2021-12-15 17:27:41.506: epoch 33:	0.00254765  	0.00198094  	0.01598128  	0.02491402  	0.00885599  	0.01136720  	0.00548085  	0.00608639  	0.00848159  	0.00943126  
2021-12-15 17:29:39.136: iteration 34 finished in 117.629545 seconds
2021-12-15 17:29:39.589: epoch 34:	0.00256771  	0.00198094  	0.01605650  	0.02474685  	0.00890884  	0.01136274  	0.00551918  	0.00611302  	0.00855730  	0.00948234  
2021-12-15 17:31:35.369: iteration 35 finished in 115.780534 seconds
2021-12-15 17:31:35.820: epoch 35:	0.00249750  	0.00195085  	0.01576898  	0.02435902  	0.00882892  	0.01129347  	0.00552722  	0.00613462  	0.00852454  	0.00947371  
2021-12-15 17:33:31.551: iteration 36 finished in 115.729594 seconds
2021-12-15 17:33:32.008: epoch 36:	0.00250753  	0.00196590  	0.01585758  	0.02462649  	0.00892354  	0.01142175  	0.00563493  	0.00624494  	0.00862078  	0.00957053  
2021-12-15 17:35:28.422: iteration 37 finished in 116.413501 seconds
2021-12-15 17:35:28.865: epoch 37:	0.00248747  	0.00195587  	0.01577399  	0.02457634  	0.00892134  	0.01143266  	0.00565990  	0.00627593  	0.00865991  	0.00962126  
2021-12-15 17:37:24.616: iteration 38 finished in 115.751173 seconds
2021-12-15 17:37:25.067: epoch 38:	0.00250753  	0.00197593  	0.01595788  	0.02491903  	0.00897871  	0.01152252  	0.00568199  	0.00629847  	0.00867794  	0.00964873  
2021-12-15 17:39:22.315: iteration 39 finished in 117.247703 seconds
2021-12-15 17:39:22.776: epoch 39:	0.00254765  	0.00199599  	0.01614845  	0.02494745  	0.00890585  	0.01140653  	0.00553321  	0.00613327  	0.00846353  	0.00940723  
2021-12-15 17:41:18.619: iteration 40 finished in 115.842677 seconds
2021-12-15 17:41:19.088: epoch 40:	0.00254765  	0.00201605  	0.01613173  	0.02528680  	0.00894055  	0.01153069  	0.00557268  	0.00619390  	0.00856753  	0.00954038  
2021-12-15 17:43:15.257: iteration 41 finished in 116.168924 seconds
2021-12-15 17:43:15.710: epoch 41:	0.00249750  	0.00201103  	0.01586092  	0.02516143  	0.00887997  	0.01153492  	0.00558083  	0.00622475  	0.00857844  	0.00959854  
2021-12-15 17:45:12.642: iteration 42 finished in 116.932787 seconds
2021-12-15 17:45:13.098: epoch 42:	0.00250753  	0.00203611  	0.01566032  	0.02545397  	0.00877895  	0.01154378  	0.00548820  	0.00615630  	0.00847833  	0.00951597  
2021-12-15 17:47:09.645: iteration 43 finished in 116.546436 seconds
2021-12-15 17:47:10.111: epoch 43:	0.00244735  	0.00202106  	0.01525075  	0.02532024  	0.00870752  	0.01156274  	0.00553251  	0.00623286  	0.00847598  	0.00955974  
2021-12-15 17:49:07.408: iteration 44 finished in 117.297158 seconds
2021-12-15 17:49:07.860: epoch 44:	0.00243732  	0.00202106  	0.01501672  	0.02527845  	0.00868707  	0.01159142  	0.00556099  	0.00628098  	0.00852685  	0.00961015  
2021-12-15 17:51:04.772: iteration 45 finished in 116.911593 seconds
2021-12-15 17:51:05.225: epoch 45:	0.00248747  	0.00203109  	0.01545136  	0.02552920  	0.00875776  	0.01158563  	0.00552374  	0.00621176  	0.00850603  	0.00954991  
2021-12-15 17:53:02.447: iteration 46 finished in 117.222244 seconds
2021-12-15 17:53:02.900: epoch 46:	0.00245738  	0.00204112  	0.01515380  	0.02559607  	0.00872153  	0.01165737  	0.00556078  	0.00628095  	0.00855825  	0.00964378  
2021-12-15 17:55:00.643: iteration 47 finished in 117.742857 seconds
2021-12-15 17:55:01.127: epoch 47:	0.00242729  	0.00205617  	0.01499499  	0.02571308  	0.00861705  	0.01164178  	0.00547945  	0.00622050  	0.00844303  	0.00957249  
2021-12-15 17:56:57.261: iteration 48 finished in 116.134809 seconds
2021-12-15 17:56:57.705: epoch 48:	0.00244735  	0.00205115  	0.01512872  	0.02561780  	0.00863088  	0.01159703  	0.00546113  	0.00618779  	0.00839200  	0.00950658  
2021-12-15 17:58:53.060: iteration 49 finished in 115.354748 seconds
2021-12-15 17:58:53.508: epoch 49:	0.00241726  	0.00204614  	0.01497827  	0.02554759  	0.00848769  	0.01148373  	0.00534077  	0.00607341  	0.00822455  	0.00935841  
2021-12-15 18:00:50.403: iteration 50 finished in 116.894433 seconds
2021-12-15 18:00:50.848: epoch 50:	0.00241726  	0.00205115  	0.01499499  	0.02566460  	0.00844654  	0.01146017  	0.00527293  	0.00600646  	0.00818618  	0.00932248  
