2021-12-14 20:21:01.669: Dataset name: u2
The number of users: 6563
The number of items: 6563
The number of ratings: 103110
Average actions of users: 15.71
Average actions of items: 15.71
The sparsity of the dataset: 99.760616%
2021-12-14 20:21:01.669: 

NeuRec hyperparameters:
recommender=WRMF
config_dir=./conf
gpu_id=0
gpu_mem=0.5
data.input.path=D:\hsyoo\Workingon_210628/_Data/wiki-vote/noniid-in-barrier/u2/
data.input.dataset=u2
data.output.path=D:\hsyoo\Workingon_210628/_Emb/wiki-vote/noniid-in-barrier/wrmf/u2_wrmf_directed_dim16_uniform_send.emb
data.column.format=UI
data.convert.separator='\t'
user_min=0
item_min=0
splitter=given
ratio=0.8
by_time=False
metric=["Precision", "Recall", "NDCG", "MAP", "MRR"]
topk=[10, 20]
group_view=None
rec.evaluate.neg=0
test_batch_size=128
num_thread=8
data.index.remap=False

WRMF's hyperparameters:
epochs=50
embedding_size=16
reg_mf=0.1
alpha=10
init_method=uniform
stddev=0.01
verbose=1
weight=uniform

2021-12-14 20:22:51.019: metrics:	Precision@10	Precision@20	Recall@10   	Recall@20   	NDCG@10     	NDCG@20     	MAP@10      	MAP@20      	MRR@10      	MRR@20      
2021-12-14 20:22:56.882: iteration 1 finished in 5.862323 seconds
2021-12-14 20:22:56.973: epoch 1:	0.01651029  	0.01547836  	0.02053008  	0.03899537  	0.02214921  	0.02715289  	0.01042586  	0.01043635  	0.04004661  	0.04456878  
2021-12-14 20:23:01.660: iteration 2 finished in 4.687463 seconds
2021-12-14 20:23:01.730: epoch 2:	0.03823619  	0.03641666  	0.06057960  	0.11161377  	0.05655169  	0.07190391  	0.02827776  	0.03022897  	0.09550369  	0.10349643  
2021-12-14 20:23:06.376: iteration 3 finished in 4.646574 seconds
2021-12-14 20:23:06.446: epoch 3:	0.04243879  	0.03939983  	0.06577270  	0.11791973  	0.06164560  	0.07678296  	0.03058591  	0.03214757  	0.10327200  	0.11143474  
2021-12-14 20:23:11.117: iteration 4 finished in 4.670354 seconds
2021-12-14 20:23:11.179: epoch 4:	0.04423989  	0.04050679  	0.06832131  	0.11897381  	0.06465432  	0.07911015  	0.03235858  	0.03384778  	0.10879973  	0.11617070  
2021-12-14 20:23:15.842: iteration 5 finished in 4.663330 seconds
2021-12-14 20:23:15.921: epoch 5:	0.04514046  	0.04187640  	0.07051014  	0.12397519  	0.06651423  	0.08180081  	0.03360515  	0.03532945  	0.11175697  	0.11896763  
2021-12-14 20:23:20.655: iteration 6 finished in 4.734357 seconds
2021-12-14 20:23:20.733: epoch 6:	0.04630369  	0.04210154  	0.07007819  	0.12418967  	0.06754297  	0.08253714  	0.03445405  	0.03585292  	0.11331225  	0.12080013  
2021-12-14 20:23:25.409: iteration 7 finished in 4.676068 seconds
2021-12-14 20:23:25.477: epoch 7:	0.04656636  	0.04260812  	0.07156248  	0.12715837  	0.06772597  	0.08318269  	0.03435927  	0.03580901  	0.11234219  	0.11990936  
2021-12-14 20:23:30.164: iteration 8 finished in 4.687463 seconds
2021-12-14 20:23:30.235: epoch 8:	0.04645379  	0.04238296  	0.07148666  	0.12512505  	0.06794100  	0.08295369  	0.03473465  	0.03603607  	0.11293404  	0.12053812  
2021-12-14 20:23:34.894: iteration 9 finished in 4.658540 seconds
2021-12-14 20:23:34.963: epoch 9:	0.04652883  	0.04264563  	0.07139156  	0.12732705  	0.06799292  	0.08372895  	0.03490850  	0.03641615  	0.11205357  	0.12002150  
2021-12-14 20:23:39.645: iteration 10 finished in 4.681480 seconds
2021-12-14 20:23:39.716: epoch 10:	0.04619113  	0.04255182  	0.07081927  	0.12515558  	0.06806889  	0.08359713  	0.03513697  	0.03662302  	0.11294906  	0.12098888  
2021-12-14 20:23:44.373: iteration 11 finished in 4.657542 seconds
2021-12-14 20:23:44.439: epoch 11:	0.04667893  	0.04257059  	0.07227444  	0.12507285  	0.06896195  	0.08388274  	0.03566772  	0.03684338  	0.11383764  	0.12178506  
2021-12-14 20:23:49.310: iteration 12 finished in 4.870973 seconds
2021-12-14 20:23:49.382: epoch 12:	0.04656636  	0.04287078  	0.07199601  	0.12574327  	0.06918205  	0.08449857  	0.03583410  	0.03714670  	0.11522830  	0.12316170  
2021-12-14 20:23:54.021: iteration 13 finished in 4.638594 seconds
2021-12-14 20:23:54.090: epoch 13:	0.04690406  	0.04260810  	0.07283276  	0.12593761  	0.06947182  	0.08426224  	0.03589215  	0.03693385  	0.11506611  	0.12300695  
2021-12-14 20:23:58.742: iteration 14 finished in 4.650562 seconds
2021-12-14 20:23:58.809: epoch 14:	0.04712921  	0.04273945  	0.07194400  	0.12648377  	0.06947143  	0.08454342  	0.03601613  	0.03703715  	0.11510768  	0.12339086  
2021-12-14 20:24:03.546: iteration 15 finished in 4.737331 seconds
2021-12-14 20:24:03.618: epoch 15:	0.04716673  	0.04285203  	0.07227508  	0.12627351  	0.06964244  	0.08471405  	0.03608241  	0.03718619  	0.11532017  	0.12358525  
2021-12-14 20:24:08.302: iteration 16 finished in 4.684473 seconds
2021-12-14 20:24:08.370: epoch 16:	0.04727929  	0.04290832  	0.07287950  	0.12628290  	0.06990642  	0.08485894  	0.03613841  	0.03721506  	0.11599477  	0.12405971  
2021-12-14 20:24:13.011: iteration 17 finished in 4.640134 seconds
2021-12-14 20:24:13.089: epoch 17:	0.04716673  	0.04294585  	0.07242856  	0.12681615  	0.07031370  	0.08555488  	0.03666271  	0.03787874  	0.11736871  	0.12550403  
2021-12-14 20:24:17.733: iteration 18 finished in 4.643255 seconds
2021-12-14 20:24:17.795: epoch 18:	0.04720425  	0.04318976  	0.07226329  	0.12756129  	0.07049926  	0.08603562  	0.03681876  	0.03809629  	0.11813304  	0.12639108  
2021-12-14 20:24:22.454: iteration 19 finished in 4.659262 seconds
2021-12-14 20:24:22.523: epoch 19:	0.04716673  	0.04333984  	0.07169132  	0.12834281  	0.07029720  	0.08629368  	0.03676548  	0.03818788  	0.11743929  	0.12585737  
2021-12-14 20:24:27.191: iteration 20 finished in 4.667517 seconds
2021-12-14 20:24:27.262: epoch 20:	0.04712921  	0.04345242  	0.07139537  	0.12905633  	0.07016715  	0.08652021  	0.03668123  	0.03823317  	0.11725120  	0.12587973  
2021-12-14 20:24:31.928: iteration 21 finished in 4.666521 seconds
2021-12-14 20:24:31.994: epoch 21:	0.04727931  	0.04350871  	0.07144510  	0.12855126  	0.07019116  	0.08642469  	0.03663286  	0.03814468  	0.11732606  	0.12592338  
2021-12-14 20:24:36.685: iteration 22 finished in 4.691453 seconds
2021-12-14 20:24:36.753: epoch 22:	0.04716673  	0.04360253  	0.07102503  	0.12947315  	0.06998464  	0.08663069  	0.03649455  	0.03804779  	0.11744668  	0.12642223  
2021-12-14 20:24:41.430: iteration 23 finished in 4.675496 seconds
2021-12-14 20:24:41.497: epoch 23:	0.04742940  	0.04380890  	0.07222989  	0.12976131  	0.07055295  	0.08699879  	0.03677595  	0.03827856  	0.11794745  	0.12681168  
2021-12-14 20:24:46.163: iteration 24 finished in 4.665524 seconds
2021-12-14 20:24:46.234: epoch 24:	0.04731683  	0.04379015  	0.07250549  	0.12972389  	0.07057308  	0.08700753  	0.03678925  	0.03831870  	0.11784426  	0.12678343  
2021-12-14 20:24:50.901: iteration 25 finished in 4.667518 seconds
2021-12-14 20:24:50.968: epoch 25:	0.04739188  	0.04369634  	0.07269741  	0.12969236  	0.07063615  	0.08693077  	0.03679063  	0.03829215  	0.11786541  	0.12677099  
2021-12-14 20:24:55.613: iteration 26 finished in 4.644579 seconds
2021-12-14 20:24:55.682: epoch 26:	0.04727931  	0.04371510  	0.07275004  	0.13019583  	0.07076445  	0.08723269  	0.03694740  	0.03847874  	0.11826506  	0.12733643  
2021-12-14 20:25:00.351: iteration 27 finished in 4.669512 seconds
2021-12-14 20:25:00.419: epoch 27:	0.04724178  	0.04377138  	0.07318080  	0.13070022  	0.07064091  	0.08720904  	0.03672708  	0.03834690  	0.11761852  	0.12656584  
2021-12-14 20:25:05.141: iteration 28 finished in 4.722369 seconds
2021-12-14 20:25:05.210: epoch 28:	0.04731683  	0.04390271  	0.07340042  	0.13054848  	0.07076010  	0.08727570  	0.03673538  	0.03836028  	0.11786080  	0.12683995  
2021-12-14 20:25:09.892: iteration 29 finished in 4.681479 seconds
2021-12-14 20:25:09.960: epoch 29:	0.04720426  	0.04399652  	0.07349116  	0.13109475  	0.07062204  	0.08734804  	0.03657129  	0.03828865  	0.11760914  	0.12654689  
2021-12-14 20:25:14.613: iteration 30 finished in 4.651746 seconds
2021-12-14 20:25:14.676: epoch 30:	0.04735435  	0.04399652  	0.07372522  	0.13097371  	0.07087889  	0.08744451  	0.03672254  	0.03836143  	0.11798023  	0.12699153  
2021-12-14 20:25:19.343: iteration 31 finished in 4.667029 seconds
2021-12-14 20:25:19.405: epoch 31:	0.04739187  	0.04403405  	0.07358111  	0.13144179  	0.07096800  	0.08763121  	0.03679158  	0.03844441  	0.11847609  	0.12747748  
2021-12-14 20:25:24.105: iteration 32 finished in 4.699779 seconds
2021-12-14 20:25:24.173: epoch 32:	0.04750444  	0.04397776  	0.07369309  	0.13075021  	0.07094626  	0.08735000  	0.03672944  	0.03831109  	0.11811572  	0.12706874  
2021-12-14 20:25:28.852: iteration 33 finished in 4.679486 seconds
2021-12-14 20:25:28.920: epoch 33:	0.04750444  	0.04401529  	0.07362626  	0.13118340  	0.07085315  	0.08738370  	0.03666516  	0.03826951  	0.11782059  	0.12679134  
2021-12-14 20:25:33.606: iteration 34 finished in 4.685469 seconds
2021-12-14 20:25:33.676: epoch 34:	0.04754196  	0.04412787  	0.07384976  	0.13203689  	0.07099454  	0.08770578  	0.03681684  	0.03845243  	0.11784025  	0.12686731  
2021-12-14 20:25:38.377: iteration 35 finished in 4.700429 seconds
2021-12-14 20:25:38.444: epoch 35:	0.04746692  	0.04410911  	0.07363468  	0.13115068  	0.07100391  	0.08760601  	0.03694524  	0.03855013  	0.11780108  	0.12691312  
2021-12-14 20:25:43.116: iteration 36 finished in 4.671506 seconds
2021-12-14 20:25:43.187: epoch 36:	0.04746692  	0.04405282  	0.07369514  	0.13071956  	0.07096906  	0.08741932  	0.03690542  	0.03847658  	0.11759483  	0.12664302  
2021-12-14 20:25:47.894: iteration 37 finished in 4.707411 seconds
2021-12-14 20:25:47.961: epoch 37:	0.04750444  	0.04397777  	0.07365366  	0.13050179  	0.07095491  	0.08727968  	0.03688377  	0.03841882  	0.11754527  	0.12649314  
2021-12-14 20:25:52.654: iteration 38 finished in 4.691453 seconds
2021-12-14 20:25:52.721: epoch 38:	0.04746692  	0.04401529  	0.07323117  	0.13071710  	0.07084513  	0.08737867  	0.03687705  	0.03851201  	0.11732011  	0.12628055  
2021-12-14 20:25:57.403: iteration 39 finished in 4.681479 seconds
2021-12-14 20:25:57.474: epoch 39:	0.04757948  	0.04397777  	0.07328083  	0.13049929  	0.07088798  	0.08728829  	0.03684233  	0.03844102  	0.11740647  	0.12629043  
2021-12-14 20:26:02.158: iteration 40 finished in 4.684472 seconds
2021-12-14 20:26:02.226: epoch 40:	0.04787967  	0.04397776  	0.07384451  	0.13068648  	0.07126049  	0.08741160  	0.03699522  	0.03850006  	0.11794941  	0.12667409  
2021-12-14 20:26:06.908: iteration 41 finished in 4.682476 seconds
2021-12-14 20:26:06.976: epoch 41:	0.04765453  	0.04407158  	0.07342222  	0.13088326  	0.07109004  	0.08750647  	0.03697991  	0.03854755  	0.11790352  	0.12674630  
2021-12-14 20:26:11.669: iteration 42 finished in 4.693069 seconds
2021-12-14 20:26:11.732: epoch 42:	0.04757948  	0.04407158  	0.07281564  	0.13158427  	0.07065604  	0.08737708  	0.03663993  	0.03825471  	0.11727903  	0.12627821  
2021-12-14 20:26:16.410: iteration 43 finished in 4.678236 seconds
2021-12-14 20:26:16.472: epoch 43:	0.04757949  	0.04409035  	0.07278627  	0.13165359  	0.07063474  	0.08738366  	0.03665491  	0.03826252  	0.11694607  	0.12601236  
2021-12-14 20:26:21.134: iteration 44 finished in 4.661241 seconds
2021-12-14 20:26:21.196: epoch 44:	0.04761701  	0.04416540  	0.07300045  	0.13196401  	0.07072739  	0.08752448  	0.03668584  	0.03831033  	0.11707889  	0.12613456  
2021-12-14 20:26:25.892: iteration 45 finished in 4.696146 seconds
2021-12-14 20:26:25.962: epoch 45:	0.04769206  	0.04407159  	0.07312767  	0.13154389  	0.07093752  	0.08750448  	0.03683730  	0.03837965  	0.11760797  	0.12656716  
2021-12-14 20:26:30.638: iteration 46 finished in 4.675496 seconds
2021-12-14 20:26:30.705: epoch 46:	0.04761701  	0.04405283  	0.07288383  	0.13183086  	0.07080863  	0.08751817  	0.03679032  	0.03835907  	0.11752726  	0.12654597  
2021-12-14 20:26:35.413: iteration 47 finished in 4.707410 seconds
2021-12-14 20:26:35.480: epoch 47:	0.04754196  	0.04401531  	0.07290874  	0.13158241  	0.07073722  	0.08739516  	0.03673512  	0.03830286  	0.11743194  	0.12645160  
2021-12-14 20:26:40.152: iteration 48 finished in 4.671506 seconds
2021-12-14 20:26:40.220: epoch 48:	0.04754196  	0.04410911  	0.07286545  	0.13133043  	0.07082389  	0.08749359  	0.03680511  	0.03838595  	0.11784378  	0.12688440  
2021-12-14 20:26:44.897: iteration 49 finished in 4.675495 seconds
2021-12-14 20:26:44.962: epoch 49:	0.04750444  	0.04416540  	0.07270444  	0.13142230  	0.07080762  	0.08756041  	0.03681760  	0.03840824  	0.11800162  	0.12707552  
2021-12-14 20:26:49.631: iteration 50 finished in 4.668514 seconds
2021-12-14 20:26:49.702: epoch 50:	0.04757948  	0.04412787  	0.07286080  	0.13122664  	0.07082634  	0.08744536  	0.03679878  	0.03833929  	0.11787403  	0.12686610  
