2021-12-15 03:22:55.872: Dataset name: u2
The number of users: 27073
The number of items: 27073
The number of ratings: 82961
Average actions of users: 3.06
Average actions of items: 3.06
The sparsity of the dataset: 99.988681%
2021-12-15 03:22:55.872: 

NeuRec hyperparameters:
recommender=WRMF
config_dir=./conf
gpu_id=0
gpu_mem=0.5
data.input.path=D:\hsyoo\Workingon_210628/_Data/digg/noniid-in-barrier/u2/
data.input.dataset=u2
data.output.path=D:\hsyoo\Workingon_210628/_Emb/digg/noniid-in-barrier/wrmf/u2_wrmf_directed_dim16_uniform_send.emb
data.column.format=UI
data.convert.separator='\t'
user_min=0
item_min=0
splitter=given
ratio=0.8
by_time=False
metric=["Precision", "Recall", "NDCG", "MAP", "MRR"]
topk=[10, 20]
group_view=None
rec.evaluate.neg=0
test_batch_size=128
num_thread=8
data.index.remap=False

WRMF's hyperparameters:
epochs=50
embedding_size=16
reg_mf=0.1
alpha=10
init_method=uniform
stddev=0.01
verbose=1
weight=uniform

2021-12-15 03:53:42.390: metrics:	Precision@10	Precision@20	Recall@10   	Recall@20   	NDCG@10     	NDCG@20     	MAP@10      	MAP@20      	MRR@10      	MRR@20      
2021-12-15 03:55:29.412: iteration 1 finished in 107.021746 seconds
2021-12-15 03:55:29.739: epoch 1:	0.00017145  	0.00020003  	0.00132559  	0.00251917  	0.00066792  	0.00101180  	0.00041606  	0.00049624  	0.00055501  	0.00071226  
2021-12-15 03:57:16.503: iteration 2 finished in 106.764323 seconds
2021-12-15 03:57:16.823: epoch 2:	0.00027147  	0.00020717  	0.00167343  	0.00286407  	0.00087862  	0.00118421  	0.00052470  	0.00060068  	0.00083640  	0.00092782  
2021-12-15 03:59:02.266: iteration 3 finished in 105.442921 seconds
2021-12-15 03:59:02.584: epoch 3:	0.00032862  	0.00025004  	0.00207824  	0.00314387  	0.00098872  	0.00129041  	0.00052602  	0.00060115  	0.00091736  	0.00103337  
2021-12-15 04:00:49.291: iteration 4 finished in 106.705687 seconds
2021-12-15 04:00:49.612: epoch 4:	0.00032862  	0.00025718  	0.00188774  	0.00307720  	0.00092304  	0.00124512  	0.00047847  	0.00055399  	0.00089911  	0.00101420  
2021-12-15 04:02:34.338: iteration 5 finished in 104.726044 seconds
2021-12-15 04:02:34.651: epoch 5:	0.00031433  	0.00025004  	0.00174486  	0.00279825  	0.00089980  	0.00121262  	0.00050408  	0.00058650  	0.00088136  	0.00101839  
2021-12-15 04:04:19.948: iteration 6 finished in 105.297801 seconds
2021-12-15 04:04:20.261: epoch 6:	0.00034291  	0.00027147  	0.00195918  	0.00297129  	0.00095799  	0.00125599  	0.00051668  	0.00058912  	0.00090801  	0.00104245  
2021-12-15 04:06:05.523: iteration 7 finished in 105.262521 seconds
2021-12-15 04:06:05.834: epoch 7:	0.00031433  	0.00027147  	0.00192091  	0.00286651  	0.00090973  	0.00120201  	0.00048793  	0.00055244  	0.00084451  	0.00100608  
2021-12-15 04:07:51.517: iteration 8 finished in 105.681211 seconds
2021-12-15 04:07:51.845: epoch 8:	0.00027147  	0.00028575  	0.00159943  	0.00298274  	0.00081052  	0.00123128  	0.00045738  	0.00055559  	0.00079393  	0.00100378  
2021-12-15 04:09:36.268: iteration 9 finished in 104.423200 seconds
2021-12-15 04:09:36.592: epoch 9:	0.00025718  	0.00027147  	0.00142322  	0.00280839  	0.00077746  	0.00119423  	0.00045846  	0.00055655  	0.00080465  	0.00100563  
2021-12-15 04:11:22.259: iteration 10 finished in 105.665584 seconds
2021-12-15 04:11:22.580: epoch 10:	0.00025718  	0.00027147  	0.00136766  	0.00282200  	0.00076143  	0.00119533  	0.00045456  	0.00055568  	0.00079734  	0.00100268  
2021-12-15 04:13:06.863: iteration 11 finished in 104.282699 seconds
2021-12-15 04:13:07.184: epoch 11:	0.00024289  	0.00026432  	0.00132797  	0.00267912  	0.00075726  	0.00116510  	0.00046727  	0.00055816  	0.00078401  	0.00098671  
2021-12-15 04:14:50.858: iteration 12 finished in 103.674533 seconds
2021-12-15 04:14:51.173: epoch 12:	0.00020003  	0.00025718  	0.00114143  	0.00253625  	0.00068347  	0.00112391  	0.00045602  	0.00055436  	0.00068519  	0.00091842  
2021-12-15 04:16:35.042: iteration 13 finished in 103.869143 seconds
2021-12-15 04:16:35.360: epoch 13:	0.00022860  	0.00025718  	0.00122716  	0.00241378  	0.00070529  	0.00108290  	0.00045362  	0.00053418  	0.00068757  	0.00088649  
2021-12-15 04:18:19.634: iteration 14 finished in 104.273129 seconds
2021-12-15 04:18:19.962: epoch 14:	0.00018574  	0.00027147  	0.00106999  	0.00238335  	0.00062402  	0.00105962  	0.00041209  	0.00050257  	0.00061358  	0.00086072  
2021-12-15 04:20:03.767: iteration 15 finished in 103.804951 seconds
2021-12-15 04:20:04.091: epoch 15:	0.00018574  	0.00027147  	0.00106047  	0.00235121  	0.00062062  	0.00104752  	0.00041113  	0.00049802  	0.00061358  	0.00085492  
2021-12-15 04:21:47.493: iteration 16 finished in 103.402514 seconds
2021-12-15 04:21:47.832: epoch 16:	0.00020003  	0.00026432  	0.00108088  	0.00238692  	0.00061905  	0.00103358  	0.00039867  	0.00048444  	0.00061177  	0.00083180  
2021-12-15 04:23:32.465: iteration 17 finished in 104.632892 seconds
2021-12-15 04:23:32.778: epoch 17:	0.00022860  	0.00027147  	0.00118804  	0.00265680  	0.00066589  	0.00109523  	0.00041575  	0.00050373  	0.00064493  	0.00084138  
2021-12-15 04:25:16.151: iteration 18 finished in 103.372975 seconds
2021-12-15 04:25:16.479: epoch 18:	0.00022860  	0.00026432  	0.00118804  	0.00256155  	0.00063677  	0.00103768  	0.00038245  	0.00046338  	0.00058058  	0.00076394  
2021-12-15 04:27:00.086: iteration 19 finished in 103.607031 seconds
2021-12-15 04:27:00.410: epoch 19:	0.00022860  	0.00026432  	0.00118804  	0.00259370  	0.00062120  	0.00102933  	0.00036497  	0.00044783  	0.00056096  	0.00074187  
2021-12-15 04:28:44.298: iteration 20 finished in 103.887951 seconds
2021-12-15 04:28:44.627: epoch 20:	0.00021432  	0.00025718  	0.00117216  	0.00245834  	0.00061195  	0.00099461  	0.00036358  	0.00044155  	0.00054866  	0.00073408  
2021-12-15 04:30:28.757: iteration 21 finished in 104.130368 seconds
2021-12-15 04:30:29.078: epoch 21:	0.00022860  	0.00024289  	0.00118804  	0.00229165  	0.00061779  	0.00094484  	0.00035886  	0.00042440  	0.00057480  	0.00073027  
2021-12-15 04:32:12.809: iteration 22 finished in 103.729355 seconds
2021-12-15 04:32:13.121: epoch 22:	0.00021432  	0.00025004  	0.00117216  	0.00236309  	0.00059736  	0.00095495  	0.00034584  	0.00041690  	0.00053948  	0.00071897  
2021-12-15 04:33:57.137: iteration 23 finished in 104.015701 seconds
2021-12-15 04:33:57.457: epoch 23:	0.00021432  	0.00025004  	0.00117216  	0.00221783  	0.00059163  	0.00091965  	0.00033995  	0.00040392  	0.00053358  	0.00071484  
2021-12-15 04:35:41.452: iteration 24 finished in 103.995381 seconds
2021-12-15 04:35:41.773: epoch 24:	0.00021432  	0.00026432  	0.00117216  	0.00243215  	0.00058993  	0.00096840  	0.00033782  	0.00041127  	0.00053273  	0.00072580  
2021-12-15 04:37:25.395: iteration 25 finished in 103.622625 seconds
2021-12-15 04:37:25.726: epoch 25:	0.00021432  	0.00026432  	0.00117216  	0.00243572  	0.00059493  	0.00097662  	0.00034085  	0.00041595  	0.00055790  	0.00075365  
2021-12-15 04:39:09.818: iteration 26 finished in 104.092075 seconds
2021-12-15 04:39:10.147: epoch 26:	0.00021432  	0.00025718  	0.00120788  	0.00249072  	0.00059714  	0.00097510  	0.00033790  	0.00041377  	0.00055019  	0.00074104  
2021-12-15 04:40:53.802: iteration 27 finished in 103.654199 seconds
2021-12-15 04:40:54.098: epoch 27:	0.00022860  	0.00025718  	0.00121540  	0.00232164  	0.00060405  	0.00093792  	0.00033694  	0.00040320  	0.00056352  	0.00074518  
2021-12-15 04:42:37.758: iteration 28 finished in 103.659843 seconds
2021-12-15 04:42:38.064: epoch 28:	0.00025718  	0.00025004  	0.00129875  	0.00217877  	0.00063549  	0.00090465  	0.00034133  	0.00039418  	0.00058398  	0.00073597  
2021-12-15 04:44:21.316: iteration 29 finished in 103.250524 seconds
2021-12-15 04:44:21.634: epoch 29:	0.00022860  	0.00025718  	0.00112015  	0.00222639  	0.00057842  	0.00091991  	0.00032380  	0.00039621  	0.00055501  	0.00074364  
2021-12-15 04:46:05.548: iteration 30 finished in 103.913704 seconds
2021-12-15 04:46:05.856: epoch 30:	0.00022860  	0.00025718  	0.00112015  	0.00222639  	0.00057487  	0.00091607  	0.00032047  	0.00039261  	0.00054787  	0.00073613  
2021-12-15 04:47:49.243: iteration 31 finished in 103.387532 seconds
2021-12-15 04:47:49.559: epoch 31:	0.00020003  	0.00027147  	0.00096299  	0.00230577  	0.00052346  	0.00094002  	0.00030402  	0.00039564  	0.00051810  	0.00074953  
2021-12-15 04:49:33.667: iteration 32 finished in 104.108679 seconds
2021-12-15 04:49:33.987: epoch 32:	0.00020003  	0.00027861  	0.00096299  	0.00252009  	0.00052843  	0.00098882  	0.00030981  	0.00041112  	0.00051952  	0.00075517  
2021-12-15 04:51:19.552: iteration 33 finished in 105.564418 seconds
2021-12-15 04:51:19.867: epoch 33:	0.00021432  	0.00026432  	0.00103442  	0.00254787  	0.00054758  	0.00098124  	0.00031206  	0.00040719  	0.00051889  	0.00073105  
2021-12-15 04:53:03.928: iteration 34 finished in 104.060640 seconds
2021-12-15 04:53:04.249: epoch 34:	0.00021432  	0.00025718  	0.00103442  	0.00240499  	0.00055197  	0.00095198  	0.00031471  	0.00040201  	0.00054271  	0.00074696  
2021-12-15 04:54:48.934: iteration 35 finished in 104.684541 seconds
2021-12-15 04:54:49.253: epoch 35:	0.00022860  	0.00026432  	0.00110586  	0.00245262  	0.00057705  	0.00096718  	0.00032159  	0.00040406  	0.00055700  	0.00075480  
2021-12-15 04:56:33.908: iteration 36 finished in 104.654281 seconds
2021-12-15 04:56:34.234: epoch 36:	0.00020003  	0.00027147  	0.00095547  	0.00246849  	0.00052771  	0.00097616  	0.00030627  	0.00040470  	0.00053160  	0.00076818  
2021-12-15 04:58:19.034: iteration 37 finished in 104.800124 seconds
2021-12-15 04:58:19.346: epoch 37:	0.00022860  	0.00028575  	0.00098126  	0.00250897  	0.00054876  	0.00099604  	0.00031074  	0.00040818  	0.00056216  	0.00078823  
2021-12-15 05:00:03.403: iteration 38 finished in 104.041555 seconds
2021-12-15 05:00:03.711: epoch 38:	0.00022860  	0.00029290  	0.00097092  	0.00256510  	0.00056063  	0.00102746  	0.00031868  	0.00041956  	0.00063717  	0.00087204  
2021-12-15 05:01:47.493: iteration 39 finished in 103.782005 seconds
2021-12-15 05:01:47.805: epoch 39:	0.00024289  	0.00028575  	0.00097621  	0.00252938  	0.00057168  	0.00101589  	0.00032215  	0.00041867  	0.00065281  	0.00086841  
2021-12-15 05:03:32.236: iteration 40 finished in 104.431252 seconds
2021-12-15 05:03:32.547: epoch 40:	0.00024289  	0.00028575  	0.00097621  	0.00262464  	0.00057451  	0.00103641  	0.00032441  	0.00042567  	0.00065735  	0.00087554  
2021-12-15 05:05:16.472: iteration 41 finished in 103.924602 seconds
2021-12-15 05:05:16.787: epoch 41:	0.00022860  	0.00027861  	0.00092859  	0.00248176  	0.00055555  	0.00100269  	0.00032015  	0.00041774  	0.00064352  	0.00086776  
2021-12-15 05:07:01.601: iteration 42 finished in 104.814766 seconds
2021-12-15 05:07:01.917: epoch 42:	0.00022860  	0.00027861  	0.00090478  	0.00248176  	0.00054854  	0.00100163  	0.00031661  	0.00041646  	0.00064391  	0.00086881  
2021-12-15 05:08:45.182: iteration 43 finished in 103.265482 seconds
2021-12-15 05:08:45.497: epoch 43:	0.00024289  	0.00027861  	0.00093335  	0.00260876  	0.00055374  	0.00101803  	0.00031276  	0.00041621  	0.00062923  	0.00084018  
2021-12-15 05:10:28.774: iteration 44 finished in 103.277056 seconds
2021-12-15 05:10:29.087: epoch 44:	0.00022860  	0.00027147  	0.00088573  	0.00256113  	0.00054427  	0.00101223  	0.00031752  	0.00042316  	0.00063399  	0.00084978  
2021-12-15 05:12:12.417: iteration 45 finished in 103.329731 seconds
2021-12-15 05:12:12.725: epoch 45:	0.00022860  	0.00027861  	0.00089763  	0.00257304  	0.00054485  	0.00101544  	0.00031685  	0.00042126  	0.00062305  	0.00084730  
2021-12-15 05:13:56.614: iteration 46 finished in 103.889017 seconds
2021-12-15 05:13:56.931: epoch 46:	0.00024289  	0.00027147  	0.00090478  	0.00246588  	0.00055419  	0.00099062  	0.00031888  	0.00041520  	0.00063495  	0.00083837  
2021-12-15 05:15:40.042: iteration 47 finished in 103.111079 seconds
2021-12-15 05:15:40.353: epoch 47:	0.00025718  	0.00027861  	0.00094050  	0.00260876  	0.00056703  	0.00101934  	0.00031998  	0.00041957  	0.00064193  	0.00083765  
2021-12-15 05:17:24.263: iteration 48 finished in 103.910032 seconds
2021-12-15 05:17:24.579: epoch 48:	0.00024289  	0.00028575  	0.00090478  	0.00262305  	0.00055715  	0.00103066  	0.00032188  	0.00042450  	0.00064096  	0.00085454  
2021-12-15 05:19:09.581: iteration 49 finished in 105.002681 seconds
2021-12-15 05:19:09.894: epoch 49:	0.00022860  	0.00027861  	0.00089726  	0.00248017  	0.00056628  	0.00101803  	0.00033975  	0.00043812  	0.00065922  	0.00088027  
2021-12-15 05:20:53.174: iteration 50 finished in 103.279927 seconds
2021-12-15 05:20:53.486: epoch 50:	0.00021432  	0.00027861  	0.00088297  	0.00248017  	0.00059170  	0.00105202  	0.00037528  	0.00047510  	0.00072510  	0.00095824  
