2021-12-15 00:19:24.628: Dataset name: u2
The number of users: 4050
The number of items: 4050
The number of ratings: 39483
Average actions of users: 9.75
Average actions of items: 9.75
The sparsity of the dataset: 99.759287%
2021-12-15 00:19:24.629: 

NeuRec hyperparameters:
recommender=WRMF
config_dir=./conf
gpu_id=0
gpu_mem=0.5
data.input.path=D:\hsyoo\Workingon_210628/_Data/ciaodvd/noniid-out-barrier/u2/
data.input.dataset=u2
data.output.path=D:\hsyoo\Workingon_210628/_Emb/ciaodvd/noniid-out-barrier/wrmf/u2_wrmf_directed_dim16_uniform_send.emb
data.column.format=UI
data.convert.separator='\t'
user_min=0
item_min=0
splitter=given
ratio=0.8
by_time=False
metric=["Precision", "Recall", "NDCG", "MAP", "MRR"]
topk=[10, 20]
group_view=None
rec.evaluate.neg=0
test_batch_size=128
num_thread=8
data.index.remap=False

WRMF's hyperparameters:
epochs=50
embedding_size=16
reg_mf=0.1
alpha=10
init_method=uniform
stddev=0.01
verbose=1
weight=uniform

2021-12-15 00:20:07.175: metrics:	Precision@10	Precision@20	Recall@10   	Recall@20   	NDCG@10     	NDCG@20     	MAP@10      	MAP@20      	MRR@10      	MRR@20      
2021-12-15 00:20:10.184: iteration 1 finished in 3.008954 seconds
2021-12-15 00:20:10.225: epoch 1:	0.02766670  	0.02437493  	0.03989749  	0.06889519  	0.03526812  	0.04812438  	0.01466502  	0.01728832  	0.07166436  	0.07896202  
2021-12-15 00:20:12.626: iteration 2 finished in 2.401312 seconds
2021-12-15 00:20:12.658: epoch 2:	0.06608307  	0.05362481  	0.09148525  	0.15055722  	0.08821279  	0.11357685  	0.04035728  	0.04690840  	0.17795134  	0.18674122  
2021-12-15 00:20:15.051: iteration 3 finished in 2.393626 seconds
2021-12-15 00:20:15.082: epoch 3:	0.07399969  	0.06041677  	0.10568339  	0.17053027  	0.09938043  	0.12785482  	0.04587543  	0.05359831  	0.19524078  	0.20380193  
2021-12-15 00:20:17.491: iteration 4 finished in 2.408986 seconds
2021-12-15 00:20:17.507: epoch 4:	0.07749967  	0.06337509  	0.11011282  	0.18044825  	0.10337005  	0.13389248  	0.04739343  	0.05579323  	0.20338920  	0.21247189  
2021-12-15 00:20:19.896: iteration 5 finished in 2.388502 seconds
2021-12-15 00:20:19.911: epoch 5:	0.07908298  	0.06425010  	0.11229202  	0.18529490  	0.10601977  	0.13718869  	0.04884541  	0.05746648  	0.20919938  	0.21842848  
2021-12-15 00:20:22.320: iteration 6 finished in 2.409137 seconds
2021-12-15 00:20:22.348: epoch 6:	0.07966630  	0.06504177  	0.11346366  	0.18798654  	0.10803644  	0.13992205  	0.04981706  	0.05871926  	0.21655555  	0.22587042  
2021-12-15 00:20:24.752: iteration 7 finished in 2.403573 seconds
2021-12-15 00:20:24.779: epoch 7:	0.08083294  	0.06425007  	0.11627594  	0.18426451  	0.11046636  	0.13991168  	0.05085370  	0.05920827  	0.22291036  	0.23155749  
2021-12-15 00:20:27.186: iteration 8 finished in 2.407561 seconds
2021-12-15 00:20:27.215: epoch 8:	0.08116629  	0.06458340  	0.11547141  	0.18682298  	0.11136350  	0.14167707  	0.05179732  	0.06034693  	0.22568588  	0.23438166  
2021-12-15 00:20:29.625: iteration 9 finished in 2.409556 seconds
2021-12-15 00:20:29.654: epoch 9:	0.08166626  	0.06462506  	0.11759046  	0.18645112  	0.11224124  	0.14180355  	0.05204950  	0.06057278  	0.22638793  	0.23441780  
2021-12-15 00:20:32.057: iteration 10 finished in 2.403574 seconds
2021-12-15 00:20:32.085: epoch 10:	0.08258294  	0.06458338  	0.11880495  	0.18667041  	0.11318630  	0.14209798  	0.05277536  	0.06112646  	0.22531308  	0.23319028  
2021-12-15 00:20:34.490: iteration 11 finished in 2.404568 seconds
2021-12-15 00:20:34.517: epoch 11:	0.08083295  	0.06454173  	0.11673123  	0.18643619  	0.11243921  	0.14259925  	0.05272979  	0.06150240  	0.22678865  	0.23511285  
2021-12-15 00:20:36.924: iteration 12 finished in 2.407561 seconds
2021-12-15 00:20:36.952: epoch 12:	0.08083296  	0.06466674  	0.11717855  	0.18590418  	0.11242247  	0.14238407  	0.05293125  	0.06165370  	0.22475912  	0.23335470  
2021-12-15 00:20:39.366: iteration 13 finished in 2.413546 seconds
2021-12-15 00:20:39.393: epoch 13:	0.08033295  	0.06487510  	0.11681718  	0.18736732  	0.11191663  	0.14256422  	0.05245086  	0.06148514  	0.22443214  	0.23299207  
2021-12-15 00:20:41.800: iteration 14 finished in 2.407562 seconds
2021-12-15 00:20:41.829: epoch 14:	0.08058295  	0.06516678  	0.11723830  	0.18955703  	0.11250094  	0.14352854  	0.05276737  	0.06179529  	0.22597384  	0.23483956  
2021-12-15 00:20:44.240: iteration 15 finished in 2.409557 seconds
2021-12-15 00:20:44.269: epoch 15:	0.08099961  	0.06445844  	0.11812100  	0.18757486  	0.11288664  	0.14269222  	0.05292165  	0.06154155  	0.22653033  	0.23491837  
2021-12-15 00:20:46.673: iteration 16 finished in 2.404568 seconds
2021-12-15 00:20:46.700: epoch 16:	0.08083295  	0.06462510  	0.11748287  	0.18798849  	0.11207320  	0.14233534  	0.05249156  	0.06120252  	0.22351280  	0.23215513  
2021-12-15 00:20:49.110: iteration 17 finished in 2.409556 seconds
2021-12-15 00:20:49.138: epoch 17:	0.08099963  	0.06441676  	0.11706051  	0.18691379  	0.11136721  	0.14134559  	0.05191260  	0.06053319  	0.22164907  	0.23048714  
2021-12-15 00:20:51.542: iteration 18 finished in 2.404790 seconds
2021-12-15 00:20:51.558: epoch 18:	0.08141629  	0.06416675  	0.11728469  	0.18524075  	0.11103877  	0.14031352  	0.05156175  	0.05998681  	0.21955685  	0.22835246  
2021-12-15 00:20:53.969: iteration 19 finished in 2.411262 seconds
2021-12-15 00:20:54.001: epoch 19:	0.08133297  	0.06370842  	0.11724733  	0.18359508  	0.11115807  	0.13988006  	0.05165099  	0.05999393  	0.22020459  	0.22880641  
2021-12-15 00:20:56.408: iteration 20 finished in 2.407984 seconds
2021-12-15 00:20:56.440: epoch 20:	0.08149961  	0.06375009  	0.11779752  	0.18358126  	0.11177140  	0.14031091  	0.05204953  	0.06036638  	0.22181900  	0.23022321  
2021-12-15 00:20:58.845: iteration 21 finished in 2.405685 seconds
2021-12-15 00:20:58.877: epoch 21:	0.08158296  	0.06400010  	0.11815540  	0.18449579  	0.11183694  	0.14059398  	0.05201557  	0.06038389  	0.22179952  	0.23025703  
2021-12-15 00:21:01.304: iteration 22 finished in 2.427140 seconds
2021-12-15 00:21:01.335: epoch 22:	0.08133295  	0.06387509  	0.11791731  	0.18422003  	0.11142849  	0.14023232  	0.05174588  	0.06016117  	0.22104518  	0.22947003  
2021-12-15 00:21:03.725: iteration 23 finished in 2.390063 seconds
2021-12-15 00:21:03.756: epoch 23:	0.08183295  	0.06408343  	0.11866143  	0.18468696  	0.11167936  	0.14027128  	0.05177354  	0.06009106  	0.22026145  	0.22858043  
2021-12-15 00:21:06.157: iteration 24 finished in 2.400565 seconds
2021-12-15 00:21:06.188: epoch 24:	0.08141628  	0.06412509  	0.11782988  	0.18480670  	0.11112268  	0.14015646  	0.05149036  	0.05990077  	0.21988821  	0.22864497  
2021-12-15 00:21:08.600: iteration 25 finished in 2.411963 seconds
2021-12-15 00:21:08.616: epoch 25:	0.08091629  	0.06420844  	0.11719099  	0.18513702  	0.11059750  	0.14011692  	0.05120443  	0.05976456  	0.21953370  	0.22835648  
2021-12-15 00:21:11.037: iteration 26 finished in 2.405362 seconds
2021-12-15 00:21:11.068: epoch 26:	0.08066628  	0.06416678  	0.11690290  	0.18501960  	0.11047635  	0.14009030  	0.05126305  	0.05979571  	0.21960050  	0.22862482  
2021-12-15 00:21:13.462: iteration 27 finished in 2.394505 seconds
2021-12-15 00:21:13.494: epoch 27:	0.08033295  	0.06387510  	0.11585036  	0.18402526  	0.10943753  	0.13910627  	0.05055882  	0.05913338  	0.21755092  	0.22667331  
2021-12-15 00:21:15.903: iteration 28 finished in 2.409497 seconds
2021-12-15 00:21:15.919: epoch 28:	0.08049960  	0.06370842  	0.11610033  	0.18375534  	0.10933852  	0.13872637  	0.05037982  	0.05894830  	0.21688987  	0.22557640  
2021-12-15 00:21:18.338: iteration 29 finished in 2.418946 seconds
2021-12-15 00:21:18.369: epoch 29:	0.08049961  	0.06404176  	0.11600872  	0.18451323  	0.10913911  	0.13890854  	0.05024463  	0.05892675  	0.21604660  	0.22483693  
2021-12-15 00:21:20.783: iteration 30 finished in 2.414389 seconds
2021-12-15 00:21:20.799: epoch 30:	0.07999962  	0.06404176  	0.11522981  	0.18458146  	0.10860639  	0.13879205  	0.05006193  	0.05884463  	0.21493179  	0.22400309  
2021-12-15 00:21:23.227: iteration 31 finished in 2.427474 seconds
2021-12-15 00:21:23.256: epoch 31:	0.07974962  	0.06425009  	0.11503599  	0.18504548  	0.10814296  	0.13868588  	0.04980328  	0.05870835  	0.21313414  	0.22227223  
2021-12-15 00:21:25.662: iteration 32 finished in 2.405566 seconds
2021-12-15 00:21:25.692: epoch 32:	0.08024962  	0.06450009  	0.11574312  	0.18554845  	0.10850874  	0.13891147  	0.04996049  	0.05879926  	0.21295890  	0.22185613  
2021-12-15 00:21:28.103: iteration 33 finished in 2.410553 seconds
2021-12-15 00:21:28.131: epoch 33:	0.08041628  	0.06445842  	0.11601558  	0.18566111  	0.10865118  	0.13893288  	0.05001429  	0.05887003  	0.21281905  	0.22141963  
2021-12-15 00:21:30.547: iteration 34 finished in 2.415540 seconds
2021-12-15 00:21:30.574: epoch 34:	0.08033295  	0.06445841  	0.11590214  	0.18603231  	0.10847900  	0.13890031  	0.04986775  	0.05871265  	0.21274433  	0.22153588  
2021-12-15 00:21:32.977: iteration 35 finished in 2.403572 seconds
2021-12-15 00:21:33.005: epoch 35:	0.08008296  	0.06454175  	0.11540017  	0.18596348  	0.10845936  	0.13910697  	0.05001164  	0.05894146  	0.21317028  	0.22208461  
2021-12-15 00:21:35.422: iteration 36 finished in 2.416538 seconds
2021-12-15 00:21:35.449: epoch 36:	0.07991630  	0.06458343  	0.11396036  	0.18603097  	0.10802343  	0.13906516  	0.04984948  	0.05887058  	0.21318978  	0.22206631  
2021-12-15 00:21:37.849: iteration 37 finished in 2.400579 seconds
2021-12-15 00:21:37.878: epoch 37:	0.07983296  	0.06462509  	0.11395176  	0.18555145  	0.10788966  	0.13892947  	0.04975873  	0.05879436  	0.21287999  	0.22177033  
2021-12-15 00:21:40.294: iteration 38 finished in 2.415540 seconds
2021-12-15 00:21:40.321: epoch 38:	0.08024963  	0.06462509  	0.11442958  	0.18574789  	0.10796640  	0.13874838  	0.04954166  	0.05850431  	0.21279895  	0.22127753  
2021-12-15 00:21:42.732: iteration 39 finished in 2.410553 seconds
2021-12-15 00:21:42.759: epoch 39:	0.08008296  	0.06450009  	0.11414949  	0.18542837  	0.10760644  	0.13837765  	0.04933945  	0.05831433  	0.21162003  	0.22026101  
2021-12-15 00:21:45.185: iteration 40 finished in 2.425514 seconds
2021-12-15 00:21:45.213: epoch 40:	0.08049963  	0.06483342  	0.11499704  	0.18635640  	0.10813928  	0.13890746  	0.04967260  	0.05855618  	0.21214649  	0.22084971  
2021-12-15 00:21:47.633: iteration 41 finished in 2.420527 seconds
2021-12-15 00:21:47.661: epoch 41:	0.08024963  	0.06495844  	0.11490314  	0.18719503  	0.10790463  	0.13907167  	0.04945433  	0.05851673  	0.21199933  	0.22073056  
2021-12-15 00:21:50.077: iteration 42 finished in 2.415539 seconds
2021-12-15 00:21:50.106: epoch 42:	0.08024964  	0.06487511  	0.11485123  	0.18787262  	0.10799585  	0.13925996  	0.04958969  	0.05865540  	0.21197520  	0.22086255  
2021-12-15 00:21:52.524: iteration 43 finished in 2.418534 seconds
2021-12-15 00:21:52.552: epoch 43:	0.08016630  	0.06487510  	0.11472195  	0.18709700  	0.10815239  	0.13930933  	0.04974110  	0.05877008  	0.21264879  	0.22161268  
2021-12-15 00:21:54.975: iteration 44 finished in 2.422522 seconds
2021-12-15 00:21:55.004: epoch 44:	0.08024964  	0.06491678  	0.11456390  	0.18785727  	0.10838763  	0.13978729  	0.04995514  	0.05900593  	0.21346858  	0.22272801  
2021-12-15 00:21:57.414: iteration 45 finished in 2.410553 seconds
2021-12-15 00:21:57.442: epoch 45:	0.08024964  	0.06512510  	0.11475670  	0.18869752  	0.10849917  	0.14015956  	0.04995045  	0.05905390  	0.21420375  	0.22339521  
2021-12-15 00:21:59.848: iteration 46 finished in 2.405567 seconds
2021-12-15 00:21:59.874: epoch 46:	0.08024964  	0.06508344  	0.11370698  	0.18865754  	0.10859583  	0.14048599  	0.05018080  	0.05930488  	0.21590474  	0.22522758  
2021-12-15 00:22:02.297: iteration 47 finished in 2.422521 seconds
2021-12-15 00:22:02.325: epoch 47:	0.08024963  	0.06508342  	0.11362401  	0.18889275  	0.10853807  	0.14052737  	0.05013191  	0.05926890  	0.21581542  	0.22532164  
2021-12-15 00:22:04.733: iteration 48 finished in 2.407561 seconds
2021-12-15 00:22:04.760: epoch 48:	0.08033296  	0.06520844  	0.11371820  	0.18985060  	0.10869525  	0.14088321  	0.05025840  	0.05945570  	0.21595596  	0.22542585  
2021-12-15 00:22:07.180: iteration 49 finished in 2.419530 seconds
2021-12-15 00:22:07.208: epoch 49:	0.08058297  	0.06525011  	0.11406873  	0.19039167  	0.10909238  	0.14122754  	0.05053435  	0.05969669  	0.21658330  	0.22601804  
2021-12-15 00:22:09.621: iteration 50 finished in 2.413544 seconds
2021-12-15 00:22:09.649: epoch 50:	0.08066630  	0.06525010  	0.11410703  	0.19011389  	0.10909957  	0.14115198  	0.05058329  	0.05973533  	0.21606506  	0.22544569  
