2021-12-14 18:40:57.784: Dataset name: u2
The number of users: 6287
The number of items: 6287
The number of ratings: 20762
Average actions of users: 3.30
Average actions of items: 3.30
The sparsity of the dataset: 99.947473%
2021-12-14 18:40:57.784: 

NeuRec hyperparameters:
recommender=WRMF
config_dir=./conf
gpu_id=0
gpu_mem=0.5
data.input.path=D:\hsyoo\Workingon_210628/_Data/p2p-Gnutella08/noniid-in-barrier/u2/
data.input.dataset=u2
data.output.path=D:\hsyoo\Workingon_210628/_Emb/p2p-Gnutella08/noniid-in-barrier/wrmf/u2_wrmf_directed_dim16_uniform_send.emb
data.column.format=UI
data.convert.separator='\t'
user_min=0
item_min=0
splitter=given
ratio=0.8
by_time=False
metric=["Precision", "Recall", "NDCG", "MAP", "MRR"]
topk=[10, 20]
group_view=None
rec.evaluate.neg=0
test_batch_size=128
num_thread=8
data.index.remap=False

WRMF's hyperparameters:
epochs=50
embedding_size=16
reg_mf=0.1
alpha=10
init_method=uniform
stddev=0.01
verbose=1
weight=uniform

2021-12-14 18:42:37.277: metrics:	Precision@10	Precision@20	Recall@10   	Recall@20   	NDCG@10     	NDCG@20     	MAP@10      	MAP@20      	MRR@10      	MRR@20      
2021-12-14 18:42:43.193: iteration 1 finished in 5.915354 seconds
2021-12-14 18:42:43.247: epoch 1:	0.00117509  	0.00102820  	0.00746740  	0.01414582  	0.00368532  	0.00544746  	0.00211458  	0.00255887  	0.00315502  	0.00369949  
2021-12-14 18:42:47.866: iteration 2 finished in 4.618648 seconds
2021-12-14 18:42:47.905: epoch 2:	0.00170388  	0.00152761  	0.01183901  	0.02339405  	0.00623744  	0.00920077  	0.00389825  	0.00466997  	0.00569218  	0.00653698  
2021-12-14 18:42:52.275: iteration 3 finished in 4.370312 seconds
2021-12-14 18:42:52.313: epoch 3:	0.00205640  	0.00196827  	0.01319037  	0.02748307  	0.00813463  	0.01194973  	0.00569102  	0.00672287  	0.00818645  	0.00938173  
2021-12-14 18:42:56.838: iteration 4 finished in 4.524899 seconds
2021-12-14 18:42:56.877: epoch 4:	0.00235018  	0.00208578  	0.01560909  	0.02857982  	0.00889464  	0.01246967  	0.00582747  	0.00680019  	0.00892181  	0.01015495  
2021-12-14 18:43:01.498: iteration 5 finished in 4.619646 seconds
2021-12-14 18:43:01.538: epoch 5:	0.00276146  	0.00217391  	0.01856639  	0.02926529  	0.00998663  	0.01296223  	0.00627658  	0.00709487  	0.00960098  	0.01061158  
2021-12-14 18:43:06.033: iteration 6 finished in 4.494979 seconds
2021-12-14 18:43:06.071: epoch 6:	0.00305523  	0.00232080  	0.02064238  	0.03190923  	0.01069714  	0.01369874  	0.00656215  	0.00734941  	0.00979403  	0.01071195  
2021-12-14 18:43:10.599: iteration 7 finished in 4.527829 seconds
2021-12-14 18:43:10.631: epoch 7:	0.00293772  	0.00249706  	0.01990795  	0.03390129  	0.01066469  	0.01445402  	0.00673363  	0.00773071  	0.00989219  	0.01108361  
2021-12-14 18:43:15.148: iteration 8 finished in 4.516994 seconds
2021-12-14 18:43:15.179: epoch 8:	0.00293772  	0.00249706  	0.02029965  	0.03350960  	0.01079860  	0.01446044  	0.00683426  	0.00777794  	0.00991667  	0.01119528  
2021-12-14 18:43:19.664: iteration 9 finished in 4.485068 seconds
2021-12-14 18:43:19.695: epoch 9:	0.00299647  	0.00261457  	0.02047591  	0.03434195  	0.01097629  	0.01482145  	0.00695995  	0.00792489  	0.01011019  	0.01145210  
2021-12-14 18:43:24.369: iteration 10 finished in 4.673877 seconds
2021-12-14 18:43:24.411: epoch 10:	0.00305523  	0.00261457  	0.02067176  	0.03387192  	0.01134955  	0.01505699  	0.00731885  	0.00825890  	0.01061706  	0.01195166  
2021-12-14 18:43:28.795: iteration 11 finished in 4.384275 seconds
2021-12-14 18:43:28.830: epoch 11:	0.00317274  	0.00264395  	0.02116138  	0.03392532  	0.01160975  	0.01517598  	0.00744687  	0.00835074  	0.01082037  	0.01209661  
2021-12-14 18:43:33.385: iteration 12 finished in 4.554819 seconds
2021-12-14 18:43:33.425: epoch 12:	0.00317274  	0.00258519  	0.02106346  	0.03338230  	0.01168727  	0.01512985  	0.00755023  	0.00843176  	0.01108803  	0.01228954  
2021-12-14 18:43:38.000: iteration 13 finished in 4.575763 seconds
2021-12-14 18:43:38.042: epoch 13:	0.00311398  	0.00258519  	0.02047591  	0.03328882  	0.01151623  	0.01509081  	0.00749054  	0.00841239  	0.01105376  	0.01230745  
2021-12-14 18:43:42.637: iteration 14 finished in 4.593715 seconds
2021-12-14 18:43:42.673: epoch 14:	0.00305523  	0.00258519  	0.02028007  	0.03321049  	0.01140746  	0.01503596  	0.00744663  	0.00837941  	0.01088728  	0.01218337  
2021-12-14 18:43:47.251: iteration 15 finished in 4.576760 seconds
2021-12-14 18:43:47.289: epoch 15:	0.00311398  	0.00264395  	0.02047591  	0.03360218  	0.01128198  	0.01494842  	0.00718447  	0.00811273  	0.01067232  	0.01195648  
2021-12-14 18:43:51.840: iteration 16 finished in 4.551827 seconds
2021-12-14 18:43:51.879: epoch 16:	0.00317274  	0.00255582  	0.02059342  	0.03317131  	0.01139437  	0.01487054  	0.00724942  	0.00815727  	0.01086910  	0.01203809  
2021-12-14 18:43:56.311: iteration 17 finished in 4.431150 seconds
2021-12-14 18:43:56.349: epoch 17:	0.00323149  	0.00258519  	0.02108304  	0.03338230  	0.01156305  	0.01497220  	0.00731139  	0.00818378  	0.01103067  	0.01218105  
2021-12-14 18:44:00.815: iteration 18 finished in 4.466056 seconds
2021-12-14 18:44:00.855: epoch 18:	0.00323149  	0.00261457  	0.02108304  	0.03367607  	0.01140212  	0.01489343  	0.00712258  	0.00800860  	0.01078493  	0.01197016  
2021-12-14 18:44:05.264: iteration 19 finished in 4.408211 seconds
2021-12-14 18:44:05.302: epoch 19:	0.00334900  	0.00267333  	0.02142577  	0.03389150  	0.01173207  	0.01518326  	0.00741259  	0.00829210  	0.01113699  	0.01226901  
2021-12-14 18:44:09.881: iteration 20 finished in 4.578755 seconds
2021-12-14 18:44:09.919: epoch 20:	0.00329025  	0.00270270  	0.02130826  	0.03408735  	0.01194324  	0.01552616  	0.00775438  	0.00867347  	0.01146317  	0.01266409  
2021-12-14 18:44:14.446: iteration 21 finished in 4.527235 seconds
2021-12-14 18:44:14.478: epoch 21:	0.00334900  	0.00273208  	0.02160204  	0.03459655  	0.01205049  	0.01565020  	0.00779689  	0.00870568  	0.01153009  	0.01273655  
2021-12-14 18:44:18.960: iteration 22 finished in 4.482699 seconds
2021-12-14 18:44:18.992: epoch 22:	0.00329025  	0.00276146  	0.02101449  	0.03489032  	0.01190711  	0.01576095  	0.00775181  	0.00873361  	0.01162311  	0.01292247  
2021-12-14 18:44:23.489: iteration 23 finished in 4.497163 seconds
2021-12-14 18:44:23.528: epoch 23:	0.00317274  	0.00276146  	0.02032902  	0.03489032  	0.01177706  	0.01584029  	0.00775333  	0.00879246  	0.01185720  	0.01326137  
2021-12-14 18:44:28.047: iteration 24 finished in 4.518915 seconds
2021-12-14 18:44:28.083: epoch 24:	0.00323149  	0.00279083  	0.02070114  	0.03503721  	0.01179273  	0.01579573  	0.00767359  	0.00869226  	0.01164736  	0.01304212  
2021-12-14 18:44:32.628: iteration 25 finished in 4.544855 seconds
2021-12-14 18:44:32.668: epoch 25:	0.00323149  	0.00279083  	0.02070114  	0.03503721  	0.01179054  	0.01579586  	0.00765987  	0.00867858  	0.01168070  	0.01307977  
2021-12-14 18:44:37.091: iteration 26 finished in 4.423171 seconds
2021-12-14 18:44:37.130: epoch 26:	0.00329025  	0.00279083  	0.02089698  	0.03501762  	0.01189355  	0.01580684  	0.00769854  	0.00869000  	0.01178935  	0.01312410  
2021-12-14 18:44:41.516: iteration 27 finished in 4.386270 seconds
2021-12-14 18:44:41.553: epoch 27:	0.00317274  	0.00276146  	0.01972190  	0.03491970  	0.01152061  	0.01572409  	0.00754932  	0.00864251  	0.01164247  	0.01306363  
2021-12-14 18:44:46.049: iteration 28 finished in 4.495976 seconds
2021-12-14 18:44:46.088: epoch 28:	0.00299647  	0.00276146  	0.01854681  	0.03491970  	0.01123971  	0.01581347  	0.00750797  	0.00871063  	0.01181220  	0.01340565  
2021-12-14 18:44:50.727: iteration 29 finished in 4.638595 seconds
2021-12-14 18:44:50.769: epoch 29:	0.00299647  	0.00279083  	0.01854681  	0.03511555  	0.01134494  	0.01596137  	0.00760974  	0.00880728  	0.01206051  	0.01366302  
2021-12-14 18:44:55.273: iteration 30 finished in 4.503955 seconds
2021-12-14 18:44:55.311: epoch 30:	0.00311398  	0.00279083  	0.01884058  	0.03467489  	0.01146284  	0.01586833  	0.00763411  	0.00877213  	0.01211670  	0.01366423  
2021-12-14 18:44:59.713: iteration 31 finished in 4.400233 seconds
2021-12-14 18:44:59.749: epoch 31:	0.00311398  	0.00276146  	0.01884058  	0.03447904  	0.01147878  	0.01580417  	0.00764048  	0.00875465  	0.01219923  	0.01369956  
2021-12-14 18:45:04.276: iteration 32 finished in 4.525896 seconds
2021-12-14 18:45:04.315: epoch 32:	0.00311398  	0.00276146  	0.01879162  	0.03467489  	0.01142666  	0.01580212  	0.00759315  	0.00871771  	0.01212090  	0.01361970  
2021-12-14 18:45:08.718: iteration 33 finished in 4.403225 seconds
2021-12-14 18:45:08.758: epoch 33:	0.00311398  	0.00276146  	0.01879162  	0.03457696  	0.01156592  	0.01591948  	0.00774470  	0.00886197  	0.01242866  	0.01392573  
2021-12-14 18:45:13.273: iteration 34 finished in 4.515221 seconds
2021-12-14 18:45:13.304: epoch 34:	0.00311398  	0.00279083  	0.01879162  	0.03487074  	0.01180961  	0.01624781  	0.00805946  	0.00919252  	0.01278538  	0.01431977  
2021-12-14 18:45:17.774: iteration 35 finished in 4.470185 seconds
2021-12-14 18:45:17.806: epoch 35:	0.00311398  	0.00279083  	0.01879162  	0.03487074  	0.01181649  	0.01624627  	0.00806517  	0.00919339  	0.01280660  	0.01432762  
2021-12-14 18:45:22.335: iteration 36 finished in 4.514078 seconds
2021-12-14 18:45:22.376: epoch 36:	0.00311398  	0.00279083  	0.01879162  	0.03479240  	0.01181673  	0.01621824  	0.00806633  	0.00918193  	0.01280077  	0.01430943  
2021-12-14 18:45:26.877: iteration 37 finished in 4.500963 seconds
2021-12-14 18:45:26.918: epoch 37:	0.00311398  	0.00279083  	0.01879162  	0.03479240  	0.01184634  	0.01625035  	0.00809315  	0.00921047  	0.01286022  	0.01437106  
2021-12-14 18:45:31.469: iteration 38 finished in 4.550843 seconds
2021-12-14 18:45:31.508: epoch 38:	0.00317274  	0.00279083  	0.01908539  	0.03479240  	0.01196098  	0.01626632  	0.00813302  	0.00922412  	0.01292947  	0.01439280  
2021-12-14 18:45:36.036: iteration 39 finished in 4.526894 seconds
2021-12-14 18:45:36.074: epoch 39:	0.00311398  	0.00279083  	0.01893851  	0.03479240  	0.01204365  	0.01641350  	0.00827539  	0.00937919  	0.01324842  	0.01476873  
2021-12-14 18:45:40.510: iteration 40 finished in 4.435139 seconds
2021-12-14 18:45:40.549: epoch 40:	0.00311398  	0.00276146  	0.01893851  	0.03467489  	0.01199433  	0.01630645  	0.00823949  	0.00932807  	0.01298402  	0.01446214  
2021-12-14 18:45:45.131: iteration 41 finished in 4.582745 seconds
2021-12-14 18:45:45.173: epoch 41:	0.00311398  	0.00276146  	0.01893851  	0.03467489  	0.01199839  	0.01631320  	0.00824182  	0.00933177  	0.01299801  	0.01448099  
2021-12-14 18:45:49.643: iteration 42 finished in 4.470045 seconds
2021-12-14 18:45:49.681: epoch 42:	0.00311398  	0.00276146  	0.01893851  	0.03467489  	0.01197928  	0.01629789  	0.00822550  	0.00931776  	0.01294905  	0.01443908  
2021-12-14 18:45:54.194: iteration 43 finished in 4.512930 seconds
2021-12-14 18:45:54.234: epoch 43:	0.00311398  	0.00276146  	0.01893851  	0.03467489  	0.01201175  	0.01632891  	0.00825488  	0.00934657  	0.01303718  	0.01452490  
2021-12-14 18:45:58.735: iteration 44 finished in 4.500963 seconds
2021-12-14 18:45:58.774: epoch 44:	0.00311398  	0.00276146  	0.01893851  	0.03467489  	0.01199699  	0.01631556  	0.00824369  	0.00933754  	0.01300361  	0.01449115  
2021-12-14 18:46:03.365: iteration 45 finished in 4.591720 seconds
2021-12-14 18:46:03.407: epoch 45:	0.00311398  	0.00273208  	0.01893851  	0.03408735  	0.01196709  	0.01614597  	0.00821571  	0.00927722  	0.01294416  	0.01438926  
2021-12-14 18:46:07.868: iteration 46 finished in 4.461061 seconds
2021-12-14 18:46:07.905: epoch 46:	0.00311398  	0.00267333  	0.01893851  	0.03338229  	0.01197813  	0.01597105  	0.00822550  	0.00924750  	0.01296374  	0.01434140  
2021-12-14 18:46:12.541: iteration 47 finished in 4.636072 seconds
2021-12-14 18:46:12.588: epoch 47:	0.00311398  	0.00267333  	0.01893851  	0.03338229  	0.01196003  	0.01595223  	0.00821310  	0.00923429  	0.01291221  	0.01429028  
2021-12-14 18:46:17.149: iteration 48 finished in 4.560918 seconds
2021-12-14 18:46:17.196: epoch 48:	0.00311398  	0.00267333  	0.01893851  	0.03338229  	0.01195673  	0.01595170  	0.00821093  	0.00923425  	0.01290569  	0.01428564  
2021-12-14 18:46:21.624: iteration 49 finished in 4.427721 seconds
2021-12-14 18:46:21.661: epoch 49:	0.00305523  	0.00267333  	0.01874266  	0.03338229  	0.01187703  	0.01595417  	0.00819134  	0.00923658  	0.01284693  	0.01428704  
2021-12-14 18:46:26.082: iteration 50 finished in 4.420179 seconds
2021-12-14 18:46:26.119: epoch 50:	0.00305523  	0.00273208  	0.01874266  	0.03369565  	0.01187703  	0.01606780  	0.00819134  	0.00925555  	0.01284693  	0.01435470  
