2021-02-01 13:17:34.674: Dataset name: u2
The number of users: 6582
The number of items: 6582
The number of ratings: 103176
Average actions of users: 15.68
Average actions of items: 15.68
The sparsity of the dataset: 99.761843%
2021-02-01 13:17:34.675: 

NeuRec hyperparameters:
recommender=WRMF
config_dir=./conf
gpu_id=0
gpu_mem=0.5
data.input.path=C:\Users\HyunsikYoo\Desktop\VNE_directed_networks/_Data/wiki-vote/5-fold/u2/
data.input.dataset=u2
data.output.path=C:\Users\HyunsikYoo\Desktop\VNE_directed_networks/_Emb/wiki-vote/5-fold/wrmf/u2_wrmf_directed_dim16.emb
data.column.format=UI
data.convert.separator='\t'
user_min=0
item_min=0
splitter=given
ratio=0.8
by_time=False
metric=["Precision", "Recall", "NDCG", "MAP", "MRR"]
topk=[10, 20]
group_view=None
rec.evaluate.neg=0
test_batch_size=128
num_thread=8
data.index.remap=False

WRMF's hyperparameters:
epochs=50
embedding_size=16
reg_mf=0.1
alpha=10
init_method=uniform
stddev=0.01
verbose=1
weight=uniform

2021-02-01 13:19:25.705: metrics:	Precision@10	Precision@20	Recall@10   	Recall@20   	NDCG@10     	NDCG@20     	MAP@10      	MAP@20      	MRR@10      	MRR@20      
2021-02-01 13:19:30.631: iteration 1 finished in 4.924697 seconds
2021-02-01 13:19:30.725: epoch 1:	0.02379722  	0.02060607  	0.02888812  	0.04906929  	0.03218811  	0.03661652  	0.01516391  	0.01438056  	0.06338681  	0.06742535  
2021-02-01 13:19:35.497: iteration 2 finished in 4.772042 seconds
2021-02-01 13:19:35.578: epoch 2:	0.06177074  	0.05219745  	0.10477518  	0.17073050  	0.09883159  	0.11602492  	0.05568738  	0.05693724  	0.15559284  	0.16283053  
2021-02-01 13:19:40.384: iteration 3 finished in 4.805915 seconds
2021-02-01 13:19:40.464: epoch 3:	0.07174535  	0.05912510  	0.13277654  	0.21409099  	0.11869550  	0.13956864  	0.06830871  	0.07013462  	0.17733982  	0.18520792  
2021-02-01 13:19:45.262: iteration 4 finished in 4.797900 seconds
2021-02-01 13:19:45.340: epoch 4:	0.07453562  	0.06124190  	0.14062348  	0.22219408  	0.12579642  	0.14677508  	0.07340065  	0.07510903  	0.18753150  	0.19573626  
2021-02-01 13:19:50.242: iteration 5 finished in 4.901448 seconds
2021-02-01 13:19:50.320: epoch 5:	0.07642787  	0.06193144  	0.14515568  	0.22170837  	0.12824976  	0.14743999  	0.07435144  	0.07553764  	0.19015622  	0.19762985  
2021-02-01 13:19:55.078: iteration 6 finished in 4.758467 seconds
2021-02-01 13:19:55.156: epoch 6:	0.07607505  	0.06223610  	0.14479063  	0.22314534  	0.12858748  	0.14852647  	0.07485144  	0.07628703  	0.19131880  	0.19898880  
2021-02-01 13:19:59.916: iteration 7 finished in 4.758981 seconds
2021-02-01 13:19:59.998: epoch 7:	0.07594679  	0.06278132  	0.14478402  	0.22601937  	0.12817711  	0.14922592  	0.07437573  	0.07616676  	0.19061700  	0.19844858  
2021-02-01 13:20:04.858: iteration 8 finished in 4.859637 seconds
2021-02-01 13:20:04.936: epoch 8:	0.07633165  	0.06295773  	0.14475553  	0.22581628  	0.12816386  	0.14910169  	0.07414424  	0.07591987  	0.19053261  	0.19830552  
2021-02-01 13:20:09.887: iteration 9 finished in 4.950585 seconds
2021-02-01 13:20:09.969: epoch 9:	0.07585055  	0.06331053  	0.14355062  	0.22602013  	0.12686113  	0.14863268  	0.07296360  	0.07509434  	0.18854463  	0.19647221  
2021-02-01 13:20:14.774: iteration 10 finished in 4.805328 seconds
2021-02-01 13:20:14.852: epoch 10:	0.07607508  	0.06326243  	0.14354715  	0.22636215  	0.12718630  	0.14892066  	0.07321824  	0.07536807  	0.18902257  	0.19692586  
2021-02-01 13:20:19.667: iteration 11 finished in 4.815265 seconds
2021-02-01 13:20:19.752: epoch 11:	0.07668447  	0.06351900  	0.14384466  	0.22729680  	0.12792476  	0.14962652  	0.07386270  	0.07592302  	0.18951392  	0.19752643  
2021-02-01 13:20:24.675: iteration 12 finished in 4.922546 seconds
2021-02-01 13:20:24.768: epoch 12:	0.07645995  	0.06353504  	0.14297162  	0.22716400  	0.12812757  	0.15005115  	0.07424388  	0.07637916  	0.19083358  	0.19887321  
2021-02-01 13:20:29.707: iteration 13 finished in 4.937831 seconds
2021-02-01 13:20:29.789: epoch 13:	0.07645994  	0.06374352  	0.14333192  	0.22884534  	0.12775244  	0.15005222  	0.07380768  	0.07609224  	0.18967536  	0.19775054  
2021-02-01 13:20:34.939: iteration 14 finished in 5.150033 seconds
2021-02-01 13:20:35.024: epoch 14:	0.07662027  	0.06366333  	0.14428522  	0.22762120  	0.12868959  	0.15038824  	0.07446564  	0.07659681  	0.19178319  	0.19971976  
2021-02-01 13:20:40.080: iteration 15 finished in 5.056115 seconds
2021-02-01 13:20:40.158: epoch 15:	0.07668443  	0.06391992  	0.14313121  	0.22803828  	0.12851469  	0.15063672  	0.07444566  	0.07665968  	0.19190818  	0.19994177  
2021-02-01 13:20:45.243: iteration 16 finished in 5.084544 seconds
2021-02-01 13:20:45.323: epoch 16:	0.07678064  	0.06411236  	0.14353272  	0.22947997  	0.12895635  	0.15129890  	0.07482658  	0.07708377  	0.19262801  	0.20066032  
2021-02-01 13:20:50.199: iteration 17 finished in 4.874613 seconds
2021-02-01 13:20:50.281: epoch 17:	0.07697307  	0.06417649  	0.14428820  	0.22893226  	0.12956414  	0.15157880  	0.07536278  	0.07755929  	0.19309950  	0.20095702  
2021-02-01 13:20:54.998: iteration 18 finished in 4.716136 seconds
2021-02-01 13:20:55.077: epoch 18:	0.07713343  	0.06430479  	0.14499806  	0.22986226  	0.12972018  	0.15175058  	0.07531636  	0.07745492  	0.19339037  	0.20116696  
2021-02-01 13:20:59.854: iteration 19 finished in 4.776352 seconds
2021-02-01 13:20:59.933: epoch 19:	0.07684478  	0.06412839  	0.14406261  	0.22886199  	0.12924103  	0.15132254  	0.07513650  	0.07729777  	0.19258663  	0.20048231  
2021-02-01 13:21:04.636: iteration 20 finished in 4.701979 seconds
2021-02-01 13:21:04.723: epoch 20:	0.07671650  	0.06420857  	0.14497384  	0.22922394  	0.12938288  	0.15148625  	0.07509355  	0.07735159  	0.19259070  	0.20039150  
2021-02-01 13:21:09.503: iteration 21 finished in 4.780046 seconds
2021-02-01 13:21:09.584: epoch 21:	0.07671650  	0.06430479  	0.14465633  	0.22974233  	0.12924181  	0.15159915  	0.07497381  	0.07735468  	0.19249962  	0.20028973  
2021-02-01 13:21:14.406: iteration 22 finished in 4.820460 seconds
2021-02-01 13:21:14.485: epoch 22:	0.07684481  	0.06438497  	0.14502688  	0.23051192  	0.12946379  	0.15192126  	0.07512186  	0.07752535  	0.19293520  	0.20068546  
2021-02-01 13:21:19.196: iteration 23 finished in 4.710778 seconds
2021-02-01 13:21:19.277: epoch 23:	0.07671652  	0.06448120  	0.14505821  	0.23010212  	0.12955076  	0.15205173  	0.07522585  	0.07772256  	0.19327165  	0.20105992  
2021-02-01 13:21:24.107: iteration 24 finished in 4.829921 seconds
2021-02-01 13:21:24.195: epoch 24:	0.07706930  	0.06478589  	0.14525445  	0.23292893  	0.12973401  	0.15278274  	0.07519662  	0.07780305  	0.19355720  	0.20148736  
2021-02-01 13:21:29.085: iteration 25 finished in 4.890417 seconds
2021-02-01 13:21:29.166: epoch 25:	0.07716551  	0.06465761  	0.14514469  	0.23220718  	0.12962992  	0.15241589  	0.07507361  	0.07754667  	0.19362417  	0.20156217  
2021-02-01 13:21:34.053: iteration 26 finished in 4.887128 seconds
2021-02-01 13:21:34.132: epoch 26:	0.07703722  	0.06452931  	0.14474277  	0.23132381  	0.12930270  	0.15200551  	0.07484058  	0.07737803  	0.19317566  	0.20112868  
2021-02-01 13:21:39.103: iteration 27 finished in 4.971603 seconds
2021-02-01 13:21:39.188: epoch 27:	0.07710135  	0.06478589  	0.14490835  	0.23297466  	0.12946519  	0.15260768  	0.07495297  	0.07761192  	0.19337983  	0.20153110  
2021-02-01 13:21:44.040: iteration 28 finished in 4.852210 seconds
2021-02-01 13:21:44.117: epoch 28:	0.07706928  	0.06473778  	0.14509682  	0.23363732  	0.12963596  	0.15280147  	0.07509987  	0.07768402  	0.19408377  	0.20221473  
2021-02-01 13:21:48.857: iteration 29 finished in 4.738848 seconds
2021-02-01 13:21:48.936: epoch 29:	0.07690892  	0.06472174  	0.14478233  	0.23268929  	0.12956290  	0.15269056  	0.07521968  	0.07787847  	0.19385155  	0.20192146  
2021-02-01 13:21:53.698: iteration 30 finished in 4.760570 seconds
2021-02-01 13:21:53.776: epoch 30:	0.07716549  	0.06489813  	0.14576189  	0.23355772  	0.12995550  	0.15303768  	0.07540184  	0.07805081  	0.19367287  	0.20167832  
2021-02-01 13:21:58.652: iteration 31 finished in 4.875939 seconds
2021-02-01 13:21:58.729: epoch 31:	0.07713342  	0.06485002  	0.14560594  	0.23272675  	0.13009816  	0.15305391  	0.07560997  	0.07825731  	0.19394886  	0.20188335  
2021-02-01 13:22:03.570: iteration 32 finished in 4.840043 seconds
2021-02-01 13:22:03.659: epoch 32:	0.07703722  	0.06480192  	0.14577906  	0.23193717  	0.13001397  	0.15278105  	0.07540865  	0.07805051  	0.19424921  	0.20210128  
2021-02-01 13:22:08.481: iteration 33 finished in 4.821775 seconds
2021-02-01 13:22:08.574: epoch 33:	0.07710137  	0.06491417  	0.14597726  	0.23164643  	0.12999612  	0.15272485  	0.07526726  	0.07792430  	0.19427738  	0.20215842  
2021-02-01 13:22:13.368: iteration 34 finished in 4.793231 seconds
2021-02-01 13:22:13.448: epoch 34:	0.07710139  	0.06476983  	0.14499749  	0.23196621  	0.12975070  	0.15272865  	0.07518200  	0.07793423  	0.19414234  	0.20212904  
2021-02-01 13:22:18.561: iteration 35 finished in 5.112309 seconds
2021-02-01 13:22:18.642: epoch 35:	0.07681274  	0.06478588  	0.14481446  	0.23226485  	0.12949947  	0.15273392  	0.07498024  	0.07781577  	0.19416296  	0.20219336  
2021-02-01 13:22:23.437: iteration 36 finished in 4.793955 seconds
2021-02-01 13:22:23.522: epoch 36:	0.07678066  	0.06465758  	0.14440455  	0.23285523  	0.12986635  	0.15324309  	0.07556865  	0.07837561  	0.19498986  	0.20309623  
2021-02-01 13:22:28.463: iteration 37 finished in 4.940459 seconds
2021-02-01 13:22:28.538: epoch 37:	0.07694101  	0.06462552  	0.14467959  	0.23253314  	0.12959862  	0.15270039  	0.07519764  	0.07788285  	0.19390018  	0.20197088  
2021-02-01 13:22:33.292: iteration 38 finished in 4.752312 seconds
2021-02-01 13:22:33.373: epoch 38:	0.07722966  	0.06465758  	0.14554913  	0.23318309  	0.12989202  	0.15279557  	0.07521122  	0.07780799  	0.19427234  	0.20224185  
2021-02-01 13:22:38.208: iteration 39 finished in 4.835131 seconds
2021-02-01 13:22:38.286: epoch 39:	0.07748625  	0.06475381  	0.14565302  	0.23458886  	0.13016532  	0.15324083  	0.07543832  	0.07797771  	0.19463639  	0.20268957  
2021-02-01 13:22:43.106: iteration 40 finished in 4.819329 seconds
2021-02-01 13:22:43.195: epoch 40:	0.07748623  	0.06465758  	0.14496264  	0.23466705  	0.13019702  	0.15339215  	0.07559373  	0.07815883  	0.19515148  	0.20323969  
2021-02-01 13:22:48.118: iteration 41 finished in 4.922598 seconds
2021-02-01 13:22:48.199: epoch 41:	0.07735795  	0.06462551  	0.14503689  	0.23473318  	0.13002108  	0.15327629  	0.07543962  	0.07804572  	0.19470935  	0.20281713  
2021-02-01 13:22:53.071: iteration 42 finished in 4.872589 seconds
2021-02-01 13:22:53.155: epoch 42:	0.07713344  	0.06444911  	0.14495657  	0.23412628  	0.13010031  	0.15327732  	0.07557429  	0.07817118  	0.19536212  	0.20343366  
2021-02-01 13:22:58.057: iteration 43 finished in 4.902205 seconds
2021-02-01 13:22:58.133: epoch 43:	0.07726172  	0.06444911  	0.14496242  	0.23404226  	0.13005613  	0.15315081  	0.07551766  	0.07801436  	0.19497532  	0.20309484  
2021-02-01 13:23:03.048: iteration 44 finished in 4.914232 seconds
2021-02-01 13:23:03.128: epoch 44:	0.07719757  	0.06444909  	0.14447962  	0.23412243  	0.12987661  	0.15311900  	0.07543158  	0.07800326  	0.19475780  	0.20286177  
2021-02-01 13:23:08.070: iteration 45 finished in 4.942371 seconds
2021-02-01 13:23:08.151: epoch 45:	0.07710136  	0.06448115  	0.14450821  	0.23427545  	0.12969974  	0.15308331  	0.07526839  	0.07790465  	0.19442686  	0.20261529  
2021-02-01 13:23:12.965: iteration 46 finished in 4.814222 seconds
2021-02-01 13:23:13.045: epoch 46:	0.07694100  	0.06446513  	0.14503658  	0.23379365  	0.12964579  	0.15291177  	0.07516875  	0.07784406  	0.19413137  	0.20229870  
2021-02-01 13:23:17.892: iteration 47 finished in 4.847561 seconds
2021-02-01 13:23:17.974: epoch 47:	0.07684478  	0.06441700  	0.14476579  	0.23342027  	0.12960172  	0.15287139  	0.07517350  	0.07784773  	0.19445831  	0.20263192  
2021-02-01 13:23:22.787: iteration 48 finished in 4.812247 seconds
2021-02-01 13:23:22.866: epoch 48:	0.07655612  	0.06444906  	0.14415574  	0.23357154  	0.12924846  	0.15285903  	0.07504259  	0.07782812  	0.19411899  	0.20245893  
2021-02-01 13:23:27.627: iteration 49 finished in 4.758673 seconds
2021-02-01 13:23:27.706: epoch 49:	0.07639576  	0.06441700  	0.14368191  	0.23363420  	0.12914929  	0.15294550  	0.07503733  	0.07789926  	0.19441244  	0.20279409  
2021-02-01 13:23:32.668: iteration 50 finished in 4.962023 seconds
2021-02-01 13:23:32.745: epoch 50:	0.07642783  	0.06422457  	0.14400470  	0.23296984  	0.12933697  	0.15279582  	0.07516997  	0.07791546  	0.19471355  	0.20304850  
