2021-12-15 00:37:26.293: Dataset name: u2
The number of users: 4516
The number of items: 4516
The number of ratings: 40017
Average actions of users: 8.86
Average actions of items: 8.86
The sparsity of the dataset: 99.803783%
2021-12-15 00:37:26.293: 

NeuRec hyperparameters:
recommender=WRMF
config_dir=./conf
gpu_id=0
gpu_mem=0.5
data.input.path=D:\hsyoo\Workingon_210628/_Data/ciaodvd/random-barrier/u2/
data.input.dataset=u2
data.output.path=D:\hsyoo\Workingon_210628/_Emb/ciaodvd/random-barrier/wrmf/u2_wrmf_directed_dim16_uniform_send.emb
data.column.format=UI
data.convert.separator='\t'
user_min=0
item_min=0
splitter=given
ratio=0.8
by_time=False
metric=["Precision", "Recall", "NDCG", "MAP", "MRR"]
topk=[10, 20]
group_view=None
rec.evaluate.neg=0
test_batch_size=128
num_thread=8
data.index.remap=False

WRMF's hyperparameters:
epochs=50
embedding_size=16
reg_mf=0.1
alpha=10
init_method=uniform
stddev=0.01
verbose=1
weight=uniform

2021-12-15 00:38:19.322: metrics:	Precision@10	Precision@20	Recall@10   	Recall@20   	NDCG@10     	NDCG@20     	MAP@10      	MAP@20      	MRR@10      	MRR@20      
2021-12-15 00:38:22.882: iteration 1 finished in 3.559720 seconds
2021-12-15 00:38:22.913: epoch 1:	0.04359215  	0.03873776  	0.04574599  	0.08047290  	0.05374796  	0.06254375  	0.02320445  	0.02250416  	0.11554135  	0.12221710  
2021-12-15 00:38:25.724: iteration 2 finished in 2.811028 seconds
2021-12-15 00:38:25.755: epoch 2:	0.08232981  	0.07155353  	0.09997241  	0.16667968  	0.11037935  	0.12833513  	0.05441101  	0.05457053  	0.21041830  	0.21915829  
2021-12-15 00:38:28.551: iteration 3 finished in 2.796217 seconds
2021-12-15 00:38:28.567: epoch 3:	0.09252390  	0.07854392  	0.11099164  	0.18646730  	0.12370194  	0.14286281  	0.06282934  	0.06291606  	0.22889037  	0.23739882  
2021-12-15 00:38:31.381: iteration 4 finished in 2.814220 seconds
2021-12-15 00:38:31.413: epoch 4:	0.09553368  	0.08106824  	0.11594489  	0.18534186  	0.12996484  	0.14797960  	0.06715488  	0.06735978  	0.23843804  	0.24567656  
2021-12-15 00:38:34.224: iteration 5 finished in 2.811838 seconds
2021-12-15 00:38:34.256: epoch 5:	0.10048506  	0.08310709  	0.12359464  	0.19160907  	0.13777050  	0.15428025  	0.07241049  	0.07170082  	0.25057405  	0.25731963  
2021-12-15 00:38:37.070: iteration 6 finished in 2.814126 seconds
2021-12-15 00:38:37.101: epoch 6:	0.10087343  	0.08451486  	0.12210850  	0.19692004  	0.13818219  	0.15698938  	0.07295571  	0.07312158  	0.25022569  	0.25755322  
2021-12-15 00:38:39.913: iteration 7 finished in 2.811838 seconds
2021-12-15 00:38:39.944: epoch 7:	0.10242686  	0.08470903  	0.12371621  	0.19857512  	0.14045110  	0.15860260  	0.07532664  	0.07469064  	0.24971719  	0.25733262  
2021-12-15 00:38:42.757: iteration 8 finished in 2.813045 seconds
2021-12-15 00:38:42.773: epoch 8:	0.10291229  	0.08669936  	0.12616806  	0.20364340  	0.14144009  	0.16117696  	0.07547791  	0.07564303  	0.25139540  	0.25894806  
2021-12-15 00:38:45.606: iteration 9 finished in 2.833005 seconds
2021-12-15 00:38:45.621: epoch 9:	0.10271809  	0.08674794  	0.12694614  	0.20461553  	0.14166492  	0.16164462  	0.07550070  	0.07568463  	0.25278309  	0.26068798  
2021-12-15 00:38:48.433: iteration 10 finished in 2.811838 seconds
2021-12-15 00:38:48.464: epoch 10:	0.10446564  	0.08694214  	0.13074552  	0.20760041  	0.14332913  	0.16243555  	0.07627483  	0.07596470  	0.25126559  	0.25968549  
2021-12-15 00:38:51.278: iteration 11 finished in 2.813421 seconds
2021-12-15 00:38:51.309: epoch 11:	0.10572774  	0.08796158  	0.13222057  	0.21056239  	0.14422910  	0.16360556  	0.07638932  	0.07622637  	0.25227264  	0.26035005  
2021-12-15 00:38:54.134: iteration 12 finished in 2.824816 seconds
2021-12-15 00:38:54.150: epoch 12:	0.10708695  	0.08815578  	0.13310917  	0.21226496  	0.14583334  	0.16480726  	0.07740816  	0.07688569  	0.25539765  	0.26350400  
2021-12-15 00:38:56.965: iteration 13 finished in 2.815518 seconds
2021-12-15 00:38:56.981: epoch 13:	0.10737825  	0.08805867  	0.13301615  	0.21162865  	0.14660354  	0.16513841  	0.07777416  	0.07722425  	0.25830302  	0.26600140  
2021-12-15 00:38:59.808: iteration 14 finished in 2.827460 seconds
2021-12-15 00:38:59.824: epoch 14:	0.10708699  	0.08737905  	0.13333897  	0.20937252  	0.14679016  	0.16444854  	0.07804169  	0.07711052  	0.25956580  	0.26730081  
2021-12-15 00:39:02.637: iteration 15 finished in 2.813209 seconds
2021-12-15 00:39:02.668: epoch 15:	0.10766950  	0.08733046  	0.13422859  	0.20872727  	0.14733537  	0.16436805  	0.07830962  	0.07718488  	0.25970334  	0.26729763  
2021-12-15 00:39:05.464: iteration 16 finished in 2.796217 seconds
2021-12-15 00:39:05.496: epoch 16:	0.10601901  	0.08728192  	0.13260300  	0.20763955  	0.14651921  	0.16429396  	0.07800493  	0.07721846  	0.26140657  	0.26898357  
2021-12-15 00:39:08.294: iteration 17 finished in 2.798474 seconds
2021-12-15 00:39:08.310: epoch 17:	0.10572775  	0.08786446  	0.13103217  	0.21023406  	0.14610070  	0.16527969  	0.07792061  	0.07752077  	0.26160648  	0.26953974  
2021-12-15 00:39:11.120: iteration 18 finished in 2.810649 seconds
2021-12-15 00:39:11.136: epoch 18:	0.10650445  	0.08762173  	0.13364957  	0.20879211  	0.14702366  	0.16493215  	0.07810889  	0.07752155  	0.26221138  	0.26935619  
2021-12-15 00:39:13.948: iteration 19 finished in 2.811839 seconds
2021-12-15 00:39:13.979: epoch 19:	0.10640735  	0.08801007  	0.13340816  	0.20933443  	0.14717765  	0.16552378  	0.07849688  	0.07787265  	0.26242366  	0.26985267  
2021-12-15 00:39:16.777: iteration 20 finished in 2.798052 seconds
2021-12-15 00:39:16.808: epoch 20:	0.10631027  	0.08742754  	0.13282442  	0.20769785  	0.14697540  	0.16490622  	0.07842442  	0.07763910  	0.26281318  	0.27043113  
2021-12-15 00:39:19.620: iteration 21 finished in 2.811838 seconds
2021-12-15 00:39:19.636: epoch 21:	0.10698990  	0.08752462  	0.13500682  	0.20750514  	0.14841709  	0.16554156  	0.07926990  	0.07808446  	0.26536447  	0.27266562  
2021-12-15 00:39:22.473: iteration 22 finished in 2.836687 seconds
2021-12-15 00:39:22.500: epoch 22:	0.10698989  	0.08757317  	0.13443449  	0.20681219  	0.14872260  	0.16579999  	0.07968406  	0.07849499  	0.26714364  	0.27429196  
2021-12-15 00:39:25.322: iteration 23 finished in 2.820457 seconds
2021-12-15 00:39:25.348: epoch 23:	0.10786368  	0.08728191  	0.13633838  	0.20746039  	0.14938411  	0.16574945  	0.07974510  	0.07833399  	0.26650721  	0.27324429  
2021-12-15 00:39:28.177: iteration 24 finished in 2.829433 seconds
2021-12-15 00:39:28.205: epoch 24:	0.10776658  	0.08718482  	0.13694686  	0.20651610  	0.14962167  	0.16553451  	0.07963414  	0.07818579  	0.26801714  	0.27455473  
2021-12-15 00:39:31.028: iteration 25 finished in 2.822452 seconds
2021-12-15 00:39:31.055: epoch 25:	0.10718406  	0.08737899  	0.13569033  	0.20727472  	0.14923964  	0.16603747  	0.07956792  	0.07842975  	0.26826182  	0.27498588  
2021-12-15 00:39:33.887: iteration 26 finished in 2.832425 seconds
2021-12-15 00:39:33.913: epoch 26:	0.10747533  	0.08728193  	0.13500877  	0.20689113  	0.14911948  	0.16594505  	0.07955471  	0.07858372  	0.26712367  	0.27371576  
2021-12-15 00:39:36.734: iteration 27 finished in 2.821455 seconds
2021-12-15 00:39:36.759: epoch 27:	0.10698989  	0.08747610  	0.13459465  	0.20885074  	0.14900045  	0.16676524  	0.07964867  	0.07895607  	0.26717952  	0.27396676  
2021-12-15 00:39:39.588: iteration 28 finished in 2.828435 seconds
2021-12-15 00:39:39.613: epoch 28:	0.10669862  	0.08747612  	0.13418157  	0.20831549  	0.14821264  	0.16610843  	0.07887741  	0.07829899  	0.26627913  	0.27306482  
2021-12-15 00:39:42.438: iteration 29 finished in 2.825444 seconds
2021-12-15 00:39:42.466: epoch 29:	0.10698990  	0.08771882  	0.13331155  	0.20884171  	0.14791515  	0.16620347  	0.07873817  	0.07825496  	0.26503390  	0.27197462  
2021-12-15 00:39:45.287: iteration 30 finished in 2.820457 seconds
2021-12-15 00:39:45.313: epoch 30:	0.10650444  	0.08796154  	0.13354954  	0.20978612  	0.14769758  	0.16656578  	0.07848690  	0.07835240  	0.26496768  	0.27190167  
2021-12-15 00:39:48.131: iteration 31 finished in 2.817465 seconds
2021-12-15 00:39:48.158: epoch 31:	0.10747530  	0.08776738  	0.13454604  	0.20936723  	0.14843181  	0.16643377  	0.07862734  	0.07836235  	0.26578447  	0.27218577  
2021-12-15 00:39:50.981: iteration 32 finished in 2.823449 seconds
2021-12-15 00:39:51.007: epoch 32:	0.10815495  	0.08810718  	0.13558850  	0.21080245  	0.14926320  	0.16715994  	0.07909101  	0.07870067  	0.26689756  	0.27321571  
2021-12-15 00:39:53.827: iteration 33 finished in 2.819460 seconds
2021-12-15 00:39:53.854: epoch 33:	0.10757243  	0.08834988  	0.13512699  	0.21085174  	0.14940743  	0.16779679  	0.07935689  	0.07920092  	0.26931894  	0.27572554  
2021-12-15 00:39:56.686: iteration 34 finished in 2.832425 seconds
2021-12-15 00:39:56.712: epoch 34:	0.10698990  	0.08815571  	0.13373706  	0.21069087  	0.14946869  	0.16824394  	0.07975007  	0.07960710  	0.27186081  	0.27866435  
2021-12-15 00:39:59.541: iteration 35 finished in 2.828436 seconds
2021-12-15 00:39:59.567: epoch 35:	0.10698989  	0.08801008  	0.13420613  	0.20912285  	0.14952120  	0.16783454  	0.07968768  	0.07960939  	0.27157924  	0.27817753  
2021-12-15 00:40:02.409: iteration 36 finished in 2.840403 seconds
2021-12-15 00:40:02.437: epoch 36:	0.10728116  	0.08810716  	0.13496377  	0.20936617  	0.14940791  	0.16755289  	0.07932528  	0.07924005  	0.27076444  	0.27728039  
2021-12-15 00:40:05.254: iteration 37 finished in 2.817465 seconds
2021-12-15 00:40:05.279: epoch 37:	0.10757241  	0.08839843  	0.13523027  	0.21062854  	0.14958502  	0.16792093  	0.07947541  	0.07927305  	0.27038839  	0.27727106  
2021-12-15 00:40:08.118: iteration 38 finished in 2.839407 seconds
2021-12-15 00:40:08.143: epoch 38:	0.10728115  	0.08805864  	0.13608573  	0.21044852  	0.14949137  	0.16757318  	0.07915674  	0.07884613  	0.27051979  	0.27737692  
2021-12-15 00:40:10.949: iteration 39 finished in 2.805857 seconds
2021-12-15 00:40:10.981: epoch 39:	0.10728116  	0.08810718  	0.13607228  	0.20920008  	0.14920479  	0.16709492  	0.07879087  	0.07852260  	0.27030984  	0.27698994  
2021-12-15 00:40:13.802: iteration 40 finished in 2.821620 seconds
2021-12-15 00:40:13.833: epoch 40:	0.10718406  	0.08810718  	0.13566002  	0.20919429  	0.14890008  	0.16701633  	0.07854769  	0.07847161  	0.26965830  	0.27651641  
2021-12-15 00:40:16.637: iteration 41 finished in 2.803669 seconds
2021-12-15 00:40:16.668: epoch 41:	0.10728116  	0.08810714  	0.13606745  	0.20895945  	0.14898485  	0.16689436  	0.07861778  	0.07842950  	0.26842931  	0.27523872  
2021-12-15 00:40:19.480: iteration 42 finished in 2.811839 seconds
2021-12-15 00:40:19.511: epoch 42:	0.10747533  	0.08810715  	0.13593058  	0.20890668  	0.14846745  	0.16643672  	0.07821256  	0.07811372  	0.26618662  	0.27310079  
2021-12-15 00:40:22.326: iteration 43 finished in 2.814969 seconds
2021-12-15 00:40:22.351: epoch 43:	0.10815495  	0.08796152  	0.13683547  	0.20860219  	0.14847007  	0.16577709  	0.07777346  	0.07739429  	0.26562685  	0.27232808  
2021-12-15 00:40:25.188: iteration 44 finished in 2.835418 seconds
2021-12-15 00:40:25.214: epoch 44:	0.10854332  	0.08825278  	0.13750887  	0.20879139  	0.14803644  	0.16533649  	0.07733107  	0.07700168  	0.26255935  	0.26925042  
2021-12-15 00:40:28.059: iteration 45 finished in 2.845392 seconds
2021-12-15 00:40:28.086: epoch 45:	0.10893168  	0.08796152  	0.13882862  	0.20817107  	0.14874332  	0.16528465  	0.07783933  	0.07723705  	0.26269838  	0.26926336  
2021-12-15 00:40:30.920: iteration 46 finished in 2.834419 seconds
2021-12-15 00:40:30.946: epoch 46:	0.10902876  	0.08801007  	0.13986297  	0.20746191  	0.14896853  	0.16512083  	0.07791529  	0.07715122  	0.26290724  	0.26936409  
2021-12-15 00:40:33.774: iteration 47 finished in 2.827439 seconds
2021-12-15 00:40:33.802: epoch 47:	0.10990255  	0.08791299  	0.14087230  	0.20782326  	0.14945279  	0.16503781  	0.07796949  	0.07700203  	0.26287487  	0.26886588  
2021-12-15 00:40:36.640: iteration 48 finished in 2.838410 seconds
2021-12-15 00:40:36.667: epoch 48:	0.10941713  	0.08805864  	0.13984600  	0.20822179  	0.14875837  	0.16500965  	0.07755928  	0.07678181  	0.26223603  	0.26850754  
2021-12-15 00:40:39.489: iteration 49 finished in 2.822452 seconds
2021-12-15 00:40:39.515: epoch 49:	0.10893168  	0.08796155  	0.13875100  	0.20784542  	0.14829127  	0.16489752  	0.07734709  	0.07677872  	0.26240438  	0.26862893  
2021-12-15 00:40:42.339: iteration 50 finished in 2.823449 seconds
2021-12-15 00:40:42.367: epoch 50:	0.10873750  	0.08805865  	0.13853352  	0.20761585  	0.14787357  	0.16462292  	0.07698923  	0.07647251  	0.26157683  	0.26791808  
