2021-02-01 14:12:14.373: Dataset name: u2
The number of users: 6109
The number of items: 6109
The number of ratings: 50524
Average actions of users: 8.27
Average actions of items: 8.27
The sparsity of the dataset: 99.864619%
2021-02-01 14:12:14.374: 

NeuRec hyperparameters:
recommender=WRMF
config_dir=./conf
gpu_id=0
gpu_mem=0.5
data.input.path=C:\Users\HyunsikYoo\Desktop\VNE_directed_networks/_Data/jung/5-fold/u2/
data.input.dataset=u2
data.output.path=C:\Users\HyunsikYoo\Desktop\VNE_directed_networks/_Emb/jung/5-fold/wrmf/u2_wrmf_directed_dim16.emb
data.column.format=UI
data.convert.separator='\t'
user_min=0
item_min=0
splitter=given
ratio=0.8
by_time=False
metric=["Precision", "Recall", "NDCG", "MAP", "MRR"]
topk=[10, 20]
group_view=None
rec.evaluate.neg=0
test_batch_size=128
num_thread=8
data.index.remap=False

WRMF's hyperparameters:
epochs=50
embedding_size=16
reg_mf=0.1
alpha=10
init_method=uniform
stddev=0.01
verbose=1
weight=uniform

2021-02-01 14:13:48.506: metrics:	Precision@10	Precision@20	Recall@10   	Recall@20   	NDCG@10     	NDCG@20     	MAP@10      	MAP@20      	MRR@10      	MRR@20      
2021-02-01 14:13:52.881: iteration 1 finished in 4.374573 seconds
2021-02-01 14:13:52.995: epoch 1:	0.09252594  	0.05827244  	0.52445430  	0.60360420  	0.43910143  	0.46162108  	0.38461715  	0.39269039  	0.45082024  	0.45567638  
2021-02-01 14:13:57.231: iteration 2 finished in 4.236033 seconds
2021-02-01 14:13:57.340: epoch 2:	0.13147750  	0.07456353  	0.70911944  	0.76268262  	0.65463263  	0.66764730  	0.60669386  	0.61038077  	0.68585193  	0.68852752  
2021-02-01 14:14:01.610: iteration 3 finished in 4.268920 seconds
2021-02-01 14:14:01.718: epoch 3:	0.13571185  	0.07646541  	0.73015821  	0.78215903  	0.67767298  	0.69008332  	0.63084751  	0.63417697  	0.70924646  	0.71161813  
2021-02-01 14:14:05.955: iteration 4 finished in 4.236159 seconds
2021-02-01 14:14:06.067: epoch 4:	0.13734207  	0.07764581  	0.73804283  	0.79548782  	0.68577796  	0.69955838  	0.63901031  	0.64272380  	0.71736872  	0.72000510  
2021-02-01 14:14:10.244: iteration 5 finished in 4.176790 seconds
2021-02-01 14:14:10.354: epoch 5:	0.13899088  	0.07778636  	0.74586600  	0.79625797  	0.68932199  	0.70104998  	0.64134490  	0.64438987  	0.71823967  	0.72046506  
2021-02-01 14:14:14.536: iteration 6 finished in 4.180995 seconds
2021-02-01 14:14:14.644: epoch 6:	0.13906589  	0.07787070  	0.74640912  	0.79795212  	0.68935090  	0.70137125  	0.64126050  	0.64438796  	0.71773094  	0.72003168  
2021-02-01 14:14:18.888: iteration 7 finished in 4.242844 seconds
2021-02-01 14:14:19.002: epoch 7:	0.13865361  	0.07783322  	0.74399936  	0.79723907  	0.68762308  	0.70028377  	0.63956153  	0.64295614  	0.71648759  	0.71894717  
2021-02-01 14:14:23.197: iteration 8 finished in 4.194517 seconds
2021-02-01 14:14:23.304: epoch 8:	0.13852245  	0.07780509  	0.74341077  	0.79766393  	0.68710995  	0.70005500  	0.63897711  	0.64239490  	0.71633327  	0.71890652  
2021-02-01 14:14:27.523: iteration 9 finished in 4.217563 seconds
2021-02-01 14:14:27.635: epoch 9:	0.13846622  	0.07793625  	0.74370271  	0.79900324  	0.68491435  	0.69818383  	0.63605118  	0.63961738  	0.71322674  	0.71577102  
2021-02-01 14:14:31.884: iteration 10 finished in 4.246742 seconds
2021-02-01 14:14:31.994: epoch 10:	0.13861609  	0.07788941  	0.74524224  	0.79898107  	0.68366057  	0.69648403  	0.63407058  	0.63748479  	0.71074432  	0.71317089  
2021-02-01 14:14:36.234: iteration 11 finished in 4.239699 seconds
2021-02-01 14:14:36.346: epoch 11:	0.13855989  	0.07787066  	0.74448466  	0.79910737  	0.68292314  	0.69595587  	0.63333076  	0.63676375  	0.70985305  	0.71235663  
2021-02-01 14:14:40.554: iteration 12 finished in 4.208100 seconds
2021-02-01 14:14:40.665: epoch 12:	0.13842873  	0.07788002  	0.74352205  	0.79919648  	0.68157059  	0.69489872  	0.63189542  	0.63544637  	0.70796829  	0.71052611  
2021-02-01 14:14:44.876: iteration 13 finished in 4.211235 seconds
2021-02-01 14:14:44.989: epoch 13:	0.13833505  	0.07784255  	0.74324971  	0.79885304  	0.68114066  	0.69446605  	0.63139296  	0.63494813  	0.70760357  	0.71017849  
2021-02-01 14:14:49.205: iteration 14 finished in 4.215594 seconds
2021-02-01 14:14:49.312: epoch 14:	0.13831633  	0.07786129  	0.74330223  	0.79884833  	0.68106139  	0.69439900  	0.63133621  	0.63492334  	0.70744693  	0.70999610  
2021-02-01 14:14:53.555: iteration 15 finished in 4.242834 seconds
2021-02-01 14:14:53.663: epoch 15:	0.13829757  	0.07782383  	0.74394059  	0.79833078  	0.68079954  	0.69385916  	0.63077587  	0.63434047  	0.70691174  	0.70934778  
2021-02-01 14:14:57.864: iteration 16 finished in 4.201545 seconds
2021-02-01 14:14:57.975: epoch 16:	0.13816640  	0.07779571  	0.74344534  	0.79847139  	0.67991906  	0.69316518  	0.62977749  	0.63341987  	0.70587677  	0.70832241  
2021-02-01 14:15:02.251: iteration 17 finished in 4.275746 seconds
2021-02-01 14:15:02.359: epoch 17:	0.13820387  	0.07781446  	0.74361897  	0.79856509  	0.67918181  	0.69240272  	0.62864953  	0.63227850  	0.70494998  	0.70740032  
2021-02-01 14:15:06.617: iteration 18 finished in 4.257267 seconds
2021-02-01 14:15:06.725: epoch 18:	0.13816640  	0.07779573  	0.74341822  	0.79821223  	0.67932540  	0.69251424  	0.62885320  	0.63248777  	0.70540255  	0.70783859  
2021-02-01 14:15:10.963: iteration 19 finished in 4.237732 seconds
2021-02-01 14:15:11.071: epoch 19:	0.13801649  	0.07779574  	0.74249369  	0.79805452  	0.67915499  	0.69260710  	0.62881202  	0.63257605  	0.70576423  	0.70824653  
2021-02-01 14:15:15.238: iteration 20 finished in 4.166645 seconds
2021-02-01 14:15:15.347: epoch 20:	0.13805397  	0.07778636  	0.74253172  	0.79794985  	0.67894828  	0.69235891  	0.62850243  	0.63222545  	0.70550627  	0.70801318  
2021-02-01 14:15:19.578: iteration 21 finished in 4.230691 seconds
2021-02-01 14:15:19.688: epoch 21:	0.13797902  	0.07777700  	0.74228978  	0.79798734  	0.67898273  	0.69249332  	0.62860918  	0.63241667  	0.70576143  	0.70826149  
2021-02-01 14:15:23.861: iteration 22 finished in 4.172875 seconds
2021-02-01 14:15:23.971: epoch 22:	0.13803524  	0.07778635  	0.74241465  	0.79830736  	0.67921823  	0.69273478  	0.62888670  	0.63265306  	0.70596343  	0.70851588  
2021-02-01 14:15:28.267: iteration 23 finished in 4.294364 seconds
2021-02-01 14:15:28.376: epoch 23:	0.13801648  	0.07784257  	0.74251974  	0.79889292  	0.67961788  	0.69328588  	0.62930954  	0.63316405  	0.70662117  	0.70917851  
2021-02-01 14:15:32.589: iteration 24 finished in 4.211834 seconds
2021-02-01 14:15:32.701: epoch 24:	0.13805395  	0.07785194  	0.74282026  	0.79902411  	0.67994982  	0.69356704  	0.62960964  	0.63346553  	0.70711803  	0.70964426  
2021-02-01 14:15:37.175: iteration 25 finished in 4.473065 seconds
2021-02-01 14:15:37.284: epoch 25:	0.13801649  	0.07773951  	0.74271411  	0.79669595  	0.67996275  	0.69309622  	0.62967557  	0.63345706  	0.70710844  	0.70950460  
2021-02-01 14:15:41.589: iteration 26 finished in 4.305826 seconds
2021-02-01 14:15:41.699: epoch 26:	0.13797900  	0.07776763  	0.74251419  	0.79690832  	0.67993039  	0.69320893  	0.62970173  	0.63355356  	0.70708525  	0.70950878  
2021-02-01 14:15:45.969: iteration 27 finished in 4.269783 seconds
2021-02-01 14:15:46.082: epoch 27:	0.13803522  	0.07776763  	0.74302018  	0.79693329  	0.68027568  	0.69339567  	0.62997961  	0.63375944  	0.70759839  	0.70998269  
2021-02-01 14:15:50.379: iteration 28 finished in 4.295827 seconds
2021-02-01 14:15:50.487: epoch 28:	0.13809144  	0.07772078  	0.74327004  	0.79653162  	0.68021441  	0.69312775  	0.62977451  	0.63345057  	0.70756775  	0.70995808  
2021-02-01 14:15:54.747: iteration 29 finished in 4.259034 seconds
2021-02-01 14:15:54.857: epoch 29:	0.13816640  	0.07771140  	0.74367607  	0.79635537  	0.67973244  	0.69247520  	0.62899190  	0.63261878  	0.70676917  	0.70910764  
2021-02-01 14:15:59.113: iteration 30 finished in 4.255027 seconds
2021-02-01 14:15:59.222: epoch 30:	0.13824135  	0.07767392  	0.74390644  	0.79610550  	0.67989182  	0.69246662  	0.62908971  	0.63262647  	0.70699137  	0.70931953  
2021-02-01 14:16:03.524: iteration 31 finished in 4.301768 seconds
2021-02-01 14:16:03.642: epoch 31:	0.13827881  	0.07767392  	0.74409378  	0.79638481  	0.68075025  	0.69331467  	0.63019055  	0.63368398  	0.70816642  	0.71052170  
2021-02-01 14:16:07.881: iteration 32 finished in 4.239276 seconds
2021-02-01 14:16:07.989: epoch 32:	0.13826008  	0.07767393  	0.74417186  	0.79661721  	0.68082917  	0.69343472  	0.63026232  	0.63376826  	0.70831847  	0.71067351  
2021-02-01 14:16:12.272: iteration 33 finished in 4.282871 seconds
2021-02-01 14:16:12.380: epoch 33:	0.13818514  	0.07770204  	0.74342233  	0.79692954  	0.68055189  	0.69345063  	0.63005346  	0.63365585  	0.70840013  	0.71082878  
2021-02-01 14:16:16.653: iteration 34 finished in 4.271941 seconds
2021-02-01 14:16:16.761: epoch 34:	0.13812892  	0.07768331  	0.74316466  	0.79674840  	0.68032688  	0.69326878  	0.62979686  	0.63342410  	0.70831543  	0.71077198  
2021-02-01 14:16:21.085: iteration 35 finished in 4.324520 seconds
2021-02-01 14:16:21.197: epoch 35:	0.13820387  	0.07767394  	0.74400795  	0.79676712  	0.67972678  	0.69243699  	0.62873989  	0.63228327  	0.70728415  	0.70967442  
2021-02-01 14:16:25.468: iteration 36 finished in 4.270133 seconds
2021-02-01 14:16:25.583: epoch 36:	0.13826010  	0.07769267  	0.74411327  	0.79701698  	0.67967242  	0.69238532  	0.62862426  	0.63212848  	0.70716298  	0.70956355  
2021-02-01 14:16:29.956: iteration 37 finished in 4.372204 seconds
2021-02-01 14:16:30.065: epoch 37:	0.13822263  	0.07773013  	0.74400401  	0.79686129  	0.67965239  	0.69241542  	0.62861228  	0.63217419  	0.70725483  	0.70962787  
2021-02-01 14:16:34.341: iteration 38 finished in 4.275030 seconds
2021-02-01 14:16:34.448: epoch 38:	0.13827884  	0.07768331  	0.74444127  	0.79633921  	0.67986858  	0.69237304  	0.62873346  	0.63221306  	0.70748276  	0.70979762  
2021-02-01 14:16:38.758: iteration 39 finished in 4.309344 seconds
2021-02-01 14:16:38.864: epoch 39:	0.13831632  	0.07772078  	0.74478471  	0.79701078  	0.68011987  	0.69267964  	0.62893444  	0.63241833  	0.70778501  	0.71009231  
2021-02-01 14:16:43.131: iteration 40 finished in 4.265302 seconds
2021-02-01 14:16:43.235: epoch 40:	0.13822262  	0.07771142  	0.74434757  	0.79701078  	0.68000352  	0.69271541  	0.62893468  	0.63248432  	0.70776242  	0.71010852  
2021-02-01 14:16:47.494: iteration 41 finished in 4.257979 seconds
2021-02-01 14:16:47.610: epoch 41:	0.13818516  	0.07771142  	0.74413341  	0.79701078  	0.67993021  	0.69270653  	0.62888277  	0.63245988  	0.70777756  	0.71012598  
2021-02-01 14:16:51.849: iteration 42 finished in 4.237705 seconds
2021-02-01 14:16:51.969: epoch 42:	0.13820389  	0.07769267  	0.74426270  	0.79672962  	0.67908722  	0.69175440  	0.62771004  	0.63126117  	0.70652515  	0.70884424  
2021-02-01 14:16:56.275: iteration 43 finished in 4.305969 seconds
2021-02-01 14:16:56.382: epoch 43:	0.13818514  	0.07773015  	0.74422520  	0.79729176  	0.67910790  	0.69193208  	0.62775511  	0.63135797  	0.70653522  	0.70887488  
2021-02-01 14:17:00.636: iteration 44 finished in 4.253733 seconds
2021-02-01 14:17:00.743: epoch 44:	0.13818516  	0.07773015  	0.74442190  	0.79729176  	0.67908126  	0.69185418  	0.62767297  	0.63125962  	0.70645475  	0.70876908  
2021-02-01 14:17:05.064: iteration 45 finished in 4.319824 seconds
2021-02-01 14:17:05.173: epoch 45:	0.13814767  	0.07783321  	0.74429077  	0.79890645  	0.67901897  	0.69221991  	0.62765181  	0.63136822  	0.70622778  	0.70861715  
2021-02-01 14:17:09.420: iteration 46 finished in 4.247217 seconds
2021-02-01 14:17:09.532: epoch 46:	0.13809146  	0.07785194  	0.74417520  	0.79928118  	0.67894274  	0.69228119  	0.62760127  	0.63136041  	0.70615673  	0.70859104  
2021-02-01 14:17:13.868: iteration 47 finished in 4.336308 seconds
2021-02-01 14:17:13.978: epoch 47:	0.13812894  	0.07785194  	0.74429572  	0.79942173  	0.67874116  	0.69205910  	0.62737089  	0.63110757  	0.70551765  	0.70796210  
2021-02-01 14:17:18.221: iteration 48 finished in 4.242992 seconds
2021-02-01 14:17:18.330: epoch 48:	0.13812892  	0.07774889  	0.74424428  	0.79725140  	0.67874682  	0.69158614  	0.62739044  	0.63101530  	0.70554566  	0.70787811  
2021-02-01 14:17:22.583: iteration 49 finished in 4.252923 seconds
2021-02-01 14:17:22.691: epoch 49:	0.13812892  	0.07773016  	0.74424428  	0.79698586  	0.67870009  	0.69147271  	0.62730110  	0.63091803  	0.70552546  	0.70783758  
2021-02-01 14:17:26.945: iteration 50 finished in 4.253271 seconds
2021-02-01 14:17:27.053: epoch 50:	0.13818514  	0.07774889  	0.74429381  	0.79723573  	0.67909074  	0.69189262  	0.62774181  	0.63133949  	0.70628041  	0.70860046  
