2021-01-18 19:54:20.770: Dataset name: u2
The number of users: 5928
The number of items: 5928
The number of ratings: 20368
Average actions of users: 3.44
Average actions of items: 3.44
The sparsity of the dataset: 99.942040%
2021-01-18 19:54:20.771: 

NeuRec hyperparameters:
recommender=WRMF
config_dir=./conf
gpu_id=0
gpu_mem=0.5
data.input.path=C:\Users\HyunsikYoo\Desktop\VNE_directed_networks/_Data/p2p-Gnutella08/5-fold/u2/
data.input.dataset=u2
data.output.path=C:\Users\HyunsikYoo\Desktop\VNE_directed_networks/_Emb/p2p-Gnutella08/5-fold/wrmf/u2_wrmf_directed_dim16.emb
data.column.format=UI
data.convert.separator='\t'
user_min=0
item_min=0
splitter=given
ratio=0.8
by_time=False
metric=["Precision", "Recall", "NDCG", "MAP", "MRR"]
topk=[10, 20]
group_view=None
rec.evaluate.neg=0
test_batch_size=128
num_thread=8
data.index.remap=False

WRMF's hyperparameters:
epochs=50
embedding_size=16
reg_mf=0.1
alpha=10
init_method=uniform
stddev=0.01
verbose=1
weight=uniform

2021-01-18 19:55:52.959: metrics:	Precision@10	Precision@20	Recall@10   	Recall@20   	NDCG@10     	NDCG@20     	MAP@10      	MAP@20      	MRR@10      	MRR@20      
2021-01-18 19:55:57.183: iteration 1 finished in 4.224491 seconds
2021-01-18 19:55:57.262: epoch 1:	0.00768157  	0.00675048  	0.04050279  	0.07076350  	0.02314509  	0.03226431  	0.01359080  	0.01599459  	0.02317308  	0.02627860  
2021-01-18 19:56:01.466: iteration 2 finished in 4.203434 seconds
2021-01-18 19:56:01.513: epoch 2:	0.01089388  	0.01024208  	0.05702979  	0.10940409  	0.03351878  	0.04903452  	0.02019644  	0.02474210  	0.03388682  	0.03817120  
2021-01-18 19:56:05.746: iteration 3 finished in 4.232026 seconds
2021-01-18 19:56:05.792: epoch 3:	0.01336129  	0.01184823  	0.07053073  	0.12523277  	0.04096992  	0.05739306  	0.02471919  	0.02983475  	0.04095281  	0.04497784  
2021-01-18 19:56:10.209: iteration 4 finished in 4.416475 seconds
2021-01-18 19:56:10.274: epoch 4:	0.01410618  	0.01254654  	0.07541899  	0.13314712  	0.04278660  	0.06014983  	0.02555377  	0.03086931  	0.04157964  	0.04602816  
2021-01-18 19:56:14.831: iteration 5 finished in 4.557223 seconds
2021-01-18 19:56:14.880: epoch 5:	0.01457173  	0.01270949  	0.07821229  	0.13454376  	0.04328053  	0.06020742  	0.02541908  	0.03049419  	0.04082109  	0.04524767  
2021-01-18 19:56:19.482: iteration 6 finished in 4.601862 seconds
2021-01-18 19:56:19.534: epoch 6:	0.01466484  	0.01256983  	0.07867784  	0.13268156  	0.04361748  	0.05998659  	0.02569805  	0.03065483  	0.04105350  	0.04540755  
2021-01-18 19:56:23.947: iteration 7 finished in 4.412774 seconds
2021-01-18 19:56:23.992: epoch 7:	0.01466484  	0.01268621  	0.07844506  	0.13431099  	0.04337220  	0.06024890  	0.02559764  	0.03066650  	0.04020629  	0.04478833  
2021-01-18 19:56:28.512: iteration 8 finished in 4.518743 seconds
2021-01-18 19:56:28.590: epoch 8:	0.01489761  	0.01277932  	0.07937616  	0.13506104  	0.04393105  	0.06070354  	0.02595928  	0.03097931  	0.04072320  	0.04525839  
2021-01-18 19:56:33.077: iteration 9 finished in 4.487730 seconds
2021-01-18 19:56:33.125: epoch 9:	0.01513039  	0.01261638  	0.08100559  	0.13296607  	0.04449442  	0.06026751  	0.02615769  	0.03093458  	0.04101693  	0.04526106  
2021-01-18 19:56:37.488: iteration 10 finished in 4.362370 seconds
2021-01-18 19:56:37.536: epoch 10:	0.01517694  	0.01259310  	0.08123836  	0.13296607  	0.04470458  	0.06038872  	0.02638898  	0.03112983  	0.04111299  	0.04536476  
2021-01-18 19:56:41.863: iteration 11 finished in 4.326974 seconds
2021-01-18 19:56:41.947: epoch 11:	0.01513039  	0.01273276  	0.08100559  	0.13412994  	0.04470965  	0.06082886  	0.02645068  	0.03131931  	0.04129091  	0.04563831  
2021-01-18 19:56:46.284: iteration 12 finished in 4.337164 seconds
2021-01-18 19:56:46.329: epoch 12:	0.01508383  	0.01270949  	0.08054004  	0.13389717  	0.04459173  	0.06079774  	0.02642824  	0.03131053  	0.04125229  	0.04570815  
2021-01-18 19:56:51.023: iteration 13 finished in 4.693603 seconds
2021-01-18 19:56:51.111: epoch 13:	0.01503728  	0.01275604  	0.08007449  	0.13436271  	0.04464081  	0.06111072  	0.02655442  	0.03147526  	0.04165854  	0.04627173  
2021-01-18 19:56:56.212: iteration 14 finished in 5.101027 seconds
2021-01-18 19:56:56.308: epoch 14:	0.01513039  	0.01273276  	0.08077281  	0.13389717  	0.04500486  	0.06117219  	0.02673279  	0.03156514  	0.04211615  	0.04666112  
2021-01-18 19:57:01.259: iteration 15 finished in 4.950722 seconds
2021-01-18 19:57:01.311: epoch 15:	0.01527005  	0.01287243  	0.08129009  	0.13529381  	0.04530812  	0.06167798  	0.02684927  	0.03175035  	0.04248398  	0.04696365  
2021-01-18 19:57:06.299: iteration 16 finished in 4.987711 seconds
2021-01-18 19:57:06.392: epoch 16:	0.01517694  	0.01284915  	0.08059177  	0.13459548  	0.04517903  	0.06160033  	0.02681916  	0.03176708  	0.04271565  	0.04719317  
2021-01-18 19:57:10.765: iteration 17 finished in 4.372681 seconds
2021-01-18 19:57:10.810: epoch 17:	0.01522349  	0.01296554  	0.08082454  	0.13599214  	0.04514957  	0.06186358  	0.02671748  	0.03174016  	0.04243188  	0.04694405  
2021-01-18 19:57:15.162: iteration 18 finished in 4.352806 seconds
2021-01-18 19:57:15.234: epoch 18:	0.01527005  	0.01296554  	0.08105732  	0.13599214  	0.04523863  	0.06187689  	0.02669713  	0.03170006  	0.04258244  	0.04706036  
2021-01-18 19:57:19.724: iteration 19 finished in 4.489556 seconds
2021-01-18 19:57:19.781: epoch 19:	0.01527005  	0.01301209  	0.08123836  	0.13645768  	0.04541206  	0.06214342  	0.02680955  	0.03185157  	0.04288135  	0.04737484  
2021-01-18 19:57:24.445: iteration 20 finished in 4.663616 seconds
2021-01-18 19:57:24.494: epoch 20:	0.01508383  	0.01305864  	0.08030726  	0.13715601  	0.04528487  	0.06251460  	0.02697766  	0.03217003  	0.04291645  	0.04758972  
2021-01-18 19:57:29.189: iteration 21 finished in 4.694063 seconds
2021-01-18 19:57:29.241: epoch 21:	0.01527005  	0.01308192  	0.08123836  	0.13738878  	0.04612129  	0.06311987  	0.02763026  	0.03274683  	0.04416882  	0.04875966  
2021-01-18 19:57:33.813: iteration 22 finished in 4.571213 seconds
2021-01-18 19:57:33.909: epoch 22:	0.01531660  	0.01305864  	0.08100559  	0.13715601  	0.04623289  	0.06319639  	0.02776013  	0.03288085  	0.04452426  	0.04907817  
2021-01-18 19:57:38.534: iteration 23 finished in 4.623456 seconds
2021-01-18 19:57:38.626: epoch 23:	0.01531660  	0.01298881  	0.08100559  	0.13645768  	0.04634017  	0.06312407  	0.02788050  	0.03295168  	0.04474226  	0.04929526  
2021-01-18 19:57:43.239: iteration 24 finished in 4.612325 seconds
2021-01-18 19:57:43.287: epoch 24:	0.01531660  	0.01301209  	0.08100559  	0.13645768  	0.04659202  	0.06338803  	0.02820499  	0.03322763  	0.04519673  	0.04984064  
2021-01-18 19:57:48.279: iteration 25 finished in 4.991820 seconds
2021-01-18 19:57:48.338: epoch 25:	0.01531660  	0.01305864  	0.08100559  	0.13715601  	0.04670803  	0.06367502  	0.02832590  	0.03336245  	0.04546184  	0.05019588  
2021-01-18 19:57:53.240: iteration 26 finished in 4.901095 seconds
2021-01-18 19:57:53.411: epoch 26:	0.01527005  	0.01305864  	0.08077281  	0.13738878  	0.04640897  	0.06349723  	0.02805470  	0.03314554  	0.04502918  	0.04976299  
2021-01-18 19:57:58.396: iteration 27 finished in 4.985284 seconds
2021-01-18 19:57:58.444: epoch 27:	0.01527005  	0.01305864  	0.08077281  	0.13738878  	0.04646489  	0.06353933  	0.02812878  	0.03322449  	0.04510177  	0.04978454  
2021-01-18 19:58:02.805: iteration 28 finished in 4.360789 seconds
2021-01-18 19:58:02.848: epoch 28:	0.01531660  	0.01303537  	0.08100559  	0.13715601  	0.04674719  	0.06367967  	0.02835269  	0.03343096  	0.04563605  	0.05022746  
2021-01-18 19:58:07.146: iteration 29 finished in 4.296316 seconds
2021-01-18 19:58:07.193: epoch 29:	0.01527005  	0.01308192  	0.08077281  	0.13762157  	0.04658568  	0.06373015  	0.02825071  	0.03339214  	0.04544133  	0.05009201  
2021-01-18 19:58:11.431: iteration 30 finished in 4.237923 seconds
2021-01-18 19:58:11.510: epoch 30:	0.01527005  	0.01308192  	0.08100559  	0.13762157  	0.04650566  	0.06362282  	0.02814338  	0.03328240  	0.04512838  	0.04980114  
2021-01-18 19:58:15.888: iteration 31 finished in 4.378005 seconds
2021-01-18 19:58:15.942: epoch 31:	0.01527005  	0.01308192  	0.08100559  	0.13762157  	0.04639060  	0.06351846  	0.02799872  	0.03314706  	0.04480175  	0.04948192  
2021-01-18 19:58:20.632: iteration 32 finished in 4.690351 seconds
2021-01-18 19:58:20.682: epoch 32:	0.01531660  	0.01305864  	0.08147114  	0.13738878  	0.04670838  	0.06365145  	0.02826346  	0.03335306  	0.04515164  	0.04979898  
2021-01-18 19:58:24.981: iteration 33 finished in 4.298344 seconds
2021-01-18 19:58:25.031: epoch 33:	0.01522350  	0.01303537  	0.08100559  	0.13715601  	0.04650118  	0.06353495  	0.02817636  	0.03329151  	0.04500996  	0.04971954  
2021-01-18 19:58:29.340: iteration 34 finished in 4.307932 seconds
2021-01-18 19:58:29.387: epoch 34:	0.01527005  	0.01308192  	0.08123836  	0.13762157  	0.04672465  	0.06381506  	0.02835398  	0.03347255  	0.04534914  	0.05007657  
2021-01-18 19:58:33.705: iteration 35 finished in 4.317271 seconds
2021-01-18 19:58:33.755: epoch 35:	0.01531660  	0.01308192  	0.08147114  	0.13762157  	0.04667674  	0.06368782  	0.02821884  	0.03332043  	0.04514500  	0.04981877  
2021-01-18 19:58:38.120: iteration 36 finished in 4.364522 seconds
2021-01-18 19:58:38.166: epoch 36:	0.01527005  	0.01310520  	0.08123836  	0.13785434  	0.04656658  	0.06372289  	0.02816278  	0.03329887  	0.04505042  	0.04978853  
2021-01-18 19:58:42.460: iteration 37 finished in 4.292855 seconds
2021-01-18 19:58:42.505: epoch 37:	0.01527005  	0.01315175  	0.08123836  	0.13831988  	0.04671292  	0.06399941  	0.02829136  	0.03344893  	0.04540052  	0.05018706  
2021-01-18 19:58:47.130: iteration 38 finished in 4.623750 seconds
2021-01-18 19:58:47.251: epoch 38:	0.01527005  	0.01317503  	0.08123836  	0.13836645  	0.04684607  	0.06415658  	0.02844672  	0.03362140  	0.04567762  	0.05046086  
2021-01-18 19:58:52.223: iteration 39 finished in 4.970870 seconds
2021-01-18 19:58:52.272: epoch 39:	0.01527005  	0.01312848  	0.08123836  	0.13808194  	0.04674065  	0.06395667  	0.02833052  	0.03348715  	0.04544521  	0.05017866  
2021-01-18 19:58:57.030: iteration 40 finished in 4.757352 seconds
2021-01-18 19:58:57.076: epoch 40:	0.01522350  	0.01310520  	0.08077281  	0.13784917  	0.04671062  	0.06400180  	0.02837080  	0.03359871  	0.04568205  	0.05038174  
2021-01-18 19:59:01.456: iteration 41 finished in 4.379779 seconds
2021-01-18 19:59:01.535: epoch 41:	0.01531660  	0.01308192  	0.08123836  	0.13761640  	0.04669347  	0.06376764  	0.02823760  	0.03339296  	0.04531221  	0.04996281  
2021-01-18 19:59:06.454: iteration 42 finished in 4.919436 seconds
2021-01-18 19:59:06.518: epoch 42:	0.01536316  	0.01308192  	0.08147114  	0.13738361  	0.04671002  	0.06367204  	0.02819520  	0.03332056  	0.04522741  	0.04985505  
2021-01-18 19:59:11.321: iteration 43 finished in 4.803685 seconds
2021-01-18 19:59:11.374: epoch 43:	0.01550282  	0.01308192  	0.08240224  	0.13738361  	0.04691931  	0.06360085  	0.02819742  	0.03324464  	0.04519564  	0.04971000  
2021-01-18 19:59:16.245: iteration 44 finished in 4.869731 seconds
2021-01-18 19:59:16.295: epoch 44:	0.01568904  	0.01315175  	0.08314712  	0.13790089  	0.04738347  	0.06396373  	0.02848750  	0.03350365  	0.04568963  	0.05011358  
2021-01-18 19:59:20.868: iteration 45 finished in 4.573497 seconds
2021-01-18 19:59:20.917: epoch 45:	0.01564248  	0.01310520  	0.08291434  	0.13743535  	0.04735450  	0.06387675  	0.02851472  	0.03352140  	0.04574691  	0.05016061  
2021-01-18 19:59:25.402: iteration 46 finished in 4.483613 seconds
2021-01-18 19:59:25.448: epoch 46:	0.01559593  	0.01310520  	0.08268157  	0.13743535  	0.04715618  	0.06374962  	0.02835667  	0.03337810  	0.04549178  	0.04993893  
2021-01-18 19:59:29.886: iteration 47 finished in 4.438779 seconds
2021-01-18 19:59:29.943: epoch 47:	0.01568904  	0.01315175  	0.08314712  	0.13790089  	0.04724665  	0.06381296  	0.02835861  	0.03335065  	0.04540126  	0.04983556  
2021-01-18 19:59:34.490: iteration 48 finished in 4.547058 seconds
2021-01-18 19:59:34.539: epoch 48:	0.01568904  	0.01310520  	0.08314712  	0.13743535  	0.04726896  	0.06370786  	0.02838309  	0.03334358  	0.04545686  	0.04986829  
2021-01-18 19:59:39.065: iteration 49 finished in 4.526230 seconds
2021-01-18 19:59:39.118: epoch 49:	0.01573559  	0.01308192  	0.08337989  	0.13738361  	0.04740830  	0.06373012  	0.02852646  	0.03346508  	0.04547312  	0.04978053  
2021-01-18 19:59:43.472: iteration 50 finished in 4.353212 seconds
2021-01-18 19:59:43.536: epoch 50:	0.01573559  	0.01308192  	0.08337989  	0.13738361  	0.04739476  	0.06372155  	0.02851767  	0.03346594  	0.04544263  	0.04974636  
