2021-12-14 19:45:52.984: Dataset name: u2
The number of users: 6289
The number of items: 6289
The number of ratings: 20764
Average actions of users: 3.30
Average actions of items: 3.30
The sparsity of the dataset: 99.947501%
2021-12-14 19:45:52.984: 

NeuRec hyperparameters:
recommender=WRMF
config_dir=./conf
gpu_id=0
gpu_mem=0.5
data.input.path=D:\hsyoo\Workingon_210628/_Data/p2p-Gnutella08/random-barrier/u2/
data.input.dataset=u2
data.output.path=D:\hsyoo\Workingon_210628/_Emb/p2p-Gnutella08/random-barrier/wrmf/u2_wrmf_directed_dim16_uniform_send.emb
data.column.format=UI
data.convert.separator='\t'
user_min=0
item_min=0
splitter=given
ratio=0.8
by_time=False
metric=["Precision", "Recall", "NDCG", "MAP", "MRR"]
topk=[10, 20]
group_view=None
rec.evaluate.neg=0
test_batch_size=128
num_thread=8
data.index.remap=False

WRMF's hyperparameters:
epochs=50
embedding_size=16
reg_mf=0.1
alpha=10
init_method=uniform
stddev=0.01
verbose=1
weight=uniform

2021-12-14 19:47:34.860: metrics:	Precision@10	Precision@20	Recall@10   	Recall@20   	NDCG@10     	NDCG@20     	MAP@10      	MAP@20      	MRR@10      	MRR@20      
2021-12-14 19:47:40.416: iteration 1 finished in 5.554147 seconds
2021-12-14 19:47:40.475: epoch 1:	0.01013657  	0.00856094  	0.04245449  	0.07226015  	0.02588014  	0.03545665  	0.01471187  	0.01749051  	0.02935445  	0.03245601  
2021-12-14 19:47:44.850: iteration 2 finished in 4.374302 seconds
2021-12-14 19:47:44.891: epoch 2:	0.01328784  	0.01278885  	0.05718662  	0.10862221  	0.03336030  	0.04973463  	0.01895319  	0.02382037  	0.03500212  	0.03961467  
2021-12-14 19:47:49.290: iteration 3 finished in 4.398225 seconds
2021-12-14 19:47:49.331: epoch 3:	0.01633406  	0.01423317  	0.07236520  	0.12134540  	0.04114659  	0.05701272  	0.02319722  	0.02821350  	0.04238071  	0.04637609  
2021-12-14 19:47:53.714: iteration 4 finished in 4.383279 seconds
2021-12-14 19:47:53.756: epoch 4:	0.01696431  	0.01512603  	0.07249215  	0.12754287  	0.04373110  	0.06143852  	0.02546306  	0.03122891  	0.04718701  	0.05143610  
2021-12-14 19:47:58.208: iteration 5 finished in 4.451096 seconds
2021-12-14 19:47:58.252: epoch 5:	0.01727944  	0.01533611  	0.07286854  	0.12938987  	0.04416425  	0.06228106  	0.02567979  	0.03178333  	0.04752776  	0.05158854  
2021-12-14 19:48:02.642: iteration 6 finished in 4.389263 seconds
2021-12-14 19:48:02.683: epoch 6:	0.01811977  	0.01546742  	0.07632615  	0.12973127  	0.04544919  	0.06259677  	0.02617899  	0.03192042  	0.04782370  	0.05170187  
2021-12-14 19:48:07.086: iteration 7 finished in 4.403225 seconds
2021-12-14 19:48:07.128: epoch 7:	0.01827733  	0.01583506  	0.07585347  	0.13373162  	0.04619081  	0.06448973  	0.02700753  	0.03304249  	0.04951625  	0.05364231  
2021-12-14 19:48:11.505: iteration 8 finished in 4.376414 seconds
2021-12-14 19:48:11.536: epoch 8:	0.01869749  	0.01599262  	0.07763918  	0.13508841  	0.04676013  	0.06487071  	0.02714608  	0.03302645  	0.04957525  	0.05373174  
2021-12-14 19:48:15.918: iteration 9 finished in 4.381966 seconds
2021-12-14 19:48:15.949: epoch 9:	0.01859245  	0.01594011  	0.07737657  	0.13453695  	0.04712963  	0.06525434  	0.02764372  	0.03348961  	0.05036119  	0.05470306  
2021-12-14 19:48:20.356: iteration 10 finished in 4.406976 seconds
2021-12-14 19:48:20.387: epoch 10:	0.01875001  	0.01583506  	0.07820816  	0.13368785  	0.04688479  	0.06451795  	0.02693742  	0.03267841  	0.04978366  	0.05391257  
2021-12-14 19:48:24.792: iteration 11 finished in 4.405176 seconds
2021-12-14 19:48:24.834: epoch 11:	0.01901261  	0.01586132  	0.07934611  	0.13412553  	0.04773604  	0.06509534  	0.02754556  	0.03323768  	0.05071965  	0.05467427  
2021-12-14 19:48:29.210: iteration 12 finished in 4.375298 seconds
2021-12-14 19:48:29.251: epoch 12:	0.01911765  	0.01588758  	0.07965248  	0.13423932  	0.04793575  	0.06526461  	0.02774940  	0.03341987  	0.05052708  	0.05458758  
2021-12-14 19:48:33.631: iteration 13 finished in 4.378291 seconds
2021-12-14 19:48:33.670: epoch 13:	0.01938026  	0.01596637  	0.08098738  	0.13476454  	0.04826532  	0.06530758  	0.02778383  	0.03335673  	0.05022509  	0.05416828  
2021-12-14 19:48:38.047: iteration 14 finished in 4.377295 seconds
2021-12-14 19:48:38.088: epoch 14:	0.01943278  	0.01586132  	0.08116245  	0.13422181  	0.04882162  	0.06559017  	0.02831797  	0.03378454  	0.05150394  	0.05539617  
2021-12-14 19:48:42.485: iteration 15 finished in 4.397239 seconds
2021-12-14 19:48:42.525: epoch 15:	0.01943278  	0.01591385  	0.08120622  	0.13430935  	0.04833072  	0.06518053  	0.02775460  	0.03329688  	0.05059357  	0.05441990  
2021-12-14 19:48:46.899: iteration 16 finished in 4.374301 seconds
2021-12-14 19:48:46.941: epoch 16:	0.01906514  	0.01596637  	0.07996323  	0.13514096  	0.04776772  	0.06533205  	0.02749912  	0.03328672  	0.05035806  	0.05440103  
2021-12-14 19:48:51.342: iteration 17 finished in 4.400232 seconds
2021-12-14 19:48:51.384: epoch 17:	0.01922270  	0.01609767  	0.08053220  	0.13603818  	0.04776614  	0.06538206  	0.02730456  	0.03313067  	0.05010106  	0.05401469  
2021-12-14 19:48:55.773: iteration 18 finished in 4.388263 seconds
2021-12-14 19:48:55.815: epoch 18:	0.01943278  	0.01604515  	0.08147758  	0.13555674  	0.04813330  	0.06531727  	0.02736628  	0.03307858  	0.05060732  	0.05437986  
2021-12-14 19:49:00.301: iteration 19 finished in 4.484139 seconds
2021-12-14 19:49:00.347: epoch 19:	0.01948530  	0.01604515  	0.08182772  	0.13516283  	0.04825188  	0.06524021  	0.02739076  	0.03304162  	0.05071924  	0.05444341  
2021-12-14 19:49:04.723: iteration 20 finished in 4.375427 seconds
2021-12-14 19:49:04.754: epoch 20:	0.01943278  	0.01599263  	0.08169642  	0.13481270  	0.04836471  	0.06528263  	0.02754965  	0.03316814  	0.05098205  	0.05475067  
2021-12-14 19:49:09.303: iteration 21 finished in 4.548405 seconds
2021-12-14 19:49:09.349: epoch 21:	0.01927522  	0.01607141  	0.08099613  	0.13597691  	0.04813472  	0.06557469  	0.02750037  	0.03324825  	0.05079989  	0.05470672  
2021-12-14 19:49:13.772: iteration 22 finished in 4.422518 seconds
2021-12-14 19:49:13.819: epoch 22:	0.01927522  	0.01617645  	0.08099613  	0.13663341  	0.04828824  	0.06591376  	0.02769056  	0.03345830  	0.05099040  	0.05493954  
2021-12-14 19:49:18.324: iteration 23 finished in 4.505474 seconds
2021-12-14 19:49:18.371: epoch 23:	0.01932774  	0.01604515  	0.08125874  	0.13555674  	0.04825450  	0.06548359  	0.02752679  	0.03323226  	0.05096059  	0.05473737  
2021-12-14 19:49:22.805: iteration 24 finished in 4.433959 seconds
2021-12-14 19:49:22.850: epoch 24:	0.01932774  	0.01615019  	0.08117121  	0.13660719  	0.04840053  	0.06594681  	0.02773457  	0.03349968  	0.05128300  	0.05519243  
2021-12-14 19:49:27.294: iteration 25 finished in 4.444115 seconds
2021-12-14 19:49:27.338: epoch 25:	0.01938026  	0.01617645  	0.08139005  	0.13717614  	0.04887421  	0.06645551  	0.02822639  	0.03399874  	0.05214481  	0.05603267  
2021-12-14 19:49:31.748: iteration 26 finished in 4.410207 seconds
2021-12-14 19:49:31.791: epoch 26:	0.01927522  	0.01622897  	0.08117121  	0.13806900  	0.04868642  	0.06658302  	0.02809907  	0.03397252  	0.05195850  	0.05589077  
2021-12-14 19:49:36.198: iteration 27 finished in 4.406218 seconds
2021-12-14 19:49:36.240: epoch 27:	0.01927522  	0.01620271  	0.08108368  	0.13793771  	0.04885188  	0.06672419  	0.02835035  	0.03423472  	0.05213565  	0.05605260  
2021-12-14 19:49:40.635: iteration 28 finished in 4.394248 seconds
2021-12-14 19:49:40.676: epoch 28:	0.01932774  	0.01628149  	0.08121498  	0.13850670  	0.04888983  	0.06691091  	0.02837409  	0.03430318  	0.05200706  	0.05596568  
2021-12-14 19:49:45.081: iteration 29 finished in 4.405218 seconds
2021-12-14 19:49:45.123: epoch 29:	0.01922270  	0.01630775  	0.08089110  	0.13876928  	0.04876870  	0.06699470  	0.02835695  	0.03434679  	0.05188471  	0.05594783  
2021-12-14 19:49:49.533: iteration 30 finished in 4.409213 seconds
2021-12-14 19:49:49.574: epoch 30:	0.01922270  	0.01625524  	0.08102240  	0.13798146  	0.04883337  	0.06683653  	0.02839747  	0.03433314  	0.05194535  	0.05594448  
2021-12-14 19:49:53.986: iteration 31 finished in 4.411202 seconds
2021-12-14 19:49:54.027: epoch 31:	0.01917018  	0.01636028  	0.08068977  	0.13878678  	0.04878452  	0.06713266  	0.02843984  	0.03447609  	0.05197245  	0.05609386  
2021-12-14 19:49:58.412: iteration 32 finished in 4.384275 seconds
2021-12-14 19:49:58.455: epoch 32:	0.01917018  	0.01641280  	0.08071603  	0.13918069  	0.04892574  	0.06739716  	0.02869096  	0.03474180  	0.05196537  	0.05617214  
2021-12-14 19:50:02.866: iteration 33 finished in 4.411202 seconds
2021-12-14 19:50:02.907: epoch 33:	0.01922270  	0.01641280  	0.08106617  	0.13909316  	0.04900583  	0.06736542  	0.02870696  	0.03473547  	0.05181281  	0.05598314  
2021-12-14 19:50:07.308: iteration 34 finished in 4.401230 seconds
2021-12-14 19:50:07.352: epoch 34:	0.01922270  	0.01638654  	0.08106618  	0.13878678  	0.04889892  	0.06718185  	0.02861829  	0.03460229  	0.05153435  	0.05575994  
2021-12-14 19:50:11.742: iteration 35 finished in 4.389694 seconds
2021-12-14 19:50:11.788: epoch 35:	0.01917018  	0.01641280  	0.08080357  	0.13929449  	0.04870601  	0.06719716  	0.02849685  	0.03450180  	0.05126133  	0.05560391  
2021-12-14 19:50:16.295: iteration 36 finished in 4.506642 seconds
2021-12-14 19:50:16.342: epoch 36:	0.01911766  	0.01633402  	0.08062850  	0.13850667  	0.04837044  	0.06672837  	0.02821545  	0.03418733  	0.05052958  	0.05488189  
2021-12-14 19:50:20.712: iteration 37 finished in 4.369799 seconds
2021-12-14 19:50:20.759: epoch 37:	0.01932774  	0.01643906  	0.08124126  	0.13911942  	0.04851665  	0.06683562  	0.02819166  	0.03412537  	0.05046978  	0.05480877  
2021-12-14 19:50:25.125: iteration 38 finished in 4.366416 seconds
2021-12-14 19:50:25.172: epoch 38:	0.01911766  	0.01636028  	0.08036590  	0.13876928  	0.04821312  	0.06671036  	0.02811263  	0.03408525  	0.05040121  	0.05486406  
2021-12-14 19:50:29.548: iteration 39 finished in 4.376310 seconds
2021-12-14 19:50:29.579: epoch 39:	0.01917018  	0.01641280  	0.08054097  	0.13955709  	0.04817617  	0.06680056  	0.02801483  	0.03402706  	0.05023864  	0.05468210  
2021-12-14 19:50:33.953: iteration 40 finished in 4.373966 seconds
2021-12-14 19:50:33.985: epoch 40:	0.01911766  	0.01638654  	0.08043593  	0.13938202  	0.04808387  	0.06671030  	0.02795368  	0.03396466  	0.05019591  	0.05464828  
2021-12-14 19:50:38.470: iteration 41 finished in 4.485593 seconds
2021-12-14 19:50:38.502: epoch 41:	0.01917018  	0.01636028  	0.08069853  	0.13914567  	0.04821935  	0.06671184  	0.02803538  	0.03401076  	0.05029054  	0.05468619  
2021-12-14 19:50:43.040: iteration 42 finished in 4.538148 seconds
2021-12-14 19:50:43.087: epoch 42:	0.01917018  	0.01630776  	0.08069853  	0.13862045  	0.04814245  	0.06650349  	0.02796303  	0.03391080  	0.05007462  	0.05445994  
2021-12-14 19:50:47.456: iteration 43 finished in 4.369298 seconds
2021-12-14 19:50:47.503: epoch 43:	0.01911766  	0.01633401  	0.08056723  	0.13914567  	0.04808327  	0.06661397  	0.02794555  	0.03393159  	0.05016819  	0.05462014  
2021-12-14 19:50:52.004: iteration 44 finished in 4.501196 seconds
2021-12-14 19:50:52.051: epoch 44:	0.01906514  	0.01638654  	0.08004201  	0.13980220  	0.04785458  	0.06670560  	0.02781853  	0.03389856  	0.04997269  	0.05450030  
2021-12-14 19:50:56.427: iteration 45 finished in 4.376269 seconds
2021-12-14 19:50:56.474: epoch 45:	0.01896010  	0.01641280  	0.07935925  	0.14019610  	0.04765750  	0.06679659  	0.02777841  	0.03393105  	0.04991664  	0.05452555  
2021-12-14 19:51:00.847: iteration 46 finished in 4.373091 seconds
2021-12-14 19:51:00.878: epoch 46:	0.01896010  	0.01633401  	0.07935925  	0.13940828  	0.04781539  	0.06674331  	0.02796945  	0.03407573  	0.05021216  	0.05477731  
2021-12-14 19:51:05.253: iteration 47 finished in 4.375182 seconds
2021-12-14 19:51:05.300: epoch 47:	0.01896010  	0.01630775  	0.07944678  	0.13923322  	0.04778676  	0.06664132  	0.02788498  	0.03398162  	0.05023259  	0.05475013  
2021-12-14 19:51:09.662: iteration 48 finished in 4.361260 seconds
2021-12-14 19:51:09.693: epoch 48:	0.01896010  	0.01628149  	0.07988445  	0.13949582  	0.04792959  	0.06670946  	0.02799002  	0.03403186  	0.05027406  	0.05480754  
2021-12-14 19:51:14.053: iteration 49 finished in 4.360351 seconds
2021-12-14 19:51:14.100: epoch 49:	0.01901262  	0.01633401  	0.08040966  	0.13975842  	0.04813896  	0.06687256  	0.02809390  	0.03410548  	0.05042642  	0.05497162  
2021-12-14 19:51:18.462: iteration 50 finished in 4.362136 seconds
2021-12-14 19:51:18.509: epoch 50:	0.01901262  	0.01630775  	0.08005952  	0.13914567  	0.04819737  	0.06688014  	0.02820471  	0.03422855  	0.05075259  	0.05527087  
