2021-02-01 20:45:20.788: Dataset name: u2
The number of users: 22487
The number of items: 22487
The number of ratings: 311416
Average actions of users: 13.85
Average actions of items: 13.85
The sparsity of the dataset: 99.938415%
2021-02-01 20:45:20.790: 

NeuRec hyperparameters:
recommender=WRMF
config_dir=./conf
gpu_id=0
gpu_mem=0.5
data.input.path=C:\Users\HyunsikYoo\Desktop\VNE_directed_networks/_Data/eat/5-fold/u2/
data.input.dataset=u2
data.output.path=C:\Users\HyunsikYoo\Desktop\VNE_directed_networks/_Emb/eat/5-fold/wrmf/u2_wrmf_directed_dim16.emb
data.column.format=UI
data.convert.separator='\t'
user_min=0
item_min=0
splitter=given
ratio=0.8
by_time=False
metric=["Precision", "Recall", "NDCG", "MAP", "MRR"]
topk=[10, 20]
group_view=None
rec.evaluate.neg=0
test_batch_size=128
num_thread=8
data.index.remap=False

WRMF's hyperparameters:
epochs=50
embedding_size=16
reg_mf=0.1
alpha=10
init_method=uniform
stddev=0.01
verbose=1
weight=uniform

2021-02-01 21:06:44.350: metrics:	Precision@10	Precision@20	Recall@10   	Recall@20   	NDCG@10     	NDCG@20     	MAP@10      	MAP@20      	MRR@10      	MRR@20      
2021-02-01 21:08:08.186: iteration 1 finished in 83.834372 seconds
2021-02-01 21:08:08.577: epoch 1:	0.01228978  	0.01046899  	0.01614882  	0.02783849  	0.01593603  	0.02141429  	0.00583501  	0.00664863  	0.04111919  	0.04601228  
2021-02-01 21:09:33.867: iteration 2 finished in 85.290179 seconds
2021-02-01 21:09:34.222: epoch 2:	0.02489674  	0.02031716  	0.03331980  	0.05425860  	0.03321842  	0.04304056  	0.01279700  	0.01440257  	0.08343200  	0.09112161  
2021-02-01 21:10:58.689: iteration 3 finished in 84.465666 seconds
2021-02-01 21:10:59.039: epoch 3:	0.03738207  	0.02979380  	0.05012387  	0.07973324  	0.05078680  	0.06468096  	0.02035548  	0.02293894  	0.12617497  	0.13520572  
2021-02-01 21:12:22.538: iteration 4 finished in 83.497175 seconds
2021-02-01 21:12:22.891: epoch 4:	0.04509254  	0.03528664  	0.06076981  	0.09459487  	0.06161844  	0.07751808  	0.02511325  	0.02823987  	0.15108344  	0.16059811  
2021-02-01 21:13:48.418: iteration 5 finished in 85.525921 seconds
2021-02-01 21:13:48.772: epoch 5:	0.04924620  	0.03792946  	0.06610738  	0.10174224  	0.06723797  	0.08390216  	0.02758668  	0.03092178  	0.16390151  	0.17355748  
2021-02-01 21:15:14.193: iteration 6 finished in 85.421213 seconds
2021-02-01 21:15:14.541: epoch 6:	0.05124388  	0.03928743  	0.06894436  	0.10556096  	0.06985115  	0.08695651  	0.02875102  	0.03220301  	0.16874649  	0.17852460  
2021-02-01 21:16:43.805: iteration 7 finished in 89.262980 seconds
2021-02-01 21:16:44.197: epoch 7:	0.05210871  	0.04003033  	0.07016893  	0.10748306  	0.07121816  	0.08872143  	0.02940973  	0.03297970  	0.17194986  	0.18202905  
2021-02-01 21:18:13.615: iteration 8 finished in 89.416697 seconds
2021-02-01 21:18:13.969: epoch 8:	0.05247415  	0.04062101  	0.07091230  	0.10894000  	0.07209991  	0.09001836  	0.02981532  	0.03352155  	0.17434129  	0.18439949  
2021-02-01 21:19:41.553: iteration 9 finished in 87.584278 seconds
2021-02-01 21:19:41.926: epoch 9:	0.05279084  	0.04109597  	0.07123484  	0.11033085  	0.07299332  	0.09135485  	0.03041151  	0.03418767  	0.17678680  	0.18716840  
2021-02-01 21:21:09.080: iteration 10 finished in 87.154584 seconds
2021-02-01 21:21:09.469: epoch 10:	0.05331460  	0.04128473  	0.07188454  	0.11086270  	0.07368992  	0.09195288  	0.03073608  	0.03449538  	0.17833146  	0.18848473  
2021-02-01 21:22:35.576: iteration 11 finished in 86.106216 seconds
2021-02-01 21:22:35.927: epoch 11:	0.05370437  	0.04160137  	0.07229073  	0.11174773  	0.07422810  	0.09267647  	0.03097551  	0.03479399  	0.17985344  	0.18995388  
2021-02-01 21:24:03.166: iteration 12 finished in 87.239542 seconds
2021-02-01 21:24:03.532: epoch 12:	0.05389927  	0.04160748  	0.07252631  	0.11180747  	0.07439734  	0.09275806  	0.03104280  	0.03483084  	0.17995994  	0.19006234  
2021-02-01 21:25:29.643: iteration 13 finished in 86.109944 seconds
2021-02-01 21:25:30.079: epoch 13:	0.05421599  	0.04160751  	0.07300757  	0.11171918  	0.07463537  	0.09274127  	0.03108492  	0.03483966  	0.17993627  	0.18979022  
2021-02-01 21:26:56.868: iteration 14 finished in 86.789170 seconds
2021-02-01 21:26:57.225: epoch 14:	0.05444743  	0.04167449  	0.07326704  	0.11195923  	0.07487482  	0.09295288  	0.03117495  	0.03493498  	0.18035178  	0.19016542  
2021-02-01 21:28:21.743: iteration 15 finished in 84.518186 seconds
2021-02-01 21:28:22.096: epoch 15:	0.05448395  	0.04165015  	0.07337730  	0.11193705  	0.07517168  	0.09320503  	0.03139108  	0.03515683  	0.18127215  	0.19102041  
2021-02-01 21:29:47.763: iteration 16 finished in 85.667578 seconds
2021-02-01 21:29:48.115: epoch 16:	0.05482502  	0.04188764  	0.07385194  	0.11258556  	0.07527758  	0.09334982  	0.03134894  	0.03511235  	0.18073088  	0.19038354  
2021-02-01 21:31:13.236: iteration 17 finished in 85.120601 seconds
2021-02-01 21:31:13.587: epoch 17:	0.05486156  	0.04189373  	0.07380265  	0.11260492  	0.07530360  	0.09339842  	0.03136112  	0.03512434  	0.18099286  	0.19072236  
2021-02-01 21:32:38.904: iteration 18 finished in 85.317113 seconds
2021-02-01 21:32:39.255: epoch 18:	0.05470322  	0.04179632  	0.07358494  	0.11230028  	0.07529084  	0.09337596  	0.03137389  	0.03515804  	0.18158269  	0.19127914  
2021-02-01 21:34:04.650: iteration 19 finished in 85.394271 seconds
2021-02-01 21:34:05.001: epoch 19:	0.05476413  	0.04183282  	0.07372394  	0.11239571  	0.07533757  	0.09341238  	0.03134916  	0.03513733  	0.18163134  	0.19130421  
2021-02-01 21:35:31.422: iteration 20 finished in 86.419575 seconds
2021-02-01 21:35:31.774: epoch 20:	0.05471541  	0.04194856  	0.07371992  	0.11280333  	0.07536794  	0.09364337  	0.03140266  	0.03522409  	0.18164989  	0.19152339  
2021-02-01 21:36:57.456: iteration 21 finished in 85.680997 seconds
2021-02-01 21:36:57.809: epoch 21:	0.05489812  	0.04194856  	0.07401228  	0.11272652  	0.07566143  	0.09377314  	0.03153384  	0.03533157  	0.18244816  	0.19216321  
2021-02-01 21:38:24.421: iteration 22 finished in 86.611696 seconds
2021-02-01 21:38:24.775: epoch 22:	0.05493465  	0.04187546  	0.07409607  	0.11260267  	0.07577772  	0.09378991  	0.03160519  	0.03537298  	0.18282698  	0.19252107  
2021-02-01 21:39:48.365: iteration 23 finished in 83.590346 seconds
2021-02-01 21:39:48.721: epoch 23:	0.05498337  	0.04180240  	0.07417285  	0.11236924  	0.07590221  	0.09378652  	0.03165445  	0.03541403  	0.18334568  	0.19290112  
2021-02-01 21:41:17.364: iteration 24 finished in 88.643372 seconds
2021-02-01 21:41:17.744: epoch 24:	0.05509300  	0.04189983  	0.07432818  	0.11260891  	0.07605731  	0.09397011  	0.03172005  	0.03546625  	0.18375543  	0.19332200  
2021-02-01 21:42:43.613: iteration 25 finished in 85.869416 seconds
2021-02-01 21:42:43.966: epoch 25:	0.05504428  	0.04187547  	0.07426385  	0.11245132  	0.07617354  	0.09406183  	0.03181325  	0.03553841  	0.18458009  	0.19425923  
2021-02-01 21:44:11.033: iteration 26 finished in 87.066808 seconds
2021-02-01 21:44:11.387: epoch 26:	0.05505646  	0.04189983  	0.07424539  	0.11253943  	0.07621821  	0.09414155  	0.03186694  	0.03558958  	0.18458878  	0.19432944  
2021-02-01 21:45:38.185: iteration 27 finished in 86.798241 seconds
2021-02-01 21:45:38.551: epoch 27:	0.05508082  	0.04191203  	0.07430755  	0.11259263  	0.07625868  	0.09417661  	0.03188331  	0.03560374  	0.18467672  	0.19439960  
2021-02-01 21:47:05.705: iteration 28 finished in 87.153290 seconds
2021-02-01 21:47:06.056: epoch 28:	0.05503210  	0.04191202  	0.07431060  	0.11254448  	0.07637417  	0.09428844  	0.03195743  	0.03569011  	0.18535776  	0.19500794  
2021-02-01 21:48:30.866: iteration 29 finished in 84.810377 seconds
2021-02-01 21:48:31.217: epoch 29:	0.05528791  	0.04188158  	0.07466927  	0.11249671  	0.07660459  	0.09429680  	0.03202442  	0.03569806  	0.18563892  	0.19522370  
2021-02-01 21:49:57.220: iteration 30 finished in 86.002382 seconds
2021-02-01 21:49:57.572: epoch 30:	0.05516609  	0.04193030  	0.07449574  	0.11254088  	0.07650768  	0.09431998  	0.03201311  	0.03570221  	0.18553908  	0.19526440  
2021-02-01 21:51:22.544: iteration 31 finished in 84.970355 seconds
2021-02-01 21:51:22.893: epoch 31:	0.05509300  	0.04195466  	0.07439662  	0.11267644  	0.07646080  	0.09436782  	0.03199643  	0.03571191  	0.18558785  	0.19529688  
2021-02-01 21:52:48.975: iteration 32 finished in 86.082270 seconds
2021-02-01 21:52:49.327: epoch 32:	0.05501990  	0.04203383  	0.07433318  	0.11289637  	0.07642310  	0.09447853  	0.03198573  	0.03573183  	0.18557547  	0.19539991  
2021-02-01 21:54:14.270: iteration 33 finished in 84.941577 seconds
2021-02-01 21:54:14.616: epoch 33:	0.05528788  	0.04195464  	0.07463390  	0.11260432  	0.07659121  	0.09434602  	0.03201493  	0.03569463  	0.18578200  	0.19539467  
2021-02-01 21:55:41.010: iteration 34 finished in 86.392907 seconds
2021-02-01 21:55:41.366: epoch 34:	0.05514170  	0.04202772  	0.07446116  	0.11279030  	0.07649004  	0.09442693  	0.03199384  	0.03569437  	0.18569343  	0.19544750  
2021-02-01 21:57:05.039: iteration 35 finished in 83.673661 seconds
2021-02-01 21:57:05.389: epoch 35:	0.05514171  	0.04197290  	0.07442079  	0.11264811  	0.07650595  	0.09439073  	0.03199831  	0.03571241  	0.18580000  	0.19548351  
2021-02-01 21:58:30.324: iteration 36 finished in 84.935776 seconds
2021-02-01 21:58:30.691: epoch 36:	0.05523916  	0.04193027  	0.07454109  	0.11250059  	0.07653499  	0.09429056  	0.03198666  	0.03566875  	0.18571752  	0.19533104  
2021-02-01 21:59:55.800: iteration 37 finished in 85.108753 seconds
2021-02-01 21:59:56.148: epoch 37:	0.05515390  	0.04197898  	0.07443924  	0.11260516  	0.07657334  	0.09443121  	0.03205440  	0.03574990  	0.18622100  	0.19583696  
2021-02-01 22:01:19.923: iteration 38 finished in 83.774459 seconds
2021-02-01 22:01:20.281: epoch 38:	0.05503210  	0.04191200  	0.07433692  	0.11248562  	0.07649667  	0.09435382  	0.03203703  	0.03574303  	0.18600582  	0.19566315  
2021-02-01 22:02:45.263: iteration 39 finished in 84.982776 seconds
2021-02-01 22:02:45.610: epoch 39:	0.05498338  	0.04188765  	0.07427192  	0.11241351  	0.07638498  	0.09424258  	0.03197649  	0.03568047  	0.18554209  	0.19519779  
2021-02-01 22:04:11.574: iteration 40 finished in 85.963557 seconds
2021-02-01 22:04:11.924: epoch 40:	0.05489811  	0.04188764  	0.07413891  	0.11240929  	0.07638185  	0.09431392  	0.03203124  	0.03574641  	0.18567462  	0.19542986  
2021-02-01 22:05:37.164: iteration 41 finished in 85.240257 seconds
2021-02-01 22:05:37.530: epoch 41:	0.05486157  	0.04188763  	0.07405456  	0.11242481  	0.07638694  	0.09436349  	0.03204423  	0.03576777  	0.18598622  	0.19579634  
2021-02-01 22:07:03.182: iteration 42 finished in 85.651584 seconds
2021-02-01 22:07:03.536: epoch 42:	0.05480067  	0.04189372  	0.07398167  	0.11249328  	0.07635964  	0.09439109  	0.03202481  	0.03576268  	0.18622255  	0.19599161  
2021-02-01 22:08:27.859: iteration 43 finished in 84.322689 seconds
2021-02-01 22:08:28.222: epoch 43:	0.05473978  	0.04186937  	0.07388023  	0.11231689  	0.07630188  	0.09431474  	0.03202178  	0.03573614  	0.18606165  	0.19591004  
2021-02-01 22:09:54.134: iteration 44 finished in 85.911245 seconds
2021-02-01 22:09:54.484: epoch 44:	0.05470324  	0.04188763  	0.07383022  	0.11243723  	0.07632932  	0.09440248  	0.03205355  	0.03577971  	0.18627480  	0.19613251  
2021-02-01 22:11:19.165: iteration 45 finished in 84.680773 seconds
2021-02-01 22:11:19.537: epoch 45:	0.05469106  	0.04191808  	0.07371320  	0.11248145  	0.07618971  	0.09432281  	0.03197339  	0.03572043  	0.18576805  	0.19562855  
2021-02-01 22:12:42.506: iteration 46 finished in 82.968803 seconds
2021-02-01 22:12:42.858: epoch 46:	0.05478849  	0.04188763  	0.07382837  	0.11235554  	0.07621118  	0.09422563  	0.03198298  	0.03569658  	0.18548256  	0.19528164  
2021-02-01 22:14:07.079: iteration 47 finished in 84.221041 seconds
2021-02-01 22:14:07.428: epoch 47:	0.05488594  	0.04187544  	0.07398421  	0.11231843  	0.07637294  	0.09429026  	0.03204641  	0.03573947  	0.18600203  	0.19571587  
2021-02-01 22:15:31.698: iteration 48 finished in 84.268656 seconds
2021-02-01 22:15:32.062: epoch 48:	0.05483722  	0.04187544  	0.07386910  	0.11232355  	0.07632682  	0.09428915  	0.03203671  	0.03574321  	0.18595563  	0.19572423  
2021-02-01 22:16:56.556: iteration 49 finished in 84.493779 seconds
2021-02-01 22:16:56.914: epoch 49:	0.05475195  	0.04177191  	0.07378197  	0.11210657  	0.07624888  	0.09416015  	0.03199843  	0.03569547  	0.18588661  	0.19571044  
2021-02-01 22:18:21.826: iteration 50 finished in 84.912055 seconds
2021-02-01 22:18:22.180: epoch 50:	0.05478849  	0.04172929  	0.07381338  	0.11198009  	0.07628512  	0.09411473  	0.03201924  	0.03570444  	0.18596968  	0.19569519  
