2021-12-14 19:14:24.600: Dataset name: u2
The number of users: 5890
The number of items: 5890
The number of ratings: 20331
Average actions of users: 3.45
Average actions of items: 3.45
The sparsity of the dataset: 99.941396%
2021-12-14 19:14:24.600: 

NeuRec hyperparameters:
recommender=WRMF
config_dir=./conf
gpu_id=0
gpu_mem=0.5
data.input.path=D:\hsyoo\Workingon_210628/_Data/p2p-Gnutella08/noniid-out-barrier/u2/
data.input.dataset=u2
data.output.path=D:\hsyoo\Workingon_210628/_Emb/p2p-Gnutella08/noniid-out-barrier/wrmf/u2_wrmf_directed_dim16_uniform_send.emb
data.column.format=UI
data.convert.separator='\t'
user_min=0
item_min=0
splitter=given
ratio=0.8
by_time=False
metric=["Precision", "Recall", "NDCG", "MAP", "MRR"]
topk=[10, 20]
group_view=None
rec.evaluate.neg=0
test_batch_size=128
num_thread=8
data.index.remap=False

WRMF's hyperparameters:
epochs=50
embedding_size=16
reg_mf=0.1
alpha=10
init_method=uniform
stddev=0.01
verbose=1
weight=uniform

2021-12-14 19:15:53.937: metrics:	Precision@10	Precision@20	Recall@10   	Recall@20   	NDCG@10     	NDCG@20     	MAP@10      	MAP@20      	MRR@10      	MRR@20      
2021-12-14 19:15:59.421: iteration 1 finished in 5.484334 seconds
2021-12-14 19:15:59.477: epoch 1:	0.01060690  	0.00956808  	0.04810461  	0.08159287  	0.02779619  	0.03871852  	0.01559994  	0.01870767  	0.02993959  	0.03324566  
2021-12-14 19:16:03.544: iteration 2 finished in 4.066125 seconds
2021-12-14 19:16:03.583: epoch 2:	0.01366869  	0.01320392  	0.06095317  	0.11608345  	0.03838132  	0.05580951  	0.02353546  	0.02889968  	0.04288274  	0.04748159  
2021-12-14 19:16:07.648: iteration 3 finished in 4.065129 seconds
2021-12-14 19:16:07.686: epoch 3:	0.01525427  	0.01429741  	0.06912703  	0.12679058  	0.04213279  	0.06040270  	0.02530641  	0.03131984  	0.04594323  	0.04997426  
2021-12-14 19:16:11.728: iteration 4 finished in 4.042190 seconds
2021-12-14 19:16:11.760: epoch 4:	0.01656646  	0.01470747  	0.07309093  	0.13001639  	0.04462391  	0.06256311  	0.02663276  	0.03256781  	0.04817057  	0.05223055  
2021-12-14 19:16:15.807: iteration 5 finished in 4.047790 seconds
2021-12-14 19:16:15.854: epoch 5:	0.01716788  	0.01476214  	0.07704573  	0.13124657  	0.04615884  	0.06321036  	0.02729283  	0.03280982  	0.04912305  	0.05309243  
2021-12-14 19:16:19.901: iteration 6 finished in 4.046962 seconds
2021-12-14 19:16:19.932: epoch 6:	0.01722256  	0.01487149  	0.07703662  	0.13213958  	0.04624344  	0.06354444  	0.02740642  	0.03305511  	0.04893167  	0.05283371  
2021-12-14 19:16:24.008: iteration 7 finished in 4.075225 seconds
2021-12-14 19:16:24.048: epoch 7:	0.01771463  	0.01498084  	0.07977036  	0.13360670  	0.04674672  	0.06349172  	0.02732558  	0.03268633  	0.04816124  	0.05188767  
2021-12-14 19:16:28.127: iteration 8 finished in 4.078094 seconds
2021-12-14 19:16:28.165: epoch 8:	0.01782398  	0.01495351  	0.07990704  	0.13357936  	0.04680174  	0.06343692  	0.02726364  	0.03257370  	0.04868000  	0.05240050  
2021-12-14 19:16:32.274: iteration 9 finished in 4.109011 seconds
2021-12-14 19:16:32.315: epoch 9:	0.01760528  	0.01517220  	0.07890467  	0.13473663  	0.04630283  	0.06373276  	0.02695292  	0.03259322  	0.04842983  	0.05232071  
2021-12-14 19:16:36.400: iteration 10 finished in 4.085075 seconds
2021-12-14 19:16:36.439: epoch 10:	0.01765996  	0.01509019  	0.07898668  	0.13373427  	0.04635722  	0.06351060  	0.02701203  	0.03254961  	0.04840575  	0.05232309  
2021-12-14 19:16:40.512: iteration 11 finished in 4.071113 seconds
2021-12-14 19:16:40.551: epoch 11:	0.01798800  	0.01509019  	0.08000727  	0.13370693  	0.04702705  	0.06377570  	0.02747399  	0.03291788  	0.04905621  	0.05266940  
2021-12-14 19:16:44.619: iteration 12 finished in 4.067123 seconds
2021-12-14 19:16:44.658: epoch 12:	0.01765996  	0.01500818  	0.07827592  	0.13297793  	0.04640529  	0.06353763  	0.02716510  	0.03276773  	0.04895163  	0.05273950  
2021-12-14 19:16:48.727: iteration 13 finished in 4.068120 seconds
2021-12-14 19:16:48.765: epoch 13:	0.01765996  	0.01503552  	0.07768361  	0.13256787  	0.04608328  	0.06326509  	0.02687424  	0.03250710  	0.04873813  	0.05247780  
2021-12-14 19:16:52.838: iteration 14 finished in 4.073107 seconds
2021-12-14 19:16:52.877: epoch 14:	0.01776931  	0.01509020  	0.07804811  	0.13303262  	0.04653522  	0.06372442  	0.02717411  	0.03287385  	0.04974399  	0.05342636  
2021-12-14 19:16:56.940: iteration 15 finished in 4.063134 seconds
2021-12-14 19:16:56.979: epoch 15:	0.01771463  	0.01517221  	0.07786586  	0.13462728  	0.04649180  	0.06415140  	0.02725522  	0.03306741  	0.04954589  	0.05342312  
2021-12-14 19:17:01.049: iteration 16 finished in 4.070115 seconds
2021-12-14 19:17:01.089: epoch 16:	0.01782398  	0.01509019  	0.07848550  	0.13394386  	0.04689360  	0.06417957  	0.02753474  	0.03325074  	0.05000954  	0.05381251  
2021-12-14 19:17:05.163: iteration 17 finished in 4.074105 seconds
2021-12-14 19:17:05.201: epoch 17:	0.01787866  	0.01509019  	0.07830325  	0.13389829  	0.04678635  	0.06407587  	0.02741627  	0.03316261  	0.04983206  	0.05358841  
2021-12-14 19:17:09.275: iteration 18 finished in 4.073107 seconds
2021-12-14 19:17:09.313: epoch 18:	0.01787866  	0.01509019  	0.07820302  	0.13467285  	0.04668289  	0.06415546  	0.02737427  	0.03310587  	0.04967627  	0.05361261  
2021-12-14 19:17:13.364: iteration 19 finished in 4.051349 seconds
2021-12-14 19:17:13.411: epoch 19:	0.01776931  	0.01503552  	0.07795697  	0.13376158  	0.04666961  	0.06404463  	0.02742643  	0.03317573  	0.05000042  	0.05393122  
2021-12-14 19:17:17.464: iteration 20 finished in 4.053196 seconds
2021-12-14 19:17:17.505: epoch 20:	0.01782398  	0.01503552  	0.07813922  	0.13403496  	0.04674763  	0.06408697  	0.02746769  	0.03316956  	0.05005358  	0.05399926  
2021-12-14 19:17:21.575: iteration 21 finished in 4.069236 seconds
2021-12-14 19:17:21.624: epoch 21:	0.01782398  	0.01495351  	0.07811189  	0.13344266  	0.04660793  	0.06375674  	0.02725182  	0.03286535  	0.05009979  	0.05404835  
2021-12-14 19:17:25.715: iteration 22 finished in 4.091059 seconds
2021-12-14 19:17:25.753: epoch 22:	0.01782398  	0.01492617  	0.07811189  	0.13316929  	0.04649033  	0.06356584  	0.02714099  	0.03274615  	0.04979996  	0.05372151  
2021-12-14 19:17:29.834: iteration 23 finished in 4.080089 seconds
2021-12-14 19:17:29.874: epoch 23:	0.01815202  	0.01489883  	0.08002550  	0.13303261  	0.04748286  	0.06389776  	0.02772470  	0.03311519  	0.05091950  	0.05460381  
2021-12-14 19:17:33.961: iteration 24 finished in 4.086072 seconds
2021-12-14 19:17:34.000: epoch 24:	0.01815202  	0.01492617  	0.07997993  	0.13314195  	0.04752298  	0.06400799  	0.02782524  	0.03324757  	0.05080668  	0.05449635  
2021-12-14 19:17:38.124: iteration 25 finished in 4.120979 seconds
2021-12-14 19:17:38.162: epoch 25:	0.01815202  	0.01495351  	0.08000728  	0.13341533  	0.04748221  	0.06401891  	0.02781267  	0.03325632  	0.05058929  	0.05423369  
2021-12-14 19:17:42.283: iteration 26 finished in 4.119982 seconds
2021-12-14 19:17:42.320: epoch 26:	0.01798800  	0.01495351  	0.07856751  	0.13341533  	0.04677900  	0.06373558  	0.02743987  	0.03299167  	0.04961229  	0.05344090  
2021-12-14 19:17:46.431: iteration 27 finished in 4.111006 seconds
2021-12-14 19:17:46.469: epoch 27:	0.01787866  	0.01495351  	0.07827591  	0.13327864  	0.04671081  	0.06376544  	0.02748674  	0.03310342  	0.04955350  	0.05337284  
2021-12-14 19:17:50.605: iteration 28 finished in 4.135939 seconds
2021-12-14 19:17:50.644: epoch 28:	0.01782398  	0.01495351  	0.07806633  	0.13341533  	0.04631738  	0.06348237  	0.02710990  	0.03273601  	0.04903561  	0.05291264  
2021-12-14 19:17:54.774: iteration 29 finished in 4.129956 seconds
2021-12-14 19:17:54.815: epoch 29:	0.01782398  	0.01495351  	0.07829414  	0.13341533  	0.04654032  	0.06364051  	0.02735968  	0.03296077  	0.04927927  	0.05314094  
2021-12-14 19:17:58.872: iteration 30 finished in 4.057150 seconds
2021-12-14 19:17:58.910: epoch 30:	0.01782398  	0.01498085  	0.07792965  	0.13409875  	0.04646531  	0.06379634  	0.02733769  	0.03300315  	0.04928621  	0.05317682  
2021-12-14 19:18:02.987: iteration 31 finished in 4.077097 seconds
2021-12-14 19:18:03.026: epoch 31:	0.01760528  	0.01498084  	0.07674502  	0.13341531  	0.04612572  	0.06372401  	0.02726199  	0.03303343  	0.04922719  	0.05322448  
2021-12-14 19:18:07.086: iteration 32 finished in 4.060142 seconds
2021-12-14 19:18:07.125: epoch 32:	0.01760528  	0.01503552  	0.07674502  	0.13382538  	0.04624122  	0.06397112  	0.02735894  	0.03315602  	0.04959342  	0.05365268  
2021-12-14 19:18:11.183: iteration 33 finished in 4.057602 seconds
2021-12-14 19:18:11.214: epoch 33:	0.01755061  	0.01500818  	0.07647164  	0.13364314  	0.04612771  	0.06388645  	0.02731608  	0.03312026  	0.04950099  	0.05358574  
2021-12-14 19:18:15.264: iteration 34 finished in 4.050409 seconds
2021-12-14 19:18:15.296: epoch 34:	0.01755061  	0.01503552  	0.07683614  	0.13382538  	0.04621101  	0.06393832  	0.02731056  	0.03311468  	0.04956043  	0.05362248  
2021-12-14 19:18:19.348: iteration 35 finished in 4.052412 seconds
2021-12-14 19:18:19.379: epoch 35:	0.01749593  	0.01506285  	0.07656276  	0.13393474  	0.04613327  	0.06397165  	0.02730400  	0.03313162  	0.04953830  	0.05362624  
2021-12-14 19:18:23.435: iteration 36 finished in 4.055423 seconds
2021-12-14 19:18:23.474: epoch 36:	0.01760528  	0.01503552  	0.07692727  	0.13338798  	0.04635457  	0.06393152  	0.02744121  	0.03318192  	0.04975765  	0.05377252  
2021-12-14 19:18:27.521: iteration 37 finished in 4.047177 seconds
2021-12-14 19:18:27.561: epoch 37:	0.01771463  	0.01503552  	0.07738289  	0.13293236  	0.04652326  	0.06383321  	0.02749323  	0.03319267  	0.04982837  	0.05366961  
2021-12-14 19:18:31.628: iteration 38 finished in 4.067123 seconds
2021-12-14 19:18:31.666: epoch 38:	0.01760528  	0.01492617  	0.07692727  	0.13174774  	0.04641199  	0.06356720  	0.02750287  	0.03319877  	0.04981318  	0.05360043  
2021-12-14 19:18:35.714: iteration 39 finished in 4.047177 seconds
2021-12-14 19:18:35.752: epoch 39:	0.01760528  	0.01489883  	0.07656276  	0.13165662  	0.04644053  	0.06364622  	0.02763040  	0.03334717  	0.04988196  	0.05367888  
2021-12-14 19:18:39.818: iteration 40 finished in 4.066125 seconds
2021-12-14 19:18:39.859: epoch 40:	0.01760528  	0.01492617  	0.07733733  	0.13192999  	0.04664106  	0.06375080  	0.02770293  	0.03338096  	0.05009980  	0.05388252  
2021-12-14 19:18:43.927: iteration 41 finished in 4.068120 seconds
2021-12-14 19:18:43.966: epoch 41:	0.01755061  	0.01489883  	0.07706396  	0.13083649  	0.04655982  	0.06354347  	0.02771280  	0.03339432  	0.04996746  	0.05373285  
2021-12-14 19:18:48.022: iteration 42 finished in 4.056153 seconds
2021-12-14 19:18:48.063: epoch 42:	0.01733191  	0.01492617  	0.07542371  	0.13138324  	0.04594741  	0.06354596  	0.02744969  	0.03330499  	0.04946888  	0.05346072  
2021-12-14 19:18:52.120: iteration 43 finished in 4.057150 seconds
2021-12-14 19:18:52.157: epoch 43:	0.01716788  	0.01489883  	0.07492253  	0.13083649  	0.04594544  	0.06363810  	0.02763024  	0.03353010  	0.04975657  	0.05383639  
2021-12-14 19:18:56.210: iteration 44 finished in 4.053161 seconds
2021-12-14 19:18:56.248: epoch 44:	0.01716788  	0.01498084  	0.07464916  	0.13133767  	0.04588811  	0.06380014  	0.02761296  	0.03359000  	0.04971860  	0.05382161  
2021-12-14 19:19:00.328: iteration 45 finished in 4.080089 seconds
2021-12-14 19:19:00.366: epoch 45:	0.01705853  	0.01500818  	0.07423910  	0.13161105  	0.04575867  	0.06389852  	0.02756609  	0.03362066  	0.04976807  	0.05394249  
2021-12-14 19:19:04.430: iteration 46 finished in 4.064131 seconds
2021-12-14 19:19:04.468: epoch 46:	0.01722256  	0.01498084  	0.07487697  	0.13142879  	0.04600047  	0.06385814  	0.02761527  	0.03361113  	0.05006291  	0.05407846  
2021-12-14 19:19:08.527: iteration 47 finished in 4.059145 seconds
2021-12-14 19:19:08.565: epoch 47:	0.01733191  	0.01498084  	0.07515035  	0.13142879  	0.04617177  	0.06390721  	0.02770488  	0.03365969  	0.05021479  	0.05417996  
2021-12-14 19:19:12.620: iteration 48 finished in 4.054071 seconds
2021-12-14 19:19:12.651: epoch 48:	0.01733191  	0.01500818  	0.07540549  	0.13170217  	0.04613975  	0.06388289  	0.02758497  	0.03358075  	0.05004925  	0.05390905  
2021-12-14 19:19:16.700: iteration 49 finished in 4.048898 seconds
2021-12-14 19:19:16.747: epoch 49:	0.01738658  	0.01503552  	0.07567886  	0.13224892  	0.04615546  	0.06393815  	0.02756716  	0.03357360  	0.04973443  	0.05357847  
2021-12-14 19:19:20.793: iteration 50 finished in 4.045923 seconds
2021-12-14 19:19:20.840: epoch 50:	0.01738658  	0.01495351  	0.07567886  	0.13179331  	0.04611887  	0.06373934  	0.02753273  	0.03348136  	0.04966761  	0.05347804  
