2021-12-14 21:43:05.553: Dataset name: u2
The number of users: 6599
The number of items: 6599
The number of ratings: 103172
Average actions of users: 15.63
Average actions of items: 15.63
The sparsity of the dataset: 99.763078%
2021-12-14 21:43:05.553: 

NeuRec hyperparameters:
recommender=WRMF
config_dir=./conf
gpu_id=0
gpu_mem=0.5
data.input.path=D:\hsyoo\Workingon_210628/_Data/wiki-vote/random-barrier/u2/
data.input.dataset=u2
data.output.path=D:\hsyoo\Workingon_210628/_Emb/wiki-vote/random-barrier/wrmf/u2_wrmf_directed_dim16_uniform_send.emb
data.column.format=UI
data.convert.separator='\t'
user_min=0
item_min=0
splitter=given
ratio=0.8
by_time=False
metric=["Precision", "Recall", "NDCG", "MAP", "MRR"]
topk=[10, 20]
group_view=None
rec.evaluate.neg=0
test_batch_size=128
num_thread=8
data.index.remap=False

WRMF's hyperparameters:
epochs=50
embedding_size=16
reg_mf=0.1
alpha=10
init_method=uniform
stddev=0.01
verbose=1
weight=uniform

2021-12-14 21:44:55.767: metrics:	Precision@10	Precision@20	Recall@10   	Recall@20   	NDCG@10     	NDCG@20     	MAP@10      	MAP@20      	MRR@10      	MRR@20      
2021-12-14 21:45:01.733: iteration 1 finished in 5.966233 seconds
2021-12-14 21:45:01.832: epoch 1:	0.02637472  	0.02288340  	0.03334963  	0.05503415  	0.03654233  	0.04141801  	0.01798685  	0.01721348  	0.06677092  	0.07115147  
2021-12-14 21:45:06.570: iteration 2 finished in 4.738326 seconds
2021-12-14 21:45:06.645: epoch 2:	0.06809006  	0.05911774  	0.10636872  	0.17728728  	0.10244174  	0.12138347  	0.05582925  	0.05743033  	0.16213375  	0.16983628  
2021-12-14 21:45:11.363: iteration 3 finished in 4.717964 seconds
2021-12-14 21:45:11.441: epoch 3:	0.07453010  	0.06374878  	0.12089434  	0.19760792  	0.11501803  	0.13532707  	0.06384826  	0.06564545  	0.17949900  	0.18747202  
2021-12-14 21:45:16.138: iteration 4 finished in 4.697001 seconds
2021-12-14 21:45:16.216: epoch 4:	0.07662858  	0.06582917  	0.12456913  	0.20721307  	0.12080633  	0.14262815  	0.06837899  	0.07005948  	0.19103198  	0.20031747  
2021-12-14 21:45:20.936: iteration 5 finished in 4.720104 seconds
2021-12-14 21:45:20.999: epoch 5:	0.08010186  	0.06682412  	0.13080546  	0.21104349  	0.12672767  	0.14696293  	0.07281496  	0.07371362  	0.19706258  	0.20557621  
2021-12-14 21:45:25.761: iteration 6 finished in 4.761805 seconds
2021-12-14 21:45:25.835: epoch 6:	0.08194709  	0.06767434  	0.13354078  	0.21212187  	0.12901211  	0.14853504  	0.07387728  	0.07438105  	0.20006466  	0.20823038  
2021-12-14 21:45:30.575: iteration 7 finished in 4.739326 seconds
2021-12-14 21:45:30.652: epoch 7:	0.08248979  	0.06805425  	0.13491832  	0.21404818  	0.12974490  	0.14943859  	0.07346317  	0.07409568  	0.20370850  	0.21184890  
2021-12-14 21:45:35.386: iteration 8 finished in 4.733341 seconds
2021-12-14 21:45:35.457: epoch 8:	0.08350285  	0.06854268  	0.13710715  	0.21169995  	0.13078976  	0.14928532  	0.07345965  	0.07375948  	0.20564352  	0.21328107  
2021-12-14 21:45:40.195: iteration 9 finished in 4.737331 seconds
2021-12-14 21:45:40.269: epoch 9:	0.08419027  	0.06904916  	0.13869072  	0.21426597  	0.13129435  	0.14999859  	0.07363874  	0.07378719  	0.20429321  	0.21212053  
2021-12-14 21:45:45.003: iteration 10 finished in 4.733342 seconds
2021-12-14 21:45:45.077: epoch 10:	0.08404554  	0.06951949  	0.13767038  	0.21625957  	0.13150986  	0.15125170  	0.07403705  	0.07451298  	0.20548484  	0.21353295  
2021-12-14 21:45:49.833: iteration 11 finished in 4.756279 seconds
2021-12-14 21:45:49.904: epoch 11:	0.08393703  	0.06962802  	0.13628952  	0.21599907  	0.13112621  	0.15137310  	0.07376438  	0.07453068  	0.20526934  	0.21330677  
2021-12-14 21:45:54.637: iteration 12 finished in 4.733342 seconds
2021-12-14 21:45:54.711: epoch 12:	0.08400934  	0.06982704  	0.13699849  	0.21638900  	0.13121691  	0.15138866  	0.07359324  	0.07439385  	0.20561512  	0.21344186  
2021-12-14 21:45:59.468: iteration 13 finished in 4.757277 seconds
2021-12-14 21:45:59.544: epoch 13:	0.08386465  	0.07009838  	0.13787471  	0.21868676  	0.13133408  	0.15199494  	0.07360653  	0.07456947  	0.20520212  	0.21303292  
2021-12-14 21:46:04.280: iteration 14 finished in 4.735336 seconds
2021-12-14 21:46:04.353: epoch 14:	0.08368376  	0.07000794  	0.13744023  	0.22009088  	0.13079299  	0.15198360  	0.07311507  	0.07435606  	0.20422171  	0.21214676  
2021-12-14 21:46:09.082: iteration 15 finished in 4.728356 seconds
2021-12-14 21:46:09.151: epoch 15:	0.08364757  	0.06982704  	0.13755302  	0.21971947  	0.13097240  	0.15201189  	0.07325801  	0.07452729  	0.20444459  	0.21230865  
2021-12-14 21:46:13.849: iteration 16 finished in 4.697022 seconds
2021-12-14 21:46:13.927: epoch 16:	0.08422644  	0.07015266  	0.13918099  	0.22018525  	0.13206989  	0.15274338  	0.07385430  	0.07503102  	0.20591213  	0.21359776  
2021-12-14 21:46:18.634: iteration 17 finished in 4.707311 seconds
2021-12-14 21:46:18.712: epoch 17:	0.08455205  	0.07020694  	0.14101157  	0.22080921  	0.13314833  	0.15343247  	0.07459813  	0.07562191  	0.20697527  	0.21467417  
2021-12-14 21:46:23.442: iteration 18 finished in 4.730108 seconds
2021-12-14 21:46:23.514: epoch 18:	0.08451587  	0.07029739  	0.14174733  	0.22125161  	0.13326278  	0.15361190  	0.07460305  	0.07577471  	0.20695987  	0.21459000  
2021-12-14 21:46:28.249: iteration 19 finished in 4.734339 seconds
2021-12-14 21:46:28.320: epoch 19:	0.08466062  	0.07022502  	0.14220120  	0.22169650  	0.13334274  	0.15359089  	0.07469519  	0.07575325  	0.20639037  	0.21389765  
2021-12-14 21:46:33.046: iteration 20 finished in 4.725363 seconds
2021-12-14 21:46:33.115: epoch 20:	0.08466063  	0.07029738  	0.14240162  	0.22261509  	0.13316981  	0.15359278  	0.07446456  	0.07555887  	0.20606302  	0.21373032  
2021-12-14 21:46:37.836: iteration 21 finished in 4.719378 seconds
2021-12-14 21:46:37.909: epoch 21:	0.08469684  	0.07036974  	0.14173712  	0.22347561  	0.13302159  	0.15377232  	0.07437915  	0.07550857  	0.20611082  	0.21392983  
2021-12-14 21:46:42.632: iteration 22 finished in 4.723369 seconds
2021-12-14 21:46:42.703: epoch 22:	0.08469683  	0.07051447  	0.14167033  	0.22464879  	0.13311514  	0.15424903  	0.07443807  	0.07565945  	0.20640029  	0.21438721  
2021-12-14 21:46:47.440: iteration 23 finished in 4.737331 seconds
2021-12-14 21:46:47.513: epoch 23:	0.08502245  	0.07053256  	0.14230376  	0.22440565  	0.13339359  	0.15421152  	0.07449570  	0.07565732  	0.20662713  	0.21444020  
2021-12-14 21:46:52.261: iteration 24 finished in 4.748303 seconds
2021-12-14 21:46:52.333: epoch 24:	0.08487773  	0.07040592  	0.14212111  	0.22424932  	0.13346073  	0.15430386  	0.07465357  	0.07584126  	0.20706892  	0.21492559  
2021-12-14 21:46:57.059: iteration 25 finished in 4.726360 seconds
2021-12-14 21:46:57.135: epoch 25:	0.08476917  	0.07035166  	0.14226061  	0.22336879  	0.13361776  	0.15427230  	0.07475049  	0.07594128  	0.20779051  	0.21567230  
2021-12-14 21:47:01.891: iteration 26 finished in 4.756279 seconds
2021-12-14 21:47:01.965: epoch 26:	0.08480535  	0.07046020  	0.14176679  	0.22419417  	0.13365684  	0.15462215  	0.07484404  	0.07606973  	0.20824412  	0.21629879  
2021-12-14 21:47:06.709: iteration 27 finished in 4.743314 seconds
2021-12-14 21:47:06.785: epoch 27:	0.08484152  	0.07047828  	0.14227535  	0.22375534  	0.13387522  	0.15462789  	0.07498474  	0.07617803  	0.20843057  	0.21627066  
2021-12-14 21:47:11.519: iteration 28 finished in 4.732580 seconds
2021-12-14 21:47:11.585: epoch 28:	0.08498625  	0.07044210  	0.14342134  	0.22352549  	0.13441333  	0.15475474  	0.07523718  	0.07632729  	0.20912060  	0.21690771  
2021-12-14 21:47:16.301: iteration 29 finished in 4.715821 seconds
2021-12-14 21:47:16.379: epoch 29:	0.08495007  	0.07060490  	0.14329556  	0.22414672  	0.13429199  	0.15489481  	0.07516598  	0.07635038  	0.20875241  	0.21661529  
2021-12-14 21:47:21.091: iteration 30 finished in 4.712292 seconds
2021-12-14 21:47:21.169: epoch 30:	0.08487771  	0.07055062  	0.14329296  	0.22377336  	0.13411456  	0.15464336  	0.07501502  	0.07619628  	0.20829456  	0.21610336  
2021-12-14 21:47:25.921: iteration 31 finished in 4.751982 seconds
2021-12-14 21:47:25.994: epoch 31:	0.08473299  	0.07042400  	0.14256069  	0.22360097  	0.13394080  	0.15460196  	0.07496741  	0.07621394  	0.20846926  	0.21632944  
2021-12-14 21:47:30.745: iteration 32 finished in 4.751292 seconds
2021-12-14 21:47:30.817: epoch 32:	0.08462446  	0.07056871  	0.14211819  	0.22410318  	0.13407511  	0.15503822  	0.07524963  	0.07656507  	0.20890285  	0.21682715  
2021-12-14 21:47:35.564: iteration 33 finished in 4.747304 seconds
2021-12-14 21:47:35.637: epoch 33:	0.08469681  	0.07065918  	0.14238954  	0.22443508  	0.13442022  	0.15539666  	0.07551106  	0.07679893  	0.20962185  	0.21754684  
2021-12-14 21:47:40.363: iteration 34 finished in 4.725363 seconds
2021-12-14 21:47:40.433: epoch 34:	0.08455209  	0.07073153  	0.14131244  	0.22459142  	0.13415638  	0.15553255  	0.07546370  	0.07689301  	0.20962088  	0.21764316  
2021-12-14 21:47:45.170: iteration 35 finished in 4.736334 seconds
2021-12-14 21:47:45.240: epoch 35:	0.08444354  	0.07060490  	0.14089780  	0.22423038  	0.13404718  	0.15545483  	0.07547271  	0.07694208  	0.20960003  	0.21768323  
2021-12-14 21:47:49.967: iteration 36 finished in 4.726359 seconds
2021-12-14 21:47:50.037: epoch 36:	0.08437119  	0.07056872  	0.14076833  	0.22447854  	0.13406122  	0.15556915  	0.07556377  	0.07704937  	0.20967023  	0.21779415  
2021-12-14 21:47:54.773: iteration 37 finished in 4.736335 seconds
2021-12-14 21:47:54.850: epoch 37:	0.08426264  	0.07060490  	0.14062600  	0.22496752  	0.13387981  	0.15558292  	0.07545700  	0.07699449  	0.20928997  	0.21753167  
2021-12-14 21:47:59.594: iteration 38 finished in 4.744311 seconds
2021-12-14 21:47:59.676: epoch 38:	0.08426263  	0.07047827  	0.14072518  	0.22371222  	0.13407838  	0.15541698  	0.07570387  	0.07714714  	0.20962158  	0.21784241  
2021-12-14 21:48:04.418: iteration 39 finished in 4.742318 seconds
2021-12-14 21:48:04.491: epoch 39:	0.08429881  	0.07055063  	0.14055033  	0.22306782  	0.13410816  	0.15537262  	0.07579758  	0.07718500  	0.20966451  	0.21796571  
2021-12-14 21:48:09.226: iteration 40 finished in 4.735337 seconds
2021-12-14 21:48:09.298: epoch 40:	0.08426264  	0.07062300  	0.14092827  	0.22347382  	0.13426679  	0.15559863  	0.07584441  	0.07732642  	0.21007168  	0.21832824  
2021-12-14 21:48:13.978: iteration 41 finished in 4.678870 seconds
2021-12-14 21:48:14.056: epoch 41:	0.08426265  	0.07056872  	0.14092942  	0.22304899  	0.13437881  	0.15558742  	0.07588586  	0.07739963  	0.21069334  	0.21883376  
2021-12-14 21:48:18.764: iteration 42 finished in 4.707422 seconds
2021-12-14 21:48:18.844: epoch 42:	0.08447970  	0.07051446  	0.14147702  	0.22291000  	0.13465641  	0.15556994  	0.07607464  	0.07744209  	0.21067566  	0.21880713  
2021-12-14 21:48:23.587: iteration 43 finished in 4.742583 seconds
2021-12-14 21:48:23.661: epoch 43:	0.08440735  	0.07040592  	0.14113328  	0.22270969  	0.13458441  	0.15551478  	0.07607227  	0.07744700  	0.21085076  	0.21899615  
2021-12-14 21:48:28.387: iteration 44 finished in 4.725363 seconds
2021-12-14 21:48:28.459: epoch 44:	0.08447972  	0.07033356  	0.14166056  	0.22232403  	0.13480072  	0.15543769  	0.07619613  	0.07745747  	0.21099909  	0.21906021  
2021-12-14 21:48:33.192: iteration 45 finished in 4.731348 seconds
2021-12-14 21:48:33.267: epoch 45:	0.08455209  	0.07036973  	0.14177632  	0.22220260  	0.13477984  	0.15534678  	0.07613369  	0.07740690  	0.21074142  	0.21869963  
2021-12-14 21:48:38.025: iteration 46 finished in 4.758274 seconds
2021-12-14 21:48:38.107: epoch 46:	0.08462444  	0.07035164  	0.14173625  	0.22227591  	0.13492054  	0.15547103  	0.07634835  	0.07758433  	0.21067654  	0.21871942  
2021-12-14 21:48:42.826: iteration 47 finished in 4.718381 seconds
2021-12-14 21:48:42.900: epoch 47:	0.08447972  	0.07036972  	0.14156732  	0.22234760  	0.13478905  	0.15546620  	0.07626058  	0.07758044  	0.21049248  	0.21855442  
2021-12-14 21:48:47.626: iteration 48 finished in 4.725364 seconds
2021-12-14 21:48:47.696: epoch 48:	0.08444354  	0.07026119  	0.14164932  	0.22220334  	0.13472345  	0.15533735  	0.07621047  	0.07751355  	0.21018635  	0.21829408  
2021-12-14 21:48:52.403: iteration 49 finished in 4.706413 seconds
2021-12-14 21:48:52.477: epoch 49:	0.08451590  	0.07018884  	0.14190085  	0.22259311  	0.13485309  	0.15542336  	0.07626309  	0.07754858  	0.21040143  	0.21847020  
2021-12-14 21:48:57.189: iteration 50 finished in 4.712167 seconds
2021-12-14 21:48:57.267: epoch 50:	0.08462444  	0.07020692  	0.14211434  	0.22284234  	0.13501318  	0.15551849  	0.07633305  	0.07759243  	0.21067466  	0.21868746  
