2021-12-15 08:15:16.421: Dataset name: u4
The number of users: 27147
The number of items: 27147
The number of ratings: 83069
Average actions of users: 3.06
Average actions of items: 3.06
The sparsity of the dataset: 99.988728%
2021-12-15 08:15:16.421: 

NeuRec hyperparameters:
recommender=WRMF
config_dir=./conf
gpu_id=0
gpu_mem=0.5
data.input.path=D:\hsyoo\Workingon_210628/_Data/digg/noniid-in-barrier/u4/
data.input.dataset=u4
data.output.path=D:\hsyoo\Workingon_210628/_Emb/digg/noniid-in-barrier/wrmf/u4_wrmf_directed_dim16_uniform_send.emb
data.column.format=UI
data.convert.separator='\t'
user_min=0
item_min=0
splitter=given
ratio=0.8
by_time=False
metric=["Precision", "Recall", "NDCG", "MAP", "MRR"]
topk=[10, 20]
group_view=None
rec.evaluate.neg=0
test_batch_size=128
num_thread=8
data.index.remap=False

WRMF's hyperparameters:
epochs=50
embedding_size=16
reg_mf=0.1
alpha=10
init_method=uniform
stddev=0.01
verbose=1
weight=uniform

2021-12-15 08:46:09.572: metrics:	Precision@10	Precision@20	Recall@10   	Recall@20   	NDCG@10     	NDCG@20     	MAP@10      	MAP@20      	MRR@10      	MRR@20      
2021-12-15 08:47:57.374: iteration 1 finished in 107.801770 seconds
2021-12-15 08:47:57.723: epoch 1:	0.00035806  	0.00035090  	0.00197305  	0.00364699  	0.00095772  	0.00145268  	0.00053220  	0.00064920  	0.00078302  	0.00102026  
2021-12-15 08:49:46.658: iteration 2 finished in 108.934952 seconds
2021-12-15 08:49:46.981: epoch 2:	0.00030077  	0.00033658  	0.00175031  	0.00350400  	0.00081160  	0.00131702  	0.00042219  	0.00052954  	0.00069203  	0.00093152  
2021-12-15 08:51:33.897: iteration 3 finished in 106.915908 seconds
2021-12-15 08:51:34.230: epoch 3:	0.00030077  	0.00034374  	0.00157162  	0.00335679  	0.00080411  	0.00134246  	0.00045032  	0.00057300  	0.00079661  	0.00106052  
2021-12-15 08:53:21.451: iteration 4 finished in 107.221935 seconds
2021-12-15 08:53:21.792: epoch 4:	0.00032942  	0.00032226  	0.00175804  	0.00330217  	0.00091513  	0.00135664  	0.00052434  	0.00062622  	0.00094426  	0.00113612  
2021-12-15 08:55:07.571: iteration 5 finished in 105.779246 seconds
2021-12-15 08:55:07.900: epoch 5:	0.00034374  	0.00030077  	0.00194787  	0.00306854  	0.00103086  	0.00136211  	0.00062512  	0.00070166  	0.00103571  	0.00119236  
2021-12-15 08:56:54.697: iteration 6 finished in 106.797356 seconds
2021-12-15 08:56:55.013: epoch 6:	0.00032942  	0.00030077  	0.00176031  	0.00289552  	0.00100433  	0.00136124  	0.00063274  	0.00072718  	0.00103890  	0.00121363  
2021-12-15 08:58:40.881: iteration 7 finished in 105.868836 seconds
2021-12-15 08:58:41.208: epoch 7:	0.00031510  	0.00033658  	0.00165767  	0.00331724  	0.00097218  	0.00146957  	0.00062545  	0.00074740  	0.00103111  	0.00125876  
2021-12-15 09:00:28.123: iteration 8 finished in 106.915643 seconds
2021-12-15 09:00:28.446: epoch 8:	0.00030077  	0.00033658  	0.00156560  	0.00330779  	0.00095304  	0.00147908  	0.00062141  	0.00075479  	0.00104191  	0.00128784  
2021-12-15 09:02:14.920: iteration 9 finished in 106.473935 seconds
2021-12-15 09:02:15.233: epoch 9:	0.00032942  	0.00034374  	0.00185203  	0.00345579  	0.00103348  	0.00151966  	0.00064713  	0.00076629  	0.00106976  	0.00130321  
2021-12-15 09:04:01.895: iteration 10 finished in 106.662170 seconds
2021-12-15 09:04:02.214: epoch 10:	0.00032942  	0.00032942  	0.00185459  	0.00336827  	0.00103683  	0.00149247  	0.00064749  	0.00075644  	0.00109744  	0.00132207  
2021-12-15 09:05:49.334: iteration 11 finished in 107.119768 seconds
2021-12-15 09:05:49.678: epoch 11:	0.00030077  	0.00034374  	0.00154427  	0.00342556  	0.00096472  	0.00152371  	0.00062999  	0.00076627  	0.00112250  	0.00138391  
2021-12-15 09:07:36.485: iteration 12 finished in 106.807562 seconds
2021-12-15 09:07:36.807: epoch 12:	0.00031510  	0.00033658  	0.00168749  	0.00335394  	0.00101470  	0.00150236  	0.00064670  	0.00075690  	0.00116450  	0.00139834  
2021-12-15 09:09:23.336: iteration 13 finished in 106.528484 seconds
2021-12-15 09:09:23.670: epoch 13:	0.00034374  	0.00031510  	0.00176388  	0.00306982  	0.00105285  	0.00143135  	0.00065710  	0.00073960  	0.00121378  	0.00139440  
2021-12-15 09:11:08.923: iteration 14 finished in 105.253210 seconds
2021-12-15 09:11:09.251: epoch 14:	0.00034374  	0.00031510  	0.00176388  	0.00290272  	0.00104970  	0.00139427  	0.00065977  	0.00073060  	0.00115933  	0.00133875  
2021-12-15 09:12:54.751: iteration 15 finished in 105.500189 seconds
2021-12-15 09:12:55.083: epoch 15:	0.00035806  	0.00029361  	0.00178178  	0.00264504  	0.00108308  	0.00135327  	0.00069076  	0.00074584  	0.00119076  	0.00134683  
2021-12-15 09:14:40.310: iteration 16 finished in 105.226226 seconds
2021-12-15 09:14:40.644: epoch 16:	0.00032942  	0.00027929  	0.00159082  	0.00258138  	0.00097498  	0.00128170  	0.00060399  	0.00067362  	0.00110755  	0.00127684  
2021-12-15 09:16:26.506: iteration 17 finished in 105.862518 seconds
2021-12-15 09:16:26.837: epoch 17:	0.00032942  	0.00029361  	0.00159082  	0.00275325  	0.00097554  	0.00132618  	0.00060221  	0.00068041  	0.00112369  	0.00130694  
2021-12-15 09:18:11.975: iteration 18 finished in 105.137563 seconds
2021-12-15 09:18:12.306: epoch 18:	0.00032942  	0.00031510  	0.00159082  	0.00295524  	0.00099190  	0.00139714  	0.00061364  	0.00070215  	0.00121378  	0.00141939  
2021-12-15 09:19:59.891: iteration 19 finished in 107.584583 seconds
2021-12-15 09:20:00.219: epoch 19:	0.00035806  	0.00032226  	0.00169824  	0.00309846  	0.00103120  	0.00143038  	0.00062039  	0.00070689  	0.00124544  	0.00143551  
2021-12-15 09:21:45.376: iteration 20 finished in 105.157301 seconds
2021-12-15 09:21:45.704: epoch 20:	0.00035806  	0.00033658  	0.00156933  	0.00331661  	0.00097609  	0.00146271  	0.00058410  	0.00069483  	0.00119474  	0.00140253  
2021-12-15 09:23:31.725: iteration 21 finished in 106.020288 seconds
2021-12-15 09:23:32.050: epoch 21:	0.00038671  	0.00033658  	0.00165288  	0.00325601  	0.00098933  	0.00142996  	0.00056555  	0.00066731  	0.00119229  	0.00137141  
2021-12-15 09:25:16.992: iteration 22 finished in 104.942740 seconds
2021-12-15 09:25:17.305: epoch 22:	0.00037239  	0.00033658  	0.00165005  	0.00325601  	0.00099075  	0.00144190  	0.00057234  	0.00067812  	0.00118934  	0.00138278  
2021-12-15 09:27:03.150: iteration 23 finished in 105.844995 seconds
2021-12-15 09:27:03.495: epoch 23:	0.00037239  	0.00035806  	0.00165005  	0.00344936  	0.00097834  	0.00148101  	0.00055967  	0.00067507  	0.00117416  	0.00138512  
2021-12-15 09:28:48.554: iteration 24 finished in 105.058750 seconds
2021-12-15 09:28:48.880: epoch 24:	0.00040103  	0.00036522  	0.00184102  	0.00347392  	0.00103732  	0.00149739  	0.00057664  	0.00068081  	0.00120184  	0.00140053  
2021-12-15 09:30:34.970: iteration 25 finished in 106.089908 seconds
2021-12-15 09:30:35.282: epoch 25:	0.00038671  	0.00035806  	0.00182311  	0.00344368  	0.00100917  	0.00147117  	0.00055854  	0.00066513  	0.00114376  	0.00135282  
2021-12-15 09:32:20.293: iteration 26 finished in 105.011058 seconds
2021-12-15 09:32:20.606: epoch 26:	0.00037239  	0.00035806  	0.00180720  	0.00344982  	0.00096147  	0.00143543  	0.00051852  	0.00062784  	0.00103952  	0.00126025  
2021-12-15 09:34:06.728: iteration 27 finished in 106.122694 seconds
2021-12-15 09:34:07.054: epoch 27:	0.00035806  	0.00035806  	0.00175946  	0.00343072  	0.00099073  	0.00148074  	0.00058124  	0.00069554  	0.00109243  	0.00132701  
2021-12-15 09:35:52.036: iteration 28 finished in 104.981646 seconds
2021-12-15 09:35:52.355: epoch 28:	0.00037239  	0.00034374  	0.00190268  	0.00338980  	0.00104545  	0.00147619  	0.00060974  	0.00070786  	0.00112017  	0.00132779  
2021-12-15 09:37:38.750: iteration 29 finished in 106.395132 seconds
2021-12-15 09:37:39.078: epoch 29:	0.00041535  	0.00035806  	0.00210797  	0.00330182  	0.00114159  	0.00149593  	0.00065134  	0.00072546  	0.00125214  	0.00143318  
2021-12-15 09:39:24.528: iteration 30 finished in 105.449112 seconds
2021-12-15 09:39:24.843: epoch 30:	0.00040103  	0.00036522  	0.00196475  	0.00332228  	0.00110149  	0.00150200  	0.00063762  	0.00072346  	0.00124140  	0.00144068  
2021-12-15 09:41:10.309: iteration 31 finished in 105.466345 seconds
2021-12-15 09:41:10.637: epoch 31:	0.00040103  	0.00033658  	0.00196475  	0.00323481  	0.00109740  	0.00145996  	0.00063370  	0.00071436  	0.00123327  	0.00140374  
2021-12-15 09:42:56.002: iteration 32 finished in 105.365012 seconds
2021-12-15 09:42:56.322: epoch 32:	0.00041535  	0.00035090  	0.00197498  	0.00344965  	0.00110877  	0.00151447  	0.00063758  	0.00072685  	0.00124833  	0.00142088  
2021-12-15 09:44:42.721: iteration 33 finished in 106.398575 seconds
2021-12-15 09:44:43.059: epoch 33:	0.00041535  	0.00035806  	0.00197498  	0.00359287  	0.00110241  	0.00154052  	0.00063114  	0.00072715  	0.00123964  	0.00142135  
2021-12-15 09:46:27.746: iteration 34 finished in 104.687556 seconds
2021-12-15 09:46:28.062: epoch 34:	0.00041535  	0.00034374  	0.00197498  	0.00337804  	0.00110759  	0.00149407  	0.00063679  	0.00072220  	0.00124958  	0.00142195  
2021-12-15 09:48:13.884: iteration 35 finished in 105.821487 seconds
2021-12-15 09:48:14.196: epoch 35:	0.00040103  	0.00034374  	0.00190336  	0.00337804  	0.00109605  	0.00150843  	0.00064841  	0.00074124  	0.00124958  	0.00143683  
2021-12-15 09:49:59.146: iteration 36 finished in 104.949986 seconds
2021-12-15 09:49:59.462: epoch 36:	0.00040103  	0.00035090  	0.00185221  	0.00352126  	0.00109857  	0.00155717  	0.00066530  	0.00077015  	0.00126908  	0.00146201  
2021-12-15 09:51:44.695: iteration 37 finished in 105.231168 seconds
2021-12-15 09:51:45.010: epoch 37:	0.00038671  	0.00036522  	0.00170899  	0.00373610  	0.00105485  	0.00160620  	0.00064828  	0.00077722  	0.00125555  	0.00147549  
2021-12-15 09:53:30.299: iteration 38 finished in 105.288914 seconds
2021-12-15 09:53:30.612: epoch 38:	0.00037239  	0.00037239  	0.00168034  	0.00380771  	0.00103888  	0.00161853  	0.00064305  	0.00077423  	0.00124265  	0.00147602  
2021-12-15 09:55:16.184: iteration 39 finished in 105.572591 seconds
2021-12-15 09:55:16.512: epoch 39:	0.00037239  	0.00035806  	0.00168034  	0.00377623  	0.00101504  	0.00158134  	0.00061479  	0.00074556  	0.00120804  	0.00143335  
2021-12-15 09:57:01.092: iteration 40 finished in 104.579638 seconds
2021-12-15 09:57:01.421: epoch 40:	0.00037239  	0.00035090  	0.00168034  	0.00363301  	0.00101430  	0.00154962  	0.00061469  	0.00073965  	0.00120434  	0.00142280  
2021-12-15 09:58:47.382: iteration 41 finished in 105.961101 seconds
2021-12-15 09:58:47.713: epoch 41:	0.00037239  	0.00035090  	0.00168034  	0.00363301  	0.00100802  	0.00154428  	0.00060834  	0.00073437  	0.00119917  	0.00141773  
2021-12-15 10:00:32.228: iteration 42 finished in 104.514916 seconds
2021-12-15 10:00:32.540: epoch 42:	0.00037239  	0.00034374  	0.00168034  	0.00346591  	0.00100765  	0.00150524  	0.00060784  	0.00072477  	0.00120537  	0.00141506  
2021-12-15 10:02:18.296: iteration 43 finished in 105.754486 seconds
2021-12-15 10:02:18.613: epoch 43:	0.00035806  	0.00032942  	0.00163260  	0.00330677  	0.00098427  	0.00145938  	0.00060019  	0.00071315  	0.00118172  	0.00138957  
2021-12-15 10:04:03.118: iteration 44 finished in 104.505840 seconds
2021-12-15 10:04:03.428: epoch 44:	0.00035806  	0.00034374  	0.00163260  	0.00352161  	0.00098232  	0.00150900  	0.00059926  	0.00072234  	0.00117320  	0.00139362  
2021-12-15 10:05:49.239: iteration 45 finished in 105.811589 seconds
2021-12-15 10:05:49.567: epoch 45:	0.00034374  	0.00033658  	0.00163260  	0.00337839  	0.00097552  	0.00147814  	0.00060158  	0.00071719  	0.00116405  	0.00138937  
2021-12-15 10:07:33.707: iteration 46 finished in 104.140167 seconds
2021-12-15 10:07:34.030: epoch 46:	0.00034374  	0.00033658  	0.00163260  	0.00337839  	0.00099739  	0.00149572  	0.00062863  	0.00074099  	0.00118991  	0.00141142  
2021-12-15 10:09:19.881: iteration 47 finished in 105.850386 seconds
2021-12-15 10:09:20.193: epoch 47:	0.00034374  	0.00034374  	0.00163260  	0.00338350  	0.00100072  	0.00150479  	0.00063135  	0.00074498  	0.00119548  	0.00142578  
2021-12-15 10:11:04.332: iteration 48 finished in 104.138287 seconds
2021-12-15 10:11:04.644: epoch 48:	0.00034374  	0.00034374  	0.00163260  	0.00352161  	0.00105636  	0.00159008  	0.00070586  	0.00082763  	0.00126988  	0.00150181  
2021-12-15 10:12:50.538: iteration 49 finished in 105.893710 seconds
2021-12-15 10:12:50.835: epoch 49:	0.00034374  	0.00035806  	0.00163260  	0.00343374  	0.00105584  	0.00157959  	0.00070561  	0.00082148  	0.00126789  	0.00151178  
2021-12-15 10:14:34.766: iteration 50 finished in 103.931615 seconds
2021-12-15 10:14:35.083: epoch 50:	0.00035806  	0.00035090  	0.00164692  	0.00348489  	0.00100703  	0.00152499  	0.00063069  	0.00074729  	0.00120446  	0.00142863  
