2021-12-14 21:18:02.391: Dataset name: u4
The number of users: 7036
The number of items: 7036
The number of ratings: 103622
Average actions of users: 14.73
Average actions of items: 14.73
The sparsity of the dataset: 99.790685%
2021-12-14 21:18:02.391: 

NeuRec hyperparameters:
recommender=WRMF
config_dir=./conf
gpu_id=0
gpu_mem=0.5
data.input.path=D:\hsyoo\Workingon_210628/_Data/wiki-vote/noniid-out-barrier/u4/
data.input.dataset=u4
data.output.path=D:\hsyoo\Workingon_210628/_Emb/wiki-vote/noniid-out-barrier/wrmf/u4_wrmf_directed_dim16_uniform_send.emb
data.column.format=UI
data.convert.separator='\t'
user_min=0
item_min=0
splitter=given
ratio=0.8
by_time=False
metric=["Precision", "Recall", "NDCG", "MAP", "MRR"]
topk=[10, 20]
group_view=None
rec.evaluate.neg=0
test_batch_size=128
num_thread=8
data.index.remap=False

WRMF's hyperparameters:
epochs=50
embedding_size=16
reg_mf=0.1
alpha=10
init_method=uniform
stddev=0.01
verbose=1
weight=uniform

2021-12-14 21:20:08.594: metrics:	Precision@10	Precision@20	Recall@10   	Recall@20   	NDCG@10     	NDCG@20     	MAP@10      	MAP@20      	MRR@10      	MRR@20      
2021-12-14 21:20:15.085: iteration 1 finished in 6.491385 seconds
2021-12-14 21:20:15.210: epoch 1:	0.01483468  	0.01324905  	0.02296639  	0.03984200  	0.02029833  	0.02736224  	0.00850858  	0.00970987  	0.04418241  	0.04897542  
2021-12-14 21:20:20.479: iteration 2 finished in 5.268642 seconds
2021-12-14 21:20:20.588: epoch 2:	0.05243238  	0.04403435  	0.08737885  	0.14513950  	0.07855470  	0.10185282  	0.03788426  	0.04394728  	0.15399708  	0.16258514  
2021-12-14 21:20:25.960: iteration 3 finished in 5.372415 seconds
2021-12-14 21:20:26.063: epoch 3:	0.06089802  	0.05036337  	0.10768396  	0.17177983  	0.09359136  	0.11954854  	0.04606425  	0.05308681  	0.17381448  	0.18250100  
2021-12-14 21:20:31.285: iteration 4 finished in 5.222035 seconds
2021-12-14 21:20:31.382: epoch 4:	0.06417671  	0.05263430  	0.11425746  	0.18005139  	0.09866814  	0.12538831  	0.04882930  	0.05625247  	0.18185715  	0.19032313  
2021-12-14 21:20:36.753: iteration 5 finished in 5.371635 seconds
2021-12-14 21:20:36.857: epoch 5:	0.06624611  	0.05412578  	0.11780573  	0.18614171  	0.10185233  	0.12938951  	0.05078667  	0.05857889  	0.18662578  	0.19480143  
2021-12-14 21:20:42.099: iteration 6 finished in 5.241981 seconds
2021-12-14 21:20:42.192: epoch 6:	0.06629983  	0.05446175  	0.11699528  	0.18624431  	0.10147276  	0.12948498  	0.05054696  	0.05838221  	0.18570827  	0.19443955  
2021-12-14 21:20:47.436: iteration 7 finished in 5.243976 seconds
2021-12-14 21:20:47.532: epoch 7:	0.06578922  	0.05443485  	0.11656038  	0.18738726  	0.10117976  	0.12969582  	0.05028098  	0.05825354  	0.18659174  	0.19544034  
2021-12-14 21:20:52.860: iteration 8 finished in 5.328262 seconds
2021-12-14 21:20:52.954: epoch 8:	0.06576234  	0.05444830  	0.11742768  	0.18831873  	0.10137612  	0.12990612  	0.05035938  	0.05832532  	0.18652405  	0.19540329  
2021-12-14 21:20:58.185: iteration 9 finished in 5.231461 seconds
2021-12-14 21:20:58.279: epoch 9:	0.06629984  	0.05455581  	0.11783542  	0.18891059  	0.10138406  	0.12978974  	0.05013574  	0.05805518  	0.18569790  	0.19460517  
2021-12-14 21:21:03.516: iteration 10 finished in 5.237597 seconds
2021-12-14 21:21:03.610: epoch 10:	0.06557421  	0.05483798  	0.11596209  	0.18978523  	0.10027214  	0.12986778  	0.04952376  	0.05779873  	0.18444069  	0.19383006  
2021-12-14 21:21:08.814: iteration 11 finished in 5.203660 seconds
2021-12-14 21:21:08.923: epoch 11:	0.06627297  	0.05507985  	0.11738452  	0.18979447  	0.10108759  	0.13024233  	0.04982251  	0.05803192  	0.18545216  	0.19447996  
2021-12-14 21:21:14.168: iteration 12 finished in 5.244864 seconds
2021-12-14 21:21:14.262: epoch 12:	0.06678359  	0.05497233  	0.11769692  	0.19021548  	0.10147442  	0.13040844  	0.05001480  	0.05818425  	0.18592362  	0.19465029  
2021-12-14 21:21:19.515: iteration 13 finished in 5.253162 seconds
2021-12-14 21:21:19.612: epoch 13:	0.06691796  	0.05501267  	0.11770818  	0.19013287  	0.10178749  	0.13067748  	0.05018609  	0.05837920  	0.18725619  	0.19605687  
2021-12-14 21:21:24.906: iteration 14 finished in 5.293762 seconds
2021-12-14 21:21:25.006: epoch 14:	0.06718671  	0.05475736  	0.11864146  	0.18913563  	0.10218468  	0.13040161  	0.05036572  	0.05833207  	0.18748793  	0.19608685  
2021-12-14 21:21:30.424: iteration 15 finished in 5.416514 seconds
2021-12-14 21:21:30.519: epoch 15:	0.06769732  	0.05463643  	0.11994482  	0.18818690  	0.10267481  	0.13010971  	0.05047269  	0.05821874  	0.18775442  	0.19607800  
2021-12-14 21:21:35.843: iteration 16 finished in 5.324759 seconds
2021-12-14 21:21:35.943: epoch 16:	0.06796610  	0.05473047  	0.12027985  	0.18875943  	0.10273927  	0.13019982  	0.05050721  	0.05831413  	0.18667121  	0.19481167  
2021-12-14 21:21:41.311: iteration 17 finished in 5.366647 seconds
2021-12-14 21:21:41.408: epoch 17:	0.06823487  	0.05481110  	0.12115591  	0.18869545  	0.10300534  	0.13014956  	0.05061637  	0.05827073  	0.18622272  	0.19430153  
2021-12-14 21:21:46.878: iteration 18 finished in 5.470371 seconds
2021-12-14 21:21:46.982: epoch 18:	0.06834236  	0.05499923  	0.12162887  	0.18958062  	0.10350455  	0.13074736  	0.05099384  	0.05862493  	0.18724138  	0.19538233  
2021-12-14 21:21:52.205: iteration 19 finished in 5.222034 seconds
2021-12-14 21:21:52.299: epoch 19:	0.06799298  	0.05521424  	0.12107463  	0.19113113  	0.10339411  	0.13136595  	0.05108549  	0.05892646  	0.18746407  	0.19573371  
2021-12-14 21:21:57.562: iteration 20 finished in 5.262926 seconds
2021-12-14 21:21:57.657: epoch 20:	0.06780485  	0.05542923  	0.12084808  	0.19197799  	0.10304973  	0.13147248  	0.05087058  	0.05885081  	0.18656574  	0.19504510  
2021-12-14 21:22:02.905: iteration 21 finished in 5.247461 seconds
2021-12-14 21:22:02.998: epoch 21:	0.06780486  	0.05544267  	0.12050243  	0.19190955  	0.10304745  	0.13155952  	0.05094918  	0.05895301  	0.18665779  	0.19520795  
2021-12-14 21:22:08.255: iteration 22 finished in 5.256223 seconds
2021-12-14 21:22:08.348: epoch 22:	0.06785861  	0.05548299  	0.12001427  	0.19133072  	0.10287102  	0.13142732  	0.05088707  	0.05891861  	0.18620917  	0.19488081  
2021-12-14 21:22:13.538: iteration 23 finished in 5.189994 seconds
2021-12-14 21:22:13.635: epoch 23:	0.06780484  	0.05549642  	0.11953472  	0.19148524  	0.10272656  	0.13148595  	0.05079865  	0.05892953  	0.18633462  	0.19498432  
2021-12-14 21:22:18.919: iteration 24 finished in 5.284000 seconds
2021-12-14 21:22:19.028: epoch 24:	0.06780482  	0.05541581  	0.11964346  	0.19156653  	0.10275534  	0.13145722  	0.05079875  	0.05891939  	0.18644854  	0.19504978  
2021-12-14 21:22:24.277: iteration 25 finished in 5.249355 seconds
2021-12-14 21:22:24.373: epoch 25:	0.06785858  	0.05545611  	0.11975288  	0.19192818  	0.10272905  	0.13149172  	0.05074652  	0.05886955  	0.18639900  	0.19500127  
2021-12-14 21:22:29.616: iteration 26 finished in 5.242979 seconds
2021-12-14 21:22:29.713: epoch 26:	0.06793921  	0.05546955  	0.12011630  	0.19206691  	0.10274071  	0.13143964  	0.05069384  	0.05877185  	0.18595622  	0.19468968  
2021-12-14 21:22:34.971: iteration 27 finished in 5.257939 seconds
2021-12-14 21:22:35.067: epoch 27:	0.06783170  	0.05557704  	0.12022643  	0.19210944  	0.10256988  	0.13135777  	0.05046442  	0.05854449  	0.18572366  	0.19458349  
2021-12-14 21:22:40.295: iteration 28 finished in 5.228019 seconds
2021-12-14 21:22:40.391: epoch 28:	0.06788544  	0.05559049  	0.12029962  	0.19241597  	0.10269629  	0.13151789  	0.05058880  	0.05864070  	0.18599361  	0.19499058  
2021-12-14 21:22:45.623: iteration 29 finished in 5.232008 seconds
2021-12-14 21:22:45.722: epoch 29:	0.06807356  	0.05559049  	0.12048025  	0.19208804  	0.10286060  	0.13148956  	0.05071153  	0.05871265  	0.18597783  	0.19486003  
2021-12-14 21:22:51.111: iteration 30 finished in 5.389597 seconds
2021-12-14 21:22:51.211: epoch 30:	0.06815419  	0.05575174  	0.12077521  	0.19233708  	0.10281008  	0.13146351  	0.05060139  	0.05865099  	0.18549007  	0.19421621  
2021-12-14 21:22:56.449: iteration 31 finished in 5.237993 seconds
2021-12-14 21:22:56.544: epoch 31:	0.06818106  	0.05583236  	0.12059797  	0.19158351  	0.10268755  	0.13128400  	0.05052876  	0.05856518  	0.18504563  	0.19381471  
2021-12-14 21:23:01.810: iteration 32 finished in 5.265917 seconds
2021-12-14 21:23:01.906: epoch 32:	0.06812731  	0.05575174  	0.12054794  	0.19135021  	0.10277199  	0.13131069  	0.05063443  	0.05864404  	0.18560031  	0.19426923  
2021-12-14 21:23:07.159: iteration 33 finished in 5.252951 seconds
2021-12-14 21:23:07.252: epoch 33:	0.06810044  	0.05580549  	0.12104342  	0.19127631  	0.10311008  	0.13156818  	0.05081633  	0.05883321  	0.18664783  	0.19521224  
2021-12-14 21:23:12.615: iteration 34 finished in 5.363149 seconds
2021-12-14 21:23:12.725: epoch 34:	0.06804669  	0.05577861  	0.12117902  	0.19100030  	0.10294873  	0.13133289  	0.05072488  	0.05871728  	0.18571572  	0.19431901  
2021-12-14 21:23:18.172: iteration 35 finished in 5.447106 seconds
2021-12-14 21:23:18.266: epoch 35:	0.06807358  	0.05580548  	0.12128865  	0.19083688  	0.10271076  	0.13105197  	0.05044873  	0.05840282  	0.18496719  	0.19363795  
2021-12-14 21:23:23.654: iteration 36 finished in 5.388795 seconds
2021-12-14 21:23:23.755: epoch 36:	0.06783170  	0.05575174  	0.12067614  	0.19057894  	0.10223696  	0.13074388  	0.05009122  	0.05809074  	0.18446630  	0.19329536  
2021-12-14 21:23:29.018: iteration 37 finished in 5.262924 seconds
2021-12-14 21:23:29.112: epoch 37:	0.06772420  	0.05576518  	0.12024259  	0.19079497  	0.10220976  	0.13089722  	0.05012354  	0.05818828  	0.18495718  	0.19376434  
2021-12-14 21:23:34.349: iteration 38 finished in 5.236994 seconds
2021-12-14 21:23:34.446: epoch 38:	0.06758983  	0.05568456  	0.11984709  	0.19032930  	0.10215924  	0.13086785  	0.05016118  	0.05826937  	0.18541065  	0.19418980  
2021-12-14 21:23:39.696: iteration 39 finished in 5.249960 seconds
2021-12-14 21:23:39.790: epoch 39:	0.06767046  	0.05568456  	0.12033689  	0.19022861  	0.10227362  	0.13081281  	0.05018762  	0.05825488  	0.18536815  	0.19413632  
2021-12-14 21:23:45.025: iteration 40 finished in 5.235000 seconds
2021-12-14 21:23:45.122: epoch 40:	0.06750921  	0.05568454  	0.12004665  	0.18986452  	0.10216514  	0.13074256  	0.05016034  	0.05825130  	0.18553187  	0.19425701  
2021-12-14 21:23:50.387: iteration 41 finished in 5.264920 seconds
2021-12-14 21:23:50.485: epoch 41:	0.06737483  	0.05577860  	0.11962893  	0.19043474  	0.10187509  	0.13081041  	0.04998149  	0.05816301  	0.18511729  	0.19401096  
2021-12-14 21:23:55.736: iteration 42 finished in 5.250958 seconds
2021-12-14 21:23:55.831: epoch 42:	0.06732109  	0.05584580  	0.11928929  	0.19066842  	0.10182515  	0.13093628  	0.04996305  	0.05819351  	0.18547410  	0.19434164  
2021-12-14 21:24:01.104: iteration 43 finished in 5.272899 seconds
2021-12-14 21:24:01.200: epoch 43:	0.06745546  	0.05587268  	0.11957976  	0.19067150  	0.10194712  	0.13093220  	0.04999648  	0.05813878  	0.18569286  	0.19459669  
2021-12-14 21:24:06.472: iteration 44 finished in 5.271901 seconds
2021-12-14 21:24:06.565: epoch 44:	0.06748234  	0.05593986  	0.11964045  	0.19106518  	0.10209364  	0.13116995  	0.05012552  	0.05829084  	0.18616262  	0.19507585  
2021-12-14 21:24:11.974: iteration 45 finished in 5.409093 seconds
2021-12-14 21:24:12.083: epoch 45:	0.06740171  	0.05599361  	0.11921752  	0.19174549  	0.10200033  	0.13139254  	0.05013509  	0.05843642  	0.18625945  	0.19515134  
2021-12-14 21:24:17.399: iteration 46 finished in 5.315387 seconds
2021-12-14 21:24:17.508: epoch 46:	0.06724047  	0.05598017  	0.11907341  	0.19186260  	0.10203277  	0.13152835  	0.05023754  	0.05855775  	0.18639544  	0.19528207  
2021-12-14 21:24:22.953: iteration 47 finished in 5.444657 seconds
2021-12-14 21:24:23.056: epoch 47:	0.06699859  	0.05595329  	0.11851075  	0.19173500  	0.10184417  	0.13152628  	0.05016778  	0.05854462  	0.18673208  	0.19569673  
2021-12-14 21:24:28.363: iteration 48 finished in 5.306808 seconds
2021-12-14 21:24:28.463: epoch 48:	0.06686422  	0.05606079  	0.11832956  	0.19208874  	0.10181900  	0.13172856  	0.05018106  	0.05859668  	0.18734345  	0.19641495  
2021-12-14 21:24:33.872: iteration 49 finished in 5.409533 seconds
2021-12-14 21:24:33.974: epoch 49:	0.06710609  	0.05600704  	0.11869375  	0.19276230  	0.10208219  	0.13189636  	0.05030727  	0.05866109  	0.18769895  	0.19671920  
2021-12-14 21:24:39.380: iteration 50 finished in 5.405544 seconds
2021-12-14 21:24:39.483: epoch 50:	0.06713296  	0.05595329  	0.11862948  	0.19190703  	0.10224096  	0.13187087  	0.05049222  	0.05881669  	0.18805438  	0.19702682  
