2021-12-14 23:42:03.698: Dataset name: u4
The number of users: 6110
The number of items: 6110
The number of ratings: 50507
Average actions of users: 8.27
Average actions of items: 8.27
The sparsity of the dataset: 99.864709%
2021-12-14 23:42:03.699: 

NeuRec hyperparameters:
recommender=WRMF
config_dir=./conf
gpu_id=0
gpu_mem=0.5
data.input.path=D:\hsyoo\Workingon_210628/_Data/jung/random-barrier/u4/
data.input.dataset=u4
data.output.path=D:\hsyoo\Workingon_210628/_Emb/jung/random-barrier/wrmf/u4_wrmf_directed_dim16_uniform_send.emb
data.column.format=UI
data.convert.separator='\t'
user_min=0
item_min=0
splitter=given
ratio=0.8
by_time=False
metric=["Precision", "Recall", "NDCG", "MAP", "MRR"]
topk=[10, 20]
group_view=None
rec.evaluate.neg=0
test_batch_size=128
num_thread=8
data.index.remap=False

WRMF's hyperparameters:
epochs=50
embedding_size=16
reg_mf=0.1
alpha=10
init_method=uniform
stddev=0.01
verbose=1
weight=uniform

2021-12-14 23:43:40.175: metrics:	Precision@10	Precision@20	Recall@10   	Recall@20   	NDCG@10     	NDCG@20     	MAP@10      	MAP@20      	MRR@10      	MRR@20      
2021-12-14 23:43:45.626: iteration 1 finished in 5.450425 seconds
2021-12-14 23:43:45.739: epoch 1:	0.12260123  	0.07515221  	0.56039101  	0.63911378  	0.48253691  	0.50500202  	0.41166544  	0.41953319  	0.52905840  	0.53323042  
2021-12-14 23:43:50.026: iteration 2 finished in 4.286536 seconds
2021-12-14 23:43:50.119: epoch 2:	0.16458976  	0.09399249  	0.71864194  	0.77581388  	0.67650992  	0.69104230  	0.61889291  	0.62362069  	0.73380941  	0.73614985  
2021-12-14 23:43:54.408: iteration 3 finished in 4.289528 seconds
2021-12-14 23:43:54.504: epoch 3:	0.17119385  	0.09674428  	0.74858677  	0.79870909  	0.71144605  	0.72402227  	0.65811437  	0.66242862  	0.76613772  	0.76787895  
2021-12-14 23:43:58.799: iteration 4 finished in 4.294515 seconds
2021-12-14 23:43:58.892: epoch 4:	0.17330153  	0.09802064  	0.75772500  	0.80976033  	0.72648931  	0.73958719  	0.67679292  	0.68129605  	0.78069842  	0.78257352  
2021-12-14 23:44:03.200: iteration 5 finished in 4.307480 seconds
2021-12-14 23:44:03.292: epoch 5:	0.17505804  	0.09893398  	0.76461709  	0.81825614  	0.73517156  	0.74859762  	0.68749195  	0.69207913  	0.78660250  	0.78847820  
2021-12-14 23:44:07.605: iteration 6 finished in 4.312467 seconds
2021-12-14 23:44:07.694: epoch 6:	0.17559659  	0.09936724  	0.76767910  	0.82173884  	0.73927963  	0.75294793  	0.69257438  	0.69736928  	0.78994495  	0.79193044  
2021-12-14 23:44:11.999: iteration 7 finished in 4.305421 seconds
2021-12-14 23:44:12.093: epoch 7:	0.17583074  	0.09954286  	0.76877588  	0.82260621  	0.74185401  	0.75549757  	0.69564247  	0.70047975  	0.79312414  	0.79507792  
2021-12-14 23:44:16.373: iteration 8 finished in 4.280243 seconds
2021-12-14 23:44:16.467: epoch 8:	0.17611171  	0.09957800  	0.77014250  	0.82303482  	0.74384540  	0.75720185  	0.69769019  	0.70251483  	0.79552448  	0.79731256  
2021-12-14 23:44:20.765: iteration 9 finished in 4.297726 seconds
2021-12-14 23:44:20.858: epoch 9:	0.17625223  	0.09961310  	0.77081126  	0.82337409  	0.74465460  	0.75788081  	0.69830644  	0.70305985  	0.79744005  	0.79914111  
2021-12-14 23:44:25.170: iteration 10 finished in 4.310987 seconds
2021-12-14 23:44:25.263: epoch 10:	0.17641608  	0.09963654  	0.77068210  	0.82402480  	0.74533713  	0.75867957  	0.69922930  	0.70393044  	0.79832500  	0.80016011  
2021-12-14 23:44:29.593: iteration 11 finished in 4.329422 seconds
2021-12-14 23:44:29.684: epoch 11:	0.17674394  	0.09960142  	0.77181548  	0.82348722  	0.74566525  	0.75847340  	0.69923061  	0.70372736  	0.79843742  	0.80015546  
2021-12-14 23:44:34.007: iteration 12 finished in 4.322440 seconds
2021-12-14 23:44:34.099: epoch 12:	0.17669715  	0.09960143  	0.77116221  	0.82337099  	0.74546415  	0.75844520  	0.69919360  	0.70373392  	0.79832125  	0.80015135  
2021-12-14 23:44:38.425: iteration 13 finished in 4.325433 seconds
2021-12-14 23:44:38.518: epoch 13:	0.17679082  	0.09967171  	0.77116394  	0.82432657  	0.74526304  	0.75842637  	0.69902134  	0.70352316  	0.79766756  	0.79961765  
2021-12-14 23:44:42.847: iteration 14 finished in 4.328424 seconds
2021-12-14 23:44:42.939: epoch 14:	0.17683767  	0.09978880  	0.77097911  	0.82580203  	0.74493396  	0.75853127  	0.69852358  	0.70316875  	0.79739833  	0.79941750  
2021-12-14 23:44:47.245: iteration 15 finished in 4.306483 seconds
2021-12-14 23:44:47.338: epoch 15:	0.17697817  	0.09974195  	0.77149343  	0.82484019  	0.74537987  	0.75859272  	0.69898552  	0.70349944  	0.79786438  	0.79981381  
2021-12-14 23:44:51.635: iteration 16 finished in 4.296510 seconds
2021-12-14 23:44:51.728: epoch 16:	0.17693135  	0.09976537  	0.77115196  	0.82519925  	0.74558192  	0.75900251  	0.69932985  	0.70390505  	0.79841638  	0.80042464  
2021-12-14 23:44:56.040: iteration 17 finished in 4.311469 seconds
2021-12-14 23:44:56.133: epoch 17:	0.17672059  	0.09978878  	0.77071488  	0.82510120  	0.74548095  	0.75913262  	0.69923335  	0.70400506  	0.79879773  	0.80082810  
2021-12-14 23:45:00.458: iteration 18 finished in 4.324435 seconds
2021-12-14 23:45:00.551: epoch 18:	0.17672057  	0.09981221  	0.77064985  	0.82557416  	0.74515939  	0.75891805  	0.69878680  	0.70360696  	0.79847151  	0.80046564  
2021-12-14 23:45:04.858: iteration 19 finished in 4.307480 seconds
2021-12-14 23:45:04.951: epoch 19:	0.17674403  	0.09976538  	0.77085167  	0.82515121  	0.74509633  	0.75867331  	0.69861293  	0.70336121  	0.79824090  	0.80021286  
2021-12-14 23:45:09.247: iteration 20 finished in 4.296510 seconds
2021-12-14 23:45:09.337: epoch 20:	0.17676745  	0.09978879  	0.77081025  	0.82531512  	0.74492699  	0.75857371  	0.69840634  	0.70319366  	0.79802120  	0.80003768  
2021-12-14 23:45:13.628: iteration 21 finished in 4.290440 seconds
2021-12-14 23:45:13.721: epoch 21:	0.17674406  	0.09982392  	0.77045333  	0.82560641  	0.74464625  	0.75845963  	0.69814420  	0.70298773  	0.79766792  	0.79971516  
2021-12-14 23:45:18.035: iteration 22 finished in 4.314023 seconds
2021-12-14 23:45:18.129: epoch 22:	0.17672063  	0.09983563  	0.77021766  	0.82603574  	0.74451053  	0.75846463  	0.69806802  	0.70295393  	0.79736727  	0.79940850  
2021-12-14 23:45:22.430: iteration 23 finished in 4.300842 seconds
2021-12-14 23:45:22.521: epoch 23:	0.17676747  	0.09981221  	0.77046490  	0.82588619  	0.74460340  	0.75843829  	0.69812185  	0.70295590  	0.79728115  	0.79931337  
2021-12-14 23:45:26.832: iteration 24 finished in 4.311470 seconds
2021-12-14 23:45:26.922: epoch 24:	0.17672065  	0.09989419  	0.77041757  	0.82681125  	0.74415880  	0.75827569  	0.69750094  	0.70246202  	0.79673517  	0.79881853  
2021-12-14 23:45:31.241: iteration 25 finished in 4.319449 seconds
2021-12-14 23:45:31.332: epoch 25:	0.17672066  	0.09995274  	0.77048326  	0.82764304  	0.74402541  	0.75833619  	0.69726241  	0.70229971  	0.79667294  	0.79875165  
2021-12-14 23:45:35.658: iteration 26 finished in 4.325432 seconds
2021-12-14 23:45:35.747: epoch 26:	0.17676750  	0.09988247  	0.77090436  	0.82650089  	0.74434185  	0.75825381  	0.69753546  	0.70247662  	0.79689825  	0.79886675  
2021-12-14 23:45:40.066: iteration 27 finished in 4.317454 seconds
2021-12-14 23:45:40.158: epoch 27:	0.17686117  	0.09991761  	0.77141184  	0.82680142  	0.74445140  	0.75827724  	0.69752675  	0.70240897  	0.79688007  	0.79882872  
2021-12-14 23:45:44.461: iteration 28 finished in 4.303491 seconds
2021-12-14 23:45:44.552: epoch 28:	0.17683774  	0.09995274  	0.77136248  	0.82709277  	0.74431717  	0.75826329  	0.69737715  	0.70232850  	0.79663485  	0.79859942  
2021-12-14 23:45:48.855: iteration 29 finished in 4.303491 seconds
2021-12-14 23:45:48.947: epoch 29:	0.17679092  	0.09997617  	0.77109641  	0.82739192  	0.74413073  	0.75821280  	0.69717616  	0.70216691  	0.79655582  	0.79853731  
2021-12-14 23:45:53.253: iteration 30 finished in 4.306484 seconds
2021-12-14 23:45:53.342: epoch 30:	0.17688458  	0.09998788  	0.77133065  	0.82732368  	0.74402052  	0.75799990  	0.69702488  	0.70195264  	0.79619002  	0.79814345  
2021-12-14 23:45:57.667: iteration 31 finished in 4.323438 seconds
2021-12-14 23:45:57.758: epoch 31:	0.17690800  	0.09989420  	0.77135795  	0.82624251  	0.74392891  	0.75761545  	0.69702077  	0.70185500  	0.79575080  	0.79766631  
2021-12-14 23:46:02.073: iteration 32 finished in 4.314462 seconds
2021-12-14 23:46:02.163: epoch 32:	0.17690799  	0.09992933  	0.77117825  	0.82650590  	0.74375606  	0.75756347  	0.69682407  	0.70170033  	0.79560655  	0.79756004  
2021-12-14 23:46:06.467: iteration 33 finished in 4.303492 seconds
2021-12-14 23:46:06.559: epoch 33:	0.17697826  	0.09992933  	0.77149051  	0.82617021  	0.74401790  	0.75765127  	0.69708472  	0.70190173  	0.79600185  	0.79792565  
2021-12-14 23:46:10.884: iteration 34 finished in 4.324123 seconds
2021-12-14 23:46:10.978: epoch 34:	0.17688459  	0.09996446  	0.77077425  	0.82633656  	0.74394351  	0.75785780  	0.69716948  	0.70213157  	0.79613113  	0.79809034  
2021-12-14 23:46:15.270: iteration 35 finished in 4.292284 seconds
2021-12-14 23:46:15.348: epoch 35:	0.17693141  	0.09996447  	0.77103716  	0.82609451  	0.74404591  	0.75783962  	0.69721168  	0.70212144  	0.79627019  	0.79822522  
2021-12-14 23:46:19.662: iteration 36 finished in 4.313405 seconds
2021-12-14 23:46:19.755: epoch 36:	0.17704849  	0.09994106  	0.77133095  	0.82615572  	0.74427336  	0.75793499  	0.69738406  	0.70220375  	0.79661632  	0.79859924  
2021-12-14 23:46:24.083: iteration 37 finished in 4.327765 seconds
2021-12-14 23:46:24.175: epoch 37:	0.17697825  	0.09997619  	0.77084029  	0.82653314  	0.74403596  	0.75795078  	0.69721365  	0.70213544  	0.79642361  	0.79843897  
2021-12-14 23:46:28.489: iteration 38 finished in 4.314462 seconds
2021-12-14 23:46:28.581: epoch 38:	0.17697825  	0.09998790  	0.77103543  	0.82629603  	0.74407971  	0.75790888  	0.69725740  	0.70216876  	0.79623914  	0.79822409  
2021-12-14 23:46:32.901: iteration 39 finished in 4.319449 seconds
2021-12-14 23:46:32.996: epoch 39:	0.17686112  	0.09996448  	0.77073467  	0.82563239  	0.74390244  	0.75771552  	0.69710058  	0.70208240  	0.79619801  	0.79812193  
2021-12-14 23:46:37.331: iteration 40 finished in 4.333411 seconds
2021-12-14 23:46:37.423: epoch 40:	0.17693138  	0.09991765  	0.77102870  	0.82519531  	0.74411839  	0.75769615  	0.69730258  	0.70217544  	0.79634857  	0.79823679  
2021-12-14 23:46:41.750: iteration 41 finished in 4.326430 seconds
2021-12-14 23:46:41.843: epoch 41:	0.17700161  	0.09992936  	0.77124345  	0.82512468  	0.74437612  	0.75784659  	0.69757164  	0.70238423  	0.79669714  	0.79855663  
2021-12-14 23:46:46.181: iteration 42 finished in 4.338397 seconds
2021-12-14 23:46:46.273: epoch 42:	0.17700163  	0.09991764  	0.77128768  	0.82495052  	0.74442464  	0.75782520  	0.69759607  	0.70236051  	0.79687864  	0.79874939  
2021-12-14 23:46:50.609: iteration 43 finished in 4.336403 seconds
2021-12-14 23:46:50.702: epoch 43:	0.17700163  	0.09991764  	0.77126968  	0.82488030  	0.74426013  	0.75763804  	0.69741851  	0.70216811  	0.79654133  	0.79841208  
2021-12-14 23:46:55.039: iteration 44 finished in 4.337400 seconds
2021-12-14 23:46:55.131: epoch 44:	0.17711870  	0.09999961  	0.77153420  	0.82539123  	0.74448788  	0.75789940  	0.69765580  	0.70238441  	0.79671335  	0.79860026  
2021-12-14 23:46:59.467: iteration 45 finished in 4.336403 seconds
2021-12-14 23:46:59.558: epoch 45:	0.17711869  	0.09999961  	0.77151030  	0.82505816  	0.74450612  	0.75785571  	0.69768494  	0.70240700  	0.79679412  	0.79866135  
2021-12-14 23:47:03.895: iteration 46 finished in 4.336403 seconds
2021-12-14 23:47:03.987: epoch 46:	0.17711870  	0.09998789  	0.77134866  	0.82546949  	0.74473304  	0.75818896  	0.69802719  	0.70276040  	0.79713374  	0.79903710  
2021-12-14 23:47:08.338: iteration 47 finished in 4.350366 seconds
2021-12-14 23:47:08.424: epoch 47:	0.17707187  	0.09998788  	0.77123153  	0.82540089  	0.74465382  	0.75813353  	0.69792080  	0.70269942  	0.79720926  	0.79911828  
2021-12-14 23:47:12.744: iteration 48 finished in 4.319048 seconds
2021-12-14 23:47:12.837: epoch 48:	0.17700161  	0.09994104  	0.77089596  	0.82500285  	0.74453932  	0.75801963  	0.69787180  	0.70266348  	0.79724276  	0.79915649  
2021-12-14 23:47:17.166: iteration 49 finished in 4.328336 seconds
2021-12-14 23:47:17.259: epoch 49:	0.17686112  	0.09992934  	0.77050954  	0.82497275  	0.74424011  	0.75785846  	0.69758904  	0.70247781  	0.79697675  	0.79889500  
2021-12-14 23:47:21.571: iteration 50 finished in 4.311486 seconds
2021-12-14 23:47:21.663: epoch 50:	0.17695478  	0.09996447  	0.77096617  	0.82492507  	0.74448514  	0.75797409  	0.69776833  	0.70263129  	0.79721105  	0.79906797  
