2021-02-01 14:34:13.325: Dataset name: u4
The number of users: 6114
The number of items: 6114
The number of ratings: 50529
Average actions of users: 8.26
Average actions of items: 8.26
The sparsity of the dataset: 99.864827%
2021-02-01 14:34:13.326: 

NeuRec hyperparameters:
recommender=WRMF
config_dir=./conf
gpu_id=0
gpu_mem=0.5
data.input.path=C:\Users\HyunsikYoo\Desktop\VNE_directed_networks/_Data/jung/5-fold/u4/
data.input.dataset=u4
data.output.path=C:\Users\HyunsikYoo\Desktop\VNE_directed_networks/_Emb/jung/5-fold/wrmf/u4_wrmf_directed_dim16.emb
data.column.format=UI
data.convert.separator='\t'
user_min=0
item_min=0
splitter=given
ratio=0.8
by_time=False
metric=["Precision", "Recall", "NDCG", "MAP", "MRR"]
topk=[10, 20]
group_view=None
rec.evaluate.neg=0
test_batch_size=128
num_thread=8
data.index.remap=False

WRMF's hyperparameters:
epochs=50
embedding_size=16
reg_mf=0.1
alpha=10
init_method=uniform
stddev=0.01
verbose=1
weight=uniform

2021-02-01 14:35:51.595: metrics:	Precision@10	Precision@20	Recall@10   	Recall@20   	NDCG@10     	NDCG@20     	MAP@10      	MAP@20      	MRR@10      	MRR@20      
2021-02-01 14:35:56.367: iteration 1 finished in 4.770068 seconds
2021-02-01 14:35:56.496: epoch 1:	0.09607767  	0.05883945  	0.54227555  	0.61108452  	0.46262664  	0.48172900  	0.40680963  	0.41330343  	0.48393103  	0.48821536  
2021-02-01 14:36:02.211: iteration 2 finished in 5.713388 seconds
2021-02-01 14:36:02.333: epoch 2:	0.13122700  	0.07490119  	0.71501577  	0.77344728  	0.66030794  	0.67459083  	0.61273253  	0.61665708  	0.69376874  	0.69662952  
2021-02-01 14:36:06.994: iteration 3 finished in 4.659412 seconds
2021-02-01 14:36:07.108: epoch 3:	0.13563725  	0.07666717  	0.73581052  	0.78813702  	0.68486220  	0.69748294  	0.63889766  	0.64248604  	0.71669954  	0.71888351  
2021-02-01 14:36:11.736: iteration 4 finished in 4.627204 seconds
2021-02-01 14:36:11.850: epoch 4:	0.13773023  	0.07727453  	0.74456352  	0.79475480  	0.69487798  	0.70678288  	0.64910740  	0.65217245  	0.72735512  	0.72958761  
2021-02-01 14:36:16.590: iteration 5 finished in 4.739167 seconds
2021-02-01 14:36:16.710: epoch 5:	0.13916931  	0.07763897  	0.75183010  	0.79935461  	0.70130634  	0.71222192  	0.65575379  	0.65831822  	0.73205125  	0.73410100  
2021-02-01 14:36:21.208: iteration 6 finished in 4.497133 seconds
2021-02-01 14:36:21.324: epoch 6:	0.13972993  	0.07776045  	0.75484514  	0.80163532  	0.70594531  	0.71657813  	0.66067630  	0.66303837  	0.73833263  	0.74027693  
2021-02-01 14:36:25.865: iteration 7 finished in 4.540138 seconds
2021-02-01 14:36:25.984: epoch 7:	0.13987944  	0.07774177  	0.75447071  	0.80244070  	0.70953226  	0.72044080  	0.66529793  	0.66763872  	0.74401331  	0.74606913  
2021-02-01 14:36:30.525: iteration 8 finished in 4.540681 seconds
2021-02-01 14:36:30.633: epoch 8:	0.13991681  	0.07763895  	0.75434679  	0.80219853  	0.70929891  	0.72014028  	0.66496545  	0.66716444  	0.74406761  	0.74613464  
2021-02-01 14:36:35.333: iteration 9 finished in 4.698642 seconds
2021-02-01 14:36:35.464: epoch 9:	0.13976732  	0.07747076  	0.75271589  	0.80156142  	0.70820695  	0.71926081  	0.66400456  	0.66616029  	0.74347788  	0.74575084  
2021-02-01 14:36:40.222: iteration 10 finished in 4.757229 seconds
2021-02-01 14:36:40.338: epoch 10:	0.13958047  	0.07739602  	0.75165522  	0.80192727  	0.70345038  	0.71483052  	0.65794873  	0.66011834  	0.73744971  	0.73979831  
2021-02-01 14:36:44.914: iteration 11 finished in 4.575455 seconds
2021-02-01 14:36:45.034: epoch 11:	0.13944969  	0.07725586  	0.75158852  	0.80054343  	0.69701058  	0.70806509  	0.64944255  	0.65154880  	0.72891146  	0.73119992  
2021-02-01 14:36:49.533: iteration 12 finished in 4.498930 seconds
2021-02-01 14:36:49.649: epoch 12:	0.13939361  	0.07724652  	0.75282317  	0.80100453  	0.69274217  	0.70359522  	0.64356667  	0.64561278  	0.72267592  	0.72487640  
2021-02-01 14:36:54.035: iteration 13 finished in 4.385613 seconds
2021-02-01 14:36:54.149: epoch 13:	0.13920671  	0.07717176  	0.75142974  	0.80113995  	0.68864769  	0.69983864  	0.63866466  	0.64077789  	0.71726793  	0.71956885  
2021-02-01 14:36:58.529: iteration 14 finished in 4.378557 seconds
2021-02-01 14:36:58.643: epoch 14:	0.13913195  	0.07714373  	0.75080997  	0.80040240  	0.68663430  	0.69781512  	0.63625145  	0.63837183  	0.71478140  	0.71709597  
2021-02-01 14:37:02.913: iteration 15 finished in 4.269953 seconds
2021-02-01 14:37:03.033: epoch 15:	0.13913195  	0.07714373  	0.75113553  	0.80059248  	0.68562788  	0.69676805  	0.63486272  	0.63693440  	0.71353292  	0.71584755  
2021-02-01 14:37:07.414: iteration 16 finished in 4.379728 seconds
2021-02-01 14:37:07.528: epoch 16:	0.13905717  	0.07712504  	0.75059992  	0.80083829  	0.68448788  	0.69584209  	0.63344663  	0.63557893  	0.71258044  	0.71495879  
2021-02-01 14:37:11.841: iteration 17 finished in 4.312045 seconds
2021-02-01 14:37:11.954: epoch 17:	0.13892637  	0.07705028  	0.74972075  	0.80015767  	0.68333822  	0.69477373  	0.63223094  	0.63439530  	0.71129048  	0.71378332  
2021-02-01 14:37:16.288: iteration 18 finished in 4.333536 seconds
2021-02-01 14:37:16.401: epoch 18:	0.13883293  	0.07707833  	0.74949646  	0.80060923  	0.68336511  	0.69497895  	0.63241297  	0.63464922  	0.71153831  	0.71400201  
2021-02-01 14:37:20.788: iteration 19 finished in 4.386044 seconds
2021-02-01 14:37:20.902: epoch 19:	0.13868342  	0.07707833  	0.74896485  	0.80051583  	0.68313283  	0.69489670  	0.63223344  	0.63456666  	0.71161884  	0.71407950  
2021-02-01 14:37:25.273: iteration 20 finished in 4.369527 seconds
2021-02-01 14:37:25.390: epoch 20:	0.13864604  	0.07709701  	0.74910361  	0.80073380  	0.68296742  	0.69478035  	0.63200587  	0.63436419  	0.71143496  	0.71385795  
2021-02-01 14:37:29.738: iteration 21 finished in 4.347011 seconds
2021-02-01 14:37:29.849: epoch 21:	0.13860868  	0.07707832  	0.74929714  	0.80059361  	0.68287206  	0.69460064  	0.63178915  	0.63415337  	0.71137035  	0.71374834  
2021-02-01 14:37:34.251: iteration 22 finished in 4.401470 seconds
2021-02-01 14:37:34.390: epoch 22:	0.13870212  	0.07705030  	0.75032496  	0.80006409  	0.68345368  	0.69479966  	0.63229394  	0.63455349  	0.71191204  	0.71419197  
2021-02-01 14:37:38.716: iteration 23 finished in 4.325380 seconds
2021-02-01 14:37:38.828: epoch 23:	0.13862741  	0.07706898  	0.75049931  	0.80069411  	0.68292505  	0.69442862  	0.63152051  	0.63386214  	0.71134555  	0.71364701  
2021-02-01 14:37:43.187: iteration 24 finished in 4.357220 seconds
2021-02-01 14:37:43.306: epoch 24:	0.13870215  	0.07708767  	0.75096703  	0.80097443  	0.68286276  	0.69430572  	0.63130069  	0.63361704  	0.71110076  	0.71341246  
2021-02-01 14:37:47.650: iteration 25 finished in 4.343318 seconds
2021-02-01 14:37:47.766: epoch 25:	0.13857134  	0.07718111  	0.75050879  	0.80210191  	0.68258685  	0.69449836  	0.63104343  	0.63356030  	0.71097296  	0.71334469  
2021-02-01 14:37:52.214: iteration 26 finished in 4.447725 seconds
2021-02-01 14:37:52.327: epoch 26:	0.13851526  	0.07718111  	0.75030947  	0.80219537  	0.68248421  	0.69449222  	0.63091135  	0.63350755  	0.71098560  	0.71337301  
2021-02-01 14:37:56.747: iteration 27 finished in 4.418854 seconds
2021-02-01 14:37:56.863: epoch 27:	0.13855265  	0.07719044  	0.75039458  	0.80228877  	0.68262881  	0.69462997  	0.63103420  	0.63364547  	0.71129751  	0.71366847  
2021-02-01 14:38:01.229: iteration 28 finished in 4.364866 seconds
2021-02-01 14:38:01.344: epoch 28:	0.13847789  	0.07717177  	0.75006974  	0.80200845  	0.68135172  	0.69340163  	0.62943137  	0.63208073  	0.70958453  	0.71198928  
2021-02-01 14:38:05.737: iteration 29 finished in 4.393335 seconds
2021-02-01 14:38:05.852: epoch 29:	0.13849658  	0.07717177  	0.75002301  	0.80210191  	0.68111980  	0.69319379  	0.62911600  	0.63175654  	0.70920742  	0.71166545  
2021-02-01 14:38:10.328: iteration 30 finished in 4.474410 seconds
2021-02-01 14:38:10.438: epoch 30:	0.13849658  	0.07716242  	0.74999189  	0.80200845  	0.68095130  	0.69299853  	0.62885332  	0.63149822  	0.70908791  	0.71151340  
2021-02-01 14:38:14.880: iteration 31 finished in 4.440208 seconds
2021-02-01 14:38:14.990: epoch 31:	0.13845919  	0.07713439  	0.74988407  	0.80181175  	0.68064642  	0.69267172  	0.62843364  	0.63108808  	0.70878041  	0.71120965  
2021-02-01 14:38:19.535: iteration 32 finished in 4.544051 seconds
2021-02-01 14:38:19.652: epoch 32:	0.13849658  	0.07708767  	0.75025785  	0.80104083  	0.68071473  	0.69244093  	0.62844461  	0.63101143  	0.70867258  	0.71101946  
2021-02-01 14:38:23.963: iteration 33 finished in 4.310481 seconds
2021-02-01 14:38:24.073: epoch 33:	0.13847791  	0.07710636  	0.75007093  	0.80129004  	0.68067378  	0.69251537  	0.62843055  	0.63102657  	0.70872152  	0.71110374  
2021-02-01 14:38:28.577: iteration 34 finished in 4.503301 seconds
2021-02-01 14:38:28.687: epoch 34:	0.13844053  	0.07705964  	0.75014567  	0.80072939  	0.68076229  	0.69246000  	0.62851512  	0.63108683  	0.70886707  	0.71120709  
2021-02-01 14:38:33.103: iteration 35 finished in 4.415259 seconds
2021-02-01 14:38:33.223: epoch 35:	0.13845922  	0.07707832  	0.75016129  	0.80100971  	0.68086535  	0.69262981  	0.62864357  	0.63123304  	0.70905197  	0.71140683  
2021-02-01 14:38:37.757: iteration 36 finished in 4.534093 seconds
2021-02-01 14:38:37.875: epoch 36:	0.13857134  	0.07707832  	0.75102985  	0.80082285  	0.68105459  	0.69254917  	0.62862736  	0.63117445  	0.70887858  	0.71114570  
2021-02-01 14:38:42.459: iteration 37 finished in 4.583677 seconds
2021-02-01 14:38:42.572: epoch 37:	0.13853396  	0.07707833  	0.75089359  	0.80079174  	0.68085003  	0.69238716  	0.62837499  	0.63095742  	0.70872128  	0.71098274  
2021-02-01 14:38:46.952: iteration 38 finished in 4.380655 seconds
2021-02-01 14:38:47.066: epoch 38:	0.13851526  	0.07706898  	0.75075120  	0.80069828  	0.68037218  	0.69192469  	0.62776530  	0.63035291  	0.70822239  	0.71047330  
2021-02-01 14:38:51.390: iteration 39 finished in 4.319930 seconds
2021-02-01 14:38:51.501: epoch 39:	0.13851526  	0.07705031  	0.75084996  	0.80053633  	0.68053770  	0.69203705  	0.62797445  	0.63054359  	0.70837015  	0.71061641  
2021-02-01 14:38:55.961: iteration 40 finished in 4.459379 seconds
2021-02-01 14:38:56.083: epoch 40:	0.13845922  	0.07704096  	0.75076431  	0.80053633  	0.68055314  	0.69209856  	0.62798160  	0.63059390  	0.70856971  	0.71081364  
2021-02-01 14:39:00.480: iteration 41 finished in 4.396458 seconds
2021-02-01 14:39:00.591: epoch 41:	0.13853398  	0.07704096  	0.75098234  	0.80053633  	0.68043882  	0.69188935  	0.62777197  	0.63032925  	0.70825791  	0.71047908  
2021-02-01 14:39:04.967: iteration 42 finished in 4.376158 seconds
2021-02-01 14:39:05.083: epoch 42:	0.13851529  	0.07705031  	0.75088894  	0.80072320  	0.68031812  	0.69185501  	0.62764782  	0.63023144  	0.70801723  	0.71026963  
2021-02-01 14:39:09.435: iteration 43 finished in 4.352412 seconds
2021-02-01 14:39:09.550: epoch 43:	0.13845921  	0.07704096  	0.75081092  	0.80062979  	0.68014640  	0.69171137  	0.62747014  	0.63008529  	0.70777333  	0.70999634  
2021-02-01 14:39:13.905: iteration 44 finished in 4.353861 seconds
2021-02-01 14:39:14.017: epoch 44:	0.13849659  	0.07705965  	0.75064462  	0.80091012  	0.67993462  	0.69158441  	0.62722522  	0.62984121  	0.70744562  	0.70970881  
2021-02-01 14:39:18.329: iteration 45 finished in 4.311289 seconds
2021-02-01 14:39:18.439: epoch 45:	0.13847791  	0.07705031  	0.75062907  	0.80081666  	0.67986554  	0.69150609  	0.62718147  	0.62981677  	0.70724028  	0.70950216  
2021-02-01 14:39:22.767: iteration 46 finished in 4.326055 seconds
2021-02-01 14:39:22.879: epoch 46:	0.13847791  	0.07706898  	0.75061470  	0.80115932  	0.67978776  	0.69150442  	0.62707669  	0.62974024  	0.70710796  	0.70937765  
2021-02-01 14:39:27.158: iteration 47 finished in 4.279290 seconds
2021-02-01 14:39:27.271: epoch 47:	0.13844052  	0.07709701  	0.75041616  	0.80157036  	0.67968458  	0.69155991  	0.62696946  	0.62968904  	0.70710391  	0.70940852  
2021-02-01 14:39:31.601: iteration 48 finished in 4.326634 seconds
2021-02-01 14:39:31.716: epoch 48:	0.13842185  	0.07707832  	0.75022924  	0.80145824  	0.67957962  	0.69147044  	0.62688392  	0.62959158  	0.70698088  	0.70931852  
2021-02-01 14:39:36.069: iteration 49 finished in 4.350855 seconds
2021-02-01 14:39:36.196: epoch 49:	0.13840318  	0.07707832  	0.75044727  	0.80145824  	0.67942709  	0.69127929  	0.62663758  	0.62934113  	0.70674306  	0.70906109  
2021-02-01 14:39:40.491: iteration 50 finished in 4.293025 seconds
2021-02-01 14:39:40.600: epoch 50:	0.13844055  	0.07707832  	0.75072759  	0.80129188  	0.67952245  	0.69125777  	0.62668067  	0.62935179  	0.70677966  	0.70907021  
