2021-12-16 20:28:38.149: Dataset name: u4
The number of users: 23132
The number of items: 23132
The number of ratings: 312310
Average actions of users: 13.50
Average actions of items: 13.50
The sparsity of the dataset: 99.941634%
2021-12-16 20:28:38.149: 

NeuRec hyperparameters:
recommender=WRMF
config_dir=./conf
gpu_id=0
gpu_mem=0.5
data.input.path=D:\hsyoo\Workingon_210628/_Data/eat/noniid-in-barrier/u4/
data.input.dataset=u4
data.output.path=D:\hsyoo\Workingon_210628/_Emb/eat/noniid-in-barrier/wrmf/u4_wrmf_directed_dim16_uniform_send.emb
data.column.format=UI
data.convert.separator='\t'
user_min=0
item_min=0
splitter=given
ratio=0.8
by_time=False
metric=["Precision", "Recall", "NDCG", "MAP", "MRR"]
topk=[10, 20]
group_view=None
rec.evaluate.neg=0
test_batch_size=128
num_thread=8
data.index.remap=False

WRMF's hyperparameters:
epochs=50
embedding_size=16
reg_mf=0.1
alpha=10
init_method=uniform
stddev=0.01
verbose=1
weight=uniform

2021-12-16 20:52:00.829: metrics:	Precision@10	Precision@20	Recall@10   	Recall@20   	NDCG@10     	NDCG@20     	MAP@10      	MAP@20      	MRR@10      	MRR@20      
2021-12-16 20:53:19.557: iteration 1 finished in 78.728176 seconds
2021-12-16 20:53:19.938: epoch 1:	0.00107685  	0.00091777  	0.00144246  	0.00235865  	0.00130434  	0.00172183  	0.00044928  	0.00049851  	0.00298765  	0.00346368  
2021-12-16 20:54:37.001: iteration 2 finished in 77.063235 seconds
2021-12-16 20:54:37.377: epoch 2:	0.00226383  	0.00231889  	0.00325965  	0.00639941  	0.00288031  	0.00430945  	0.00100376  	0.00118149  	0.00679080  	0.00835850  
2021-12-16 20:55:53.773: iteration 3 finished in 76.394926 seconds
2021-12-16 20:55:54.162: epoch 3:	0.00391582  	0.00357928  	0.00557585  	0.00991919  	0.00500393  	0.00693424  	0.00177565  	0.00201071  	0.01183406  	0.01392422  
2021-12-16 20:57:10.812: iteration 4 finished in 76.649901 seconds
2021-12-16 20:57:11.187: epoch 4:	0.00458884  	0.00419111  	0.00647009  	0.01172696  	0.00593096  	0.00821406  	0.00212028  	0.00240396  	0.01424352  	0.01656050  
2021-12-16 20:58:27.618: iteration 5 finished in 76.431280 seconds
2021-12-16 20:58:28.009: epoch 5:	0.00493147  	0.00440526  	0.00691821  	0.01224367  	0.00644897  	0.00878450  	0.00233618  	0.00262646  	0.01572685  	0.01816480  
2021-12-16 20:59:45.166: iteration 6 finished in 77.157515 seconds
2021-12-16 20:59:45.543: epoch 6:	0.00527410  	0.00464387  	0.00747610  	0.01279241  	0.00683330  	0.00918083  	0.00246375  	0.00274387  	0.01631908  	0.01880761  
2021-12-16 21:01:02.971: iteration 7 finished in 77.428182 seconds
2021-12-16 21:01:03.331: epoch 7:	0.00539646  	0.00474177  	0.00760599  	0.01299649  	0.00700829  	0.00940052  	0.00253872  	0.00282270  	0.01685765  	0.01944959  
2021-12-16 21:02:19.968: iteration 8 finished in 76.621946 seconds
2021-12-16 21:02:20.345: epoch 8:	0.00562896  	0.00475400  	0.00796445  	0.01310100  	0.00724190  	0.00948352  	0.00260328  	0.00285822  	0.01723593  	0.01966327  
2021-12-16 21:03:36.286: iteration 9 finished in 75.941202 seconds
2021-12-16 21:03:36.662: epoch 9:	0.00558001  	0.00483966  	0.00797760  	0.01327254  	0.00728800  	0.00963505  	0.00264162  	0.00290408  	0.01746770  	0.02006904  
2021-12-16 21:04:52.521: iteration 10 finished in 75.857440 seconds
2021-12-16 21:04:52.896: epoch 10:	0.00551883  	0.00481519  	0.00783748  	0.01320677  	0.00728879  	0.00967497  	0.00267264  	0.00294460  	0.01767791  	0.02033241  
2021-12-16 21:06:08.340: iteration 11 finished in 75.444532 seconds
2021-12-16 21:06:08.715: epoch 11:	0.00562896  	0.00483354  	0.00796490  	0.01327223  	0.00742202  	0.00975606  	0.00272676  	0.00298528  	0.01801020  	0.02059689  
2021-12-16 21:07:24.180: iteration 12 finished in 75.465140 seconds
2021-12-16 21:07:24.563: epoch 12:	0.00572685  	0.00486413  	0.00810757  	0.01333418  	0.00746773  	0.00975965  	0.00271556  	0.00296886  	0.01796601  	0.02048969  
2021-12-16 21:08:40.170: iteration 13 finished in 75.606227 seconds
2021-12-16 21:08:40.538: epoch 13:	0.00564120  	0.00484578  	0.00798832  	0.01328065  	0.00743428  	0.00975829  	0.00271555  	0.00297435  	0.01810674  	0.02066615  
2021-12-16 21:09:55.772: iteration 14 finished in 75.234265 seconds
2021-12-16 21:09:56.157: epoch 14:	0.00573909  	0.00485190  	0.00805403  	0.01322064  	0.00752839  	0.00978426  	0.00274903  	0.00300014  	0.01834331  	0.02080917  
2021-12-16 21:11:11.617: iteration 15 finished in 75.459868 seconds
2021-12-16 21:11:11.992: epoch 15:	0.00575133  	0.00481519  	0.00806872  	0.01317492  	0.00753260  	0.00974862  	0.00274982  	0.00299480  	0.01830719  	0.02073794  
2021-12-16 21:12:27.120: iteration 16 finished in 75.128802 seconds
2021-12-16 21:12:27.494: epoch 16:	0.00572685  	0.00482742  	0.00805255  	0.01328740  	0.00750423  	0.00976369  	0.00273506  	0.00298619  	0.01820560  	0.02065904  
2021-12-16 21:13:44.174: iteration 17 finished in 76.679204 seconds
2021-12-16 21:13:44.553: epoch 17:	0.00570238  	0.00476012  	0.00802545  	0.01312450  	0.00743941  	0.00963625  	0.00268224  	0.00292111  	0.01808445  	0.02050162  
2021-12-16 21:14:59.679: iteration 18 finished in 75.125625 seconds
2021-12-16 21:15:00.045: epoch 18:	0.00575133  	0.00476012  	0.00809569  	0.01313218  	0.00744073  	0.00959664  	0.00265733  	0.00289160  	0.01800778  	0.02035292  
2021-12-16 21:16:16.532: iteration 19 finished in 76.487189 seconds
2021-12-16 21:16:16.907: epoch 19:	0.00573909  	0.00474177  	0.00807728  	0.01307382  	0.00746417  	0.00960187  	0.00267799  	0.00290560  	0.01814399  	0.02048411  
2021-12-16 21:17:32.480: iteration 20 finished in 75.573180 seconds
2021-12-16 21:17:32.851: epoch 20:	0.00569014  	0.00475400  	0.00794371  	0.01308315  	0.00743562  	0.00963283  	0.00268312  	0.00292091  	0.01823207  	0.02063416  
2021-12-16 21:18:49.771: iteration 21 finished in 76.919695 seconds
2021-12-16 21:18:50.149: epoch 21:	0.00564120  	0.00475400  	0.00788536  	0.01307508  	0.00741370  	0.00964167  	0.00268903  	0.00293033  	0.01826689  	0.02071645  
2021-12-16 21:20:06.332: iteration 22 finished in 76.183208 seconds
2021-12-16 21:20:06.722: epoch 22:	0.00564120  	0.00478460  	0.00786553  	0.01319320  	0.00739108  	0.00966916  	0.00267598  	0.00292495  	0.01815151  	0.02062647  
2021-12-16 21:21:23.305: iteration 23 finished in 76.581479 seconds
2021-12-16 21:21:23.677: epoch 23:	0.00562896  	0.00477236  	0.00786817  	0.01316984  	0.00737014  	0.00964205  	0.00266284  	0.00291398  	0.01808070  	0.02054486  
2021-12-16 21:22:40.307: iteration 24 finished in 76.629071 seconds
2021-12-16 21:22:40.678: epoch 24:	0.00564120  	0.00478460  	0.00787836  	0.01316390  	0.00734857  	0.00961816  	0.00264123  	0.00289123  	0.01796179  	0.02042438  
2021-12-16 21:23:57.633: iteration 25 finished in 76.955658 seconds
2021-12-16 21:23:58.024: epoch 25:	0.00566567  	0.00479683  	0.00788540  	0.01319967  	0.00736306  	0.00963640  	0.00264381  	0.00289443  	0.01799850  	0.02045356  
2021-12-16 21:25:14.418: iteration 26 finished in 76.394404 seconds
2021-12-16 21:25:14.801: epoch 26:	0.00562896  	0.00477848  	0.00784561  	0.01315557  	0.00735214  	0.00962908  	0.00265432  	0.00290584  	0.01796626  	0.02044577  
2021-12-16 21:26:31.453: iteration 27 finished in 76.651770 seconds
2021-12-16 21:26:31.826: epoch 27:	0.00561672  	0.00477236  	0.00781553  	0.01313856  	0.00732416  	0.00960973  	0.00264182  	0.00289637  	0.01790444  	0.02038802  
2021-12-16 21:27:47.527: iteration 28 finished in 75.701165 seconds
2021-12-16 21:27:47.899: epoch 28:	0.00561672  	0.00474789  	0.00781553  	0.01308145  	0.00729709  	0.00955731  	0.00262364  	0.00287570  	0.01777766  	0.02024341  
2021-12-16 21:29:04.377: iteration 29 finished in 76.478145 seconds
2021-12-16 21:29:04.751: epoch 29:	0.00564120  	0.00474789  	0.00784416  	0.01307247  	0.00734762  	0.00958661  	0.00265694  	0.00290169  	0.01790600  	0.02035835  
2021-12-16 21:30:20.574: iteration 30 finished in 75.822932 seconds
2021-12-16 21:30:20.950: epoch 30:	0.00562896  	0.00473565  	0.00784504  	0.01303678  	0.00734371  	0.00956899  	0.00265732  	0.00289700  	0.01789225  	0.02036012  
2021-12-16 21:31:36.356: iteration 31 finished in 75.405522 seconds
2021-12-16 21:31:36.735: epoch 31:	0.00566567  	0.00474177  	0.00788515  	0.01306990  	0.00737572  	0.00958638  	0.00266466  	0.00289962  	0.01797990  	0.02042416  
2021-12-16 21:32:52.828: iteration 32 finished in 76.092664 seconds
2021-12-16 21:32:53.198: epoch 32:	0.00565343  	0.00475400  	0.00786595  	0.01317196  	0.00735989  	0.00960781  	0.00266006  	0.00290035  	0.01791964  	0.02038042  
2021-12-16 21:34:09.102: iteration 33 finished in 75.904159 seconds
2021-12-16 21:34:09.475: epoch 33:	0.00565343  	0.00476624  	0.00787513  	0.01321623  	0.00733570  	0.00959709  	0.00264300  	0.00288433  	0.01779193  	0.02025815  
2021-12-16 21:35:25.128: iteration 34 finished in 75.653594 seconds
2021-12-16 21:35:25.496: epoch 34:	0.00565343  	0.00474788  	0.00787426  	0.01313839  	0.00731357  	0.00954249  	0.00262632  	0.00286195  	0.01770049  	0.02014250  
2021-12-16 21:36:41.050: iteration 35 finished in 75.553553 seconds
2021-12-16 21:36:41.438: epoch 35:	0.00566567  	0.00474788  	0.00790485  	0.01310634  	0.00732997  	0.00953674  	0.00263133  	0.00286188  	0.01772773  	0.02015806  
2021-12-16 21:37:57.051: iteration 36 finished in 75.613630 seconds
2021-12-16 21:37:57.411: epoch 36:	0.00569015  	0.00476624  	0.00792728  	0.01313879  	0.00735986  	0.00956741  	0.00264308  	0.00287299  	0.01782291  	0.02024107  
2021-12-16 21:39:12.867: iteration 37 finished in 75.456652 seconds
2021-12-16 21:39:13.241: epoch 37:	0.00567791  	0.00476012  	0.00791505  	0.01311839  	0.00734444  	0.00955129  	0.00263487  	0.00286541  	0.01779547  	0.02021678  
2021-12-16 21:40:28.960: iteration 38 finished in 75.718521 seconds
2021-12-16 21:40:29.332: epoch 38:	0.00566567  	0.00474788  	0.00787426  	0.01308329  	0.00731176  	0.00952147  	0.00262032  	0.00285391  	0.01769729  	0.02012226  
2021-12-16 21:41:44.220: iteration 39 finished in 74.888200 seconds
2021-12-16 21:41:44.589: epoch 39:	0.00566567  	0.00472953  	0.00789757  	0.01300477  	0.00731685  	0.00949292  	0.00262195  	0.00284992  	0.01768063  	0.02008942  
2021-12-16 21:43:01.118: iteration 40 finished in 76.527457 seconds
2021-12-16 21:43:01.501: epoch 40:	0.00566567  	0.00474788  	0.00789757  	0.01304910  	0.00732601  	0.00952239  	0.00262836  	0.00286047  	0.01771875  	0.02012773  
2021-12-16 21:44:17.662: iteration 41 finished in 76.159450 seconds
2021-12-16 21:44:18.037: epoch 41:	0.00566567  	0.00476624  	0.00789757  	0.01308878  	0.00730736  	0.00952416  	0.00261602  	0.00285082  	0.01761930  	0.02005115  
2021-12-16 21:45:34.746: iteration 42 finished in 76.709346 seconds
2021-12-16 21:45:35.112: epoch 42:	0.00565343  	0.00475400  	0.00787304  	0.01302489  	0.00732002  	0.00952423  	0.00263184  	0.00286337  	0.01769894  	0.02014225  
2021-12-16 21:46:51.567: iteration 43 finished in 76.454887 seconds
2021-12-16 21:46:51.940: epoch 43:	0.00566567  	0.00476012  	0.00789344  	0.01314507  	0.00733211  	0.00955195  	0.00263467  	0.00286987  	0.01771569  	0.02014920  
2021-12-16 21:48:07.525: iteration 44 finished in 75.585430 seconds
2021-12-16 21:48:07.916: epoch 44:	0.00569015  	0.00477236  	0.00797006  	0.01316639  	0.00736486  	0.00956474  	0.00264317  	0.00287221  	0.01773259  	0.02015839  
2021-12-16 21:49:23.463: iteration 45 finished in 75.547265 seconds
2021-12-16 21:49:23.850: epoch 45:	0.00571462  	0.00477236  	0.00799867  	0.01319188  	0.00738408  	0.00957338  	0.00264732  	0.00287684  	0.01776230  	0.02016331  
2021-12-16 21:50:39.981: iteration 46 finished in 76.130680 seconds
2021-12-16 21:50:40.355: epoch 46:	0.00569015  	0.00477848  	0.00795671  	0.01320301  	0.00736585  	0.00958381  	0.00264586  	0.00288057  	0.01776483  	0.02020037  
2021-12-16 21:51:56.099: iteration 47 finished in 75.744364 seconds
2021-12-16 21:51:56.467: epoch 47:	0.00571462  	0.00477236  	0.00798779  	0.01318650  	0.00739773  	0.00959022  	0.00265749  	0.00288783  	0.01785574  	0.02026352  
2021-12-16 21:53:12.391: iteration 48 finished in 75.923088 seconds
2021-12-16 21:53:12.771: epoch 48:	0.00573909  	0.00477236  	0.00803396  	0.01319206  	0.00741607  	0.00958956  	0.00265979  	0.00288643  	0.01786457  	0.02025075  
2021-12-16 21:54:28.595: iteration 49 finished in 75.824193 seconds
2021-12-16 21:54:28.977: epoch 49:	0.00573909  	0.00477848  	0.00803736  	0.01321246  	0.00742947  	0.00961184  	0.00267090  	0.00289872  	0.01791881  	0.02031485  
2021-12-16 21:55:44.804: iteration 50 finished in 75.827035 seconds
2021-12-16 21:55:45.172: epoch 50:	0.00575133  	0.00477236  	0.00804501  	0.01320940  	0.00743526  	0.00960496  	0.00267122  	0.00289626  	0.01791983  	0.02030054  
