2021-12-14 20:36:36.179: Dataset name: u4
The number of users: 6584
The number of items: 6584
The number of ratings: 103136
Average actions of users: 15.66
Average actions of items: 15.66
The sparsity of the dataset: 99.762080%
2021-12-14 20:36:36.179: 

NeuRec hyperparameters:
recommender=WRMF
config_dir=./conf
gpu_id=0
gpu_mem=0.5
data.input.path=D:\hsyoo\Workingon_210628/_Data/wiki-vote/noniid-in-barrier/u4/
data.input.dataset=u4
data.output.path=D:\hsyoo\Workingon_210628/_Emb/wiki-vote/noniid-in-barrier/wrmf/u4_wrmf_directed_dim16_uniform_send.emb
data.column.format=UI
data.convert.separator='\t'
user_min=0
item_min=0
splitter=given
ratio=0.8
by_time=False
metric=["Precision", "Recall", "NDCG", "MAP", "MRR"]
topk=[10, 20]
group_view=None
rec.evaluate.neg=0
test_batch_size=128
num_thread=8
data.index.remap=False

WRMF's hyperparameters:
epochs=50
embedding_size=16
reg_mf=0.1
alpha=10
init_method=uniform
stddev=0.01
verbose=1
weight=uniform

2021-12-14 20:38:26.820: metrics:	Precision@10	Precision@20	Recall@10   	Recall@20   	NDCG@10     	NDCG@20     	MAP@10      	MAP@20      	MRR@10      	MRR@20      
2021-12-14 20:38:32.760: iteration 1 finished in 5.940110 seconds
2021-12-14 20:38:32.855: epoch 1:	0.01460590  	0.01453114  	0.01413326  	0.02892081  	0.01778491  	0.02221004  	0.00740467  	0.00730266  	0.03679271  	0.04105447  
2021-12-14 20:38:37.700: iteration 2 finished in 4.845043 seconds
2021-12-14 20:38:37.774: epoch 2:	0.03795274  	0.03546897  	0.05773345  	0.10275187  	0.05388752  	0.06754993  	0.02672328  	0.02797030  	0.08945456  	0.09726506  
2021-12-14 20:38:42.512: iteration 3 finished in 4.738328 seconds
2021-12-14 20:38:42.586: epoch 3:	0.04299567  	0.04021318  	0.06593917  	0.12062208  	0.06387439  	0.08019487  	0.03339759  	0.03515396  	0.10609146  	0.11451316  
2021-12-14 20:38:47.307: iteration 4 finished in 4.721373 seconds
2021-12-14 20:38:47.377: epoch 4:	0.04482606  	0.04122178  	0.06784689  	0.12291412  	0.06555343  	0.08164043  	0.03402828  	0.03559816  	0.10781366  	0.11604483  
2021-12-14 20:38:52.125: iteration 5 finished in 4.747303 seconds
2021-12-14 20:38:52.198: epoch 5:	0.04590936  	0.04152065  	0.07180754  	0.12487856  	0.06758459  	0.08298491  	0.03511870  	0.03646214  	0.10853747  	0.11721861  
2021-12-14 20:38:57.019: iteration 6 finished in 4.821106 seconds
2021-12-14 20:38:57.095: epoch 6:	0.04568523  	0.04155800  	0.07142063  	0.12517366  	0.06806556  	0.08372966  	0.03548391  	0.03708714  	0.11146366  	0.11994514  
2021-12-14 20:39:01.822: iteration 7 finished in 4.727357 seconds
2021-12-14 20:39:01.894: epoch 7:	0.04598406  	0.04200625  	0.07190482  	0.12831099  	0.06826869  	0.08463480  	0.03563388  	0.03742094  	0.11012229  	0.11848131  
2021-12-14 20:39:06.622: iteration 8 finished in 4.728355 seconds
2021-12-14 20:39:06.690: epoch 8:	0.04665645  	0.04237979  	0.07308652  	0.12793763  	0.06899877  	0.08491091  	0.03586369  	0.03753838  	0.11101487  	0.11891324  
2021-12-14 20:39:11.397: iteration 9 finished in 4.706803 seconds
2021-12-14 20:39:11.475: epoch 9:	0.04635761  	0.04232375  	0.07259352  	0.12785141  	0.06824191  	0.08438216  	0.03520676  	0.03695614  	0.10978525  	0.11795121  
2021-12-14 20:39:16.178: iteration 10 finished in 4.703245 seconds
2021-12-14 20:39:16.241: epoch 10:	0.04650704  	0.04226772  	0.07438863  	0.12713014  	0.06859029  	0.08411332  	0.03521498  	0.03686772  	0.10925996  	0.11714498  
2021-12-14 20:39:20.944: iteration 11 finished in 4.703279 seconds
2021-12-14 20:39:21.022: epoch 11:	0.04665645  	0.04252923  	0.07496160  	0.12773952  	0.06873775  	0.08438581  	0.03506572  	0.03688911  	0.10991334  	0.11761346  
2021-12-14 20:39:25.720: iteration 12 finished in 4.697196 seconds
2021-12-14 20:39:25.789: epoch 12:	0.04691795  	0.04256658  	0.07550651  	0.12777877  	0.06901754  	0.08448691  	0.03525515  	0.03708375  	0.10963966  	0.11723049  
2021-12-14 20:39:30.487: iteration 13 finished in 4.697438 seconds
2021-12-14 20:39:30.558: epoch 13:	0.04650703  	0.04260393  	0.07370995  	0.12840539  	0.06868543  	0.08498850  	0.03538813  	0.03747077  	0.10993585  	0.11790005  
2021-12-14 20:39:35.272: iteration 14 finished in 4.713394 seconds
2021-12-14 20:39:35.339: epoch 14:	0.04691793  	0.04239847  	0.07443191  	0.12812105  	0.06879595  	0.08456492  	0.03520255  	0.03713768  	0.10958941  	0.11724766  
2021-12-14 20:39:40.250: iteration 15 finished in 4.910866 seconds
2021-12-14 20:39:40.326: epoch 15:	0.04688057  	0.04251055  	0.07396159  	0.12832552  	0.06877075  	0.08477397  	0.03527511  	0.03728292  	0.10960600  	0.11738946  
2021-12-14 20:39:45.049: iteration 16 finished in 4.722370 seconds
2021-12-14 20:39:45.120: epoch 16:	0.04661909  	0.04260395  	0.07346373  	0.12926142  	0.06836887  	0.08490904  	0.03507554  	0.03717576  	0.10917475  	0.11728588  
2021-12-14 20:39:49.862: iteration 17 finished in 4.742317 seconds
2021-12-14 20:39:49.930: epoch 17:	0.04665644  	0.04265998  	0.07405797  	0.12858500  	0.06875713  	0.08502989  	0.03532956  	0.03733907  	0.11026549  	0.11839988  
2021-12-14 20:39:54.667: iteration 18 finished in 4.737331 seconds
2021-12-14 20:39:54.737: epoch 18:	0.04676850  	0.04269733  	0.07477087  	0.12912358  	0.06914333  	0.08528814  	0.03551696  	0.03743383  	0.11077377  	0.11879466  
2021-12-14 20:39:59.450: iteration 19 finished in 4.713395 seconds
2021-12-14 20:39:59.519: epoch 19:	0.04639495  	0.04252923  	0.07413585  	0.12760158  	0.06922884  	0.08528837  	0.03584427  	0.03778666  	0.11176089  	0.11995766  
2021-12-14 20:40:04.247: iteration 20 finished in 4.728356 seconds
2021-12-14 20:40:04.318: epoch 20:	0.04688057  	0.04271600  	0.07552452  	0.12892613  	0.06973398  	0.08564357  	0.03590329  	0.03782893  	0.11208805  	0.12005857  
2021-12-14 20:40:09.028: iteration 21 finished in 4.709405 seconds
2021-12-14 20:40:09.097: epoch 21:	0.04717941  	0.04290277  	0.07582819  	0.12857348  	0.06967101  	0.08541238  	0.03569261  	0.03757166  	0.11162851  	0.11941610  
2021-12-14 20:40:13.779: iteration 22 finished in 4.681079 seconds
2021-12-14 20:40:13.859: epoch 22:	0.04714205  	0.04297749  	0.07662830  	0.12827434  	0.07000230  	0.08553435  	0.03588115  	0.03770582  	0.11222073  	0.12001150  
2021-12-14 20:40:18.657: iteration 23 finished in 4.797972 seconds
2021-12-14 20:40:18.720: epoch 23:	0.04684322  	0.04297748  	0.07590099  	0.12794313  	0.06977908  	0.08553139  	0.03592073  	0.03778112  	0.11226830  	0.12022689  
2021-12-14 20:40:23.430: iteration 24 finished in 4.710136 seconds
2021-12-14 20:40:23.498: epoch 24:	0.04676851  	0.04299616  	0.07580274  	0.12788941  	0.06978549  	0.08557235  	0.03596798  	0.03779849  	0.11250132  	0.12052762  
2021-12-14 20:40:28.222: iteration 25 finished in 4.724367 seconds
2021-12-14 20:40:28.295: epoch 25:	0.04673116  	0.04312690  	0.07548407  	0.12820853  	0.06987200  	0.08588317  	0.03615710  	0.03802492  	0.11278194  	0.12094031  
2021-12-14 20:40:32.999: iteration 26 finished in 4.704419 seconds
2021-12-14 20:40:33.066: epoch 26:	0.04676850  	0.04316426  	0.07522384  	0.12841761  	0.06978920  	0.08595738  	0.03606693  	0.03800978  	0.11292560  	0.12105043  
2021-12-14 20:40:37.793: iteration 27 finished in 4.727358 seconds
2021-12-14 20:40:37.862: epoch 27:	0.04665643  	0.04318294  	0.07509357  	0.12860450  	0.06966631  	0.08601401  	0.03595405  	0.03803359  	0.11295170  	0.12103394  
2021-12-14 20:40:42.565: iteration 28 finished in 4.702424 seconds
2021-12-14 20:40:42.633: epoch 28:	0.04658172  	0.04316426  	0.07529726  	0.12883954  	0.06963430  	0.08600561  	0.03586469  	0.03795839  	0.11325901  	0.12136107  
2021-12-14 20:40:47.352: iteration 29 finished in 4.719379 seconds
2021-12-14 20:40:47.422: epoch 29:	0.04639494  	0.04312691  	0.07607798  	0.12919766  	0.06957000  	0.08590714  	0.03567687  	0.03779235  	0.11318827  	0.12121483  
2021-12-14 20:40:52.134: iteration 30 finished in 4.711962 seconds
2021-12-14 20:40:52.203: epoch 30:	0.04620817  	0.04307088  	0.07559299  	0.12927295  	0.06929933  	0.08588370  	0.03557650  	0.03778617  	0.11291655  	0.12095606  
2021-12-14 20:40:56.910: iteration 31 finished in 4.707114 seconds
2021-12-14 20:40:56.988: epoch 31:	0.04598404  	0.04303351  	0.07497012  	0.12961881  	0.06908603  	0.08596028  	0.03552350  	0.03782193  	0.11293910  	0.12100531  
2021-12-14 20:41:01.680: iteration 32 finished in 4.692314 seconds
2021-12-14 20:41:01.758: epoch 32:	0.04598404  	0.04307087  	0.07478370  	0.12938999  	0.06905254  	0.08592548  	0.03549093  	0.03778980  	0.11312602  	0.12121093  
2021-12-14 20:41:06.468: iteration 33 finished in 4.709755 seconds
2021-12-14 20:41:06.530: epoch 33:	0.04617082  	0.04312690  	0.07535931  	0.12948692  	0.06941902  	0.08610450  	0.03574253  	0.03795045  	0.11363643  	0.12162729  
2021-12-14 20:41:11.240: iteration 34 finished in 4.709282 seconds
2021-12-14 20:41:11.318: epoch 34:	0.04628289  	0.04318292  	0.07540271  	0.12937239  	0.06947427  	0.08606944  	0.03576459  	0.03793560  	0.11360425  	0.12159849  
2021-12-14 20:41:16.031: iteration 35 finished in 4.713348 seconds
2021-12-14 20:41:16.094: epoch 35:	0.04646966  	0.04316425  	0.07580895  	0.12956418  	0.06975842  	0.08616743  	0.03591410  	0.03799732  	0.11387271  	0.12175297  
2021-12-14 20:41:20.814: iteration 36 finished in 4.720129 seconds
2021-12-14 20:41:20.879: epoch 36:	0.04632024  	0.04318294  	0.07537882  	0.12980545  	0.06958232  	0.08622409  	0.03587357  	0.03803219  	0.11372002  	0.12168148  
2021-12-14 20:41:25.602: iteration 37 finished in 4.723209 seconds
2021-12-14 20:41:25.672: epoch 37:	0.04639495  	0.04320162  	0.07535254  	0.12985474  	0.06957607  	0.08619428  	0.03586913  	0.03801813  	0.11336411  	0.12131929  
2021-12-14 20:41:30.378: iteration 38 finished in 4.706414 seconds
2021-12-14 20:41:30.446: epoch 38:	0.04643231  	0.04318294  	0.07556496  	0.13042204  	0.06962804  	0.08630204  	0.03588808  	0.03801945  	0.11349930  	0.12148101  
2021-12-14 20:41:35.168: iteration 39 finished in 4.722370 seconds
2021-12-14 20:41:35.238: epoch 39:	0.04665644  	0.04325766  	0.07606884  	0.13101339  	0.06983548  	0.08644331  	0.03598421  	0.03803783  	0.11349694  	0.12149979  
2021-12-14 20:41:39.951: iteration 40 finished in 4.711401 seconds
2021-12-14 20:41:40.019: epoch 40:	0.04658173  	0.04316427  	0.07554740  	0.13073972  	0.06978076  	0.08644941  	0.03601081  	0.03812916  	0.11387745  	0.12190457  
2021-12-14 20:41:44.732: iteration 41 finished in 4.713395 seconds
2021-12-14 20:41:44.802: epoch 41:	0.04673115  	0.04308956  	0.07550418  	0.13020837  	0.06994127  	0.08637781  	0.03618579  	0.03821611  	0.11389257  	0.12190017  
2021-12-14 20:41:49.508: iteration 42 finished in 4.706413 seconds
2021-12-14 20:41:49.577: epoch 42:	0.04673115  	0.04308956  	0.07511657  	0.13040845  	0.07001511  	0.08656670  	0.03631557  	0.03838337  	0.11451606  	0.12252205  
2021-12-14 20:41:54.298: iteration 43 finished in 4.721373 seconds
2021-12-14 20:41:54.368: epoch 43:	0.04673116  	0.04299617  	0.07497127  	0.13013296  	0.06991127  	0.08639491  	0.03625999  	0.03831204  	0.11420164  	0.12224856  
2021-12-14 20:41:59.089: iteration 44 finished in 4.720376 seconds
2021-12-14 20:41:59.158: epoch 44:	0.04661909  	0.04288410  	0.07411420  	0.13005464  	0.06949301  	0.08615281  	0.03597917  	0.03810074  	0.11382925  	0.12200464  
2021-12-14 20:42:03.870: iteration 45 finished in 4.711399 seconds
2021-12-14 20:42:03.939: epoch 45:	0.04643232  	0.04288411  	0.07409541  	0.13005127  	0.06949897  	0.08622303  	0.03603316  	0.03818342  	0.11391730  	0.12219840  
2021-12-14 20:42:08.656: iteration 46 finished in 4.717384 seconds
2021-12-14 20:42:08.724: epoch 46:	0.04643232  	0.04277204  	0.07404478  	0.12970032  	0.06944861  	0.08603969  	0.03600169  	0.03810583  	0.11373007  	0.12198343  
2021-12-14 20:42:13.449: iteration 47 finished in 4.724817 seconds
2021-12-14 20:42:13.525: epoch 47:	0.04646968  	0.04280939  	0.07395680  	0.12966357  	0.06932336  	0.08593729  	0.03590754  	0.03802408  	0.11322606  	0.12138351  
2021-12-14 20:42:18.226: iteration 48 finished in 4.700907 seconds
2021-12-14 20:42:18.288: epoch 48:	0.04635761  	0.04284675  	0.07404196  	0.13017265  	0.06927044  	0.08604381  	0.03588059  	0.03803715  	0.11312363  	0.12134288  
2021-12-14 20:42:23.011: iteration 49 finished in 4.722793 seconds
2021-12-14 20:42:23.084: epoch 49:	0.04646968  	0.04288411  	0.07427047  	0.13051723  	0.06957724  	0.08630753  	0.03614119  	0.03826843  	0.11356774  	0.12173363  
2021-12-14 20:42:27.815: iteration 50 finished in 4.730349 seconds
2021-12-14 20:42:27.885: epoch 50:	0.04628290  	0.04284676  	0.07410732  	0.13052274  	0.06945796  	0.08631196  	0.03610106  	0.03830485  	0.11352875  	0.12165709  
