2021-12-14 19:26:44.923: Dataset name: u4
The number of users: 5913
The number of items: 5913
The number of ratings: 20348
Average actions of users: 3.44
Average actions of items: 3.44
The sparsity of the dataset: 99.941802%
2021-12-14 19:26:44.923: 

NeuRec hyperparameters:
recommender=WRMF
config_dir=./conf
gpu_id=0
gpu_mem=0.5
data.input.path=D:\hsyoo\Workingon_210628/_Data/p2p-Gnutella08/noniid-out-barrier/u4/
data.input.dataset=u4
data.output.path=D:\hsyoo\Workingon_210628/_Emb/p2p-Gnutella08/noniid-out-barrier/wrmf/u4_wrmf_directed_dim16_uniform_send.emb
data.column.format=UI
data.convert.separator='\t'
user_min=0
item_min=0
splitter=given
ratio=0.8
by_time=False
metric=["Precision", "Recall", "NDCG", "MAP", "MRR"]
topk=[10, 20]
group_view=None
rec.evaluate.neg=0
test_batch_size=128
num_thread=8
data.index.remap=False

WRMF's hyperparameters:
epochs=50
embedding_size=16
reg_mf=0.1
alpha=10
init_method=uniform
stddev=0.01
verbose=1
weight=uniform

2021-12-14 19:28:14.011: metrics:	Precision@10	Precision@20	Recall@10   	Recall@20   	NDCG@10     	NDCG@20     	MAP@10      	MAP@20      	MRR@10      	MRR@20      
2021-12-14 19:28:19.199: iteration 1 finished in 5.187717 seconds
2021-12-14 19:28:19.261: epoch 1:	0.01182620  	0.00899341  	0.05615145  	0.08428675  	0.03275688  	0.04157867  	0.01909202  	0.02176278  	0.03401827  	0.03653794  
2021-12-14 19:28:23.345: iteration 2 finished in 4.083715 seconds
2021-12-14 19:28:23.385: epoch 2:	0.01523655  	0.01278877  	0.07231390  	0.11959110  	0.04335270  	0.05797837  	0.02625409  	0.03078612  	0.04544438  	0.04909332  
2021-12-14 19:28:27.480: iteration 3 finished in 4.095048 seconds
2021-12-14 19:28:27.519: epoch 3:	0.01600663  	0.01421890  	0.07651265  	0.13296662  	0.04516000  	0.06274483  	0.02681161  	0.03240951  	0.04823679  	0.05244267  
2021-12-14 19:28:31.577: iteration 4 finished in 4.057149 seconds
2021-12-14 19:28:31.615: epoch 4:	0.01611664  	0.01410889  	0.07718188  	0.13264576  	0.04629260  	0.06365684  	0.02816993  	0.03377650  	0.04938117  	0.05364303  
2021-12-14 19:28:35.674: iteration 5 finished in 4.059144 seconds
2021-12-14 19:28:35.711: epoch 5:	0.01573160  	0.01419140  	0.07490832  	0.13261825  	0.04536520  	0.06348529  	0.02758394  	0.03357156  	0.04870889  	0.05296165  
2021-12-14 19:28:39.763: iteration 6 finished in 4.052163 seconds
2021-12-14 19:28:39.801: epoch 6:	0.01584161  	0.01432891  	0.07554089  	0.13438758  	0.04616662  	0.06455875  	0.02836582  	0.03433193  	0.04997772  	0.05445173  
2021-12-14 19:28:43.858: iteration 7 finished in 4.057149 seconds
2021-12-14 19:28:43.898: epoch 7:	0.01595162  	0.01430141  	0.07531171  	0.13388337  	0.04620094  	0.06446610  	0.02837807  	0.03428909  	0.05017220  	0.05462351  
2021-12-14 19:28:47.964: iteration 8 finished in 4.065129 seconds
2021-12-14 19:28:48.001: epoch 8:	0.01584161  	0.01446643  	0.07499084  	0.13426842  	0.04607714  	0.06467299  	0.02834243  	0.03438289  	0.05002858  	0.05452470  
2021-12-14 19:28:52.069: iteration 9 finished in 4.067123 seconds
2021-12-14 19:28:52.107: epoch 9:	0.01589662  	0.01452143  	0.07503667  	0.13495599  	0.04603514  	0.06477360  	0.02826079  	0.03430603  	0.04981228  	0.05440960  
2021-12-14 19:28:56.169: iteration 10 finished in 4.062136 seconds
2021-12-14 19:28:56.209: epoch 10:	0.01600663  	0.01454893  	0.07560506  	0.13449758  	0.04558209  	0.06405759  	0.02760720  	0.03354551  	0.04851200  	0.05309097  
2021-12-14 19:29:00.301: iteration 11 finished in 4.092057 seconds
2021-12-14 19:29:00.339: epoch 11:	0.01584161  	0.01449393  	0.07468831  	0.13426840  	0.04518402  	0.06389644  	0.02736594  	0.03342762  	0.04829634  	0.05295975  
2021-12-14 19:29:04.422: iteration 12 finished in 4.083081 seconds
2021-12-14 19:29:04.459: epoch 12:	0.01606164  	0.01465894  	0.07577009  	0.13628528  	0.04527392  	0.06414961  	0.02717009  	0.03328853  	0.04776724  	0.05233694  
2021-12-14 19:29:08.528: iteration 13 finished in 4.069117 seconds
2021-12-14 19:29:08.567: epoch 13:	0.01617165  	0.01460394  	0.07622846  	0.13555187  	0.04491503  	0.06345411  	0.02661019  	0.03260067  	0.04680245  	0.05136047  
2021-12-14 19:29:12.619: iteration 14 finished in 4.050297 seconds
2021-12-14 19:29:12.665: epoch 14:	0.01611664  	0.01468644  	0.07581592  	0.13614777  	0.04480034  	0.06364455  	0.02654585  	0.03262162  	0.04685050  	0.05153897  
2021-12-14 19:29:16.801: iteration 15 finished in 4.135273 seconds
2021-12-14 19:29:16.832: epoch 15:	0.01617165  	0.01457643  	0.07618262  	0.13509350  	0.04503137  	0.06345393  	0.02671316  	0.03266906  	0.04710108  	0.05159378  
2021-12-14 19:29:20.896: iteration 16 finished in 4.063793 seconds
2021-12-14 19:29:20.927: epoch 16:	0.01633667  	0.01449393  	0.07677852  	0.13397506  	0.04545803  	0.06334925  	0.02693208  	0.03273186  	0.04770329  	0.05195876  
2021-12-14 19:29:25.019: iteration 17 finished in 4.091700 seconds
2021-12-14 19:29:25.057: epoch 17:	0.01644668  	0.01452143  	0.07719107  	0.13379170  	0.04553875  	0.06327893  	0.02689574  	0.03266575  	0.04766488  	0.05183490  
2021-12-14 19:29:29.128: iteration 18 finished in 4.071112 seconds
2021-12-14 19:29:29.166: epoch 18:	0.01628166  	0.01449393  	0.07638431  	0.13377337  	0.04521607  	0.06321996  	0.02679502  	0.03266452  	0.04743897  	0.05169847  
2021-12-14 19:29:33.254: iteration 19 finished in 4.088067 seconds
2021-12-14 19:29:33.291: epoch 19:	0.01628166  	0.01460394  	0.07638431  	0.13478181  	0.04502115  	0.06330946  	0.02661827  	0.03253164  	0.04700568  	0.05135900  
2021-12-14 19:29:37.358: iteration 20 finished in 4.066126 seconds
2021-12-14 19:29:37.396: epoch 20:	0.01644668  	0.01460394  	0.07720940  	0.13482764  	0.04528133  	0.06328205  	0.02669583  	0.03248613  	0.04702794  	0.05129632  
2021-12-14 19:29:41.467: iteration 21 finished in 4.071113 seconds
2021-12-14 19:29:41.505: epoch 21:	0.01644668  	0.01454893  	0.07684270  	0.13455261  	0.04541604  	0.06341700  	0.02694354  	0.03274688  	0.04734772  	0.05165760  
2021-12-14 19:29:45.578: iteration 22 finished in 4.073107 seconds
2021-12-14 19:29:45.615: epoch 22:	0.01644668  	0.01449392  	0.07675103  	0.13423175  	0.04538640  	0.06329305  	0.02690803  	0.03272209  	0.04734226  	0.05154931  
2021-12-14 19:29:49.683: iteration 23 finished in 4.067123 seconds
2021-12-14 19:29:49.721: epoch 23:	0.01655669  	0.01452143  	0.07711772  	0.13395670  	0.04529080  	0.06301433  	0.02664448  	0.03242923  	0.04702379  	0.05109750  
2021-12-14 19:29:53.796: iteration 24 finished in 4.075102 seconds
2021-12-14 19:29:53.835: epoch 24:	0.01655669  	0.01449393  	0.07725523  	0.13368168  	0.04538634  	0.06300604  	0.02671025  	0.03247302  	0.04726586  	0.05132588  
2021-12-14 19:29:57.919: iteration 25 finished in 4.083080 seconds
2021-12-14 19:29:57.958: epoch 25:	0.01644668  	0.01452143  	0.07687020  	0.13368168  	0.04529510  	0.06308903  	0.02672630  	0.03254835  	0.04726020  	0.05141979  
2021-12-14 19:30:02.056: iteration 26 finished in 4.098040 seconds
2021-12-14 19:30:02.092: epoch 26:	0.01639167  	0.01454893  	0.07632015  	0.13395670  	0.04513733  	0.06316634  	0.02667741  	0.03255582  	0.04720911  	0.05148654  
2021-12-14 19:30:06.160: iteration 27 finished in 4.067123 seconds
2021-12-14 19:30:06.197: epoch 27:	0.01639167  	0.01452143  	0.07632015  	0.13340665  	0.04505017  	0.06294355  	0.02657013  	0.03239838  	0.04698887  	0.05126118  
2021-12-14 19:30:10.277: iteration 28 finished in 4.079221 seconds
2021-12-14 19:30:10.324: epoch 28:	0.01639167  	0.01441142  	0.07632015  	0.13207735  	0.04522796  	0.06277282  	0.02681120  	0.03254897  	0.04726369  	0.05148145  
2021-12-14 19:30:14.371: iteration 29 finished in 4.047773 seconds
2021-12-14 19:30:14.418: epoch 29:	0.01644668  	0.01441141  	0.07645766  	0.13226071  	0.04531545  	0.06283477  	0.02685032  	0.03256677  	0.04736213  	0.05155070  
2021-12-14 19:30:18.489: iteration 30 finished in 4.070718 seconds
2021-12-14 19:30:18.520: epoch 30:	0.01650168  	0.01438391  	0.07677853  	0.13171065  	0.04527157  	0.06255644  	0.02673949  	0.03237484  	0.04705939  	0.05117336  
2021-12-14 19:30:22.606: iteration 31 finished in 4.086233 seconds
2021-12-14 19:30:22.646: epoch 31:	0.01655669  	0.01443892  	0.07723690  	0.13216904  	0.04543116  	0.06272855  	0.02685154  	0.03242497  	0.04713032  	0.05133880  
2021-12-14 19:30:26.747: iteration 32 finished in 4.101033 seconds
2021-12-14 19:30:26.787: epoch 32:	0.01650168  	0.01443892  	0.07696188  	0.13216904  	0.04541985  	0.06280118  	0.02691002  	0.03251154  	0.04723422  	0.05145581  
2021-12-14 19:30:30.904: iteration 33 finished in 4.116990 seconds
2021-12-14 19:30:30.943: epoch 33:	0.01644667  	0.01443892  	0.07677852  	0.13216904  	0.04517101  	0.06263091  	0.02670796  	0.03233443  	0.04680859  	0.05107990  
2021-12-14 19:30:35.065: iteration 34 finished in 4.121976 seconds
2021-12-14 19:30:35.104: epoch 34:	0.01650168  	0.01446642  	0.07696188  	0.13244407  	0.04525964  	0.06273924  	0.02674790  	0.03238108  	0.04689633  	0.05116394  
2021-12-14 19:30:39.212: iteration 35 finished in 4.108014 seconds
2021-12-14 19:30:39.249: epoch 35:	0.01655669  	0.01452142  	0.07709940  	0.13285661  	0.04535183  	0.06290138  	0.02680342  	0.03243320  	0.04697536  	0.05130538  
2021-12-14 19:30:43.345: iteration 36 finished in 4.096045 seconds
2021-12-14 19:30:43.382: epoch 36:	0.01650168  	0.01454893  	0.07677852  	0.13313164  	0.04517142  	0.06292441  	0.02667895  	0.03238415  	0.04685007  	0.05124534  
2021-12-14 19:30:47.477: iteration 37 finished in 4.095048 seconds
2021-12-14 19:30:47.516: epoch 37:	0.01661169  	0.01452142  	0.07751193  	0.13299412  	0.04538073  	0.06286218  	0.02675848  	0.03237421  	0.04679419  	0.05111311  
2021-12-14 19:30:51.600: iteration 38 finished in 4.084166 seconds
2021-12-14 19:30:51.647: epoch 38:	0.01661169  	0.01452142  	0.07751193  	0.13299412  	0.04535541  	0.06282927  	0.02673123  	0.03233971  	0.04685073  	0.05116289  
2021-12-14 19:30:55.741: iteration 39 finished in 4.093741 seconds
2021-12-14 19:30:55.772: epoch 39:	0.01650168  	0.01446642  	0.07714523  	0.13267325  	0.04519821  	0.06272732  	0.02665227  	0.03232627  	0.04678591  	0.05111555  
2021-12-14 19:30:59.906: iteration 40 finished in 4.134209 seconds
2021-12-14 19:30:59.937: epoch 40:	0.01661169  	0.01446642  	0.07716356  	0.13267325  	0.04515120  	0.06261154  	0.02654508  	0.03221509  	0.04658051  	0.05079772  
2021-12-14 19:31:04.016: iteration 41 finished in 4.078980 seconds
2021-12-14 19:31:04.047: epoch 41:	0.01666670  	0.01449392  	0.07743860  	0.13294828  	0.04527371  	0.06272744  	0.02659592  	0.03226216  	0.04670733  	0.05091666  
2021-12-14 19:31:08.110: iteration 42 finished in 4.062610 seconds
2021-12-14 19:31:08.157: epoch 42:	0.01672170  	0.01457643  	0.07762194  	0.13391088  	0.04541504  	0.06305110  	0.02669615  	0.03238051  	0.04684179  	0.05112953  
2021-12-14 19:31:12.330: iteration 43 finished in 4.172720 seconds
2021-12-14 19:31:12.370: epoch 43:	0.01672170  	0.01454893  	0.07762194  	0.13377336  	0.04534609  	0.06292027  	0.02663241  	0.03229255  	0.04660561  	0.05088324  
2021-12-14 19:31:16.464: iteration 44 finished in 4.093353 seconds
2021-12-14 19:31:16.504: epoch 44:	0.01683171  	0.01463144  	0.07803449  	0.13480930  	0.04524104  	0.06293277  	0.02643923  	0.03209966  	0.04599291  	0.05030398  
2021-12-14 19:31:20.629: iteration 45 finished in 4.124908 seconds
2021-12-14 19:31:20.670: epoch 45:	0.01683171  	0.01454893  	0.07803449  	0.13430509  	0.04523161  	0.06275734  	0.02642759  	0.03205026  	0.04598069  	0.05023382  
2021-12-14 19:31:24.788: iteration 46 finished in 4.118683 seconds
2021-12-14 19:31:24.826: epoch 46:	0.01683171  	0.01452143  	0.07803449  	0.13416757  	0.04532883  	0.06281123  	0.02652571  	0.03216088  	0.04629085  	0.05049521  
2021-12-14 19:31:28.939: iteration 47 finished in 4.111458 seconds
2021-12-14 19:31:28.977: epoch 47:	0.01688672  	0.01457643  	0.07821783  	0.13471763  	0.04534717  	0.06291472  	0.02651297  	0.03215959  	0.04605860  	0.05029132  
2021-12-14 19:31:33.110: iteration 48 finished in 4.132183 seconds
2021-12-14 19:31:33.150: epoch 48:	0.01677671  	0.01449392  	0.07766777  	0.13370919  	0.04495258  	0.06246667  	0.02626130  	0.03190859  	0.04546468  	0.04976578  
2021-12-14 19:31:37.271: iteration 49 finished in 4.120331 seconds
2021-12-14 19:31:37.310: epoch 49:	0.01677671  	0.01454893  	0.07734691  	0.13412173  	0.04501489  	0.06272831  	0.02636258  	0.03208886  	0.04581916  	0.05010393  
2021-12-14 19:31:41.419: iteration 50 finished in 4.109155 seconds
2021-12-14 19:31:41.458: epoch 50:	0.01683171  	0.01452143  	0.07748442  	0.13384670  	0.04506797  	0.06263837  	0.02638968  	0.03206953  	0.04578052  	0.05003006  
