2021-12-14 18:54:42.167: Dataset name: u4
The number of users: 6298
The number of items: 6298
The number of ratings: 20775
Average actions of users: 3.30
Average actions of items: 3.30
The sparsity of the dataset: 99.947624%
2021-12-14 18:54:42.167: 

NeuRec hyperparameters:
recommender=WRMF
config_dir=./conf
gpu_id=0
gpu_mem=0.5
data.input.path=D:\hsyoo\Workingon_210628/_Data/p2p-Gnutella08/noniid-in-barrier/u4/
data.input.dataset=u4
data.output.path=D:\hsyoo\Workingon_210628/_Emb/p2p-Gnutella08/noniid-in-barrier/wrmf/u4_wrmf_directed_dim16_uniform_send.emb
data.column.format=UI
data.convert.separator='\t'
user_min=0
item_min=0
splitter=given
ratio=0.8
by_time=False
metric=["Precision", "Recall", "NDCG", "MAP", "MRR"]
topk=[10, 20]
group_view=None
rec.evaluate.neg=0
test_batch_size=128
num_thread=8
data.index.remap=False

WRMF's hyperparameters:
epochs=50
embedding_size=16
reg_mf=0.1
alpha=10
init_method=uniform
stddev=0.01
verbose=1
weight=uniform

2021-12-14 18:56:25.126: metrics:	Precision@10	Precision@20	Recall@10   	Recall@20   	NDCG@10     	NDCG@20     	MAP@10      	MAP@20      	MRR@10      	MRR@20      
2021-12-14 18:56:30.696: iteration 1 finished in 5.570104 seconds
2021-12-14 18:56:30.747: epoch 1:	0.00116144  	0.00119048  	0.00856562  	0.01655052  	0.00417920  	0.00638836  	0.00263467  	0.00317004  	0.00306192  	0.00386012  
2021-12-14 18:56:35.170: iteration 2 finished in 4.422174 seconds
2021-12-14 18:56:35.207: epoch 2:	0.00174216  	0.00148084  	0.01327913  	0.02170510  	0.00593329  	0.00826877  	0.00323460  	0.00384909  	0.00448261  	0.00531430  
2021-12-14 18:56:39.638: iteration 3 finished in 4.431149 seconds
2021-12-14 18:56:39.677: epoch 3:	0.00180023  	0.00182927  	0.01352110  	0.02598308  	0.00653577  	0.00995255  	0.00373442  	0.00459451  	0.00548596  	0.00668394  
2021-12-14 18:56:44.092: iteration 4 finished in 4.415192 seconds
2021-12-14 18:56:44.129: epoch 4:	0.00214866  	0.00203252  	0.01555362  	0.03028455  	0.00756390  	0.01140536  	0.00440460  	0.00538816  	0.00635174  	0.00747650  
2021-12-14 18:56:48.547: iteration 5 finished in 4.418183 seconds
2021-12-14 18:56:48.585: epoch 5:	0.00220674  	0.00214866  	0.01596012  	0.03212350  	0.00802500  	0.01227541  	0.00488552  	0.00598805  	0.00695389  	0.00820769  
2021-12-14 18:56:53.002: iteration 6 finished in 4.417187 seconds
2021-12-14 18:56:53.039: epoch 6:	0.00232288  	0.00223577  	0.01729578  	0.03289779  	0.00840523  	0.01256109  	0.00501609  	0.00607016  	0.00704331  	0.00834034  
2021-12-14 18:56:57.439: iteration 7 finished in 4.400232 seconds
2021-12-14 18:56:57.476: epoch 7:	0.00243902  	0.00220674  	0.01848626  	0.03230325  	0.00881275  	0.01252553  	0.00520747  	0.00614297  	0.00718296  	0.00837187  
2021-12-14 18:57:01.899: iteration 8 finished in 4.423171 seconds
2021-12-14 18:57:01.936: epoch 8:	0.00243902  	0.00235191  	0.01798850  	0.03356147  	0.00897810  	0.01317565  	0.00544563  	0.00650342  	0.00777935  	0.00911564  
2021-12-14 18:57:06.335: iteration 9 finished in 4.397241 seconds
2021-12-14 18:57:06.371: epoch 9:	0.00243902  	0.00226481  	0.01798850  	0.03318401  	0.00905356  	0.01311560  	0.00554219  	0.00658594  	0.00789180  	0.00914786  
2021-12-14 18:57:10.765: iteration 10 finished in 4.392828 seconds
2021-12-14 18:57:10.812: epoch 10:	0.00243902  	0.00229384  	0.01789171  	0.03376472  	0.00908460  	0.01331707  	0.00558732  	0.00667597  	0.00802546  	0.00934372  
2021-12-14 18:57:15.186: iteration 11 finished in 4.373971 seconds
2021-12-14 18:57:15.233: epoch 11:	0.00232288  	0.00226481  	0.01722803  	0.03347436  	0.00880117  	0.01312768  	0.00543814  	0.00655115  	0.00789894  	0.00926025  
2021-12-14 18:57:19.609: iteration 12 finished in 4.376296 seconds
2021-12-14 18:57:19.656: epoch 12:	0.00232288  	0.00223577  	0.01684088  	0.03279686  	0.00873878  	0.01299580  	0.00542570  	0.00653700  	0.00794135  	0.00927283  
2021-12-14 18:57:24.075: iteration 13 finished in 4.418523 seconds
2021-12-14 18:57:24.112: epoch 13:	0.00232288  	0.00220674  	0.01634312  	0.03250650  	0.00859502  	0.01287053  	0.00535468  	0.00648342  	0.00791554  	0.00920035  
2021-12-14 18:57:28.504: iteration 14 finished in 4.392254 seconds
2021-12-14 18:57:28.541: epoch 14:	0.00226481  	0.00220674  	0.01576240  	0.03279686  	0.00851747  	0.01299838  	0.00536840  	0.00655934  	0.00821143  	0.00954084  
2021-12-14 18:57:32.950: iteration 15 finished in 4.409209 seconds
2021-12-14 18:57:32.988: epoch 15:	0.00220674  	0.00223577  	0.01518168  	0.03294204  	0.00834223  	0.01301243  	0.00529965  	0.00653351  	0.00817018  	0.00955124  
2021-12-14 18:57:37.392: iteration 16 finished in 4.404223 seconds
2021-12-14 18:57:37.430: epoch 16:	0.00220674  	0.00214866  	0.01518168  	0.03149024  	0.00834856  	0.01263781  	0.00530702  	0.00643914  	0.00817755  	0.00944571  
2021-12-14 18:57:41.835: iteration 17 finished in 4.405218 seconds
2021-12-14 18:57:41.874: epoch 17:	0.00214866  	0.00214866  	0.01460096  	0.03187738  	0.00795146  	0.01244392  	0.00494323  	0.00612710  	0.00781529  	0.00910530  
2021-12-14 18:57:46.272: iteration 18 finished in 4.398237 seconds
2021-12-14 18:57:46.310: epoch 18:	0.00214866  	0.00214866  	0.01460096  	0.03158702  	0.00802677  	0.01246903  	0.00500998  	0.00617921  	0.00806763  	0.00935976  
2021-12-14 18:57:50.723: iteration 19 finished in 4.413198 seconds
2021-12-14 18:57:50.763: epoch 19:	0.00203252  	0.00214866  	0.01382667  	0.03158702  	0.00791240  	0.01258104  	0.00505238  	0.00628329  	0.00831213  	0.00969645  
2021-12-14 18:57:55.141: iteration 20 finished in 4.377293 seconds
2021-12-14 18:57:55.178: epoch 20:	0.00203252  	0.00214866  	0.01382667  	0.03158702  	0.00791525  	0.01257729  	0.00505386  	0.00627903  	0.00832250  	0.00970179  
2021-12-14 18:57:59.589: iteration 21 finished in 4.411202 seconds
2021-12-14 18:57:59.628: epoch 21:	0.00203252  	0.00214866  	0.01382667  	0.03158702  	0.00791074  	0.01256780  	0.00504833  	0.00626976  	0.00831697  	0.00969175  
2021-12-14 18:58:04.052: iteration 22 finished in 4.424168 seconds
2021-12-14 18:58:04.089: epoch 22:	0.00203252  	0.00211963  	0.01382667  	0.03100630  	0.00790789  	0.01243226  	0.00504685  	0.00623881  	0.00830660  	0.00964845  
2021-12-14 18:58:08.485: iteration 23 finished in 4.396242 seconds
2021-12-14 18:58:08.523: epoch 23:	0.00203252  	0.00214866  	0.01382667  	0.03112245  	0.00781727  	0.01237075  	0.00496942  	0.00615491  	0.00799689  	0.00935506  
2021-12-14 18:58:12.891: iteration 24 finished in 4.368220 seconds
2021-12-14 18:58:12.938: epoch 24:	0.00203252  	0.00214866  	0.01382667  	0.03112245  	0.00779947  	0.01234324  	0.00495006  	0.00612713  	0.00797753  	0.00932754  
2021-12-14 18:58:17.314: iteration 25 finished in 4.376313 seconds
2021-12-14 18:58:17.345: epoch 25:	0.00203252  	0.00211963  	0.01382667  	0.03107405  	0.00780233  	0.01232375  	0.00495154  	0.00612939  	0.00798790  	0.00931048  
2021-12-14 18:58:21.749: iteration 26 finished in 4.403868 seconds
2021-12-14 18:58:21.787: epoch 26:	0.00203252  	0.00209059  	0.01382667  	0.03078369  	0.00780172  	0.01223553  	0.00495029  	0.00610861  	0.00799527  	0.00928553  
2021-12-14 18:58:26.186: iteration 27 finished in 4.399236 seconds
2021-12-14 18:58:26.223: epoch 27:	0.00203252  	0.00209059  	0.01382667  	0.03078369  	0.00781263  	0.01225840  	0.00495997  	0.00612754  	0.00801463  	0.00932114  
2021-12-14 18:58:30.628: iteration 28 finished in 4.403225 seconds
2021-12-14 18:58:30.664: epoch 28:	0.00203252  	0.00209059  	0.01382667  	0.03088048  	0.00781263  	0.01227444  	0.00495997  	0.00613077  	0.00801463  	0.00931521  
2021-12-14 18:58:35.046: iteration 29 finished in 4.381283 seconds
2021-12-14 18:58:35.084: epoch 29:	0.00209059  	0.00211963  	0.01394281  	0.03146120  	0.00786956  	0.01240340  	0.00497159  	0.00615608  	0.00807270  	0.00934825  
2021-12-14 18:58:39.500: iteration 30 finished in 4.416188 seconds
2021-12-14 18:58:39.538: epoch 30:	0.00209059  	0.00211963  	0.01394281  	0.03146120  	0.00763480  	0.01216699  	0.00466800  	0.00585233  	0.00769201  	0.00896301  
2021-12-14 18:58:43.925: iteration 31 finished in 4.387267 seconds
2021-12-14 18:58:43.962: epoch 31:	0.00209059  	0.00211963  	0.01394281  	0.03117084  	0.00762946  	0.01211844  	0.00466627  	0.00584241  	0.00765398  	0.00893123  
2021-12-14 18:58:48.377: iteration 32 finished in 4.415192 seconds
2021-12-14 18:58:48.417: epoch 32:	0.00209059  	0.00214866  	0.01394281  	0.03085145  	0.00751317  	0.01196462  	0.00452109  	0.00567905  	0.00750880  	0.00881583  
2021-12-14 18:58:52.818: iteration 33 finished in 4.401228 seconds
2021-12-14 18:58:52.854: epoch 33:	0.00209059  	0.00211963  	0.01394281  	0.03027073  	0.00749988  	0.01181851  	0.00450726  	0.00563565  	0.00749498  	0.00877662  
2021-12-14 18:58:57.262: iteration 34 finished in 4.407213 seconds
2021-12-14 18:58:57.298: epoch 34:	0.00209059  	0.00209059  	0.01394281  	0.03002876  	0.00750575  	0.01176555  	0.00451245  	0.00563679  	0.00750466  	0.00877089  
2021-12-14 18:59:01.693: iteration 35 finished in 4.393252 seconds
2021-12-14 18:59:01.728: epoch 35:	0.00209059  	0.00209059  	0.01394281  	0.03002876  	0.00745257  	0.01171249  	0.00445680  	0.00557758  	0.00742723  	0.00870378  
2021-12-14 18:59:06.121: iteration 36 finished in 4.392255 seconds
2021-12-14 18:59:06.157: epoch 36:	0.00209059  	0.00209059  	0.01394281  	0.03002876  	0.00731822  	0.01158284  	0.00433673  	0.00546177  	0.00704054  	0.00831922  
2021-12-14 18:59:10.545: iteration 37 finished in 4.387323 seconds
2021-12-14 18:59:10.578: epoch 37:	0.00209059  	0.00211963  	0.01379763  	0.03012555  	0.00726754  	0.01161559  	0.00430839  	0.00545861  	0.00702671  	0.00833732  
2021-12-14 18:59:14.968: iteration 38 finished in 4.389593 seconds
2021-12-14 18:59:14.999: epoch 38:	0.00209059  	0.00206156  	0.01379763  	0.02954483  	0.00725311  	0.01143471  	0.00429543  	0.00541379  	0.00700597  	0.00825630  
2021-12-14 18:59:19.376: iteration 39 finished in 4.376291 seconds
2021-12-14 18:59:19.422: epoch 39:	0.00209059  	0.00203252  	0.01379763  	0.02944804  	0.00729201  	0.01143251  	0.00433022  	0.00544310  	0.00710437  	0.00832490  
2021-12-14 18:59:23.827: iteration 40 finished in 4.404603 seconds
2021-12-14 18:59:23.865: epoch 40:	0.00214866  	0.00203252  	0.01437835  	0.02944804  	0.00748656  	0.01145617  	0.00441808  	0.00547121  	0.00719724  	0.00835803  
2021-12-14 18:59:28.265: iteration 41 finished in 4.400233 seconds
2021-12-14 18:59:28.302: epoch 41:	0.00214866  	0.00203252  	0.01437835  	0.02891571  	0.00753318  	0.01140433  	0.00446647  	0.00549550  	0.00729403  	0.00846116  
2021-12-14 18:59:32.712: iteration 42 finished in 4.410205 seconds
2021-12-14 18:59:32.748: epoch 42:	0.00214866  	0.00209059  	0.01437835  	0.02969001  	0.00752623  	0.01158897  	0.00446002  	0.00552504  	0.00728758  	0.00851212  
2021-12-14 18:59:37.130: iteration 43 finished in 4.381284 seconds
2021-12-14 18:59:37.167: epoch 43:	0.00209059  	0.00206156  	0.01379763  	0.02949643  	0.00745894  	0.01161842  	0.00449874  	0.00560330  	0.00751986  	0.00876780  
2021-12-14 18:59:41.559: iteration 44 finished in 4.391256 seconds
2021-12-14 18:59:41.595: epoch 44:	0.00209059  	0.00211963  	0.01379763  	0.03007715  	0.00749726  	0.01182864  	0.00453953  	0.00568123  	0.00755028  	0.00886638  
2021-12-14 18:59:45.993: iteration 45 finished in 4.396243 seconds
2021-12-14 18:59:46.028: epoch 45:	0.00220674  	0.00214866  	0.01428157  	0.03022233  	0.00757728  	0.01177988  	0.00446809  	0.00556872  	0.00742607  	0.00866350  
2021-12-14 18:59:50.447: iteration 46 finished in 4.418184 seconds
2021-12-14 18:59:50.482: epoch 46:	0.00220674  	0.00217770  	0.01428157  	0.03051269  	0.00761003  	0.01188942  	0.00449501  	0.00560567  	0.00750281  	0.00876753  
2021-12-14 18:59:54.885: iteration 47 finished in 4.402229 seconds
2021-12-14 18:59:54.919: epoch 47:	0.00220674  	0.00220674  	0.01428157  	0.03080305  	0.00769370  	0.01205382  	0.00456760  	0.00569246  	0.00779317  	0.00908737  
2021-12-14 18:59:59.325: iteration 48 finished in 4.405219 seconds
2021-12-14 18:59:59.361: epoch 48:	0.00220674  	0.00217770  	0.01428157  	0.03036751  	0.00769574  	0.01194521  	0.00456954  	0.00567274  	0.00779478  	0.00906037  
2021-12-14 19:00:03.781: iteration 49 finished in 4.420179 seconds
2021-12-14 19:00:03.817: epoch 49:	0.00214866  	0.00217770  	0.01413639  	0.03036751  	0.00763317  	0.01194554  	0.00455762  	0.00567308  	0.00774247  	0.00906238  
2021-12-14 19:00:08.218: iteration 50 finished in 4.400233 seconds
2021-12-14 19:00:08.253: epoch 50:	0.00214866  	0.00214866  	0.01413639  	0.02978679  	0.00760684  	0.01178810  	0.00452535  	0.00561244  	0.00769408  	0.00898496  
