2021-02-01 13:43:51.624: Dataset name: u4
The number of users: 6618
The number of items: 6618
The number of ratings: 103212
Average actions of users: 15.60
Average actions of items: 15.60
The sparsity of the dataset: 99.764345%
2021-02-01 13:43:51.626: 

NeuRec hyperparameters:
recommender=WRMF
config_dir=./conf
gpu_id=0
gpu_mem=0.5
data.input.path=C:\Users\HyunsikYoo\Desktop\VNE_directed_networks/_Data/wiki-vote/5-fold/u4/
data.input.dataset=u4
data.output.path=C:\Users\HyunsikYoo\Desktop\VNE_directed_networks/_Emb/wiki-vote/5-fold/wrmf/u4_wrmf_directed_dim16.emb
data.column.format=UI
data.convert.separator='\t'
user_min=0
item_min=0
splitter=given
ratio=0.8
by_time=False
metric=["Precision", "Recall", "NDCG", "MAP", "MRR"]
topk=[10, 20]
group_view=None
rec.evaluate.neg=0
test_batch_size=128
num_thread=8
data.index.remap=False

WRMF's hyperparameters:
epochs=50
embedding_size=16
reg_mf=0.1
alpha=10
init_method=uniform
stddev=0.01
verbose=1
weight=uniform

2021-02-01 13:45:45.900: metrics:	Precision@10	Precision@20	Recall@10   	Recall@20   	NDCG@10     	NDCG@20     	MAP@10      	MAP@20      	MRR@10      	MRR@20      
2021-02-01 13:45:50.915: iteration 1 finished in 5.013667 seconds
2021-02-01 13:45:51.013: epoch 1:	0.02372055  	0.02182164  	0.02622030  	0.04720278  	0.03207682  	0.03730118  	0.01614090  	0.01553694  	0.06053254  	0.06479557  
2021-02-01 13:45:55.836: iteration 2 finished in 4.823306 seconds
2021-02-01 13:45:55.914: epoch 2:	0.06041227  	0.05152932  	0.10287896  	0.16871494  	0.09522592  	0.11264095  	0.05294496  	0.05435812  	0.14908619  	0.15674135  
2021-02-01 13:46:00.621: iteration 3 finished in 4.705963 seconds
2021-02-01 13:46:00.699: epoch 3:	0.06884506  	0.05807910  	0.12598811  	0.19926551  	0.11394831  	0.13336535  	0.06543697  	0.06757042  	0.17395543  	0.18129653  
2021-02-01 13:46:05.461: iteration 4 finished in 4.761813 seconds
2021-02-01 13:46:05.541: epoch 4:	0.07119463  	0.05976888  	0.13295478  	0.20943855  	0.12065120  	0.14085631  	0.07067726  	0.07296080  	0.18245062  	0.19005990  
2021-02-01 13:46:10.507: iteration 5 finished in 4.966213 seconds
2021-02-01 13:46:10.585: epoch 5:	0.07270741  	0.06115284  	0.14141253  	0.21911116  	0.12556489  	0.14637744  	0.07409927  	0.07666921  	0.18747929  	0.19532840  
2021-02-01 13:46:15.495: iteration 6 finished in 4.910924 seconds
2021-02-01 13:46:15.574: epoch 6:	0.07370520  	0.06145864  	0.14468604  	0.22150521  	0.12761651  	0.14808156  	0.07503127  	0.07748771  	0.19081180  	0.19872262  
2021-02-01 13:46:20.487: iteration 7 finished in 4.911388 seconds
2021-02-01 13:46:20.566: epoch 7:	0.07341553  	0.06165174  	0.14403886  	0.22623579  	0.12731692  	0.14926824  	0.07473543  	0.07757615  	0.19114932  	0.19936064  
2021-02-01 13:46:25.427: iteration 8 finished in 4.860109 seconds
2021-02-01 13:46:25.512: epoch 8:	0.07373738  	0.06202187  	0.14503837  	0.22477131  	0.12813030  	0.14952639  	0.07533588  	0.07788964  	0.19166996  	0.19981541  
2021-02-01 13:46:30.335: iteration 9 finished in 4.822575 seconds
2021-02-01 13:46:30.411: epoch 9:	0.07438115  	0.06215065  	0.14710292  	0.22610617  	0.12996291  	0.15095581  	0.07680825  	0.07916644  	0.19398330  	0.20191798  
2021-02-01 13:46:35.252: iteration 10 finished in 4.841054 seconds
2021-02-01 13:46:35.328: epoch 10:	0.07525012  	0.06210238  	0.14948471  	0.22699007  	0.13041162  	0.15063474  	0.07650656  	0.07840624  	0.19372073  	0.20147151  
2021-02-01 13:46:40.250: iteration 11 finished in 4.921121 seconds
2021-02-01 13:46:40.329: epoch 11:	0.07544325  	0.06221504  	0.14949805  	0.22707532  	0.12987204  	0.15024449  	0.07593475  	0.07796887  	0.19148615  	0.19918565  
2021-02-01 13:46:45.262: iteration 12 finished in 4.932352 seconds
2021-02-01 13:46:45.339: epoch 12:	0.07570071  	0.06227942  	0.15006566  	0.22690508  	0.13087472  	0.15107240  	0.07693338  	0.07896053  	0.19314493  	0.20069407  
2021-02-01 13:46:50.228: iteration 13 finished in 4.888808 seconds
2021-02-01 13:46:50.308: epoch 13:	0.07576507  	0.06247252  	0.15025456  	0.22787924  	0.13159168  	0.15200491  	0.07757956  	0.07974423  	0.19497398  	0.20251136  
2021-02-01 13:46:55.106: iteration 14 finished in 4.797486 seconds
2021-02-01 13:46:55.184: epoch 14:	0.07621568  	0.06269782  	0.15001537  	0.22911376  	0.13265426  	0.15324944  	0.07868229  	0.08075090  	0.19724181  	0.20482609  
2021-02-01 13:47:00.152: iteration 15 finished in 4.968030 seconds
2021-02-01 13:47:00.233: epoch 15:	0.07599037  	0.06276220  	0.14940840  	0.22839314  	0.13270517  	0.15347901  	0.07884914  	0.08109969  	0.19821276  	0.20578100  
2021-02-01 13:47:05.190: iteration 16 finished in 4.955445 seconds
2021-02-01 13:47:05.270: epoch 16:	0.07624783  	0.06300359  	0.14930148  	0.22913590  	0.13343456  	0.15442632  	0.07964584  	0.08190332  	0.19957769  	0.20726886  
2021-02-01 13:47:10.035: iteration 17 finished in 4.763901 seconds
2021-02-01 13:47:10.112: epoch 17:	0.07650531  	0.06327717  	0.15022698  	0.22977263  	0.13405526  	0.15503508  	0.08013184  	0.08238031  	0.20000802  	0.20766339  
2021-02-01 13:47:15.037: iteration 18 finished in 4.924330 seconds
2021-02-01 13:47:15.115: epoch 18:	0.07660188  	0.06330935  	0.15047112  	0.22963420  	0.13454431  	0.15542929  	0.08068108  	0.08286213  	0.20022909  	0.20786723  
2021-02-01 13:47:20.156: iteration 19 finished in 5.040252 seconds
2021-02-01 13:47:20.238: epoch 19:	0.07685935  	0.06361514  	0.15165572  	0.22985154  	0.13548967  	0.15616418  	0.08151747  	0.08362604  	0.20096830  	0.20861354  
2021-02-01 13:47:25.180: iteration 20 finished in 4.941018 seconds
2021-02-01 13:47:25.259: epoch 20:	0.07698807  	0.06355076  	0.15073411  	0.22900195  	0.13547653  	0.15605025  	0.08161028  	0.08366847  	0.20128208  	0.20898882  
2021-02-01 13:47:30.207: iteration 21 finished in 4.947397 seconds
2021-02-01 13:47:30.286: epoch 21:	0.07695587  	0.06369559  	0.14999563  	0.22941035  	0.13502280  	0.15600969  	0.08132524  	0.08353427  	0.20026517  	0.20804013  
2021-02-01 13:47:35.176: iteration 22 finished in 4.888974 seconds
2021-02-01 13:47:35.254: epoch 22:	0.07669839  	0.06358292  	0.14858216  	0.22848371  	0.13442181  	0.15561272  	0.08103938  	0.08338141  	0.19921492  	0.20702241  
2021-02-01 13:47:40.187: iteration 23 finished in 4.932690 seconds
2021-02-01 13:47:40.266: epoch 23:	0.07679495  	0.06377602  	0.14903644  	0.23011255  	0.13434044  	0.15584579  	0.08071212  	0.08319315  	0.19903971  	0.20677976  
2021-02-01 13:47:45.349: iteration 24 finished in 5.082993 seconds
2021-02-01 13:47:45.431: epoch 24:	0.07656966  	0.06375993  	0.14993840  	0.23075198  	0.13439940  	0.15591973  	0.08053287  	0.08298173  	0.19963077  	0.20740610  
2021-02-01 13:47:50.257: iteration 25 finished in 4.825052 seconds
2021-02-01 13:47:50.335: epoch 25:	0.07673059  	0.06363118  	0.14982498  	0.23016061  	0.13393189  	0.15516120  	0.07977162  	0.08211983  	0.19910796  	0.20675994  
2021-02-01 13:47:55.437: iteration 26 finished in 5.101414 seconds
2021-02-01 13:47:55.512: epoch 26:	0.07673060  	0.06387258  	0.15002778  	0.23095554  	0.13413891  	0.15554422  	0.07978404  	0.08215877  	0.20022169  	0.20776823  
2021-02-01 13:48:00.467: iteration 27 finished in 4.954440 seconds
2021-02-01 13:48:00.542: epoch 27:	0.07663403  	0.06382430  	0.14889610  	0.23057254  	0.13375905  	0.15534139  	0.07968583  	0.08203525  	0.19968264  	0.20745368  
2021-02-01 13:48:05.432: iteration 28 finished in 4.889673 seconds
2021-02-01 13:48:05.513: epoch 28:	0.07650529  	0.06369558  	0.14851059  	0.22939041  	0.13362144  	0.15504640  	0.07966309  	0.08194298  	0.19974369  	0.20761791  
2021-02-01 13:48:10.443: iteration 29 finished in 4.928961 seconds
2021-02-01 13:48:10.524: epoch 29:	0.07628001  	0.06372779  	0.14835607  	0.22997345  	0.13360916  	0.15531810  	0.07974246  	0.08211201  	0.20002641  	0.20797394  
2021-02-01 13:48:15.387: iteration 30 finished in 4.861656 seconds
2021-02-01 13:48:15.465: epoch 30:	0.07611910  	0.06375995  	0.14946999  	0.23057942  	0.13378021  	0.15547703  	0.07964130  	0.08205390  	0.20071049  	0.20859477  
2021-02-01 13:48:20.355: iteration 31 finished in 4.888649 seconds
2021-02-01 13:48:20.437: epoch 31:	0.07602254  	0.06388870  	0.14925095  	0.23105243  	0.13347845  	0.15544301  	0.07928853  	0.08172855  	0.20074449  	0.20877860  
2021-02-01 13:48:25.364: iteration 32 finished in 4.926186 seconds
2021-02-01 13:48:25.441: epoch 32:	0.07592598  	0.06388870  	0.14899760  	0.23060784  	0.13324143  	0.15520902  	0.07903434  	0.08150937  	0.20110282  	0.20902981  
2021-02-01 13:48:30.544: iteration 33 finished in 5.102224 seconds
2021-02-01 13:48:30.628: epoch 33:	0.07595817  	0.06387259  	0.14871930  	0.22994734  	0.13324304  	0.15513068  	0.07905696  	0.08155578  	0.20158584  	0.20941395  
2021-02-01 13:48:35.480: iteration 34 finished in 4.850270 seconds
2021-02-01 13:48:35.564: epoch 34:	0.07573286  	0.06366338  	0.14750850  	0.22876304  	0.13280943  	0.15476775  	0.07887550  	0.08143431  	0.20145811  	0.20945643  
2021-02-01 13:48:40.590: iteration 35 finished in 5.025176 seconds
2021-02-01 13:48:40.671: epoch 35:	0.07605472  	0.06363118  	0.14849189  	0.22848670  	0.13339935  	0.15485580  	0.07931709  	0.08173969  	0.20150286  	0.20923974  
2021-02-01 13:48:45.620: iteration 36 finished in 4.949415 seconds
2021-02-01 13:48:45.701: epoch 36:	0.07566850  	0.06371166  	0.14757587  	0.22912078  	0.13247803  	0.15454854  	0.07867048  	0.08134204  	0.19977991  	0.20763473  
2021-02-01 13:48:50.551: iteration 37 finished in 4.848495 seconds
2021-02-01 13:48:50.632: epoch 37:	0.07547538  	0.06359900  	0.14818089  	0.22837731  	0.13274318  	0.15455027  	0.07904657  	0.08165286  	0.19989626  	0.20764536  
2021-02-01 13:48:55.692: iteration 38 finished in 5.059972 seconds
2021-02-01 13:48:55.771: epoch 38:	0.07557193  	0.06375993  	0.14810760  	0.22862858  	0.13286413  	0.15476108  	0.07921230  	0.08180258  	0.20027901  	0.20809522  
2021-02-01 13:49:00.755: iteration 39 finished in 4.982918 seconds
2021-02-01 13:49:00.831: epoch 39:	0.07518570  	0.06359901  	0.14668173  	0.22813135  	0.13256422  	0.15480275  	0.07930332  	0.08206222  	0.20032369  	0.20838957  
2021-02-01 13:49:05.800: iteration 40 finished in 4.968938 seconds
2021-02-01 13:49:05.877: epoch 40:	0.07512132  	0.06364729  	0.14646935  	0.22879197  	0.13239229  	0.15487282  	0.07922956  	0.08201688  	0.19990365  	0.20810582  
2021-02-01 13:49:10.825: iteration 41 finished in 4.947654 seconds
2021-02-01 13:49:10.905: epoch 41:	0.07508913  	0.06367947  	0.14623828  	0.22933215  	0.13165899  	0.15432769  	0.07834487  	0.08120122  	0.19856937  	0.20678860  
2021-02-01 13:49:15.810: iteration 42 finished in 4.904209 seconds
2021-02-01 13:49:15.889: epoch 42:	0.07502475  	0.06380822  	0.14550433  	0.23048422  	0.13137384  	0.15453914  	0.07813072  	0.08112995  	0.19849579  	0.20688453  
2021-02-01 13:49:20.838: iteration 43 finished in 4.947283 seconds
2021-02-01 13:49:20.917: epoch 43:	0.07541098  	0.06359902  	0.14602445  	0.22971231  	0.13153425  	0.15410057  	0.07806181  	0.08082966  	0.19857314  	0.20674293  
2021-02-01 13:49:25.830: iteration 44 finished in 4.912069 seconds
2021-02-01 13:49:25.910: epoch 44:	0.07547536  	0.06359902  	0.14650586  	0.22998892  	0.13169603  	0.15418020  	0.07819665  	0.08093873  	0.19823293  	0.20637695  
2021-02-01 13:49:30.878: iteration 45 finished in 4.966715 seconds
2021-02-01 13:49:30.956: epoch 45:	0.07560411  	0.06350246  	0.14719439  	0.23015574  	0.13173428  	0.15396984  	0.07804124  	0.08065968  	0.19786456  	0.20596407  
2021-02-01 13:49:35.869: iteration 46 finished in 4.912519 seconds
2021-02-01 13:49:35.950: epoch 46:	0.07570066  	0.06350246  	0.14723277  	0.23022036  	0.13162901  	0.15385194  	0.07787505  	0.08048575  	0.19761503  	0.20573939  
2021-02-01 13:49:40.960: iteration 47 finished in 5.009511 seconds
2021-02-01 13:49:41.042: epoch 47:	0.07566848  	0.06345419  	0.14723012  	0.23029056  	0.13146915  	0.15369333  	0.07774744  	0.08036996  	0.19715977  	0.20529456  
2021-02-01 13:49:46.053: iteration 48 finished in 5.011042 seconds
2021-02-01 13:49:46.139: epoch 48:	0.07579722  	0.06338982  	0.14725082  	0.22977856  	0.13163812  	0.15365849  	0.07788679  	0.08043671  	0.19741583  	0.20553091  
2021-02-01 13:49:51.236: iteration 49 finished in 5.096294 seconds
2021-02-01 13:49:51.314: epoch 49:	0.07570066  	0.06337372  	0.14708517  	0.22917029  	0.13146383  	0.15341872  	0.07779970  	0.08030651  	0.19689819  	0.20507096  
2021-02-01 13:49:56.278: iteration 50 finished in 4.964198 seconds
2021-02-01 13:49:56.356: epoch 50:	0.07589378  	0.06342199  	0.14792876  	0.22987512  	0.13185897  	0.15368682  	0.07798530  	0.08045293  	0.19741267  	0.20546927  
