2021-12-16 10:02:43.818: Dataset name: u4
The number of users: 27480
The number of items: 27480
The number of ratings: 83607
Average actions of users: 3.04
Average actions of items: 3.04
The sparsity of the dataset: 99.988928%
2021-12-16 10:02:43.819: 

NeuRec hyperparameters:
recommender=WRMF
config_dir=./conf
gpu_id=0
gpu_mem=0.5
data.input.path=D:\hsyoo\Workingon_210628/_Data/digg/random-barrier/u4/
data.input.dataset=u4
data.output.path=D:\hsyoo\Workingon_210628/_Emb/digg/random-barrier/wrmf/u4_wrmf_directed_dim16_uniform_send.emb
data.column.format=UI
data.convert.separator='\t'
user_min=0
item_min=0
splitter=given
ratio=0.8
by_time=False
metric=["Precision", "Recall", "NDCG", "MAP", "MRR"]
topk=[10, 20]
group_view=None
rec.evaluate.neg=0
test_batch_size=128
num_thread=8
data.index.remap=False

WRMF's hyperparameters:
epochs=50
embedding_size=16
reg_mf=0.1
alpha=10
init_method=uniform
stddev=0.01
verbose=1
weight=uniform

2021-12-16 10:34:57.208: metrics:	Precision@10	Precision@20	Recall@10   	Recall@20   	NDCG@10     	NDCG@20     	MAP@10      	MAP@20      	MRR@10      	MRR@20      
2021-12-16 10:36:43.569: iteration 1 finished in 106.360622 seconds
2021-12-16 10:36:43.910: epoch 1:	0.00232719  	0.00181080  	0.01074483  	0.01705175  	0.00618321  	0.00795871  	0.00341779  	0.00380231  	0.00756897  	0.00840525  
2021-12-16 10:38:31.544: iteration 2 finished in 107.634506 seconds
2021-12-16 10:38:31.884: epoch 2:	0.00250620  	0.00225834  	0.01155344  	0.02095219  	0.00662416  	0.00935156  	0.00360767  	0.00422574  	0.00823137  	0.00946217  
2021-12-16 10:40:19.165: iteration 3 finished in 107.281053 seconds
2021-12-16 10:40:19.518: epoch 3:	0.00265768  	0.00233407  	0.01262698  	0.02221118  	0.00745879  	0.01020997  	0.00431488  	0.00492807  	0.00900299  	0.01027220  
2021-12-16 10:42:05.531: iteration 4 finished in 106.012707 seconds
2021-12-16 10:42:05.873: epoch 4:	0.00272653  	0.00238915  	0.01255792  	0.02213812  	0.00745660  	0.01024255  	0.00434425  	0.00498924  	0.00874999  	0.00995075  
2021-12-16 10:43:51.599: iteration 5 finished in 105.725913 seconds
2021-12-16 10:43:51.927: epoch 5:	0.00287800  	0.00249243  	0.01305868  	0.02290610  	0.00769579  	0.01057633  	0.00443066  	0.00510804  	0.00909021  	0.01033280  
2021-12-16 10:45:37.227: iteration 6 finished in 105.300550 seconds
2021-12-16 10:45:37.559: epoch 6:	0.00305702  	0.00257505  	0.01405020  	0.02391978  	0.00789588  	0.01075059  	0.00436577  	0.00502635  	0.00912671  	0.01031980  
2021-12-16 10:47:23.139: iteration 7 finished in 105.580733 seconds
2021-12-16 10:47:23.467: epoch 7:	0.00316718  	0.00257505  	0.01424211  	0.02418650  	0.00799252  	0.01081999  	0.00440277  	0.00506398  	0.00900004  	0.01016544  
2021-12-16 10:49:08.821: iteration 8 finished in 105.353952 seconds
2021-12-16 10:49:09.161: epoch 8:	0.00312587  	0.00258193  	0.01442720  	0.02391581  	0.00800121  	0.01077559  	0.00438682  	0.00503119  	0.00902157  	0.01024850  
2021-12-16 10:50:54.591: iteration 9 finished in 105.428528 seconds
2021-12-16 10:50:54.927: epoch 9:	0.00301570  	0.00265078  	0.01438270  	0.02429459  	0.00803268  	0.01098781  	0.00448016  	0.00515841  	0.00908102  	0.01040280  
2021-12-16 10:52:38.878: iteration 10 finished in 103.950807 seconds
2021-12-16 10:52:39.222: epoch 10:	0.00312587  	0.00269898  	0.01500787  	0.02493341  	0.00825351  	0.01118692  	0.00455514  	0.00521549  	0.00913726  	0.01044515  
2021-12-16 10:54:24.492: iteration 11 finished in 105.270699 seconds
2021-12-16 10:54:24.829: epoch 11:	0.00309833  	0.00264390  	0.01491088  	0.02450364  	0.00821694  	0.01108249  	0.00455993  	0.00521070  	0.00899294  	0.01031266  
2021-12-16 10:56:10.788: iteration 12 finished in 105.958387 seconds
2021-12-16 10:56:11.128: epoch 12:	0.00309833  	0.00258882  	0.01507869  	0.02409167  	0.00825530  	0.01095839  	0.00455384  	0.00516411  	0.00902348  	0.01030629  
2021-12-16 10:57:56.025: iteration 13 finished in 104.895895 seconds
2021-12-16 10:57:56.359: epoch 13:	0.00313964  	0.00262324  	0.01512689  	0.02442474  	0.00824539  	0.01099772  	0.00450972  	0.00512634  	0.00904917  	0.01030635  
2021-12-16 10:59:40.905: iteration 14 finished in 104.546132 seconds
2021-12-16 10:59:41.249: epoch 14:	0.00309833  	0.00260947  	0.01513153  	0.02448753  	0.00831122  	0.01109875  	0.00462470  	0.00524838  	0.00914387  	0.01044692  
2021-12-16 11:01:26.762: iteration 15 finished in 105.512835 seconds
2021-12-16 11:01:27.087: epoch 15:	0.00308456  	0.00260947  	0.01457132  	0.02467474  	0.00823156  	0.01119868  	0.00462199  	0.00531314  	0.00938026  	0.01070491  
2021-12-16 11:03:12.610: iteration 16 finished in 105.521923 seconds
2021-12-16 11:03:12.941: epoch 16:	0.00312587  	0.00258193  	0.01490633  	0.02430179  	0.00832728  	0.01112276  	0.00467392  	0.00532294  	0.00934922  	0.01064042  
2021-12-16 11:04:58.310: iteration 17 finished in 105.369004 seconds
2021-12-16 11:04:58.644: epoch 17:	0.00308456  	0.00258882  	0.01451273  	0.02457616  	0.00814335  	0.01110899  	0.00452593  	0.00522441  	0.00931660  	0.01065518  
2021-12-16 11:06:44.029: iteration 18 finished in 105.384687 seconds
2021-12-16 11:06:44.358: epoch 18:	0.00313964  	0.00256816  	0.01455863  	0.02468162  	0.00819382  	0.01112027  	0.00453661  	0.00523043  	0.00940348  	0.01066676  
2021-12-16 11:08:29.472: iteration 19 finished in 105.113069 seconds
2021-12-16 11:08:29.805: epoch 19:	0.00309833  	0.00263013  	0.01452137  	0.02526735  	0.00819058  	0.01130866  	0.00456209  	0.00529253  	0.00941523  	0.01076744  
2021-12-16 11:10:15.351: iteration 20 finished in 105.546106 seconds
2021-12-16 11:10:15.679: epoch 20:	0.00308456  	0.00260259  	0.01463825  	0.02466490  	0.00823960  	0.01119435  	0.00459498  	0.00528131  	0.00946687  	0.01080227  
2021-12-16 11:12:00.804: iteration 21 finished in 105.125190 seconds
2021-12-16 11:12:01.139: epoch 21:	0.00307079  	0.00258882  	0.01432334  	0.02419147  	0.00813446  	0.01106255  	0.00452968  	0.00521609  	0.00945714  	0.01078457  
2021-12-16 11:13:46.276: iteration 22 finished in 105.137418 seconds
2021-12-16 11:13:46.606: epoch 22:	0.00311210  	0.00259570  	0.01464924  	0.02429370  	0.00834033  	0.01121318  	0.00465145  	0.00532891  	0.00987681  	0.01118150  
2021-12-16 11:15:31.873: iteration 23 finished in 105.266203 seconds
2021-12-16 11:15:32.210: epoch 23:	0.00322226  	0.00265767  	0.01506885  	0.02511664  	0.00848756  	0.01143389  	0.00470179  	0.00538734  	0.00989878  	0.01123659  
2021-12-16 11:17:17.043: iteration 24 finished in 104.833065 seconds
2021-12-16 11:17:17.387: epoch 24:	0.00322226  	0.00265767  	0.01521344  	0.02520051  	0.00856790  	0.01150909  	0.00476182  	0.00544362  	0.00997058  	0.01132943  
2021-12-16 11:19:03.303: iteration 25 finished in 105.915982 seconds
2021-12-16 11:19:03.643: epoch 25:	0.00330488  	0.00264390  	0.01564835  	0.02493849  	0.00875005  	0.01150334  	0.00484633  	0.00547744  	0.01010260  	0.01140104  
2021-12-16 11:20:49.715: iteration 26 finished in 106.072036 seconds
2021-12-16 11:20:50.074: epoch 26:	0.00330488  	0.00265078  	0.01595053  	0.02508669  	0.00876210  	0.01147499  	0.00477530  	0.00539194  	0.01011965  	0.01137828  
2021-12-16 11:22:35.119: iteration 27 finished in 105.044106 seconds
2021-12-16 11:22:35.466: epoch 27:	0.00329111  	0.00267832  	0.01603086  	0.02518035  	0.00876086  	0.01149859  	0.00476450  	0.00537404  	0.01009970  	0.01140219  
2021-12-16 11:24:22.235: iteration 28 finished in 106.767931 seconds
2021-12-16 11:24:22.569: epoch 28:	0.00324980  	0.00267144  	0.01589022  	0.02506953  	0.00880449  	0.01156352  	0.00487251  	0.00548329  	0.01020571  	0.01153071  
2021-12-16 11:26:08.125: iteration 29 finished in 105.556059 seconds
2021-12-16 11:26:08.461: epoch 29:	0.00315341  	0.00270586  	0.01559989  	0.02531271  	0.00868347  	0.01163137  	0.00484519  	0.00549919  	0.01006156  	0.01148696  
2021-12-16 11:27:53.375: iteration 30 finished in 104.913966 seconds
2021-12-16 11:27:53.705: epoch 30:	0.00315341  	0.00270586  	0.01552809  	0.02548436  	0.00862363  	0.01162515  	0.00478158  	0.00545394  	0.00997162  	0.01139223  
2021-12-16 11:29:38.650: iteration 31 finished in 104.943867 seconds
2021-12-16 11:29:38.976: epoch 31:	0.00311210  	0.00273340  	0.01520678  	0.02564606  	0.00848472  	0.01164080  	0.00468660  	0.00541013  	0.00987343  	0.01135048  
2021-12-16 11:31:23.191: iteration 32 finished in 104.215162 seconds
2021-12-16 11:31:23.522: epoch 32:	0.00309833  	0.00267832  	0.01523301  	0.02519126  	0.00848739  	0.01151509  	0.00470113  	0.00540214  	0.00981714  	0.01124986  
2021-12-16 11:33:08.553: iteration 33 finished in 105.030418 seconds
2021-12-16 11:33:08.881: epoch 33:	0.00315341  	0.00267144  	0.01569202  	0.02515821  	0.00865248  	0.01152721  	0.00479619  	0.00544857  	0.00982900  	0.01118664  
2021-12-16 11:34:53.722: iteration 34 finished in 104.841029 seconds
2021-12-16 11:34:54.050: epoch 34:	0.00307079  	0.00268521  	0.01531448  	0.02538771  	0.00858711  	0.01164212  	0.00484643  	0.00554193  	0.00983047  	0.01127201  
2021-12-16 11:36:38.924: iteration 35 finished in 104.873779 seconds
2021-12-16 11:36:39.253: epoch 35:	0.00307079  	0.00270586  	0.01520908  	0.02546810  	0.00858203  	0.01169028  	0.00486166  	0.00556890  	0.00985588  	0.01131979  
2021-12-16 11:38:24.732: iteration 36 finished in 105.478964 seconds
2021-12-16 11:38:25.064: epoch 36:	0.00309833  	0.00272652  	0.01534181  	0.02581236  	0.00859948  	0.01173611  	0.00484608  	0.00555035  	0.00981206  	0.01127313  
2021-12-16 11:40:10.631: iteration 37 finished in 105.566660 seconds
2021-12-16 11:40:10.956: epoch 37:	0.00315341  	0.00271275  	0.01557426  	0.02564515  	0.00864860  	0.01165250  	0.00482740  	0.00549910  	0.00981091  	0.01120076  
2021-12-16 11:41:56.252: iteration 38 finished in 105.295730 seconds
2021-12-16 11:41:56.580: epoch 38:	0.00315341  	0.00271963  	0.01575377  	0.02585400  	0.00865794  	0.01165698  	0.00479337  	0.00545312  	0.00974780  	0.01113883  
2021-12-16 11:43:41.631: iteration 39 finished in 105.051157 seconds
2021-12-16 11:43:41.972: epoch 39:	0.00318095  	0.00271275  	0.01604524  	0.02573542  	0.00870014  	0.01158343  	0.00478246  	0.00541284  	0.00967741  	0.01101716  
2021-12-16 11:45:26.725: iteration 40 finished in 104.753678 seconds
2021-12-16 11:45:27.056: epoch 40:	0.00316718  	0.00268521  	0.01584787  	0.02536909  	0.00867575  	0.01152488  	0.00480892  	0.00543578  	0.00969430  	0.01103840  
2021-12-16 11:47:12.966: iteration 41 finished in 105.909552 seconds
2021-12-16 11:47:13.293: epoch 41:	0.00316718  	0.00264390  	0.01587541  	0.02488467  	0.00862927  	0.01133945  	0.00474119  	0.00533463  	0.00963200  	0.01092942  
2021-12-16 11:48:58.389: iteration 42 finished in 105.095692 seconds
2021-12-16 11:48:58.720: epoch 42:	0.00322226  	0.00260259  	0.01610327  	0.02462401  	0.00872546  	0.01127082  	0.00477634  	0.00532866  	0.00972714  	0.01094549  
2021-12-16 11:50:43.632: iteration 43 finished in 104.912129 seconds
2021-12-16 11:50:43.962: epoch 43:	0.00324980  	0.00260947  	0.01612164  	0.02471418  	0.00875651  	0.01129866  	0.00480104  	0.00535030  	0.00975025  	0.01095115  
2021-12-16 11:52:27.734: iteration 44 finished in 103.772409 seconds
2021-12-16 11:52:28.059: epoch 44:	0.00318095  	0.00261636  	0.01574295  	0.02474861  	0.00861751  	0.01129113  	0.00475253  	0.00533582  	0.00964173  	0.01090238  
2021-12-16 11:54:12.845: iteration 45 finished in 104.785736 seconds
2021-12-16 11:54:13.175: epoch 45:	0.00318095  	0.00260947  	0.01553093  	0.02459828  	0.00855960  	0.01123822  	0.00471531  	0.00530432  	0.00970304  	0.01094050  
2021-12-16 11:55:57.165: iteration 46 finished in 103.989542 seconds
2021-12-16 11:55:57.496: epoch 46:	0.00318095  	0.00260947  	0.01542765  	0.02470926  	0.00852529  	0.01123766  	0.00469678  	0.00529375  	0.00965627  	0.01088498  
2021-12-16 11:57:42.822: iteration 47 finished in 105.326145 seconds
2021-12-16 11:57:43.146: epoch 47:	0.00322226  	0.00261636  	0.01561230  	0.02485844  	0.00864620  	0.01133171  	0.00477090  	0.00535800  	0.00983921  	0.01104731  
2021-12-16 11:59:27.985: iteration 48 finished in 104.838441 seconds
2021-12-16 11:59:28.317: epoch 48:	0.00313964  	0.00258193  	0.01499263  	0.02471582  	0.00838786  	0.01120643  	0.00462578  	0.00525844  	0.00963780  	0.01090476  
2021-12-16 12:01:14.280: iteration 49 finished in 105.963156 seconds
2021-12-16 12:01:14.624: epoch 49:	0.00316718  	0.00259570  	0.01511886  	0.02463385  	0.00840309  	0.01117042  	0.00461265  	0.00523187  	0.00957321  	0.01081766  
2021-12-16 12:02:59.904: iteration 50 finished in 105.279567 seconds
2021-12-16 12:03:00.249: epoch 50:	0.00316718  	0.00256816  	0.01517854  	0.02455353  	0.00843294  	0.01114795  	0.00462806  	0.00523747  	0.00964529  	0.01085957  
