2021-12-15 21:11:02.120: Dataset name: u4
The number of users: 28260
The number of items: 28260
The number of ratings: 84317
Average actions of users: 2.98
Average actions of items: 2.98
The sparsity of the dataset: 99.989442%
2021-12-15 21:11:02.120: 

NeuRec hyperparameters:
recommender=WRMF
config_dir=./conf
gpu_id=0
gpu_mem=0.5
data.input.path=D:\hsyoo\Workingon_210628/_Data/digg/noniid-out-barrier/u4/
data.input.dataset=u4
data.output.path=D:\hsyoo\Workingon_210628/_Emb/digg/noniid-out-barrier/wrmf/u4_wrmf_directed_dim16_uniform_send.emb
data.column.format=UI
data.convert.separator='\t'
user_min=0
item_min=0
splitter=given
ratio=0.8
by_time=False
metric=["Precision", "Recall", "NDCG", "MAP", "MRR"]
topk=[10, 20]
group_view=None
rec.evaluate.neg=0
test_batch_size=128
num_thread=8
data.index.remap=False

WRMF's hyperparameters:
epochs=50
embedding_size=16
reg_mf=0.1
alpha=10
init_method=uniform
stddev=0.01
verbose=1
weight=uniform

2021-12-15 21:44:58.803: metrics:	Precision@10	Precision@20	Recall@10   	Recall@20   	NDCG@10     	NDCG@20     	MAP@10      	MAP@20      	MRR@10      	MRR@20      
2021-12-15 21:46:58.237: iteration 1 finished in 119.433999 seconds
2021-12-15 21:46:58.700: epoch 1:	0.00178786  	0.00152318  	0.01032594  	0.01803669  	0.00598989  	0.00817199  	0.00367662  	0.00419738  	0.00629435  	0.00712215  
2021-12-15 21:48:54.050: iteration 2 finished in 115.350198 seconds
2021-12-15 21:48:54.503: epoch 2:	0.00209749  	0.00174291  	0.01240512  	0.02122951  	0.00707022  	0.00953159  	0.00432965  	0.00491888  	0.00717900  	0.00808374  
2021-12-15 21:50:50.518: iteration 3 finished in 116.014689 seconds
2021-12-15 21:50:50.973: epoch 3:	0.00213744  	0.00183280  	0.01294780  	0.02264615  	0.00702830  	0.00978675  	0.00414166  	0.00483103  	0.00701250  	0.00805932  
2021-12-15 21:52:46.476: iteration 4 finished in 115.502843 seconds
2021-12-15 21:52:46.934: epoch 4:	0.00224731  	0.00186776  	0.01366028  	0.02303235  	0.00752030  	0.01014120  	0.00449825  	0.00512428  	0.00759180  	0.00856663  
2021-12-15 21:54:40.845: iteration 5 finished in 113.910520 seconds
2021-12-15 21:54:41.317: epoch 5:	0.00224731  	0.00188773  	0.01392995  	0.02318217  	0.00767411  	0.01030995  	0.00461824  	0.00524186  	0.00775597  	0.00879688  
2021-12-15 21:56:35.955: iteration 6 finished in 114.637539 seconds
2021-12-15 21:56:36.419: epoch 6:	0.00238714  	0.00187775  	0.01471068  	0.02299074  	0.00810404  	0.01048657  	0.00484786  	0.00542461  	0.00835046  	0.00928000  
2021-12-15 21:58:30.791: iteration 7 finished in 114.371170 seconds
2021-12-15 21:58:31.248: epoch 7:	0.00244707  	0.00194766  	0.01512685  	0.02401950  	0.00813588  	0.01066758  	0.00479513  	0.00540463  	0.00810326  	0.00907675  
2021-12-15 22:00:26.675: iteration 8 finished in 115.427696 seconds
2021-12-15 22:00:27.132: epoch 8:	0.00241710  	0.00199760  	0.01477727  	0.02466872  	0.00805839  	0.01085313  	0.00478965  	0.00546551  	0.00806620  	0.00912038  
2021-12-15 22:02:21.251: iteration 9 finished in 114.118007 seconds
2021-12-15 22:02:21.722: epoch 9:	0.00241710  	0.00199261  	0.01441104  	0.02461879  	0.00807205  	0.01091379  	0.00486470  	0.00555760  	0.00823841  	0.00926701  
2021-12-15 22:04:17.934: iteration 10 finished in 116.212897 seconds
2021-12-15 22:04:18.403: epoch 10:	0.00237715  	0.00201758  	0.01428619  	0.02503495  	0.00808183  	0.01106493  	0.00491619  	0.00563587  	0.00833765  	0.00941090  
2021-12-15 22:06:12.476: iteration 11 finished in 114.072752 seconds
2021-12-15 22:06:12.929: epoch 11:	0.00238714  	0.00198262  	0.01450759  	0.02453555  	0.00817347  	0.01098651  	0.00497231  	0.00565518  	0.00845755  	0.00948921  
2021-12-15 22:08:07.310: iteration 12 finished in 114.381654 seconds
2021-12-15 22:08:07.778: epoch 12:	0.00237715  	0.00202756  	0.01456252  	0.02502330  	0.00816353  	0.01111936  	0.00496879  	0.00568514  	0.00836017  	0.00946269  
2021-12-15 22:10:01.700: iteration 13 finished in 113.921922 seconds
2021-12-15 22:10:02.155: epoch 13:	0.00238714  	0.00200259  	0.01450426  	0.02485683  	0.00824183  	0.01116441  	0.00508232  	0.00580496  	0.00846032  	0.00954582  
2021-12-15 22:11:56.661: iteration 14 finished in 114.506500 seconds
2021-12-15 22:11:57.124: epoch 14:	0.00243708  	0.00203256  	0.01478726  	0.02541616  	0.00841821  	0.01138813  	0.00521344  	0.00594355  	0.00862568  	0.00970298  
2021-12-15 22:13:52.252: iteration 15 finished in 115.128168 seconds
2021-12-15 22:13:52.709: epoch 15:	0.00232721  	0.00200259  	0.01450093  	0.02498668  	0.00826778  	0.01126044  	0.00517476  	0.00591219  	0.00843290  	0.00958179  
2021-12-15 22:15:46.444: iteration 16 finished in 113.735119 seconds
2021-12-15 22:15:46.905: epoch 16:	0.00238714  	0.00199261  	0.01480890  	0.02502830  	0.00844794  	0.01132998  	0.00527724  	0.00598739  	0.00862619  	0.00969752  
2021-12-15 22:17:42.179: iteration 17 finished in 115.271702 seconds
2021-12-15 22:17:42.643: epoch 17:	0.00244707  	0.00197763  	0.01525836  	0.02501498  	0.00850524  	0.01122875  	0.00522506  	0.00588993  	0.00855497  	0.00954807  
2021-12-15 22:19:37.130: iteration 18 finished in 114.486850 seconds
2021-12-15 22:19:37.583: epoch 18:	0.00238714  	0.00201758  	0.01507524  	0.02545612  	0.00844049  	0.01137055  	0.00522829  	0.00594128  	0.00851613  	0.00961265  
2021-12-15 22:21:32.804: iteration 19 finished in 115.221314 seconds
2021-12-15 22:21:33.267: epoch 19:	0.00241710  	0.00198761  	0.01523339  	0.02513983  	0.00843493  	0.01123478  	0.00515611  	0.00584602  	0.00846345  	0.00951199  
2021-12-15 22:23:28.552: iteration 20 finished in 115.285101 seconds
2021-12-15 22:23:29.024: epoch 20:	0.00245706  	0.00198262  	0.01558297  	0.02502330  	0.00854241  	0.01121164  	0.00519355  	0.00584647  	0.00848315  	0.00947876  
2021-12-15 22:25:23.991: iteration 21 finished in 114.967498 seconds
2021-12-15 22:25:24.462: epoch 21:	0.00244707  	0.00196764  	0.01552470  	0.02478525  	0.00855630  	0.01117695  	0.00522123  	0.00586168  	0.00854796  	0.00952577  
2021-12-15 22:27:19.088: iteration 22 finished in 114.625433 seconds
2021-12-15 22:27:19.556: epoch 22:	0.00249701  	0.00197763  	0.01597916  	0.02509321  	0.00873248  	0.01130189  	0.00531284  	0.00593895  	0.00869187  	0.00964424  
2021-12-15 22:29:13.898: iteration 23 finished in 114.341728 seconds
2021-12-15 22:29:14.367: epoch 23:	0.00249701  	0.00197263  	0.01581269  	0.02505160  	0.00875555  	0.01134594  	0.00538696  	0.00602278  	0.00876357  	0.00971144  
2021-12-15 22:31:08.144: iteration 24 finished in 113.777394 seconds
2021-12-15 22:31:08.597: epoch 24:	0.00234719  	0.00197263  	0.01482221  	0.02501498  	0.00848130  	0.01136309  	0.00534930  	0.00606556  	0.00868553  	0.00975820  
2021-12-15 22:33:02.140: iteration 25 finished in 113.542711 seconds
2021-12-15 22:33:02.597: epoch 25:	0.00233720  	0.00196764  	0.01460581  	0.02508156  	0.00838408  	0.01132627  	0.00526259  	0.00600167  	0.00865454  	0.00972615  
2021-12-15 22:34:56.034: iteration 26 finished in 113.436441 seconds
2021-12-15 22:34:56.490: epoch 26:	0.00233720  	0.00194267  	0.01464410  	0.02468704  	0.00850749  	0.01133653  	0.00539016  	0.00610172  	0.00885731  	0.00989505  
2021-12-15 22:36:50.544: iteration 27 finished in 114.053375 seconds
2021-12-15 22:36:51.005: epoch 27:	0.00240712  	0.00193767  	0.01540984  	0.02449893  	0.00872299  	0.01129963  	0.00545697  	0.00608569  	0.00897280  	0.00993852  
2021-12-15 22:38:45.003: iteration 28 finished in 113.997908 seconds
2021-12-15 22:38:45.462: epoch 28:	0.00235718  	0.00192269  	0.01501032  	0.02442901  	0.00852742  	0.01118540  	0.00531237  	0.00596642  	0.00884629  	0.00983534  
2021-12-15 22:40:38.985: iteration 29 finished in 113.522216 seconds
2021-12-15 22:40:39.437: epoch 29:	0.00237715  	0.00193767  	0.01501365  	0.02467871  	0.00861912  	0.01132394  	0.00541799  	0.00607865  	0.00896702  	0.00996388  
2021-12-15 22:42:32.914: iteration 30 finished in 113.476261 seconds
2021-12-15 22:42:33.375: epoch 30:	0.00235718  	0.00192269  	0.01488048  	0.02462045  	0.00859851  	0.01131984  	0.00542590  	0.00609529  	0.00897518  	0.00997709  
2021-12-15 22:44:26.576: iteration 31 finished in 113.200989 seconds
2021-12-15 22:44:27.028: epoch 31:	0.00236716  	0.00196764  	0.01499700  	0.02510320  	0.00862856  	0.01145392  	0.00542731  	0.00611398  	0.00895560  	0.01000082  
2021-12-15 22:46:21.044: iteration 32 finished in 114.014920 seconds
2021-12-15 22:46:21.512: epoch 32:	0.00237715  	0.00197263  	0.01504694  	0.02508656  	0.00854783  	0.01136027  	0.00530872  	0.00599081  	0.00879710  	0.00984318  
2021-12-15 22:48:16.109: iteration 33 finished in 114.597171 seconds
2021-12-15 22:48:16.578: epoch 33:	0.00240712  	0.00194766  	0.01537156  	0.02499500  	0.00867082  	0.01135920  	0.00537297  	0.00602775  	0.00889793  	0.00988962  
2021-12-15 22:50:10.371: iteration 34 finished in 113.793485 seconds
2021-12-15 22:50:10.825: epoch 34:	0.00241710  	0.00195765  	0.01547144  	0.02523638  	0.00879055  	0.01151541  	0.00548235  	0.00614566  	0.00911609  	0.01012757  
2021-12-15 22:52:05.021: iteration 35 finished in 114.196131 seconds
2021-12-15 22:52:05.484: epoch 35:	0.00237715  	0.00194766  	0.01517180  	0.02500998  	0.00869106  	0.01145140  	0.00544918  	0.00612569  	0.00907288  	0.01010835  
2021-12-15 22:53:59.067: iteration 36 finished in 113.582853 seconds
2021-12-15 22:53:59.520: epoch 36:	0.00239713  	0.00193767  	0.01528000  	0.02482687  	0.00871670  	0.01139401  	0.00544360  	0.00609772  	0.00907926  	0.01008221  
2021-12-15 22:55:54.614: iteration 37 finished in 115.093579 seconds
2021-12-15 22:55:55.105: epoch 37:	0.00242709  	0.00194766  	0.01542150  	0.02514316  	0.00877293  	0.01147258  	0.00546227  	0.00612284  	0.00912988  	0.01012071  
2021-12-15 22:57:48.320: iteration 38 finished in 113.214185 seconds
2021-12-15 22:57:48.773: epoch 38:	0.00244707  	0.00194766  	0.01553802  	0.02514316  	0.00871869  	0.01137833  	0.00536793  	0.00601738  	0.00893531  	0.00990343  
2021-12-15 22:59:42.931: iteration 39 finished in 114.157307 seconds
2021-12-15 22:59:43.393: epoch 39:	0.00242709  	0.00193268  	0.01543814  	0.02484685  	0.00871798  	0.01134415  	0.00539644  	0.00604081  	0.00898715  	0.00995912  
2021-12-15 23:01:36.742: iteration 40 finished in 113.348918 seconds
2021-12-15 23:01:37.202: epoch 40:	0.00243708  	0.00191770  	0.01543814  	0.02447229  	0.00872884  	0.01125808  	0.00539885  	0.00601970  	0.00901236  	0.00994549  
2021-12-15 23:03:31.610: iteration 41 finished in 114.407496 seconds
2021-12-15 23:03:32.081: epoch 41:	0.00242709  	0.00191270  	0.01527168  	0.02428585  	0.00868259  	0.01121578  	0.00537562  	0.00600045  	0.00901506  	0.00995486  
2021-12-15 23:05:26.144: iteration 42 finished in 114.062721 seconds
2021-12-15 23:05:26.601: epoch 42:	0.00240712  	0.00193767  	0.01512186  	0.02478525  	0.00867270  	0.01136662  	0.00540869  	0.00607339  	0.00903955  	0.01002522  
2021-12-15 23:07:21.118: iteration 43 finished in 114.516806 seconds
2021-12-15 23:07:21.571: epoch 43:	0.00246705  	0.00194766  	0.01547477  	0.02485517  	0.00875625  	0.01135769  	0.00541376  	0.00604841  	0.00901232  	0.00995322  
2021-12-15 23:09:16.225: iteration 44 finished in 114.654392 seconds
2021-12-15 23:09:16.702: epoch 44:	0.00249701  	0.00193268  	0.01557465  	0.02455553  	0.00881482  	0.01130504  	0.00544274  	0.00605012  	0.00908782  	0.00998345  
2021-12-15 23:11:10.495: iteration 45 finished in 113.793363 seconds
2021-12-15 23:11:10.951: epoch 45:	0.00249701  	0.00193767  	0.01555800  	0.02458549  	0.00879685  	0.01130000  	0.00542993  	0.00603912  	0.00906702  	0.00996759  
2021-12-15 23:13:05.756: iteration 46 finished in 114.805147 seconds
2021-12-15 23:13:06.208: epoch 46:	0.00246705  	0.00194267  	0.01542483  	0.02463876  	0.00877984  	0.01135275  	0.00545111  	0.00608106  	0.00910023  	0.01004100  
2021-12-15 23:14:59.682: iteration 47 finished in 113.474510 seconds
2021-12-15 23:15:00.157: epoch 47:	0.00247703  	0.00193268  	0.01554968  	0.02438906  	0.00879971  	0.01128343  	0.00544613  	0.00605165  	0.00908180  	0.01000400  
2021-12-15 23:16:54.272: iteration 48 finished in 114.115429 seconds
2021-12-15 23:16:54.747: epoch 48:	0.00251699  	0.00193268  	0.01575776  	0.02430583  	0.00889837  	0.01130101  	0.00551044  	0.00609363  	0.00915255  	0.01004382  
2021-12-15 23:18:48.739: iteration 49 finished in 113.991509 seconds
2021-12-15 23:18:49.193: epoch 49:	0.00248702  	0.00193767  	0.01549141  	0.02435577  	0.00882922  	0.01132342  	0.00549800  	0.00610858  	0.00913111  	0.01005607  
2021-12-15 23:20:43.591: iteration 50 finished in 114.396399 seconds
2021-12-15 23:20:44.052: epoch 50:	0.00249701  	0.00193268  	0.01557798  	0.02425589  	0.00879629  	0.01124108  	0.00544662  	0.00604196  	0.00899421  	0.00990386  
