2021-02-02 16:45:42.034: Dataset name: u4
The number of users: 22467
The number of items: 22467
The number of ratings: 311364
Average actions of users: 13.86
Average actions of items: 13.86
The sparsity of the dataset: 99.938315%
2021-02-02 16:45:42.036: 

NeuRec hyperparameters:
recommender=WRMF
config_dir=./conf
gpu_id=0
gpu_mem=0.5
data.input.path=C:\Users\HyunsikYoo\Desktop\VNE_directed_networks/_Data/eat/5-fold/u4/
data.input.dataset=u4
data.output.path=C:\Users\HyunsikYoo\Desktop\VNE_directed_networks/_Emb/eat/5-fold/wrmf/u4_wrmf_directed_dim16.emb
data.column.format=UI
data.convert.separator='\t'
user_min=0
item_min=0
splitter=given
ratio=0.8
by_time=False
metric=["Precision", "Recall", "NDCG", "MAP", "MRR"]
topk=[10, 20]
group_view=None
rec.evaluate.neg=0
test_batch_size=128
num_thread=8
data.index.remap=False

WRMF's hyperparameters:
epochs=50
embedding_size=16
reg_mf=0.1
alpha=10
init_method=uniform
stddev=0.01
verbose=1
weight=uniform

2021-02-02 17:07:19.173: metrics:	Precision@10	Precision@20	Recall@10   	Recall@20   	NDCG@10     	NDCG@20     	MAP@10      	MAP@20      	MRR@10      	MRR@20      
2021-02-02 17:08:46.496: iteration 1 finished in 87.322029 seconds
2021-02-02 17:08:46.883: epoch 1:	0.01148589  	0.01025583  	0.01521051  	0.02725738  	0.01477671  	0.02044306  	0.00531244  	0.00613395  	0.03817633  	0.04333666  
2021-02-02 17:10:13.882: iteration 2 finished in 86.998922 seconds
2021-02-02 17:10:14.232: epoch 2:	0.02426337  	0.02051207  	0.03214922  	0.05480457  	0.03253188  	0.04305687  	0.01260601  	0.01432684  	0.08297987  	0.09097268  
2021-02-02 17:11:40.159: iteration 3 finished in 85.927508 seconds
2021-02-02 17:11:40.518: epoch 3:	0.03812509  	0.03011048  	0.05097874  	0.08024478  	0.05108490  	0.06481547  	0.02025085  	0.02283812  	0.12576567  	0.13465010  
2021-02-02 17:13:07.459: iteration 4 finished in 86.938839 seconds
2021-02-02 17:13:07.818: epoch 4:	0.04494638  	0.03528052  	0.06008999  	0.09434547  	0.06121605  	0.07719713  	0.02487213  	0.02799438  	0.15034579  	0.16012506  
2021-02-02 17:14:34.842: iteration 5 finished in 87.020986 seconds
2021-02-02 17:14:35.191: epoch 5:	0.04841790  	0.03741186  	0.06498013  	0.10030791  	0.06624504  	0.08266270  	0.02708405  	0.03039092  	0.16241343  	0.17172576  
2021-02-02 17:16:03.980: iteration 6 finished in 88.789904 seconds
2021-02-02 17:16:04.331: epoch 6:	0.04989178  	0.03866021  	0.06695478  	0.10374376  	0.06866186  	0.08579061  	0.02830865  	0.03182351  	0.16842204  	0.17785618  
2021-02-02 17:17:30.732: iteration 7 finished in 86.401968 seconds
2021-02-02 17:17:31.082: epoch 7:	0.05063482  	0.03908038  	0.06798737  	0.10484700  	0.06996975  	0.08717813  	0.02899793  	0.03257937  	0.17155063  	0.18092160  
2021-02-02 17:18:57.852: iteration 8 finished in 86.770816 seconds
2021-02-02 17:18:58.214: epoch 8:	0.05124385  	0.03959797  	0.06901006  	0.10624175  	0.07070363  	0.08810765  	0.02928614  	0.03292276  	0.17235655  	0.18167636  
2021-02-02 17:20:29.688: iteration 9 finished in 91.473595 seconds
2021-02-02 17:20:30.032: epoch 9:	0.05163363  	0.04003038  	0.06956997  	0.10742037  	0.07136875  	0.08904620  	0.02962822  	0.03328686  	0.17405389  	0.18365882  
2021-02-02 17:21:54.155: iteration 10 finished in 84.121385 seconds
2021-02-02 17:21:54.502: epoch 10:	0.05193817  	0.04003039  	0.06996575  	0.10731518  	0.07154878  	0.08901587  	0.02965381  	0.03326122  	0.17381933  	0.18340135  
2021-02-02 17:23:22.041: iteration 11 finished in 87.537657 seconds
2021-02-02 17:23:22.391: epoch 11:	0.05214524  	0.04020697  	0.07018679  	0.10785431  	0.07182191  	0.08941995  	0.02978219  	0.03341705  	0.17453942  	0.18418205  
2021-02-02 17:24:46.159: iteration 12 finished in 83.767772 seconds
2021-02-02 17:24:46.549: epoch 12:	0.05238887  	0.04045057  	0.07046300  	0.10847286  	0.07220796  	0.08995336  	0.02996274  	0.03364187  	0.17576751  	0.18538569  
2021-02-02 17:26:13.750: iteration 13 finished in 87.199594 seconds
2021-02-02 17:26:14.104: epoch 13:	0.05259594  	0.04062718  	0.07079058  	0.10899630  	0.07227630  	0.09011268  	0.02990434  	0.03361279  	0.17548923  	0.18521354  
2021-02-02 17:27:37.854: iteration 14 finished in 83.749885 seconds
2021-02-02 17:27:38.204: epoch 14:	0.05269336  	0.04079768  	0.07084599  	0.10934696  	0.07234053  	0.09032439  	0.02996095  	0.03367689  	0.17542478  	0.18540086  
2021-02-02 17:29:03.274: iteration 15 finished in 85.069695 seconds
2021-02-02 17:29:03.628: epoch 15:	0.05296135  	0.04086469  	0.07117851  	0.10949533  	0.07265369  	0.09054972  	0.03008817  	0.03380328  	0.17627282  	0.18599668  
2021-02-02 17:30:29.201: iteration 16 finished in 85.572951 seconds
2021-02-02 17:30:29.551: epoch 16:	0.05311970  	0.04092560  	0.07130373  	0.10968392  	0.07284970  	0.09074017  	0.03018411  	0.03390404  	0.17673074  	0.18638043  
2021-02-02 17:31:54.816: iteration 17 finished in 85.264490 seconds
2021-02-02 17:31:55.166: epoch 17:	0.05313186  	0.04098649  	0.07128174  	0.10989570  	0.07279913  	0.09078958  	0.03015145  	0.03388147  	0.17636415  	0.18615380  
2021-02-02 17:33:18.636: iteration 18 finished in 83.470109 seconds
2021-02-02 17:33:18.985: epoch 18:	0.05318058  	0.04100475  	0.07133835  	0.10988414  	0.07289629  	0.09087285  	0.03020017  	0.03393807  	0.17672746  	0.18647493  
2021-02-02 17:34:44.638: iteration 19 finished in 85.651635 seconds
2021-02-02 17:34:44.990: epoch 19:	0.05313186  	0.04105955  	0.07125662  	0.11002698  	0.07287036  	0.09096149  	0.03018996  	0.03396696  	0.17685540  	0.18659247  
2021-02-02 17:36:09.121: iteration 20 finished in 84.131701 seconds
2021-02-02 17:36:09.467: epoch 20:	0.05330239  	0.04102911  	0.07149432  	0.10990772  	0.07290968  	0.09084056  	0.03017510  	0.03393261  	0.17632887  	0.18590076  
2021-02-02 17:37:35.507: iteration 21 finished in 86.040349 seconds
2021-02-02 17:37:35.861: epoch 21:	0.05313187  	0.04109610  	0.07120410  	0.11014518  	0.07271791  	0.09089727  	0.03009443  	0.03392018  	0.17608006  	0.18575776  
2021-02-02 17:38:59.308: iteration 22 finished in 83.446501 seconds
2021-02-02 17:38:59.657: epoch 22:	0.05343639  	0.04109004  	0.07167277  	0.11013199  	0.07294469  	0.09089189  	0.03016065  	0.03392663  	0.17597654  	0.18557452  
2021-02-02 17:40:23.063: iteration 23 finished in 83.406737 seconds
2021-02-02 17:40:23.428: epoch 23:	0.05332676  	0.04119356  	0.07147507  	0.11048730  	0.07297824  	0.09117191  	0.03023644  	0.03405799  	0.17648625  	0.18617167  
2021-02-02 17:41:47.641: iteration 24 finished in 84.213477 seconds
2021-02-02 17:41:47.994: epoch 24:	0.05352165  	0.04129709  	0.07172590  	0.11069307  	0.07316192  	0.09133146  	0.03031216  	0.03412237  	0.17668766  	0.18631968  
2021-02-02 17:43:12.872: iteration 25 finished in 84.877915 seconds
2021-02-02 17:43:13.224: epoch 25:	0.05359475  	0.04131534  	0.07182214  	0.11070681  	0.07327683  	0.09141254  	0.03036659  	0.03417227  	0.17705576  	0.18666017  
2021-02-02 17:44:37.800: iteration 26 finished in 84.576517 seconds
2021-02-02 17:44:38.152: epoch 26:	0.05354602  	0.04139451  	0.07174613  	0.11094946  	0.07332222  	0.09159953  	0.03042250  	0.03424548  	0.17747845  	0.18718383  
2021-02-02 17:46:03.361: iteration 27 finished in 85.208887 seconds
2021-02-02 17:46:03.718: epoch 27:	0.05357038  	0.04144324  	0.07178636  	0.11114398  	0.07341902  	0.09175035  	0.03047781  	0.03430708  	0.17781289  	0.18756676  
2021-02-02 17:47:28.324: iteration 28 finished in 84.606291 seconds
2021-02-02 17:47:28.672: epoch 28:	0.05341203  	0.04135798  	0.07150571  	0.11085597  	0.07332178  	0.09167070  	0.03048308  	0.03432914  	0.17770980  	0.18751200  
2021-02-02 17:48:53.739: iteration 29 finished in 85.066131 seconds
2021-02-02 17:48:54.093: epoch 29:	0.05329022  	0.04129099  	0.07133642  	0.11067607  	0.07327208  	0.09163468  	0.03050823  	0.03435694  	0.17772138  	0.18756956  
2021-02-02 17:50:18.239: iteration 30 finished in 84.146842 seconds
2021-02-02 17:50:18.599: epoch 30:	0.05342419  	0.04123619  	0.07154416  	0.11055802  	0.07330521  	0.09150663  	0.03049133  	0.03430553  	0.17735593  	0.18716794  
2021-02-02 17:51:44.284: iteration 31 finished in 85.684129 seconds
2021-02-02 17:51:44.647: epoch 31:	0.05348510  	0.04121792  	0.07161953  	0.11050664  	0.07343441  	0.09156861  	0.03056225  	0.03435619  	0.17786779  	0.18766513  
2021-02-02 17:53:09.610: iteration 32 finished in 84.963747 seconds
2021-02-02 17:53:10.081: epoch 32:	0.05354600  	0.04124228  	0.07172354  	0.11050405  	0.07351026  	0.09159987  	0.03059703  	0.03437875  	0.17796461  	0.18773426  
2021-02-02 17:54:34.501: iteration 33 finished in 84.420193 seconds
2021-02-02 17:54:34.851: epoch 33:	0.05355818  	0.04125448  	0.07177804  	0.11059063  	0.07361145  	0.09170312  	0.03065331  	0.03443583  	0.17838103  	0.18811041  
2021-02-02 17:55:58.539: iteration 34 finished in 83.686570 seconds
2021-02-02 17:55:58.888: epoch 34:	0.05349728  	0.04129101  	0.07172351  	0.11071279  	0.07362239  	0.09179675  	0.03068331  	0.03448790  	0.17846745  	0.18822324  
2021-02-02 17:57:21.722: iteration 35 finished in 82.834790 seconds
2021-02-02 17:57:22.075: epoch 35:	0.05341202  	0.04134579  	0.07158633  	0.11084573  	0.07361376  	0.09191526  	0.03071452  	0.03454753  	0.17867944  	0.18847020  
2021-02-02 17:58:44.226: iteration 36 finished in 82.150919 seconds
2021-02-02 17:58:44.578: epoch 36:	0.05330241  	0.04138842  	0.07154822  	0.11098725  	0.07358269  	0.09198818  	0.03069967  	0.03456727  	0.17880857  	0.18859990  
2021-02-02 18:00:07.828: iteration 37 finished in 83.248934 seconds
2021-02-02 18:00:08.177: epoch 37:	0.05321714  	0.04137624  	0.07148032  	0.11090749  	0.07353941  	0.09195933  	0.03069351  	0.03454826  	0.17882216  	0.18871872  
2021-02-02 18:01:30.673: iteration 38 finished in 82.495615 seconds
2021-02-02 18:01:31.027: epoch 38:	0.05329023  	0.04137624  	0.07151702  	0.11095614  	0.07360159  	0.09199551  	0.03071574  	0.03456647  	0.17900163  	0.18886694  
2021-02-02 18:02:54.463: iteration 39 finished in 83.436437 seconds
2021-02-02 18:02:54.815: epoch 39:	0.05336332  	0.04141886  	0.07162567  	0.11106177  	0.07358445  	0.09196856  	0.03068635  	0.03453995  	0.17863627  	0.18845940  
2021-02-02 18:04:17.583: iteration 40 finished in 82.767397 seconds
2021-02-02 18:04:17.930: epoch 40:	0.05346075  	0.04144930  	0.07172731  	0.11114946  	0.07353923  	0.09189345  	0.03062539  	0.03446254  	0.17815460  	0.18800670  
2021-02-02 18:05:41.729: iteration 41 finished in 83.799513 seconds
2021-02-02 18:05:42.075: epoch 41:	0.05344857  	0.04143713  	0.07172219  	0.11111923  	0.07345483  	0.09179857  	0.03056954  	0.03439488  	0.17790437  	0.18778779  
2021-02-02 18:07:05.682: iteration 42 finished in 83.606855 seconds
2021-02-02 18:07:06.033: epoch 42:	0.05339985  	0.04144930  	0.07158487  	0.11122531  	0.07343684  	0.09186617  	0.03057583  	0.03443233  	0.17806414  	0.18794210  
2021-02-02 18:08:30.347: iteration 43 finished in 84.313752 seconds
2021-02-02 18:08:30.705: epoch 43:	0.05338766  	0.04141276  	0.07159786  	0.11111756  	0.07345285  	0.09184174  	0.03058507  	0.03443229  	0.17813659  	0.18802758  
2021-02-02 18:09:54.348: iteration 44 finished in 83.642439 seconds
2021-02-02 18:09:54.717: epoch 44:	0.05336330  	0.04138232  	0.07159826  	0.11101233  	0.07348461  	0.09184437  	0.03061259  	0.03446396  	0.17829373  	0.18809025  
2021-02-02 18:11:21.071: iteration 45 finished in 86.351506 seconds
2021-02-02 18:11:21.421: epoch 45:	0.05330239  	0.04138840  	0.07153098  	0.11106040  	0.07355953  	0.09197338  	0.03069607  	0.03455863  	0.17869648  	0.18855338  
2021-02-02 18:12:46.315: iteration 46 finished in 84.893674 seconds
2021-02-02 18:12:46.666: epoch 46:	0.05331457  	0.04137012  	0.07152818  	0.11098108  	0.07355099  	0.09193495  	0.03069469  	0.03454472  	0.17863955  	0.18853259  
2021-02-02 18:14:11.813: iteration 47 finished in 85.145241 seconds
2021-02-02 18:14:12.166: epoch 47:	0.05321712  	0.04139447  	0.07139632  	0.11107447  	0.07344216  	0.09193353  	0.03065359  	0.03452191  	0.17843691  	0.18842421  
2021-02-02 18:15:34.410: iteration 48 finished in 82.244661 seconds
2021-02-02 18:15:34.762: epoch 48:	0.05325366  	0.04133967  	0.07143377  	0.11092332  	0.07343397  	0.09183907  	0.03064301  	0.03449361  	0.17825204  	0.18822877  
2021-02-02 18:16:58.130: iteration 49 finished in 83.368829 seconds
2021-02-02 18:16:58.485: epoch 49:	0.05330238  	0.04132748  	0.07148411  	0.11084203  	0.07342532  	0.09177652  	0.03062363  	0.03446570  	0.17800096  	0.18795125  
2021-02-02 18:18:20.737: iteration 50 finished in 82.251375 seconds
2021-02-02 18:18:21.088: epoch 50:	0.05324148  	0.04133965  	0.07139429  	0.11092981  	0.07332642  	0.09175251  	0.03057490  	0.03442731  	0.17777109  	0.18782192  
