2021-12-15 00:26:23.030: Dataset name: u4
The number of users: 4020
The number of items: 4020
The number of ratings: 39451
Average actions of users: 9.81
Average actions of items: 9.81
The sparsity of the dataset: 99.755879%
2021-12-15 00:26:23.030: 

NeuRec hyperparameters:
recommender=WRMF
config_dir=./conf
gpu_id=0
gpu_mem=0.5
data.input.path=D:\hsyoo\Workingon_210628/_Data/ciaodvd/noniid-out-barrier/u4/
data.input.dataset=u4
data.output.path=D:\hsyoo\Workingon_210628/_Emb/ciaodvd/noniid-out-barrier/wrmf/u4_wrmf_directed_dim16_uniform_send.emb
data.column.format=UI
data.convert.separator='\t'
user_min=0
item_min=0
splitter=given
ratio=0.8
by_time=False
metric=["Precision", "Recall", "NDCG", "MAP", "MRR"]
topk=[10, 20]
group_view=None
rec.evaluate.neg=0
test_batch_size=128
num_thread=8
data.index.remap=False

WRMF's hyperparameters:
epochs=50
embedding_size=16
reg_mf=0.1
alpha=10
init_method=uniform
stddev=0.01
verbose=1
weight=uniform

2021-12-15 00:27:06.075: metrics:	Precision@10	Precision@20	Recall@10   	Recall@20   	NDCG@10     	NDCG@20     	MAP@10      	MAP@20      	MRR@10      	MRR@20      
2021-12-15 00:27:09.257: iteration 1 finished in 3.181491 seconds
2021-12-15 00:27:09.299: epoch 1:	0.03005830  	0.02531218  	0.04271987  	0.06970370  	0.03933875  	0.05130574  	0.01665836  	0.01915709  	0.08230373  	0.08881506  
2021-12-15 00:27:11.646: iteration 2 finished in 2.345675 seconds
2021-12-15 00:27:11.677: epoch 2:	0.06502892  	0.05432957  	0.09374968  	0.15782230  	0.08972399  	0.11736992  	0.04252682  	0.04972745  	0.17842925  	0.18840817  
2021-12-15 00:27:14.021: iteration 3 finished in 2.343199 seconds
2021-12-15 00:27:14.052: epoch 3:	0.07218954  	0.05965866  	0.10750194  	0.17597649  	0.09972121  	0.12953338  	0.04722120  	0.05535617  	0.19245325  	0.20230272  
2021-12-15 00:27:16.395: iteration 4 finished in 2.343199 seconds
2021-12-15 00:27:16.411: epoch 4:	0.07427114  	0.06107417  	0.11076629  	0.17687386  	0.10251664  	0.13206220  	0.04880159  	0.05702728  	0.19510563  	0.20482120  
2021-12-15 00:27:18.756: iteration 5 finished in 2.345660 seconds
2021-12-15 00:27:18.788: epoch 5:	0.07568660  	0.06253133  	0.11258268  	0.17972808  	0.10457560  	0.13478342  	0.04966372  	0.05828182  	0.19933489  	0.20864441  
2021-12-15 00:27:21.130: iteration 6 finished in 2.342699 seconds
2021-12-15 00:27:21.161: epoch 6:	0.07685229  	0.06286439  	0.11313498  	0.18132192  	0.10565401  	0.13579322  	0.05002476  	0.05843790  	0.20236968  	0.21209824  
2021-12-15 00:27:23.514: iteration 7 finished in 2.352340 seconds
2021-12-15 00:27:23.545: epoch 7:	0.07743514  	0.06357214  	0.11397085  	0.18366098  	0.10634095  	0.13691989  	0.05034679  	0.05892661  	0.20293038  	0.21243301  
2021-12-15 00:27:25.884: iteration 8 finished in 2.339742 seconds
2021-12-15 00:27:25.911: epoch 8:	0.07868409  	0.06419664  	0.11476208  	0.18527944  	0.10734060  	0.13812762  	0.05073054  	0.05940246  	0.20393157  	0.21350361  
2021-12-15 00:27:28.242: iteration 9 finished in 2.329769 seconds
2021-12-15 00:27:28.270: epoch 9:	0.07868410  	0.06415500  	0.11449689  	0.18577772  	0.10721708  	0.13827692  	0.05064507  	0.05951147  	0.20364016  	0.21296054  
2021-12-15 00:27:30.611: iteration 10 finished in 2.340740 seconds
2021-12-15 00:27:30.639: epoch 10:	0.07926695  	0.06432153  	0.11576105  	0.18627009  	0.10813798  	0.13888787  	0.05109797  	0.06007117  	0.20470536  	0.21362197  
2021-12-15 00:27:32.980: iteration 11 finished in 2.340739 seconds
2021-12-15 00:27:33.008: epoch 11:	0.07818451  	0.06436316  	0.11485992  	0.18459047  	0.10723302  	0.13822907  	0.05019209  	0.05934528  	0.20590246  	0.21456444  
2021-12-15 00:27:35.359: iteration 12 finished in 2.350713 seconds
2021-12-15 00:27:35.387: epoch 12:	0.07818452  	0.06482115  	0.11464372  	0.18747608  	0.10770524  	0.13964981  	0.05048613  	0.05990943  	0.20830251  	0.21718456  
2021-12-15 00:27:37.740: iteration 13 finished in 2.352708 seconds
2021-12-15 00:27:37.769: epoch 13:	0.07810124  	0.06482116  	0.11466698  	0.18706436  	0.10773813  	0.13963000  	0.05045111  	0.05993810  	0.20859794  	0.21753423  
2021-12-15 00:27:40.126: iteration 14 finished in 2.357695 seconds
2021-12-15 00:27:40.154: epoch 14:	0.07851756  	0.06490442  	0.11445497  	0.18779035  	0.10747785  	0.13949247  	0.05012004  	0.05964709  	0.20737012  	0.21654975  
2021-12-15 00:27:42.512: iteration 15 finished in 2.356698 seconds
2021-12-15 00:27:42.540: epoch 15:	0.07901715  	0.06457134  	0.11473044  	0.18672360  	0.10837945  	0.13973348  	0.05074738  	0.06009110  	0.20941468  	0.21867613  
2021-12-15 00:27:44.905: iteration 16 finished in 2.364677 seconds
2021-12-15 00:27:44.935: epoch 16:	0.07943346  	0.06498768  	0.11572161  	0.18830733  	0.10842244  	0.13999532  	0.05065809  	0.06004807  	0.20801906  	0.21718049  
2021-12-15 00:27:47.291: iteration 17 finished in 2.356697 seconds
2021-12-15 00:27:47.318: epoch 17:	0.07918367  	0.06519584  	0.11458571  	0.18840604  	0.10799951  	0.14007989  	0.05055358  	0.06005753  	0.20770250  	0.21720168  
2021-12-15 00:27:49.671: iteration 18 finished in 2.352708 seconds
2021-12-15 00:27:49.697: epoch 18:	0.07943345  	0.06507096  	0.11485542  	0.18890083  	0.10822001  	0.14019717  	0.05073306  	0.06018769  	0.20741799  	0.21734129  
2021-12-15 00:27:52.055: iteration 19 finished in 2.358692 seconds
2021-12-15 00:27:52.084: epoch 19:	0.07976652  	0.06540403  	0.11505228  	0.19049312  	0.10846347  	0.14091714  	0.05111152  	0.06067647  	0.20697659  	0.21711080  
2021-12-15 00:27:54.447: iteration 20 finished in 2.362682 seconds
2021-12-15 00:27:54.475: epoch 20:	0.07910042  	0.06544565  	0.11473132  	0.19000877  	0.10866137  	0.14138457  	0.05146651  	0.06114242  	0.20929441  	0.21983799  
2021-12-15 00:27:56.838: iteration 21 finished in 2.362682 seconds
2021-12-15 00:27:56.866: epoch 21:	0.07968327  	0.06527915  	0.11531641  	0.18966560  	0.10901227  	0.14123301  	0.05158116  	0.06111263  	0.20947416  	0.21993427  
2021-12-15 00:27:59.227: iteration 22 finished in 2.361684 seconds
2021-12-15 00:27:59.256: epoch 22:	0.07951672  	0.06519588  	0.11552941  	0.18738358  	0.10882030  	0.14053962  	0.05136194  	0.06079572  	0.21000546  	0.21990463  
2021-12-15 00:28:01.617: iteration 23 finished in 2.360686 seconds
2021-12-15 00:28:01.645: epoch 23:	0.07993304  	0.06536242  	0.11594626  	0.18744412  	0.10949594  	0.14111711  	0.05181200  	0.06133561  	0.21141967  	0.22083576  
2021-12-15 00:28:03.989: iteration 24 finished in 2.342734 seconds
2021-12-15 00:28:04.017: epoch 24:	0.07959998  	0.06561220  	0.11612185  	0.18795201  	0.10967902  	0.14165699  	0.05199220  	0.06170906  	0.21240462  	0.22196758  
2021-12-15 00:28:06.365: iteration 25 finished in 2.348719 seconds
2021-12-15 00:28:06.393: epoch 25:	0.08001629  	0.06582036  	0.11646785  	0.18867001  	0.10970284  	0.14172632  	0.05201563  	0.06165698  	0.21080381  	0.22054896  
2021-12-15 00:28:08.739: iteration 26 finished in 2.345726 seconds
2021-12-15 00:28:08.767: epoch 26:	0.08009956  	0.06590360  	0.11608652  	0.18920277  	0.10982076  	0.14211284  	0.05223286  	0.06183513  	0.21161495  	0.22173943  
2021-12-15 00:28:11.101: iteration 27 finished in 2.334499 seconds
2021-12-15 00:28:11.133: epoch 27:	0.08051588  	0.06607014  	0.11542539  	0.18947740  	0.10981086  	0.14231119  	0.05221606  	0.06182734  	0.21208647  	0.22226921  
2021-12-15 00:28:13.491: iteration 28 finished in 2.358819 seconds
2021-12-15 00:28:13.523: epoch 28:	0.08018282  	0.06548730  	0.11510804  	0.18800737  	0.10933504  	0.14137687  	0.05194014  	0.06147110  	0.21101227  	0.22108628  
2021-12-15 00:28:15.865: iteration 29 finished in 2.342728 seconds
2021-12-15 00:28:15.881: epoch 29:	0.08009956  	0.06552890  	0.11507586  	0.18820271  	0.10922908  	0.14135714  	0.05181439  	0.06143053  	0.21091707  	0.22069108  
2021-12-15 00:28:18.243: iteration 30 finished in 2.362289 seconds
2021-12-15 00:28:18.274: epoch 30:	0.08051588  	0.06552891  	0.11474081  	0.18944559  	0.10867677  	0.14093272  	0.05134801  	0.06098967  	0.20822088  	0.21779384  
2021-12-15 00:28:20.633: iteration 31 finished in 2.358820 seconds
2021-12-15 00:28:20.673: epoch 31:	0.07984978  	0.06577872  	0.11448344  	0.18958195  	0.10821411  	0.14094624  	0.05109111  	0.06089370  	0.20738263  	0.21725979  
2021-12-15 00:28:23.037: iteration 32 finished in 2.363863 seconds
2021-12-15 00:28:23.064: epoch 32:	0.08001629  	0.06619505  	0.11472066  	0.19315892  	0.10816637  	0.14173108  	0.05096038  	0.06096906  	0.20719698  	0.21717444  
2021-12-15 00:28:25.434: iteration 33 finished in 2.370660 seconds
2021-12-15 00:28:25.462: epoch 33:	0.08018283  	0.06611179  	0.11486006  	0.19162026  	0.10837892  	0.14145261  	0.05109391  	0.06096761  	0.20756377  	0.21747097  
2021-12-15 00:28:27.845: iteration 34 finished in 2.382628 seconds
2021-12-15 00:28:27.873: epoch 34:	0.07984977  	0.06627832  	0.11361898  	0.19165415  	0.10800005  	0.14166395  	0.05102902  	0.06110462  	0.20707440  	0.21720578  
2021-12-15 00:28:30.248: iteration 35 finished in 2.375647 seconds
2021-12-15 00:28:30.275: epoch 35:	0.08051587  	0.06648648  	0.11510490  	0.19171399  	0.10866635  	0.14189699  	0.05136396  	0.06128213  	0.20698188  	0.21687232  
2021-12-15 00:28:32.634: iteration 36 finished in 2.357694 seconds
2021-12-15 00:28:32.662: epoch 36:	0.08068239  	0.06636159  	0.11577743  	0.19102797  	0.10886890  	0.14157887  	0.05146461  	0.06119767  	0.20631875  	0.21618988  
2021-12-15 00:28:35.033: iteration 37 finished in 2.369662 seconds
2021-12-15 00:28:35.062: epoch 37:	0.08001629  	0.06623670  	0.11414745  	0.19071208  	0.10783478  	0.14107001  	0.05074796  	0.06069979  	0.20577790  	0.21590570  
2021-12-15 00:28:37.418: iteration 38 finished in 2.355700 seconds
2021-12-15 00:28:37.448: epoch 38:	0.08043261  	0.06636158  	0.11475508  	0.19206385  	0.10828864  	0.14155458  	0.05088030  	0.06083629  	0.20722777  	0.21715917  
2021-12-15 00:28:39.795: iteration 39 finished in 2.346724 seconds
2021-12-15 00:28:39.823: epoch 39:	0.08059914  	0.06636159  	0.11439392  	0.19189593  	0.10832690  	0.14152956  	0.05094397  	0.06076113  	0.20730144  	0.21733560  
2021-12-15 00:28:42.187: iteration 40 finished in 2.364676 seconds
2021-12-15 00:28:42.215: epoch 40:	0.08018282  	0.06619506  	0.11385993  	0.19189049  	0.10820039  	0.14162222  	0.05098649  	0.06080929  	0.20783605  	0.21815889  
2021-12-15 00:28:44.585: iteration 41 finished in 2.369663 seconds
2021-12-15 00:28:44.612: epoch 41:	0.08043260  	0.06590364  	0.11417876  	0.19162017  	0.10848383  	0.14154133  	0.05116871  	0.06091284  	0.20813179  	0.21823521  
2021-12-15 00:28:46.980: iteration 42 finished in 2.367668 seconds
2021-12-15 00:28:47.007: epoch 42:	0.08018281  	0.06598691  	0.11346756  	0.19253320  	0.10832413  	0.14192364  	0.05121239  	0.06104661  	0.20860888  	0.21911398  
2021-12-15 00:28:49.366: iteration 43 finished in 2.359689 seconds
2021-12-15 00:28:49.395: epoch 43:	0.08043261  	0.06602854  	0.11392044  	0.19258000  	0.10876579  	0.14217278  	0.05145860  	0.06123787  	0.20950332  	0.21978660  
2021-12-15 00:28:51.759: iteration 44 finished in 2.362681 seconds
2021-12-15 00:28:51.786: epoch 44:	0.08059912  	0.06611180  	0.11517172  	0.19294214  	0.10953032  	0.14263737  	0.05194835  	0.06155314  	0.21069907  	0.22082412  
2021-12-15 00:28:54.155: iteration 45 finished in 2.369663 seconds
2021-12-15 00:28:54.183: epoch 45:	0.08084892  	0.06615342  	0.11565416  	0.19297816  	0.10978688  	0.14271349  	0.05203264  	0.06157601  	0.21091814  	0.22106516  
2021-12-15 00:28:56.548: iteration 46 finished in 2.364676 seconds
2021-12-15 00:28:56.575: epoch 46:	0.08118197  	0.06636159  	0.11569569  	0.19366942  	0.10978203  	0.14281411  	0.05197505  	0.06153572  	0.20981029  	0.21989083  
2021-12-15 00:28:58.954: iteration 47 finished in 2.378639 seconds
2021-12-15 00:28:58.980: epoch 47:	0.08134850  	0.06623670  	0.11571694  	0.19350140  	0.10969266  	0.14252977  	0.05177099  	0.06121044  	0.20959154  	0.21980609  
2021-12-15 00:29:01.363: iteration 48 finished in 2.381631 seconds
2021-12-15 00:29:01.390: epoch 48:	0.08134851  	0.06627831  	0.11540341  	0.19302800  	0.10980437  	0.14267223  	0.05189670  	0.06137666  	0.21022756  	0.22041132  
2021-12-15 00:29:03.758: iteration 49 finished in 2.367669 seconds
2021-12-15 00:29:03.787: epoch 49:	0.08109871  	0.06623668  	0.11499207  	0.19307546  	0.10951145  	0.14257790  	0.05169791  	0.06132123  	0.20968270  	0.21971482  
2021-12-15 00:29:06.154: iteration 50 finished in 2.367666 seconds
2021-12-15 00:29:06.183: epoch 50:	0.08118197  	0.06644485  	0.11545365  	0.19357118  	0.10969401  	0.14283994  	0.05171768  	0.06137976  	0.20992222  	0.21990505  
