2021-12-15 00:07:46.007: Dataset name: u4
The number of users: 4472
The number of items: 4472
The number of ratings: 39953
Average actions of users: 8.93
Average actions of items: 8.93
The sparsity of the dataset: 99.800223%
2021-12-15 00:07:46.007: 

NeuRec hyperparameters:
recommender=WRMF
config_dir=./conf
gpu_id=0
gpu_mem=0.5
data.input.path=D:\hsyoo\Workingon_210628/_Data/ciaodvd/noniid-in-barrier/u4/
data.input.dataset=u4
data.output.path=D:\hsyoo\Workingon_210628/_Emb/ciaodvd/noniid-in-barrier/wrmf/u4_wrmf_directed_dim16_uniform_send.emb
data.column.format=UI
data.convert.separator='\t'
user_min=0
item_min=0
splitter=given
ratio=0.8
by_time=False
metric=["Precision", "Recall", "NDCG", "MAP", "MRR"]
topk=[10, 20]
group_view=None
rec.evaluate.neg=0
test_batch_size=128
num_thread=8
data.index.remap=False

WRMF's hyperparameters:
epochs=50
embedding_size=16
reg_mf=0.1
alpha=10
init_method=uniform
stddev=0.01
verbose=1
weight=uniform

2021-12-15 00:08:38.177: metrics:	Precision@10	Precision@20	Recall@10   	Recall@20   	NDCG@10     	NDCG@20     	MAP@10      	MAP@20      	MRR@10      	MRR@20      
2021-12-15 00:08:41.677: iteration 1 finished in 3.500648 seconds
2021-12-15 00:08:41.718: epoch 1:	0.01269085  	0.01250002  	0.01328214  	0.02843837  	0.01424426  	0.01927105  	0.00481457  	0.00511946  	0.03281079  	0.03779521  
2021-12-15 00:08:44.513: iteration 2 finished in 2.794523 seconds
2021-12-15 00:08:44.541: epoch 2:	0.02786265  	0.02509538  	0.03475071  	0.06257985  	0.03521066  	0.04391596  	0.01442288  	0.01496545  	0.07351416  	0.08088183  
2021-12-15 00:08:47.330: iteration 3 finished in 2.789540 seconds
2021-12-15 00:08:47.357: epoch 3:	0.03272904  	0.02934154  	0.04310990  	0.07478833  	0.04296351  	0.05298936  	0.01807627  	0.01874249  	0.08938076  	0.09659564  
2021-12-15 00:08:50.143: iteration 4 finished in 2.784553 seconds
2021-12-15 00:08:50.171: epoch 4:	0.03473284  	0.03101138  	0.04393240  	0.07972322  	0.04515736  	0.05624482  	0.01904423  	0.01987842  	0.09390753  	0.10187743  
2021-12-15 00:08:52.963: iteration 5 finished in 2.792532 seconds
2021-12-15 00:08:52.989: epoch 5:	0.03635496  	0.03158389  	0.04795327  	0.08236267  	0.04807175  	0.05829063  	0.02066778  	0.02112499  	0.09802347  	0.10545826  
2021-12-15 00:08:55.793: iteration 6 finished in 2.803503 seconds
2021-12-15 00:08:55.821: epoch 6:	0.03616411  	0.03191786  	0.04822491  	0.08324666  	0.04931275  	0.05989860  	0.02175369  	0.02227429  	0.10266231  	0.11044687  
2021-12-15 00:08:58.618: iteration 7 finished in 2.797519 seconds
2021-12-15 00:08:58.647: epoch 7:	0.03692747  	0.03253808  	0.05040912  	0.08376518  	0.05126815  	0.06147050  	0.02299488  	0.02343054  	0.10611104  	0.11372384  
2021-12-15 00:09:01.449: iteration 8 finished in 2.801507 seconds
2021-12-15 00:09:01.475: epoch 8:	0.03654580  	0.03287204  	0.04973611  	0.08377502  	0.05057738  	0.06134645  	0.02241080  	0.02295768  	0.10568924  	0.11365085  
2021-12-15 00:09:04.261: iteration 9 finished in 2.785550 seconds
2021-12-15 00:09:04.287: epoch 9:	0.03778624  	0.03287204  	0.05133776  	0.08317512  	0.05179773  	0.06147685  	0.02273837  	0.02303932  	0.10793694  	0.11507324  
2021-12-15 00:09:07.077: iteration 10 finished in 2.790538 seconds
2021-12-15 00:09:07.104: epoch 10:	0.03740456  	0.03373081  	0.05084435  	0.08564158  	0.05140135  	0.06244102  	0.02265766  	0.02327554  	0.10636970  	0.11436653  
2021-12-15 00:09:09.898: iteration 11 finished in 2.793529 seconds
2021-12-15 00:09:09.924: epoch 11:	0.03778624  	0.03392165  	0.05114616  	0.08542835  	0.05181751  	0.06281649  	0.02289282  	0.02354427  	0.10664156  	0.11461725  
2021-12-15 00:09:12.688: iteration 12 finished in 2.763403 seconds
2021-12-15 00:09:12.728: epoch 12:	0.03788166  	0.03401707  	0.05149258  	0.08612998  	0.05164376  	0.06274135  	0.02268547  	0.02331644  	0.10522239  	0.11336044  
2021-12-15 00:09:15.515: iteration 13 finished in 2.786545 seconds
2021-12-15 00:09:15.530: epoch 13:	0.03864502  	0.03420791  	0.05238064  	0.08704111  	0.05222984  	0.06319343  	0.02291621  	0.02346298  	0.10511484  	0.11338966  
2021-12-15 00:09:18.342: iteration 14 finished in 2.811839 seconds
2021-12-15 00:09:18.358: epoch 14:	0.03921753  	0.03449417  	0.05263656  	0.08749810  	0.05261893  	0.06358761  	0.02315265  	0.02378465  	0.10483122  	0.11252454  
2021-12-15 00:09:21.157: iteration 15 finished in 2.798570 seconds
2021-12-15 00:09:21.188: epoch 15:	0.03931295  	0.03458959  	0.05313427  	0.08871076  	0.05328146  	0.06444073  	0.02352714  	0.02413580  	0.10761657  	0.11556665  
2021-12-15 00:09:23.990: iteration 16 finished in 2.801871 seconds
2021-12-15 00:09:24.016: epoch 16:	0.03893127  	0.03458960  	0.05238453  	0.08821994  	0.05272461  	0.06415731  	0.02322857  	0.02393081  	0.10724473  	0.11531179  
2021-12-15 00:09:26.831: iteration 17 finished in 2.815471 seconds
2021-12-15 00:09:26.857: epoch 17:	0.03931294  	0.03482815  	0.05250939  	0.08949108  	0.05317959  	0.06489224  	0.02341884  	0.02422150  	0.10872906  	0.11662880  
2021-12-15 00:09:29.661: iteration 18 finished in 2.804499 seconds
2021-12-15 00:09:29.688: epoch 18:	0.03902669  	0.03492357  	0.05275679  	0.08941485  	0.05296018  	0.06476270  	0.02339684  	0.02418750  	0.10702892  	0.11500052  
2021-12-15 00:09:32.500: iteration 19 finished in 2.811481 seconds
2021-12-15 00:09:32.529: epoch 19:	0.03854959  	0.03482815  	0.05258046  	0.08906540  	0.05227423  	0.06419832  	0.02283153  	0.02371807  	0.10594520  	0.11381160  
2021-12-15 00:09:35.327: iteration 20 finished in 2.798517 seconds
2021-12-15 00:09:35.353: epoch 20:	0.03854959  	0.03458959  	0.05267855  	0.08919580  	0.05283946  	0.06458314  	0.02323483  	0.02408044  	0.10825195  	0.11582570  
2021-12-15 00:09:38.160: iteration 21 finished in 2.806495 seconds
2021-12-15 00:09:38.184: epoch 21:	0.03854959  	0.03449418  	0.05301630  	0.08891288  	0.05303187  	0.06457901  	0.02340256  	0.02415855  	0.10856435  	0.11615714  
2021-12-15 00:09:41.004: iteration 22 finished in 2.819460 seconds
2021-12-15 00:09:41.033: epoch 22:	0.03874042  	0.03468502  	0.05339281  	0.08927047  	0.05315825  	0.06475411  	0.02337904  	0.02416499  	0.10853861  	0.11622088  
2021-12-15 00:09:43.836: iteration 23 finished in 2.802505 seconds
2021-12-15 00:09:43.861: epoch 23:	0.03893126  	0.03478043  	0.05353948  	0.08888763  	0.05341767  	0.06485648  	0.02354030  	0.02427079  	0.10900091  	0.11678611  
2021-12-15 00:09:46.680: iteration 24 finished in 2.818463 seconds
2021-12-15 00:09:46.706: epoch 24:	0.03835875  	0.03468501  	0.05317109  	0.08936243  	0.05300775  	0.06483949  	0.02339470  	0.02428956  	0.10838486  	0.11614486  
2021-12-15 00:09:49.498: iteration 25 finished in 2.792532 seconds
2021-12-15 00:09:49.524: epoch 25:	0.03816791  	0.03454188  	0.05288427  	0.08907072  	0.05301909  	0.06480113  	0.02350513  	0.02431620  	0.10902516  	0.11711842  
2021-12-15 00:09:52.345: iteration 26 finished in 2.820457 seconds
2021-12-15 00:09:52.371: epoch 26:	0.03845416  	0.03473272  	0.05306176  	0.08992855  	0.05323781  	0.06515323  	0.02354955  	0.02443870  	0.10940380  	0.11726043  
2021-12-15 00:09:55.182: iteration 27 finished in 2.811481 seconds
2021-12-15 00:09:55.208: epoch 27:	0.03797707  	0.03473272  	0.05220340  	0.08996831  	0.05265706  	0.06507454  	0.02338941  	0.02440630  	0.10818643  	0.11638783  
2021-12-15 00:09:58.029: iteration 28 finished in 2.820457 seconds
2021-12-15 00:09:58.054: epoch 28:	0.03816791  	0.03454188  	0.05236677  	0.08928610  	0.05288905  	0.06493491  	0.02346927  	0.02440490  	0.10904973  	0.11710704  
2021-12-15 00:10:00.858: iteration 29 finished in 2.804500 seconds
2021-12-15 00:10:00.884: epoch 29:	0.03797707  	0.03454188  	0.05203744  	0.08912177  	0.05273413  	0.06490438  	0.02346315  	0.02444904  	0.10885435  	0.11694017  
2021-12-15 00:10:03.696: iteration 30 finished in 2.812478 seconds
2021-12-15 00:10:03.721: epoch 30:	0.03797707  	0.03468500  	0.05210572  	0.09099512  	0.05243202  	0.06511263  	0.02329943  	0.02432147  	0.10708189  	0.11573081  
2021-12-15 00:10:06.530: iteration 31 finished in 2.807491 seconds
2021-12-15 00:10:06.556: epoch 31:	0.03797707  	0.03458958  	0.05177845  	0.09104195  	0.05271890  	0.06542081  	0.02378371  	0.02480683  	0.10759231  	0.11620615  
2021-12-15 00:10:09.351: iteration 32 finished in 2.794527 seconds
2021-12-15 00:10:09.376: epoch 32:	0.03797707  	0.03468501  	0.05210160  	0.09182213  	0.05264178  	0.06552259  	0.02370595  	0.02477279  	0.10689787  	0.11551461  
2021-12-15 00:10:12.191: iteration 33 finished in 2.814509 seconds
2021-12-15 00:10:12.206: epoch 33:	0.03788165  	0.03449417  	0.05166117  	0.09157547  	0.05246508  	0.06536194  	0.02362847  	0.02473195  	0.10697094  	0.11556819  
2021-12-15 00:10:15.018: iteration 34 finished in 2.811837 seconds
2021-12-15 00:10:15.049: epoch 34:	0.03788165  	0.03439875  	0.05164706  	0.09135263  	0.05233436  	0.06513606  	0.02353743  	0.02464100  	0.10647832  	0.11515390  
2021-12-15 00:10:17.836: iteration 35 finished in 2.786740 seconds
2021-12-15 00:10:17.867: epoch 35:	0.03826333  	0.03444647  	0.05186700  	0.09140910  	0.05252004  	0.06511208  	0.02353361  	0.02458500  	0.10672443  	0.11515471  
2021-12-15 00:10:20.659: iteration 36 finished in 2.791965 seconds
2021-12-15 00:10:20.691: epoch 36:	0.03835875  	0.03439875  	0.05205911  	0.09171475  	0.05258809  	0.06517279  	0.02352677  	0.02458892  	0.10677744  	0.11521219  
2021-12-15 00:10:23.495: iteration 37 finished in 2.804091 seconds
2021-12-15 00:10:23.522: epoch 37:	0.03854958  	0.03454188  	0.05217142  	0.09202863  	0.05256723  	0.06520625  	0.02347142  	0.02453553  	0.10626098  	0.11479892  
2021-12-15 00:10:26.326: iteration 38 finished in 2.804500 seconds
2021-12-15 00:10:26.352: epoch 38:	0.03874042  	0.03454188  	0.05251580  	0.09184958  	0.05276746  	0.06518055  	0.02355223  	0.02452539  	0.10647415  	0.11504790  
2021-12-15 00:10:29.165: iteration 39 finished in 2.811481 seconds
2021-12-15 00:10:29.191: epoch 39:	0.03893126  	0.03454188  	0.05378806  	0.09179098  	0.05315666  	0.06517049  	0.02366410  	0.02452209  	0.10662790  	0.11507862  
2021-12-15 00:10:32.002: iteration 40 finished in 2.811481 seconds
2021-12-15 00:10:32.031: epoch 40:	0.03883584  	0.03454188  	0.05380009  	0.09147831  	0.05273004  	0.06471498  	0.02314292  	0.02400704  	0.10614739  	0.11466195  
2021-12-15 00:10:34.845: iteration 41 finished in 2.813476 seconds
2021-12-15 00:10:34.872: epoch 41:	0.03826333  	0.03473272  	0.05304212  	0.09196940  	0.05225023  	0.06487376  	0.02301055  	0.02401114  	0.10585319  	0.11470311  
2021-12-15 00:10:37.669: iteration 42 finished in 2.796521 seconds
2021-12-15 00:10:37.698: epoch 42:	0.03826332  	0.03468501  	0.05319033  	0.09179100  	0.05259272  	0.06515019  	0.02345904  	0.02449818  	0.10613149  	0.11501140  
2021-12-15 00:10:40.500: iteration 43 finished in 2.802505 seconds
2021-12-15 00:10:40.526: epoch 43:	0.03864500  	0.03458959  	0.05338138  	0.09153292  	0.05290972  	0.06509573  	0.02356945  	0.02452967  	0.10669038  	0.11520681  
2021-12-15 00:10:43.336: iteration 44 finished in 2.808489 seconds
2021-12-15 00:10:43.362: epoch 44:	0.03854958  	0.03439874  	0.05320361  	0.09217014  	0.05279867  	0.06509075  	0.02350686  	0.02450935  	0.10686949  	0.11545572  
2021-12-15 00:10:46.154: iteration 45 finished in 2.792533 seconds
2021-12-15 00:10:46.181: epoch 45:	0.03864500  	0.03449416  	0.05321686  	0.09256458  	0.05291889  	0.06529059  	0.02355169  	0.02456408  	0.10727388  	0.11575311  
2021-12-15 00:10:48.989: iteration 46 finished in 2.807492 seconds
2021-12-15 00:10:49.015: epoch 46:	0.03874042  	0.03449416  	0.05358334  	0.09250651  	0.05306376  	0.06526705  	0.02356682  	0.02455267  	0.10738067  	0.11560465  
2021-12-15 00:10:51.807: iteration 47 finished in 2.791976 seconds
2021-12-15 00:10:51.823: epoch 47:	0.03864500  	0.03435103  	0.05368936  	0.09219316  	0.05317153  	0.06523388  	0.02369308  	0.02460985  	0.10759159  	0.11592674  
2021-12-15 00:10:54.595: iteration 48 finished in 2.772224 seconds
2021-12-15 00:10:54.627: epoch 48:	0.03854958  	0.03435103  	0.05357481  	0.09186051  	0.05302530  	0.06506303  	0.02364018  	0.02451780  	0.10721217  	0.11569636  
2021-12-15 00:10:57.403: iteration 49 finished in 2.775999 seconds
2021-12-15 00:10:57.434: epoch 49:	0.03816791  	0.03439874  	0.05237556  	0.09253476  	0.05263178  	0.06532029  	0.02355752  	0.02462112  	0.10737804  	0.11605414  
2021-12-15 00:11:00.219: iteration 50 finished in 2.785316 seconds
2021-12-15 00:11:00.250: epoch 50:	0.03807249  	0.03444645  	0.05233580  	0.09261855  	0.05219327  	0.06495875  	0.02305671  	0.02411618  	0.10668321  	0.11539944  
