2021-12-14 23:08:21.343: Dataset name: u4
The number of users: 6114
The number of items: 6114
The number of ratings: 50529
Average actions of users: 8.26
Average actions of items: 8.26
The sparsity of the dataset: 99.864827%
2021-12-14 23:08:21.343: 

NeuRec hyperparameters:
recommender=WRMF
config_dir=./conf
gpu_id=0
gpu_mem=0.5
data.input.path=D:\hsyoo\Workingon_210628/_Data/jung/noniid-out-barrier/u4/
data.input.dataset=u4
data.output.path=D:\hsyoo\Workingon_210628/_Emb/jung/noniid-out-barrier/wrmf/u4_wrmf_directed_dim16_uniform_send.emb
data.column.format=UI
data.convert.separator='\t'
user_min=0
item_min=0
splitter=given
ratio=0.8
by_time=False
metric=["Precision", "Recall", "NDCG", "MAP", "MRR"]
topk=[10, 20]
group_view=None
rec.evaluate.neg=0
test_batch_size=128
num_thread=8
data.index.remap=False

WRMF's hyperparameters:
epochs=50
embedding_size=16
reg_mf=0.1
alpha=10
init_method=uniform
stddev=0.01
verbose=1
weight=uniform

2021-12-14 23:09:57.344: metrics:	Precision@10	Precision@20	Recall@10   	Recall@20   	NDCG@10     	NDCG@20     	MAP@10      	MAP@20      	MRR@10      	MRR@20      
2021-12-14 23:10:02.799: iteration 1 finished in 5.454769 seconds
2021-12-14 23:10:02.941: epoch 1:	0.08542673  	0.04866640  	0.44815108  	0.50659317  	0.37043542  	0.38824990  	0.30346957  	0.30960330  	0.41870913  	0.42224741  
2021-12-14 23:10:07.252: iteration 2 finished in 4.311470 seconds
2021-12-14 23:10:07.357: epoch 2:	0.12353906  	0.06785853  	0.63761425  	0.69422543  	0.58777535  	0.60560191  	0.51829106  	0.52524370  	0.67607194  	0.67897481  
2021-12-14 23:10:11.653: iteration 3 finished in 4.295224 seconds
2021-12-14 23:10:11.747: epoch 3:	0.12404568  	0.06812155  	0.63583755  	0.69618523  	0.57556921  	0.59413218  	0.50298327  	0.51012230  	0.65764475  	0.66065532  
2021-12-14 23:10:16.041: iteration 4 finished in 4.294521 seconds
2021-12-14 23:10:16.132: epoch 4:	0.12102570  	0.06714736  	0.61913013  	0.68445992  	0.54594654  	0.56606674  	0.46664178  	0.47429848  	0.62860012  	0.63195568  
2021-12-14 23:10:20.445: iteration 5 finished in 4.313026 seconds
2021-12-14 23:10:20.538: epoch 5:	0.11810295  	0.06611465  	0.60408056  	0.67468405  	0.50955600  	0.53110826  	0.42380258  	0.43163177  	0.58225363  	0.58620387  
2021-12-14 23:10:24.853: iteration 6 finished in 4.314877 seconds
2021-12-14 23:10:24.963: epoch 6:	0.11126378  	0.06505271  	0.56817824  	0.66378158  	0.47196865  	0.50145191  	0.38701648  	0.39813668  	0.53931689  	0.54437810  
2021-12-14 23:10:29.274: iteration 7 finished in 4.310473 seconds
2021-12-14 23:10:29.381: epoch 7:	0.10896457  	0.06419535  	0.55605173  	0.65265214  	0.45518318  	0.48453009  	0.36971000  	0.38028160  	0.51911288  	0.52411962  
2021-12-14 23:10:33.710: iteration 8 finished in 4.328424 seconds
2021-12-14 23:10:33.816: epoch 8:	0.10497038  	0.06376670  	0.53652048  	0.64807975  	0.41899973  	0.45311600  	0.33299282  	0.34554231  	0.46048427  	0.46580419  
2021-12-14 23:10:38.135: iteration 9 finished in 4.317454 seconds
2021-12-14 23:10:38.239: epoch 9:	0.10105445  	0.06286063  	0.51856768  	0.63782364  	0.39897743  	0.43601570  	0.31614995  	0.32934019  	0.43317518  	0.44039038  
2021-12-14 23:10:42.534: iteration 10 finished in 4.295512 seconds
2021-12-14 23:10:42.637: epoch 10:	0.10043102  	0.06268527  	0.51584947  	0.63608611  	0.38215557  	0.41938460  	0.29847759  	0.31183350  	0.40298858  	0.40979105  
2021-12-14 23:10:46.941: iteration 11 finished in 4.304489 seconds
2021-12-14 23:10:47.043: epoch 11:	0.09957376  	0.06233453  	0.51082230  	0.63232350  	0.37794781  	0.41532150  	0.29474208  	0.30793691  	0.39886162  	0.40579164  
2021-12-14 23:10:51.350: iteration 12 finished in 4.306693 seconds
2021-12-14 23:10:51.459: epoch 12:	0.10202854  	0.06089269  	0.52007765  	0.61898893  	0.37441227  	0.40432447  	0.28898546  	0.29883674  	0.38731280  	0.39414319  
2021-12-14 23:10:55.757: iteration 13 finished in 4.298301 seconds
2021-12-14 23:10:55.867: epoch 13:	0.09873584  	0.06092191  	0.50516808  	0.61865777  	0.36599344  	0.40078938  	0.28242007  	0.29452491  	0.38204616  	0.38893807  
2021-12-14 23:11:00.163: iteration 14 finished in 4.295885 seconds
2021-12-14 23:11:00.272: epoch 14:	0.09832664  	0.06077579  	0.50250512  	0.61709875  	0.36109784  	0.39595273  	0.27749366  	0.28940591  	0.37447888  	0.38144419  
2021-12-14 23:11:04.568: iteration 15 finished in 4.295864 seconds
2021-12-14 23:11:04.679: epoch 15:	0.09815127  	0.06066861  	0.50162500  	0.61555642  	0.35972959  	0.39410126  	0.27587473  	0.28742620  	0.37322295  	0.37995079  
2021-12-14 23:11:08.975: iteration 16 finished in 4.296240 seconds
2021-12-14 23:11:09.069: epoch 16:	0.09787844  	0.05786284  	0.50032926  	0.59125125  	0.35697642  	0.38456914  	0.27321899  	0.28283763  	0.37008101  	0.37565070  
2021-12-14 23:11:13.373: iteration 17 finished in 4.304259 seconds
2021-12-14 23:11:13.483: epoch 17:	0.09780049  	0.05778490  	0.50009227  	0.59072703  	0.35584137  	0.38331440  	0.27212274  	0.28167319  	0.36850289  	0.37410122  
2021-12-14 23:11:17.787: iteration 18 finished in 4.303921 seconds
2021-12-14 23:11:17.896: epoch 18:	0.09744976  	0.05766797  	0.49878025  	0.58976245  	0.35401094  	0.38157818  	0.27045500  	0.28001285  	0.36677751  	0.37237170  
2021-12-14 23:11:22.218: iteration 19 finished in 4.322346 seconds
2021-12-14 23:11:22.322: epoch 19:	0.09743027  	0.05759002  	0.49839699  	0.58883691  	0.35303026  	0.38040000  	0.26925933  	0.27873871  	0.36557904  	0.37109691  
2021-12-14 23:11:26.656: iteration 20 finished in 4.334408 seconds
2021-12-14 23:11:26.760: epoch 20:	0.09715747  	0.05753158  	0.49669212  	0.58745664  	0.35028490  	0.37779924  	0.26658407  	0.27613619  	0.36238745  	0.36792082  
2021-12-14 23:11:31.092: iteration 21 finished in 4.331417 seconds
2021-12-14 23:11:31.200: epoch 21:	0.09696259  	0.05743415  	0.49525663  	0.58630055  	0.34865814  	0.37623632  	0.26512602  	0.27474168  	0.36046579  	0.36595824  
2021-12-14 23:11:35.514: iteration 22 finished in 4.313465 seconds
2021-12-14 23:11:35.621: epoch 22:	0.09403955  	0.05738543  	0.47461832  	0.58577114  	0.33979437  	0.37347361  	0.25955778  	0.27123550  	0.35598773  	0.36353666  
2021-12-14 23:11:39.924: iteration 23 finished in 4.302493 seconds
2021-12-14 23:11:40.026: epoch 23:	0.09403955  	0.05732697  	0.47476122  	0.58523524  	0.33947116  	0.37295243  	0.25911683  	0.27072278  	0.35556218  	0.36306047  
2021-12-14 23:11:44.340: iteration 24 finished in 4.314462 seconds
2021-12-14 23:11:44.444: epoch 24:	0.09376675  	0.05728801  	0.47326738  	0.58513141  	0.33875632  	0.37262389  	0.25863767  	0.27038017  	0.35530901  	0.36288905  
2021-12-14 23:11:48.749: iteration 25 finished in 4.305486 seconds
2021-12-14 23:11:48.852: epoch 25:	0.09363034  	0.05727826  	0.47281265  	0.58468646  	0.33858588  	0.37253666  	0.25850743  	0.27029690  	0.35527039  	0.36288226  
2021-12-14 23:11:53.158: iteration 26 finished in 4.304489 seconds
2021-12-14 23:11:53.259: epoch 26:	0.09364982  	0.05737568  	0.47299778  	0.58510876  	0.33824983  	0.37211347  	0.25814849  	0.26975417  	0.35452336  	0.36209241  
2021-12-14 23:11:57.575: iteration 27 finished in 4.315459 seconds
2021-12-14 23:11:57.679: epoch 27:	0.09014226  	0.05734645  	0.45051786  	0.58495283  	0.33063376  	0.37142733  	0.25526598  	0.26916406  	0.35120502  	0.36130652  
2021-12-14 23:12:02.026: iteration 28 finished in 4.346377 seconds
2021-12-14 23:12:02.131: epoch 28:	0.08751152  	0.05727825  	0.43213984  	0.58444947  	0.32431006  	0.37054446  	0.25272092  	0.26835516  	0.34801978  	0.36026737  
2021-12-14 23:12:06.446: iteration 29 finished in 4.315459 seconds
2021-12-14 23:12:06.550: epoch 29:	0.08755048  	0.05732696  	0.43237042  	0.58451438  	0.32352936  	0.36931252  	0.25147259  	0.26668158  	0.34759140  	0.35954422  
2021-12-14 23:12:10.882: iteration 30 finished in 4.331899 seconds
2021-12-14 23:12:10.975: epoch 30:	0.08751150  	0.05737568  	0.43206191  	0.58548218  	0.32337713  	0.36945751  	0.25148192  	0.26675773  	0.34725016  	0.35925454  
2021-12-14 23:12:15.281: iteration 31 finished in 4.306048 seconds
2021-12-14 23:12:15.391: epoch 31:	0.08745303  	0.05728800  	0.43188331  	0.58454037  	0.32317591  	0.36887768  	0.25131565  	0.26637894  	0.34708461  	0.35887527  
2021-12-14 23:12:19.701: iteration 32 finished in 4.309775 seconds
2021-12-14 23:12:19.814: epoch 32:	0.08719972  	0.05732696  	0.43021074  	0.58498853  	0.32214850  	0.36829731  	0.25054926  	0.26571465  	0.34629050  	0.35800883  
2021-12-14 23:12:24.158: iteration 33 finished in 4.344122 seconds
2021-12-14 23:12:24.261: epoch 33:	0.08708281  	0.05729774  	0.42982104  	0.58471245  	0.32087556  	0.36693233  	0.24892646  	0.26400730  	0.34478274  	0.35635680  
2021-12-14 23:12:28.585: iteration 34 finished in 4.323438 seconds
2021-12-14 23:12:28.690: epoch 34:	0.08690742  	0.05733671  	0.42892796  	0.58508593  	0.32043135  	0.36687019  	0.24864160  	0.26385638  	0.34447965  	0.35612494  
2021-12-14 23:12:33.024: iteration 35 finished in 4.333411 seconds
2021-12-14 23:12:33.131: epoch 35:	0.08686846  	0.05728801  	0.42865196  	0.58445269  	0.31951204  	0.36585534  	0.24766663  	0.26285297  	0.34283602  	0.35444602  
2021-12-14 23:12:37.461: iteration 36 finished in 4.329422 seconds
2021-12-14 23:12:37.565: epoch 36:	0.08673204  	0.05724902  	0.42736912  	0.58394933  	0.31919199  	0.36576217  	0.24761571  	0.26286712  	0.34282047  	0.35454974  
2021-12-14 23:12:41.883: iteration 37 finished in 4.318451 seconds
2021-12-14 23:12:41.985: epoch 37:	0.08679049  	0.05723929  	0.42745033  	0.58385187  	0.31902161  	0.36547726  	0.24747096  	0.26257023  	0.34227476  	0.35403913  
2021-12-14 23:12:46.315: iteration 38 finished in 4.330419 seconds
2021-12-14 23:12:46.420: epoch 38:	0.08673202  	0.05724902  	0.42686582  	0.58443969  	0.31878752  	0.36540931  	0.24733245  	0.26243484  	0.34211400  	0.35383627  
2021-12-14 23:12:50.746: iteration 39 finished in 4.326430 seconds
2021-12-14 23:12:50.850: epoch 39:	0.08661510  	0.05725877  	0.42592400  	0.58455974  	0.31794828  	0.36485028  	0.24640380  	0.26157269  	0.34179386  	0.35363612  
2021-12-14 23:12:55.188: iteration 40 finished in 4.338398 seconds
2021-12-14 23:12:55.294: epoch 40:	0.08669303  	0.05724902  	0.42663845  	0.58422536  	0.31804767  	0.36465755  	0.24638772  	0.26144767  	0.34157673  	0.35334739  
2021-12-14 23:12:59.623: iteration 41 finished in 4.328425 seconds
2021-12-14 23:12:59.726: epoch 41:	0.08675149  	0.05725877  	0.42681703  	0.58426750  	0.31809214  	0.36450970  	0.24635042  	0.26128122  	0.34167728  	0.35331306  
2021-12-14 23:13:04.091: iteration 42 finished in 4.364329 seconds
2021-12-14 23:13:04.196: epoch 42:	0.08682944  	0.05723929  	0.42684957  	0.58415383  	0.31801230  	0.36422825  	0.24624881  	0.26099879  	0.34148461  	0.35305989  
2021-12-14 23:13:08.522: iteration 43 finished in 4.325433 seconds
2021-12-14 23:13:08.627: epoch 43:	0.08680995  	0.05715160  	0.42680082  	0.58314717  	0.31799030  	0.36395246  	0.24623512  	0.26090705  	0.34153995  	0.35307327  
2021-12-14 23:13:12.928: iteration 44 finished in 4.300708 seconds
2021-12-14 23:13:13.038: epoch 44:	0.08663458  	0.05710289  	0.42628124  	0.58283859  	0.31767428  	0.36364070  	0.24603628  	0.26071444  	0.34127942  	0.35270461  
2021-12-14 23:13:17.364: iteration 45 finished in 4.326140 seconds
2021-12-14 23:13:17.457: epoch 45:	0.08661509  	0.05711263  	0.42633966  	0.58300102  	0.31765810  	0.36363903  	0.24597391  	0.26062834  	0.34137386  	0.35280228  
2021-12-14 23:13:21.800: iteration 46 finished in 4.342676 seconds
2021-12-14 23:13:21.910: epoch 46:	0.08651766  	0.05712237  	0.42562518  	0.58326405  	0.31730908  	0.36355561  	0.24572475  	0.26047510  	0.34115994  	0.35262552  
2021-12-14 23:13:26.239: iteration 47 finished in 4.329422 seconds
2021-12-14 23:13:26.344: epoch 47:	0.08651765  	0.05711263  	0.42562518  	0.58323157  	0.31736270  	0.36359161  	0.24579500  	0.26054522  	0.34120002  	0.35264200  
2021-12-14 23:13:30.681: iteration 48 finished in 4.337400 seconds
2021-12-14 23:13:30.784: epoch 48:	0.08661509  	0.05710289  	0.42632338  	0.58301073  	0.31758228  	0.36355361  	0.24587563  	0.26054600  	0.34130028  	0.35268080  
2021-12-14 23:13:35.117: iteration 49 finished in 4.333411 seconds
2021-12-14 23:13:35.221: epoch 49:	0.08657612  	0.05710289  	0.42617074  	0.58288735  	0.31749687  	0.36349022  	0.24583390  	0.26051024  	0.34121758  	0.35260901  
2021-12-14 23:13:39.555: iteration 50 finished in 4.333411 seconds
2021-12-14 23:13:39.657: epoch 50:	0.08657612  	0.05709314  	0.42636552  	0.58262759  	0.31773382  	0.36362109  	0.24608190  	0.26073599  	0.34140521  	0.35276592  
