2021-12-15 00:45:41.354: Dataset name: u4
The number of users: 4514
The number of items: 4514
The number of ratings: 40015
Average actions of users: 8.86
Average actions of items: 8.86
The sparsity of the dataset: 99.803619%
2021-12-15 00:45:41.354: 

NeuRec hyperparameters:
recommender=WRMF
config_dir=./conf
gpu_id=0
gpu_mem=0.5
data.input.path=D:\hsyoo\Workingon_210628/_Data/ciaodvd/random-barrier/u4/
data.input.dataset=u4
data.output.path=D:\hsyoo\Workingon_210628/_Emb/ciaodvd/random-barrier/wrmf/u4_wrmf_directed_dim16_uniform_send.emb
data.column.format=UI
data.convert.separator='\t'
user_min=0
item_min=0
splitter=given
ratio=0.8
by_time=False
metric=["Precision", "Recall", "NDCG", "MAP", "MRR"]
topk=[10, 20]
group_view=None
rec.evaluate.neg=0
test_batch_size=128
num_thread=8
data.index.remap=False

WRMF's hyperparameters:
epochs=50
embedding_size=16
reg_mf=0.1
alpha=10
init_method=uniform
stddev=0.01
verbose=1
weight=uniform

2021-12-15 00:46:35.046: metrics:	Precision@10	Precision@20	Recall@10   	Recall@20   	NDCG@10     	NDCG@20     	MAP@10      	MAP@20      	MRR@10      	MRR@20      
2021-12-15 00:46:38.601: iteration 1 finished in 3.553496 seconds
2021-12-15 00:46:38.634: epoch 1:	0.03841639  	0.03470177  	0.04076424  	0.07013052  	0.05161456  	0.05883715  	0.02327961  	0.02227749  	0.11979161  	0.12665822  
2021-12-15 00:46:41.432: iteration 2 finished in 2.797519 seconds
2021-12-15 00:46:41.458: epoch 2:	0.08748747  	0.07184764  	0.10921259  	0.17330733  	0.11899727  	0.13355850  	0.05976123  	0.05807140  	0.22334163  	0.23180772  
2021-12-15 00:46:44.249: iteration 3 finished in 2.791533 seconds
2021-12-15 00:46:44.274: epoch 3:	0.10117268  	0.08152518  	0.12582830  	0.19815174  	0.13500297  	0.15109570  	0.06837277  	0.06676580  	0.24526711  	0.25291997  
2021-12-15 00:46:47.067: iteration 4 finished in 2.792532 seconds
2021-12-15 00:46:47.092: epoch 4:	0.10254121  	0.08489767  	0.13001800  	0.20182414  	0.13990684  	0.15732190  	0.07224096  	0.07133190  	0.25283474  	0.26034501  
2021-12-15 00:46:49.893: iteration 5 finished in 2.800510 seconds
2021-12-15 00:46:49.919: epoch 5:	0.10420302  	0.08504426  	0.13155968  	0.20477812  	0.14127202  	0.15871246  	0.07234460  	0.07172764  	0.25650591  	0.26384729  
2021-12-15 00:46:52.716: iteration 6 finished in 2.796521 seconds
2021-12-15 00:46:52.741: epoch 6:	0.10459401  	0.08519091  	0.13085601  	0.20522961  	0.14181837  	0.15945168  	0.07315090  	0.07243917  	0.25659972  	0.26408914  
2021-12-15 00:46:55.535: iteration 7 finished in 2.794526 seconds
2021-12-15 00:46:55.560: epoch 7:	0.10430075  	0.08528865  	0.12698182  	0.20574510  	0.14209543  	0.16066006  	0.07383505  	0.07338260  	0.26172784  	0.26881948  
2021-12-15 00:46:58.355: iteration 8 finished in 2.794526 seconds
2021-12-15 00:46:58.382: epoch 8:	0.10381199  	0.08602178  	0.12777069  	0.20599832  	0.14211822  	0.16107948  	0.07374900  	0.07341310  	0.26248312  	0.27001712  
2021-12-15 00:47:01.191: iteration 9 finished in 2.809486 seconds
2021-12-15 00:47:01.217: epoch 9:	0.10527824  	0.08651056  	0.12984636  	0.20450649  	0.14272054  	0.16061592  	0.07371791  	0.07301612  	0.26115265  	0.26861006  
2021-12-15 00:47:04.018: iteration 10 finished in 2.799513 seconds
2021-12-15 00:47:04.043: epoch 10:	0.10518048  	0.08626618  	0.13007991  	0.20481411  	0.14343688  	0.16130941  	0.07438657  	0.07371549  	0.26331863  	0.27057084  
2021-12-15 00:47:06.843: iteration 11 finished in 2.799512 seconds
2021-12-15 00:47:06.870: epoch 11:	0.10635353  	0.08611958  	0.13195074  	0.20532818  	0.14462961  	0.16162105  	0.07502661  	0.07401308  	0.26390794  	0.27106369  
2021-12-15 00:47:09.679: iteration 12 finished in 2.808763 seconds
2021-12-15 00:47:09.703: epoch 12:	0.10703778  	0.08572855  	0.13193467  	0.20476569  	0.14468335  	0.16083808  	0.07495324  	0.07347490  	0.26345399  	0.27026552  
2021-12-15 00:47:12.505: iteration 13 finished in 2.802333 seconds
2021-12-15 00:47:12.536: epoch 13:	0.10723326  	0.08607069  	0.13162187  	0.20705619  	0.14447604  	0.16145411  	0.07467428  	0.07358800  	0.26314145  	0.27028558  
2021-12-15 00:47:15.366: iteration 14 finished in 2.829714 seconds
2021-12-15 00:47:15.382: epoch 14:	0.10635349  	0.08587518  	0.13067085  	0.20669034  	0.14359656  	0.16111791  	0.07427016  	0.07344989  	0.26139009  	0.26854908  
2021-12-15 00:47:18.178: iteration 15 finished in 2.795931 seconds
2021-12-15 00:47:18.193: epoch 15:	0.10684225  	0.08523979  	0.13127238  	0.20349115  	0.14392516  	0.16000700  	0.07461632  	0.07340446  	0.26021007  	0.26664832  
2021-12-15 00:47:20.992: iteration 16 finished in 2.798527 seconds
2021-12-15 00:47:21.007: epoch 16:	0.10694001  	0.08602180  	0.13304588  	0.20465332  	0.14410357  	0.16052298  	0.07482579  	0.07361782  	0.25744545  	0.26428688  
2021-12-15 00:47:23.827: iteration 17 finished in 2.819893 seconds
2021-12-15 00:47:23.851: epoch 17:	0.10723325  	0.08626620  	0.13342395  	0.20454341  	0.14437078  	0.16077806  	0.07491872  	0.07368905  	0.25813001  	0.26529258  
2021-12-15 00:47:26.648: iteration 18 finished in 2.796520 seconds
2021-12-15 00:47:26.674: epoch 18:	0.10645121  	0.08660833  	0.13261269  	0.20538373  	0.14379025  	0.16118130  	0.07467612  	0.07388888  	0.25723511  	0.26454258  
2021-12-15 00:47:29.481: iteration 19 finished in 2.807492 seconds
2021-12-15 00:47:29.507: epoch 19:	0.10674445  	0.08675495  	0.13379624  	0.20654844  	0.14452022  	0.16179718  	0.07498794  	0.07408246  	0.25932366  	0.26664066  
2021-12-15 00:47:32.308: iteration 20 finished in 2.800511 seconds
2021-12-15 00:47:32.332: epoch 20:	0.10654898  	0.08675496  	0.13401493  	0.20535724  	0.14518984  	0.16220675  	0.07575375  	0.07468077  	0.26126781  	0.26860836  
2021-12-15 00:47:35.131: iteration 21 finished in 2.798515 seconds
2021-12-15 00:47:35.157: epoch 21:	0.10703774  	0.08699936  	0.13500766  	0.20785053  	0.14554434  	0.16281368  	0.07584636  	0.07476797  	0.26105484  	0.26852566  
2021-12-15 00:47:37.955: iteration 22 finished in 2.798516 seconds
2021-12-15 00:47:37.980: epoch 22:	0.10742874  	0.08719487  	0.13534375  	0.20769164  	0.14576475  	0.16281796  	0.07595815  	0.07482194  	0.26063749  	0.26807305  
2021-12-15 00:47:40.772: iteration 23 finished in 2.791534 seconds
2021-12-15 00:47:40.798: epoch 23:	0.10752648  	0.08753701  	0.13568908  	0.20722573  	0.14595442  	0.16307755  	0.07618140  	0.07512753  	0.25999516  	0.26749286  
2021-12-15 00:47:43.598: iteration 24 finished in 2.800511 seconds
2021-12-15 00:47:43.624: epoch 24:	0.10733099  	0.08748815  	0.13566111  	0.20754050  	0.14620814  	0.16342662  	0.07641564  	0.07541871  	0.26126358  	0.26863804  
2021-12-15 00:47:46.432: iteration 25 finished in 2.807492 seconds
2021-12-15 00:47:46.458: epoch 25:	0.10713549  	0.08748814  	0.13442206  	0.20848428  	0.14517477  	0.16301791  	0.07582340  	0.07497391  	0.25788876  	0.26549727  
2021-12-15 00:47:49.256: iteration 26 finished in 2.798516 seconds
2021-12-15 00:47:49.281: epoch 26:	0.10694000  	0.08739040  	0.13413987  	0.20836140  	0.14501718  	0.16288243  	0.07576567  	0.07493325  	0.25764555  	0.26523533  
2021-12-15 00:47:52.221: iteration 27 finished in 2.940137 seconds
2021-12-15 00:47:52.250: epoch 27:	0.10713550  	0.08743928  	0.13573475  	0.20898147  	0.14613555  	0.16371877  	0.07658186  	0.07562086  	0.25956729  	0.26710606  
2021-12-15 00:47:55.052: iteration 28 finished in 2.801507 seconds
2021-12-15 00:47:55.077: epoch 28:	0.10684225  	0.08748814  	0.13558115  	0.20969458  	0.14588320  	0.16388482  	0.07656350  	0.07580215  	0.25778052  	0.26534015  
2021-12-15 00:47:57.928: iteration 29 finished in 2.851373 seconds
2021-12-15 00:47:57.953: epoch 29:	0.10713550  	0.08734149  	0.13493611  	0.20966743  	0.14611717  	0.16399501  	0.07678448  	0.07601764  	0.25836784  	0.26576582  
2021-12-15 00:48:00.765: iteration 30 finished in 2.812479 seconds
2021-12-15 00:48:00.794: epoch 30:	0.10742876  	0.08739037  	0.13508579  	0.21044631  	0.14634296  	0.16424404  	0.07684392  	0.07603888  	0.25895548  	0.26643029  
2021-12-15 00:48:03.611: iteration 31 finished in 2.816467 seconds
2021-12-15 00:48:03.637: epoch 31:	0.10752651  	0.08729261  	0.13504636  	0.21025173  	0.14621298  	0.16394918  	0.07663357  	0.07576041  	0.25873905  	0.26609534  
2021-12-15 00:48:06.433: iteration 32 finished in 2.796521 seconds
2021-12-15 00:48:06.458: epoch 32:	0.10791751  	0.08729262  	0.13448587  	0.21008059  	0.14635889  	0.16403142  	0.07668003  	0.07584646  	0.25927708  	0.26666474  
2021-12-15 00:48:09.272: iteration 33 finished in 2.813476 seconds
2021-12-15 00:48:09.298: epoch 33:	0.10733101  	0.08734152  	0.13375536  	0.21034050  	0.14575383  	0.16400346  	0.07640667  	0.07575992  	0.25828168  	0.26603687  
2021-12-15 00:48:12.073: iteration 34 finished in 2.775434 seconds
2021-12-15 00:48:12.104: epoch 34:	0.10703775  	0.08695049  	0.13362879  	0.20913279  	0.14593767  	0.16382399  	0.07663596  	0.07585835  	0.25972280  	0.26734999  
2021-12-15 00:48:14.885: iteration 35 finished in 2.780596 seconds
2021-12-15 00:48:14.916: epoch 35:	0.10645124  	0.08714599  	0.13318032  	0.20918055  	0.14550409  	0.16389129  	0.07632298  	0.07587087  	0.25977051  	0.26736817  
2021-12-15 00:48:17.699: iteration 36 finished in 2.782800 seconds
2021-12-15 00:48:17.730: epoch 36:	0.10635349  	0.08690161  	0.13259284  	0.20925370  	0.14504158  	0.16353767  	0.07601228  	0.07562649  	0.25859204  	0.26618463  
2021-12-15 00:48:20.511: iteration 37 finished in 2.780595 seconds
2021-12-15 00:48:20.526: epoch 37:	0.10664675  	0.08699937  	0.13052523  	0.20917416  	0.14510106  	0.16398849  	0.07648661  	0.07617890  	0.25891203  	0.26676527  
2021-12-15 00:48:23.336: iteration 38 finished in 2.809320 seconds
2021-12-15 00:48:23.362: epoch 38:	0.10645127  	0.08675500  	0.13020961  	0.20877717  	0.14504386  	0.16382813  	0.07654933  	0.07611810  	0.25914904  	0.26718202  
2021-12-15 00:48:26.155: iteration 39 finished in 2.792531 seconds
2021-12-15 00:48:26.179: epoch 39:	0.10625576  	0.08665723  	0.13008030  	0.20826313  	0.14483377  	0.16355233  	0.07634500  	0.07593136  	0.25948921  	0.26753083  
2021-12-15 00:48:28.974: iteration 40 finished in 2.794527 seconds
2021-12-15 00:48:29.000: epoch 40:	0.10625575  	0.08651061  	0.12984405  	0.20727733  	0.14474343  	0.16320141  	0.07625379  	0.07576629  	0.25942916  	0.26732254  
2021-12-15 00:48:31.796: iteration 41 finished in 2.796520 seconds
2021-12-15 00:48:31.823: epoch 41:	0.10586476  	0.08670612  	0.12926507  	0.20833781  	0.14407721  	0.16325246  	0.07591546  	0.07563441  	0.25769246  	0.26572019  
2021-12-15 00:48:34.629: iteration 42 finished in 2.805498 seconds
2021-12-15 00:48:34.653: epoch 42:	0.10586476  	0.08670612  	0.13034926  	0.20851304  	0.14427832  	0.16327560  	0.07594261  	0.07561901  	0.25743458  	0.26546472  
2021-12-15 00:48:37.459: iteration 43 finished in 2.805497 seconds
2021-12-15 00:48:37.485: epoch 43:	0.10557149  	0.08685274  	0.13015044  	0.20920835  	0.14420220  	0.16356304  	0.07591203  	0.07571031  	0.25807151  	0.26607648  
2021-12-15 00:48:40.281: iteration 44 finished in 2.796521 seconds
2021-12-15 00:48:40.307: epoch 44:	0.10537598  	0.08670612  	0.12996052  	0.20904686  	0.14394753  	0.16335224  	0.07572361  	0.07555275  	0.25771889  	0.26587227  
2021-12-15 00:48:43.102: iteration 45 finished in 2.793530 seconds
2021-12-15 00:48:43.129: epoch 45:	0.10527824  	0.08690162  	0.13034551  	0.20974602  	0.14400221  	0.16364203  	0.07570361  	0.07562171  	0.25764316  	0.26587766  
2021-12-15 00:48:45.927: iteration 46 finished in 2.798516 seconds
2021-12-15 00:48:45.953: epoch 46:	0.10537600  	0.08724374  	0.12998696  	0.21104616  	0.14398171  	0.16410135  	0.07577537  	0.07577023  	0.25730804  	0.26571345  
2021-12-15 00:48:48.765: iteration 47 finished in 2.810483 seconds
2021-12-15 00:48:48.789: epoch 47:	0.10547375  	0.08714598  	0.13127129  	0.21096544  	0.14375941  	0.16345701  	0.07520203  	0.07505110  	0.25617534  	0.26442084  
2021-12-15 00:48:51.601: iteration 48 finished in 2.812479 seconds
2021-12-15 00:48:51.628: epoch 48:	0.10547376  	0.08719487  	0.13137040  	0.21100838  	0.14386474  	0.16352348  	0.07521655  	0.07504983  	0.25654501  	0.26463547  
2021-12-15 00:48:54.436: iteration 49 finished in 2.807492 seconds
2021-12-15 00:48:54.461: epoch 49:	0.10498499  	0.08734149  	0.13087861  	0.21103269  	0.14333469  	0.16337878  	0.07480814  	0.07478904  	0.25687855  	0.26496872  
2021-12-15 00:48:57.260: iteration 50 finished in 2.798515 seconds
2021-12-15 00:48:57.285: epoch 50:	0.10478948  	0.08729261  	0.13069215  	0.21099955  	0.14320649  	0.16331822  	0.07465121  	0.07468334  	0.25766218  	0.26572859  
