2021-12-14 22:34:35.448: Dataset name: u4
The number of users: 6105
The number of items: 6105
The number of ratings: 50499
Average actions of users: 8.27
Average actions of items: 8.27
The sparsity of the dataset: 99.864509%
2021-12-14 22:34:35.448: 

NeuRec hyperparameters:
recommender=WRMF
config_dir=./conf
gpu_id=0
gpu_mem=0.5
data.input.path=D:\hsyoo\Workingon_210628/_Data/jung/noniid-in-barrier/u4/
data.input.dataset=u4
data.output.path=D:\hsyoo\Workingon_210628/_Emb/jung/noniid-in-barrier/wrmf/u4_wrmf_directed_dim16_uniform_send.emb
data.column.format=UI
data.convert.separator='\t'
user_min=0
item_min=0
splitter=given
ratio=0.8
by_time=False
metric=["Precision", "Recall", "NDCG", "MAP", "MRR"]
topk=[10, 20]
group_view=None
rec.evaluate.neg=0
test_batch_size=128
num_thread=8
data.index.remap=False

WRMF's hyperparameters:
epochs=50
embedding_size=16
reg_mf=0.1
alpha=10
init_method=uniform
stddev=0.01
verbose=1
weight=uniform

2021-12-14 22:36:10.224: metrics:	Precision@10	Precision@20	Recall@10   	Recall@20   	NDCG@10     	NDCG@20     	MAP@10      	MAP@20      	MRR@10      	MRR@20      
2021-12-14 22:36:15.647: iteration 1 finished in 5.421235 seconds
2021-12-14 22:36:15.756: epoch 1:	0.04676328  	0.02979192  	0.13586804  	0.17911991  	0.10592628  	0.11789934  	0.07983419  	0.08270083  	0.11624893  	0.11993911  
2021-12-14 22:36:20.041: iteration 2 finished in 4.284647 seconds
2021-12-14 22:36:20.134: epoch 2:	0.06923104  	0.04211754  	0.22997390  	0.28713337  	0.19397275  	0.20888869  	0.15687872  	0.15930913  	0.22449298  	0.22905917  
2021-12-14 22:36:24.423: iteration 3 finished in 4.288708 seconds
2021-12-14 22:36:24.508: epoch 3:	0.07461315  	0.04525289  	0.25002280  	0.31021655  	0.21104138  	0.22676048  	0.17036778  	0.17320679  	0.24477892  	0.24932791  
2021-12-14 22:36:28.794: iteration 4 finished in 4.285539 seconds
2021-12-14 22:36:28.876: epoch 4:	0.07608560  	0.04666189  	0.25435212  	0.32029662  	0.21561660  	0.23308368  	0.17447859  	0.17802314  	0.24974060  	0.25476143  
2021-12-14 22:36:33.172: iteration 5 finished in 4.295513 seconds
2021-12-14 22:36:33.258: epoch 5:	0.07664414  	0.04749968  	0.25756991  	0.32630542  	0.21712370  	0.23556474  	0.17523350  	0.17913365  	0.25137144  	0.25646371  
2021-12-14 22:36:37.526: iteration 6 finished in 4.268585 seconds
2021-12-14 22:36:37.613: epoch 6:	0.07768504  	0.04785510  	0.26421598  	0.32990354  	0.22049408  	0.23804644  	0.17743978  	0.18107654  	0.25399446  	0.25878277  
2021-12-14 22:36:41.895: iteration 7 finished in 4.282547 seconds
2021-12-14 22:36:41.979: epoch 7:	0.07776121  	0.04802012  	0.26430371  	0.33089462  	0.22096120  	0.23886584  	0.17794363  	0.18168187  	0.25465068  	0.25962356  
2021-12-14 22:36:46.273: iteration 8 finished in 4.293518 seconds
2021-12-14 22:36:46.360: epoch 8:	0.07809125  	0.04809630  	0.26622120  	0.33077657  	0.22150026  	0.23887959  	0.17794274  	0.18154863  	0.25481263  	0.25964695  
2021-12-14 22:36:50.657: iteration 9 finished in 4.296510 seconds
2021-12-14 22:36:50.742: epoch 9:	0.07801507  	0.04822323  	0.26542726  	0.33167988  	0.22082192  	0.23874618  	0.17733002  	0.18117808  	0.25393343  	0.25878605  
2021-12-14 22:36:55.070: iteration 10 finished in 4.328424 seconds
2021-12-14 22:36:55.156: epoch 10:	0.07814203  	0.04822323  	0.26654863  	0.33061391  	0.22112352  	0.23863827  	0.17742118  	0.18122697  	0.25432855  	0.25904879  
2021-12-14 22:36:59.452: iteration 11 finished in 4.296510 seconds
2021-12-14 22:36:59.537: epoch 11:	0.07796430  	0.04827401  	0.26577595  	0.33118114  	0.22067386  	0.23867722  	0.17705984  	0.18107940  	0.25418535  	0.25905168  
2021-12-14 22:37:03.842: iteration 12 finished in 4.304489 seconds
2021-12-14 22:37:03.926: epoch 12:	0.07791352  	0.04845171  	0.26536667  	0.33204243  	0.22064182  	0.23909026  	0.17720951  	0.18142948  	0.25420079  	0.25907224  
2021-12-14 22:37:08.233: iteration 13 finished in 4.307481 seconds
2021-12-14 22:37:08.319: epoch 13:	0.07811663  	0.04851518  	0.26567212  	0.33240542  	0.22124226  	0.23974517  	0.17782307  	0.18203031  	0.25483361  	0.25984102  
2021-12-14 22:37:12.615: iteration 14 finished in 4.296126 seconds
2021-12-14 22:37:12.693: epoch 14:	0.07809124  	0.04848979  	0.26515272  	0.33205271  	0.22128667  	0.23991948  	0.17799428  	0.18237282  	0.25515699  	0.26009697  
2021-12-14 22:37:16.976: iteration 15 finished in 4.282701 seconds
2021-12-14 22:37:17.069: epoch 15:	0.07809125  	0.04854055  	0.26510271  	0.33308080  	0.22092868  	0.23983179  	0.17768115  	0.18210742  	0.25434580  	0.25944987  
2021-12-14 22:37:21.351: iteration 16 finished in 4.281943 seconds
2021-12-14 22:37:21.429: epoch 16:	0.07824358  	0.04846439  	0.26587459  	0.33250383  	0.22096197  	0.23940082  	0.17744248  	0.18170692  	0.25410587  	0.25908974  
2021-12-14 22:37:25.751: iteration 17 finished in 4.321635 seconds
2021-12-14 22:37:25.830: epoch 17:	0.07864980  	0.04847709  	0.26933450  	0.33267242  	0.22189534  	0.23937616  	0.17769378  	0.18162851  	0.25413412  	0.25879082  
2021-12-14 22:37:30.130: iteration 18 finished in 4.300446 seconds
2021-12-14 22:37:30.208: epoch 18:	0.07897984  	0.04852787  	0.27324569  	0.33253539  	0.22300185  	0.23942339  	0.17801572  	0.18164861  	0.25446758  	0.25870040  
2021-12-14 22:37:34.500: iteration 19 finished in 4.291644 seconds
2021-12-14 22:37:34.584: epoch 19:	0.07895444  	0.04857864  	0.27313498  	0.33296549  	0.22291143  	0.23950970  	0.17795250  	0.18166098  	0.25437024  	0.25863144  
2021-12-14 22:37:38.880: iteration 20 finished in 4.295864 seconds
2021-12-14 22:37:38.958: epoch 20:	0.07905601  	0.04854055  	0.27435052  	0.33284229  	0.22333032  	0.23953056  	0.17814942  	0.18168662  	0.25458431  	0.25877643  
2021-12-14 22:37:43.253: iteration 21 finished in 4.294838 seconds
2021-12-14 22:37:43.331: epoch 21:	0.07903062  	0.04864210  	0.27433553  	0.33355376  	0.22315530  	0.23958454  	0.17798516  	0.18162625  	0.25423735  	0.25841415  
2021-12-14 22:37:47.645: iteration 22 finished in 4.313833 seconds
2021-12-14 22:37:47.739: epoch 22:	0.07905601  	0.04866749  	0.27433553  	0.33366472  	0.22293723  	0.23937929  	0.17769344  	0.18133701  	0.25395995  	0.25812516  
2021-12-14 22:37:52.021: iteration 23 finished in 4.282519 seconds
2021-12-14 22:37:52.099: epoch 23:	0.07910679  	0.04859133  	0.27446741  	0.33264858  	0.22300626  	0.23911409  	0.17773539  	0.18127303  	0.25406811  	0.25816283  
2021-12-14 22:37:56.412: iteration 24 finished in 4.313099 seconds
2021-12-14 22:37:56.490: epoch 24:	0.07908139  	0.04860402  	0.27422506  	0.33285549  	0.22294725  	0.23917609  	0.17772974  	0.18132062  	0.25409853  	0.25821066  
2021-12-14 22:38:00.803: iteration 25 finished in 4.296787 seconds
2021-12-14 22:38:00.897: epoch 25:	0.07887828  	0.04871826  	0.27369189  	0.33444980  	0.22268948  	0.23956470  	0.17761204  	0.18143974  	0.25390056  	0.25816908  
2021-12-14 22:38:05.214: iteration 26 finished in 4.316922 seconds
2021-12-14 22:38:05.292: epoch 26:	0.07877673  	0.04870557  	0.27293029  	0.33436319  	0.22220333  	0.23928176  	0.17720163  	0.18110144  	0.25344551  	0.25777701  
2021-12-14 22:38:09.589: iteration 27 finished in 4.297114 seconds
2021-12-14 22:38:09.667: epoch 27:	0.07870056  	0.04874364  	0.27246681  	0.33474988  	0.22208460  	0.23941317  	0.17719315  	0.18116319  	0.25334027  	0.25778610  
2021-12-14 22:38:13.964: iteration 28 finished in 4.297583 seconds
2021-12-14 22:38:14.043: epoch 28:	0.07872595  	0.04878172  	0.27256188  	0.33513448  	0.22204116  	0.23946096  	0.17711720  	0.18113707  	0.25316703  	0.25758198  
2021-12-14 22:38:18.347: iteration 29 finished in 4.304025 seconds
2021-12-14 22:38:18.425: epoch 29:	0.07895444  	0.04880711  	0.27398124  	0.33525902  	0.22243281  	0.23943141  	0.17723273  	0.18110107  	0.25313586  	0.25738820  
2021-12-14 22:38:22.747: iteration 30 finished in 4.322655 seconds
2021-12-14 22:38:22.836: epoch 30:	0.07900521  	0.04878172  	0.27409267  	0.33443293  	0.22241154  	0.23918124  	0.17717479  	0.18097366  	0.25301555  	0.25723934  
2021-12-14 22:38:27.153: iteration 31 finished in 4.316457 seconds
2021-12-14 22:38:27.235: epoch 31:	0.07903060  	0.04868018  	0.27424502  	0.33371034  	0.22244623  	0.23899743  	0.17720477  	0.18095912  	0.25286949  	0.25705448  
2021-12-14 22:38:31.573: iteration 32 finished in 4.337400 seconds
2021-12-14 22:38:31.659: epoch 32:	0.07908138  	0.04864210  	0.27435783  	0.33393124  	0.22227852  	0.23878555  	0.17700140  	0.18066765  	0.25235456  	0.25661829  
2021-12-14 22:38:35.986: iteration 33 finished in 4.327427 seconds
2021-12-14 22:38:36.070: epoch 33:	0.07905600  	0.04866749  	0.27418858  	0.33443174  	0.22253956  	0.23923530  	0.17735171  	0.18109043  	0.25289005  	0.25717145  
2021-12-14 22:38:40.462: iteration 34 finished in 4.391257 seconds
2021-12-14 22:38:40.548: epoch 34:	0.07910677  	0.04873095  	0.27452707  	0.33558631  	0.22256643  	0.23939316  	0.17731835  	0.18105090  	0.25275365  	0.25706977  
2021-12-14 22:38:44.938: iteration 35 finished in 4.390260 seconds
2021-12-14 22:38:45.025: epoch 35:	0.07870056  	0.04873095  	0.27004391  	0.33551091  	0.22136566  	0.23940232  	0.17692959  	0.18107891  	0.25255558  	0.25722891  
2021-12-14 22:38:49.407: iteration 36 finished in 4.382280 seconds
2021-12-14 22:38:49.493: epoch 36:	0.07867517  	0.04868018  	0.27011582  	0.33435982  	0.22119667  	0.23897429  	0.17669785  	0.18080918  	0.25232747  	0.25688967  
2021-12-14 22:38:53.908: iteration 37 finished in 4.415192 seconds
2021-12-14 22:38:53.992: epoch 37:	0.07867517  	0.04869287  	0.26998046  	0.33415303  	0.22070116  	0.23846996  	0.17620404  	0.18032286  	0.25128207  	0.25588727  
2021-12-14 22:38:58.395: iteration 38 finished in 4.403224 seconds
2021-12-14 22:38:58.479: epoch 38:	0.07864979  	0.04875635  	0.26982778  	0.33513981  	0.22063524  	0.23868252  	0.17619182  	0.18035030  	0.25126866  	0.25598988  
2021-12-14 22:39:02.889: iteration 39 finished in 4.410206 seconds
2021-12-14 22:39:02.974: epoch 39:	0.07870056  	0.04871827  	0.27001196  	0.33501396  	0.22056074  	0.23848507  	0.17603202  	0.18015373  	0.25103581  	0.25574473  
2021-12-14 22:39:07.359: iteration 40 finished in 4.384275 seconds
2021-12-14 22:39:07.443: epoch 40:	0.07864978  	0.04865481  	0.26954654  	0.33435062  	0.22033378  	0.23823959  	0.17590997  	0.18003476  	0.25079313  	0.25551692  
2021-12-14 22:39:11.823: iteration 41 finished in 4.379130 seconds
2021-12-14 22:39:11.901: epoch 41:	0.07867517  	0.04868019  	0.26957473  	0.33437178  	0.22029153  	0.23818457  	0.17585050  	0.17995629  	0.25068846  	0.25539911  
2021-12-14 22:39:16.292: iteration 42 finished in 4.391251 seconds
2021-12-14 22:39:16.370: epoch 42:	0.07870056  	0.04865481  	0.26962551  	0.33310181  	0.22016279  	0.23777343  	0.17564592  	0.17971340  	0.25041252  	0.25503969  
2021-12-14 22:39:20.746: iteration 43 finished in 4.375835 seconds
2021-12-14 22:39:20.824: epoch 43:	0.07862440  	0.04868019  	0.26926407  	0.33373106  	0.21993335  	0.23779428  	0.17548721  	0.17961308  	0.25022066  	0.25490370  
2021-12-14 22:39:25.222: iteration 44 finished in 4.397591 seconds
2021-12-14 22:39:25.307: epoch 44:	0.07862440  	0.04875635  	0.26945862  	0.33525661  	0.21994035  	0.23811077  	0.17546600  	0.17965947  	0.25016513  	0.25492039  
2021-12-14 22:39:29.722: iteration 45 finished in 4.414195 seconds
2021-12-14 22:39:29.808: epoch 45:	0.07870056  	0.04881982  	0.26972461  	0.33550036  	0.21998990  	0.23817302  	0.17543967  	0.17964935  	0.25007561  	0.25484815  
2021-12-14 22:39:34.220: iteration 46 finished in 4.411203 seconds
2021-12-14 22:39:34.304: epoch 46:	0.07870056  	0.04878174  	0.26975170  	0.33460578  	0.22008634  	0.23804128  	0.17556447  	0.17971152  	0.25021273  	0.25493747  
2021-12-14 22:39:38.720: iteration 47 finished in 4.416190 seconds
2021-12-14 22:39:38.804: epoch 47:	0.07862440  	0.04884521  	0.26947668  	0.33481947  	0.22001636  	0.23818381  	0.17554067  	0.17978260  	0.25035080  	0.25513393  
2021-12-14 22:39:43.211: iteration 48 finished in 4.407214 seconds
2021-12-14 22:39:43.296: epoch 48:	0.07859901  	0.04881983  	0.26915935  	0.33409804  	0.21999352  	0.23807928  	0.17559358  	0.17984751  	0.25047225  	0.25518137  
2021-12-14 22:39:47.703: iteration 49 finished in 4.407213 seconds
2021-12-14 22:39:47.790: epoch 49:	0.07859901  	0.04894676  	0.26905355  	0.33497211  	0.22000565  	0.23840116  	0.17559488  	0.17997254  	0.25058448  	0.25529388  
2021-12-14 22:39:52.197: iteration 50 finished in 4.407214 seconds
2021-12-14 22:39:52.283: epoch 50:	0.07854822  	0.04887060  	0.26881480  	0.33462012  	0.21992196  	0.23827976  	0.17554311  	0.17993149  	0.25053671  	0.25523064  
