2021-12-14 21:58:40.557: Dataset name: u4
The number of users: 6599
The number of items: 6599
The number of ratings: 103172
Average actions of users: 15.63
Average actions of items: 15.63
The sparsity of the dataset: 99.763078%
2021-12-14 21:58:40.557: 

NeuRec hyperparameters:
recommender=WRMF
config_dir=./conf
gpu_id=0
gpu_mem=0.5
data.input.path=D:\hsyoo\Workingon_210628/_Data/wiki-vote/random-barrier/u4/
data.input.dataset=u4
data.output.path=D:\hsyoo\Workingon_210628/_Emb/wiki-vote/random-barrier/wrmf/u4_wrmf_directed_dim16_uniform_send.emb
data.column.format=UI
data.convert.separator='\t'
user_min=0
item_min=0
splitter=given
ratio=0.8
by_time=False
metric=["Precision", "Recall", "NDCG", "MAP", "MRR"]
topk=[10, 20]
group_view=None
rec.evaluate.neg=0
test_batch_size=128
num_thread=8
data.index.remap=False

WRMF's hyperparameters:
epochs=50
embedding_size=16
reg_mf=0.1
alpha=10
init_method=uniform
stddev=0.01
verbose=1
weight=uniform

2021-12-14 22:00:30.544: metrics:	Precision@10	Precision@20	Recall@10   	Recall@20   	NDCG@10     	NDCG@20     	MAP@10      	MAP@20      	MRR@10      	MRR@20      
2021-12-14 22:00:36.489: iteration 1 finished in 5.943106 seconds
2021-12-14 22:00:36.583: epoch 1:	0.02507228  	0.02201510  	0.03157539  	0.05360773  	0.03489885  	0.03995837  	0.01738633  	0.01679814  	0.06295426  	0.06746034  
2021-12-14 22:00:41.456: iteration 2 finished in 4.871971 seconds
2021-12-14 22:00:41.533: epoch 2:	0.06660674  	0.05654900  	0.10706925  	0.16667804  	0.10285702  	0.11858352  	0.05625832  	0.05702605  	0.16597445  	0.17323665  
2021-12-14 22:00:46.278: iteration 3 finished in 4.745309 seconds
2021-12-14 22:00:46.355: epoch 3:	0.07420456  	0.06369459  	0.12380236  	0.19893742  	0.11780370  	0.13758890  	0.06600371  	0.06738675  	0.18703119  	0.19510767  
2021-12-14 22:00:51.153: iteration 4 finished in 4.797437 seconds
2021-12-14 22:00:51.231: epoch 4:	0.07720749  	0.06604624  	0.12951851  	0.20998004  	0.12321226  	0.14456692  	0.06952897  	0.07134274  	0.19531389  	0.20371807  
2021-12-14 22:00:56.007: iteration 5 finished in 4.775969 seconds
2021-12-14 22:00:56.085: epoch 5:	0.08002952  	0.06747533  	0.13252810  	0.21147700  	0.12690447  	0.14744863  	0.07191636  	0.07332014  	0.20001405  	0.20815150  
2021-12-14 22:01:00.794: iteration 6 finished in 4.709296 seconds
2021-12-14 22:01:00.875: epoch 6:	0.08068078  	0.06863306  	0.13269031  	0.21268842  	0.12768123  	0.14884250  	0.07242638  	0.07387680  	0.20104876  	0.20954983  
2021-12-14 22:01:05.725: iteration 7 finished in 4.850437 seconds
2021-12-14 22:01:05.803: epoch 7:	0.08241746  	0.06912152  	0.13586095  	0.21525711  	0.12997161  	0.15044180  	0.07345201  	0.07462262  	0.20442474  	0.21204217  
2021-12-14 22:01:10.509: iteration 8 finished in 4.705621 seconds
2021-12-14 22:01:10.590: epoch 8:	0.08165768  	0.06962803  	0.13410811  	0.21791105  	0.12940079  	0.15153651  	0.07313782  	0.07484378  	0.20611450  	0.21423799  
2021-12-14 22:01:15.408: iteration 9 finished in 4.818041 seconds
2021-12-14 22:01:15.486: epoch 9:	0.08144061  	0.06982703  	0.13516559  	0.22034754  	0.12950744  	0.15226834  	0.07325970  	0.07522855  	0.20537663  	0.21362492  
2021-12-14 22:01:20.274: iteration 10 finished in 4.788231 seconds
2021-12-14 22:01:20.337: epoch 10:	0.08288782  	0.06980892  	0.13833891  	0.21979433  	0.13167170  	0.15295564  	0.07468539  	0.07617360  	0.20692310  	0.21496677  
2021-12-14 22:01:25.130: iteration 11 finished in 4.793317 seconds
2021-12-14 22:01:25.203: epoch 11:	0.08364759  	0.07004412  	0.14082450  	0.22200561  	0.13320489  	0.15425457  	0.07564152  	0.07704268  	0.20849608  	0.21638557  
2021-12-14 22:01:29.942: iteration 12 finished in 4.739326 seconds
2021-12-14 22:01:30.013: epoch 12:	0.08386469  	0.06998986  	0.14448065  	0.22206895  	0.13447809  	0.15465216  	0.07607527  	0.07729645  	0.21017016  	0.21771108  
2021-12-14 22:01:34.881: iteration 13 finished in 4.866984 seconds
2021-12-14 22:01:34.956: epoch 13:	0.08379231  	0.07036975  	0.14426160  	0.22416748  	0.13428496  	0.15511762  	0.07580224  	0.07714672  	0.21029310  	0.21792528  
2021-12-14 22:01:39.683: iteration 14 finished in 4.727357 seconds
2021-12-14 22:01:39.758: epoch 14:	0.08411791  	0.07042404  	0.14354663  	0.22532976  	0.13473974  	0.15584105  	0.07632417  	0.07749998  	0.21165732  	0.21979910  
2021-12-14 22:01:44.510: iteration 15 finished in 4.752291 seconds
2021-12-14 22:01:44.581: epoch 15:	0.08386464  	0.07026122  	0.14328480  	0.22459742  	0.13474953  	0.15581204  	0.07642344  	0.07761230  	0.21228188  	0.22038254  
2021-12-14 22:01:49.503: iteration 16 finished in 4.921838 seconds
2021-12-14 22:01:49.577: epoch 16:	0.08415408  	0.07002606  	0.14432946  	0.22373815  	0.13514899  	0.15555403  	0.07664061  	0.07760301  	0.21169493  	0.21973655  
2021-12-14 22:01:54.315: iteration 17 finished in 4.736334 seconds
2021-12-14 22:01:54.385: epoch 17:	0.08437118  	0.07004417  	0.14533906  	0.22344050  	0.13563226  	0.15570498  	0.07698953  	0.07784412  	0.21157663  	0.21939778  
2021-12-14 22:01:59.164: iteration 18 finished in 4.778222 seconds
2021-12-14 22:01:59.235: epoch 18:	0.08491387  	0.07018889  	0.14508361  	0.22458732  	0.13559619  	0.15582088  	0.07669256  	0.07754168  	0.21108304  	0.21883442  
2021-12-14 22:02:04.003: iteration 19 finished in 4.768248 seconds
2021-12-14 22:02:04.078: epoch 19:	0.08491389  	0.07017079  	0.14465863  	0.22463211  	0.13529465  	0.15557063  	0.07652558  	0.07737002  	0.21010715  	0.21788469  
2021-12-14 22:02:08.831: iteration 20 finished in 4.752291 seconds
2021-12-14 22:02:08.904: epoch 20:	0.08484154  	0.07027934  	0.14360583  	0.22460066  	0.13505049  	0.15565231  	0.07652587  	0.07738794  	0.21032231  	0.21817897  
2021-12-14 22:02:13.807: iteration 21 finished in 4.903271 seconds
2021-12-14 22:02:13.872: epoch 21:	0.08487771  	0.07040596  	0.14444095  	0.22594042  	0.13545980  	0.15621230  	0.07684083  	0.07780228  	0.21051089  	0.21833023  
2021-12-14 22:02:18.615: iteration 22 finished in 4.743037 seconds
2021-12-14 22:02:18.678: epoch 22:	0.08491387  	0.07036979  	0.14340763  	0.22576626  	0.13490830  	0.15586428  	0.07638282  	0.07734559  	0.20983383  	0.21781702  
2021-12-14 22:02:23.427: iteration 23 finished in 4.748913 seconds
2021-12-14 22:02:23.500: epoch 23:	0.08502242  	0.07026124  	0.14302798  	0.22494082  	0.13500126  	0.15568490  	0.07644774  	0.07730507  	0.21036665  	0.21828830  
2021-12-14 22:02:28.336: iteration 24 finished in 4.833075 seconds
2021-12-14 22:02:28.417: epoch 24:	0.08538422  	0.07035170  	0.14316510  	0.22514549  	0.13512632  	0.15571830  	0.07646708  	0.07725683  	0.20993172  	0.21782187  
2021-12-14 22:02:33.157: iteration 25 finished in 4.738328 seconds
2021-12-14 22:02:33.226: epoch 25:	0.08480535  	0.07020698  	0.14337620  	0.22575255  	0.13450131  	0.15538856  	0.07596638  	0.07689239  	0.20861578  	0.21666321  
2021-12-14 22:02:38.225: iteration 26 finished in 4.998632 seconds
2021-12-14 22:02:38.308: epoch 26:	0.08480534  	0.07017080  	0.14496964  	0.22579212  	0.13502270  	0.15554863  	0.07624406  	0.07703969  	0.20930004  	0.21725647  
2021-12-14 22:02:43.043: iteration 27 finished in 4.735336 seconds
2021-12-14 22:02:43.115: epoch 27:	0.08455207  	0.07013462  	0.14481483  	0.22518303  	0.13506806  	0.15557395  	0.07635311  	0.07719390  	0.20983997  	0.21778691  
2021-12-14 22:02:47.886: iteration 28 finished in 4.771240 seconds
2021-12-14 22:02:47.958: epoch 28:	0.08491387  	0.07004417  	0.14553557  	0.22520795  	0.13525279  	0.15539013  	0.07636717  	0.07704384  	0.20934413  	0.21721199  
2021-12-14 22:02:52.681: iteration 29 finished in 4.723369 seconds
2021-12-14 22:02:52.753: epoch 29:	0.08502242  	0.07002609  	0.14497377  	0.22418611  	0.13540593  	0.15537338  	0.07658093  	0.07720746  	0.20983088  	0.21774380  
2021-12-14 22:02:57.531: iteration 30 finished in 4.778222 seconds
2021-12-14 22:02:57.608: epoch 30:	0.08502243  	0.06984519  	0.14512551  	0.22348084  	0.13544321  	0.15516625  	0.07657130  	0.07721294  	0.20971419  	0.21749581  
2021-12-14 22:03:02.362: iteration 31 finished in 4.754274 seconds
2021-12-14 22:03:02.433: epoch 31:	0.08484153  	0.06982708  	0.14540148  	0.22198930  	0.13541037  	0.15481897  	0.07647482  	0.07716759  	0.21005605  	0.21762906  
2021-12-14 22:03:07.198: iteration 32 finished in 4.764258 seconds
2021-12-14 22:03:07.268: epoch 32:	0.08466063  	0.06982708  	0.14518698  	0.22227088  	0.13518180  	0.15473953  	0.07633007  	0.07702983  	0.20982562  	0.21750030  
2021-12-14 22:03:11.999: iteration 33 finished in 4.730841 seconds
2021-12-14 22:03:12.077: epoch 33:	0.08476918  	0.06984517  	0.14560211  	0.22237276  	0.13536267  	0.15476668  	0.07640957  	0.07700425  	0.20991905  	0.21768491  
2021-12-14 22:03:16.811: iteration 34 finished in 4.734152 seconds
2021-12-14 22:03:16.892: epoch 34:	0.08462445  	0.06997181  	0.14547260  	0.22366506  	0.13517129  	0.15502134  	0.07627463  	0.07704000  	0.20951435  	0.21738657  
2021-12-14 22:03:21.616: iteration 35 finished in 4.723424 seconds
2021-12-14 22:03:21.689: epoch 35:	0.08487771  	0.07015270  	0.14543371  	0.22415389  	0.13503660  	0.15498137  	0.07609438  	0.07688336  	0.20891096  	0.21676117  
2021-12-14 22:03:26.677: iteration 36 finished in 4.986664 seconds
2021-12-14 22:03:26.755: epoch 36:	0.08491389  	0.07009844  	0.14481962  	0.22391175  	0.13492446  	0.15492766  	0.07615808  	0.07696076  	0.20848648  	0.21632037  
2021-12-14 22:03:31.506: iteration 37 finished in 4.751293 seconds
2021-12-14 22:03:31.581: epoch 37:	0.08498625  	0.07013462  	0.14506032  	0.22476055  	0.13503997  	0.15514320  	0.07619386  	0.07702091  	0.20863336  	0.21647109  
2021-12-14 22:03:36.343: iteration 38 finished in 4.762264 seconds
2021-12-14 22:03:36.416: epoch 38:	0.08484153  	0.07022507  	0.14450148  	0.22502483  	0.13492422  	0.15531962  	0.07620383  	0.07711707  	0.20889351  	0.21679994  
2021-12-14 22:03:41.151: iteration 39 finished in 4.735336 seconds
2021-12-14 22:03:41.223: epoch 39:	0.08484152  	0.07017079  	0.14446358  	0.22495130  	0.13484462  	0.15522052  	0.07613569  	0.07702132  	0.20864369  	0.21667472  
2021-12-14 22:03:46.000: iteration 40 finished in 4.777224 seconds
2021-12-14 22:03:46.074: epoch 40:	0.08476915  	0.07024316  	0.14444907  	0.22504376  	0.13478749  	0.15526664  	0.07607435  	0.07700473  	0.20882116  	0.21689868  
2021-12-14 22:03:50.850: iteration 41 finished in 4.775229 seconds
2021-12-14 22:03:50.925: epoch 41:	0.08451589  	0.07022506  	0.14344552  	0.22483534  	0.13458975  	0.15533155  	0.07609265  	0.07710881  	0.20929822  	0.21744454  
2021-12-14 22:03:55.715: iteration 42 finished in 4.790190 seconds
2021-12-14 22:03:55.786: epoch 42:	0.08451588  	0.07011652  	0.14370921  	0.22371686  	0.13459183  	0.15498914  	0.07608758  	0.07704350  	0.20890552  	0.21689278  
2021-12-14 22:04:00.619: iteration 43 finished in 4.833074 seconds
2021-12-14 22:04:00.696: epoch 43:	0.08451589  	0.07020697  	0.14418305  	0.22437792  	0.13466261  	0.15512800  	0.07610353  	0.07707397  	0.20867439  	0.21669850  
2021-12-14 22:04:05.759: iteration 44 finished in 5.063459 seconds
2021-12-14 22:04:05.838: epoch 44:	0.08455206  	0.07006225  	0.14400734  	0.22355987  	0.13464028  	0.15487085  	0.07612215  	0.07702153  	0.20855419  	0.21649636  
2021-12-14 22:04:10.574: iteration 45 finished in 4.736032 seconds
2021-12-14 22:04:10.652: epoch 45:	0.08451588  	0.07006225  	0.14383735  	0.22379178  	0.13429935  	0.15461732  	0.07572475  	0.07667833  	0.20795089  	0.21589074  
2021-12-14 22:04:15.405: iteration 46 finished in 4.752852 seconds
2021-12-14 22:04:15.468: epoch 46:	0.08451588  	0.07002607  	0.14375433  	0.22410491  	0.13420610  	0.15459377  	0.07564043  	0.07662249  	0.20763029  	0.21564220  
2021-12-14 22:04:20.242: iteration 47 finished in 4.774440 seconds
2021-12-14 22:04:20.305: epoch 47:	0.08433498  	0.07002607  	0.14295498  	0.22411092  	0.13417634  	0.15481353  	0.07577780  	0.07682478  	0.20825142  	0.21633586  
2021-12-14 22:04:25.096: iteration 48 finished in 4.791661 seconds
2021-12-14 22:04:25.172: epoch 48:	0.08419026  	0.07002607  	0.14277908  	0.22442906  	0.13393830  	0.15477192  	0.07560794  	0.07672649  	0.20787956  	0.21603464  
2021-12-14 22:04:29.917: iteration 49 finished in 4.745310 seconds
2021-12-14 22:04:29.990: epoch 49:	0.08411790  	0.07009843  	0.14170073  	0.22413790  	0.13357976  	0.15467036  	0.07546040  	0.07666966  	0.20761541  	0.21587081  
2021-12-14 22:04:34.776: iteration 50 finished in 4.786200 seconds
2021-12-14 22:04:34.851: epoch 50:	0.08422644  	0.07013461  	0.14172374  	0.22379245  	0.13372819  	0.15471499  	0.07562881  	0.07684074  	0.20776418  	0.21595325  
