2021-12-17 05:16:58.469: Dataset name: u4
The number of users: 22495
The number of items: 22495
The number of ratings: 311415
Average actions of users: 13.84
Average actions of items: 13.84
The sparsity of the dataset: 99.938459%
2021-12-17 05:16:58.470: 

NeuRec hyperparameters:
recommender=WRMF
config_dir=./conf
gpu_id=0
gpu_mem=0.5
data.input.path=D:\hsyoo\Workingon_210628/_Data/eat/noniid-out-barrier/u4/
data.input.dataset=u4
data.output.path=D:\hsyoo\Workingon_210628/_Emb/eat/noniid-out-barrier/wrmf/u4_wrmf_directed_dim16_uniform_send.emb
data.column.format=UI
data.convert.separator='\t'
user_min=0
item_min=0
splitter=given
ratio=0.8
by_time=False
metric=["Precision", "Recall", "NDCG", "MAP", "MRR"]
topk=[10, 20]
group_view=None
rec.evaluate.neg=0
test_batch_size=128
num_thread=8
data.index.remap=False

WRMF's hyperparameters:
epochs=50
embedding_size=16
reg_mf=0.1
alpha=10
init_method=uniform
stddev=0.01
verbose=1
weight=uniform

2021-12-17 05:38:52.462: metrics:	Precision@10	Precision@20	Recall@10   	Recall@20   	NDCG@10     	NDCG@20     	MAP@10      	MAP@20      	MRR@10      	MRR@20      
2021-12-17 05:40:05.076: iteration 1 finished in 72.612504 seconds
2021-12-17 05:40:05.452: epoch 1:	0.01134250  	0.00992327  	0.01520622  	0.02670177  	0.01468254  	0.02002549  	0.00536224  	0.00615857  	0.03708885  	0.04183253  
2021-12-17 05:41:17.639: iteration 2 finished in 72.186398 seconds
2021-12-17 05:41:18.013: epoch 2:	0.02599936  	0.02146738  	0.03485864  	0.05771825  	0.03444565  	0.04497502  	0.01340505  	0.01516462  	0.08409449  	0.09199321  
2021-12-17 05:42:30.853: iteration 3 finished in 72.823822 seconds
2021-12-17 05:42:31.229: epoch 3:	0.03864608  	0.03019699  	0.05181023  	0.08098030  	0.05253272  	0.06598520  	0.02130159  	0.02375826  	0.12835607  	0.13736367  
2021-12-17 05:43:43.257: iteration 4 finished in 72.028142 seconds
2021-12-17 05:43:43.616: epoch 4:	0.04523752  	0.03494185  	0.06068531  	0.09343936  	0.06229506  	0.07743042  	0.02582824  	0.02871543  	0.15179731  	0.16118868  
2021-12-17 05:44:55.909: iteration 5 finished in 72.293113 seconds
2021-12-17 05:44:56.275: epoch 5:	0.04856367  	0.03737831  	0.06518967  	0.09966009  	0.06756803  	0.08358811  	0.02846699  	0.03165102  	0.16412608  	0.17364676  
2021-12-17 05:46:08.445: iteration 6 finished in 72.169891 seconds
2021-12-17 05:46:08.821: epoch 6:	0.05091512  	0.03923610  	0.06845441  	0.10491112  	0.07038330  	0.08725953  	0.02959288  	0.03302541  	0.16928029  	0.17878245  
2021-12-17 05:47:21.978: iteration 7 finished in 73.155640 seconds
2021-12-17 05:47:22.346: epoch 7:	0.05187765  	0.04009491  	0.06953785  	0.10742007  	0.07187032  	0.08931673  	0.03038775  	0.03393935  	0.17259537  	0.18243720  
2021-12-17 05:48:34.268: iteration 8 finished in 71.921990 seconds
2021-12-17 05:48:34.643: epoch 8:	0.05270615  	0.04051519  	0.07072214  	0.10847083  	0.07302403  	0.09037976  	0.03093187  	0.03444422  	0.17499258  	0.18475315  
2021-12-17 05:49:46.789: iteration 9 finished in 72.145849 seconds
2021-12-17 05:49:47.148: epoch 9:	0.05291327  	0.04068575  	0.07105443  	0.10899620  	0.07371622  	0.09114824  	0.03134906  	0.03485940  	0.17722180  	0.18711770  
2021-12-17 05:50:58.836: iteration 10 finished in 71.688111 seconds
2021-12-17 05:50:59.211: epoch 10:	0.05291329  	0.04087458  	0.07120755  	0.10947070  	0.07419735  	0.09184745  	0.03168476  	0.03526367  	0.17903255  	0.18897080  
2021-12-17 05:52:11.504: iteration 11 finished in 72.293610 seconds
2021-12-17 05:52:11.892: epoch 11:	0.05312039  	0.04089288  	0.07140011  	0.10937744  	0.07449845  	0.09201594  	0.03183803  	0.03535289  	0.17997377  	0.18991779  
2021-12-17 05:53:23.653: iteration 12 finished in 71.760865 seconds
2021-12-17 05:53:24.028: epoch 12:	0.05342498  	0.04088682  	0.07163190  	0.10945012  	0.07481497  	0.09218518  	0.03194075  	0.03543759  	0.18085790  	0.19068891  
2021-12-17 05:54:36.269: iteration 13 finished in 72.241164 seconds
2021-12-17 05:54:36.643: epoch 13:	0.05349809  	0.04077718  	0.07182343  	0.10924304  	0.07488992  	0.09207425  	0.03195315  	0.03539278  	0.18088587  	0.19064610  
2021-12-17 05:55:48.818: iteration 14 finished in 72.173371 seconds
2021-12-17 05:55:49.192: epoch 14:	0.05371739  	0.04083200  	0.07209284  	0.10940624  	0.07503543  	0.09215188  	0.03196525  	0.03540144  	0.18108998  	0.19076073  
2021-12-17 05:57:01.978: iteration 15 finished in 72.785628 seconds
2021-12-17 05:57:02.349: epoch 15:	0.05361993  	0.04089292  	0.07191492  	0.10966732  	0.07496160  	0.09227392  	0.03191828  	0.03543293  	0.18123186  	0.19086233  
2021-12-17 05:58:13.909: iteration 16 finished in 71.559620 seconds
2021-12-17 05:58:14.280: epoch 16:	0.05348591  	0.04093555  	0.07174962  	0.10978240  	0.07489961  	0.09235945  	0.03189319  	0.03546179  	0.18138172  	0.19105846  
2021-12-17 05:59:26.192: iteration 17 finished in 71.912107 seconds
2021-12-17 05:59:26.572: epoch 17:	0.05342498  	0.04110609  	0.07162404  	0.11027331  	0.07492414  	0.09264421  	0.03195607  	0.03555930  	0.18156521  	0.19141456  
2021-12-17 06:00:38.536: iteration 18 finished in 71.962816 seconds
2021-12-17 06:00:38.902: epoch 18:	0.05348590  	0.04114262  	0.07173347  	0.11037618  	0.07501110  	0.09271891  	0.03199090  	0.03558876  	0.18173617  	0.19153585  
2021-12-17 06:01:51.045: iteration 19 finished in 72.142968 seconds
2021-12-17 06:01:51.423: epoch 19:	0.05364428  	0.04114262  	0.07201781  	0.11040426  	0.07525075  	0.09283151  	0.03209813  	0.03566097  	0.18237236  	0.19211802  
2021-12-17 06:03:03.485: iteration 20 finished in 72.062702 seconds
2021-12-17 06:03:03.852: epoch 20:	0.05377831  	0.04109998  	0.07217007  	0.11028396  	0.07534878  	0.09279104  	0.03213122  	0.03565412  	0.18247673  	0.19212480  
2021-12-17 06:04:16.289: iteration 21 finished in 72.436670 seconds
2021-12-17 06:04:16.664: epoch 21:	0.05381487  	0.04107562  	0.07216754  	0.11023472  	0.07536805  	0.09277403  	0.03213186  	0.03565597  	0.18260144  	0.19220169  
2021-12-17 06:05:28.597: iteration 22 finished in 71.933202 seconds
2021-12-17 06:05:28.988: epoch 22:	0.05385141  	0.04107562  	0.07224944  	0.11029265  	0.07544895  	0.09283619  	0.03217652  	0.03570129  	0.18281670  	0.19237843  
2021-12-17 06:06:41.056: iteration 23 finished in 72.067743 seconds
2021-12-17 06:06:41.433: epoch 23:	0.05388796  	0.04102689  	0.07226299  	0.11018066  	0.07547848  	0.09279952  	0.03218946  	0.03569832  	0.18287919  	0.19242795  
2021-12-17 06:07:53.318: iteration 24 finished in 71.884140 seconds
2021-12-17 06:07:53.697: epoch 24:	0.05382704  	0.04101470  	0.07216635  	0.11020274  	0.07541706  	0.09279229  	0.03215888  	0.03569154  	0.18280360  	0.19236407  
2021-12-17 06:09:06.328: iteration 25 finished in 72.631307 seconds
2021-12-17 06:09:06.693: epoch 25:	0.05377831  	0.04104517  	0.07210407  	0.11018965  	0.07543845  	0.09286128  	0.03220057  	0.03572671  	0.18300559  	0.19263649  
2021-12-17 06:10:18.301: iteration 26 finished in 71.608550 seconds
2021-12-17 06:10:18.676: epoch 26:	0.05382705  	0.04100863  	0.07220386  	0.11011055  	0.07544792  	0.09279012  	0.03218108  	0.03569171  	0.18293536  	0.19250083  
2021-12-17 06:11:30.817: iteration 27 finished in 72.140537 seconds
2021-12-17 06:11:31.189: epoch 27:	0.05380267  	0.04096599  	0.07219548  	0.10999835  	0.07545069  	0.09275801  	0.03220005  	0.03570843  	0.18292357  	0.19249204  
2021-12-17 06:12:43.093: iteration 28 finished in 71.904470 seconds
2021-12-17 06:12:43.465: epoch 28:	0.05377831  	0.04097817  	0.07213388  	0.11006445  	0.07540172  	0.09275265  	0.03217884  	0.03568790  	0.18284068  	0.19245298  
2021-12-17 06:13:56.192: iteration 29 finished in 72.727022 seconds
2021-12-17 06:13:56.559: epoch 29:	0.05369303  	0.04098426  	0.07199324  	0.11006703  	0.07536542  	0.09279694  	0.03219732  	0.03572929  	0.18282063  	0.19249867  
2021-12-17 06:15:08.553: iteration 30 finished in 71.993943 seconds
2021-12-17 06:15:08.928: epoch 30:	0.05371739  	0.04102688  	0.07206871  	0.11018722  	0.07539848  	0.09285482  	0.03220102  	0.03573853  	0.18289925  	0.19258422  
2021-12-17 06:16:21.442: iteration 31 finished in 72.513318 seconds
2021-12-17 06:16:21.801: epoch 31:	0.05370521  	0.04102080  	0.07207627  	0.11020879  	0.07538135  	0.09285192  	0.03219395  	0.03573737  	0.18277459  	0.19249913  
2021-12-17 06:17:33.288: iteration 32 finished in 71.472027 seconds
2021-12-17 06:17:33.674: epoch 32:	0.05382704  	0.04100252  	0.07222144  	0.11005264  	0.07544571  	0.09278435  	0.03220244  	0.03572378  	0.18267484  	0.19230945  
2021-12-17 06:18:46.392: iteration 33 finished in 72.717973 seconds
2021-12-17 06:18:46.768: epoch 33:	0.05382704  	0.04095989  	0.07218565  	0.10994990  	0.07541967  	0.09272061  	0.03219695  	0.03571231  	0.18250038  	0.19211508  
2021-12-17 06:19:58.591: iteration 34 finished in 71.821818 seconds
2021-12-17 06:19:58.973: epoch 34:	0.05387578  	0.04096598  	0.07224536  	0.10991085  	0.07546119  	0.09271790  	0.03220960  	0.03571418  	0.18253034  	0.19210695  
2021-12-17 06:21:11.648: iteration 35 finished in 72.675069 seconds
2021-12-17 06:21:12.007: epoch 35:	0.05388796  	0.04095379  	0.07227086  	0.10987518  	0.07548659  	0.09272082  	0.03221995  	0.03572088  	0.18261439  	0.19217177  
2021-12-17 06:22:23.507: iteration 36 finished in 71.499082 seconds
2021-12-17 06:22:23.884: epoch 36:	0.05390014  	0.04096597  	0.07222561  	0.10992873  	0.07541171  	0.09267563  	0.03216708  	0.03568099  	0.18235460  	0.19191422  
2021-12-17 06:23:36.523: iteration 37 finished in 72.638494 seconds
2021-12-17 06:23:36.905: epoch 37:	0.05397324  	0.04098424  	0.07235005  	0.11000884  	0.07539935  	0.09262969  	0.03213103  	0.03564172  	0.18205066  	0.19155592  
2021-12-17 06:24:48.643: iteration 38 finished in 71.737657 seconds
2021-12-17 06:24:49.018: epoch 38:	0.05394888  	0.04099643  	0.07228525  	0.11005884  	0.07536323  	0.09264027  	0.03212618  	0.03564353  	0.18196952  	0.19150361  
2021-12-17 06:26:01.475: iteration 39 finished in 72.457090 seconds
2021-12-17 06:26:01.842: epoch 39:	0.05397325  	0.04099034  	0.07234018  	0.11002931  	0.07539944  	0.09264566  	0.03213956  	0.03565384  	0.18202858  	0.19152485  
2021-12-17 06:27:13.314: iteration 40 finished in 71.472465 seconds
2021-12-17 06:27:13.692: epoch 40:	0.05388796  	0.04097206  	0.07223001  	0.10996511  	0.07533212  	0.09261503  	0.03211497  	0.03564107  	0.18200104  	0.19152178  
2021-12-17 06:28:26.005: iteration 41 finished in 72.312854 seconds
2021-12-17 06:28:26.384: epoch 41:	0.05386360  	0.04094771  	0.07224172  	0.10987281  	0.07531424  	0.09256369  	0.03209295  	0.03561913  	0.18200599  	0.19149481  
2021-12-17 06:29:38.340: iteration 42 finished in 71.955979 seconds
2021-12-17 06:29:38.723: epoch 42:	0.05387579  	0.04092943  	0.07220754  	0.10981848  	0.07532690  	0.09256105  	0.03210617  	0.03563679  	0.18207017  	0.19154410  
2021-12-17 06:30:51.471: iteration 43 finished in 72.748571 seconds
2021-12-17 06:30:51.846: epoch 43:	0.05386360  	0.04092334  	0.07220145  	0.10980634  	0.07533709  	0.09256664  	0.03211481  	0.03564174  	0.18212233  	0.19159056  
2021-12-17 06:32:03.518: iteration 44 finished in 71.671728 seconds
2021-12-17 06:32:03.888: epoch 44:	0.05386360  	0.04089897  	0.07222567  	0.10976507  	0.07532293  	0.09252184  	0.03210911  	0.03562022  	0.18198098  	0.19146886  
2021-12-17 06:33:16.472: iteration 45 finished in 72.583919 seconds
2021-12-17 06:33:16.844: epoch 45:	0.05383923  	0.04089897  	0.07218129  	0.10974739  	0.07532271  	0.09254076  	0.03212471  	0.03563863  	0.18201046  	0.19154656  
2021-12-17 06:34:28.788: iteration 46 finished in 71.943592 seconds
2021-12-17 06:34:29.176: epoch 46:	0.05377831  	0.04093552  	0.07208242  	0.10988665  	0.07526094  	0.09258543  	0.03210521  	0.03564149  	0.18193609  	0.19151831  
2021-12-17 06:35:41.495: iteration 47 finished in 72.319581 seconds
2021-12-17 06:35:41.870: epoch 47:	0.05377832  	0.04093552  	0.07205831  	0.10988771  	0.07523131  	0.09256554  	0.03208600  	0.03562703  	0.18185097  	0.19143105  
2021-12-17 06:36:53.647: iteration 48 finished in 71.775692 seconds
2021-12-17 06:36:54.006: epoch 48:	0.05376612  	0.04091116  	0.07205822  	0.10980557  	0.07524361  	0.09254638  	0.03210036  	0.03563011  	0.18187281  	0.19146502  
2021-12-17 06:38:06.878: iteration 49 finished in 72.872562 seconds
2021-12-17 06:38:07.254: epoch 49:	0.05371739  	0.04095988  	0.07201422  	0.10993312  	0.07521745  	0.09260523  	0.03209572  	0.03563669  	0.18186924  	0.19151184  
2021-12-17 06:39:19.302: iteration 50 finished in 72.047426 seconds
2021-12-17 06:39:19.693: epoch 50:	0.05379049  	0.04096597  	0.07208682  	0.10994519  	0.07527037  	0.09261578  	0.03212365  	0.03564528  	0.18185420  	0.19149937  
