2021-01-18 20:11:58.190: Dataset name: u4
The number of users: 5849
The number of items: 5849
The number of ratings: 20271
Average actions of users: 3.47
Average actions of items: 3.47
The sparsity of the dataset: 99.940747%
2021-01-18 20:11:58.191: 

NeuRec hyperparameters:
recommender=WRMF
config_dir=./conf
gpu_id=0
gpu_mem=0.5
data.input.path=C:\Users\HyunsikYoo\Desktop\VNE_directed_networks/_Data/p2p-Gnutella08/5-fold/u4/
data.input.dataset=u4
data.output.path=C:\Users\HyunsikYoo\Desktop\VNE_directed_networks/_Emb/p2p-Gnutella08/5-fold/wrmf/u4_wrmf_directed_dim16.emb
data.column.format=UI
data.convert.separator='\t'
user_min=0
item_min=0
splitter=given
ratio=0.8
by_time=False
metric=["Precision", "Recall", "NDCG", "MAP", "MRR"]
topk=[10, 20]
group_view=None
rec.evaluate.neg=0
test_batch_size=128
num_thread=8
data.index.remap=False

WRMF's hyperparameters:
epochs=50
embedding_size=16
reg_mf=0.1
alpha=10
init_method=uniform
stddev=0.01
verbose=1
weight=uniform

2021-01-18 20:13:26.466: metrics:	Precision@10	Precision@20	Recall@10   	Recall@20   	NDCG@10     	NDCG@20     	MAP@10      	MAP@20      	MRR@10      	MRR@20      
2021-01-18 20:13:30.598: iteration 1 finished in 4.130565 seconds
2021-01-18 20:13:30.650: epoch 1:	0.00815754  	0.00700892  	0.04172527  	0.07243320  	0.02391400  	0.03312705  	0.01371355  	0.01634431  	0.02409025  	0.02677450  
2021-01-18 20:13:34.789: iteration 2 finished in 4.138695 seconds
2021-01-18 20:13:34.838: epoch 2:	0.01223631  	0.01017346  	0.06282232  	0.10618847  	0.03632465  	0.04935133  	0.02125201  	0.02514187  	0.03661453  	0.04022279  
2021-01-18 20:13:39.122: iteration 3 finished in 4.284109 seconds
2021-01-18 20:13:39.167: epoch 3:	0.01322084  	0.01162681  	0.06938584  	0.12189405  	0.04048102  	0.05627305  	0.02446662  	0.02928821  	0.04040325  	0.04444066  
2021-01-18 20:13:43.414: iteration 4 finished in 4.246176 seconds
2021-01-18 20:13:43.462: epoch 4:	0.01312708  	0.01214252  	0.06938584  	0.12728551  	0.04084440  	0.05843658  	0.02480456  	0.03030696  	0.04137757  	0.04585586  
2021-01-18 20:13:47.876: iteration 5 finished in 4.413641 seconds
2021-01-18 20:13:47.921: epoch 5:	0.01406473  	0.01244725  	0.07454289  	0.13103610  	0.04342257  	0.06052353  	0.02628824  	0.03169389  	0.04357098  	0.04774448  
2021-01-18 20:13:52.413: iteration 6 finished in 4.490077 seconds
2021-01-18 20:13:52.459: epoch 6:	0.01415849  	0.01258790  	0.07477731  	0.13267697  	0.04370937  	0.06122753  	0.02654834  	0.03211947  	0.04390699  	0.04816273  
2021-01-18 20:13:56.870: iteration 7 finished in 4.410440 seconds
2021-01-18 20:13:56.916: epoch 7:	0.01439291  	0.01284575  	0.07618378  	0.13548993  	0.04422396  	0.06218641  	0.02682321  	0.03257168  	0.04392968  	0.04824373  
2021-01-18 20:14:01.145: iteration 8 finished in 4.228777 seconds
2021-01-18 20:14:01.191: epoch 8:	0.01448667  	0.01293951  	0.07665260  	0.13642757  	0.04480591  	0.06288531  	0.02730097  	0.03308249  	0.04472835  	0.04903410  
2021-01-18 20:14:05.390: iteration 9 finished in 4.198056 seconds
2021-01-18 20:14:05.440: epoch 9:	0.01462732  	0.01303327  	0.07712142  	0.13689639  	0.04523372  	0.06335027  	0.02759594  	0.03338584  	0.04525466  	0.04959182  
2021-01-18 20:14:09.591: iteration 10 finished in 4.151209 seconds
2021-01-18 20:14:09.640: epoch 10:	0.01476797  	0.01300983  	0.07782466  	0.13713080  	0.04549187  	0.06343993  	0.02762021  	0.03339198  	0.04539065  	0.04964914  
2021-01-18 20:14:13.933: iteration 11 finished in 4.291749 seconds
2021-01-18 20:14:13.978: epoch 11:	0.01481485  	0.01300983  	0.07829348  	0.13713080  	0.04554674  	0.06338264  	0.02758003  	0.03329176  	0.04516127  	0.04945723  
2021-01-18 20:14:18.174: iteration 12 finished in 4.196063 seconds
2021-01-18 20:14:18.218: epoch 12:	0.01481485  	0.01303327  	0.07805907  	0.13752149  	0.04601232  	0.06401104  	0.02810987  	0.03385449  	0.04611137  	0.05050047  
2021-01-18 20:14:22.431: iteration 13 finished in 4.211736 seconds
2021-01-18 20:14:22.477: epoch 13:	0.01453355  	0.01300983  	0.07665260  	0.13728708  	0.04571705  	0.06413931  	0.02818810  	0.03406343  	0.04622207  	0.05083898  
2021-01-18 20:14:26.656: iteration 14 finished in 4.179254 seconds
2021-01-18 20:14:26.702: epoch 14:	0.01472108  	0.01303327  	0.07759025  	0.13752149  	0.04559882  	0.06380013  	0.02782914  	0.03361747  	0.04527140  	0.04985388  
2021-01-18 20:14:30.884: iteration 15 finished in 4.182741 seconds
2021-01-18 20:14:30.930: epoch 15:	0.01476797  	0.01308015  	0.07805907  	0.13799031  	0.04567765  	0.06389623  	0.02785127  	0.03358775  	0.04516649  	0.04986029  
2021-01-18 20:14:35.151: iteration 16 finished in 4.220235 seconds
2021-01-18 20:14:35.196: epoch 16:	0.01481485  	0.01317392  	0.07805907  	0.13892797  	0.04537942  	0.06383674  	0.02751146  	0.03332241  	0.04448333  	0.04918606  
2021-01-18 20:14:39.425: iteration 17 finished in 4.227981 seconds
2021-01-18 20:14:39.472: epoch 17:	0.01467420  	0.01322080  	0.07735584  	0.13939679  	0.04497540  	0.06380613  	0.02726747  	0.03317402  	0.04404149  	0.04890260  
2021-01-18 20:14:43.722: iteration 18 finished in 4.250126 seconds
2021-01-18 20:14:43.769: epoch 18:	0.01476797  	0.01329113  	0.07805907  	0.14033443  	0.04489160  	0.06374251  	0.02701539  	0.03290896  	0.04346754  	0.04829160  
2021-01-18 20:14:47.999: iteration 19 finished in 4.229087 seconds
2021-01-18 20:14:48.044: epoch 19:	0.01490861  	0.01331457  	0.07852790  	0.14033443  	0.04514673  	0.06383552  	0.02712794  	0.03299395  	0.04369080  	0.04838859  
2021-01-18 20:14:52.239: iteration 20 finished in 4.193290 seconds
2021-01-18 20:14:52.284: epoch 20:	0.01495550  	0.01331457  	0.07876231  	0.14016700  	0.04506322  	0.06363534  	0.02697873  	0.03278630  	0.04339462  	0.04810605  
2021-01-18 20:14:56.453: iteration 21 finished in 4.169494 seconds
2021-01-18 20:14:56.501: epoch 21:	0.01500238  	0.01333801  	0.07899672  	0.14040141  	0.04524845  	0.06379505  	0.02711613  	0.03290107  	0.04366606  	0.04835192  
2021-01-18 20:15:00.914: iteration 22 finished in 4.412323 seconds
2021-01-18 20:15:00.962: epoch 22:	0.01481485  	0.01329113  	0.07805907  	0.13993259  	0.04491543  	0.06365361  	0.02700161  	0.03287726  	0.04355536  	0.04830918  
2021-01-18 20:15:05.228: iteration 23 finished in 4.265105 seconds
2021-01-18 20:15:05.272: epoch 23:	0.01472108  	0.01329113  	0.07759025  	0.13993259  	0.04462532  	0.06350505  	0.02674823  	0.03268764  	0.04336002  	0.04810879  
2021-01-18 20:15:09.481: iteration 24 finished in 4.209060 seconds
2021-01-18 20:15:09.526: epoch 24:	0.01472108  	0.01329112  	0.07735584  	0.13995938  	0.04465983  	0.06358445  	0.02682041  	0.03276298  	0.04352133  	0.04828042  
2021-01-18 20:15:13.713: iteration 25 finished in 4.185049 seconds
2021-01-18 20:15:13.760: epoch 25:	0.01467420  	0.01331456  	0.07735584  	0.13987008  	0.04455546  	0.06352260  	0.02670878  	0.03267250  	0.04337119  	0.04817243  
2021-01-18 20:15:17.904: iteration 26 finished in 4.143098 seconds
2021-01-18 20:15:17.951: epoch 26:	0.01472108  	0.01324424  	0.07759025  	0.13909987  	0.04469992  	0.06339143  	0.02678971  	0.03271305  	0.04356690  	0.04823427  
2021-01-18 20:15:22.102: iteration 27 finished in 4.150286 seconds
2021-01-18 20:15:22.146: epoch 27:	0.01476797  	0.01326768  	0.07782466  	0.13980310  	0.04485074  	0.06360792  	0.02687371  	0.03278313  	0.04372150  	0.04841729  
2021-01-18 20:15:26.483: iteration 28 finished in 4.337052 seconds
2021-01-18 20:15:26.529: epoch 28:	0.01481485  	0.01324424  	0.07805907  	0.13933428  	0.04490210  	0.06347255  	0.02687120  	0.03273539  	0.04368391  	0.04831626  
2021-01-18 20:15:30.758: iteration 29 finished in 4.229061 seconds
2021-01-18 20:15:30.819: epoch 29:	0.01481485  	0.01324424  	0.07805907  	0.13933428  	0.04489300  	0.06346608  	0.02685408  	0.03272256  	0.04363666  	0.04827210  
2021-01-18 20:15:35.138: iteration 30 finished in 4.318650 seconds
2021-01-18 20:15:35.201: epoch 30:	0.01481485  	0.01331456  	0.07805907  	0.14003751  	0.04491653  	0.06370068  	0.02690254  	0.03279626  	0.04364503  	0.04840739  
2021-01-18 20:15:39.540: iteration 31 finished in 4.339479 seconds
2021-01-18 20:15:39.588: epoch 31:	0.01481485  	0.01336145  	0.07805907  	0.14050634  	0.04497296  	0.06391056  	0.02695380  	0.03288872  	0.04379275  	0.04862556  
2021-01-18 20:15:43.826: iteration 32 finished in 4.238087 seconds
2021-01-18 20:15:43.896: epoch 32:	0.01472108  	0.01329112  	0.07735584  	0.13980310  	0.04476119  	0.06371431  	0.02689167  	0.03283850  	0.04371535  	0.04860082  
2021-01-18 20:15:48.143: iteration 33 finished in 4.247439 seconds
2021-01-18 20:15:48.190: epoch 33:	0.01495550  	0.01338489  	0.07852790  	0.14074075  	0.04501016  	0.06383529  	0.02683846  	0.03273475  	0.04360112  	0.04837995  
2021-01-18 20:15:52.443: iteration 34 finished in 4.252051 seconds
2021-01-18 20:15:52.490: epoch 34:	0.01486173  	0.01340833  	0.07805907  	0.14097516  	0.04476652  	0.06381842  	0.02669111  	0.03266569  	0.04340708  	0.04825367  
2021-01-18 20:15:56.765: iteration 35 finished in 4.275167 seconds
2021-01-18 20:15:56.811: epoch 35:	0.01490861  	0.01336145  	0.07829348  	0.14050634  	0.04485501  	0.06368968  	0.02670423  	0.03262859  	0.04347796  	0.04823035  
2021-01-18 20:16:01.154: iteration 36 finished in 4.341659 seconds
2021-01-18 20:16:01.201: epoch 36:	0.01495550  	0.01340833  	0.07852790  	0.14097516  	0.04488781  	0.06377555  	0.02667306  	0.03260596  	0.04343387  	0.04818718  
2021-01-18 20:16:05.487: iteration 37 finished in 4.284118 seconds
2021-01-18 20:16:05.532: epoch 37:	0.01495550  	0.01343177  	0.07852790  	0.14120957  	0.04492930  	0.06387088  	0.02671846  	0.03265077  	0.04348372  	0.04825465  
2021-01-18 20:16:09.740: iteration 38 finished in 4.206520 seconds
2021-01-18 20:16:09.785: epoch 38:	0.01500238  	0.01340833  	0.07876231  	0.14097516  	0.04487274  	0.06366593  	0.02658944  	0.03248610  	0.04321675  	0.04791943  
2021-01-18 20:16:13.993: iteration 39 finished in 4.208694 seconds
2021-01-18 20:16:14.038: epoch 39:	0.01500238  	0.01338489  	0.07876231  	0.14074075  	0.04495440  	0.06368262  	0.02667241  	0.03257086  	0.04338270  	0.04803760  
2021-01-18 20:16:18.237: iteration 40 finished in 4.197395 seconds
2021-01-18 20:16:18.283: epoch 40:	0.01500238  	0.01331456  	0.07876231  	0.14003751  	0.04499722  	0.06353895  	0.02670758  	0.03256580  	0.04347312  	0.04809699  
2021-01-18 20:16:22.523: iteration 41 finished in 4.239711 seconds
2021-01-18 20:16:22.567: epoch 41:	0.01495550  	0.01333801  	0.07852790  	0.14019378  	0.04512219  	0.06378815  	0.02691474  	0.03279620  	0.04387292  	0.04855899  
2021-01-18 20:16:26.822: iteration 42 finished in 4.255046 seconds
2021-01-18 20:16:26.870: epoch 42:	0.01490861  	0.01336145  	0.07829348  	0.14042819  	0.04515401  	0.06397445  	0.02698348  	0.03293802  	0.04410865  	0.04880293  
2021-01-18 20:16:31.160: iteration 43 finished in 4.288944 seconds
2021-01-18 20:16:31.208: epoch 43:	0.01490861  	0.01336145  	0.07815284  	0.14042819  	0.04512521  	0.06398033  	0.02695993  	0.03295086  	0.04412502  	0.04876917  
2021-01-18 20:16:35.479: iteration 44 finished in 4.271372 seconds
2021-01-18 20:16:35.526: epoch 44:	0.01490861  	0.01336145  	0.07815284  	0.14042819  	0.04494626  	0.06379140  	0.02676002  	0.03275470  	0.04377471  	0.04838771  
2021-01-18 20:16:39.741: iteration 45 finished in 4.214599 seconds
2021-01-18 20:16:39.788: epoch 45:	0.01481485  	0.01336145  	0.07768402  	0.14019378  	0.04464304  	0.06360447  	0.02653708  	0.03260839  	0.04344393  	0.04804371  
2021-01-18 20:16:44.052: iteration 46 finished in 4.264609 seconds
2021-01-18 20:16:44.098: epoch 46:	0.01476797  	0.01336145  	0.07721519  	0.14019378  	0.04450093  	0.06359858  	0.02648657  	0.03260194  	0.04338197  	0.04803717  
2021-01-18 20:16:48.349: iteration 47 finished in 4.250212 seconds
2021-01-18 20:16:48.396: epoch 47:	0.01476797  	0.01336145  	0.07721519  	0.14019378  	0.04453272  	0.06363859  	0.02651643  	0.03263966  	0.04346513  	0.04812566  
2021-01-18 20:16:52.661: iteration 48 finished in 4.264042 seconds
2021-01-18 20:16:52.708: epoch 48:	0.01481485  	0.01336145  	0.07744960  	0.14019378  	0.04456110  	0.06360497  	0.02644657  	0.03256404  	0.04348802  	0.04812225  
2021-01-18 20:16:57.133: iteration 49 finished in 4.425107 seconds
2021-01-18 20:16:57.181: epoch 49:	0.01504926  	0.01336145  	0.07885607  	0.14019378  	0.04511812  	0.06371541  	0.02671828  	0.03269336  	0.04385340  	0.04831861  
2021-01-18 20:17:01.457: iteration 50 finished in 4.276630 seconds
2021-01-18 20:17:01.523: epoch 50:	0.01509614  	0.01340833  	0.07932489  	0.14066260  	0.04531333  	0.06391769  	0.02682972  	0.03279004  	0.04398531  	0.04846403  
