2021-12-14 22:27:50.859: Dataset name: u3
The number of users: 6108
The number of items: 6108
The number of ratings: 50507
Average actions of users: 8.27
Average actions of items: 8.27
The sparsity of the dataset: 99.864620%
2021-12-14 22:27:50.860: 

NeuRec hyperparameters:
recommender=WRMF
config_dir=./conf
gpu_id=0
gpu_mem=0.5
data.input.path=D:\hsyoo\Workingon_210628/_Data/jung/noniid-in-barrier/u3/
data.input.dataset=u3
data.output.path=D:\hsyoo\Workingon_210628/_Emb/jung/noniid-in-barrier/wrmf/u3_wrmf_directed_dim16_uniform_send.emb
data.column.format=UI
data.convert.separator='\t'
user_min=0
item_min=0
splitter=given
ratio=0.8
by_time=False
metric=["Precision", "Recall", "NDCG", "MAP", "MRR"]
topk=[10, 20]
group_view=None
rec.evaluate.neg=0
test_batch_size=128
num_thread=8
data.index.remap=False

WRMF's hyperparameters:
epochs=50
embedding_size=16
reg_mf=0.1
alpha=10
init_method=uniform
stddev=0.01
verbose=1
weight=uniform

2021-12-14 22:29:27.266: metrics:	Precision@10	Precision@20	Recall@10   	Recall@20   	NDCG@10     	NDCG@20     	MAP@10      	MAP@20      	MRR@10      	MRR@20      
2021-12-14 22:29:32.648: iteration 1 finished in 5.382606 seconds
2021-12-14 22:29:32.758: epoch 1:	0.04651110  	0.03020789  	0.13065501  	0.17562672  	0.10013162  	0.11309738  	0.07240034  	0.07585172  	0.11343919  	0.11744864  
2021-12-14 22:29:37.028: iteration 2 finished in 4.269562 seconds
2021-12-14 22:29:37.107: epoch 2:	0.07231941  	0.04434353  	0.22744913  	0.29783806  	0.19747664  	0.21606702  	0.16245537  	0.16620615  	0.22940177  	0.23513870  
2021-12-14 22:29:41.405: iteration 3 finished in 4.297507 seconds
2021-12-14 22:29:41.487: epoch 3:	0.07842522  	0.04728098  	0.26030961  	0.32000610  	0.21886261  	0.23473562  	0.17810966  	0.18117206  	0.25174123  	0.25619555  
2021-12-14 22:29:45.759: iteration 4 finished in 4.272573 seconds
2021-12-14 22:29:45.844: epoch 4:	0.07963100  	0.04840979  	0.26180390  	0.32620543  	0.22184469  	0.23929758  	0.17995290  	0.18376000  	0.25725234  	0.26198724  
2021-12-14 22:29:50.113: iteration 5 finished in 4.268584 seconds
2021-12-14 22:29:50.192: epoch 5:	0.08070851  	0.04896136  	0.26832512  	0.32914734  	0.22611043  	0.24282405  	0.18320195  	0.18698822  	0.26166436  	0.26599047  
2021-12-14 22:29:54.475: iteration 6 finished in 4.281549 seconds
2021-12-14 22:29:54.557: epoch 6:	0.08181169  	0.04910246  	0.27283996  	0.32925788  	0.22716835  	0.24266265  	0.18322884  	0.18664341  	0.26100039  	0.26517180  
2021-12-14 22:29:58.831: iteration 7 finished in 4.274568 seconds
2021-12-14 22:29:58.913: epoch 7:	0.08201692  	0.04929486  	0.27153319  	0.33010536  	0.22631566  	0.24248946  	0.18248095  	0.18619324  	0.25931898  	0.26371545  
2021-12-14 22:30:03.208: iteration 8 finished in 4.293518 seconds
2021-12-14 22:30:03.288: epoch 8:	0.08232477  	0.04964120  	0.27168512  	0.33222812  	0.22688453  	0.24363704  	0.18301955  	0.18696386  	0.26000017  	0.26452017  
2021-12-14 22:30:07.582: iteration 9 finished in 4.292521 seconds
2021-12-14 22:30:07.663: epoch 9:	0.08232477  	0.04983360  	0.27111650  	0.33273348  	0.22657865  	0.24366248  	0.18269046  	0.18679014  	0.25983495  	0.26431713  
2021-12-14 22:30:11.939: iteration 10 finished in 4.276407 seconds
2021-12-14 22:30:12.017: epoch 10:	0.08253002  	0.04996188  	0.27113020  	0.33341169  	0.22674534  	0.24403837  	0.18276268  	0.18694337  	0.26004124  	0.26464790  
2021-12-14 22:30:16.301: iteration 11 finished in 4.284070 seconds
2021-12-14 22:30:16.379: epoch 11:	0.08273527  	0.05019277  	0.27312392  	0.33464795  	0.22724263  	0.24440315  	0.18279846  	0.18703921  	0.26014873  	0.26459715  
2021-12-14 22:30:20.680: iteration 12 finished in 4.285447 seconds
2021-12-14 22:30:20.759: epoch 12:	0.08265830  	0.05010298  	0.27319092  	0.33366928  	0.22720166  	0.24415752  	0.18270126  	0.18694244  	0.26038355  	0.26482096  
2021-12-14 22:30:25.050: iteration 13 finished in 4.290985 seconds
2021-12-14 22:30:25.131: epoch 13:	0.08253002  	0.05017994  	0.27313814  	0.33457124  	0.22722526  	0.24448793  	0.18265785  	0.18702623  	0.26068860  	0.26518974  
2021-12-14 22:30:29.414: iteration 14 finished in 4.282547 seconds
2021-12-14 22:30:29.496: epoch 14:	0.08278658  	0.05016711  	0.27619714  	0.33456230  	0.22789234  	0.24437772  	0.18275937  	0.18691276  	0.26038262  	0.26465791  
2021-12-14 22:30:33.763: iteration 15 finished in 4.267587 seconds
2021-12-14 22:30:33.848: epoch 15:	0.08304314  	0.05020559  	0.27861184  	0.33504027  	0.22877419  	0.24470311  	0.18319117  	0.18719240  	0.26064813  	0.26472130  
2021-12-14 22:30:38.154: iteration 16 finished in 4.305486 seconds
2021-12-14 22:30:38.237: epoch 16:	0.08332536  	0.05021843  	0.28138238  	0.33519012  	0.22948442  	0.24472407  	0.18330219  	0.18712020  	0.26098791  	0.26481703  
2021-12-14 22:30:42.511: iteration 17 finished in 4.273571 seconds
2021-12-14 22:30:42.594: epoch 17:	0.08335102  	0.05034669  	0.28128892  	0.33616534  	0.22950430  	0.24505875  	0.18329969  	0.18723011  	0.26108274  	0.26500133  
2021-12-14 22:30:46.866: iteration 18 finished in 4.272574 seconds
2021-12-14 22:30:46.949: epoch 18:	0.08340234  	0.05029539  	0.28132576  	0.33586529  	0.22966340  	0.24511701  	0.18344988  	0.18737662  	0.26119116  	0.26509982  
2021-12-14 22:30:51.208: iteration 19 finished in 4.259459 seconds
2021-12-14 22:30:51.287: epoch 19:	0.08345366  	0.05037235  	0.28153434  	0.33645892  	0.22960752  	0.24515910  	0.18331082  	0.18728240  	0.26086235  	0.26474535  
2021-12-14 22:30:55.525: iteration 20 finished in 4.238376 seconds
2021-12-14 22:30:55.619: epoch 20:	0.08342800  	0.05039801  	0.28125465  	0.33653361  	0.22927748  	0.24497844  	0.18295851  	0.18696736  	0.26050109  	0.26445106  
2021-12-14 22:30:59.866: iteration 21 finished in 4.247772 seconds
2021-12-14 22:30:59.945: epoch 21:	0.08340234  	0.05042366  	0.28129736  	0.33774453  	0.22948027  	0.24548674  	0.18315269  	0.18725094  	0.26116401  	0.26525635  
2021-12-14 22:31:04.214: iteration 22 finished in 4.269508 seconds
2021-12-14 22:31:04.292: epoch 22:	0.08342800  	0.05044932  	0.28126934  	0.33786732  	0.22926201  	0.24531409  	0.18292676  	0.18699814  	0.26065597  	0.26483694  
2021-12-14 22:31:08.546: iteration 23 finished in 4.237836 seconds
2021-12-14 22:31:08.627: epoch 23:	0.08347931  	0.05044932  	0.28146815  	0.33792126  	0.22960970  	0.24558227  	0.18328075  	0.18729155  	0.26116121  	0.26534382  
2021-12-14 22:31:12.875: iteration 24 finished in 4.247726 seconds
2021-12-14 22:31:12.969: epoch 24:	0.08347931  	0.05044932  	0.28137261  	0.33784029  	0.22933221  	0.24530889  	0.18302095  	0.18703607  	0.26040187  	0.26457560  
2021-12-14 22:31:17.216: iteration 25 finished in 4.246845 seconds
2021-12-14 22:31:17.298: epoch 25:	0.08347930  	0.05043649  	0.28136906  	0.33815816  	0.22909208  	0.24513513  	0.18272017  	0.18674776  	0.25998613  	0.26417682  
2021-12-14 22:31:21.544: iteration 26 finished in 4.245809 seconds
2021-12-14 22:31:21.637: epoch 26:	0.08368456  	0.05042366  	0.28189516  	0.33803558  	0.22927554  	0.24507530  	0.18278830  	0.18673082  	0.25988767  	0.26397416  
2021-12-14 22:31:25.944: iteration 27 finished in 4.306483 seconds
2021-12-14 22:31:26.024: epoch 27:	0.08376151  	0.05050063  	0.28213891  	0.33912018  	0.22935738  	0.24534784  	0.18283001  	0.18682057  	0.25967887  	0.26379439  
2021-12-14 22:31:30.326: iteration 28 finished in 4.301497 seconds
2021-12-14 22:31:30.409: epoch 28:	0.08376151  	0.05051345  	0.28250220  	0.33891919  	0.22945420  	0.24531749  	0.18284073  	0.18682396  	0.25972304  	0.26377746  
2021-12-14 22:31:34.716: iteration 29 finished in 4.307481 seconds
2021-12-14 22:31:34.798: epoch 29:	0.08378717  	0.05050063  	0.28266302  	0.33858934  	0.22930910  	0.24508068  	0.18262920  	0.18662055  	0.25931820  	0.26335388  
2021-12-14 22:31:39.097: iteration 30 finished in 4.299502 seconds
2021-12-14 22:31:39.179: epoch 30:	0.08388979  	0.05050063  	0.28296226  	0.33853942  	0.22928670  	0.24493025  	0.18255077  	0.18649304  	0.25891873  	0.26290873  
2021-12-14 22:31:43.469: iteration 31 finished in 4.289529 seconds
2021-12-14 22:31:43.549: epoch 31:	0.08381283  	0.05046215  	0.28281134  	0.33830151  	0.22923388  	0.24487251  	0.18254158  	0.18651910  	0.25890633  	0.26288772  
2021-12-14 22:31:47.829: iteration 32 finished in 4.279555 seconds
2021-12-14 22:31:47.912: epoch 32:	0.08383849  	0.05044932  	0.28289902  	0.33791316  	0.22932453  	0.24485756  	0.18260255  	0.18657079  	0.25904599  	0.26301119  
2021-12-14 22:31:52.167: iteration 33 finished in 4.255619 seconds
2021-12-14 22:31:52.250: epoch 33:	0.08386414  	0.05041084  	0.28293565  	0.33718628  	0.22930363  	0.24466535  	0.18257366  	0.18651882  	0.25889167  	0.26279247  
2021-12-14 22:31:56.513: iteration 34 finished in 4.261604 seconds
2021-12-14 22:31:56.596: epoch 34:	0.08388979  	0.05043649  	0.28307202  	0.33719835  	0.22938159  	0.24471141  	0.18257692  	0.18652909  	0.25916633  	0.26306385  
2021-12-14 22:32:00.904: iteration 35 finished in 4.307481 seconds
2021-12-14 22:32:00.986: epoch 35:	0.08391545  	0.05055194  	0.28310487  	0.33831796  	0.22934008  	0.24495089  	0.18249506  	0.18654889  	0.25912938  	0.26303628  
2021-12-14 22:32:05.269: iteration 36 finished in 4.282547 seconds
2021-12-14 22:32:05.349: epoch 36:	0.08386414  	0.05057759  	0.28317326  	0.33819711  	0.22924596  	0.24487036  	0.18241626  	0.18648486  	0.25889477  	0.26284775  
2021-12-14 22:32:09.625: iteration 37 finished in 4.275566 seconds
2021-12-14 22:32:09.705: epoch 37:	0.08383849  	0.05057759  	0.28311571  	0.33819947  	0.22929066  	0.24495469  	0.18249808  	0.18660161  	0.25889370  	0.26283485  
2021-12-14 22:32:13.975: iteration 38 finished in 4.269804 seconds
2021-12-14 22:32:14.069: epoch 38:	0.08381283  	0.05057760  	0.28310147  	0.33805954  	0.22924881  	0.24492127  	0.18245557  	0.18656956  	0.25889730  	0.26285824  
2021-12-14 22:32:18.346: iteration 39 finished in 4.276771 seconds
2021-12-14 22:32:18.424: epoch 39:	0.08373587  	0.05059042  	0.28284493  	0.33831954  	0.22916521  	0.24500467  	0.18245028  	0.18662110  	0.25887734  	0.26290542  
2021-12-14 22:32:22.731: iteration 40 finished in 4.307019 seconds
2021-12-14 22:32:22.812: epoch 40:	0.08378719  	0.05061607  	0.28313598  	0.33848029  	0.22918235  	0.24498729  	0.18238811  	0.18655273  	0.25881422  	0.26283014  
2021-12-14 22:32:27.123: iteration 41 finished in 4.310472 seconds
2021-12-14 22:32:27.203: epoch 41:	0.08378719  	0.05068021  	0.28322566  	0.33925822  	0.22912674  	0.24508408  	0.18229719  	0.18650086  	0.25871009  	0.26274398  
2021-12-14 22:32:31.521: iteration 42 finished in 4.318452 seconds
2021-12-14 22:32:31.605: epoch 42:	0.08376153  	0.05074434  	0.28340951  	0.33948454  	0.22915581  	0.24516326  	0.18230553  	0.18654351  	0.25871351  	0.26274315  
2021-12-14 22:32:35.938: iteration 43 finished in 4.332414 seconds
2021-12-14 22:32:36.019: epoch 43:	0.08373587  	0.05075717  	0.28336447  	0.33990577  	0.22912396  	0.24525706  	0.18227454  	0.18653373  	0.25873807  	0.26280338  
2021-12-14 22:32:40.335: iteration 44 finished in 4.315459 seconds
2021-12-14 22:32:40.420: epoch 44:	0.08373587  	0.05069303  	0.28336447  	0.33948001  	0.22910874  	0.24511772  	0.18228354  	0.18649423  	0.25873446  	0.26278168  
2021-12-14 22:32:44.745: iteration 45 finished in 4.325433 seconds
2021-12-14 22:32:44.827: epoch 45:	0.08371022  	0.05071869  	0.28331313  	0.33959758  	0.22917981  	0.24523805  	0.18241073  	0.18663213  	0.25887480  	0.26293135  
2021-12-14 22:32:49.177: iteration 46 finished in 4.350366 seconds
2021-12-14 22:32:49.262: epoch 46:	0.08368456  	0.05071869  	0.28324935  	0.33948764  	0.22915836  	0.24521707  	0.18241255  	0.18664141  	0.25889716  	0.26296175  
2021-12-14 22:32:53.608: iteration 47 finished in 4.346377 seconds
2021-12-14 22:32:53.691: epoch 47:	0.08378719  	0.05073152  	0.28362960  	0.33957955  	0.22934657  	0.24528439  	0.18245505  	0.18664306  	0.25927085  	0.26325461  
2021-12-14 22:32:58.042: iteration 48 finished in 4.350365 seconds
2021-12-14 22:32:58.126: epoch 48:	0.08383851  	0.05073152  	0.28373036  	0.33954108  	0.22970024  	0.24555500  	0.18289109  	0.18703277  	0.25967127  	0.26363435  
2021-12-14 22:33:02.479: iteration 49 finished in 4.351363 seconds
2021-12-14 22:33:02.560: epoch 49:	0.08381284  	0.05068021  	0.28365767  	0.33905038  	0.22969230  	0.24543884  	0.18292518  	0.18700282  	0.25971219  	0.26370573  
2021-12-14 22:33:06.916: iteration 50 finished in 4.354355 seconds
2021-12-14 22:33:06.997: epoch 50:	0.08378719  	0.05068021  	0.28340110  	0.33893275  	0.22947615  	0.24528076  	0.18276653  	0.18688868  	0.25930393  	0.26331604  
