2021-12-15 05:49:21.307: Dataset name: u3
The number of users: 27103
The number of items: 27103
The number of ratings: 83076
Average actions of users: 3.07
Average actions of items: 3.07
The sparsity of the dataset: 99.988691%
2021-12-15 05:49:21.307: 

NeuRec hyperparameters:
recommender=WRMF
config_dir=./conf
gpu_id=0
gpu_mem=0.5
data.input.path=D:\hsyoo\Workingon_210628/_Data/digg/noniid-in-barrier/u3/
data.input.dataset=u3
data.output.path=D:\hsyoo\Workingon_210628/_Emb/digg/noniid-in-barrier/wrmf/u3_wrmf_directed_dim16_uniform_send.emb
data.column.format=UI
data.convert.separator='\t'
user_min=0
item_min=0
splitter=given
ratio=0.8
by_time=False
metric=["Precision", "Recall", "NDCG", "MAP", "MRR"]
topk=[10, 20]
group_view=None
rec.evaluate.neg=0
test_batch_size=128
num_thread=8
data.index.remap=False

WRMF's hyperparameters:
epochs=50
embedding_size=16
reg_mf=0.1
alpha=10
init_method=uniform
stddev=0.01
verbose=1
weight=uniform

2021-12-15 06:19:50.115: metrics:	Precision@10	Precision@20	Recall@10   	Recall@20   	NDCG@10     	NDCG@20     	MAP@10      	MAP@20      	MRR@10      	MRR@20      
2021-12-15 06:21:35.120: iteration 1 finished in 105.004429 seconds
2021-12-15 06:21:35.453: epoch 1:	0.00015614  	0.00023421  	0.00075231  	0.00220750  	0.00055417  	0.00099102  	0.00037277  	0.00046612  	0.00080807  	0.00100991  
2021-12-15 06:23:21.699: iteration 2 finished in 106.246228 seconds
2021-12-15 06:23:22.026: epoch 2:	0.00018453  	0.00021292  	0.00085285  	0.00179704  	0.00045484  	0.00074589  	0.00021109  	0.00026767  	0.00061859  	0.00077333  
2021-12-15 06:25:07.777: iteration 3 finished in 105.750110 seconds
2021-12-15 06:25:08.105: epoch 3:	0.00019872  	0.00027679  	0.00069560  	0.00247124  	0.00043883  	0.00096410  	0.00020873  	0.00033300  	0.00065272  	0.00090521  
2021-12-15 06:26:54.278: iteration 4 finished in 106.172562 seconds
2021-12-15 06:26:54.612: epoch 4:	0.00026969  	0.00032647  	0.00088712  	0.00308031  	0.00048233  	0.00110032  	0.00019564  	0.00034116  	0.00062191  	0.00088640  
2021-12-15 06:28:39.968: iteration 5 finished in 105.355898 seconds
2021-12-15 06:28:40.294: epoch 5:	0.00025550  	0.00035486  	0.00089658  	0.00317376  	0.00046638  	0.00113408  	0.00018127  	0.00033286  	0.00057797  	0.00089443  
2021-12-15 06:30:29.022: iteration 6 finished in 108.727856 seconds
2021-12-15 06:30:29.337: epoch 6:	0.00028389  	0.00036906  	0.00105272  	0.00330641  	0.00055212  	0.00121102  	0.00023615  	0.00038444  	0.00068939  	0.00099754  
2021-12-15 06:32:12.482: iteration 7 finished in 103.145052 seconds
2021-12-15 06:32:12.810: epoch 7:	0.00021292  	0.00035486  	0.00066119  	0.00332533  	0.00044342  	0.00121405  	0.00021006  	0.00039425  	0.00070736  	0.00106880  
2021-12-15 06:33:55.771: iteration 8 finished in 102.960553 seconds
2021-12-15 06:33:56.094: epoch 8:	0.00026969  	0.00034776  	0.00098310  	0.00307180  	0.00055873  	0.00116398  	0.00025168  	0.00038644  	0.00078227  	0.00107076  
2021-12-15 06:35:39.888: iteration 9 finished in 103.793296 seconds
2021-12-15 06:35:40.207: epoch 9:	0.00028389  	0.00033357  	0.00103041  	0.00290147  	0.00057741  	0.00111734  	0.00025770  	0.00037756  	0.00077078  	0.00102571  
2021-12-15 06:37:23.421: iteration 10 finished in 103.213844 seconds
2021-12-15 06:37:23.740: epoch 10:	0.00029808  	0.00030518  	0.00116881  	0.00265661  	0.00063008  	0.00105967  	0.00028419  	0.00037656  	0.00080249  	0.00100832  
2021-12-15 06:39:06.704: iteration 11 finished in 102.963244 seconds
2021-12-15 06:39:07.022: epoch 11:	0.00028389  	0.00033357  	0.00109784  	0.00300556  	0.00063391  	0.00117788  	0.00030465  	0.00042301  	0.00086699  	0.00111572  
2021-12-15 06:40:50.594: iteration 12 finished in 103.571540 seconds
2021-12-15 06:40:50.907: epoch 12:	0.00026969  	0.00033357  	0.00108949  	0.00302330  	0.00061717  	0.00117834  	0.00029527  	0.00041893  	0.00084074  	0.00110472  
2021-12-15 06:42:33.348: iteration 13 finished in 102.440232 seconds
2021-12-15 06:42:33.660: epoch 13:	0.00028389  	0.00031228  	0.00123143  	0.00281985  	0.00067219  	0.00114224  	0.00032180  	0.00042521  	0.00088687  	0.00111788  
2021-12-15 06:44:17.872: iteration 14 finished in 104.212165 seconds
2021-12-15 06:44:18.200: epoch 14:	0.00028389  	0.00029099  	0.00123143  	0.00246452  	0.00067147  	0.00105742  	0.00032125  	0.00040750  	0.00088806  	0.00109916  
2021-12-15 06:46:01.877: iteration 15 finished in 103.677352 seconds
2021-12-15 06:46:02.197: epoch 15:	0.00028389  	0.00030518  	0.00123143  	0.00267744  	0.00067938  	0.00111900  	0.00033166  	0.00043009  	0.00088118  	0.00110740  
2021-12-15 06:47:46.557: iteration 16 finished in 104.359429 seconds
2021-12-15 06:47:46.880: epoch 16:	0.00028389  	0.00029099  	0.00109332  	0.00254851  	0.00064213  	0.00108017  	0.00031445  	0.00042238  	0.00088062  	0.00109878  
2021-12-15 06:49:30.338: iteration 17 finished in 103.458473 seconds
2021-12-15 06:49:30.658: epoch 17:	0.00029808  	0.00029808  	0.00126061  	0.00269045  	0.00069890  	0.00112799  	0.00034141  	0.00044526  	0.00090169  	0.00111851  
2021-12-15 06:51:14.298: iteration 18 finished in 103.640206 seconds
2021-12-15 06:51:14.610: epoch 18:	0.00029808  	0.00029808  	0.00135524  	0.00256428  	0.00072068  	0.00110575  	0.00035444  	0.00044447  	0.00088710  	0.00110756  
2021-12-15 06:52:58.489: iteration 19 finished in 103.879294 seconds
2021-12-15 06:52:58.801: epoch 19:	0.00031228  	0.00029808  	0.00149718  	0.00256428  	0.00078602  	0.00113005  	0.00039812  	0.00047462  	0.00092850  	0.00113172  
2021-12-15 06:54:42.443: iteration 20 finished in 103.642538 seconds
2021-12-15 06:54:42.770: epoch 20:	0.00031228  	0.00029808  	0.00153267  	0.00272830  	0.00079706  	0.00116661  	0.00040288  	0.00048473  	0.00093357  	0.00113499  
2021-12-15 06:56:26.545: iteration 21 finished in 103.774742 seconds
2021-12-15 06:56:26.864: epoch 21:	0.00032647  	0.00029808  	0.00156816  	0.00284817  	0.00079216  	0.00116717  	0.00038677  	0.00047057  	0.00087763  	0.00105983  
2021-12-15 06:58:09.731: iteration 22 finished in 102.866632 seconds
2021-12-15 06:58:10.027: epoch 22:	0.00034067  	0.00030518  	0.00158590  	0.00299011  	0.00079267  	0.00119139  	0.00038268  	0.00047306  	0.00082525  	0.00100115  
2021-12-15 06:59:53.247: iteration 23 finished in 103.219597 seconds
2021-12-15 06:59:53.558: epoch 23:	0.00034067  	0.00031228  	0.00162848  	0.00316163  	0.00082809  	0.00125453  	0.00041393  	0.00050811  	0.00085691  	0.00104046  
2021-12-15 07:01:36.734: iteration 24 finished in 103.174793 seconds
2021-12-15 07:01:37.053: epoch 24:	0.00032647  	0.00030518  	0.00161429  	0.00300870  	0.00081120  	0.00121100  	0.00040652  	0.00049481  	0.00082700  	0.00101630  
2021-12-15 07:03:21.286: iteration 25 finished in 104.231582 seconds
2021-12-15 07:03:21.609: epoch 25:	0.00029808  	0.00029808  	0.00149600  	0.00289210  	0.00075618  	0.00117096  	0.00038509  	0.00047711  	0.00077653  	0.00097995  
2021-12-15 07:05:05.492: iteration 26 finished in 103.883016 seconds
2021-12-15 07:05:05.811: epoch 26:	0.00026969  	0.00028389  	0.00140728  	0.00275286  	0.00072260  	0.00113856  	0.00038002  	0.00047424  	0.00073552  	0.00095059  
2021-12-15 07:06:48.672: iteration 27 finished in 102.860901 seconds
2021-12-15 07:06:48.989: epoch 27:	0.00026969  	0.00028389  	0.00151374  	0.00275286  	0.00074469  	0.00113591  	0.00038783  	0.00047254  	0.00073034  	0.00094273  
2021-12-15 07:08:32.596: iteration 28 finished in 103.606606 seconds
2021-12-15 07:08:32.919: epoch 28:	0.00028389  	0.00028389  	0.00165569  	0.00273867  	0.00076693  	0.00111365  	0.00037867  	0.00044905  	0.00071676  	0.00091529  
2021-12-15 07:10:16.127: iteration 29 finished in 103.207330 seconds
2021-12-15 07:10:16.439: epoch 29:	0.00029808  	0.00028389  	0.00169117  	0.00273867  	0.00078500  	0.00111783  	0.00038419  	0.00045224  	0.00073293  	0.00092137  
2021-12-15 07:11:59.289: iteration 30 finished in 102.850411 seconds
2021-12-15 07:11:59.601: epoch 30:	0.00029808  	0.00027679  	0.00169117  	0.00266770  	0.00078059  	0.00109353  	0.00038118  	0.00044559  	0.00071119  	0.00089329  
2021-12-15 07:13:42.486: iteration 31 finished in 102.884919 seconds
2021-12-15 07:13:42.800: epoch 31:	0.00029808  	0.00028389  	0.00169117  	0.00269135  	0.00079325  	0.00111698  	0.00039997  	0.00046618  	0.00071913  	0.00090998  
2021-12-15 07:15:26.577: iteration 32 finished in 103.776586 seconds
2021-12-15 07:15:26.896: epoch 32:	0.00029808  	0.00028389  	0.00169117  	0.00269135  	0.00077334  	0.00109703  	0.00037653  	0.00044277  	0.00066810  	0.00085799  
2021-12-15 07:17:09.943: iteration 33 finished in 103.046936 seconds
2021-12-15 07:17:10.263: epoch 33:	0.00029808  	0.00028389  	0.00169117  	0.00269135  	0.00076200  	0.00108557  	0.00036811  	0.00043429  	0.00063374  	0.00082249  
2021-12-15 07:18:53.462: iteration 34 finished in 103.198685 seconds
2021-12-15 07:18:53.776: epoch 34:	0.00029808  	0.00027679  	0.00169117  	0.00264404  	0.00076285  	0.00107262  	0.00037028  	0.00043498  	0.00062805  	0.00081151  
2021-12-15 07:20:36.304: iteration 35 finished in 102.527436 seconds
2021-12-15 07:20:36.616: epoch 35:	0.00028389  	0.00027679  	0.00165569  	0.00264404  	0.00074554  	0.00106896  	0.00036610  	0.00043306  	0.00060732  	0.00079975  
2021-12-15 07:22:19.422: iteration 36 finished in 102.805772 seconds
2021-12-15 07:22:19.750: epoch 36:	0.00029808  	0.00027679  	0.00169117  	0.00264404  	0.00076438  	0.00107113  	0.00037136  	0.00043434  	0.00063419  	0.00081207  
2021-12-15 07:24:02.558: iteration 37 finished in 102.808571 seconds
2021-12-15 07:24:02.877: epoch 37:	0.00031228  	0.00028389  	0.00170537  	0.00271501  	0.00077130  	0.00108941  	0.00037112  	0.00043639  	0.00064027  	0.00081314  
2021-12-15 07:25:46.470: iteration 38 finished in 103.592424 seconds
2021-12-15 07:25:46.782: epoch 38:	0.00028389  	0.00030518  	0.00162257  	0.00296341  	0.00073520  	0.00115317  	0.00036248  	0.00044859  	0.00060833  	0.00082787  
2021-12-15 07:27:31.161: iteration 39 finished in 104.379170 seconds
2021-12-15 07:27:31.495: epoch 39:	0.00029808  	0.00030518  	0.00166988  	0.00295158  	0.00078426  	0.00118058  	0.00040439  	0.00048619  	0.00065661  	0.00086228  
2021-12-15 07:29:15.020: iteration 40 finished in 103.523392 seconds
2021-12-15 07:29:15.348: epoch 40:	0.00032647  	0.00030518  	0.00175860  	0.00304621  	0.00081493  	0.00119747  	0.00040867  	0.00048944  	0.00067688  	0.00086002  
2021-12-15 07:30:58.653: iteration 41 finished in 103.305170 seconds
2021-12-15 07:30:58.965: epoch 41:	0.00031228  	0.00031228  	0.00175071  	0.00309353  	0.00081018  	0.00122043  	0.00041142  	0.00049842  	0.00066765  	0.00087533  
2021-12-15 07:32:41.539: iteration 42 finished in 102.573827 seconds
2021-12-15 07:32:41.863: epoch 42:	0.00031228  	0.00030518  	0.00175071  	0.00307553  	0.00080373  	0.00120805  	0.00040665  	0.00049385  	0.00065249  	0.00085453  
2021-12-15 07:34:26.307: iteration 43 finished in 104.443676 seconds
2021-12-15 07:34:26.628: epoch 43:	0.00031228  	0.00031228  	0.00175071  	0.00321747  	0.00080462  	0.00124368  	0.00040698  	0.00050289  	0.00065604  	0.00086898  
2021-12-15 07:36:10.854: iteration 44 finished in 104.225927 seconds
2021-12-15 07:36:11.180: epoch 44:	0.00031228  	0.00031938  	0.00164425  	0.00322582  	0.00078008  	0.00125122  	0.00039690  	0.00050454  	0.00065604  	0.00088120  
2021-12-15 07:37:53.615: iteration 45 finished in 102.434017 seconds
2021-12-15 07:37:53.941: epoch 45:	0.00031228  	0.00031938  	0.00164425  	0.00316161  	0.00077887  	0.00123549  	0.00039564  	0.00050054  	0.00065582  	0.00088089  
2021-12-15 07:39:37.651: iteration 46 finished in 103.709614 seconds
2021-12-15 07:39:37.965: epoch 46:	0.00035486  	0.00032647  	0.00179803  	0.00317935  	0.00084245  	0.00125109  	0.00041405  	0.00050723  	0.00070454  	0.00090161  
2021-12-15 07:41:20.052: iteration 47 finished in 102.086656 seconds
2021-12-15 07:41:20.364: epoch 47:	0.00035486  	0.00031938  	0.00179803  	0.00310838  	0.00084264  	0.00123325  	0.00041391  	0.00050453  	0.00070544  	0.00089852  
2021-12-15 07:43:04.067: iteration 48 finished in 103.702549 seconds
2021-12-15 07:43:04.387: epoch 48:	0.00036906  	0.00031228  	0.00186900  	0.00306107  	0.00086563  	0.00121811  	0.00041963  	0.00050229  	0.00071451  	0.00088939  
2021-12-15 07:44:47.599: iteration 49 finished in 103.211385 seconds
2021-12-15 07:44:47.927: epoch 49:	0.00035486  	0.00031228  	0.00182168  	0.00306107  	0.00084400  	0.00121515  	0.00041182  	0.00049878  	0.00070071  	0.00088943  
2021-12-15 07:46:31.295: iteration 50 finished in 103.367252 seconds
2021-12-15 07:46:31.610: epoch 50:	0.00036906  	0.00030518  	0.00183351  	0.00305318  	0.00085665  	0.00121743  	0.00041604  	0.00050357  	0.00072178  	0.00089694  
