2021-01-18 20:05:26.673: Dataset name: u3
The number of users: 5886
The number of items: 5886
The number of ratings: 20311
Average actions of users: 3.45
Average actions of items: 3.45
The sparsity of the dataset: 99.941374%
2021-01-18 20:05:26.673: 

NeuRec hyperparameters:
recommender=WRMF
config_dir=./conf
gpu_id=0
gpu_mem=0.5
data.input.path=C:\Users\HyunsikYoo\Desktop\VNE_directed_networks/_Data/p2p-Gnutella08/5-fold/u3/
data.input.dataset=u3
data.output.path=C:\Users\HyunsikYoo\Desktop\VNE_directed_networks/_Emb/p2p-Gnutella08/5-fold/wrmf/u3_wrmf_directed_dim16.emb
data.column.format=UI
data.convert.separator='\t'
user_min=0
item_min=0
splitter=given
ratio=0.8
by_time=False
metric=["Precision", "Recall", "NDCG", "MAP", "MRR"]
topk=[10, 20]
group_view=None
rec.evaluate.neg=0
test_batch_size=128
num_thread=8
data.index.remap=False

WRMF's hyperparameters:
epochs=50
embedding_size=16
reg_mf=0.1
alpha=10
init_method=uniform
stddev=0.01
verbose=1
weight=uniform

2021-01-18 20:06:58.490: metrics:	Precision@10	Precision@20	Recall@10   	Recall@20   	NDCG@10     	NDCG@20     	MAP@10      	MAP@20      	MRR@10      	MRR@20      
2021-01-18 20:07:02.612: iteration 1 finished in 4.121578 seconds
2021-01-18 20:07:02.670: epoch 1:	0.00861425  	0.00727998  	0.04353933  	0.07443820  	0.02430629  	0.03373554  	0.01327990  	0.01603865  	0.02468510  	0.02753767  
2021-01-18 20:07:06.770: iteration 2 finished in 4.099236 seconds
2021-01-18 20:07:06.820: epoch 2:	0.01142324  	0.01039325  	0.05852060  	0.10767790  	0.03390791  	0.04871788  	0.01961452  	0.02412072  	0.03542260  	0.03931211  
2021-01-18 20:07:10.959: iteration 3 finished in 4.138181 seconds
2021-01-18 20:07:11.003: epoch 3:	0.01217231  	0.01154025  	0.06312422  	0.11953808  	0.03811318  	0.05531394  	0.02325404  	0.02858065  	0.03996400  	0.04451114  
2021-01-18 20:07:15.221: iteration 4 finished in 4.217228 seconds
2021-01-18 20:07:15.266: epoch 4:	0.01315546  	0.01214886  	0.06827403  	0.12620944  	0.04145347  	0.05897136  	0.02561930  	0.03103884  	0.04351147  	0.04796484  
2021-01-18 20:07:19.658: iteration 5 finished in 4.391891 seconds
2021-01-18 20:07:19.702: epoch 5:	0.01348317  	0.01245317  	0.07026373  	0.12972067  	0.04243511  	0.06048243  	0.02615416  	0.03181417  	0.04444427  	0.04900410  
2021-01-18 20:07:23.942: iteration 6 finished in 4.239099 seconds
2021-01-18 20:07:23.988: epoch 6:	0.01385771  	0.01261703  	0.07213639  	0.13112517  	0.04236644  	0.06030000  	0.02544663  	0.03110503  	0.04341321  	0.04788596  
2021-01-18 20:07:28.273: iteration 7 finished in 4.285099 seconds
2021-01-18 20:07:28.344: epoch 7:	0.01390452  	0.01275748  	0.07237047  	0.13252966  	0.04267188  	0.06103540  	0.02571842  	0.03148851  	0.04395958  	0.04870923  
2021-01-18 20:07:32.470: iteration 8 finished in 4.126433 seconds
2021-01-18 20:07:32.520: epoch 8:	0.01413861  	0.01280429  	0.07330680  	0.13299783  	0.04276998  	0.06093936  	0.02547319  	0.03128623  	0.04377212  	0.04821160  
2021-01-18 20:07:36.806: iteration 9 finished in 4.285299 seconds
2021-01-18 20:07:36.853: epoch 9:	0.01427906  	0.01282770  	0.07400905  	0.13323191  	0.04274207  	0.06078577  	0.02524913  	0.03103464  	0.04325342  	0.04767036  
2021-01-18 20:07:41.086: iteration 10 finished in 4.233169 seconds
2021-01-18 20:07:41.149: epoch 10:	0.01418542  	0.01287452  	0.07354088  	0.13370007  	0.04247480  	0.06079635  	0.02504162  	0.03093165  	0.04297512  	0.04741383  
2021-01-18 20:07:45.436: iteration 11 finished in 4.286121 seconds
2021-01-18 20:07:45.505: epoch 11:	0.01441951  	0.01289792  	0.07447721  	0.13370007  	0.04284412  	0.06084015  	0.02517074  	0.03098265  	0.04302269  	0.04726062  
2021-01-18 20:07:49.762: iteration 12 finished in 4.257142 seconds
2021-01-18 20:07:49.813: epoch 12:	0.01446632  	0.01285111  	0.07471129  	0.13299783  	0.04300563  	0.06073654  	0.02529484  	0.03102716  	0.04321330  	0.04737655  
2021-01-18 20:07:54.347: iteration 13 finished in 4.534178 seconds
2021-01-18 20:07:54.420: epoch 13:	0.01441951  	0.01294474  	0.07447721  	0.13393416  	0.04284314  	0.06095278  	0.02518467  	0.03101405  	0.04297178  	0.04730898  
2021-01-18 20:07:58.683: iteration 14 finished in 4.261285 seconds
2021-01-18 20:07:58.727: epoch 14:	0.01432587  	0.01306178  	0.07385299  	0.13533865  	0.04254762  	0.06121998  	0.02499601  	0.03099410  	0.04274457  	0.04720185  
2021-01-18 20:08:03.006: iteration 15 finished in 4.278981 seconds
2021-01-18 20:08:03.052: epoch 15:	0.01423224  	0.01315541  	0.07330680  	0.13697723  	0.04238896  	0.06160139  	0.02500270  	0.03109894  	0.04256548  	0.04720649  
2021-01-18 20:08:07.273: iteration 16 finished in 4.220987 seconds
2021-01-18 20:08:07.319: epoch 16:	0.01423224  	0.01310860  	0.07338483  	0.13650906  	0.04248448  	0.06155125  	0.02505276  	0.03114116  	0.04281144  	0.04736811  
2021-01-18 20:08:11.641: iteration 17 finished in 4.322533 seconds
2021-01-18 20:08:11.687: epoch 17:	0.01427906  	0.01315541  	0.07361891  	0.13674314  	0.04232822  	0.06140763  	0.02485276  	0.03090672  	0.04225539  	0.04686964  
2021-01-18 20:08:16.013: iteration 18 finished in 4.326161 seconds
2021-01-18 20:08:16.060: epoch 18:	0.01437269  	0.01317882  	0.07408708  	0.13697723  	0.04254245  	0.06153202  	0.02493562  	0.03096221  	0.04255487  	0.04711005  
2021-01-18 20:08:20.339: iteration 19 finished in 4.278181 seconds
2021-01-18 20:08:20.382: epoch 19:	0.01427906  	0.01315541  	0.07361891  	0.13650906  	0.04241850  	0.06144287  	0.02492067  	0.03096355  	0.04251382  	0.04708868  
2021-01-18 20:08:24.619: iteration 20 finished in 4.236956 seconds
2021-01-18 20:08:24.666: epoch 20:	0.01432587  	0.01313201  	0.07385299  	0.13627498  	0.04273246  	0.06161165  	0.02518708  	0.03121259  	0.04303252  	0.04751058  
2021-01-18 20:08:28.892: iteration 21 finished in 4.226053 seconds
2021-01-18 20:08:28.940: epoch 21:	0.01432587  	0.01306178  	0.07385299  	0.13565075  	0.04266069  	0.06136771  	0.02515244  	0.03112298  	0.04275108  	0.04722525  
2021-01-18 20:08:33.298: iteration 22 finished in 4.358197 seconds
2021-01-18 20:08:33.346: epoch 22:	0.01432587  	0.01315541  	0.07385299  	0.13682117  	0.04291875  	0.06194056  	0.02542744  	0.03146546  	0.04333702  	0.04791843  
2021-01-18 20:08:37.605: iteration 23 finished in 4.258354 seconds
2021-01-18 20:08:37.651: epoch 23:	0.01432587  	0.01315541  	0.07385299  	0.13705525  	0.04303095  	0.06209803  	0.02553659  	0.03158987  	0.04362369  	0.04820841  
2021-01-18 20:08:41.836: iteration 24 finished in 4.184728 seconds
2021-01-18 20:08:41.882: epoch 24:	0.01427906  	0.01313200  	0.07361891  	0.13682117  	0.04285899  	0.06192615  	0.02541536  	0.03144166  	0.04336824  	0.04800660  
2021-01-18 20:08:46.234: iteration 25 finished in 4.352282 seconds
2021-01-18 20:08:46.280: epoch 25:	0.01423224  	0.01308519  	0.07338483  	0.13635300  	0.04262117  	0.06165863  	0.02520390  	0.03125625  	0.04304460  	0.04767587  
2021-01-18 20:08:50.611: iteration 26 finished in 4.330043 seconds
2021-01-18 20:08:50.659: epoch 26:	0.01418542  	0.01313200  	0.07326779  	0.13682117  	0.04250167  	0.06172346  	0.02512132  	0.03120606  	0.04284303  	0.04757170  
2021-01-18 20:08:55.012: iteration 27 finished in 4.352342 seconds
2021-01-18 20:08:55.058: epoch 27:	0.01413861  	0.01313200  	0.07303371  	0.13635300  	0.04241274  	0.06162561  	0.02510395  	0.03118439  	0.04273026  	0.04748301  
2021-01-18 20:08:59.492: iteration 28 finished in 4.433087 seconds
2021-01-18 20:08:59.538: epoch 28:	0.01409179  	0.01322564  	0.07303371  	0.13728933  	0.04227414  	0.06179354  	0.02494148  	0.03113656  	0.04257178  	0.04736328  
2021-01-18 20:09:03.950: iteration 29 finished in 4.411246 seconds
2021-01-18 20:09:03.999: epoch 29:	0.01409179  	0.01322564  	0.07303371  	0.13728933  	0.04228323  	0.06179335  	0.02496350  	0.03114633  	0.04256900  	0.04735894  
2021-01-18 20:09:08.300: iteration 30 finished in 4.300121 seconds
2021-01-18 20:09:08.346: epoch 30:	0.01413861  	0.01324905  	0.07326779  	0.13752341  	0.04229342  	0.06181293  	0.02493136  	0.03111286  	0.04242149  	0.04723949  
2021-01-18 20:09:12.607: iteration 31 finished in 4.260339 seconds
2021-01-18 20:09:12.657: epoch 31:	0.01418542  	0.01322564  	0.07373595  	0.13728933  	0.04239089  	0.06170736  	0.02493443  	0.03102938  	0.04240496  	0.04720225  
2021-01-18 20:09:16.927: iteration 32 finished in 4.269804 seconds
2021-01-18 20:09:16.973: epoch 32:	0.01423224  	0.01322563  	0.07373595  	0.13740636  	0.04229124  	0.06161163  	0.02480392  	0.03089529  	0.04214803  	0.04694919  
2021-01-18 20:09:21.506: iteration 33 finished in 4.532994 seconds
2021-01-18 20:09:21.552: epoch 33:	0.01427906  	0.01322563  	0.07420412  	0.13787453  	0.04252502  	0.06179354  	0.02497121  	0.03101715  	0.04234849  	0.04714572  
2021-01-18 20:09:25.887: iteration 34 finished in 4.335318 seconds
2021-01-18 20:09:25.935: epoch 34:	0.01437269  	0.01324904  	0.07467228  	0.13810861  	0.04268280  	0.06184590  	0.02504004  	0.03102744  	0.04238731  	0.04715043  
2021-01-18 20:09:30.312: iteration 35 finished in 4.376320 seconds
2021-01-18 20:09:30.356: epoch 35:	0.01432587  	0.01322563  	0.07443820  	0.13787453  	0.04266280  	0.06184747  	0.02508491  	0.03108786  	0.04246925  	0.04725745  
2021-01-18 20:09:34.550: iteration 36 finished in 4.193894 seconds
2021-01-18 20:09:34.595: epoch 36:	0.01432587  	0.01324904  	0.07443820  	0.13810861  	0.04276950  	0.06202354  	0.02524180  	0.03127077  	0.04254746  	0.04734218  
2021-01-18 20:09:38.968: iteration 37 finished in 4.372962 seconds
2021-01-18 20:09:39.014: epoch 37:	0.01437269  	0.01320223  	0.07467228  	0.13740636  	0.04305277  	0.06205689  	0.02547040  	0.03144567  	0.04298794  	0.04769425  
2021-01-18 20:09:43.237: iteration 38 finished in 4.223188 seconds
2021-01-18 20:09:43.284: epoch 38:	0.01437269  	0.01322563  	0.07467228  	0.13764045  	0.04309157  	0.06216572  	0.02552075  	0.03151163  	0.04305612  	0.04778735  
2021-01-18 20:09:47.565: iteration 39 finished in 4.281178 seconds
2021-01-18 20:09:47.614: epoch 39:	0.01437269  	0.01317882  	0.07467228  	0.13717228  	0.04311785  	0.06205095  	0.02556914  	0.03149777  	0.04305927  	0.04779643  
2021-01-18 20:09:51.806: iteration 40 finished in 4.191523 seconds
2021-01-18 20:09:51.903: epoch 40:	0.01432587  	0.01317882  	0.07443820  	0.13717228  	0.04300931  	0.06202914  	0.02551972  	0.03147538  	0.04296044  	0.04774495  
2021-01-18 20:09:56.157: iteration 41 finished in 4.253454 seconds
2021-01-18 20:09:56.201: epoch 41:	0.01432587  	0.01313200  	0.07443820  	0.13647003  	0.04292000  	0.06177063  	0.02542368  	0.03134750  	0.04275683  	0.04749528  
2021-01-18 20:10:00.509: iteration 42 finished in 4.307965 seconds
2021-01-18 20:10:00.556: epoch 42:	0.01432587  	0.01313200  	0.07467228  	0.13647003  	0.04284127  	0.06165171  	0.02528852  	0.03121978  	0.04255135  	0.04725523  
2021-01-18 20:10:04.968: iteration 43 finished in 4.412023 seconds
2021-01-18 20:10:05.031: epoch 43:	0.01432587  	0.01317882  	0.07443820  	0.13717228  	0.04305482  	0.06208803  	0.02555186  	0.03155427  	0.04310442  	0.04782705  
2021-01-18 20:10:09.338: iteration 44 finished in 4.306889 seconds
2021-01-18 20:10:09.383: epoch 44:	0.01437269  	0.01313200  	0.07467228  	0.13670412  	0.04313839  	0.06196642  	0.02558010  	0.03154211  	0.04313378  	0.04777217  
2021-01-18 20:10:13.652: iteration 45 finished in 4.269152 seconds
2021-01-18 20:10:13.698: epoch 45:	0.01437269  	0.01310859  	0.07467228  	0.13647003  	0.04294166  	0.06170265  	0.02535355  	0.03129197  	0.04272023  	0.04735554  
2021-01-18 20:10:17.956: iteration 46 finished in 4.257958 seconds
2021-01-18 20:10:18.004: epoch 46:	0.01446632  	0.01313200  	0.07514045  	0.13670412  	0.04315493  	0.06180888  	0.02547300  	0.03134682  	0.04285435  	0.04746143  
2021-01-18 20:10:22.297: iteration 47 finished in 4.292756 seconds
2021-01-18 20:10:22.341: epoch 47:	0.01441951  	0.01313200  	0.07490636  	0.13670412  	0.04305556  	0.06179363  	0.02543715  	0.03133190  	0.04276389  	0.04742462  
2021-01-18 20:10:26.904: iteration 48 finished in 4.561898 seconds
2021-01-18 20:10:26.957: epoch 48:	0.01441951  	0.01313200  	0.07490636  	0.13693820  	0.04303101  	0.06180490  	0.02540863  	0.03131062  	0.04273397  	0.04738865  
2021-01-18 20:10:31.337: iteration 49 finished in 4.379421 seconds
2021-01-18 20:10:31.381: epoch 49:	0.01441951  	0.01310860  	0.07490636  	0.13670412  	0.04294775  	0.06164260  	0.02526288  	0.03114238  	0.04266765  	0.04728567  
2021-01-18 20:10:35.649: iteration 50 finished in 4.267789 seconds
2021-01-18 20:10:35.695: epoch 50:	0.01437269  	0.01310860  	0.07467228  	0.13670412  	0.04280029  	0.06156960  	0.02517389  	0.03108309  	0.04248967  	0.04711925  
