2021-12-15 18:31:32.462: Dataset name: u3
The number of users: 28230
The number of items: 28230
The number of ratings: 84264
Average actions of users: 2.98
Average actions of items: 2.98
The sparsity of the dataset: 99.989426%
2021-12-15 18:31:32.462: 

NeuRec hyperparameters:
recommender=WRMF
config_dir=./conf
gpu_id=0
gpu_mem=0.5
data.input.path=D:\hsyoo\Workingon_210628/_Data/digg/noniid-out-barrier/u3/
data.input.dataset=u3
data.output.path=D:\hsyoo\Workingon_210628/_Emb/digg/noniid-out-barrier/wrmf/u3_wrmf_directed_dim16_uniform_send.emb
data.column.format=UI
data.convert.separator='\t'
user_min=0
item_min=0
splitter=given
ratio=0.8
by_time=False
metric=["Precision", "Recall", "NDCG", "MAP", "MRR"]
topk=[10, 20]
group_view=None
rec.evaluate.neg=0
test_batch_size=128
num_thread=8
data.index.remap=False

WRMF's hyperparameters:
epochs=50
embedding_size=16
reg_mf=0.1
alpha=10
init_method=uniform
stddev=0.01
verbose=1
weight=uniform

2021-12-15 19:05:18.869: metrics:	Precision@10	Precision@20	Recall@10   	Recall@20   	NDCG@10     	NDCG@20     	MAP@10      	MAP@20      	MRR@10      	MRR@20      
2021-12-15 19:07:14.272: iteration 1 finished in 115.402810 seconds
2021-12-15 19:07:14.725: epoch 1:	0.00159351  	0.00138806  	0.00954433  	0.01698570  	0.00568429  	0.00778148  	0.00354223  	0.00404780  	0.00632359  	0.00710564  
2021-12-15 19:09:12.223: iteration 2 finished in 117.497808 seconds
2021-12-15 19:09:12.692: epoch 2:	0.00186410  	0.00157848  	0.01147358  	0.01940602  	0.00620351  	0.00846236  	0.00367525  	0.00421516  	0.00611325  	0.00698358  
2021-12-15 19:11:07.906: iteration 3 finished in 115.214131 seconds
2021-12-15 19:11:08.370: epoch 3:	0.00214472  	0.00173883  	0.01334770  	0.02215039  	0.00735571  	0.00980521  	0.00451733  	0.00511910  	0.00702569  	0.00790615  
2021-12-15 19:13:06.076: iteration 4 finished in 117.706257 seconds
2021-12-15 19:13:06.540: epoch 4:	0.00226499  	0.00173382  	0.01448353  	0.02200006  	0.00802078  	0.01012844  	0.00498890  	0.00549598  	0.00771948  	0.00848925  
2021-12-15 19:15:01.134: iteration 5 finished in 114.592538 seconds
2021-12-15 19:15:01.605: epoch 5:	0.00218481  	0.00182401  	0.01364836  	0.02311083  	0.00781057  	0.01046382  	0.00493156  	0.00558505  	0.00778343  	0.00874730  
2021-12-15 19:16:57.121: iteration 6 finished in 115.515024 seconds
2021-12-15 19:16:57.599: epoch 6:	0.00223492  	0.00186410  	0.01408766  	0.02344490  	0.00806598  	0.01070414  	0.00512571  	0.00576024  	0.00798614  	0.00897491  
2021-12-15 19:18:50.394: iteration 7 finished in 112.794528 seconds
2021-12-15 19:18:50.831: epoch 7:	0.00222490  	0.00188916  	0.01417118  	0.02343154  	0.00814562  	0.01078194  	0.00522356  	0.00585069  	0.00807089  	0.00907273  
2021-12-15 19:20:45.779: iteration 8 finished in 114.948344 seconds
2021-12-15 19:20:46.246: epoch 8:	0.00226499  	0.00186911  	0.01433821  	0.02355682  	0.00831556  	0.01091779  	0.00535098  	0.00598089  	0.00832235  	0.00930614  
2021-12-15 19:22:38.388: iteration 9 finished in 112.142341 seconds
2021-12-15 19:22:38.850: epoch 9:	0.00230508  	0.00189417  	0.01434155  	0.02371550  	0.00816426  	0.01080708  	0.00514466  	0.00578926  	0.00810879  	0.00909961  
2021-12-15 19:24:32.536: iteration 10 finished in 113.685810 seconds
2021-12-15 19:24:33.001: epoch 10:	0.00234516  	0.00190920  	0.01474244  	0.02392764  	0.00819132  	0.01078487  	0.00506779  	0.00569290  	0.00792048  	0.00890548  
2021-12-15 19:26:25.579: iteration 11 finished in 112.578441 seconds
2021-12-15 19:26:26.042: epoch 11:	0.00236521  	0.00189417  	0.01521848  	0.02362697  	0.00831924  	0.01073796  	0.00511481  	0.00569048  	0.00792724  	0.00889614  
2021-12-15 19:28:19.204: iteration 12 finished in 113.162581 seconds
2021-12-15 19:28:19.680: epoch 12:	0.00238525  	0.00190419  	0.01550411  	0.02376895  	0.00845347  	0.01085096  	0.00520400  	0.00577630  	0.00802921  	0.00900951  
2021-12-15 19:30:11.848: iteration 13 finished in 112.168122 seconds
2021-12-15 19:30:12.311: epoch 13:	0.00242534  	0.00186410  	0.01563774  	0.02351840  	0.00853823  	0.01080136  	0.00523505  	0.00578431  	0.00816431  	0.00906784  
2021-12-15 19:32:05.735: iteration 14 finished in 113.423802 seconds
2021-12-15 19:32:06.184: epoch 14:	0.00242534  	0.00187412  	0.01542060  	0.02353009  	0.00855486  	0.01086936  	0.00530413  	0.00586810  	0.00824930  	0.00915345  
2021-12-15 19:33:59.344: iteration 15 finished in 113.159748 seconds
2021-12-15 19:33:59.805: epoch 15:	0.00246543  	0.00187913  	0.01547906  	0.02350003  	0.00868710  	0.01095886  	0.00542105  	0.00597524  	0.00847074  	0.00933386  
2021-12-15 19:35:51.996: iteration 16 finished in 112.190795 seconds
2021-12-15 19:35:52.454: epoch 16:	0.00242534  	0.00192423  	0.01517840  	0.02411805  	0.00857477  	0.01109016  	0.00535846  	0.00597268  	0.00841812  	0.00935455  
2021-12-15 19:37:46.108: iteration 17 finished in 113.653526 seconds
2021-12-15 19:37:46.561: epoch 17:	0.00238525  	0.00194428  	0.01515334  	0.02440201  	0.00850163  	0.01112320  	0.00530639  	0.00594173  	0.00832045  	0.00931843  
2021-12-15 19:39:40.097: iteration 18 finished in 113.536518 seconds
2021-12-15 19:39:40.566: epoch 18:	0.00234516  	0.00194929  	0.01497795  	0.02444377  	0.00842218  	0.01111043  	0.00527050  	0.00591876  	0.00831639  	0.00934441  
2021-12-15 19:41:34.417: iteration 19 finished in 113.851232 seconds
2021-12-15 19:41:34.882: epoch 19:	0.00227501  	0.00195430  	0.01443008  	0.02470768  	0.00837165  	0.01128059  	0.00535961  	0.00607207  	0.00844338  	0.00954522  
2021-12-15 19:43:28.141: iteration 20 finished in 113.259397 seconds
2021-12-15 19:43:28.596: epoch 20:	0.00230508  	0.00195931  	0.01473074  	0.02469933  	0.00841991  	0.01125592  	0.00533242  	0.00602272  	0.00841979  	0.00950938  
2021-12-15 19:45:22.634: iteration 21 finished in 114.038186 seconds
2021-12-15 19:45:23.102: epoch 21:	0.00233514  	0.00189417  	0.01483931  	0.02355515  	0.00849716  	0.01101211  	0.00540914  	0.00601812  	0.00846175  	0.00946129  
2021-12-15 19:47:15.761: iteration 22 finished in 112.657746 seconds
2021-12-15 19:47:16.229: epoch 22:	0.00237523  	0.00191922  	0.01508987  	0.02379401  	0.00853903  	0.01103861  	0.00537448  	0.00597195  	0.00844338  	0.00942322  
2021-12-15 19:49:08.552: iteration 23 finished in 112.322525 seconds
2021-12-15 19:49:09.015: epoch 23:	0.00238525  	0.00193927  	0.01524020  	0.02383076  	0.00869857  	0.01117573  	0.00552739  	0.00610607  	0.00865770  	0.00963982  
2021-12-15 19:51:02.786: iteration 24 finished in 113.770090 seconds
2021-12-15 19:51:03.254: epoch 24:	0.00232512  	0.00193927  	0.01474745  	0.02401115  	0.00857576  	0.01122296  	0.00550204  	0.00612890  	0.00866060  	0.00969521  
2021-12-15 19:52:56.013: iteration 25 finished in 112.758665 seconds
2021-12-15 19:52:56.480: epoch 25:	0.00226499  	0.00195931  	0.01437997  	0.02448720  	0.00852078  	0.01138735  	0.00555228  	0.00623285  	0.00869850  	0.00980834  
2021-12-15 19:54:51.341: iteration 26 finished in 114.861859 seconds
2021-12-15 19:54:51.811: epoch 26:	0.00229505  	0.00198436  	0.01448854  	0.02470769  	0.00855356  	0.01144004  	0.00556290  	0.00624354  	0.00868928  	0.00979305  
2021-12-15 19:56:43.872: iteration 27 finished in 112.060952 seconds
2021-12-15 19:56:44.333: epoch 27:	0.00223492  	0.00196933  	0.01405425  	0.02461582  	0.00845259  	0.01143841  	0.00556159  	0.00627704  	0.00868228  	0.00982069  
2021-12-15 19:58:38.085: iteration 28 finished in 113.751288 seconds
2021-12-15 19:58:38.550: epoch 28:	0.00221488  	0.00195931  	0.01394902  	0.02449889  	0.00840903  	0.01139793  	0.00553805  	0.00625705  	0.00866032  	0.00980604  
2021-12-15 20:00:31.083: iteration 29 finished in 112.532953 seconds
2021-12-15 20:00:31.536: epoch 29:	0.00222490  	0.00195430  	0.01407430  	0.02444043  	0.00849037  	0.01143660  	0.00560787  	0.00631726  	0.00874555  	0.00987988  
2021-12-15 20:02:22.999: iteration 30 finished in 111.462786 seconds
2021-12-15 20:02:23.446: epoch 30:	0.00228503  	0.00194929  	0.01465892  	0.02437362  	0.00869160  	0.01146043  	0.00571409  	0.00637096  	0.00887214  	0.00994900  
2021-12-15 20:04:16.926: iteration 31 finished in 113.478646 seconds
2021-12-15 20:04:17.379: epoch 31:	0.00227501  	0.00191922  	0.01449188  	0.02428175  	0.00862397  	0.01138569  	0.00566513  	0.00632934  	0.00886263  	0.00991153  
2021-12-15 20:06:09.499: iteration 32 finished in 112.120053 seconds
2021-12-15 20:06:09.949: epoch 32:	0.00226499  	0.00190419  	0.01437830  	0.02406461  	0.00855459  	0.01128928  	0.00560400  	0.00626471  	0.00881356  	0.00984934  
2021-12-15 20:08:03.153: iteration 33 finished in 113.204332 seconds
2021-12-15 20:08:03.609: epoch 33:	0.00228503  	0.00192423  	0.01451193  	0.02433186  	0.00855673  	0.01131682  	0.00557135  	0.00623323  	0.00875263  	0.00978818  
2021-12-15 20:09:56.398: iteration 34 finished in 112.789003 seconds
2021-12-15 20:09:56.850: epoch 34:	0.00230508  	0.00192423  	0.01466226  	0.02444878  	0.00858875  	0.01131895  	0.00558049  	0.00622991  	0.00871219  	0.00972475  
2021-12-15 20:11:50.908: iteration 35 finished in 114.057631 seconds
2021-12-15 20:11:51.368: epoch 35:	0.00228503  	0.00195430  	0.01464556  	0.02472439  	0.00859162  	0.01140453  	0.00560429  	0.00626188  	0.00872813  	0.00977776  
2021-12-15 20:13:43.479: iteration 36 finished in 112.109494 seconds
2021-12-15 20:13:43.936: epoch 36:	0.00226499  	0.00190419  	0.01446182  	0.02406460  	0.00850457  	0.01120939  	0.00552418  	0.00617371  	0.00870371  	0.00971872  
2021-12-15 20:15:37.788: iteration 37 finished in 113.850142 seconds
2021-12-15 20:15:38.252: epoch 37:	0.00226499  	0.00190419  	0.01453698  	0.02414478  	0.00857110  	0.01127857  	0.00558435  	0.00623433  	0.00878548  	0.00980633  
2021-12-15 20:17:30.570: iteration 38 finished in 112.317801 seconds
2021-12-15 20:17:31.027: epoch 38:	0.00226499  	0.00187412  	0.01445347  	0.02372720  	0.00857246  	0.01119550  	0.00559762  	0.00623455  	0.00881761  	0.00980853  
2021-12-15 20:19:24.597: iteration 39 finished in 113.567598 seconds
2021-12-15 20:19:25.059: epoch 39:	0.00229505  	0.00185909  	0.01462050  	0.02345159  	0.00863260  	0.01113666  	0.00561522  	0.00622309  	0.00888761  	0.00983823  
2021-12-15 20:21:17.990: iteration 40 finished in 112.929535 seconds
2021-12-15 20:21:18.443: epoch 40:	0.00228503  	0.00184907  	0.01463720  	0.02341818  	0.00863456  	0.01112242  	0.00563165  	0.00623486  	0.00889079  	0.00983848  
2021-12-15 20:23:10.300: iteration 41 finished in 111.857081 seconds
2021-12-15 20:23:10.785: epoch 41:	0.00230508  	0.00187412  	0.01491281  	0.02368544  	0.00868896  	0.01117750  	0.00563504  	0.00622690  	0.00885869  	0.00981530  
2021-12-15 20:25:04.176: iteration 42 finished in 113.390937 seconds
2021-12-15 20:25:04.637: epoch 42:	0.00235519  	0.00186911  	0.01510490  	0.02361862  	0.00875572  	0.01115568  	0.00564439  	0.00621563  	0.00890582  	0.00981244  
2021-12-15 20:26:55.959: iteration 43 finished in 111.321556 seconds
2021-12-15 20:26:56.412: epoch 43:	0.00235519  	0.00184907  	0.01505479  	0.02360192  	0.00876623  	0.01115768  	0.00566225  	0.00623667  	0.00896751  	0.00986254  
2021-12-15 20:28:49.756: iteration 44 finished in 113.344560 seconds
2021-12-15 20:28:50.212: epoch 44:	0.00237523  	0.00186911  	0.01522183  	0.02364702  	0.00882919  	0.01119727  	0.00567702  	0.00623951  	0.00906045  	0.00995520  
2021-12-15 20:30:42.761: iteration 45 finished in 112.549198 seconds
2021-12-15 20:30:43.229: epoch 45:	0.00233514  	0.00187412  	0.01488776  	0.02362530  	0.00869337  	0.01116219  	0.00559498  	0.00618885  	0.00897590  	0.00991585  
2021-12-15 20:32:35.846: iteration 46 finished in 112.615905 seconds
2021-12-15 20:32:36.301: epoch 46:	0.00232512  	0.00187913  	0.01497127  	0.02381739  	0.00866342  	0.01115806  	0.00555566  	0.00615130  	0.00886669  	0.00981640  
2021-12-15 20:34:27.647: iteration 47 finished in 111.346328 seconds
2021-12-15 20:34:28.105: epoch 47:	0.00233514  	0.00189417  	0.01492451  	0.02401784  	0.00873343  	0.01128016  	0.00564110  	0.00624466  	0.00901304  	0.00997635  
2021-12-15 20:36:21.025: iteration 48 finished in 112.919183 seconds
2021-12-15 20:36:21.478: epoch 48:	0.00232512  	0.00187913  	0.01482094  	0.02375893  	0.00868104  	0.01118961  	0.00560490  	0.00620175  	0.00895033  	0.00990379  
2021-12-15 20:38:13.214: iteration 49 finished in 111.736381 seconds
2021-12-15 20:38:13.670: epoch 49:	0.00233514  	0.00188415  	0.01494622  	0.02385080  	0.00869232  	0.01119065  	0.00559107  	0.00618216  	0.00891569  	0.00987098  
2021-12-15 20:40:05.313: iteration 50 finished in 111.642959 seconds
2021-12-15 20:40:05.768: epoch 50:	0.00232512  	0.00186911  	0.01485435  	0.02343322  	0.00860066  	0.01104250  	0.00550608  	0.00609024  	0.00880421  	0.00976014  
