2021-12-14 21:09:23.296: Dataset name: u3
The number of users: 7034
The number of items: 7034
The number of ratings: 103623
Average actions of users: 14.73
Average actions of items: 14.73
The sparsity of the dataset: 99.790564%
2021-12-14 21:09:23.296: 

NeuRec hyperparameters:
recommender=WRMF
config_dir=./conf
gpu_id=0
gpu_mem=0.5
data.input.path=D:\hsyoo\Workingon_210628/_Data/wiki-vote/noniid-out-barrier/u3/
data.input.dataset=u3
data.output.path=D:\hsyoo\Workingon_210628/_Emb/wiki-vote/noniid-out-barrier/wrmf/u3_wrmf_directed_dim16_uniform_send.emb
data.column.format=UI
data.convert.separator='\t'
user_min=0
item_min=0
splitter=given
ratio=0.8
by_time=False
metric=["Precision", "Recall", "NDCG", "MAP", "MRR"]
topk=[10, 20]
group_view=None
rec.evaluate.neg=0
test_batch_size=128
num_thread=8
data.index.remap=False

WRMF's hyperparameters:
epochs=50
embedding_size=16
reg_mf=0.1
alpha=10
init_method=uniform
stddev=0.01
verbose=1
weight=uniform

2021-12-14 21:11:31.035: metrics:	Precision@10	Precision@20	Recall@10   	Recall@20   	NDCG@10     	NDCG@20     	MAP@10      	MAP@20      	MRR@10      	MRR@20      
2021-12-14 21:11:37.539: iteration 1 finished in 6.503607 seconds
2021-12-14 21:11:37.658: epoch 1:	0.01642025  	0.01433746  	0.02592812  	0.04411213  	0.02283282  	0.03024701  	0.00952798  	0.01080849  	0.04959143  	0.05441955  
2021-12-14 21:11:42.838: iteration 2 finished in 5.179149 seconds
2021-12-14 21:11:42.932: epoch 2:	0.05264740  	0.04517654  	0.08785284  	0.14941667  	0.07786769  	0.10254378  	0.03752025  	0.04386939  	0.14886035  	0.15810350  
2021-12-14 21:11:48.143: iteration 3 finished in 5.211063 seconds
2021-12-14 21:11:48.237: epoch 3:	0.06132808  	0.05091434  	0.10837385  	0.17345004  	0.09180756  	0.11813086  	0.04431616  	0.05153698  	0.16933513  	0.17836203  
2021-12-14 21:11:53.441: iteration 4 finished in 5.204083 seconds
2021-12-14 21:11:53.534: epoch 4:	0.06398870  	0.05249988  	0.11218125  	0.17943329  	0.09500843  	0.12190125  	0.04621601  	0.05370748  	0.17192176  	0.18031441  
2021-12-14 21:11:58.739: iteration 5 finished in 5.204083 seconds
2021-12-14 21:11:58.832: epoch 5:	0.06533241  	0.05349430  	0.11432812  	0.18357290  	0.09730209  	0.12480780  	0.04759253  	0.05511672  	0.17670546  	0.18569383  
2021-12-14 21:12:04.040: iteration 6 finished in 5.207074 seconds
2021-12-14 21:12:04.134: epoch 6:	0.06691807  	0.05393773  	0.11918619  	0.18493658  	0.09927543  	0.12569381  	0.04837239  	0.05572172  	0.17710721  	0.18553758  
2021-12-14 21:12:09.340: iteration 7 finished in 5.204082 seconds
2021-12-14 21:12:09.431: epoch 7:	0.06662243  	0.05430053  	0.11819614  	0.18697110  	0.09900115  	0.12652382  	0.04826171  	0.05606759  	0.17769679  	0.18642762  
2021-12-14 21:12:14.622: iteration 8 finished in 5.190758 seconds
2021-12-14 21:12:14.713: epoch 8:	0.06659553  	0.05499930  	0.11823626  	0.18797065  	0.09964626  	0.12784117  	0.04878382  	0.05680972  	0.17987475  	0.18889053  
2021-12-14 21:12:19.906: iteration 9 finished in 5.193664 seconds
2021-12-14 21:12:20.000: epoch 9:	0.06662241  	0.05503960  	0.11814544  	0.18734193  	0.09974162  	0.12786497  	0.04905358  	0.05698123  	0.17941125  	0.18856022  
2021-12-14 21:12:25.226: iteration 10 finished in 5.226017 seconds
2021-12-14 21:12:25.319: epoch 10:	0.06672988  	0.05518743  	0.11734136  	0.18803026  	0.10042292  	0.12891579  	0.04997626  	0.05799935  	0.18067412  	0.18986215  
2021-12-14 21:12:30.545: iteration 11 finished in 5.226024 seconds
2021-12-14 21:12:30.640: epoch 11:	0.06691802  	0.05530836  	0.11799308  	0.18784438  	0.10106540  	0.12939963  	0.05042662  	0.05839330  	0.18160933  	0.19083124  
2021-12-14 21:12:35.890: iteration 12 finished in 5.249960 seconds
2021-12-14 21:12:35.985: epoch 12:	0.06683739  	0.05533524  	0.11824902  	0.18847471  	0.10133182  	0.12979625  	0.05057190  	0.05857298  	0.18262224  	0.19190195  
2021-12-14 21:12:41.238: iteration 13 finished in 5.252952 seconds
2021-12-14 21:12:41.341: epoch 13:	0.06689113  	0.05526804  	0.11804673  	0.18870676  	0.10152313  	0.13002034  	0.05074634  	0.05875011  	0.18325841  	0.19257815  
2021-12-14 21:12:46.549: iteration 14 finished in 5.208072 seconds
2021-12-14 21:12:46.643: epoch 14:	0.06742862  	0.05565772  	0.11890006  	0.18988937  	0.10251626  	0.13109958  	0.05142680  	0.05945523  	0.18523231  	0.19459146  
2021-12-14 21:12:51.830: iteration 15 finished in 5.187128 seconds
2021-12-14 21:12:51.926: epoch 15:	0.06758986  	0.05550990  	0.11899086  	0.18961331  	0.10250006  	0.13090192  	0.05136503  	0.05935424  	0.18499185  	0.19420718  
2021-12-14 21:12:57.135: iteration 16 finished in 5.209069 seconds
2021-12-14 21:12:57.228: epoch 16:	0.06772424  	0.05548301  	0.11923868  	0.18936272  	0.10252476  	0.13073058  	0.05131758  	0.05923549  	0.18464626  	0.19368337  
2021-12-14 21:13:02.452: iteration 17 finished in 5.223032 seconds
2021-12-14 21:13:02.548: epoch 17:	0.06772425  	0.05540237  	0.11938176  	0.18885531  	0.10273498  	0.13071172  	0.05150115  	0.05933651  	0.18527412  	0.19414701  
2021-12-14 21:13:07.763: iteration 18 finished in 5.215053 seconds
2021-12-14 21:13:07.855: epoch 18:	0.06788551  	0.05552333  	0.11947997  	0.18954141  	0.10259141  	0.13066256  	0.05128720  	0.05913295  	0.18439014  	0.19320215  
2021-12-14 21:13:13.042: iteration 19 finished in 5.187098 seconds
2021-12-14 21:13:13.136: epoch 19:	0.06737486  	0.05542926  	0.11871927  	0.18834499  	0.10220923  	0.13035806  	0.05121836  	0.05906693  	0.18375893  	0.19290692  
2021-12-14 21:13:18.326: iteration 20 finished in 5.190094 seconds
2021-12-14 21:13:18.435: epoch 20:	0.06732113  	0.05522771  	0.11907445  	0.18814032  	0.10208265  	0.13002695  	0.05103977  	0.05880298  	0.18329917  	0.19249056  
2021-12-14 21:13:23.628: iteration 21 finished in 5.192556 seconds
2021-12-14 21:13:23.727: epoch 21:	0.06715988  	0.05525456  	0.11901812  	0.18796968  	0.10206429  	0.13005210  	0.05091479  	0.05873242  	0.18416882  	0.19326089  
2021-12-14 21:13:28.927: iteration 22 finished in 5.199096 seconds
2021-12-14 21:13:29.018: epoch 22:	0.06718677  	0.05540239  	0.11911035  	0.18839115  	0.10236081  	0.13050587  	0.05115294  	0.05898907  	0.18482111  	0.19399156  
2021-12-14 21:13:34.233: iteration 23 finished in 5.215053 seconds
2021-12-14 21:13:34.325: epoch 23:	0.06742864  	0.05528146  	0.11929817  	0.18845010  	0.10292058  	0.13082850  	0.05157295  	0.05934099  	0.18612383  	0.19521296  
2021-12-14 21:13:39.534: iteration 24 finished in 5.209069 seconds
2021-12-14 21:13:39.629: epoch 24:	0.06772426  	0.05546960  	0.12037424  	0.18941769  	0.10385864  	0.13173108  	0.05229186  	0.06005328  	0.18757051  	0.19647822  
2021-12-14 21:13:44.839: iteration 25 finished in 5.209069 seconds
2021-12-14 21:13:44.932: epoch 25:	0.06796615  	0.05557710  	0.12080412  	0.18988881  	0.10430125  	0.13211232  	0.05260371  	0.06035878  	0.18830818  	0.19711356  
2021-12-14 21:13:50.127: iteration 26 finished in 5.194109 seconds
2021-12-14 21:13:50.221: epoch 26:	0.06799302  	0.05557710  	0.12051953  	0.19043274  	0.10430997  	0.13228193  	0.05271361  	0.06043787  	0.18808234  	0.19707093  
2021-12-14 21:13:55.424: iteration 27 finished in 5.203085 seconds
2021-12-14 21:13:55.520: epoch 27:	0.06831551  	0.05553680  	0.12089641  	0.19026388  	0.10462798  	0.13234948  	0.05296780  	0.06059268  	0.18801038  	0.19707169  
2021-12-14 21:14:00.731: iteration 28 finished in 5.210066 seconds
2021-12-14 21:14:00.823: epoch 28:	0.06842301  	0.05556368  	0.12117840  	0.19013552  	0.10458598  	0.13219786  	0.05279705  	0.06043953  	0.18773928  	0.19662906  
2021-12-14 21:14:06.030: iteration 29 finished in 5.207074 seconds
2021-12-14 21:14:06.123: epoch 29:	0.06842301  	0.05561742  	0.12105248  	0.19007485  	0.10418154  	0.13186179  	0.05237255  	0.06003630  	0.18712607  	0.19603243  
2021-12-14 21:14:11.301: iteration 30 finished in 5.177731 seconds
2021-12-14 21:14:11.395: epoch 30:	0.06853050  	0.05553679  	0.12101666  	0.18994115  	0.10407121  	0.13163264  	0.05224296  	0.05989111  	0.18661438  	0.19537087  
2021-12-14 21:14:16.587: iteration 31 finished in 5.192718 seconds
2021-12-14 21:14:16.681: epoch 31:	0.06842300  	0.05556367  	0.12069192  	0.18996532  	0.10389882  	0.13163829  	0.05218291  	0.05986268  	0.18634528  	0.19521190  
2021-12-14 21:14:21.864: iteration 32 finished in 5.183272 seconds
2021-12-14 21:14:21.961: epoch 32:	0.06866486  	0.05563085  	0.12102614  	0.19068223  	0.10420135  	0.13196890  	0.05225744  	0.05995411  	0.18718980  	0.19593248  
2021-12-14 21:14:27.176: iteration 33 finished in 5.215053 seconds
2021-12-14 21:14:27.269: epoch 33:	0.06847674  	0.05588616  	0.12080214  	0.19188757  	0.10390018  	0.13222775  	0.05208354  	0.05998233  	0.18640982  	0.19522440  
2021-12-14 21:14:32.478: iteration 34 finished in 5.209069 seconds
2021-12-14 21:14:32.575: epoch 34:	0.06842299  	0.05593991  	0.12112954  	0.19234438  	0.10421795  	0.13263032  	0.05236218  	0.06027437  	0.18722455  	0.19612812  
2021-12-14 21:14:37.783: iteration 35 finished in 5.208071 seconds
2021-12-14 21:14:37.876: epoch 35:	0.06847674  	0.05595334  	0.12165509  	0.19224575  	0.10450359  	0.13277167  	0.05243299  	0.06036783  	0.18823542  	0.19692808  
2021-12-14 21:14:43.080: iteration 36 finished in 5.203085 seconds
2021-12-14 21:14:43.176: epoch 36:	0.06834237  	0.05604741  	0.12043597  	0.19195446  	0.10409726  	0.13271749  	0.05222566  	0.06025297  	0.18814138  	0.19700386  
2021-12-14 21:14:48.383: iteration 37 finished in 5.207075 seconds
2021-12-14 21:14:48.477: epoch 37:	0.06831551  	0.05618179  	0.12017065  	0.19324687  	0.10376997  	0.13283104  	0.05190792  	0.06006705  	0.18765524  	0.19664958  
2021-12-14 21:14:53.682: iteration 38 finished in 5.205080 seconds
2021-12-14 21:14:53.778: epoch 38:	0.06847676  	0.05619523  	0.12087883  	0.19349301  	0.10399903  	0.13287741  	0.05193147  	0.06005158  	0.18788813  	0.19674490  
2021-12-14 21:14:58.978: iteration 39 finished in 5.200093 seconds
2021-12-14 21:14:59.074: epoch 39:	0.06855740  	0.05635646  	0.12122372  	0.19372928  	0.10416172  	0.13311137  	0.05207179  	0.06019397  	0.18778530  	0.19667858  
2021-12-14 21:15:04.283: iteration 40 finished in 5.209069 seconds
2021-12-14 21:15:04.380: epoch 40:	0.06834240  	0.05636989  	0.12123476  	0.19329138  	0.10413440  	0.13309583  	0.05204916  	0.06020145  	0.18806674  	0.19694354  
2021-12-14 21:15:09.591: iteration 41 finished in 5.211064 seconds
2021-12-14 21:15:09.685: epoch 41:	0.06842303  	0.05630270  	0.12134662  	0.19308904  	0.10405019  	0.13288237  	0.05185135  	0.05997792  	0.18819533  	0.19708450  
2021-12-14 21:15:14.861: iteration 42 finished in 5.172395 seconds
2021-12-14 21:15:14.955: epoch 42:	0.06844989  	0.05631614  	0.12100805  	0.19344209  	0.10402554  	0.13301601  	0.05179306  	0.05997333  	0.18871844  	0.19763142  
2021-12-14 21:15:20.138: iteration 43 finished in 5.183777 seconds
2021-12-14 21:15:20.232: epoch 43:	0.06836925  	0.05641019  	0.12012354  	0.19416641  	0.10368584  	0.13314611  	0.05168317  	0.05998986  	0.18817241  	0.19716647  
2021-12-14 21:15:25.442: iteration 44 finished in 5.210219 seconds
2021-12-14 21:15:25.534: epoch 44:	0.06836925  	0.05638330  	0.12003695  	0.19362050  	0.10353867  	0.13291383  	0.05147728  	0.05978460  	0.18822491  	0.19722100  
2021-12-14 21:15:30.748: iteration 45 finished in 5.214056 seconds
2021-12-14 21:15:30.844: epoch 45:	0.06823489  	0.05632955  	0.11894530  	0.19345169  	0.10326684  	0.13288410  	0.05149350  	0.05988090  	0.18782268  	0.19689302  
2021-12-14 21:15:36.046: iteration 46 finished in 5.202088 seconds
2021-12-14 21:15:36.145: epoch 46:	0.06842301  	0.05647738  	0.11983876  	0.19427469  	0.10358946  	0.13319108  	0.05156852  	0.05992988  	0.18827760  	0.19736136  
2021-12-14 21:15:41.361: iteration 47 finished in 5.216051 seconds
2021-12-14 21:15:41.457: epoch 47:	0.06850363  	0.05653115  	0.12014088  	0.19414660  	0.10325155  	0.13275801  	0.05113480  	0.05946245  	0.18704261  	0.19614822  
2021-12-14 21:15:46.664: iteration 48 finished in 5.207074 seconds
2021-12-14 21:15:46.758: epoch 48:	0.06842303  	0.05639676  	0.12013886  	0.19311427  	0.10316861  	0.13243528  	0.05108771  	0.05937909  	0.18677703  	0.19586281  
2021-12-14 21:15:51.979: iteration 49 finished in 5.221038 seconds
2021-12-14 21:15:52.078: epoch 49:	0.06826177  	0.05635645  	0.11901600  	0.19275723  	0.10293867  	0.13243185  	0.05107751  	0.05943494  	0.18700716  	0.19619416  
2021-12-14 21:15:57.267: iteration 50 finished in 5.189122 seconds
2021-12-14 21:15:57.371: epoch 50:	0.06820803  	0.05622208  	0.11905270  	0.19236925  	0.10291384  	0.13222797  	0.05105285  	0.05936152  	0.18684949  	0.19594473  
