2021-12-17 12:24:54.541: Dataset name: u3
The number of users: 23132
The number of items: 23132
The number of ratings: 312310
Average actions of users: 13.50
Average actions of items: 13.50
The sparsity of the dataset: 99.941634%
2021-12-17 12:24:54.541: 

NeuRec hyperparameters:
recommender=WRMF
config_dir=./conf
gpu_id=0
gpu_mem=0.5
data.input.path=D:\hsyoo\Workingon_210628/_Data/eat/random-barrier/u3/
data.input.dataset=u3
data.output.path=D:\hsyoo\Workingon_210628/_Emb/eat/random-barrier/wrmf/u3_wrmf_directed_dim16_uniform_send.emb
data.column.format=UI
data.convert.separator='\t'
user_min=0
item_min=0
splitter=given
ratio=0.8
by_time=False
metric=["Precision", "Recall", "NDCG", "MAP", "MRR"]
topk=[10, 20]
group_view=None
rec.evaluate.neg=0
test_batch_size=128
num_thread=8
data.index.remap=False

WRMF's hyperparameters:
epochs=50
embedding_size=16
reg_mf=0.1
alpha=10
init_method=uniform
stddev=0.01
verbose=1
weight=uniform

2021-12-17 12:47:59.030: metrics:	Precision@10	Precision@20	Recall@10   	Recall@20   	NDCG@10     	NDCG@20     	MAP@10      	MAP@20      	MRR@10      	MRR@20      
2021-12-17 12:49:21.532: iteration 1 finished in 82.500846 seconds
2021-12-17 12:49:21.907: epoch 1:	0.01178256  	0.00974971  	0.01515375  	0.02520620  	0.01518102  	0.01947504  	0.00557459  	0.00605276  	0.03895292  	0.04326636  
2021-12-17 12:50:45.365: iteration 2 finished in 83.458264 seconds
2021-12-17 12:50:45.750: epoch 2:	0.02493309  	0.02020190  	0.03222948  	0.05268154  	0.03288133  	0.04151085  	0.01282566  	0.01394764  	0.08139232  	0.08860013  
2021-12-17 12:52:09.866: iteration 3 finished in 84.115381 seconds
2021-12-17 12:52:10.266: epoch 3:	0.03661858  	0.02903617  	0.04803577  	0.07623265  	0.04963134  	0.06154648  	0.02017192  	0.02194780  	0.12104773  	0.12948699  
2021-12-17 12:53:34.837: iteration 4 finished in 84.570093 seconds
2021-12-17 12:53:35.226: epoch 4:	0.04436007  	0.03442661  	0.05856030  	0.09048757  	0.06055108  	0.07394985  	0.02497884  	0.02707646  	0.14624675  	0.15505470  
2021-12-17 12:54:58.947: iteration 5 finished in 83.721076 seconds
2021-12-17 12:54:59.343: epoch 5:	0.04818198  	0.03722240  	0.06389883  	0.09805725  	0.06658001  	0.08089916  	0.02792794  	0.03017759  	0.16045108  	0.16959363  
2021-12-17 12:56:24.282: iteration 6 finished in 84.938058 seconds
2021-12-17 12:56:24.667: epoch 6:	0.05058743  	0.03851044  	0.06699281  	0.10148929  	0.06991951  	0.08425524  	0.02956133  	0.03181920  	0.16730213  	0.17617548  
2021-12-17 12:57:49.483: iteration 7 finished in 84.816532 seconds
2021-12-17 12:57:49.879: epoch 7:	0.05174743  	0.03939555  	0.06883144  	0.10401109  	0.07182036  	0.08641119  	0.03054489  	0.03283137  	0.17159487  	0.18059842  
2021-12-17 12:59:14.265: iteration 8 finished in 84.386283 seconds
2021-12-17 12:59:14.669: epoch 8:	0.05219923  	0.03987776  	0.06947558  	0.10527923  	0.07267033  	0.08761624  	0.03106362  	0.03342743  	0.17370932  	0.18295877  
2021-12-17 13:00:38.636: iteration 9 finished in 83.966404 seconds
2021-12-17 13:00:39.026: epoch 9:	0.05254114  	0.04005478  	0.07002454  	0.10596583  	0.07336204  	0.08831415  	0.03150272  	0.03385885  	0.17521520  	0.18437029  
2021-12-17 13:02:02.386: iteration 10 finished in 83.360183 seconds
2021-12-17 13:02:02.788: epoch 10:	0.05279754  	0.04031729  	0.07022685  	0.10669166  	0.07380161  	0.08894365  	0.03178558  	0.03416769  	0.17641664  	0.18574323  
2021-12-17 13:03:26.876: iteration 11 finished in 84.088544 seconds
2021-12-17 13:03:27.267: epoch 11:	0.05272425  	0.04047599  	0.07015830  	0.10719993  	0.07384244  	0.08928911  	0.03189397  	0.03433871  	0.17645186  	0.18606246  
2021-12-17 13:04:50.803: iteration 12 finished in 83.535646 seconds
2021-12-17 13:04:51.195: epoch 12:	0.05256552  	0.04050650  	0.06983732  	0.10720003  	0.07359878  	0.08923962  	0.03178049  	0.03428530  	0.17592758  	0.18567735  
2021-12-17 13:06:12.729: iteration 13 finished in 81.534643 seconds
2021-12-17 13:06:13.119: epoch 13:	0.05271206  	0.04054315  	0.06996579  	0.10717558  	0.07371984  	0.08927954  	0.03184161  	0.03433266  	0.17591260  	0.18560058  
2021-12-17 13:07:33.082: iteration 14 finished in 79.961247 seconds
2021-12-17 13:07:33.484: epoch 14:	0.05276089  	0.04054923  	0.07005449  	0.10716948  	0.07374608  	0.08926331  	0.03181032  	0.03432479  	0.17588168  	0.18546677  
2021-12-17 13:08:55.868: iteration 15 finished in 82.383387 seconds
2021-12-17 13:08:56.252: epoch 15:	0.05288301  	0.04058586  	0.07031089  	0.10729697  	0.07368213  	0.08914467  	0.03163048  	0.03414046  	0.17550798  	0.18499824  
2021-12-17 13:10:21.552: iteration 16 finished in 85.299956 seconds
2021-12-17 13:10:21.938: epoch 16:	0.05310279  	0.04063471  	0.07078655  	0.10755567  	0.07388699  	0.08922698  	0.03168985  	0.03416578  	0.17534187  	0.18475191  
2021-12-17 13:11:46.802: iteration 17 finished in 84.863388 seconds
2021-12-17 13:11:47.194: epoch 17:	0.05290741  	0.04071406  	0.07050131  	0.10769477  	0.07372123  	0.08930984  	0.03168616  	0.03420988  	0.17478186  	0.18444930  
2021-12-17 13:13:08.524: iteration 18 finished in 81.330115 seconds
2021-12-17 13:13:08.922: epoch 18:	0.05266321  	0.04068967  	0.07026828  	0.10752700  	0.07358246  	0.08927498  	0.03166460  	0.03422156  	0.17470515  	0.18445434  
2021-12-17 13:14:30.712: iteration 19 finished in 81.790272 seconds
2021-12-17 13:14:31.113: epoch 19:	0.05278531  	0.04076903  	0.07044677  	0.10781867  	0.07357045  	0.08926865  	0.03161272  	0.03419307  	0.17423296  	0.18384327  
2021-12-17 13:15:54.584: iteration 20 finished in 83.468199 seconds
2021-12-17 13:15:54.971: epoch 20:	0.05268763  	0.04075069  	0.07037729  	0.10781539  	0.07353728  	0.08928782  	0.03159804  	0.03419704  	0.17448764  	0.18411419  
2021-12-17 13:17:16.683: iteration 21 finished in 81.711322 seconds
2021-12-17 13:17:17.078: epoch 21:	0.05274868  	0.04081172  	0.07035451  	0.10799335  	0.07352141  	0.08933718  	0.03152102  	0.03414582  	0.17458178  	0.18417825  
2021-12-17 13:18:39.110: iteration 22 finished in 82.030923 seconds
2021-12-17 13:18:39.492: epoch 22:	0.05289521  	0.04101316  	0.07044277  	0.10835803  	0.07371832  	0.08964358  	0.03162176  	0.03423679  	0.17532635  	0.18504792  
2021-12-17 13:20:02.599: iteration 23 finished in 83.106401 seconds
2021-12-17 13:20:03.002: epoch 23:	0.05296847  	0.04112916  	0.07037257  	0.10860766  	0.07377382  	0.08981108  	0.03166038  	0.03431309  	0.17550264  	0.18517837  
2021-12-17 13:21:26.918: iteration 24 finished in 83.915153 seconds
2021-12-17 13:21:27.317: epoch 24:	0.05274870  	0.04117800  	0.07003991  	0.10883305  	0.07354984  	0.08983869  	0.03155967  	0.03426505  	0.17533812  	0.18518196  
2021-12-17 13:22:50.608: iteration 25 finished in 83.291364 seconds
2021-12-17 13:22:50.999: epoch 25:	0.05304174  	0.04108034  	0.07046673  	0.10853865  	0.07385923  	0.08980738  	0.03165152  	0.03428461  	0.17600383  	0.18563512  
2021-12-17 13:24:14.073: iteration 26 finished in 83.073536 seconds
2021-12-17 13:24:14.468: epoch 26:	0.05304174  	0.04107422  	0.07046837  	0.10863546  	0.07371959  	0.08968786  	0.03151426  	0.03415075  	0.17562298  	0.18528101  
2021-12-17 13:25:38.634: iteration 27 finished in 84.165553 seconds
2021-12-17 13:25:39.015: epoch 27:	0.05304174  	0.04111085  	0.07059411  	0.10870345  	0.07367726  	0.08965888  	0.03147607  	0.03411326  	0.17526697  	0.18495893  
2021-12-17 13:27:02.319: iteration 28 finished in 83.303408 seconds
2021-12-17 13:27:02.713: epoch 28:	0.05298069  	0.04111695  	0.07038616  	0.10872718  	0.07362431  	0.08970322  	0.03146249  	0.03413707  	0.17543173  	0.18515989  
2021-12-17 13:28:25.478: iteration 29 finished in 82.765543 seconds
2021-12-17 13:28:25.882: epoch 29:	0.05282196  	0.04115969  	0.07024277  	0.10884043  	0.07357344  	0.08980622  	0.03149540  	0.03421193  	0.17537455  	0.18521512  
2021-12-17 13:29:50.559: iteration 30 finished in 84.676544 seconds
2021-12-17 13:29:50.946: epoch 30:	0.05294408  	0.04120242  	0.07047432  	0.10884977  	0.07368640  	0.08983441  	0.03149724  	0.03420503  	0.17569382  	0.18541467  
2021-12-17 13:31:13.616: iteration 31 finished in 82.670559 seconds
2021-12-17 13:31:14.007: epoch 31:	0.05284639  	0.04126348  	0.07035135  	0.10910460  	0.07355498  	0.08988668  	0.03143277  	0.03418241  	0.17535461  	0.18523541  
2021-12-17 13:32:39.171: iteration 32 finished in 85.164305 seconds
2021-12-17 13:32:39.566: epoch 32:	0.05293185  	0.04129401  	0.07042141  	0.10901949  	0.07365517  	0.08994105  	0.03149058  	0.03423679  	0.17561819  	0.18545070  
2021-12-17 13:34:04.010: iteration 33 finished in 84.443170 seconds
2021-12-17 13:34:04.396: epoch 33:	0.05316385  	0.04131843  	0.07073649  	0.10916306  	0.07385473  	0.09001496  	0.03155711  	0.03426829  	0.17579982  	0.18554571  
2021-12-17 13:35:28.038: iteration 34 finished in 83.642102 seconds
2021-12-17 13:35:28.428: epoch 34:	0.05321269  	0.04142221  	0.07080892  	0.10941571  	0.07382945  	0.09007477  	0.03150864  	0.03422936  	0.17559001  	0.18539733  
2021-12-17 13:36:52.278: iteration 35 finished in 83.850035 seconds
2021-12-17 13:36:52.677: epoch 35:	0.05315165  	0.04149545  	0.07076655  	0.10962097  	0.07379347  	0.09016769  	0.03149050  	0.03425682  	0.17557943  	0.18542416  
2021-12-17 13:38:16.207: iteration 36 finished in 83.529583 seconds
2021-12-17 13:38:16.613: epoch 36:	0.05326155  	0.04144052  	0.07082572  	0.10939323  	0.07392763  	0.09015164  	0.03155901  	0.03429408  	0.17591442  	0.18564081  
2021-12-17 13:39:40.392: iteration 37 finished in 83.779299 seconds
2021-12-17 13:39:40.782: epoch 37:	0.05322491  	0.04133063  	0.07085026  	0.10911445  	0.07391458  	0.09001723  	0.03155814  	0.03424824  	0.17589101  	0.18565956  
2021-12-17 13:41:03.985: iteration 38 finished in 83.203387 seconds
2021-12-17 13:41:04.392: epoch 38:	0.05327376  	0.04132454  	0.07094067  	0.10903893  	0.07400401  	0.09002952  	0.03160956  	0.03426584  	0.17594047  	0.18570532  
2021-12-17 13:42:28.128: iteration 39 finished in 83.736816 seconds
2021-12-17 13:42:28.511: epoch 39:	0.05343249  	0.04128790  	0.07110965  	0.10898191  	0.07411611  	0.09000190  	0.03164669  	0.03427108  	0.17594664  	0.18566097  
2021-12-17 13:43:54.990: iteration 40 finished in 86.478437 seconds
2021-12-17 13:43:55.383: epoch 40:	0.05351797  	0.04130622  	0.07122612  	0.10895608  	0.07416727  	0.09000114  	0.03165632  	0.03427408  	0.17588557  	0.18555243  
2021-12-17 13:45:20.286: iteration 41 finished in 84.903258 seconds
2021-12-17 13:45:20.686: epoch 41:	0.05355460  	0.04134895  	0.07130067  	0.10908062  	0.07416674  	0.09002119  	0.03164131  	0.03427070  	0.17581069  	0.18539658  
2021-12-17 13:46:45.682: iteration 42 finished in 84.995986 seconds
2021-12-17 13:46:46.078: epoch 42:	0.05354239  	0.04133065  	0.07123471  	0.10901557  	0.07418145  	0.09003477  	0.03164561  	0.03428391  	0.17603745  	0.18560117  
2021-12-17 13:48:09.063: iteration 43 finished in 82.984906 seconds
2021-12-17 13:48:09.451: epoch 43:	0.05355459  	0.04132455  	0.07121161  	0.10900331  	0.07423654  	0.09008559  	0.03169399  	0.03431011  	0.17627333  	0.18589436  
2021-12-17 13:49:34.407: iteration 44 finished in 84.956386 seconds
2021-12-17 13:49:34.809: epoch 44:	0.05353017  	0.04134896  	0.07125100  	0.10901565  	0.07423767  	0.09009791  	0.03167787  	0.03429023  	0.17633031  	0.18596329  
2021-12-17 13:50:57.285: iteration 45 finished in 82.475743 seconds
2021-12-17 13:50:57.675: epoch 45:	0.05351796  	0.04134896  	0.07123166  	0.10904187  	0.07427760  	0.09014875  	0.03171076  	0.03432488  	0.17655623  	0.18619129  
2021-12-17 13:52:15.503: iteration 46 finished in 77.827809 seconds
2021-12-17 13:52:15.909: epoch 46:	0.05370111  	0.04136727  	0.07152074  	0.10906204  	0.07439333  	0.09013413  	0.03172139  	0.03430359  	0.17653261  	0.18605661  
2021-12-17 13:53:35.425: iteration 47 finished in 79.515549 seconds
2021-12-17 13:53:35.835: epoch 47:	0.05371332  	0.04139780  	0.07149137  	0.10918999  	0.07439470  	0.09020024  	0.03173796  	0.03434897  	0.17640270  	0.18588534  
2021-12-17 13:54:54.345: iteration 48 finished in 78.509895 seconds
2021-12-17 13:54:54.769: epoch 48:	0.05378659  	0.04147106  	0.07154340  	0.10929995  	0.07442007  	0.09025329  	0.03173711  	0.03436211  	0.17632613  	0.18576185  
2021-12-17 13:56:14.406: iteration 49 finished in 79.636869 seconds
2021-12-17 13:56:14.801: epoch 49:	0.05379879  	0.04148937  	0.07165290  	0.10926723  	0.07451348  	0.09030492  	0.03179667  	0.03439329  	0.17660852  	0.18607970  
2021-12-17 13:57:33.847: iteration 50 finished in 79.045434 seconds
2021-12-17 13:57:34.253: epoch 50:	0.05376216  	0.04153822  	0.07161357  	0.10936735  	0.07448226  	0.09034831  	0.03177952  	0.03440201  	0.17656784  	0.18603750  
