2021-12-15 00:03:42.596: Dataset name: u3
The number of users: 4472
The number of items: 4472
The number of ratings: 39952
Average actions of users: 8.93
Average actions of items: 8.93
The sparsity of the dataset: 99.800228%
2021-12-15 00:03:42.596: 

NeuRec hyperparameters:
recommender=WRMF
config_dir=./conf
gpu_id=0
gpu_mem=0.5
data.input.path=D:\hsyoo\Workingon_210628/_Data/ciaodvd/noniid-in-barrier/u3/
data.input.dataset=u3
data.output.path=D:\hsyoo\Workingon_210628/_Emb/ciaodvd/noniid-in-barrier/wrmf/u3_wrmf_directed_dim16_uniform_send.emb
data.column.format=UI
data.convert.separator='\t'
user_min=0
item_min=0
splitter=given
ratio=0.8
by_time=False
metric=["Precision", "Recall", "NDCG", "MAP", "MRR"]
topk=[10, 20]
group_view=None
rec.evaluate.neg=0
test_batch_size=128
num_thread=8
data.index.remap=False

WRMF's hyperparameters:
epochs=50
embedding_size=16
reg_mf=0.1
alpha=10
init_method=uniform
stddev=0.01
verbose=1
weight=uniform

2021-12-15 00:04:34.698: metrics:	Precision@10	Precision@20	Recall@10   	Recall@20   	NDCG@10     	NDCG@20     	MAP@10      	MAP@20      	MRR@10      	MRR@20      
2021-12-15 00:04:38.170: iteration 1 finished in 3.471715 seconds
2021-12-15 00:04:38.209: epoch 1:	0.01550241  	0.01425840  	0.01873284  	0.03409486  	0.01902730  	0.02421158  	0.00760790  	0.00789644  	0.04150603  	0.04681832  
2021-12-15 00:04:40.977: iteration 2 finished in 2.768560 seconds
2021-12-15 00:04:41.005: epoch 2:	0.02459335  	0.02468893  	0.03256079  	0.06325381  	0.03261183  	0.04382344  	0.01398843  	0.01550267  	0.06961571  	0.07792914  
2021-12-15 00:04:43.763: iteration 3 finished in 2.757625 seconds
2021-12-15 00:04:43.789: epoch 3:	0.03062207  	0.02722482  	0.04190018  	0.06965642  	0.04086755  	0.04984657  	0.01727593  	0.01791725  	0.08642478  	0.09356444  
2021-12-15 00:04:46.551: iteration 4 finished in 2.762613 seconds
2021-12-15 00:04:46.579: epoch 4:	0.03157900  	0.02923438  	0.03969530  	0.07755928  	0.04209451  	0.05383774  	0.01806198  	0.01924063  	0.09231301  	0.10019499  
2021-12-15 00:04:49.340: iteration 5 finished in 2.760617 seconds
2021-12-15 00:04:49.366: epoch 5:	0.03157900  	0.03009562  	0.03923242  	0.07626330  	0.04219466  	0.05428966  	0.01833548  	0.01961833  	0.09193289  	0.10030980  
2021-12-15 00:04:52.138: iteration 6 finished in 2.772585 seconds
2021-12-15 00:04:52.166: epoch 6:	0.03253592  	0.03033486  	0.03947144  	0.07632522  	0.04215692  	0.05416226  	0.01802960  	0.01931016  	0.09013901  	0.09867005  
2021-12-15 00:04:54.910: iteration 7 finished in 2.743662 seconds
2021-12-15 00:04:54.936: epoch 7:	0.03425840  	0.03057408  	0.04297458  	0.07828186  	0.04415811  	0.05517134  	0.01875369  	0.01980479  	0.09163101  	0.09943525  
2021-12-15 00:04:57.697: iteration 8 finished in 2.760617 seconds
2021-12-15 00:04:57.722: epoch 8:	0.03540670  	0.03038270  	0.04454694  	0.07513808  	0.04458448  	0.05389021  	0.01838230  	0.01899196  	0.09166631  	0.09893479  
2021-12-15 00:05:00.498: iteration 9 finished in 2.776574 seconds
2021-12-15 00:05:00.526: epoch 9:	0.03617224  	0.03028700  	0.04684269  	0.07582133  	0.04522489  	0.05365599  	0.01843365  	0.01866795  	0.09137733  	0.09845105  
2021-12-15 00:05:03.289: iteration 10 finished in 2.762610 seconds
2021-12-15 00:05:03.315: epoch 10:	0.03626793  	0.03057408  	0.04567537  	0.07756420  	0.04479900  	0.05398662  	0.01819214  	0.01855264  	0.09050659  	0.09806572  
2021-12-15 00:05:06.077: iteration 11 finished in 2.762612 seconds
2021-12-15 00:05:06.102: epoch 11:	0.03636361  	0.03076547  	0.04687895  	0.07704724  	0.04509724  	0.05395892  	0.01824073  	0.01853045  	0.09033264  	0.09765499  
2021-12-15 00:05:08.891: iteration 12 finished in 2.788542 seconds
2021-12-15 00:05:08.919: epoch 12:	0.03674639  	0.03086116  	0.04677560  	0.07746081  	0.04499035  	0.05398309  	0.01813166  	0.01853060  	0.08893559  	0.09629519  
2021-12-15 00:05:11.678: iteration 13 finished in 2.758841 seconds
2021-12-15 00:05:11.710: epoch 13:	0.03626791  	0.03105255  	0.04564157  	0.07872468  	0.04436366  	0.05424313  	0.01762109  	0.01825991  	0.08993847  	0.09747759  
2021-12-15 00:05:14.459: iteration 14 finished in 2.749352 seconds
2021-12-15 00:05:14.490: epoch 14:	0.03626791  	0.03095686  	0.04639526  	0.07793852  	0.04474626  	0.05421191  	0.01787022  	0.01839857  	0.09088403  	0.09824696  
2021-12-15 00:05:17.236: iteration 15 finished in 2.745510 seconds
2021-12-15 00:05:17.267: epoch 15:	0.03588514  	0.03105255  	0.04603264  	0.07826324  	0.04455400  	0.05448125  	0.01782703  	0.01848189  	0.09104200  	0.09873603  
2021-12-15 00:05:20.016: iteration 16 finished in 2.748505 seconds
2021-12-15 00:05:20.031: epoch 16:	0.03578946  	0.03081331  	0.04563869  	0.07839987  	0.04453119  	0.05448602  	0.01784592  	0.01853285  	0.09171794  	0.09934334  
2021-12-15 00:05:22.814: iteration 17 finished in 2.783034 seconds
2021-12-15 00:05:22.840: epoch 17:	0.03617223  	0.03095685  	0.04534690  	0.07961177  	0.04476003  	0.05485442  	0.01792138  	0.01857094  	0.09232591  	0.10035482  
2021-12-15 00:05:25.602: iteration 18 finished in 2.761615 seconds
2021-12-15 00:05:25.629: epoch 18:	0.03607654  	0.03105255  	0.04527487  	0.07873666  	0.04491500  	0.05492447  	0.01808400  	0.01872109  	0.09308234  	0.10101172  
2021-12-15 00:05:28.400: iteration 19 finished in 2.771587 seconds
2021-12-15 00:05:28.427: epoch 19:	0.03607654  	0.03110039  	0.04553120  	0.07938641  	0.04504310  	0.05510737  	0.01812892  	0.01873814  	0.09322398  	0.10135578  
2021-12-15 00:05:31.192: iteration 20 finished in 2.764606 seconds
2021-12-15 00:05:31.217: epoch 20:	0.03655500  	0.03129178  	0.04680825  	0.07977103  	0.04587206  	0.05560258  	0.01847897  	0.01897904  	0.09551909  	0.10320057  
2021-12-15 00:05:33.975: iteration 21 finished in 2.757624 seconds
2021-12-15 00:05:34.000: epoch 21:	0.03626792  	0.03110040  	0.04808032  	0.07913900  	0.04606125  	0.05535989  	0.01856812  	0.01895303  	0.09561440  	0.10309377  
2021-12-15 00:05:36.762: iteration 22 finished in 2.761615 seconds
2021-12-15 00:05:36.787: epoch 22:	0.03626792  	0.03095686  	0.04790259  	0.07821885  	0.04609534  	0.05520524  	0.01865168  	0.01899835  	0.09559163  	0.10313505  
2021-12-15 00:05:39.568: iteration 23 finished in 2.780563 seconds
2021-12-15 00:05:39.593: epoch 23:	0.03636361  	0.03062193  	0.04845815  	0.07769394  	0.04653070  	0.05515096  	0.01894607  	0.01913717  	0.09623680  	0.10374808  
2021-12-15 00:05:42.375: iteration 24 finished in 2.781560 seconds
2021-12-15 00:05:42.402: epoch 24:	0.03607654  	0.03066977  	0.04892166  	0.07792259  	0.04660780  	0.05533134  	0.01904781  	0.01926590  	0.09618174  	0.10386595  
2021-12-15 00:05:45.187: iteration 25 finished in 2.784553 seconds
2021-12-15 00:05:45.213: epoch 25:	0.03636361  	0.03066977  	0.04931637  	0.07740059  	0.04681696  	0.05519636  	0.01906707  	0.01921376  	0.09633856  	0.10392106  
2021-12-15 00:05:47.975: iteration 26 finished in 2.761787 seconds
2021-12-15 00:05:47.991: epoch 26:	0.03598085  	0.03076546  	0.04897195  	0.07682062  	0.04651816  	0.05504867  	0.01900211  	0.01917053  	0.09566151  	0.10342617  
2021-12-15 00:05:50.742: iteration 27 finished in 2.751441 seconds
2021-12-15 00:05:50.773: epoch 27:	0.03607654  	0.03076546  	0.04973404  	0.07731169  	0.04675490  	0.05521334  	0.01908703  	0.01924950  	0.09583201  	0.10333672  
2021-12-15 00:05:53.523: iteration 28 finished in 2.749258 seconds
2021-12-15 00:05:53.554: epoch 28:	0.03607654  	0.03062193  	0.04951610  	0.07626495  	0.04662344  	0.05488303  	0.01903405  	0.01920937  	0.09546103  	0.10288828  
2021-12-15 00:05:56.303: iteration 29 finished in 2.749382 seconds
2021-12-15 00:05:56.335: epoch 29:	0.03645931  	0.03057407  	0.05013859  	0.07601874  	0.04704403  	0.05490822  	0.01920898  	0.01925866  	0.09630821  	0.10355929  
2021-12-15 00:05:59.068: iteration 30 finished in 2.733731 seconds
2021-12-15 00:05:59.099: epoch 30:	0.03665069  	0.03086115  	0.05030369  	0.07738017  	0.04749610  	0.05564251  	0.01970704  	0.01978550  	0.09661428  	0.10395365  
2021-12-15 00:06:01.867: iteration 31 finished in 2.767086 seconds
2021-12-15 00:06:01.898: epoch 31:	0.03703347  	0.03071762  	0.05112291  	0.07709437  	0.04805687  	0.05570085  	0.02008733  	0.01998399  	0.09701718  	0.10415587  
2021-12-15 00:06:04.665: iteration 32 finished in 2.767129 seconds
2021-12-15 00:06:04.681: epoch 32:	0.03693778  	0.03028699  	0.05057775  	0.07704511  	0.04780858  	0.05536152  	0.01996785  	0.01985618  	0.09682771  	0.10403909  
2021-12-15 00:06:07.432: iteration 33 finished in 2.751715 seconds
2021-12-15 00:06:07.464: epoch 33:	0.03684208  	0.03028699  	0.05060693  	0.07748897  	0.04778093  	0.05543938  	0.01995950  	0.01984702  	0.09708934  	0.10419065  
2021-12-15 00:06:10.246: iteration 34 finished in 2.782478 seconds
2021-12-15 00:06:10.262: epoch 34:	0.03665070  	0.03019130  	0.04867914  	0.07733493  	0.04738274  	0.05543506  	0.01993039  	0.01987482  	0.09748084  	0.10474840  
2021-12-15 00:06:13.049: iteration 35 finished in 2.787207 seconds
2021-12-15 00:06:13.064: epoch 35:	0.03684208  	0.03023915  	0.04890363  	0.07767773  	0.04759293  	0.05561847  	0.02005526  	0.01993227  	0.09783969  	0.10524973  
2021-12-15 00:06:15.840: iteration 36 finished in 2.775116 seconds
2021-12-15 00:06:15.871: epoch 36:	0.03693777  	0.03052622  	0.04935198  	0.07842843  	0.04762754  	0.05583934  	0.02000903  	0.01989845  	0.09723020  	0.10472018  
2021-12-15 00:06:18.659: iteration 37 finished in 2.788163 seconds
2021-12-15 00:06:18.675: epoch 37:	0.03665069  	0.03028699  	0.04868316  	0.07782923  	0.04737731  	0.05558202  	0.01993682  	0.01984596  	0.09755296  	0.10501952  
2021-12-15 00:06:21.505: iteration 38 finished in 2.830088 seconds
2021-12-15 00:06:21.536: epoch 38:	0.03665069  	0.03004776  	0.04874100  	0.07771528  	0.04751926  	0.05558230  	0.02000477  	0.01990338  	0.09839559  	0.10574378  
2021-12-15 00:06:24.351: iteration 39 finished in 2.814633 seconds
2021-12-15 00:06:24.377: epoch 39:	0.03655500  	0.03028699  	0.04867720  	0.07820477  	0.04760858  	0.05597328  	0.02009838  	0.02007559  	0.09901495  	0.10646266  
2021-12-15 00:06:27.209: iteration 40 finished in 2.832425 seconds
2021-12-15 00:06:27.234: epoch 40:	0.03674639  	0.03052623  	0.04874729  	0.07924145  	0.04781283  	0.05640259  	0.02019062  	0.02017406  	0.09951506  	0.10714541  
2021-12-15 00:06:30.040: iteration 41 finished in 2.805497 seconds
2021-12-15 00:06:30.066: epoch 41:	0.03626793  	0.03043053  	0.04799041  	0.07895970  	0.04721115  	0.05615808  	0.01997927  	0.02011422  	0.09794372  	0.10570646  
2021-12-15 00:06:32.900: iteration 42 finished in 2.833423 seconds
2021-12-15 00:06:32.927: epoch 42:	0.03607654  	0.03033484  	0.04790313  	0.07906318  	0.04702874  	0.05605068  	0.01983756  	0.02002298  	0.09766459  	0.10534477  
2021-12-15 00:06:35.733: iteration 43 finished in 2.806495 seconds
2021-12-15 00:06:35.760: epoch 43:	0.03617223  	0.03038268  	0.04799904  	0.07928759  	0.04708189  	0.05612246  	0.01983438  	0.02005108  	0.09773637  	0.10524342  
2021-12-15 00:06:38.583: iteration 44 finished in 2.822451 seconds
2021-12-15 00:06:38.608: epoch 44:	0.03607654  	0.03038268  	0.04764891  	0.07914475  	0.04686452  	0.05602352  	0.01974814  	0.02000930  	0.09722184  	0.10478916  
2021-12-15 00:06:41.420: iteration 45 finished in 2.811482 seconds
2021-12-15 00:06:41.446: epoch 45:	0.03607655  	0.03043053  	0.04770466  	0.07931324  	0.04680387  	0.05605889  	0.01972174  	0.01999516  	0.09673654  	0.10453781  
2021-12-15 00:06:44.269: iteration 46 finished in 2.823449 seconds
2021-12-15 00:06:44.296: epoch 46:	0.03626793  	0.03033484  	0.04773004  	0.07895970  	0.04675897  	0.05579814  	0.01967891  	0.01988933  	0.09618364  	0.10386528  
2021-12-15 00:06:47.101: iteration 47 finished in 2.804500 seconds
2021-12-15 00:06:47.128: epoch 47:	0.03626793  	0.03047838  	0.04812778  	0.07914679  	0.04687525  	0.05592819  	0.01972997  	0.01995866  	0.09628087  	0.10391536  
2021-12-15 00:06:49.960: iteration 48 finished in 2.832425 seconds
2021-12-15 00:06:49.986: epoch 48:	0.03607654  	0.03062191  	0.04776893  	0.07955083  	0.04665357  	0.05607656  	0.01962781  	0.01995930  	0.09606023  	0.10386219  
2021-12-15 00:06:52.812: iteration 49 finished in 2.826441 seconds
2021-12-15 00:06:52.839: epoch 49:	0.03588516  	0.03047838  	0.04796410  	0.07919480  	0.04648178  	0.05579769  	0.01950835  	0.01985257  	0.09545797  	0.10316364  
2021-12-15 00:06:55.659: iteration 50 finished in 2.819460 seconds
2021-12-15 00:06:55.687: epoch 50:	0.03559808  	0.03052622  	0.04776919  	0.07913885  	0.04638473  	0.05591289  	0.01954907  	0.01992895  	0.09558366  	0.10357432  
