2021-02-01 14:23:10.269: Dataset name: u3
The number of users: 6113
The number of items: 6113
The number of ratings: 50527
Average actions of users: 8.27
Average actions of items: 8.27
The sparsity of the dataset: 99.864788%
2021-02-01 14:23:10.270: 

NeuRec hyperparameters:
recommender=WRMF
config_dir=./conf
gpu_id=0
gpu_mem=0.5
data.input.path=C:\Users\HyunsikYoo\Desktop\VNE_directed_networks/_Data/jung/5-fold/u3/
data.input.dataset=u3
data.output.path=C:\Users\HyunsikYoo\Desktop\VNE_directed_networks/_Emb/jung/5-fold/wrmf/u3_wrmf_directed_dim16.emb
data.column.format=UI
data.convert.separator='\t'
user_min=0
item_min=0
splitter=given
ratio=0.8
by_time=False
metric=["Precision", "Recall", "NDCG", "MAP", "MRR"]
topk=[10, 20]
group_view=None
rec.evaluate.neg=0
test_batch_size=128
num_thread=8
data.index.remap=False

WRMF's hyperparameters:
epochs=50
embedding_size=16
reg_mf=0.1
alpha=10
init_method=uniform
stddev=0.01
verbose=1
weight=uniform

2021-02-01 14:24:44.264: metrics:	Precision@10	Precision@20	Recall@10   	Recall@20   	NDCG@10     	NDCG@20     	MAP@10      	MAP@20      	MRR@10      	MRR@20      
2021-02-01 14:24:48.700: iteration 1 finished in 4.434699 seconds
2021-02-01 14:24:48.813: epoch 1:	0.09553824  	0.05843292  	0.53971648  	0.60561490  	0.45128989  	0.46961629  	0.39351243  	0.39961252  	0.46807238  	0.47182420  
2021-02-01 14:24:52.984: iteration 2 finished in 4.169128 seconds
2021-02-01 14:24:53.092: epoch 2:	0.12986480  	0.07419609  	0.70252806  	0.76447153  	0.65592057  	0.67110187  	0.60933065  	0.61349076  	0.69310933  	0.69622195  
2021-02-01 14:24:57.277: iteration 3 finished in 4.184783 seconds
2021-02-01 14:24:57.387: epoch 3:	0.13483275  	0.07571837  	0.73001397  	0.77832699  	0.68460989  	0.69601750  	0.63914180  	0.64213014  	0.72170371  	0.72378308  
2021-02-01 14:25:01.575: iteration 4 finished in 4.188522 seconds
2021-02-01 14:25:01.691: epoch 4:	0.13638304  	0.07661489  	0.73901939  	0.78824961  	0.69436872  	0.70612019  	0.64977938  	0.65296310  	0.73015845  	0.73230201  
2021-02-01 14:25:05.871: iteration 5 finished in 4.180349 seconds
2021-02-01 14:25:05.983: epoch 5:	0.13806398  	0.07720325  	0.74662882  	0.79338706  	0.70327771  	0.71429902  	0.65922654  	0.66210550  	0.73950577  	0.74156475  
2021-02-01 14:25:10.162: iteration 6 finished in 4.177473 seconds
2021-02-01 14:25:10.271: epoch 6:	0.13875505  	0.07755812  	0.74991053  	0.79714650  	0.70652634  	0.71759993  	0.66247606  	0.66544282  	0.74263692  	0.74461395  
2021-02-01 14:25:14.480: iteration 7 finished in 4.209229 seconds
2021-02-01 14:25:14.588: epoch 7:	0.13903525  	0.07781962  	0.75074565  	0.79958123  	0.70704234  	0.71856970  	0.66270494  	0.66594666  	0.74344021  	0.74548441  
2021-02-01 14:25:18.748: iteration 8 finished in 4.159973 seconds
2021-02-01 14:25:18.860: epoch 8:	0.13909131  	0.07795036  	0.75092524  	0.80171907  	0.70557112  	0.71754354  	0.66055441  	0.66380793  	0.74170357  	0.74387366  
2021-02-01 14:25:23.045: iteration 9 finished in 4.184689 seconds
2021-02-01 14:25:23.157: epoch 9:	0.13916601  	0.07797837  	0.75078863  	0.80271798  	0.70408285  	0.71624839  	0.65841734  	0.66167289  	0.74017560  	0.74242389  
2021-02-01 14:25:27.384: iteration 10 finished in 4.226929 seconds
2021-02-01 14:25:27.496: epoch 10:	0.13897924  	0.07787567  	0.74996042  	0.80223238  	0.70074737  	0.71300143  	0.65419567  	0.65739775  	0.73618245  	0.73850822  
2021-02-01 14:25:31.698: iteration 11 finished in 4.201462 seconds
2021-02-01 14:25:31.805: epoch 11:	0.13869907  	0.07783831  	0.74859369  	0.80179483  	0.69509429  	0.70767933  	0.64770031  	0.65105540  	0.72679329  	0.72923881  
2021-02-01 14:25:36.203: iteration 12 finished in 4.396438 seconds
2021-02-01 14:25:36.322: epoch 12:	0.13886720  	0.07780096  	0.75102323  	0.80147731  	0.69273531  	0.70455015  	0.64391363  	0.64703554  	0.72289389  	0.72507262  
2021-02-01 14:25:40.661: iteration 13 finished in 4.336325 seconds
2021-02-01 14:25:40.770: epoch 13:	0.13834426  	0.07778228  	0.74818319  	0.80132169  	0.68858808  	0.70125979  	0.63934636  	0.64280432  	0.71804070  	0.72049618  
2021-02-01 14:25:45.041: iteration 14 finished in 4.270900 seconds
2021-02-01 14:25:45.153: epoch 14:	0.13806407  	0.07769824  	0.74672598  	0.80018806  	0.68548721  	0.69832087  	0.63576478  	0.63935268  	0.71403456  	0.71652955  
2021-02-01 14:25:49.354: iteration 15 finished in 4.200789 seconds
2021-02-01 14:25:49.481: epoch 15:	0.13780257  	0.07758617  	0.74582481  	0.79883689  	0.68361306  	0.69643986  	0.63365549  	0.63730401  	0.71167058  	0.71414828  
2021-02-01 14:25:53.691: iteration 16 finished in 4.208951 seconds
2021-02-01 14:25:53.801: epoch 16:	0.13767186  	0.07758619  	0.74500781  	0.79901874  	0.68197376  	0.69506598  	0.63172865  	0.63542497  	0.70982653  	0.71236169  
2021-02-01 14:25:58.031: iteration 17 finished in 4.229345 seconds
2021-02-01 14:25:58.143: epoch 17:	0.13742907  	0.07754883  	0.74428213  	0.79875791  	0.68034339  	0.69363338  	0.62984216  	0.63366747  	0.70783329  	0.71038216  
2021-02-01 14:26:02.384: iteration 18 finished in 4.240747 seconds
2021-02-01 14:26:02.492: epoch 18:	0.13733567  	0.07749281  	0.74380893  	0.79807311  	0.67740780  	0.69067550  	0.62620974  	0.63004071  	0.70330584  	0.70587480  
2021-02-01 14:26:06.735: iteration 19 finished in 4.241549 seconds
2021-02-01 14:26:06.843: epoch 19:	0.13727967  	0.07746479  	0.74338871  	0.79770571  	0.67656612  	0.68987918  	0.62524790  	0.62909704  	0.70224965  	0.70485222  
2021-02-01 14:26:11.035: iteration 20 finished in 4.192026 seconds
2021-02-01 14:26:11.146: epoch 20:	0.13726100  	0.07750215  	0.74316025  	0.79825556  	0.67509907  	0.68859321  	0.62341958  	0.62731558  	0.70010781  	0.70276338  
2021-02-01 14:26:15.339: iteration 21 finished in 4.192880 seconds
2021-02-01 14:26:15.451: epoch 21:	0.13729836  	0.07752082  	0.74287426  	0.79858243  	0.67484701  	0.68844557  	0.62316132  	0.62704909  	0.69988245  	0.70256603  
2021-02-01 14:26:19.688: iteration 22 finished in 4.236434 seconds
2021-02-01 14:26:19.796: epoch 22:	0.13729836  	0.07751148  	0.74264407  	0.79877359  	0.67498589  	0.68867218  	0.62327033  	0.62717366  	0.70058692  	0.70330209  
2021-02-01 14:26:24.008: iteration 23 finished in 4.210491 seconds
2021-02-01 14:26:24.118: epoch 23:	0.13729835  	0.07746479  	0.74289632  	0.79826933  	0.67481643  	0.68830776  	0.62293935  	0.62678355  	0.70037246  	0.70307302  
2021-02-01 14:26:28.414: iteration 24 finished in 4.295760 seconds
2021-02-01 14:26:28.524: epoch 24:	0.13729836  	0.07746479  	0.74251968  	0.79880595  	0.67482203  	0.68849051  	0.62309027  	0.62694246  	0.70039541  	0.70316392  
2021-02-01 14:26:32.774: iteration 25 finished in 4.249684 seconds
2021-02-01 14:26:32.883: epoch 25:	0.13727967  	0.07744613  	0.74247849  	0.79857570  	0.67452472  	0.68814653  	0.62272483  	0.62654573  	0.69999492  	0.70274836  
2021-02-01 14:26:37.121: iteration 26 finished in 4.237424 seconds
2021-02-01 14:26:37.230: epoch 26:	0.13718629  	0.07746480  	0.74227917  	0.79890120  	0.67431241  	0.68808770  	0.62253100  	0.62643701  	0.69977701  	0.70252335  
2021-02-01 14:26:41.502: iteration 27 finished in 4.272375 seconds
2021-02-01 14:26:41.611: epoch 27:	0.13722365  	0.07744612  	0.74257094  	0.79867446  	0.67434269  	0.68798512  	0.62250680  	0.62634826  	0.69971603  	0.70244163  
2021-02-01 14:26:45.882: iteration 28 finished in 4.271425 seconds
2021-02-01 14:26:45.999: epoch 28:	0.13709289  	0.07741810  	0.74185884  	0.79840988  	0.67428988  	0.68807161  	0.62266648  	0.62656766  	0.69986695  	0.70262378  
2021-02-01 14:26:50.333: iteration 29 finished in 4.332833 seconds
2021-02-01 14:26:50.447: epoch 29:	0.13713025  	0.07741811  	0.74230713  	0.79856008  	0.67447412  	0.68817472  	0.62275565  	0.62663597  	0.69998986  	0.70273823  
2021-02-01 14:26:54.651: iteration 30 finished in 4.203193 seconds
2021-02-01 14:26:54.760: epoch 30:	0.13701817  	0.07746480  	0.74191797  	0.79905814  	0.67410398  	0.68808371  	0.62238282  	0.62636667  	0.69964862  	0.70243472  
2021-02-01 14:26:59.034: iteration 31 finished in 4.273230 seconds
2021-02-01 14:26:59.142: epoch 31:	0.13699950  	0.07743678  	0.74166179  	0.79895765  	0.67413217  	0.68813413  	0.62248260  	0.62645096  	0.69980055  	0.70259726  
2021-02-01 14:27:03.437: iteration 32 finished in 4.294254 seconds
2021-02-01 14:27:03.547: epoch 32:	0.13696215  	0.07747413  	0.74177080  	0.79939127  	0.67283446  	0.68694514  	0.62077975  	0.62480789  	0.69781691  	0.70059055  
2021-02-01 14:27:07.872: iteration 33 finished in 4.324228 seconds
2021-02-01 14:27:07.994: epoch 33:	0.13696215  	0.07747413  	0.74200118  	0.79946417  	0.67318505  	0.68725169  	0.62115169  	0.62517548  	0.69827485  	0.70102781  
2021-02-01 14:27:12.287: iteration 34 finished in 4.292359 seconds
2021-02-01 14:27:12.397: epoch 34:	0.13698082  	0.07747412  	0.74189848  	0.79938245  	0.67324591  	0.68731195  	0.62128288  	0.62530583  	0.69832855  	0.70110339  
2021-02-01 14:27:16.707: iteration 35 finished in 4.308235 seconds
2021-02-01 14:27:16.818: epoch 35:	0.13699950  	0.07749280  	0.74189144  	0.79964709  	0.67340529  	0.68753022  	0.62148899  	0.62550628  	0.69861215  	0.70140690  
2021-02-01 14:27:21.068: iteration 36 finished in 4.249918 seconds
2021-02-01 14:27:21.175: epoch 36:	0.13701819  	0.07749280  	0.74200970  	0.79947197  	0.67369926  	0.68774891  	0.62181735  	0.62581068  	0.69905370  	0.70183784  
2021-02-01 14:27:25.508: iteration 37 finished in 4.331604 seconds
2021-02-01 14:27:25.617: epoch 37:	0.13701819  	0.07743677  	0.74200350  	0.79887426  	0.67353410  	0.68742830  	0.62161875  	0.62553692  	0.69867641  	0.70149511  
2021-02-01 14:27:29.869: iteration 38 finished in 4.251059 seconds
2021-02-01 14:27:29.990: epoch 38:	0.13699950  	0.07744610  	0.74187678  	0.79896766  	0.67315161  	0.68711537  	0.62115479  	0.62509251  	0.69814348  	0.70096540  
2021-02-01 14:27:34.289: iteration 39 finished in 4.298477 seconds
2021-02-01 14:27:34.399: epoch 39:	0.13696215  	0.07745544  	0.74170554  	0.79910773  	0.67314297  	0.68719620  	0.62119812  	0.62516636  	0.69814610  	0.70099032  
2021-02-01 14:27:38.634: iteration 40 finished in 4.235115 seconds
2021-02-01 14:27:38.745: epoch 40:	0.13707422  	0.07745544  	0.74248374  	0.79929900  	0.67353934  	0.68739289  	0.62151349  	0.62541306  	0.69832695  	0.70108509  
2021-02-01 14:27:43.071: iteration 41 finished in 4.324085 seconds
2021-02-01 14:27:43.182: epoch 41:	0.13707423  	0.07743677  	0.74270171  	0.79893875  	0.67360765  	0.68733013  	0.62151033  	0.62538648  	0.69846213  	0.70118207  
2021-02-01 14:27:47.438: iteration 42 finished in 4.255877 seconds
2021-02-01 14:27:47.549: epoch 42:	0.13701820  	0.07739007  	0.74240726  	0.79809248  	0.67358917  	0.68719757  	0.62158775  	0.62544912  	0.69854718  	0.70122325  
2021-02-01 14:27:51.865: iteration 43 finished in 4.316142 seconds
2021-02-01 14:27:51.999: epoch 43:	0.13696216  	0.07739940  	0.74235487  	0.79810494  	0.67352253  	0.68718261  	0.62157220  	0.62545985  	0.69842780  	0.70113552  
2021-02-01 14:27:56.263: iteration 44 finished in 4.263838 seconds
2021-02-01 14:27:56.372: epoch 44:	0.13699952  	0.07740875  	0.74236524  	0.79814649  	0.67360157  	0.68724859  	0.62166989  	0.62553495  	0.69855684  	0.70126498  
2021-02-01 14:28:00.634: iteration 45 finished in 4.261870 seconds
2021-02-01 14:28:00.747: epoch 45:	0.13699955  	0.07743676  	0.74228746  	0.79870683  	0.67366970  	0.68745780  	0.62176394  	0.62564629  	0.69871974  	0.70149100  
2021-02-01 14:28:04.937: iteration 46 finished in 4.189928 seconds
2021-02-01 14:28:05.044: epoch 46:	0.13703690  	0.07742742  	0.74266100  	0.79866016  	0.67396277  	0.68761945  	0.62205631  	0.62588680  	0.69899511  	0.70170981  
2021-02-01 14:28:09.342: iteration 47 finished in 4.297455 seconds
2021-02-01 14:28:09.453: epoch 47:	0.13701822  	0.07742742  	0.74221218  	0.79875350  	0.67347485  	0.68725872  	0.62155706  	0.62539899  	0.69844508  	0.70120126  
2021-02-01 14:28:13.694: iteration 48 finished in 4.241047 seconds
2021-02-01 14:28:13.807: epoch 48:	0.13698086  	0.07741808  	0.74180174  	0.79851073  	0.67341882  	0.68726295  	0.62159622  	0.62547278  	0.69852984  	0.70129204  
2021-02-01 14:28:18.081: iteration 49 finished in 4.273969 seconds
2021-02-01 14:28:18.192: epoch 49:	0.13701823  	0.07739940  	0.74185687  	0.79813719  	0.67354190  	0.68726164  	0.62173802  	0.62557673  	0.69859219  	0.70131987  
2021-02-01 14:28:22.432: iteration 50 finished in 4.239604 seconds
2021-02-01 14:28:22.540: epoch 50:	0.13701823  	0.07740875  	0.74181014  	0.79813719  	0.67357129  	0.68731016  	0.62181807  	0.62567031  	0.69854736  	0.70126754  
