2021-12-14 20:28:46.278: Dataset name: u3
The number of users: 6588
The number of items: 6588
The number of ratings: 103157
Average actions of users: 15.66
Average actions of items: 15.66
The sparsity of the dataset: 99.762321%
2021-12-14 20:28:46.278: 

NeuRec hyperparameters:
recommender=WRMF
config_dir=./conf
gpu_id=0
gpu_mem=0.5
data.input.path=D:\hsyoo\Workingon_210628/_Data/wiki-vote/noniid-in-barrier/u3/
data.input.dataset=u3
data.output.path=D:\hsyoo\Workingon_210628/_Emb/wiki-vote/noniid-in-barrier/wrmf/u3_wrmf_directed_dim16_uniform_send.emb
data.column.format=UI
data.convert.separator='\t'
user_min=0
item_min=0
splitter=given
ratio=0.8
by_time=False
metric=["Precision", "Recall", "NDCG", "MAP", "MRR"]
topk=[10, 20]
group_view=None
rec.evaluate.neg=0
test_batch_size=128
num_thread=8
data.index.remap=False

WRMF's hyperparameters:
epochs=50
embedding_size=16
reg_mf=0.1
alpha=10
init_method=uniform
stddev=0.01
verbose=1
weight=uniform

2021-12-14 20:30:38.749: metrics:	Precision@10	Precision@20	Recall@10   	Recall@20   	NDCG@10     	NDCG@20     	MAP@10      	MAP@20      	MRR@10      	MRR@20      
2021-12-14 20:30:44.701: iteration 1 finished in 5.951084 seconds
2021-12-14 20:30:44.795: epoch 1:	0.01366880  	0.01319936  	0.01628131  	0.02923058  	0.01854569  	0.02235126  	0.00903830  	0.00902405  	0.03433009  	0.03822826  
2021-12-14 20:30:49.512: iteration 2 finished in 4.716375 seconds
2021-12-14 20:30:49.583: epoch 2:	0.03826492  	0.03544888  	0.05832676  	0.10516396  	0.05393212  	0.06800105  	0.02661089  	0.02842349  	0.08620796  	0.09351417  
2021-12-14 20:30:54.297: iteration 3 finished in 4.713171 seconds
2021-12-14 20:30:54.359: epoch 3:	0.04476132  	0.04019925  	0.06970651  	0.12315318  	0.06388157  	0.07909083  	0.03206243  	0.03385744  	0.09992356  	0.10762674  
2021-12-14 20:30:59.060: iteration 4 finished in 4.701423 seconds
2021-12-14 20:30:59.139: epoch 4:	0.04506173  	0.04145725  	0.06964603  	0.12559752  	0.06518021  	0.08149373  	0.03304079  	0.03530363  	0.10298475  	0.11106787  
2021-12-14 20:31:03.967: iteration 5 finished in 4.828115 seconds
2021-12-14 20:31:04.045: epoch 5:	0.04524946  	0.04158868  	0.07168636  	0.12419867  	0.06601670  	0.08155172  	0.03334640  	0.03537932  	0.10440680  	0.11219738  
2021-12-14 20:31:08.902: iteration 6 finished in 4.857488 seconds
2021-12-14 20:31:08.980: epoch 6:	0.04607560  	0.04147602  	0.07208464  	0.12466250  	0.06678538  	0.08189844  	0.03392391  	0.03579546  	0.10449143  	0.11217534  
2021-12-14 20:31:13.689: iteration 7 finished in 4.709079 seconds
2021-12-14 20:31:13.752: epoch 7:	0.04551233  	0.04168256  	0.06975811  	0.12621616  	0.06598254  	0.08232692  	0.03361889  	0.03585857  	0.10473207  	0.11277086  
2021-12-14 20:31:18.462: iteration 8 finished in 4.709652 seconds
2021-12-14 20:31:18.540: epoch 8:	0.04502416  	0.04232093  	0.06833459  	0.12872045  	0.06545819  	0.08319482  	0.03339807  	0.03609636  	0.10476697  	0.11314368  
2021-12-14 20:31:23.255: iteration 9 finished in 4.715170 seconds
2021-12-14 20:31:23.328: epoch 9:	0.04517436  	0.04217073  	0.07041375  	0.12807612  	0.06620232  	0.08310328  	0.03366335  	0.03611546  	0.10611454  	0.11413796  
2021-12-14 20:31:28.059: iteration 10 finished in 4.731343 seconds
2021-12-14 20:31:28.129: epoch 10:	0.04517436  	0.04192665  	0.07067291  	0.12603544  	0.06643207  	0.08271280  	0.03398288  	0.03622819  	0.10587236  	0.11389196  
2021-12-14 20:31:32.850: iteration 11 finished in 4.721374 seconds
2021-12-14 20:31:32.917: epoch 11:	0.04532457  	0.04187033  	0.07157955  	0.12563479  	0.06665000  	0.08250046  	0.03397065  	0.03614239  	0.10580187  	0.11354282  
2021-12-14 20:31:37.635: iteration 12 finished in 4.718382 seconds
2021-12-14 20:31:37.703: epoch 12:	0.04543722  	0.04172011  	0.07247946  	0.12551707  	0.06681858  	0.08225195  	0.03374229  	0.03574143  	0.10668968  	0.11438640  
2021-12-14 20:31:42.427: iteration 13 finished in 4.723367 seconds
2021-12-14 20:31:42.495: epoch 13:	0.04558742  	0.04162624  	0.07191075  	0.12496335  	0.06661867  	0.08194185  	0.03358686  	0.03551005  	0.10657318  	0.11438968  
2021-12-14 20:31:47.284: iteration 14 finished in 4.788194 seconds
2021-12-14 20:31:47.354: epoch 14:	0.04547477  	0.04164502  	0.07205954  	0.12417065  	0.06661490  	0.08183019  	0.03348818  	0.03543260  	0.10719637  	0.11497750  
2021-12-14 20:31:52.122: iteration 15 finished in 4.767251 seconds
2021-12-14 20:31:52.189: epoch 15:	0.04543722  	0.04175768  	0.07189027  	0.12405457  	0.06652816  	0.08184724  	0.03335864  	0.03535450  	0.10752269  	0.11537195  
2021-12-14 20:31:56.913: iteration 16 finished in 4.723367 seconds
2021-12-14 20:31:56.982: epoch 16:	0.04524946  	0.04188912  	0.07171883  	0.12480725  	0.06628121  	0.08197200  	0.03320114  	0.03531859  	0.10735058  	0.11530595  
2021-12-14 20:32:01.718: iteration 17 finished in 4.736334 seconds
2021-12-14 20:32:01.784: epoch 17:	0.04506170  	0.04188912  	0.07027023  	0.12544267  	0.06582506  	0.08205864  	0.03310094  	0.03534913  	0.10706793  	0.11529647  
2021-12-14 20:32:06.518: iteration 18 finished in 4.734339 seconds
2021-12-14 20:32:06.587: epoch 18:	0.04509925  	0.04207688  	0.07101868  	0.12618983  	0.06575450  	0.08208423  	0.03284907  	0.03516211  	0.10670983  	0.11476655  
2021-12-14 20:32:11.300: iteration 19 finished in 4.712656 seconds
2021-12-14 20:32:11.362: epoch 19:	0.04547478  	0.04202056  	0.07109597  	0.12658739  	0.06585167  	0.08200236  	0.03283335  	0.03501229  	0.10660192  	0.11465175  
2021-12-14 20:32:16.062: iteration 20 finished in 4.700090 seconds
2021-12-14 20:32:16.140: epoch 20:	0.04547478  	0.04228340  	0.07064357  	0.12635693  	0.06585055  	0.08226603  	0.03294145  	0.03526216  	0.10666613  	0.11469975  
2021-12-14 20:32:20.968: iteration 21 finished in 4.827654 seconds
2021-12-14 20:32:21.046: epoch 21:	0.04570008  	0.04228340  	0.07089599  	0.12752172  	0.06606735  	0.08252743  	0.03301868  	0.03527499  	0.10696793  	0.11497829  
2021-12-14 20:32:25.791: iteration 22 finished in 4.744876 seconds
2021-12-14 20:32:25.861: epoch 22:	0.04577518  	0.04222708  	0.07111720  	0.12839888  	0.06610831  	0.08264410  	0.03299539  	0.03526505  	0.10666486  	0.11478436  
2021-12-14 20:32:30.599: iteration 23 finished in 4.737331 seconds
2021-12-14 20:32:30.667: epoch 23:	0.04588784  	0.04218953  	0.07088673  	0.12893020  	0.06630506  	0.08291787  	0.03326229  	0.03553290  	0.10708420  	0.11520858  
2021-12-14 20:32:35.399: iteration 24 finished in 4.732345 seconds
2021-12-14 20:32:35.467: epoch 24:	0.04596294  	0.04218952  	0.07091523  	0.12826617  	0.06635244  	0.08279527  	0.03323871  	0.03549293  	0.10717795  	0.11517937  
2021-12-14 20:32:40.206: iteration 25 finished in 4.738329 seconds
2021-12-14 20:32:40.277: epoch 25:	0.04581273  	0.04215198  	0.07049298  	0.12776203  	0.06591456  	0.08235757  	0.03293182  	0.03511333  	0.10649368  	0.11469110  
2021-12-14 20:32:45.021: iteration 26 finished in 4.744312 seconds
2021-12-14 20:32:45.092: epoch 26:	0.04588784  	0.04215198  	0.07065894  	0.12721387  	0.06572341  	0.08200029  	0.03263674  	0.03479576  	0.10617045  	0.11429019  
2021-12-14 20:32:50.018: iteration 27 finished in 4.924829 seconds
2021-12-14 20:32:50.094: epoch 27:	0.04611315  	0.04224586  	0.07131185  	0.12826969  	0.06595936  	0.08230270  	0.03273607  	0.03494611  	0.10598747  	0.11402262  
2021-12-14 20:32:54.826: iteration 28 finished in 4.731353 seconds
2021-12-14 20:32:54.896: epoch 28:	0.04596295  	0.04233974  	0.07055382  	0.12864245  	0.06564450  	0.08238149  	0.03252545  	0.03492709  	0.10602322  	0.11406137  
2021-12-14 20:32:59.639: iteration 29 finished in 4.742318 seconds
2021-12-14 20:32:59.708: epoch 29:	0.04577520  	0.04209565  	0.07019252  	0.12839787  	0.06546306  	0.08220050  	0.03246922  	0.03487490  	0.10600592  	0.11399746  
2021-12-14 20:33:04.454: iteration 30 finished in 4.745309 seconds
2021-12-14 20:33:04.521: epoch 30:	0.04600050  	0.04220831  	0.07075588  	0.12852158  	0.06557151  	0.08215854  	0.03242329  	0.03474260  	0.10559898  	0.11356688  
2021-12-14 20:33:09.347: iteration 31 finished in 4.826093 seconds
2021-12-14 20:33:09.421: epoch 31:	0.04573764  	0.04220831  	0.06987016  	0.12861769  	0.06527632  	0.08222580  	0.03236060  	0.03477386  	0.10569837  	0.11376063  
2021-12-14 20:33:14.105: iteration 32 finished in 4.684240 seconds
2021-12-14 20:33:14.168: epoch 32:	0.04585030  	0.04218954  	0.06991550  	0.12910327  	0.06535190  	0.08235104  	0.03238067  	0.03482900  	0.10569973  	0.11372235  
2021-12-14 20:33:18.874: iteration 33 finished in 4.705762 seconds
2021-12-14 20:33:18.952: epoch 33:	0.04577519  	0.04217077  	0.07003976  	0.12968493  	0.06558274  	0.08264381  	0.03265287  	0.03509296  	0.10629102  	0.11433601  
2021-12-14 20:33:23.673: iteration 34 finished in 4.721424 seconds
2021-12-14 20:33:23.743: epoch 34:	0.04551234  	0.04233976  	0.06939162  	0.13065660  	0.06537981  	0.08302854  	0.03262445  	0.03519139  	0.10652284  	0.11479308  
2021-12-14 20:33:28.457: iteration 35 finished in 4.714393 seconds
2021-12-14 20:33:28.524: epoch 35:	0.04547478  	0.04230220  	0.06948965  	0.13044029  	0.06536656  	0.08292724  	0.03264452  	0.03512248  	0.10626730  	0.11461703  
2021-12-14 20:33:33.249: iteration 36 finished in 4.724365 seconds
2021-12-14 20:33:33.316: epoch 36:	0.04566254  	0.04224587  	0.06959821  	0.13041797  	0.06545223  	0.08284408  	0.03263676  	0.03504906  	0.10630723  	0.11458679  
2021-12-14 20:33:38.034: iteration 37 finished in 4.716387 seconds
2021-12-14 20:33:38.100: epoch 37:	0.04551233  	0.04232098  	0.06943563  	0.13078836  	0.06512026  	0.08280580  	0.03236151  	0.03487842  	0.10551580  	0.11388711  
2021-12-14 20:33:42.821: iteration 38 finished in 4.721373 seconds
2021-12-14 20:33:42.891: epoch 38:	0.04547478  	0.04230219  	0.06931473  	0.13072200  	0.06509805  	0.08280475  	0.03236814  	0.03490861  	0.10548317  	0.11380108  
2021-12-14 20:33:47.623: iteration 39 finished in 4.732345 seconds
2021-12-14 20:33:47.691: epoch 39:	0.04551234  	0.04230220  	0.06989836  	0.13098766  	0.06507187  	0.08269342  	0.03228899  	0.03478334  	0.10473673  	0.11305938  
2021-12-14 20:33:52.417: iteration 40 finished in 4.726359 seconds
2021-12-14 20:33:52.486: epoch 40:	0.04558745  	0.04228342  	0.07010848  	0.13076054  	0.06522992  	0.08271302  	0.03241516  	0.03484960  	0.10483880  	0.11313388  
2021-12-14 20:33:57.195: iteration 41 finished in 4.707411 seconds
2021-12-14 20:33:57.263: epoch 41:	0.04566255  	0.04226465  	0.07014891  	0.13053939  	0.06526563  	0.08265538  	0.03242485  	0.03484973  	0.10465252  	0.11293097  
2021-12-14 20:34:01.969: iteration 42 finished in 4.705415 seconds
2021-12-14 20:34:02.039: epoch 42:	0.04558745  	0.04224587  	0.07044468  	0.13016361  	0.06528568  	0.08257667  	0.03244681  	0.03485482  	0.10456879  	0.11280531  
2021-12-14 20:34:06.751: iteration 43 finished in 4.712398 seconds
2021-12-14 20:34:06.824: epoch 43:	0.04543724  	0.04213321  	0.06994386  	0.13007338  	0.06514706  	0.08254768  	0.03248771  	0.03494431  	0.10445822  	0.11274829  
2021-12-14 20:34:11.523: iteration 44 finished in 4.698955 seconds
2021-12-14 20:34:11.601: epoch 44:	0.04543723  	0.04215198  	0.06994127  	0.12971123  	0.06530432  	0.08260952  	0.03258735  	0.03503458  	0.10516466  	0.11336750  
2021-12-14 20:34:16.301: iteration 45 finished in 4.700274 seconds
2021-12-14 20:34:16.364: epoch 45:	0.04547478  	0.04215198  	0.06993531  	0.12959118  	0.06532780  	0.08257892  	0.03264542  	0.03505281  	0.10508361  	0.11325724  
2021-12-14 20:34:21.093: iteration 46 finished in 4.729097 seconds
2021-12-14 20:34:21.155: epoch 46:	0.04543723  	0.04226463  	0.07052346  	0.12969062  	0.06553004  	0.08275060  	0.03276254  	0.03519496  	0.10524827  	0.11331975  
2021-12-14 20:34:25.895: iteration 47 finished in 4.740079 seconds
2021-12-14 20:34:25.963: epoch 47:	0.04539968  	0.04228341  	0.07041568  	0.12946840  	0.06549887  	0.08271483  	0.03276005  	0.03517745  	0.10532025  	0.11338464  
2021-12-14 20:34:30.684: iteration 48 finished in 4.720376 seconds
2021-12-14 20:34:30.754: epoch 48:	0.04539968  	0.04220830  	0.07072123  	0.12936424  	0.06554749  	0.08260497  	0.03275343  	0.03511024  	0.10524514  	0.11331759  
2021-12-14 20:34:35.533: iteration 49 finished in 4.778221 seconds
2021-12-14 20:34:35.603: epoch 49:	0.04536213  	0.04228341  	0.07151946  	0.12977551  	0.06572773  	0.08271718  	0.03282365  	0.03512467  	0.10523815  	0.11334588  
2021-12-14 20:34:40.332: iteration 50 finished in 4.728355 seconds
2021-12-14 20:34:40.400: epoch 50:	0.04551233  	0.04226464  	0.07175554  	0.12979144  	0.06581607  	0.08267466  	0.03283142  	0.03509533  	0.10505546  	0.11315432  
