2021-12-16 18:39:52.179: Dataset name: u3
The number of users: 23132
The number of items: 23132
The number of ratings: 312310
Average actions of users: 13.50
Average actions of items: 13.50
The sparsity of the dataset: 99.941634%
2021-12-16 18:39:52.179: 

NeuRec hyperparameters:
recommender=WRMF
config_dir=./conf
gpu_id=0
gpu_mem=0.5
data.input.path=D:\hsyoo\Workingon_210628/_Data/eat/noniid-in-barrier/u3/
data.input.dataset=u3
data.output.path=D:\hsyoo\Workingon_210628/_Emb/eat/noniid-in-barrier/wrmf/u3_wrmf_directed_dim16_uniform_send.emb
data.column.format=UI
data.convert.separator='\t'
user_min=0
item_min=0
splitter=given
ratio=0.8
by_time=False
metric=["Precision", "Recall", "NDCG", "MAP", "MRR"]
topk=[10, 20]
group_view=None
rec.evaluate.neg=0
test_batch_size=128
num_thread=8
data.index.remap=False

WRMF's hyperparameters:
epochs=50
embedding_size=16
reg_mf=0.1
alpha=10
init_method=uniform
stddev=0.01
verbose=1
weight=uniform

2021-12-16 19:02:59.151: metrics:	Precision@10	Precision@20	Recall@10   	Recall@20   	NDCG@10     	NDCG@20     	MAP@10      	MAP@20      	MRR@10      	MRR@20      
2021-12-16 19:04:14.575: iteration 1 finished in 75.423226 seconds
2021-12-16 19:04:14.966: epoch 1:	0.00095389  	0.00091721  	0.00129120  	0.00246785  	0.00115508  	0.00166225  	0.00037787  	0.00043456  	0.00275963  	0.00333368  
2021-12-16 19:05:29.811: iteration 2 finished in 74.844820 seconds
2021-12-16 19:05:30.192: epoch 2:	0.00245812  	0.00228690  	0.00340284  	0.00627343  	0.00311734  	0.00435914  	0.00109299  	0.00122748  	0.00751110  	0.00887906  
2021-12-16 19:06:46.380: iteration 3 finished in 76.188037 seconds
2021-12-16 19:06:46.754: epoch 3:	0.00436591  	0.00374830  	0.00615001  	0.01042008  	0.00560215  	0.00741551  	0.00198297  	0.00218129  	0.01346304  	0.01543432  
2021-12-16 19:08:02.197: iteration 4 finished in 75.443050 seconds
2021-12-16 19:08:02.556: epoch 4:	0.00489177  	0.00435365  	0.00678368  	0.01213788  	0.00638811  	0.00865508  	0.00231677  	0.00257563  	0.01563110  	0.01806896  
2021-12-16 19:09:18.564: iteration 5 finished in 76.007910 seconds
2021-12-16 19:09:18.939: epoch 5:	0.00494068  	0.00470218  	0.00686092  	0.01287774  	0.00664595  	0.00929691  	0.00247559  	0.00279130  	0.01655379  	0.01938654  
2021-12-16 19:10:35.364: iteration 6 finished in 76.425299 seconds
2021-12-16 19:10:35.739: epoch 6:	0.00517304  	0.00483670  	0.00717377  	0.01340943  	0.00689029  	0.00957877  	0.00255117  	0.00287770  	0.01701608  	0.01978711  
2021-12-16 19:11:51.693: iteration 7 finished in 75.953959 seconds
2021-12-16 19:11:52.067: epoch 7:	0.00516081  	0.00480001  	0.00715545  	0.01325421  	0.00697081  	0.00963056  	0.00262352  	0.00295436  	0.01728562  	0.02005411  
2021-12-16 19:13:08.420: iteration 8 finished in 76.353161 seconds
2021-12-16 19:13:08.793: epoch 8:	0.00513635  	0.00491008  	0.00703968  	0.01366313  	0.00695832  	0.00982610  	0.00263901  	0.00300323  	0.01734133  	0.02026756  
2021-12-16 19:14:24.626: iteration 9 finished in 75.831854 seconds
2021-12-16 19:14:25.019: epoch 9:	0.00530756  	0.00497122  	0.00729502  	0.01373396  	0.00712538  	0.00992209  	0.00268324  	0.00303451  	0.01761688  	0.02049634  
2021-12-16 19:15:41.324: iteration 10 finished in 76.305148 seconds
2021-12-16 19:15:41.725: epoch 10:	0.00530756  	0.00490396  	0.00725766  	0.01349798  	0.00717503  	0.00988564  	0.00272072  	0.00305935  	0.01795527  	0.02079610  
2021-12-16 19:16:57.848: iteration 11 finished in 76.122402 seconds
2021-12-16 19:16:58.228: epoch 11:	0.00523419  	0.00494065  	0.00715917  	0.01362363  	0.00719282  	0.01000415  	0.00276370  	0.00311800  	0.01821476  	0.02114466  
2021-12-16 19:18:13.285: iteration 12 finished in 75.056974 seconds
2021-12-16 19:18:13.671: epoch 12:	0.00529533  	0.00495899  	0.00726242  	0.01365110  	0.00725094  	0.01003387  	0.00277865  	0.00312855  	0.01832245  	0.02122552  
2021-12-16 19:19:29.531: iteration 13 finished in 75.859669 seconds
2021-12-16 19:19:29.917: epoch 13:	0.00535648  	0.00498345  	0.00735821  	0.01375015  	0.00729492  	0.01007614  	0.00278644  	0.00313803  	0.01830634  	0.02119901  
2021-12-16 19:20:44.968: iteration 14 finished in 75.051173 seconds
2021-12-16 19:20:45.349: epoch 14:	0.00542985  	0.00494676  	0.00749176  	0.01365956  	0.00731696  	0.01000727  	0.00276941  	0.00311321  	0.01814988  	0.02094478  
2021-12-16 19:22:00.990: iteration 15 finished in 75.640980 seconds
2021-12-16 19:22:01.367: epoch 15:	0.00553992  	0.00491008  	0.00763236  	0.01358303  	0.00738830  	0.00996319  	0.00276488  	0.00309338  	0.01826737  	0.02092953  
2021-12-16 19:23:16.305: iteration 16 finished in 74.936739 seconds
2021-12-16 19:23:16.680: epoch 16:	0.00549100  	0.00488562  	0.00757242  	0.01359123  	0.00733354  	0.00993154  	0.00274406  	0.00307902  	0.01813857  	0.02079909  
2021-12-16 19:24:31.954: iteration 17 finished in 75.274538 seconds
2021-12-16 19:24:32.334: epoch 17:	0.00545431  	0.00490396  	0.00766310  	0.01362838  	0.00735009  	0.00996063  	0.00275799  	0.00308597  	0.01818045  	0.02088914  
2021-12-16 19:25:47.030: iteration 18 finished in 74.694127 seconds
2021-12-16 19:25:47.414: epoch 18:	0.00544208  	0.00489785  	0.00766985  	0.01364688  	0.00735986  	0.00997666  	0.00276457  	0.00309491  	0.01826004  	0.02096992  
2021-12-16 19:27:03.054: iteration 19 finished in 75.639358 seconds
2021-12-16 19:27:03.433: epoch 19:	0.00549100  	0.00489785  	0.00768908  	0.01363035  	0.00736449  	0.00995002  	0.00275942  	0.00308579  	0.01812290  	0.02080099  
2021-12-16 19:28:19.910: iteration 20 finished in 76.476684 seconds
2021-12-16 19:28:20.316: epoch 20:	0.00553992  	0.00489785  	0.00774199  	0.01362980  	0.00740360  	0.00995663  	0.00276966  	0.00309101  	0.01817570  	0.02081255  
2021-12-16 19:29:35.239: iteration 21 finished in 74.923580 seconds
2021-12-16 19:29:35.621: epoch 21:	0.00556437  	0.00489173  	0.00778368  	0.01356157  	0.00742206  	0.00993409  	0.00277268  	0.00308645  	0.01819409  	0.02080531  
2021-12-16 19:30:51.706: iteration 22 finished in 76.084493 seconds
2021-12-16 19:30:52.081: epoch 22:	0.00553992  	0.00490396  	0.00778576  	0.01365000  	0.00741358  	0.00995974  	0.00277085  	0.00308863  	0.01818172  	0.02081442  
2021-12-16 19:32:07.163: iteration 23 finished in 75.082101 seconds
2021-12-16 19:32:07.538: epoch 23:	0.00557660  	0.00487339  	0.00786001  	0.01355047  	0.00743362  	0.00990613  	0.00277123  	0.00307535  	0.01812988  	0.02071529  
2021-12-16 19:33:23.165: iteration 24 finished in 75.627397 seconds
2021-12-16 19:33:23.540: epoch 24:	0.00556437  	0.00490396  	0.00783921  	0.01361642  	0.00743818  	0.00995272  	0.00278170  	0.00309164  	0.01817608  	0.02079466  
2021-12-16 19:34:39.279: iteration 25 finished in 75.738670 seconds
2021-12-16 19:34:39.640: epoch 25:	0.00556437  	0.00490396  	0.00786061  	0.01362443  	0.00748026  	0.00999263  	0.00280940  	0.00311784  	0.01832895  	0.02095554  
2021-12-16 19:35:55.963: iteration 26 finished in 76.322240 seconds
2021-12-16 19:35:56.326: epoch 26:	0.00557660  	0.00490396  	0.00786832  	0.01364685  	0.00749225  	0.01000538  	0.00281484  	0.00312383  	0.01834827  	0.02097304  
2021-12-16 19:37:12.196: iteration 27 finished in 75.869682 seconds
2021-12-16 19:37:12.570: epoch 27:	0.00555215  	0.00489785  	0.00783403  	0.01362236  	0.00748094  	0.01000275  	0.00283236  	0.00313991  	0.01828299  	0.02092874  
2021-12-16 19:38:28.073: iteration 28 finished in 75.502799 seconds
2021-12-16 19:38:28.449: epoch 28:	0.00555215  	0.00490396  	0.00784432  	0.01363384  	0.00746588  	0.00999341  	0.00282098  	0.00312867  	0.01823767  	0.02089804  
2021-12-16 19:39:44.515: iteration 29 finished in 76.065493 seconds
2021-12-16 19:39:44.892: epoch 29:	0.00555215  	0.00490396  	0.00784271  	0.01362930  	0.00746692  	0.00999493  	0.00282475  	0.00313279  	0.01824664  	0.02091549  
2021-12-16 19:40:59.768: iteration 30 finished in 74.876315 seconds
2021-12-16 19:41:00.143: epoch 30:	0.00558883  	0.00490396  	0.00789576  	0.01359727  	0.00748740  	0.00998125  	0.00282502  	0.00312800  	0.01822252  	0.02086068  
2021-12-16 19:42:15.755: iteration 31 finished in 75.612314 seconds
2021-12-16 19:42:16.130: epoch 31:	0.00557660  	0.00490396  	0.00789110  	0.01360640  	0.00748161  	0.00998434  	0.00282558  	0.00313074  	0.01820893  	0.02085187  
2021-12-16 19:43:31.334: iteration 32 finished in 75.204259 seconds
2021-12-16 19:43:31.718: epoch 32:	0.00553992  	0.00492231  	0.00785196  	0.01365682  	0.00745128  	0.01000412  	0.00281725  	0.00313013  	0.01815735  	0.02085911  
2021-12-16 19:44:47.558: iteration 33 finished in 75.839948 seconds
2021-12-16 19:44:47.933: epoch 33:	0.00553992  	0.00494676  	0.00784914  	0.01368720  	0.00744649  	0.01001901  	0.00281383  	0.00312685  	0.01813143  	0.02086373  
2021-12-16 19:46:03.161: iteration 34 finished in 75.226171 seconds
2021-12-16 19:46:03.533: epoch 34:	0.00551546  	0.00495899  	0.00784106  	0.01370825  	0.00744355  	0.01003937  	0.00281858  	0.00313333  	0.01816880  	0.02093726  
2021-12-16 19:47:18.911: iteration 35 finished in 75.377776 seconds
2021-12-16 19:47:19.302: epoch 35:	0.00552769  	0.00494676  	0.00786145  	0.01367322  	0.00744463  	0.01001378  	0.00281561  	0.00312684  	0.01813269  	0.02087209  
2021-12-16 19:48:34.088: iteration 36 finished in 74.786052 seconds
2021-12-16 19:48:34.468: epoch 36:	0.00555215  	0.00491619  	0.00788105  	0.01360881  	0.00745330  	0.00997545  	0.00281337  	0.00311751  	0.01812231  	0.02082033  
2021-12-16 19:49:50.490: iteration 37 finished in 76.022258 seconds
2021-12-16 19:49:50.869: epoch 37:	0.00552769  	0.00492231  	0.00784130  	0.01363885  	0.00744057  	0.00999341  	0.00281681  	0.00312657  	0.01811678  	0.02083361  
2021-12-16 19:51:05.891: iteration 38 finished in 75.022034 seconds
2021-12-16 19:51:06.266: epoch 38:	0.00550323  	0.00491619  	0.00781509  	0.01363448  	0.00742647  	0.00999104  	0.00281368  	0.00312547  	0.01812512  	0.02085694  
2021-12-16 19:52:22.509: iteration 39 finished in 76.243439 seconds
2021-12-16 19:52:22.893: epoch 39:	0.00549100  	0.00489785  	0.00780569  	0.01357130  	0.00740362  	0.00995178  	0.00280238  	0.00311297  	0.01803297  	0.02075982  
2021-12-16 19:53:38.421: iteration 40 finished in 75.527804 seconds
2021-12-16 19:53:38.798: epoch 40:	0.00549100  	0.00491619  	0.00780569  	0.01356285  	0.00741050  	0.00996543  	0.00280699  	0.00311606  	0.01806999  	0.02081238  
2021-12-16 19:54:55.040: iteration 41 finished in 76.242115 seconds
2021-12-16 19:54:55.422: epoch 41:	0.00549100  	0.00491008  	0.00778771  	0.01352820  	0.00740649  	0.00995326  	0.00280571  	0.00311439  	0.01807742  	0.02080872  
2021-12-16 19:56:10.835: iteration 42 finished in 75.412049 seconds
2021-12-16 19:56:11.224: epoch 42:	0.00545431  	0.00491008  	0.00774092  	0.01354607  	0.00737794  	0.00995597  	0.00280063  	0.00311447  	0.01803597  	0.02079925  
2021-12-16 19:57:27.527: iteration 43 finished in 76.302213 seconds
2021-12-16 19:57:27.906: epoch 43:	0.00541762  	0.00489173  	0.00767861  	0.01351560  	0.00734749  	0.00994038  	0.00279669  	0.00311480  	0.01799812  	0.02077524  
2021-12-16 19:58:44.334: iteration 44 finished in 76.427653 seconds
2021-12-16 19:58:44.712: epoch 44:	0.00542985  	0.00490396  	0.00768023  	0.01362716  	0.00737153  	0.00999151  	0.00280924  	0.00313159  	0.01811348  	0.02088929  
2021-12-16 20:00:00.781: iteration 45 finished in 76.069328 seconds
2021-12-16 20:00:01.170: epoch 45:	0.00546654  	0.00492231  	0.00773388  	0.01366933  	0.00740366  	0.01001438  	0.00281882  	0.00313676  	0.01814283  	0.02090695  
2021-12-16 20:01:16.655: iteration 46 finished in 75.483519 seconds
2021-12-16 20:01:17.032: epoch 46:	0.00545431  	0.00492842  	0.00772515  	0.01369778  	0.00740960  	0.01003714  	0.00282598  	0.00314527  	0.01819772  	0.02097753  
2021-12-16 20:02:32.914: iteration 47 finished in 75.881853 seconds
2021-12-16 20:02:33.282: epoch 47:	0.00542985  	0.00492231  	0.00771982  	0.01369234  	0.00739397  	0.01002871  	0.00281950  	0.00314304  	0.01816904  	0.02094971  
2021-12-16 20:03:48.851: iteration 48 finished in 75.568995 seconds
2021-12-16 20:03:49.227: epoch 48:	0.00542985  	0.00493453  	0.00771108  	0.01372204  	0.00740661  	0.01005804  	0.00283056  	0.00315643  	0.01823256  	0.02102968  
2021-12-16 20:05:05.256: iteration 49 finished in 76.029443 seconds
2021-12-16 20:05:05.624: epoch 49:	0.00542985  	0.00494065  	0.00772025  	0.01372737  	0.00740842  	0.01006050  	0.00283024  	0.00315538  	0.01823256  	0.02103276  
2021-12-16 20:06:20.962: iteration 50 finished in 75.337823 seconds
2021-12-16 20:06:21.333: epoch 50:	0.00544208  	0.00493453  	0.00773554  	0.01371718  	0.00741560  	0.01005381  	0.00283008  	0.00315346  	0.01824048  	0.02102408  
