2021-12-17 03:34:11.734: Dataset name: u3
The number of users: 22454
The number of items: 22454
The number of ratings: 311357
Average actions of users: 13.87
Average actions of items: 13.87
The sparsity of the dataset: 99.938245%
2021-12-17 03:34:11.735: 

NeuRec hyperparameters:
recommender=WRMF
config_dir=./conf
gpu_id=0
gpu_mem=0.5
data.input.path=D:\hsyoo\Workingon_210628/_Data/eat/noniid-out-barrier/u3/
data.input.dataset=u3
data.output.path=D:\hsyoo\Workingon_210628/_Emb/eat/noniid-out-barrier/wrmf/u3_wrmf_directed_dim16_uniform_send.emb
data.column.format=UI
data.convert.separator='\t'
user_min=0
item_min=0
splitter=given
ratio=0.8
by_time=False
metric=["Precision", "Recall", "NDCG", "MAP", "MRR"]
topk=[10, 20]
group_view=None
rec.evaluate.neg=0
test_batch_size=128
num_thread=8
data.index.remap=False

WRMF's hyperparameters:
epochs=50
embedding_size=16
reg_mf=0.1
alpha=10
init_method=uniform
stddev=0.01
verbose=1
weight=uniform

2021-12-17 03:55:59.273: metrics:	Precision@10	Precision@20	Recall@10   	Recall@20   	NDCG@10     	NDCG@20     	MAP@10      	MAP@20      	MRR@10      	MRR@20      
2021-12-17 03:57:11.535: iteration 1 finished in 72.262359 seconds
2021-12-17 03:57:11.913: epoch 1:	0.01222265  	0.00998663  	0.01610170  	0.02648640  	0.01573398  	0.02053994  	0.00578222  	0.00647869  	0.03950759  	0.04393522  
2021-12-17 03:58:23.304: iteration 2 finished in 71.390303 seconds
2021-12-17 03:58:23.683: epoch 2:	0.02560352  	0.02081453  	0.03402908  	0.05527081  	0.03396276  	0.04381282  	0.01310338  	0.01472728  	0.08467560  	0.09228383  
2021-12-17 03:59:35.857: iteration 3 finished in 72.174655 seconds
2021-12-17 03:59:36.235: epoch 3:	0.03943549  	0.03063093  	0.05219861  	0.08176427  	0.05340018  	0.06686044  	0.02140660  	0.02382879  	0.13244185  	0.14132565  
2021-12-17 04:00:47.561: iteration 4 finished in 71.325687 seconds
2021-12-17 04:00:47.933: epoch 4:	0.04573606  	0.03516980  	0.06074375  	0.09359507  	0.06285756  	0.07795116  	0.02578108  	0.02863696  	0.15528259  	0.16453999  
2021-12-17 04:01:59.941: iteration 5 finished in 72.006982 seconds
2021-12-17 04:02:00.323: epoch 5:	0.04873397  	0.03703412  	0.06478304  	0.09867524  	0.06736309  	0.08284454  	0.02790930  	0.03090331  	0.16578497  	0.17485704  
2021-12-17 04:03:11.468: iteration 6 finished in 71.144700 seconds
2021-12-17 04:03:11.843: epoch 6:	0.04998918  	0.03816118  	0.06674206  	0.10205241  	0.06943146  	0.08556679  	0.02900800  	0.03213407  	0.17017554  	0.17963767  
2021-12-17 04:04:22.047: iteration 7 finished in 70.204159 seconds
2021-12-17 04:04:22.423: epoch 7:	0.05122004  	0.03884962  	0.06857255  	0.10377602  	0.07102623  	0.08712433  	0.02972425  	0.03283880  	0.17311206  	0.18235759  
2021-12-17 04:05:32.405: iteration 8 finished in 69.982651 seconds
2021-12-17 04:05:32.778: epoch 8:	0.05165875  	0.03926396  	0.06908651  	0.10486130  	0.07156073  	0.08792792  	0.03000769  	0.03315126  	0.17401223  	0.18347640  
2021-12-17 04:06:43.226: iteration 9 finished in 70.448078 seconds
2021-12-17 04:06:43.586: epoch 9:	0.05213404  	0.03977571  	0.06968833  	0.10610844  	0.07232746  	0.08900970  	0.03039514  	0.03362152  	0.17590076  	0.18540542  
2021-12-17 04:07:53.914: iteration 10 finished in 70.328407 seconds
2021-12-17 04:07:54.273: epoch 10:	0.05232903  	0.03997679  	0.07003017  	0.10652333  	0.07259008  	0.08935887  	0.03049427  	0.03374520  	0.17637876  	0.18595795  
2021-12-17 04:09:04.701: iteration 11 finished in 70.411663 seconds
2021-12-17 04:09:05.065: epoch 11:	0.05262152  	0.04008642  	0.07046824  	0.10683978  	0.07301798  	0.08973999  	0.03065579  	0.03394983  	0.17743772  	0.18689728  
2021-12-17 04:10:15.977: iteration 12 finished in 70.912446 seconds
2021-12-17 04:10:16.363: epoch 12:	0.05312118  	0.04025700  	0.07116707  	0.10726680  	0.07339125  	0.08997700  	0.03072980  	0.03399191  	0.17767869  	0.18698384  
2021-12-17 04:11:26.746: iteration 13 finished in 70.382977 seconds
2021-12-17 04:11:27.110: epoch 13:	0.05312117  	0.04041539  	0.07120175  	0.10754196  	0.07353332  	0.09026579  	0.03082273  	0.03412763  	0.17833014  	0.18767369  
2021-12-17 04:12:38.359: iteration 14 finished in 71.248801 seconds
2021-12-17 04:12:38.748: epoch 14:	0.05325523  	0.04047630  	0.07133034  	0.10771967  	0.07380088  	0.09054899  	0.03099257  	0.03428383  	0.17904355  	0.18851669  
2021-12-17 04:13:49.693: iteration 15 finished in 70.943725 seconds
2021-12-17 04:13:50.062: epoch 15:	0.05326740  	0.04054331  	0.07134237  	0.10795614  	0.07381304  	0.09066439  	0.03099819  	0.03430695  	0.17893642  	0.18859382  
2021-12-17 04:15:02.060: iteration 16 finished in 71.998756 seconds
2021-12-17 04:15:02.428: epoch 16:	0.05345021  	0.04060424  	0.07155649  	0.10819022  	0.07397355  	0.09079446  	0.03106039  	0.03436238  	0.17906378  	0.18864323  
2021-12-17 04:16:13.806: iteration 17 finished in 71.376564 seconds
2021-12-17 04:16:14.174: epoch 17:	0.05342585  	0.04062251  	0.07152832  	0.10820594  	0.07402523  	0.09088211  	0.03110606  	0.03440286  	0.17943861  	0.18905306  
2021-12-17 04:17:25.060: iteration 18 finished in 70.886584 seconds
2021-12-17 04:17:25.427: epoch 18:	0.05355990  	0.04063469  	0.07167040  	0.10825993  	0.07424200  	0.09103292  	0.03120297  	0.03449796  	0.18016176  	0.18962412  
2021-12-17 04:18:36.198: iteration 19 finished in 70.769615 seconds
2021-12-17 04:18:36.571: epoch 19:	0.05345022  	0.04075652  	0.07146361  	0.10852483  	0.07424492  	0.09127565  	0.03123916  	0.03458779  	0.18071005  	0.19031407  
2021-12-17 04:19:48.376: iteration 20 finished in 71.805090 seconds
2021-12-17 04:19:48.747: epoch 20:	0.05348677  	0.04065907  	0.07155720  	0.10828170  	0.07436707  	0.09124736  	0.03130809  	0.03462102  	0.18112706  	0.19064467  
2021-12-17 04:21:00.474: iteration 21 finished in 71.726743 seconds
2021-12-17 04:21:00.849: epoch 21:	0.05340146  	0.04071391  	0.07133876  	0.10851363  	0.07434087  	0.09140156  	0.03133958  	0.03469197  	0.18141446  	0.19100185  
2021-12-17 04:22:11.526: iteration 22 finished in 70.676563 seconds
2021-12-17 04:22:11.885: epoch 22:	0.05349896  	0.04076265  	0.07149804  	0.10863024  	0.07447937  	0.09150719  	0.03138374  	0.03473312  	0.18181731  	0.19138466  
2021-12-17 04:23:21.752: iteration 23 finished in 69.867249 seconds
2021-12-17 04:23:22.120: epoch 23:	0.05373050  	0.04078092  	0.07173845  	0.10869219  	0.07469010  	0.09160218  	0.03147290  	0.03478565  	0.18210946  	0.19172330  
2021-12-17 04:24:33.003: iteration 24 finished in 70.882612 seconds
2021-12-17 04:24:33.374: epoch 24:	0.05373050  	0.04074436  	0.07164017  	0.10862806  	0.07457431  	0.09148149  	0.03139793  	0.03471721  	0.18162890  	0.19121575  
2021-12-17 04:25:44.190: iteration 25 finished in 70.816442 seconds
2021-12-17 04:25:44.566: epoch 25:	0.05369394  	0.04074436  	0.07163629  	0.10865538  	0.07449842  	0.09142658  	0.03134455  	0.03467647  	0.18138318  	0.19094159  
2021-12-17 04:26:55.371: iteration 26 finished in 70.803416 seconds
2021-12-17 04:26:55.752: epoch 26:	0.05374268  	0.04075655  	0.07173743  	0.10864454  	0.07452735  	0.09140727  	0.03133949  	0.03466393  	0.18136486  	0.19082120  
2021-12-17 04:28:07.040: iteration 27 finished in 71.288182 seconds
2021-12-17 04:28:07.415: epoch 27:	0.05375487  	0.04082357  	0.07178268  	0.10883942  	0.07448494  	0.09143293  	0.03129563  	0.03463770  	0.18115495  	0.19063872  
2021-12-17 04:29:18.689: iteration 28 finished in 71.274513 seconds
2021-12-17 04:29:19.080: epoch 28:	0.05379143  	0.04076874  	0.07190972  	0.10871118  	0.07453427  	0.09137242  	0.03130679  	0.03461563  	0.18121341  	0.19068526  
2021-12-17 04:30:30.162: iteration 29 finished in 71.082840 seconds
2021-12-17 04:30:30.537: epoch 29:	0.05382799  	0.04076264  	0.07209397  	0.10867654  	0.07458732  	0.09134507  	0.03132116  	0.03461187  	0.18118022  	0.19057347  
2021-12-17 04:31:41.149: iteration 30 finished in 70.611923 seconds
2021-12-17 04:31:41.523: epoch 30:	0.05377924  	0.04078091  	0.07204953  	0.10868198  	0.07455640  	0.09135570  	0.03130583  	0.03461494  	0.18114981  	0.19058275  
2021-12-17 04:32:52.630: iteration 31 finished in 71.106382 seconds
2021-12-17 04:32:53.005: epoch 31:	0.05373048  	0.04074435  	0.07186168  	0.10868550  	0.07447208  	0.09132432  	0.03127933  	0.03460648  	0.18108074  	0.19053780  
2021-12-17 04:34:03.554: iteration 32 finished in 70.549380 seconds
2021-12-17 04:34:03.929: epoch 32:	0.05359643  	0.04080527  	0.07169136  	0.10890390  	0.07434912  	0.09137941  	0.03124359  	0.03459824  	0.18078494  	0.19041184  
2021-12-17 04:35:15.141: iteration 33 finished in 71.211648 seconds
2021-12-17 04:35:15.511: epoch 33:	0.05355986  	0.04084791  	0.07154591  	0.10904160  	0.07436170  	0.09150279  	0.03127875  	0.03465422  	0.18104152  	0.19074501  
2021-12-17 04:36:26.236: iteration 34 finished in 70.725543 seconds
2021-12-17 04:36:26.607: epoch 34:	0.05360861  	0.04092102  	0.07157914  	0.10915525  	0.07435808  	0.09154291  	0.03126182  	0.03464003  	0.18097867  	0.19070637  
2021-12-17 04:37:38.204: iteration 35 finished in 71.596321 seconds
2021-12-17 04:37:38.563: epoch 35:	0.05363299  	0.04093931  	0.07163097  	0.10920855  	0.07439886  	0.09157968  	0.03127448  	0.03464017  	0.18115081  	0.19089246  
2021-12-17 04:38:49.562: iteration 36 finished in 70.999984 seconds
2021-12-17 04:38:49.941: epoch 36:	0.05359644  	0.04097585  	0.07159661  	0.10927943  	0.07432109  	0.09156904  	0.03122149  	0.03460882  	0.18091953  	0.19066042  
2021-12-17 04:40:01.457: iteration 37 finished in 71.515800 seconds
2021-12-17 04:40:01.832: epoch 37:	0.05351113  	0.04103066  	0.07144202  	0.10945909  	0.07422729  	0.09163055  	0.03119808  	0.03461831  	0.18072408  	0.19057527  
2021-12-17 04:41:12.600: iteration 38 finished in 70.767904 seconds
2021-12-17 04:41:12.959: epoch 38:	0.05342581  	0.04104285  	0.07129071  	0.10948232  	0.07416961  	0.09165744  	0.03119098  	0.03463038  	0.18071657  	0.19064695  
2021-12-17 04:42:24.618: iteration 39 finished in 71.657983 seconds
2021-12-17 04:42:24.985: epoch 39:	0.05338927  	0.04106722  	0.07123481  	0.10954997  	0.07421063  	0.09175161  	0.03121104  	0.03467518  	0.18121776  	0.19109164  
2021-12-17 04:43:36.035: iteration 40 finished in 71.048206 seconds
2021-12-17 04:43:36.406: epoch 40:	0.05330397  	0.04105505  	0.07110491  	0.10950867  	0.07411329  	0.09170667  	0.03115999  	0.03465435  	0.18108925  	0.19093429  
2021-12-17 04:44:47.380: iteration 41 finished in 70.974260 seconds
2021-12-17 04:44:47.748: epoch 41:	0.05335271  	0.04106113  	0.07119396  	0.10953268  	0.07412960  	0.09169142  	0.03114765  	0.03463339  	0.18101594  	0.19084612  
2021-12-17 04:45:59.034: iteration 42 finished in 71.285729 seconds
2021-12-17 04:45:59.412: epoch 42:	0.05334053  	0.04105505  	0.07115205  	0.10953240  	0.07409988  	0.09167679  	0.03112757  	0.03461875  	0.18092594  	0.19077280  
2021-12-17 04:47:10.403: iteration 43 finished in 70.991307 seconds
2021-12-17 04:47:10.776: epoch 43:	0.05345022  	0.04104897  	0.07129929  	0.10952662  	0.07419394  	0.09168515  	0.03116697  	0.03463363  	0.18100357  	0.19080268  
2021-12-17 04:48:22.756: iteration 44 finished in 71.980077 seconds
2021-12-17 04:48:23.115: epoch 44:	0.05348678  	0.04101851  	0.07131770  	0.10948010  	0.07421244  	0.09165764  	0.03116529  	0.03461123  	0.18107185  	0.19087632  
2021-12-17 04:49:33.375: iteration 45 finished in 70.260038 seconds
2021-12-17 04:49:33.745: epoch 45:	0.05347458  	0.04098805  	0.07131834  	0.10941443  	0.07423510  	0.09164795  	0.03118863  	0.03461541  	0.18121529  	0.19105290  
2021-12-17 04:50:44.698: iteration 46 finished in 70.952895 seconds
2021-12-17 04:50:45.072: epoch 46:	0.05347458  	0.04096979  	0.07133197  	0.10943841  	0.07432137  	0.09172308  	0.03124182  	0.03466349  	0.18161307  	0.19143291  
2021-12-17 04:51:55.529: iteration 47 finished in 70.456450 seconds
2021-12-17 04:51:55.900: epoch 47:	0.05342584  	0.04098197  	0.07130033  	0.10947951  	0.07438657  	0.09183045  	0.03130861  	0.03473030  	0.18200777  	0.19187470  
2021-12-17 04:53:06.892: iteration 48 finished in 70.991688 seconds
2021-12-17 04:53:07.260: epoch 48:	0.05341364  	0.04092105  	0.07127114  	0.10934185  	0.07437930  	0.09177238  	0.03129302  	0.03471551  	0.18214749  	0.19192883  
2021-12-17 04:54:17.980: iteration 49 finished in 70.719135 seconds
2021-12-17 04:54:18.355: epoch 49:	0.05345021  	0.04096980  	0.07132467  	0.10947899  	0.07439956  	0.09182477  	0.03129473  	0.03472822  	0.18205497  	0.19179849  
2021-12-17 04:55:29.529: iteration 50 finished in 71.173703 seconds
2021-12-17 04:55:29.896: epoch 50:	0.05338928  	0.04094543  	0.07120404  	0.10945202  	0.07436905  	0.09182892  	0.03130542  	0.03474587  	0.18206787  	0.19185930  
