2021-12-14 19:20:34.365: Dataset name: u3
The number of users: 5908
The number of items: 5908
The number of ratings: 20333
Average actions of users: 3.44
Average actions of items: 3.44
The sparsity of the dataset: 99.941747%
2021-12-14 19:20:34.365: 

NeuRec hyperparameters:
recommender=WRMF
config_dir=./conf
gpu_id=0
gpu_mem=0.5
data.input.path=D:\hsyoo\Workingon_210628/_Data/p2p-Gnutella08/noniid-out-barrier/u3/
data.input.dataset=u3
data.output.path=D:\hsyoo\Workingon_210628/_Emb/p2p-Gnutella08/noniid-out-barrier/wrmf/u3_wrmf_directed_dim16_uniform_send.emb
data.column.format=UI
data.convert.separator='\t'
user_min=0
item_min=0
splitter=given
ratio=0.8
by_time=False
metric=["Precision", "Recall", "NDCG", "MAP", "MRR"]
topk=[10, 20]
group_view=None
rec.evaluate.neg=0
test_batch_size=128
num_thread=8
data.index.remap=False

WRMF's hyperparameters:
epochs=50
embedding_size=16
reg_mf=0.1
alpha=10
init_method=uniform
stddev=0.01
verbose=1
weight=uniform

2021-12-14 19:22:03.997: metrics:	Precision@10	Precision@20	Recall@10   	Recall@20   	NDCG@10     	NDCG@20     	MAP@10      	MAP@20      	MRR@10      	MRR@20      
2021-12-14 19:22:09.138: iteration 1 finished in 5.141250 seconds
2021-12-14 19:22:09.197: epoch 1:	0.00773000  	0.00710399  	0.03591000  	0.06809109  	0.02242403  	0.03222741  	0.01355710  	0.01633040  	0.02504753  	0.02807536  
2021-12-14 19:22:13.254: iteration 2 finished in 4.056956 seconds
2021-12-14 19:22:13.285: epoch 2:	0.01311924  	0.01135002  	0.06532391  	0.10818364  	0.03751429  	0.05102258  	0.02253521  	0.02686975  	0.03698663  	0.04018883  
2021-12-14 19:22:17.380: iteration 3 finished in 4.094605 seconds
2021-12-14 19:22:17.426: epoch 3:	0.01535114  	0.01295589  	0.07700057  	0.12432410  	0.04306199  	0.05789858  	0.02539013  	0.03013808  	0.04074275  	0.04411987  
2021-12-14 19:22:21.473: iteration 4 finished in 4.046563 seconds
2021-12-14 19:22:21.504: epoch 4:	0.01600439  	0.01360913  	0.07777173  	0.13219923  	0.04514037  	0.06177482  	0.02734178  	0.03258684  	0.04382425  	0.04781134  
2021-12-14 19:22:25.581: iteration 5 finished in 4.076314 seconds
2021-12-14 19:22:25.620: epoch 5:	0.01676650  	0.01374522  	0.08127381  	0.13333334  	0.04658379  	0.06246076  	0.02772861  	0.03273560  	0.04532278  	0.04902129  
2021-12-14 19:22:29.703: iteration 6 finished in 4.081086 seconds
2021-12-14 19:22:29.743: epoch 6:	0.01665763  	0.01388131  	0.08096533  	0.13536565  	0.04611189  	0.06272858  	0.02714980  	0.03231766  	0.04531867  	0.04947218  
2021-12-14 19:22:33.809: iteration 7 finished in 4.065129 seconds
2021-12-14 19:22:33.847: epoch 7:	0.01687538  	0.01407184  	0.08288876  	0.13722558  	0.04592607  	0.06255262  	0.02640227  	0.03152764  	0.04445243  	0.04859483  
2021-12-14 19:22:37.911: iteration 8 finished in 4.063133 seconds
2021-12-14 19:22:37.949: epoch 8:	0.01676650  	0.01407184  	0.08229903  	0.13718022  	0.04586861  	0.06269671  	0.02647379  	0.03170754  	0.04488814  	0.04903143  
2021-12-14 19:22:42.015: iteration 9 finished in 4.065130 seconds
2021-12-14 19:22:42.053: epoch 9:	0.01649432  	0.01428958  	0.08207221  	0.13987483  	0.04553890  	0.06328414  	0.02618255  	0.03164383  	0.04477797  	0.04931214  
2021-12-14 19:22:46.117: iteration 10 finished in 4.062137 seconds
2021-12-14 19:22:46.156: epoch 10:	0.01633101  	0.01434402  	0.08148247  	0.13982949  	0.04578410  	0.06380282  	0.02667652  	0.03233289  	0.04547204  	0.04994082  
2021-12-14 19:22:50.224: iteration 11 finished in 4.068122 seconds
2021-12-14 19:22:50.262: epoch 11:	0.01654875  	0.01437124  	0.08228996  	0.14032848  	0.04642813  	0.06424846  	0.02711549  	0.03267780  	0.04642555  	0.05077670  
2021-12-14 19:22:54.335: iteration 12 finished in 4.073106 seconds
2021-12-14 19:22:54.373: epoch 12:	0.01654875  	0.01434402  	0.08179097  	0.14046457  	0.04634948  	0.06428762  	0.02710070  	0.03275563  	0.04650007  	0.05075331  
2021-12-14 19:22:58.442: iteration 13 finished in 4.069118 seconds
2021-12-14 19:22:58.480: epoch 13:	0.01649432  	0.01431680  	0.08163673  	0.14087285  	0.04695163  	0.06499321  	0.02783525  	0.03350520  	0.04783226  	0.05212285  
2021-12-14 19:23:02.554: iteration 14 finished in 4.074105 seconds
2021-12-14 19:23:02.592: epoch 14:	0.01643988  	0.01428958  	0.08136455  	0.14019239  	0.04706440  	0.06506801  	0.02815489  	0.03383718  	0.04782147  	0.05214749  
2021-12-14 19:23:06.669: iteration 15 finished in 4.077096 seconds
2021-12-14 19:23:06.708: epoch 15:	0.01627657  	0.01426237  	0.08023045  	0.14005630  	0.04617178  	0.06449530  	0.02742316  	0.03323349  	0.04671868  	0.05114330  
2021-12-14 19:23:10.741: iteration 16 finished in 4.033775 seconds
2021-12-14 19:23:10.788: epoch 16:	0.01627657  	0.01431680  	0.08023045  	0.14100894  	0.04594235  	0.06446037  	0.02711631  	0.03296154  	0.04639358  	0.05083331  
2021-12-14 19:23:14.867: iteration 17 finished in 4.078754 seconds
2021-12-14 19:23:14.898: epoch 17:	0.01633101  	0.01437124  	0.08023045  	0.14173475  	0.04642214  	0.06508234  	0.02765570  	0.03354400  	0.04717318  	0.05157161  
2021-12-14 19:23:18.958: iteration 18 finished in 4.060094 seconds
2021-12-14 19:23:19.005: epoch 18:	0.01633101  	0.01434402  	0.08041190  	0.14128111  	0.04613760  	0.06466128  	0.02725297  	0.03315666  	0.04680660  	0.05110070  
2021-12-14 19:23:23.104: iteration 19 finished in 4.099290 seconds
2021-12-14 19:23:23.143: epoch 19:	0.01627657  	0.01437124  	0.08004899  	0.14189807  	0.04591124  	0.06472718  	0.02709452  	0.03309942  	0.04664135  	0.05101382  
2021-12-14 19:23:27.221: iteration 20 finished in 4.078094 seconds
2021-12-14 19:23:27.261: epoch 20:	0.01633101  	0.01437124  	0.08000363  	0.14198878  	0.04636169  	0.06522359  	0.02775956  	0.03376985  	0.04706409  	0.05151382  
2021-12-14 19:23:31.355: iteration 21 finished in 4.093054 seconds
2021-12-14 19:23:31.393: epoch 21:	0.01649432  	0.01439846  	0.08065688  	0.14257851  	0.04673516  	0.06547090  	0.02801364  	0.03394201  	0.04725958  	0.05164811  
2021-12-14 19:23:35.490: iteration 22 finished in 4.097042 seconds
2021-12-14 19:23:35.528: epoch 22:	0.01638545  	0.01437124  	0.08020324  	0.14176196  	0.04653050  	0.06524863  	0.02789903  	0.03386471  	0.04707273  	0.05146457  
2021-12-14 19:23:39.622: iteration 23 finished in 4.094052 seconds
2021-12-14 19:23:39.661: epoch 23:	0.01643988  	0.01437124  	0.08033933  	0.14212488  	0.04674588  	0.06549253  	0.02808343  	0.03407730  	0.04736198  	0.05171306  
2021-12-14 19:23:43.750: iteration 24 finished in 4.089064 seconds
2021-12-14 19:23:43.790: epoch 24:	0.01649432  	0.01437124  	0.08097442  	0.14198878  	0.04648551  	0.06502912  	0.02755292  	0.03349643  	0.04672386  	0.05097227  
2021-12-14 19:23:47.895: iteration 25 finished in 4.105022 seconds
2021-12-14 19:23:47.933: epoch 25:	0.01649432  	0.01434402  	0.08133733  	0.14185269  	0.04667947  	0.06509947  	0.02768545  	0.03359679  	0.04706430  	0.05128866  
2021-12-14 19:23:52.022: iteration 26 finished in 4.088067 seconds
2021-12-14 19:23:52.060: epoch 26:	0.01665763  	0.01420793  	0.08242607  	0.14017424  	0.04729251  	0.06495172  	0.02811432  	0.03379789  	0.04772230  	0.05178276  
2021-12-14 19:23:56.155: iteration 27 finished in 4.095049 seconds
2021-12-14 19:23:56.196: epoch 27:	0.01649432  	0.01423515  	0.08106516  	0.14044642  	0.04682835  	0.06493223  	0.02792150  	0.03371726  	0.04749419  	0.05170051  
2021-12-14 19:24:00.308: iteration 28 finished in 4.112003 seconds
2021-12-14 19:24:00.348: epoch 28:	0.01643988  	0.01426237  	0.08052079  	0.14058250  	0.04692250  	0.06524114  	0.02818223  	0.03404795  	0.04793638  	0.05222835  
2021-12-14 19:24:04.417: iteration 29 finished in 4.069117 seconds
2021-12-14 19:24:04.456: epoch 29:	0.01638545  	0.01437124  	0.08024860  	0.14130834  	0.04675004  	0.06539330  	0.02804758  	0.03398319  	0.04782145  	0.05224726  
2021-12-14 19:24:08.525: iteration 30 finished in 4.069118 seconds
2021-12-14 19:24:08.564: epoch 30:	0.01638545  	0.01434402  	0.08024860  	0.14103615  	0.04675647  	0.06530656  	0.02806270  	0.03397211  	0.04776486  	0.05214031  
2021-12-14 19:24:12.615: iteration 31 finished in 4.050761 seconds
2021-12-14 19:24:12.661: epoch 31:	0.01649432  	0.01437124  	0.08106516  	0.14130834  	0.04697967  	0.06536134  	0.02810094  	0.03394650  	0.04789792  	0.05220554  
2021-12-14 19:24:16.726: iteration 32 finished in 4.064951 seconds
2021-12-14 19:24:16.773: epoch 32:	0.01654876  	0.01434402  	0.08124661  	0.14103615  	0.04705833  	0.06529460  	0.02812132  	0.03392171  	0.04798649  	0.05226751  
2021-12-14 19:24:20.823: iteration 33 finished in 4.049961 seconds
2021-12-14 19:24:20.870: epoch 33:	0.01665763  	0.01434402  	0.08149157  	0.14117225  	0.04755248  	0.06570841  	0.02861659  	0.03439163  	0.04865421  	0.05288905  
2021-12-14 19:24:24.934: iteration 34 finished in 4.063765 seconds
2021-12-14 19:24:24.972: epoch 34:	0.01660319  	0.01437124  	0.08131012  	0.14135370  	0.04743348  	0.06571576  	0.02855330  	0.03435028  	0.04856153  	0.05287627  
2021-12-14 19:24:29.034: iteration 35 finished in 4.062137 seconds
2021-12-14 19:24:29.071: epoch 35:	0.01643988  	0.01445289  	0.07994920  	0.14185269  	0.04695574  	0.06579504  	0.02829252  	0.03425064  	0.04846022  	0.05294470  
2021-12-14 19:24:33.130: iteration 36 finished in 4.059144 seconds
2021-12-14 19:24:33.170: epoch 36:	0.01654876  	0.01445289  	0.08049357  	0.14185269  	0.04715972  	0.06581227  	0.02834814  	0.03428879  	0.04859091  	0.05292777  
2021-12-14 19:24:37.227: iteration 37 finished in 4.057150 seconds
2021-12-14 19:24:37.265: epoch 37:	0.01638545  	0.01445289  	0.07886046  	0.14176196  	0.04655303  	0.06564514  	0.02802091  	0.03410319  	0.04809105  	0.05258751  
2021-12-14 19:24:41.324: iteration 38 finished in 4.059143 seconds
2021-12-14 19:24:41.361: epoch 38:	0.01649432  	0.01442568  	0.07931411  	0.14162587  	0.04677341  	0.06565750  	0.02814674  	0.03416400  	0.04819494  	0.05264358  
2021-12-14 19:24:45.422: iteration 39 finished in 4.061139 seconds
2021-12-14 19:24:45.463: epoch 39:	0.01649432  	0.01437124  	0.07931411  	0.14080931  	0.04669350  	0.06536251  	0.02807247  	0.03403884  	0.04804913  	0.05242653  
2021-12-14 19:24:49.534: iteration 40 finished in 4.070115 seconds
2021-12-14 19:24:49.572: epoch 40:	0.01643988  	0.01439846  	0.07886046  	0.14090006  	0.04623754  	0.06509020  	0.02763883  	0.03367631  	0.04725959  	0.05169750  
2021-12-14 19:24:53.658: iteration 41 finished in 4.086072 seconds
2021-12-14 19:24:53.698: epoch 41:	0.01660319  	0.01450733  	0.07931410  	0.14244242  	0.04636919  	0.06540918  	0.02763614  	0.03369842  	0.04724598  	0.05171324  
2021-12-14 19:24:57.780: iteration 42 finished in 4.082085 seconds
2021-12-14 19:24:57.822: epoch 42:	0.01660319  	0.01450733  	0.07926874  	0.14230633  	0.04613784  	0.06514554  	0.02732597  	0.03337982  	0.04695998  	0.05138259  
2021-12-14 19:25:01.915: iteration 43 finished in 4.093053 seconds
2021-12-14 19:25:01.953: epoch 43:	0.01665763  	0.01453455  	0.07981310  	0.14244242  	0.04619898  	0.06511527  	0.02726448  	0.03329348  	0.04682086  	0.05120116  
2021-12-14 19:25:06.029: iteration 44 finished in 4.076099 seconds
2021-12-14 19:25:06.069: epoch 44:	0.01671207  	0.01453455  	0.08008529  	0.14271460  	0.04630451  	0.06514875  	0.02730891  	0.03330813  	0.04687465  	0.05117480  
2021-12-14 19:25:10.142: iteration 45 finished in 4.073107 seconds
2021-12-14 19:25:10.180: epoch 45:	0.01660319  	0.01450733  	0.07899655  	0.14257851  	0.04590492  	0.06498255  	0.02711255  	0.03316495  	0.04656163  	0.05094517  
2021-12-14 19:25:14.248: iteration 46 finished in 4.068058 seconds
2021-12-14 19:25:14.279: epoch 46:	0.01660319  	0.01445289  	0.07899655  	0.14189805  	0.04584848  	0.06473792  	0.02706076  	0.03306611  	0.04641193  	0.05072630  
2021-12-14 19:25:18.343: iteration 47 finished in 4.063815 seconds
2021-12-14 19:25:18.390: epoch 47:	0.01660319  	0.01445289  	0.07899655  	0.14180733  	0.04578959  	0.06465866  	0.02700262  	0.03300987  	0.04628794  	0.05059282  
2021-12-14 19:25:22.460: iteration 48 finished in 4.069718 seconds
2021-12-14 19:25:22.498: epoch 48:	0.01665763  	0.01437124  	0.07926874  	0.14058250  	0.04588626  	0.06435749  	0.02703513  	0.03294433  	0.04623999  	0.05043265  
2021-12-14 19:25:26.605: iteration 49 finished in 4.105021 seconds
2021-12-14 19:25:26.645: epoch 49:	0.01671207  	0.01450733  	0.07954092  	0.14226097  	0.04589490  	0.06471957  	0.02699437  	0.03300578  	0.04613349  	0.05039366  
2021-12-14 19:25:30.701: iteration 50 finished in 4.055154 seconds
2021-12-14 19:25:30.739: epoch 50:	0.01682094  	0.01450733  	0.07992198  	0.14189805  	0.04598646  	0.06459384  	0.02701059  	0.03295063  	0.04600820  	0.05018670  
