2021-12-14 21:50:52.860: Dataset name: u3
The number of users: 6599
The number of items: 6599
The number of ratings: 103172
Average actions of users: 15.63
Average actions of items: 15.63
The sparsity of the dataset: 99.763078%
2021-12-14 21:50:52.860: 

NeuRec hyperparameters:
recommender=WRMF
config_dir=./conf
gpu_id=0
gpu_mem=0.5
data.input.path=D:\hsyoo\Workingon_210628/_Data/wiki-vote/random-barrier/u3/
data.input.dataset=u3
data.output.path=D:\hsyoo\Workingon_210628/_Emb/wiki-vote/random-barrier/wrmf/u3_wrmf_directed_dim16_uniform_send.emb
data.column.format=UI
data.convert.separator='\t'
user_min=0
item_min=0
splitter=given
ratio=0.8
by_time=False
metric=["Precision", "Recall", "NDCG", "MAP", "MRR"]
topk=[10, 20]
group_view=None
rec.evaluate.neg=0
test_batch_size=128
num_thread=8
data.index.remap=False

WRMF's hyperparameters:
epochs=50
embedding_size=16
reg_mf=0.1
alpha=10
init_method=uniform
stddev=0.01
verbose=1
weight=uniform

2021-12-14 21:52:43.182: metrics:	Precision@10	Precision@20	Recall@10   	Recall@20   	NDCG@10     	NDCG@20     	MAP@10      	MAP@20      	MRR@10      	MRR@20      
2021-12-14 21:52:49.121: iteration 1 finished in 5.939118 seconds
2021-12-14 21:52:49.221: epoch 1:	0.02642795  	0.02295723  	0.03283302  	0.05555966  	0.03636999  	0.04150988  	0.01791393  	0.01722614  	0.06673699  	0.07118439  
2021-12-14 21:52:53.912: iteration 2 finished in 4.690443 seconds
2021-12-14 21:52:53.985: epoch 2:	0.06804081  	0.05882192  	0.10545987  	0.17647250  	0.10225770  	0.12112498  	0.05585275  	0.05744994  	0.16189991  	0.16964009  
2021-12-14 21:52:58.834: iteration 3 finished in 4.849031 seconds
2021-12-14 21:52:58.913: epoch 3:	0.07444008  	0.06343152  	0.12142685  	0.19614674  	0.11559856  	0.13527524  	0.06438191  	0.06606889  	0.18112785  	0.18890381  
2021-12-14 21:53:03.606: iteration 4 finished in 4.691454 seconds
2021-12-14 21:53:03.679: epoch 4:	0.07722398  	0.06590810  	0.12628467  	0.20798422  	0.12185587  	0.14319246  	0.06907261  	0.07060481  	0.19235320  	0.20119761  
2021-12-14 21:53:08.641: iteration 5 finished in 4.961731 seconds
2021-12-14 21:53:08.720: epoch 5:	0.07964626  	0.06681195  	0.12953651  	0.21029778  	0.12632006  	0.14695397  	0.07271523  	0.07375173  	0.19775032  	0.20654652  
2021-12-14 21:53:13.394: iteration 6 finished in 4.674431 seconds
2021-12-14 21:53:13.472: epoch 6:	0.08177936  	0.06769773  	0.13339640  	0.21272491  	0.12971283  	0.14949067  	0.07482761  	0.07533282  	0.20161664  	0.21002476  
2021-12-14 21:53:18.163: iteration 7 finished in 4.690866 seconds
2021-12-14 21:53:18.226: epoch 7:	0.08239398  	0.06816775  	0.13460937  	0.21568134  	0.12986219  	0.15005904  	0.07387066  	0.07459440  	0.20386054  	0.21201526  
2021-12-14 21:53:22.952: iteration 8 finished in 4.726390 seconds
2021-12-14 21:53:23.024: epoch 8:	0.08318940  	0.06861965  	0.13652997  	0.21276121  	0.13062064  	0.14966224  	0.07359763  	0.07402380  	0.20534550  	0.21328360  
2021-12-14 21:53:27.732: iteration 9 finished in 4.708409 seconds
2021-12-14 21:53:27.807: epoch 9:	0.08441862  	0.06916193  	0.13872974  	0.21377276  	0.13173126  	0.15023495  	0.07409476  	0.07415828  	0.20494303  	0.21263680  
2021-12-14 21:53:32.517: iteration 10 finished in 4.709405 seconds
2021-12-14 21:53:32.587: epoch 10:	0.08459939  	0.06963191  	0.13911013  	0.21694893  	0.13253659  	0.15191467  	0.07475151  	0.07515461  	0.20625184  	0.21406960  
2021-12-14 21:53:37.284: iteration 11 finished in 4.696439 seconds
2021-12-14 21:53:37.358: epoch 11:	0.08423786  	0.06961385  	0.13664724  	0.21560454  	0.13137403  	0.15126322  	0.07394568  	0.07463415  	0.20545290  	0.21320985  
2021-12-14 21:53:42.056: iteration 12 finished in 4.698435 seconds
2021-12-14 21:53:42.126: epoch 12:	0.08394863  	0.06959577  	0.13743208  	0.21504667  	0.13145514  	0.15116283  	0.07385734  	0.07456475  	0.20597287  	0.21378900  
2021-12-14 21:53:46.829: iteration 13 finished in 4.702425 seconds
2021-12-14 21:53:46.902: epoch 13:	0.08384017  	0.06977654  	0.13865696  	0.21683083  	0.13187675  	0.15186854  	0.07411900  	0.07484206  	0.20653100  	0.21439391  
2021-12-14 21:53:51.628: iteration 14 finished in 4.726359 seconds
2021-12-14 21:53:51.699: epoch 14:	0.08398481  	0.07008386  	0.13838427  	0.22003385  	0.13151927  	0.15240741  	0.07358354  	0.07477307  	0.20563644  	0.21339521  
2021-12-14 21:53:56.409: iteration 15 finished in 4.708410 seconds
2021-12-14 21:53:56.484: epoch 15:	0.08409324  	0.06992117  	0.13945311  	0.22010663  	0.13205303  	0.15256764  	0.07391014  	0.07494840  	0.20641871  	0.21410212  
2021-12-14 21:54:01.214: iteration 16 finished in 4.728356 seconds
2021-12-14 21:54:01.289: epoch 16:	0.08449094  	0.07008386  	0.14085977  	0.22017084  	0.13298567  	0.15316693  	0.07448959  	0.07555638  	0.20735955  	0.21490583  
2021-12-14 21:54:05.999: iteration 17 finished in 4.710016 seconds
2021-12-14 21:54:06.077: epoch 17:	0.08409324  	0.07028271  	0.14129984  	0.22143069  	0.13299038  	0.15371282  	0.07455752  	0.07584865  	0.20725216  	0.21504438  
2021-12-14 21:54:10.919: iteration 18 finished in 4.842303 seconds
2021-12-14 21:54:10.982: epoch 18:	0.08431018  	0.07026463  	0.14232744  	0.22239691  	0.13360606  	0.15417778  	0.07498132  	0.07623219  	0.20775799  	0.21526468  
2021-12-14 21:54:15.703: iteration 19 finished in 4.721901 seconds
2021-12-14 21:54:15.782: epoch 19:	0.08420172  	0.07013808  	0.14196956  	0.22169557  	0.13298519  	0.15347081  	0.07441602  	0.07563581  	0.20625487  	0.21392608  
2021-12-14 21:54:20.606: iteration 20 finished in 4.824522 seconds
2021-12-14 21:54:20.669: epoch 20:	0.08463559  	0.07021040  	0.14267029  	0.22188722  	0.13323517  	0.15347466  	0.07450408  	0.07561335  	0.20591439  	0.21336110  
2021-12-14 21:54:25.399: iteration 21 finished in 4.715159 seconds
2021-12-14 21:54:25.475: epoch 21:	0.08481635  	0.07013807  	0.14307287  	0.22261792  	0.13340127  	0.15353407  	0.07457162  	0.07559266  	0.20579076  	0.21333756  
2021-12-14 21:54:30.190: iteration 22 finished in 4.713395 seconds
2021-12-14 21:54:30.261: epoch 22:	0.08492480  	0.07022846  	0.14322788  	0.22389825  	0.13367239  	0.15409540  	0.07475424  	0.07588522  	0.20626408  	0.21387926  
2021-12-14 21:54:34.970: iteration 23 finished in 4.708406 seconds
2021-12-14 21:54:35.044: epoch 23:	0.08474404  	0.07039116  	0.14286305  	0.22457519  	0.13375597  	0.15457433  	0.07489548  	0.07615051  	0.20712472  	0.21484420  
2021-12-14 21:54:39.728: iteration 24 finished in 4.684471 seconds
2021-12-14 21:54:39.800: epoch 24:	0.08478019  	0.07031886  	0.14300922  	0.22436027  	0.13389978  	0.15461671  	0.07499943  	0.07627781  	0.20740278  	0.21501713  
2021-12-14 21:54:44.487: iteration 25 finished in 4.687465 seconds
2021-12-14 21:54:44.557: epoch 25:	0.08467173  	0.07048155  	0.14291975  	0.22499971  	0.13368870  	0.15473212  	0.07486833  	0.07622015  	0.20679601  	0.21461144  
2021-12-14 21:54:49.266: iteration 26 finished in 4.708408 seconds
2021-12-14 21:54:49.336: epoch 26:	0.08478019  	0.07039117  	0.14325753  	0.22464851  	0.13399297  	0.15473795  	0.07509816  	0.07632823  	0.20722684  	0.21493669  
2021-12-14 21:54:54.055: iteration 27 finished in 4.718381 seconds
2021-12-14 21:54:54.131: epoch 27:	0.08456328  	0.07026461  	0.14287008  	0.22494212  	0.13392854  	0.15486169  	0.07511905  	0.07643245  	0.20774977  	0.21554579  
2021-12-14 21:54:58.832: iteration 28 finished in 4.701427 seconds
2021-12-14 21:54:58.905: epoch 28:	0.08496095  	0.07049961  	0.14363305  	0.22579989  	0.13445938  	0.15531461  	0.07537161  	0.07659696  	0.20844272  	0.21623211  
2021-12-14 21:55:03.644: iteration 29 finished in 4.739326 seconds
2021-12-14 21:55:03.722: epoch 29:	0.08488864  	0.07044537  	0.14376284  	0.22556221  	0.13451909  	0.15531498  	0.07547241  	0.07667168  	0.20831859  	0.21615875  
2021-12-14 21:55:08.439: iteration 30 finished in 4.716388 seconds
2021-12-14 21:55:08.509: epoch 30:	0.08478017  	0.07033692  	0.14315684  	0.22475293  	0.13424706  	0.15500495  	0.07531958  	0.07651937  	0.20808017  	0.21593936  
2021-12-14 21:55:13.192: iteration 31 finished in 4.683259 seconds
2021-12-14 21:55:13.270: epoch 31:	0.08481633  	0.07037307  	0.14326198  	0.22427438  	0.13435020  	0.15496442  	0.07537019  	0.07654243  	0.20837277  	0.21622412  
2021-12-14 21:55:17.961: iteration 32 finished in 4.690323 seconds
2021-12-14 21:55:18.023: epoch 32:	0.08452709  	0.07037307  	0.14201087  	0.22474192  	0.13397504  	0.15513204  	0.07533907  	0.07668119  	0.20789874  	0.21593633  
2021-12-14 21:55:22.753: iteration 33 finished in 4.729266 seconds
2021-12-14 21:55:22.826: epoch 33:	0.08463556  	0.07026462  	0.14216879  	0.22426724  	0.13409887  	0.15498167  	0.07541485  	0.07669060  	0.20790507  	0.21585698  
2021-12-14 21:55:27.554: iteration 34 finished in 4.727356 seconds
2021-12-14 21:55:27.625: epoch 34:	0.08452711  	0.07024655  	0.14230818  	0.22372298  	0.13413091  	0.15490423  	0.07544049  	0.07672895  	0.20807737  	0.21598983  
2021-12-14 21:55:32.495: iteration 35 finished in 4.868978 seconds
2021-12-14 21:55:32.575: epoch 35:	0.08470788  	0.07021037  	0.14241821  	0.22342058  	0.13432233  	0.15487875  	0.07558391  	0.07680427  	0.20814449  	0.21596204  
2021-12-14 21:55:37.289: iteration 36 finished in 4.713394 seconds
2021-12-14 21:55:37.359: epoch 36:	0.08488864  	0.07024653  	0.14327015  	0.22282445  	0.13456850  	0.15473878  	0.07562605  	0.07676595  	0.20811594  	0.21579219  
2021-12-14 21:55:42.048: iteration 37 finished in 4.687464 seconds
2021-12-14 21:55:42.119: epoch 37:	0.08463557  	0.07028269  	0.14257403  	0.22309925  	0.13441472  	0.15494402  	0.07566027  	0.07689810  	0.20854047  	0.21636985  
2021-12-14 21:55:46.802: iteration 38 finished in 4.683474 seconds
2021-12-14 21:55:46.874: epoch 38:	0.08459941  	0.07033691  	0.14257045  	0.22327529  	0.13439697  	0.15503578  	0.07566437  	0.07696102  	0.20847577  	0.21638426  
2021-12-14 21:55:51.578: iteration 39 finished in 4.704418 seconds
2021-12-14 21:55:51.649: epoch 39:	0.08452711  	0.07024652  	0.14250018  	0.22316863  	0.13447909  	0.15508945  	0.07573935  	0.07701603  	0.20921735  	0.21719612  
2021-12-14 21:55:56.354: iteration 40 finished in 4.704420 seconds
2021-12-14 21:55:56.422: epoch 40:	0.08449095  	0.07021037  	0.14215441  	0.22234799  	0.13431855  	0.15484531  	0.07570766  	0.07695795  	0.20871411  	0.21673134  
2021-12-14 21:56:01.147: iteration 41 finished in 4.724365 seconds
2021-12-14 21:56:01.218: epoch 41:	0.08474404  	0.07021037  	0.14259477  	0.22233860  	0.13444434  	0.15474603  	0.07568571  	0.07687587  	0.20847851  	0.21636876  
2021-12-14 21:56:06.071: iteration 42 finished in 4.852025 seconds
2021-12-14 21:56:06.142: epoch 42:	0.08456328  	0.07022845  	0.14260872  	0.22181235  	0.13430202  	0.15459462  	0.07559713  	0.07683934  	0.20822662  	0.21606372  
2021-12-14 21:56:10.877: iteration 43 finished in 4.734158 seconds
2021-12-14 21:56:10.939: epoch 43:	0.08459944  	0.07026461  	0.14267272  	0.22199309  	0.13441436  	0.15474024  	0.07564245  	0.07690845  	0.20877349  	0.21656466  
2021-12-14 21:56:15.635: iteration 44 finished in 4.696137 seconds
2021-12-14 21:56:15.698: epoch 44:	0.08459944  	0.07028269  	0.14208034  	0.22256194  	0.13436881  	0.15495059  	0.07568154  	0.07698991  	0.20909525  	0.21691111  
2021-12-14 21:56:20.402: iteration 45 finished in 4.704215 seconds
2021-12-14 21:56:20.464: epoch 45:	0.08452711  	0.07026461  	0.14201634  	0.22221465  	0.13441047  	0.15498133  	0.07581925  	0.07714333  	0.20914133  	0.21695092  
2021-12-14 21:56:25.167: iteration 46 finished in 4.702567 seconds
2021-12-14 21:56:25.239: epoch 46:	0.08441866  	0.07028268  	0.14209105  	0.22274587  	0.13443546  	0.15513176  	0.07586210  	0.07720391  	0.20925753  	0.21716093  
2021-12-14 21:56:29.961: iteration 47 finished in 4.722370 seconds
2021-12-14 21:56:30.035: epoch 47:	0.08423790  	0.07031884  	0.14173236  	0.22286348  	0.13424182  	0.15514825  	0.07581526  	0.07720109  	0.20897850  	0.21700062  
2021-12-14 21:56:34.737: iteration 48 finished in 4.702423 seconds
2021-12-14 21:56:34.809: epoch 48:	0.08434637  	0.07024654  	0.14231239  	0.22294019  	0.13455036  	0.15524425  	0.07603233  	0.07734565  	0.20931304  	0.21722609  
2021-12-14 21:56:39.530: iteration 49 finished in 4.720376 seconds
2021-12-14 21:56:39.600: epoch 49:	0.08423790  	0.07017422  	0.14225535  	0.22256920  	0.13453476  	0.15515999  	0.07600780  	0.07734410  	0.20960671  	0.21744101  
2021-12-14 21:56:44.299: iteration 50 finished in 4.697438 seconds
2021-12-14 21:56:44.371: epoch 50:	0.08434636  	0.07026461  	0.14313552  	0.22248369  	0.13484114  	0.15526073  	0.07615315  	0.07744145  	0.20968293  	0.21744473  
