2021-12-16 07:32:21.572: Dataset name: u3
The number of users: 27480
The number of items: 27480
The number of ratings: 83607
Average actions of users: 3.04
Average actions of items: 3.04
The sparsity of the dataset: 99.988928%
2021-12-16 07:32:21.572: 

NeuRec hyperparameters:
recommender=WRMF
config_dir=./conf
gpu_id=0
gpu_mem=0.5
data.input.path=D:\hsyoo\Workingon_210628/_Data/digg/random-barrier/u3/
data.input.dataset=u3
data.output.path=D:\hsyoo\Workingon_210628/_Emb/digg/random-barrier/wrmf/u3_wrmf_directed_dim16_uniform_send.emb
data.column.format=UI
data.convert.separator='\t'
user_min=0
item_min=0
splitter=given
ratio=0.8
by_time=False
metric=["Precision", "Recall", "NDCG", "MAP", "MRR"]
topk=[10, 20]
group_view=None
rec.evaluate.neg=0
test_batch_size=128
num_thread=8
data.index.remap=False

WRMF's hyperparameters:
epochs=50
embedding_size=16
reg_mf=0.1
alpha=10
init_method=uniform
stddev=0.01
verbose=1
weight=uniform

2021-12-16 08:04:37.336: metrics:	Precision@10	Precision@20	Recall@10   	Recall@20   	NDCG@10     	NDCG@20     	MAP@10      	MAP@20      	MRR@10      	MRR@20      
2021-12-16 08:06:25.394: iteration 1 finished in 108.056495 seconds
2021-12-16 08:06:25.738: epoch 1:	0.00234063  	0.00189316  	0.01104144  	0.01815965  	0.00660131  	0.00859944  	0.00382973  	0.00425029  	0.00821007  	0.00916502  
2021-12-16 08:08:12.658: iteration 2 finished in 106.920226 seconds
2021-12-16 08:08:13.012: epoch 2:	0.00260224  	0.00220984  	0.01223072  	0.02100427  	0.00698439  	0.00950362  	0.00385944  	0.00443231  	0.00849811  	0.00964697  
2021-12-16 08:10:00.804: iteration 3 finished in 107.792392 seconds
2021-12-16 08:10:01.140: epoch 3:	0.00272615  	0.00231998  	0.01288003  	0.02160620  	0.00745521  	0.00999571  	0.00419683  	0.00475141  	0.00897493  	0.01015909  
2021-12-16 08:11:48.434: iteration 4 finished in 107.293357 seconds
2021-12-16 08:11:48.768: epoch 4:	0.00275369  	0.00238194  	0.01259269  	0.02212225  	0.00758226  	0.01036336  	0.00443109  	0.00507280  	0.00914567  	0.01040157  
2021-12-16 08:13:35.954: iteration 5 finished in 107.184602 seconds
2021-12-16 08:13:36.303: epoch 5:	0.00296022  	0.00245766  	0.01364827  	0.02317607  	0.00778137  	0.01055541  	0.00437285  	0.00502710  	0.00895313  	0.01018108  
2021-12-16 08:15:22.956: iteration 6 finished in 106.652316 seconds
2021-12-16 08:15:23.298: epoch 6:	0.00309790  	0.00257469  	0.01477768  	0.02452462  	0.00812082  	0.01094356  	0.00448057  	0.00514173  	0.00899056  	0.01017855  
2021-12-16 08:17:09.970: iteration 7 finished in 106.672592 seconds
2021-12-16 08:17:10.306: epoch 7:	0.00308413  	0.00255404  	0.01423256  	0.02408577  	0.00802657  	0.01090885  	0.00445361  	0.00515605  	0.00905596  	0.01029347  
2021-12-16 08:18:56.537: iteration 8 finished in 106.230385 seconds
2021-12-16 08:18:56.868: epoch 8:	0.00309790  	0.00265730  	0.01486934  	0.02490737  	0.00832329  	0.01130559  	0.00467944  	0.00538439  	0.00923156  	0.01056877  
2021-12-16 08:20:44.223: iteration 9 finished in 107.355145 seconds
2021-12-16 08:20:44.562: epoch 9:	0.00308413  	0.00265042  	0.01496002  	0.02482891  	0.00844106  	0.01137772  	0.00481462  	0.00549189  	0.00933635  	0.01070130  
2021-12-16 08:22:31.812: iteration 10 finished in 107.248518 seconds
2021-12-16 08:22:32.153: epoch 10:	0.00318051  	0.00265042  	0.01539849  	0.02453392  	0.00856829  	0.01128861  	0.00483930  	0.00545665  	0.00931166  	0.01057273  
2021-12-16 08:24:20.112: iteration 11 finished in 107.958997 seconds
2021-12-16 08:24:20.456: epoch 11:	0.00315297  	0.00258846  	0.01525414  	0.02369516  	0.00885967  	0.01142199  	0.00520787  	0.00579573  	0.00992741  	0.01113689  
2021-12-16 08:26:07.881: iteration 12 finished in 107.424989 seconds
2021-12-16 08:26:08.219: epoch 12:	0.00327689  	0.00260223  	0.01564162  	0.02411538  	0.00899116  	0.01149153  	0.00520426  	0.00577016  	0.01006476  	0.01118206  
2021-12-16 08:27:55.967: iteration 13 finished in 107.748658 seconds
2021-12-16 08:27:56.304: epoch 13:	0.00315297  	0.00258846  	0.01527697  	0.02360229  	0.00871872  	0.01124189  	0.00503508  	0.00560443  	0.00968110  	0.01088053  
2021-12-16 08:29:45.688: iteration 14 finished in 109.382342 seconds
2021-12-16 08:29:46.036: epoch 14:	0.00311167  	0.00261600  	0.01506028  	0.02370692  	0.00856116  	0.01118377  	0.00489054  	0.00547704  	0.00958598  	0.01080859  
2021-12-16 08:31:31.888: iteration 15 finished in 105.852282 seconds
2021-12-16 08:31:32.221: epoch 15:	0.00315297  	0.00260911  	0.01519403  	0.02371830  	0.00846408  	0.01103386  	0.00473919  	0.00531559  	0.00932373  	0.01051086  
2021-12-16 08:33:17.490: iteration 16 finished in 105.265436 seconds
2021-12-16 08:33:17.833: epoch 16:	0.00312544  	0.00263665  	0.01475689  	0.02406004  	0.00821633  	0.01097686  	0.00455823  	0.00519454  	0.00900711  	0.01022034  
2021-12-16 08:35:03.577: iteration 17 finished in 105.743934 seconds
2021-12-16 08:35:03.905: epoch 17:	0.00302906  	0.00269861  	0.01443098  	0.02481567  	0.00809025  	0.01115948  	0.00452296  	0.00522578  	0.00893155  	0.01027905  
2021-12-16 08:36:49.750: iteration 18 finished in 105.845009 seconds
2021-12-16 08:36:50.081: epoch 18:	0.00315297  	0.00269172  	0.01495161  	0.02469213  	0.00829738  	0.01117104  	0.00460322  	0.00525639  	0.00908983  	0.01035246  
2021-12-16 08:38:35.753: iteration 19 finished in 105.671518 seconds
2021-12-16 08:38:36.084: epoch 19:	0.00312544  	0.00262977  	0.01476994  	0.02404670  	0.00831618  	0.01109107  	0.00468571  	0.00532824  	0.00921314  	0.01046276  
2021-12-16 08:40:21.428: iteration 20 finished in 105.342827 seconds
2021-12-16 08:40:21.757: epoch 20:	0.00301529  	0.00260911  	0.01429876  	0.02385415  	0.00813650  	0.01101942  	0.00461890  	0.00529149  	0.00911523  	0.01044878  
2021-12-16 08:42:07.352: iteration 21 finished in 105.594807 seconds
2021-12-16 08:42:07.687: epoch 21:	0.00302906  	0.00260911  	0.01436251  	0.02379028  	0.00816986  	0.01101037  	0.00462878  	0.00528562  	0.00918200  	0.01049594  
2021-12-16 08:43:53.278: iteration 22 finished in 105.589929 seconds
2021-12-16 08:43:53.609: epoch 22:	0.00305659  	0.00262977  	0.01436765  	0.02388158  	0.00820184  	0.01107419  	0.00465159  	0.00532357  	0.00925969  	0.01055919  
2021-12-16 08:45:39.295: iteration 23 finished in 105.686590 seconds
2021-12-16 08:45:39.629: epoch 23:	0.00302906  	0.00270549  	0.01439543  	0.02465533  	0.00814611  	0.01123609  	0.00460630  	0.00532189  	0.00905382  	0.01045504  
2021-12-16 08:47:26.553: iteration 24 finished in 106.923585 seconds
2021-12-16 08:47:26.882: epoch 24:	0.00296022  	0.00271926  	0.01406738  	0.02495556  	0.00803179  	0.01130549  	0.00457768  	0.00534323  	0.00895695  	0.01044384  
2021-12-16 08:49:12.320: iteration 25 finished in 105.437825 seconds
2021-12-16 08:49:12.649: epoch 25:	0.00298775  	0.00269861  	0.01417409  	0.02471128  	0.00811690  	0.01129855  	0.00464297  	0.00538838  	0.00910037  	0.01056331  
2021-12-16 08:50:59.476: iteration 26 finished in 106.826571 seconds
2021-12-16 08:50:59.804: epoch 26:	0.00307036  	0.00271238  	0.01457222  	0.02471314  	0.00832183  	0.01139105  	0.00477132  	0.00548103  	0.00927330  	0.01069134  
2021-12-16 08:52:45.544: iteration 27 finished in 105.739882 seconds
2021-12-16 08:52:45.868: epoch 27:	0.00307036  	0.00271926  	0.01461593  	0.02512144  	0.00840447  	0.01154902  	0.00484770  	0.00557676  	0.00942710  	0.01085998  
2021-12-16 08:54:31.576: iteration 28 finished in 105.707649 seconds
2021-12-16 08:54:31.915: epoch 28:	0.00307036  	0.00269861  	0.01486605  	0.02486427  	0.00847699  	0.01150190  	0.00488322  	0.00557968  	0.00943868  	0.01086071  
2021-12-16 08:56:17.591: iteration 29 finished in 105.675076 seconds
2021-12-16 08:56:17.919: epoch 29:	0.00307036  	0.00265730  	0.01503789  	0.02466233  	0.00856459  	0.01148658  	0.00497993  	0.00565333  	0.00936055  	0.01075133  
2021-12-16 08:58:03.052: iteration 30 finished in 105.133811 seconds
2021-12-16 08:58:03.385: epoch 30:	0.00312544  	0.00266419  	0.01542609  	0.02459817  	0.00876637  	0.01156956  	0.00511024  	0.00574836  	0.00961226  	0.01096062  
2021-12-16 08:59:49.665: iteration 31 finished in 106.280768 seconds
2021-12-16 08:59:49.996: epoch 31:	0.00315297  	0.00265730  	0.01552935  	0.02451682  	0.00883880  	0.01159004  	0.00515994  	0.00578681  	0.00970307  	0.01102608  
2021-12-16 09:01:35.686: iteration 32 finished in 105.690110 seconds
2021-12-16 09:01:36.018: epoch 32:	0.00315297  	0.00264354  	0.01552634  	0.02460833  	0.00883996  	0.01160630  	0.00515244  	0.00578734  	0.00974492  	0.01104612  
2021-12-16 09:03:21.756: iteration 33 finished in 105.738822 seconds
2021-12-16 09:03:22.082: epoch 33:	0.00308413  	0.00265042  	0.01537144  	0.02471159  	0.00874555  	0.01161740  	0.00509600  	0.00576252  	0.00966625  	0.01102916  
2021-12-16 09:05:07.779: iteration 34 finished in 105.696982 seconds
2021-12-16 09:05:08.107: epoch 34:	0.00309790  	0.00265730  	0.01547908  	0.02481486  	0.00893105  	0.01180767  	0.00528214  	0.00595196  	0.01003515  	0.01139893  
2021-12-16 09:06:53.372: iteration 35 finished in 105.265038 seconds
2021-12-16 09:06:53.703: epoch 35:	0.00312544  	0.00269172  	0.01567577  	0.02525643  	0.00896471  	0.01188823  	0.00526090  	0.00593426  	0.01002079  	0.01139074  
2021-12-16 09:08:39.017: iteration 36 finished in 105.314477 seconds
2021-12-16 09:08:39.347: epoch 36:	0.00309790  	0.00267107  	0.01549678  	0.02503040  	0.00890707  	0.01182222  	0.00523602  	0.00590990  	0.01000215  	0.01138537  
2021-12-16 09:10:24.794: iteration 37 finished in 105.446564 seconds
2021-12-16 09:10:25.126: epoch 37:	0.00312544  	0.00265042  	0.01568199  	0.02511710  	0.00897402  	0.01184487  	0.00526248  	0.00593274  	0.01005089  	0.01140020  
2021-12-16 09:12:09.950: iteration 38 finished in 104.823865 seconds
2021-12-16 09:12:10.272: epoch 38:	0.00313921  	0.00268484  	0.01548749  	0.02543646  	0.00896781  	0.01197255  	0.00527871  	0.00598648  	0.01012809  	0.01151920  
2021-12-16 09:13:54.748: iteration 39 finished in 104.475521 seconds
2021-12-16 09:13:55.078: epoch 39:	0.00322182  	0.00265042  	0.01603659  	0.02512253  	0.00915402  	0.01191256  	0.00533865  	0.00598164  	0.01028588  	0.01158893  
2021-12-16 09:15:40.689: iteration 40 finished in 105.610999 seconds
2021-12-16 09:15:41.028: epoch 40:	0.00320805  	0.00266419  	0.01596352  	0.02503238  	0.00906680  	0.01184490  	0.00528545  	0.00593297  	0.01007083  	0.01140492  
2021-12-16 09:17:26.281: iteration 41 finished in 105.253317 seconds
2021-12-16 09:17:26.613: epoch 41:	0.00323558  	0.00266419  	0.01630478  	0.02512653  	0.00924492  	0.01194247  	0.00540158  	0.00602019  	0.01029872  	0.01160227  
2021-12-16 09:19:12.009: iteration 42 finished in 105.395486 seconds
2021-12-16 09:19:12.333: epoch 42:	0.00323558  	0.00265730  	0.01627418  	0.02527568  	0.00926333  	0.01199046  	0.00543809  	0.00606768  	0.01033216  	0.01162809  
2021-12-16 09:20:57.822: iteration 43 finished in 105.488782 seconds
2021-12-16 09:20:58.166: epoch 43:	0.00320805  	0.00265042  	0.01620429  	0.02513800  	0.00921232  	0.01194168  	0.00539750  	0.00602600  	0.01031134  	0.01163843  
2021-12-16 09:22:43.667: iteration 44 finished in 105.500936 seconds
2021-12-16 09:22:43.996: epoch 44:	0.00320805  	0.00262977  	0.01607120  	0.02501179  	0.00919945  	0.01190884  	0.00540312  	0.00603002  	0.01034303  	0.01163705  
2021-12-16 09:24:30.244: iteration 45 finished in 106.248077 seconds
2021-12-16 09:24:30.579: epoch 45:	0.00319428  	0.00265042  	0.01602760  	0.02532962  	0.00909162  	0.01188785  	0.00526872  	0.00591143  	0.01025102  	0.01155541  
2021-12-16 09:26:15.612: iteration 46 finished in 105.031457 seconds
2021-12-16 09:26:15.940: epoch 46:	0.00320805  	0.00262977  	0.01622724  	0.02506900  	0.00916395  	0.01183789  	0.00530686  	0.00591686  	0.01030894  	0.01157837  
2021-12-16 09:28:01.151: iteration 47 finished in 105.210997 seconds
2021-12-16 09:28:01.482: epoch 47:	0.00326312  	0.00265042  	0.01627150  	0.02543157  	0.00916926  	0.01187917  	0.00528266  	0.00589970  	0.01023419  	0.01148456  
2021-12-16 09:29:46.884: iteration 48 finished in 105.402556 seconds
2021-12-16 09:29:47.224: epoch 48:	0.00329066  	0.00263665  	0.01627379  	0.02514637  	0.00920406  	0.01182542  	0.00530964  	0.00590508  	0.01028200  	0.01148517  
2021-12-16 09:31:32.727: iteration 49 finished in 105.502068 seconds
2021-12-16 09:31:33.066: epoch 49:	0.00329066  	0.00264353  	0.01651244  	0.02517531  	0.00929323  	0.01186070  	0.00537824  	0.00594865  	0.01030358  	0.01149933  
2021-12-16 09:33:18.355: iteration 50 finished in 105.288817 seconds
2021-12-16 09:33:18.667: epoch 50:	0.00327689  	0.00265042  	0.01631471  	0.02538490  	0.00923795  	0.01190070  	0.00535251  	0.00594545  	0.01034603  	0.01157309  
