2021-12-14 18:47:48.813: Dataset name: u3
The number of users: 6298
The number of items: 6298
The number of ratings: 20775
Average actions of users: 3.30
Average actions of items: 3.30
The sparsity of the dataset: 99.947624%
2021-12-14 18:47:48.814: 

NeuRec hyperparameters:
recommender=WRMF
config_dir=./conf
gpu_id=0
gpu_mem=0.5
data.input.path=D:\hsyoo\Workingon_210628/_Data/p2p-Gnutella08/noniid-in-barrier/u3/
data.input.dataset=u3
data.output.path=D:\hsyoo\Workingon_210628/_Emb/p2p-Gnutella08/noniid-in-barrier/wrmf/u3_wrmf_directed_dim16_uniform_send.emb
data.column.format=UI
data.convert.separator='\t'
user_min=0
item_min=0
splitter=given
ratio=0.8
by_time=False
metric=["Precision", "Recall", "NDCG", "MAP", "MRR"]
topk=[10, 20]
group_view=None
rec.evaluate.neg=0
test_batch_size=128
num_thread=8
data.index.remap=False

WRMF's hyperparameters:
epochs=50
embedding_size=16
reg_mf=0.1
alpha=10
init_method=uniform
stddev=0.01
verbose=1
weight=uniform

2021-12-14 18:49:31.978: metrics:	Precision@10	Precision@20	Recall@10   	Recall@20   	NDCG@10     	NDCG@20     	MAP@10      	MAP@20      	MRR@10      	MRR@20      
2021-12-14 18:49:37.883: iteration 1 finished in 5.905263 seconds
2021-12-14 18:49:37.940: epoch 1:	0.00127241  	0.00106998  	0.00954309  	0.01614613  	0.00455914  	0.00632804  	0.00268046  	0.00315141  	0.00363799  	0.00419140  
2021-12-14 18:49:42.339: iteration 2 finished in 4.399235 seconds
2021-12-14 18:49:42.376: epoch 2:	0.00213996  	0.00176402  	0.01624253  	0.02644661  	0.00792883  	0.01066262  	0.00477430  	0.00548033  	0.00652226  	0.00738915  
2021-12-14 18:49:46.772: iteration 3 finished in 4.394248 seconds
2021-12-14 18:49:46.808: epoch 3:	0.00248699  	0.00193754  	0.01854224  	0.02962764  	0.00956460  	0.01247314  	0.00607853  	0.00683109  	0.00801317  	0.00889814  
2021-12-14 18:49:51.380: iteration 4 finished in 4.570777 seconds
2021-12-14 18:49:51.419: epoch 4:	0.00271833  	0.00231347  	0.02042193  	0.03314605  	0.01066677  	0.01415626  	0.00684116  	0.00769995  	0.00917174  	0.01042803  
2021-12-14 18:49:55.817: iteration 5 finished in 4.397239 seconds
2021-12-14 18:49:55.856: epoch 5:	0.00289184  	0.00240023  	0.02075932  	0.03377262  	0.01028255  	0.01385896  	0.00609646  	0.00699786  	0.00867026  	0.00995092  
2021-12-14 18:50:00.425: iteration 6 finished in 4.567784 seconds
2021-12-14 18:50:00.463: epoch 6:	0.00277617  	0.00245807  	0.01989176  	0.03411000  	0.01003009  	0.01398199  	0.00602697  	0.00702221  	0.00868150  	0.01014309  
2021-12-14 18:50:04.861: iteration 7 finished in 4.397240 seconds
2021-12-14 18:50:04.898: epoch 7:	0.00283401  	0.00254482  	0.02018095  	0.03453551  	0.01028237  	0.01433593  	0.00622194  	0.00725150  	0.00896380  	0.01048672  
2021-12-14 18:50:09.445: iteration 8 finished in 4.546841 seconds
2021-12-14 18:50:09.486: epoch 8:	0.00289184  	0.00251590  	0.02010383  	0.03400534  	0.01027178  	0.01418680  	0.00618419  	0.00718373  	0.00910105  	0.01052918  
2021-12-14 18:50:14.090: iteration 9 finished in 4.604199 seconds
2021-12-14 18:50:14.121: epoch 9:	0.00289184  	0.00245807  	0.01995924  	0.03357156  	0.01009378  	0.01390836  	0.00598532  	0.00697210  	0.00897413  	0.01034317  
2021-12-14 18:50:18.755: iteration 10 finished in 4.634110 seconds
2021-12-14 18:50:18.802: epoch 10:	0.00300752  	0.00248699  	0.02029662  	0.03376435  	0.01030893  	0.01403809  	0.00607551  	0.00703320  	0.00939322  	0.01068344  
2021-12-14 18:50:23.465: iteration 11 finished in 4.662739 seconds
2021-12-14 18:50:23.505: epoch 11:	0.00318103  	0.00248699  	0.02076482  	0.03376435  	0.01065240  	0.01419342  	0.00625445  	0.00718311  	0.00982539  	0.01099171  
2021-12-14 18:50:28.002: iteration 12 finished in 4.496994 seconds
2021-12-14 18:50:28.040: epoch 12:	0.00318103  	0.00251590  	0.02076482  	0.03443912  	0.01084787  	0.01453739  	0.00646695  	0.00742842  	0.01021579  	0.01140835  
2021-12-14 18:50:32.589: iteration 13 finished in 4.548854 seconds
2021-12-14 18:50:32.627: epoch 13:	0.00318103  	0.00251590  	0.02086122  	0.03443912  	0.01090015  	0.01455496  	0.00646373  	0.00740820  	0.01060435  	0.01178439  
2021-12-14 18:50:37.039: iteration 14 finished in 4.411201 seconds
2021-12-14 18:50:37.074: epoch 14:	0.00335454  	0.00254482  	0.02192156  	0.03468010  	0.01145964  	0.01486212  	0.00686136  	0.00773122  	0.01098304  	0.01204543  
2021-12-14 18:50:41.669: iteration 15 finished in 4.595710 seconds
2021-12-14 18:50:41.709: epoch 15:	0.00312319  	0.00257374  	0.02077859  	0.03487289  	0.01113525  	0.01500922  	0.00679312  	0.00780723  	0.01105924  	0.01233537  
2021-12-14 18:50:46.201: iteration 16 finished in 4.490990 seconds
2021-12-14 18:50:46.241: epoch 16:	0.00329670  	0.00257374  	0.02172877  	0.03469938  	0.01152620  	0.01507432  	0.00697403  	0.00789730  	0.01136610  	0.01255688  
2021-12-14 18:50:50.628: iteration 17 finished in 4.387336 seconds
2021-12-14 18:50:50.660: epoch 17:	0.00335454  	0.00257374  	0.02143959  	0.03469938  	0.01154386  	0.01514150  	0.00698874  	0.00794605  	0.01156669  	0.01272874  
2021-12-14 18:50:55.236: iteration 18 finished in 4.575833 seconds
2021-12-14 18:50:55.267: epoch 18:	0.00335454  	0.00257374  	0.02143959  	0.03469938  	0.01121528  	0.01482813  	0.00656598  	0.00753430  	0.01103239  	0.01221033  
2021-12-14 18:50:59.660: iteration 19 finished in 4.393094 seconds
2021-12-14 18:50:59.691: epoch 19:	0.00341238  	0.00254482  	0.02201796  	0.03450659  	0.01141289  	0.01480837  	0.00666329  	0.00757203  	0.01111088  	0.01222047  
2021-12-14 18:51:04.192: iteration 20 finished in 4.501038 seconds
2021-12-14 18:51:04.223: epoch 20:	0.00335454  	0.00254482  	0.02182517  	0.03450659  	0.01144202  	0.01492311  	0.00672006  	0.00766998  	0.01147076  	0.01259563  
2021-12-14 18:51:08.771: iteration 21 finished in 4.547628 seconds
2021-12-14 18:51:08.802: epoch 21:	0.00335454  	0.00257374  	0.02171500  	0.03469938  	0.01150787  	0.01508623  	0.00680731  	0.00777859  	0.01175856  	0.01291898  
2021-12-14 18:51:13.180: iteration 22 finished in 4.378066 seconds
2021-12-14 18:51:13.227: epoch 22:	0.00329670  	0.00260266  	0.02163238  	0.03489217  	0.01130218  	0.01499337  	0.00661991  	0.00762038  	0.01142761  	0.01262535  
2021-12-14 18:51:17.605: iteration 23 finished in 4.377732 seconds
2021-12-14 18:51:17.636: epoch 23:	0.00329670  	0.00263158  	0.02163238  	0.03498857  	0.01125407  	0.01498383  	0.00654737  	0.00755058  	0.01137597  	0.01260332  
2021-12-14 18:51:22.043: iteration 24 finished in 4.406462 seconds
2021-12-14 18:51:22.081: epoch 24:	0.00335454  	0.00268942  	0.02192156  	0.03542234  	0.01147956  	0.01525622  	0.00668349  	0.00769187  	0.01182352  	0.01307203  
2021-12-14 18:51:26.477: iteration 25 finished in 4.395246 seconds
2021-12-14 18:51:26.514: epoch 25:	0.00335454  	0.00271833  	0.02201796  	0.03571153  	0.01151303  	0.01534289  	0.00672193  	0.00773220  	0.01175122  	0.01302607  
2021-12-14 18:51:30.903: iteration 26 finished in 4.389261 seconds
2021-12-14 18:51:30.938: epoch 26:	0.00329670  	0.00274725  	0.02143959  	0.03585612  	0.01135549  	0.01540315  	0.00666938  	0.00774197  	0.01172804  	0.01309517  
2021-12-14 18:51:35.507: iteration 27 finished in 4.568780 seconds
2021-12-14 18:51:35.546: epoch 27:	0.00329670  	0.00274725  	0.02143959  	0.03585612  	0.01109630  	0.01514224  	0.00641938  	0.00748990  	0.01098832  	0.01235420  
2021-12-14 18:51:40.032: iteration 28 finished in 4.486003 seconds
2021-12-14 18:51:40.073: epoch 28:	0.00329670  	0.00274725  	0.02143959  	0.03585612  	0.01115361  	0.01521463  	0.00648427  	0.00756443  	0.01109918  	0.01248390  
2021-12-14 18:51:44.619: iteration 29 finished in 4.545842 seconds
2021-12-14 18:51:44.657: epoch 29:	0.00329670  	0.00277617  	0.02143959  	0.03597179  	0.01116471  	0.01526949  	0.00649803  	0.00758259  	0.01113292  	0.01254806  
2021-12-14 18:51:49.054: iteration 30 finished in 4.397240 seconds
2021-12-14 18:51:49.091: epoch 30:	0.00329670  	0.00277617  	0.02143959  	0.03597179  	0.01114891  	0.01525973  	0.00648277  	0.00757057  	0.01110560  	0.01253096  
2021-12-14 18:51:53.575: iteration 31 finished in 4.484009 seconds
2021-12-14 18:51:53.612: epoch 31:	0.00323886  	0.00271833  	0.02086122  	0.03556694  	0.01104499  	0.01520762  	0.00648713  	0.00761720  	0.01120338  	0.01265116  
2021-12-14 18:51:58.156: iteration 32 finished in 4.542852 seconds
2021-12-14 18:51:58.194: epoch 32:	0.00323886  	0.00271833  	0.02086122  	0.03556694  	0.01113713  	0.01529968  	0.00657769  	0.00770748  	0.01146295  	0.01291337  
2021-12-14 18:52:02.786: iteration 33 finished in 4.590722 seconds
2021-12-14 18:52:02.825: epoch 33:	0.00329670  	0.00280509  	0.02115040  	0.03655016  	0.01122893  	0.01555950  	0.00659695  	0.00775844  	0.01150885  	0.01300015  
2021-12-14 18:52:07.326: iteration 34 finished in 4.501960 seconds
2021-12-14 18:52:07.364: epoch 34:	0.00329670  	0.00277617  	0.02115040  	0.03643449  	0.01127828  	0.01554922  	0.00663242  	0.00777699  	0.01172666  	0.01317235  
2021-12-14 18:52:11.869: iteration 35 finished in 4.504290 seconds
2021-12-14 18:52:11.908: epoch 35:	0.00329670  	0.00274725  	0.02115040  	0.03585612  	0.01123578  	0.01537271  	0.00658067  	0.00769476  	0.01166446  	0.01307752  
2021-12-14 18:52:16.447: iteration 36 finished in 4.538606 seconds
2021-12-14 18:52:16.478: epoch 36:	0.00323886  	0.00283401  	0.02057204  	0.03712853  	0.01103109  	0.01563685  	0.00648072  	0.00771094  	0.01156486  	0.01311556  
2021-12-14 18:52:20.872: iteration 37 finished in 4.394322 seconds
2021-12-14 18:52:20.919: epoch 37:	0.00329670  	0.00280509  	0.02086122  	0.03701286  	0.01118235  	0.01564526  	0.00658021  	0.00777862  	0.01167479  	0.01314604  
2021-12-14 18:52:25.383: iteration 38 finished in 4.463891 seconds
2021-12-14 18:52:25.428: epoch 38:	0.00335454  	0.00277617  	0.02105401  	0.03693023  	0.01123914  	0.01559026  	0.00657742  	0.00775072  	0.01169958  	0.01311435  
2021-12-14 18:52:29.898: iteration 39 finished in 4.470045 seconds
2021-12-14 18:52:29.937: epoch 39:	0.00329670  	0.00277617  	0.02097139  	0.03693023  	0.01120307  	0.01560068  	0.00657776  	0.00776009  	0.01165895  	0.01312782  
2021-12-14 18:52:34.364: iteration 40 finished in 4.426184 seconds
2021-12-14 18:52:34.403: epoch 40:	0.00323886  	0.00280509  	0.02068220  	0.03704591  	0.01108079  	0.01561181  	0.00653323  	0.00774019  	0.01156348  	0.01310090  
2021-12-14 18:52:38.797: iteration 41 finished in 4.394249 seconds
2021-12-14 18:52:38.834: epoch 41:	0.00323886  	0.00283401  	0.02068220  	0.03716158  	0.01107567  	0.01564883  	0.00652922  	0.00774041  	0.01155544  	0.01311818  
2021-12-14 18:52:43.231: iteration 42 finished in 4.397239 seconds
2021-12-14 18:52:43.268: epoch 42:	0.00323886  	0.00283401  	0.02068220  	0.03716158  	0.01108047  	0.01565366  	0.00653190  	0.00774250  	0.01156348  	0.01312827  
2021-12-14 18:52:47.672: iteration 43 finished in 4.404222 seconds
2021-12-14 18:52:47.708: epoch 43:	0.00323886  	0.00277617  	0.02068220  	0.03646754  	0.01109126  	0.01548188  	0.00655594  	0.00772793  	0.01155131  	0.01304685  
2021-12-14 18:52:52.256: iteration 44 finished in 4.547838 seconds
2021-12-14 18:52:52.295: epoch 44:	0.00318103  	0.00274725  	0.02053761  	0.03627475  	0.01096531  	0.01536054  	0.00647951  	0.00765773  	0.01135921  	0.01288377  
2021-12-14 18:52:56.834: iteration 45 finished in 4.538868 seconds
2021-12-14 18:52:56.872: epoch 45:	0.00318103  	0.00274725  	0.02053761  	0.03627475  	0.01092784  	0.01531308  	0.00642804  	0.00759881  	0.01133029  	0.01284149  
2021-12-14 18:53:01.306: iteration 46 finished in 4.434120 seconds
2021-12-14 18:53:01.344: epoch 46:	0.00318103  	0.00274725  	0.02053761  	0.03627475  	0.01092359  	0.01530805  	0.00642483  	0.00759484  	0.01132387  	0.01283602  
2021-12-14 18:53:05.984: iteration 47 finished in 4.639592 seconds
2021-12-14 18:53:06.026: epoch 47:	0.00312319  	0.00274725  	0.02024842  	0.03598557  	0.01086186  	0.01529874  	0.00642988  	0.00761474  	0.01138515  	0.01295292  
2021-12-14 18:53:10.572: iteration 48 finished in 4.546094 seconds
2021-12-14 18:53:10.604: epoch 48:	0.00312319  	0.00274725  	0.02024842  	0.03598557  	0.01086186  	0.01529577  	0.00642988  	0.00761253  	0.01138515  	0.01294904  
2021-12-14 18:53:15.011: iteration 49 finished in 4.407492 seconds
2021-12-14 18:53:15.042: epoch 49:	0.00312319  	0.00274725  	0.02024842  	0.03598557  	0.01078359  	0.01521311  	0.00633209  	0.00751184  	0.01128072  	0.01283757  
2021-12-14 18:53:19.519: iteration 50 finished in 4.476293 seconds
2021-12-14 18:53:19.550: epoch 50:	0.00312319  	0.00271833  	0.02024842  	0.03584097  	0.01078933  	0.01516623  	0.00633737  	0.00750959  	0.01130734  	0.01283028  
