2021-12-14 23:01:35.908: Dataset name: u3
The number of users: 6116
The number of items: 6116
The number of ratings: 50531
Average actions of users: 8.26
Average actions of items: 8.26
The sparsity of the dataset: 99.864910%
2021-12-14 23:01:35.908: 

NeuRec hyperparameters:
recommender=WRMF
config_dir=./conf
gpu_id=0
gpu_mem=0.5
data.input.path=D:\hsyoo\Workingon_210628/_Data/jung/noniid-out-barrier/u3/
data.input.dataset=u3
data.output.path=D:\hsyoo\Workingon_210628/_Emb/jung/noniid-out-barrier/wrmf/u3_wrmf_directed_dim16_uniform_send.emb
data.column.format=UI
data.convert.separator='\t'
user_min=0
item_min=0
splitter=given
ratio=0.8
by_time=False
metric=["Precision", "Recall", "NDCG", "MAP", "MRR"]
topk=[10, 20]
group_view=None
rec.evaluate.neg=0
test_batch_size=128
num_thread=8
data.index.remap=False

WRMF's hyperparameters:
epochs=50
embedding_size=16
reg_mf=0.1
alpha=10
init_method=uniform
stddev=0.01
verbose=1
weight=uniform

2021-12-14 23:03:12.581: metrics:	Precision@10	Precision@20	Recall@10   	Recall@20   	NDCG@10     	NDCG@20     	MAP@10      	MAP@20      	MRR@10      	MRR@20      
2021-12-14 23:03:18.027: iteration 1 finished in 5.445742 seconds
2021-12-14 23:03:18.176: epoch 1:	0.10356109  	0.05799407  	0.54850787  	0.61080343  	0.46684501  	0.48587939  	0.39267585  	0.39949530  	0.52387249  	0.52737099  
2021-12-14 23:03:22.506: iteration 2 finished in 4.329978 seconds
2021-12-14 23:03:22.614: epoch 2:	0.13160869  	0.07084461  	0.69056308  	0.74310857  	0.65519089  	0.67104858  	0.59447587  	0.60033458  	0.74001330  	0.74251813  
2021-12-14 23:03:26.940: iteration 3 finished in 4.325432 seconds
2021-12-14 23:03:27.047: epoch 3:	0.13232057  	0.07165253  	0.69615316  	0.75135678  	0.65421116  	0.67097038  	0.59105903  	0.59731698  	0.73622698  	0.73886555  
2021-12-14 23:03:31.371: iteration 4 finished in 4.324436 seconds
2021-12-14 23:03:31.475: epoch 4:	0.13062751  	0.07113307  	0.68695712  	0.74511373  	0.63379830  	0.65164411  	0.56525970  	0.57210588  	0.71464223  	0.71740466  
2021-12-14 23:03:35.798: iteration 5 finished in 4.323438 seconds
2021-12-14 23:03:35.905: epoch 5:	0.12358655  	0.06960361  	0.65372628  	0.72912449  	0.59199303  	0.61507487  	0.51546240  	0.52416474  	0.68377507  	0.68697619  
2021-12-14 23:03:40.226: iteration 6 finished in 4.320446 seconds
2021-12-14 23:03:40.335: epoch 6:	0.11614171  	0.06641975  	0.61465359  	0.69895864  	0.54939270  	0.57451248  	0.47110671  	0.48000908  	0.64328283  	0.64704734  
2021-12-14 23:03:44.661: iteration 7 finished in 4.325433 seconds
2021-12-14 23:03:44.767: epoch 7:	0.11215965  	0.06290893  	0.59168959  	0.66304749  	0.51496476  	0.53650379  	0.43408498  	0.44181567  	0.60124028  	0.60531247  
2021-12-14 23:03:49.103: iteration 8 finished in 4.335406 seconds
2021-12-14 23:03:49.210: epoch 8:	0.10800447  	0.06356304  	0.56813872  	0.66376221  	0.47066662  	0.50026953  	0.38550514  	0.39667806  	0.53973740  	0.54444069  
2021-12-14 23:03:53.527: iteration 9 finished in 4.316456 seconds
2021-12-14 23:03:53.634: epoch 9:	0.10665809  	0.06375542  	0.55356860  	0.66017079  	0.44122800  	0.47345513  	0.35493046  	0.36639246  	0.49144152  	0.49727467  
2021-12-14 23:03:57.976: iteration 10 finished in 4.341390 seconds
2021-12-14 23:03:58.085: epoch 10:	0.10071408  	0.06272629  	0.52169102  	0.64695430  	0.39691901  	0.43495136  	0.31343314  	0.32653505  	0.42475656  	0.43259910  
2021-12-14 23:04:02.408: iteration 11 finished in 4.323438 seconds
2021-12-14 23:04:02.514: epoch 11:	0.09586632  	0.06061016  	0.49657574  	0.62557715  	0.38323897  	0.42301774  	0.30261335  	0.31679767  	0.42566955  	0.43390661  
2021-12-14 23:04:06.978: iteration 12 finished in 4.464062 seconds
2021-12-14 23:04:07.096: epoch 12:	0.09198013  	0.06028314  	0.47090364  	0.62018400  	0.37180176  	0.41685161  	0.29487756  	0.31074142  	0.42206889  	0.43033308  
2021-12-14 23:04:11.676: iteration 13 finished in 4.579022 seconds
2021-12-14 23:04:11.785: epoch 13:	0.09107591  	0.05838825  	0.46523467  	0.60190582  	0.36188719  	0.40252778  	0.28446332  	0.29822251  	0.40725708  	0.41531605  
2021-12-14 23:04:16.229: iteration 14 finished in 4.444015 seconds
2021-12-14 23:04:16.338: epoch 14:	0.09057571  	0.05821510  	0.46242282  	0.59998524  	0.35964900  	0.40049663  	0.28261486  	0.29653472  	0.40495133  	0.41282272  
2021-12-14 23:04:20.683: iteration 15 finished in 4.345018 seconds
2021-12-14 23:04:20.793: epoch 15:	0.09011397  	0.05811892  	0.46019751  	0.59796065  	0.35584909  	0.39702427  	0.27890337  	0.29314500  	0.39938599  	0.40719181  
2021-12-14 23:04:25.148: iteration 16 finished in 4.354989 seconds
2021-12-14 23:04:25.259: epoch 16:	0.09005624  	0.05800348  	0.45991224  	0.59597266  	0.35258746  	0.39357904  	0.27484155  	0.28929019  	0.39503211  	0.40274027  
2021-12-14 23:04:29.589: iteration 17 finished in 4.329422 seconds
2021-12-14 23:04:29.700: epoch 17:	0.08718959  	0.05789769  	0.44796208  	0.59487289  	0.34525368  	0.39039519  	0.27014783  	0.28592834  	0.38825807  	0.39812163  
2021-12-14 23:04:34.039: iteration 18 finished in 4.338398 seconds
2021-12-14 23:04:34.151: epoch 18:	0.09067173  	0.05783997  	0.46298727  	0.59418362  	0.35007107  	0.38968372  	0.27231446  	0.28534222  	0.38715237  	0.39685538  
2021-12-14 23:04:38.483: iteration 19 finished in 4.332414 seconds
2021-12-14 23:04:38.591: epoch 19:	0.09071022  	0.05777265  	0.46391389  	0.59359038  	0.35092965  	0.38999584  	0.27302071  	0.28582495  	0.38731197  	0.39672258  
2021-12-14 23:04:42.932: iteration 20 finished in 4.341390 seconds
2021-12-14 23:04:43.038: epoch 20:	0.09063327  	0.05778227  	0.46295840  	0.59376675  	0.35032013  	0.38964093  	0.27293369  	0.28579628  	0.38564953  	0.39507541  
2021-12-14 23:04:47.370: iteration 21 finished in 4.331417 seconds
2021-12-14 23:04:47.478: epoch 21:	0.09055631  	0.05769571  	0.46228501  	0.59341866  	0.34997812  	0.38936168  	0.27272207  	0.28559950  	0.38528898  	0.39478818  
2021-12-14 23:04:51.817: iteration 22 finished in 4.338398 seconds
2021-12-14 23:04:51.923: epoch 22:	0.09061403  	0.05771494  	0.46291026  	0.59330642  	0.34937972  	0.38848406  	0.27199644  	0.28476298  	0.38417670  	0.39348158  
2021-12-14 23:04:56.242: iteration 23 finished in 4.319448 seconds
2021-12-14 23:04:56.348: epoch 23:	0.09080641  	0.05771495  	0.46395239  	0.59340268  	0.33908081  	0.37785482  	0.26091805  	0.27357209  	0.35942906  	0.36860362  
2021-12-14 23:05:00.700: iteration 24 finished in 4.351363 seconds
2021-12-14 23:05:00.809: epoch 24:	0.09063326  	0.05766686  	0.46274999  	0.59266520  	0.33836859  	0.37746680  	0.26044199  	0.27325773  	0.35858411  	0.36799952  
2021-12-14 23:05:05.128: iteration 25 finished in 4.318451 seconds
2021-12-14 23:05:05.234: epoch 25:	0.09071022  	0.05761876  	0.46292636  	0.59223235  	0.33858833  	0.37760258  	0.26066431  	0.27350336  	0.35871947  	0.36820483  
2021-12-14 23:05:09.581: iteration 26 finished in 4.345379 seconds
2021-12-14 23:05:09.686: epoch 26:	0.09067175  	0.05760914  	0.46284619  	0.59219384  	0.33853072  	0.37755907  	0.26063785  	0.27345765  	0.35877851  	0.36827326  
2021-12-14 23:05:14.017: iteration 27 finished in 4.330731 seconds
2021-12-14 23:05:14.127: epoch 27:	0.09061404  	0.05760914  	0.46252558  	0.59251767  	0.33698988  	0.37619668  	0.25920969  	0.27212125  	0.35583270  	0.36534053  
2021-12-14 23:05:18.440: iteration 28 finished in 4.313862 seconds
2021-12-14 23:05:18.550: epoch 28:	0.09053707  	0.05770532  	0.46213439  	0.59391248  	0.33677751  	0.37630996  	0.25908631  	0.27202585  	0.35559544  	0.36505720  
2021-12-14 23:05:22.885: iteration 29 finished in 4.334923 seconds
2021-12-14 23:05:22.993: epoch 29:	0.09055632  	0.05768609  	0.46229470  	0.59376812  	0.33684534  	0.37628257  	0.25911313  	0.27202889  	0.35567155  	0.36510080  
2021-12-14 23:05:27.315: iteration 30 finished in 4.321443 seconds
2021-12-14 23:05:27.420: epoch 30:	0.09057555  	0.05792654  	0.46242291  	0.59830517  	0.33680525  	0.37720227  	0.25904953  	0.27213806  	0.35553041  	0.36514008  
2021-12-14 23:05:31.725: iteration 31 finished in 4.305485 seconds
2021-12-14 23:05:31.830: epoch 31:	0.09080642  	0.05790730  	0.46359321  	0.59814489  	0.33732003  	0.37727991  	0.25939903  	0.27229777  	0.35566255  	0.36521259  
2021-12-14 23:05:36.152: iteration 32 finished in 4.322440 seconds
2021-12-14 23:05:36.260: epoch 32:	0.09084489  	0.05787845  	0.46378565  	0.59806466  	0.33723298  	0.37706777  	0.25927088  	0.27211219  	0.35533887  	0.36483157  
2021-12-14 23:05:40.580: iteration 33 finished in 4.320446 seconds
2021-12-14 23:05:40.685: epoch 33:	0.09092185  	0.05791692  	0.46445897  	0.59881812  	0.33714628  	0.37682611  	0.25906593  	0.27176762  	0.35467425  	0.36404857  
2021-12-14 23:05:45.009: iteration 34 finished in 4.323437 seconds
2021-12-14 23:05:45.117: epoch 34:	0.09084489  	0.05788807  	0.46402609  	0.59852952  	0.33697194  	0.37671494  	0.25891232  	0.27165508  	0.35484427  	0.36422294  
2021-12-14 23:05:49.430: iteration 35 finished in 4.312467 seconds
2021-12-14 23:05:49.535: epoch 35:	0.09086414  	0.05760914  	0.46445894  	0.59368801  	0.33712038  	0.37576479  	0.25898245  	0.27156207  	0.35490620  	0.36412665  
2021-12-14 23:05:53.854: iteration 36 finished in 4.318452 seconds
2021-12-14 23:05:53.958: epoch 36:	0.09071025  	0.05766686  	0.46381131  	0.59423310  	0.33644465  	0.37546751  	0.25840759  	0.27116391  	0.35438836  	0.36365223  
2021-12-14 23:05:58.278: iteration 37 finished in 4.319448 seconds
2021-12-14 23:05:58.385: epoch 37:	0.09074873  	0.05762838  	0.46409982  	0.59384835  	0.33592370  	0.37474304  	0.25781259  	0.27050850  	0.35355949  	0.36274141  
2021-12-14 23:06:02.727: iteration 38 finished in 4.342387 seconds
2021-12-14 23:06:02.832: epoch 38:	0.09061405  	0.05631063  	0.46310583  	0.58310068  	0.33554918  	0.37146389  	0.25764140  	0.26983321  	0.35330573  	0.36147350  
2021-12-14 23:06:07.160: iteration 39 finished in 4.327427 seconds
2021-12-14 23:06:07.266: epoch 39:	0.09061405  	0.05632024  	0.46310583  	0.58324498  	0.33561909  	0.37157479  	0.25773966  	0.26993635  	0.35340744  	0.36160856  
2021-12-14 23:06:11.564: iteration 40 finished in 4.297837 seconds
2021-12-14 23:06:11.673: epoch 40:	0.09067177  	0.05646452  	0.46385944  	0.58659559  	0.33467060  	0.37116084  	0.25670162  	0.26897517  	0.35118192  	0.35949966  
2021-12-14 23:06:15.989: iteration 41 finished in 4.315859 seconds
2021-12-14 23:06:16.086: epoch 41:	0.09065253  	0.05649338  	0.46347466  	0.58691627  	0.33455104  	0.37137720  	0.25666907  	0.26912278  	0.35101435  	0.35953048  
2021-12-14 23:06:20.395: iteration 42 finished in 4.308470 seconds
2021-12-14 23:06:20.504: epoch 42:	0.09065253  	0.05650300  	0.46347466  	0.58738118  	0.33461240  	0.37152305  	0.25674748  	0.26922181  	0.35112855  	0.35962996  
2021-12-14 23:06:24.839: iteration 43 finished in 4.335035 seconds
2021-12-14 23:06:24.946: epoch 43:	0.09067177  	0.05651262  	0.46357086  	0.58731705  	0.33466136  	0.37153202  	0.25675842  	0.26920947  	0.35129601  	0.35979035  
2021-12-14 23:06:29.264: iteration 44 finished in 4.318451 seconds
2021-12-14 23:06:29.372: epoch 44:	0.09055633  	0.05658956  	0.46312189  	0.58798081  	0.33449346  	0.37172848  	0.25666219  	0.26923177  	0.35134330  	0.35992956  
2021-12-14 23:06:33.690: iteration 45 finished in 4.318451 seconds
2021-12-14 23:06:33.797: epoch 45:	0.09055633  	0.05658957  	0.46330795  	0.58801287  	0.33451602  	0.37171343  	0.25664544  	0.26919699  	0.35133505  	0.35991758  
2021-12-14 23:06:38.101: iteration 46 finished in 4.303491 seconds
2021-12-14 23:06:38.206: epoch 46:	0.09053710  	0.05661842  	0.46334001  	0.58833349  	0.33363742  	0.37092844  	0.25572860  	0.26830211  	0.34977543  	0.35838410  
2021-12-14 23:06:42.523: iteration 47 finished in 4.316457 seconds
2021-12-14 23:06:42.628: epoch 47:	0.09051786  	0.05658957  	0.46327591  	0.58788455  	0.33358985  	0.37078884  	0.25571421  	0.26825401  	0.34965053  	0.35826305  
2021-12-14 23:06:46.937: iteration 48 finished in 4.308478 seconds
2021-12-14 23:06:47.045: epoch 48:	0.09046014  	0.05659918  	0.46282694  	0.58817321  	0.33342788  	0.37080735  	0.25559679  	0.26819840  	0.34968212  	0.35830644  
2021-12-14 23:06:51.365: iteration 49 finished in 4.320446 seconds
2021-12-14 23:06:51.473: epoch 49:	0.09042166  	0.05656071  	0.46247420  	0.58759606  	0.33297372  	0.37030795  	0.25494048  	0.26753804  	0.34989744  	0.35852244  
2021-12-14 23:06:55.791: iteration 50 finished in 4.317454 seconds
2021-12-14 23:06:55.895: epoch 50:	0.09042166  	0.05657033  	0.46234599  	0.58791667  	0.33308196  	0.37050188  	0.25514174  	0.26774180  	0.34999076  	0.35865104  
