2021-02-02 06:09:04.717: Dataset name: u3
The number of users: 22459
The number of items: 22459
The number of ratings: 311373
Average actions of users: 13.86
Average actions of items: 13.86
The sparsity of the dataset: 99.938269%
2021-02-02 06:09:04.718: 

NeuRec hyperparameters:
recommender=WRMF
config_dir=./conf
gpu_id=0
gpu_mem=0.5
data.input.path=C:\Users\HyunsikYoo\Desktop\VNE_directed_networks/_Data/eat/5-fold/u3/
data.input.dataset=u3
data.output.path=C:\Users\HyunsikYoo\Desktop\VNE_directed_networks/_Emb/eat/5-fold/wrmf/u3_wrmf_directed_dim16.emb
data.column.format=UI
data.convert.separator='\t'
user_min=0
item_min=0
splitter=given
ratio=0.8
by_time=False
metric=["Precision", "Recall", "NDCG", "MAP", "MRR"]
topk=[10, 20]
group_view=None
rec.evaluate.neg=0
test_batch_size=128
num_thread=8
data.index.remap=False

WRMF's hyperparameters:
epochs=50
embedding_size=16
reg_mf=0.1
alpha=10
init_method=uniform
stddev=0.01
verbose=1
weight=uniform

2021-02-02 06:30:30.494: metrics:	Precision@10	Precision@20	Recall@10   	Recall@20   	NDCG@10     	NDCG@20     	MAP@10      	MAP@20      	MRR@10      	MRR@20      
2021-02-02 06:31:53.489: iteration 1 finished in 82.994256 seconds
2021-02-02 06:31:53.900: epoch 1:	0.01132755  	0.00988431  	0.01491179  	0.02610365  	0.01472882  	0.02003797  	0.00535206  	0.00613115  	0.03836526  	0.04324476  
2021-02-02 06:33:17.264: iteration 2 finished in 83.363968 seconds
2021-02-02 06:33:17.660: epoch 2:	0.02490896  	0.02035980  	0.03331812  	0.05419510  	0.03365885  	0.04345166  	0.01308417  	0.01464616  	0.08595857  	0.09373371  
2021-02-02 06:34:41.360: iteration 3 finished in 83.698493 seconds
2021-02-02 06:34:41.767: epoch 3:	0.03696795  	0.02955625  	0.04956895  	0.07917757  	0.05069993  	0.06453049  	0.02042579  	0.02303099  	0.12700474  	0.13587986  
2021-02-02 06:36:05.856: iteration 4 finished in 84.089252 seconds
2021-02-02 06:36:06.200: epoch 4:	0.04414242  	0.03469598  	0.05939647  	0.09322172  	0.06050812  	0.07628207  	0.02474175  	0.02788218  	0.14850500  	0.15778823  
2021-02-02 06:37:33.218: iteration 5 finished in 87.018530 seconds
2021-02-02 06:37:33.557: epoch 5:	0.04833258  	0.03725965  	0.06499847  	0.10023759  	0.06628587  	0.08264773  	0.02746545  	0.03076220  	0.16085029  	0.17023587  
2021-02-02 06:38:55.819: iteration 6 finished in 82.262357 seconds
2021-02-02 06:38:56.161: epoch 6:	0.05031804  	0.03892210  	0.06769045  	0.10489958  	0.06898568  	0.08624857  	0.02860026  	0.03213500  	0.16670693  	0.17636299  
2021-02-02 06:40:19.631: iteration 7 finished in 83.470284 seconds
2021-02-02 06:40:19.969: epoch 7:	0.05157268  	0.04009738  	0.06937835  	0.10819014  	0.07096230  	0.08896901  	0.02958472  	0.03329943  	0.17173095  	0.18174590  
2021-02-02 06:41:43.054: iteration 8 finished in 83.081869 seconds
2021-02-02 06:41:43.401: epoch 8:	0.05247405  	0.04074285  	0.07050749  	0.10983149  	0.07214431  	0.09038410  	0.03014425  	0.03389602  	0.17411101  	0.18442328  
2021-02-02 06:43:06.052: iteration 9 finished in 82.650597 seconds
2021-02-02 06:43:06.397: epoch 9:	0.05283949  	0.04096815  	0.07111412  	0.11058896  	0.07285055  	0.09118422  	0.03046928  	0.03425730  	0.17593013  	0.18628992  
2021-02-02 06:44:29.016: iteration 10 finished in 82.617605 seconds
2021-02-02 06:44:29.359: epoch 10:	0.05330236  	0.04115083  	0.07172573  	0.11123928  	0.07349677  	0.09177197  	0.03077470  	0.03452617  	0.17725278  	0.18750913  
2021-02-02 06:45:51.980: iteration 11 finished in 82.621420 seconds
2021-02-02 06:45:52.318: epoch 11:	0.05359471  	0.04114474  	0.07202058  	0.11128586  	0.07393243  	0.09205551  	0.03099117  	0.03473460  	0.17847899  	0.18851054  
2021-02-02 06:47:15.717: iteration 12 finished in 83.397404 seconds
2021-02-02 06:47:16.058: epoch 12:	0.05355816  	0.04137613  	0.07196539  	0.11176628  	0.07382546  	0.09224205  	0.03087389  	0.03470108  	0.17832565  	0.18846750  
2021-02-02 06:48:38.363: iteration 13 finished in 82.304091 seconds
2021-02-02 06:48:38.706: epoch 13:	0.05352161  	0.04152838  	0.07208360  	0.11220752  	0.07408212  	0.09266545  	0.03104930  	0.03490293  	0.17946066  	0.18966730  
2021-02-02 06:50:01.765: iteration 14 finished in 83.059337 seconds
2021-02-02 06:50:02.108: epoch 14:	0.05370433  	0.04161360  	0.07226110  	0.11243978  	0.07429238  	0.09287027  	0.03115933  	0.03500824  	0.17985472  	0.19006094  
2021-02-02 06:51:25.330: iteration 15 finished in 83.220748 seconds
2021-02-02 06:51:25.670: epoch 15:	0.05394794  	0.04175980  	0.07264069  	0.11282131  	0.07462524  	0.09319596  	0.03132073  	0.03514015  	0.18039635  	0.19065176  
2021-02-02 06:52:48.954: iteration 16 finished in 83.283015 seconds
2021-02-02 06:52:49.295: epoch 16:	0.05410630  	0.04185115  	0.07286071  	0.11305714  	0.07471114  	0.09329070  	0.03132069  	0.03514345  	0.18035100  	0.19050920  
2021-02-02 06:54:12.534: iteration 17 finished in 83.237952 seconds
2021-02-02 06:54:12.883: epoch 17:	0.05394793  	0.04196075  	0.07269528  	0.11331926  	0.07462971  	0.09345833  	0.03129448  	0.03519804  	0.18042111  	0.19068235  
2021-02-02 06:55:35.580: iteration 18 finished in 82.697238 seconds
2021-02-02 06:55:35.924: epoch 18:	0.05403319  	0.04199120  	0.07273991  	0.11324720  	0.07482780  	0.09362076  	0.03143305  	0.03531733  	0.18109982  	0.19133048  
2021-02-02 06:56:59.244: iteration 19 finished in 83.319354 seconds
2021-02-02 06:56:59.588: epoch 19:	0.05402102  	0.04200339  	0.07269933  	0.11322583  	0.07485440  	0.09366451  	0.03146569  	0.03535093  	0.18123244  	0.19155008  
2021-02-02 06:58:22.851: iteration 20 finished in 83.263284 seconds
2021-02-02 06:58:23.211: epoch 20:	0.05391139  	0.04219824  	0.07260812  	0.11370346  	0.07491060  	0.09400554  	0.03152054  	0.03547219  	0.18184786  	0.19226411  
2021-02-02 06:59:46.015: iteration 21 finished in 82.802933 seconds
2021-02-02 06:59:46.362: epoch 21:	0.05385048  	0.04214343  	0.07247953  	0.11355799  	0.07483672  	0.09394154  	0.03149249  	0.03545732  	0.18173154  	0.19223157  
2021-02-02 07:01:09.889: iteration 22 finished in 83.525556 seconds
2021-02-02 07:01:10.288: epoch 22:	0.05403319  	0.04224087  	0.07267830  	0.11384684  	0.07506847  	0.09418443  	0.03160129  	0.03556186  	0.18225630  	0.19277602  
2021-02-02 07:02:33.285: iteration 23 finished in 82.996327 seconds
2021-02-02 07:02:33.624: epoch 23:	0.05411846  	0.04235657  	0.07282427  	0.11419646  	0.07507898  	0.09428231  	0.03157735  	0.03554838  	0.18191706  	0.19252241  
2021-02-02 07:03:56.458: iteration 24 finished in 82.833612 seconds
2021-02-02 07:03:56.799: epoch 24:	0.05427682  	0.04234440  	0.07315855  	0.11420184  	0.07536074  	0.09441014  	0.03170477  	0.03565423  	0.18269043  	0.19315705  
2021-02-02 07:05:20.063: iteration 25 finished in 83.263631 seconds
2021-02-02 07:05:20.406: epoch 25:	0.05428900  	0.04232004  	0.07315186  	0.11410163  	0.07541472  	0.09443023  	0.03174848  	0.03569869  	0.18290021  	0.19335946  
2021-02-02 07:06:43.753: iteration 26 finished in 83.346065 seconds
2021-02-02 07:06:44.086: epoch 26:	0.05425246  	0.04236875  	0.07310305  	0.11418781  	0.07533988  	0.09443191  	0.03171304  	0.03567812  	0.18264368  	0.19316861  
2021-02-02 07:08:07.208: iteration 27 finished in 83.120748 seconds
2021-02-02 07:08:07.555: epoch 27:	0.05441080  	0.04239313  	0.07332979  	0.11429128  	0.07546699  	0.09448048  	0.03174819  	0.03568272  	0.18274629  	0.19323511  
2021-02-02 07:09:30.365: iteration 28 finished in 82.808940 seconds
2021-02-02 07:09:30.715: epoch 28:	0.05442299  	0.04239921  	0.07337097  	0.11424246  	0.07541580  	0.09441800  	0.03172192  	0.03565907  	0.18231115  	0.19282827  
2021-02-02 07:10:53.647: iteration 29 finished in 82.931048 seconds
2021-02-02 07:10:53.995: epoch 29:	0.05438646  	0.04242964  	0.07335378  	0.11432137  	0.07536270  	0.09442615  	0.03169176  	0.03565562  	0.18211666  	0.19263534  
2021-02-02 07:12:17.120: iteration 30 finished in 83.124547 seconds
2021-02-02 07:12:17.465: epoch 30:	0.05427682  	0.04238093  	0.07320510  	0.11415553  	0.07523483  	0.09431340  	0.03163731  	0.03560371  	0.18180713  	0.19238491  
2021-02-02 07:13:40.558: iteration 31 finished in 83.093327 seconds
2021-02-02 07:13:40.902: epoch 31:	0.05433773  	0.04246618  	0.07326443  	0.11435102  	0.07538968  	0.09452524  	0.03173789  	0.03571163  	0.18234193  	0.19290054  
2021-02-02 07:15:04.092: iteration 32 finished in 83.187489 seconds
2021-02-02 07:15:04.472: epoch 32:	0.05438644  	0.04241746  	0.07343496  	0.11411338  	0.07541835  	0.09440533  	0.03173551  	0.03566971  	0.18209957  	0.19266450  
2021-02-02 07:16:27.619: iteration 33 finished in 83.147344 seconds
2021-02-02 07:16:28.011: epoch 33:	0.05444735  	0.04239919  	0.07356571  	0.11408284  	0.07540435  	0.09432272  	0.03170429  	0.03561797  	0.18172662  	0.19228502  
2021-02-02 07:17:50.773: iteration 34 finished in 82.760737 seconds
2021-02-02 07:17:51.120: epoch 34:	0.05456915  	0.04242964  	0.07375410  	0.11416356  	0.07556551  	0.09442957  	0.03177841  	0.03568466  	0.18189816  	0.19240797  
2021-02-02 07:19:14.097: iteration 35 finished in 82.976553 seconds
2021-02-02 07:19:14.435: epoch 35:	0.05463004  	0.04238702  	0.07378034  	0.11404239  	0.07560822  	0.09439676  	0.03180857  	0.03570278  	0.18189166  	0.19234371  
2021-02-02 07:20:37.438: iteration 36 finished in 83.002237 seconds
2021-02-02 07:20:37.780: epoch 36:	0.05465441  	0.04239313  	0.07383103  	0.11409969  	0.07564930  	0.09443539  	0.03182655  	0.03573108  	0.18190728  	0.19231308  
2021-02-02 07:22:01.164: iteration 37 finished in 83.383724 seconds
2021-02-02 07:22:01.502: epoch 37:	0.05477623  	0.04236875  	0.07401851  	0.11397729  	0.07575401  	0.09440461  	0.03186229  	0.03573374  	0.18195468  	0.19230148  
2021-02-02 07:23:24.284: iteration 38 finished in 82.782688 seconds
2021-02-02 07:23:24.628: epoch 38:	0.05480059  	0.04235049  	0.07409479  	0.11393899  	0.07580502  	0.09440798  	0.03188347  	0.03575713  	0.18204379  	0.19232813  
2021-02-02 07:24:47.385: iteration 39 finished in 82.756660 seconds
2021-02-02 07:24:47.722: epoch 39:	0.05478841  	0.04239314  	0.07406933  	0.11398944  	0.07571121  	0.09436350  	0.03181542  	0.03570681  	0.18165883  	0.19193177  
2021-02-02 07:26:10.985: iteration 40 finished in 83.259843 seconds
2021-02-02 07:26:11.373: epoch 40:	0.05483714  	0.04239922  	0.07414903  	0.11404332  	0.07578005  	0.09440776  	0.03185521  	0.03573592  	0.18171872  	0.19196686  
2021-02-02 07:27:33.943: iteration 41 finished in 82.569453 seconds
2021-02-02 07:27:34.281: epoch 41:	0.05493459  	0.04242358  	0.07423175  	0.11409649  	0.07590653  	0.09450673  	0.03192588  	0.03580245  	0.18201581  	0.19223742  
2021-02-02 07:28:56.883: iteration 42 finished in 82.600340 seconds
2021-02-02 07:28:57.251: epoch 42:	0.05503205  	0.04243575  	0.07439478  	0.11410161  	0.07596602  	0.09449726  	0.03192763  	0.03579913  	0.18190658  	0.19204183  
2021-02-02 07:30:19.820: iteration 43 finished in 82.568163 seconds
2021-02-02 07:30:20.162: epoch 43:	0.05493460  	0.04241141  	0.07425225  	0.11412020  	0.07591417  	0.09452248  	0.03193146  	0.03582742  	0.18202201  	0.19216424  
2021-02-02 07:31:43.574: iteration 44 finished in 83.412007 seconds
2021-02-02 07:31:43.916: epoch 44:	0.05487369  	0.04238097  	0.07416617  	0.11402433  	0.07584555  	0.09446129  	0.03190469  	0.03581776  	0.18185979  	0.19200586  
2021-02-02 07:33:06.934: iteration 45 finished in 83.015179 seconds
2021-02-02 07:33:07.271: epoch 45:	0.05498333  	0.04241749  	0.07434732  	0.11408676  	0.07591780  	0.09447554  	0.03190888  	0.03580973  	0.18175957  	0.19180970  
2021-02-02 07:34:30.299: iteration 46 finished in 83.027825 seconds
2021-02-02 07:34:30.639: epoch 46:	0.05511731  	0.04240532  	0.07457843  	0.11413452  	0.07610118  	0.09455837  	0.03198478  	0.03586773  	0.18209919  	0.19203351  
2021-02-02 07:35:53.900: iteration 47 finished in 83.259811 seconds
2021-02-02 07:35:54.243: epoch 47:	0.05514168  	0.04233833  	0.07466935  	0.11397221  	0.07617196  	0.09452185  	0.03201747  	0.03587260  	0.18233986  	0.19222865  
2021-02-02 07:37:17.436: iteration 48 finished in 83.193529 seconds
2021-02-02 07:37:17.774: epoch 48:	0.05497115  	0.04236878  	0.07446446  	0.11404508  	0.07600003  	0.09450851  	0.03195633  	0.03584953  	0.18196984  	0.19196180  
2021-02-02 07:38:40.596: iteration 49 finished in 82.821986 seconds
2021-02-02 07:38:40.935: epoch 49:	0.05497116  	0.04240532  	0.07447810  	0.11417981  	0.07605645  	0.09461428  	0.03200677  	0.03591076  	0.18214229  	0.19211377  
2021-02-02 07:40:04.122: iteration 50 finished in 83.186326 seconds
2021-02-02 07:40:04.464: epoch 50:	0.05500769  	0.04249058  	0.07453788  	0.11436627  	0.07614665  	0.09476814  	0.03204761  	0.03596810  	0.18254285  	0.19253229  
