2021-02-01 13:30:35.510: Dataset name: u3
The number of users: 6609
The number of items: 6609
The number of ratings: 103204
Average actions of users: 15.62
Average actions of items: 15.62
The sparsity of the dataset: 99.763721%
2021-02-01 13:30:35.510: 

NeuRec hyperparameters:
recommender=WRMF
config_dir=./conf
gpu_id=0
gpu_mem=0.5
data.input.path=C:\Users\HyunsikYoo\Desktop\VNE_directed_networks/_Data/wiki-vote/5-fold/u3/
data.input.dataset=u3
data.output.path=C:\Users\HyunsikYoo\Desktop\VNE_directed_networks/_Emb/wiki-vote/5-fold/wrmf/u3_wrmf_directed_dim16.emb
data.column.format=UI
data.convert.separator='\t'
user_min=0
item_min=0
splitter=given
ratio=0.8
by_time=False
metric=["Precision", "Recall", "NDCG", "MAP", "MRR"]
topk=[10, 20]
group_view=None
rec.evaluate.neg=0
test_batch_size=128
num_thread=8
data.index.remap=False

WRMF's hyperparameters:
epochs=50
embedding_size=16
reg_mf=0.1
alpha=10
init_method=uniform
stddev=0.01
verbose=1
weight=uniform

2021-02-01 13:32:26.241: metrics:	Precision@10	Precision@20	Recall@10   	Recall@20   	NDCG@10     	NDCG@20     	MAP@10      	MAP@20      	MRR@10      	MRR@20      
2021-02-01 13:32:31.332: iteration 1 finished in 5.089187 seconds
2021-02-01 13:32:31.422: epoch 1:	0.02412454  	0.02102468  	0.02974518  	0.05117175  	0.03357415  	0.03840720  	0.01613573  	0.01574672  	0.06604689  	0.06962869  
2021-02-01 13:32:36.203: iteration 2 finished in 4.779364 seconds
2021-02-01 13:32:36.282: epoch 2:	0.06003881  	0.05149421  	0.10050136  	0.17093439  	0.09450547  	0.11261380  	0.05240949  	0.05364031  	0.15083261  	0.15848494  
2021-02-01 13:32:41.146: iteration 3 finished in 4.864447 seconds
2021-02-01 13:32:41.225: epoch 3:	0.06733099  	0.05724446  	0.12293987  	0.19810054  	0.11160939  	0.13145028  	0.06407221  	0.06589033  	0.16995837  	0.17812164  
2021-02-01 13:32:46.350: iteration 4 finished in 5.124700 seconds
2021-02-01 13:32:46.427: epoch 4:	0.06967608  	0.05936459  	0.12946852  	0.21173650  	0.11715819  	0.13874175  	0.06744625  	0.06957171  	0.18009745  	0.18856859  
2021-02-01 13:32:51.529: iteration 5 finished in 5.101487 seconds
2021-02-01 13:32:51.609: epoch 5:	0.07189268  	0.06089047  	0.13361019  	0.21942461  	0.12079776  	0.14300899  	0.06949180  	0.07167445  	0.18553147  	0.19388032  
2021-02-01 13:32:56.610: iteration 6 finished in 5.000474 seconds
2021-02-01 13:32:56.696: epoch 6:	0.07394865  	0.06143659  	0.13904738  	0.22097582  	0.12203418  	0.14295091  	0.06907666  	0.07071555  	0.18408109  	0.19194897  
2021-02-01 13:33:01.746: iteration 7 finished in 5.048949 seconds
2021-02-01 13:33:01.822: epoch 7:	0.07462323  	0.06238424  	0.14100899  	0.22326306  	0.12279817  	0.14417388  	0.06930503  	0.07119823  	0.18403777  	0.19214164  
2021-02-01 13:33:06.634: iteration 8 finished in 4.811152 seconds
2021-02-01 13:33:06.717: epoch 8:	0.07449475  	0.06273762  	0.14070861  	0.22515297  	0.12270863  	0.14492005  	0.06950594  	0.07170429  	0.18302837  	0.19123530  
2021-02-01 13:33:11.585: iteration 9 finished in 4.867517 seconds
2021-02-01 13:33:11.663: epoch 9:	0.07452685  	0.06301068  	0.13932753  	0.22600159  	0.12237241  	0.14524038  	0.06951649  	0.07195202  	0.18180981  	0.19019417  
2021-02-01 13:33:16.633: iteration 10 finished in 4.969512 seconds
2021-02-01 13:33:16.718: epoch 10:	0.07417350  	0.06304279  	0.13896832  	0.22552927  	0.12195575  	0.14509296  	0.06911858  	0.07179756  	0.18177913  	0.19016786  
2021-02-01 13:33:21.773: iteration 11 finished in 5.053733 seconds
2021-02-01 13:33:21.850: epoch 11:	0.07388438  	0.06302672  	0.13702735  	0.22419809  	0.12156897  	0.14494383  	0.06917006  	0.07184356  	0.18183956  	0.19056174  
2021-02-01 13:33:26.679: iteration 12 finished in 4.828014 seconds
2021-02-01 13:33:26.761: epoch 12:	0.07401291  	0.06273761  	0.13763960  	0.22459491  	0.12181099  	0.14481178  	0.06934300  	0.07186270  	0.18199907  	0.19050322  
2021-02-01 13:33:31.787: iteration 13 finished in 5.025819 seconds
2021-02-01 13:33:31.878: epoch 13:	0.07436627  	0.06307489  	0.13692066  	0.22645873  	0.12208343  	0.14551947  	0.06976156  	0.07222933  	0.18244433  	0.19088417  
2021-02-01 13:33:37.261: iteration 14 finished in 5.383038 seconds
2021-02-01 13:33:37.341: epoch 14:	0.07423777  	0.06291427  	0.13529553  	0.22505629  	0.12202884  	0.14551863  	0.07016084  	0.07258813  	0.18294983  	0.19163531  
2021-02-01 13:33:42.402: iteration 15 finished in 5.061651 seconds
2021-02-01 13:33:42.482: epoch 15:	0.07436623  	0.06304276  	0.13560449  	0.22426367  	0.12213299  	0.14542675  	0.07032479  	0.07279585  	0.18227009  	0.19077814  
2021-02-01 13:33:47.482: iteration 16 finished in 4.999480 seconds
2021-02-01 13:33:47.565: epoch 16:	0.07420562  	0.06297854  	0.13592638  	0.22445820  	0.12228090  	0.14564027  	0.07055806  	0.07301325  	0.18288921  	0.19136781  
2021-02-01 13:33:52.487: iteration 17 finished in 4.920823 seconds
2021-02-01 13:33:52.567: epoch 17:	0.07407714  	0.06285004  	0.13585931  	0.22425775  	0.12192438  	0.14524062  	0.07018238  	0.07266806  	0.18255937  	0.19097552  
2021-02-01 13:33:57.386: iteration 18 finished in 4.818855 seconds
2021-02-01 13:33:57.464: epoch 18:	0.07452687  	0.06301067  	0.13674358  	0.22432806  	0.12223597  	0.14520206  	0.07018298  	0.07259658  	0.18263099  	0.19104029  
2021-02-01 13:34:02.461: iteration 19 finished in 4.996574 seconds
2021-02-01 13:34:02.539: epoch 19:	0.07449472  	0.06309099  	0.13722768  	0.22408931  	0.12240940  	0.14528064  	0.07017745  	0.07258920  	0.18352550  	0.19200017  
2021-02-01 13:34:07.580: iteration 20 finished in 5.040991 seconds
2021-02-01 13:34:07.663: epoch 20:	0.07455897  	0.06334798  	0.13715065  	0.22530298  	0.12217950  	0.14550377  	0.06989790  	0.07247832  	0.18289021  	0.19130710  
2021-02-01 13:34:12.570: iteration 21 finished in 4.906181 seconds
2021-02-01 13:34:12.646: epoch 21:	0.07462320  	0.06341223  	0.13619091  	0.22533441  	0.12200627  	0.14552246  	0.06987774  	0.07252326  	0.18280174  	0.19127864  
2021-02-01 13:34:17.642: iteration 22 finished in 4.994285 seconds
2021-02-01 13:34:17.722: epoch 22:	0.07446257  	0.06328373  	0.13632618  	0.22489849  	0.12193114  	0.14534202  	0.06982537  	0.07243854  	0.18272077  	0.19126436  
2021-02-01 13:34:22.761: iteration 23 finished in 5.038025 seconds
2021-02-01 13:34:22.841: epoch 23:	0.07430196  	0.06326767  	0.13625316  	0.22506852  	0.12211038  	0.14562976  	0.06988110  	0.07257936  	0.18439515  	0.19305806  
2021-02-01 13:34:27.963: iteration 24 finished in 5.121375 seconds
2021-02-01 13:34:28.044: epoch 24:	0.07452682  	0.06312311  	0.13693677  	0.22424056  	0.12277405  	0.14579776  	0.07043147  	0.07293925  	0.18510734  	0.19373465  
2021-02-01 13:34:32.980: iteration 25 finished in 4.935612 seconds
2021-02-01 13:34:33.061: epoch 25:	0.07462319  	0.06302674  	0.13724577  	0.22385001  	0.12272118  	0.14550398  	0.07028957  	0.07275399  	0.18471920  	0.19329306  
2021-02-01 13:34:38.025: iteration 26 finished in 4.964587 seconds
2021-02-01 13:34:38.114: epoch 26:	0.07459107  	0.06307492  	0.13837366  	0.22526196  	0.12297449  	0.14585401  	0.07026535  	0.07278460  	0.18524623  	0.19380318  
2021-02-01 13:34:43.031: iteration 27 finished in 4.916799 seconds
2021-02-01 13:34:43.114: epoch 27:	0.07491231  	0.06304280  	0.13863587  	0.22442141  	0.12334969  	0.14586718  	0.07048900  	0.07299849  	0.18580966  	0.19403432  
2021-02-01 13:34:47.945: iteration 28 finished in 4.830743 seconds
2021-02-01 13:34:48.023: epoch 28:	0.07484807  	0.06304281  	0.13852383  	0.22640409  	0.12329099  	0.14626764  	0.07045393  	0.07304090  	0.18586619  	0.19422448  
2021-02-01 13:34:52.914: iteration 29 finished in 4.891083 seconds
2021-02-01 13:34:52.996: epoch 29:	0.07465533  	0.06293038  	0.13854569  	0.22520043  	0.12341191  	0.14618881  	0.07060644  	0.07317866  	0.18646879  	0.19481267  
2021-02-01 13:34:57.817: iteration 30 finished in 4.821504 seconds
2021-02-01 13:34:57.898: epoch 30:	0.07488021  	0.06288218  	0.13918926  	0.22428681  	0.12379005  	0.14612976  	0.07089948  	0.07332556  	0.18631053  	0.19459356  
2021-02-01 13:35:02.720: iteration 31 finished in 4.821337 seconds
2021-02-01 13:35:02.801: epoch 31:	0.07475173  	0.06299462  	0.13866723  	0.22525069  	0.12377141  	0.14653470  	0.07102328  	0.07350373  	0.18649884  	0.19498630  
2021-02-01 13:35:07.681: iteration 32 finished in 4.879210 seconds
2021-02-01 13:35:07.768: epoch 32:	0.07494448  	0.06288218  	0.13878918  	0.22463675  	0.12374012  	0.14620781  	0.07096150  	0.07333617  	0.18577345  	0.19421646  
2021-02-01 13:35:12.613: iteration 33 finished in 4.842809 seconds
2021-02-01 13:35:12.692: epoch 33:	0.07507297  	0.06293034  	0.13918579  	0.22456755  	0.12402257  	0.14636700  	0.07108055  	0.07343663  	0.18661520  	0.19489297  
2021-02-01 13:35:17.485: iteration 34 finished in 4.793792 seconds
2021-02-01 13:35:17.563: epoch 34:	0.07516935  	0.06294640  	0.13989858  	0.22416116  	0.12437901  	0.14645027  	0.07126804  	0.07357229  	0.18699570  	0.19517176  
2021-02-01 13:35:22.388: iteration 35 finished in 4.824422 seconds
2021-02-01 13:35:22.466: epoch 35:	0.07510511  	0.06305883  	0.13997108  	0.22475645  	0.12397593  	0.14625129  	0.07077547  	0.07313313  	0.18646897  	0.19472809  
2021-02-01 13:35:27.251: iteration 36 finished in 4.785095 seconds
2021-02-01 13:35:27.331: epoch 36:	0.07532998  	0.06305883  	0.14005481  	0.22399530  	0.12409618  	0.14606684  	0.07080420  	0.07307535  	0.18655913  	0.19464417  
2021-02-01 13:35:32.182: iteration 37 finished in 4.849300 seconds
2021-02-01 13:35:32.259: epoch 37:	0.07549059  	0.06301065  	0.13989662  	0.22398308  	0.12403826  	0.14592130  	0.07063258  	0.07284508  	0.18676993  	0.19478831  
2021-02-01 13:35:37.298: iteration 38 finished in 5.038447 seconds
2021-02-01 13:35:37.384: epoch 38:	0.07571545  	0.06296246  	0.13985448  	0.22421235  	0.12418269  	0.14600290  	0.07077322  	0.07295693  	0.18645707  	0.19440088  
2021-02-01 13:35:42.188: iteration 39 finished in 4.804794 seconds
2021-02-01 13:35:42.271: epoch 39:	0.07587609  	0.06304278  	0.14047085  	0.22514661  	0.12435286  	0.14616723  	0.07082423  	0.07300124  	0.18613403  	0.19394162  
2021-02-01 13:35:47.180: iteration 40 finished in 4.908517 seconds
2021-02-01 13:35:47.260: epoch 40:	0.07594034  	0.06307492  	0.14080574  	0.22475281  	0.12441942  	0.14607376  	0.07077272  	0.07293106  	0.18611759  	0.19387406  
2021-02-01 13:35:52.115: iteration 41 finished in 4.853489 seconds
2021-02-01 13:35:52.195: epoch 41:	0.07590821  	0.06313916  	0.14071995  	0.22541948  	0.12433436  	0.14621693  	0.07073420  	0.07294230  	0.18583854  	0.19364806  
2021-02-01 13:35:57.067: iteration 42 finished in 4.871365 seconds
2021-02-01 13:35:57.146: epoch 42:	0.07600458  	0.06325160  	0.14090100  	0.22595656  	0.12447651  	0.14646696  	0.07083403  	0.07310780  	0.18574344  	0.19351479  
2021-02-01 13:36:02.007: iteration 43 finished in 4.860212 seconds
2021-02-01 13:36:02.086: epoch 43:	0.07600458  	0.06329979  	0.14080250  	0.22700398  	0.12439886  	0.14665340  	0.07079569  	0.07309796  	0.18548915  	0.19335070  
2021-02-01 13:36:06.950: iteration 44 finished in 4.864035 seconds
2021-02-01 13:36:07.031: epoch 44:	0.07629369  	0.06325161  	0.14195025  	0.22624135  	0.12497258  	0.14665551  	0.07113487  	0.07328766  	0.18573812  	0.19338460  
2021-02-01 13:36:11.877: iteration 45 finished in 4.845513 seconds
2021-02-01 13:36:11.951: epoch 45:	0.07632581  	0.06323555  	0.14198206  	0.22629818  	0.12509257  	0.14677429  	0.07126069  	0.07342926  	0.18586726  	0.19352399  
2021-02-01 13:36:16.800: iteration 46 finished in 4.848893 seconds
2021-02-01 13:36:16.885: epoch 46:	0.07613305  	0.06333192  	0.14120750  	0.22683801  	0.12479109  	0.14690894  	0.07113799  	0.07346372  	0.18572147  	0.19350736  
2021-02-01 13:36:21.720: iteration 47 finished in 4.835749 seconds
2021-02-01 13:36:21.799: epoch 47:	0.07619730  	0.06336405  	0.14149062  	0.22679195  	0.12491146  	0.14691480  	0.07120518  	0.07345229  	0.18589711  	0.19369410  
2021-02-01 13:36:26.672: iteration 48 finished in 4.872636 seconds
2021-02-01 13:36:26.752: epoch 48:	0.07629367  	0.06333192  	0.14133620  	0.22693834  	0.12492885  	0.14692850  	0.07124183  	0.07346891  	0.18579277  	0.19354418  
2021-02-01 13:36:31.623: iteration 49 finished in 4.870910 seconds
2021-02-01 13:36:31.706: epoch 49:	0.07619730  	0.06334798  	0.14088723  	0.22734262  	0.12494630  	0.14718308  	0.07141782  	0.07370292  	0.18595041  	0.19380219  
2021-02-01 13:36:36.569: iteration 50 finished in 4.862270 seconds
2021-02-01 13:36:36.656: epoch 50:	0.07622942  	0.06336404  	0.14118138  	0.22766685  	0.12497952  	0.14720975  	0.07138029  	0.07371639  	0.18571825  	0.19346665  
