2021-12-15 00:41:34.339: Dataset name: u3
The number of users: 4516
The number of items: 4516
The number of ratings: 40017
Average actions of users: 8.86
Average actions of items: 8.86
The sparsity of the dataset: 99.803783%
2021-12-15 00:41:34.339: 

NeuRec hyperparameters:
recommender=WRMF
config_dir=./conf
gpu_id=0
gpu_mem=0.5
data.input.path=D:\hsyoo\Workingon_210628/_Data/ciaodvd/random-barrier/u3/
data.input.dataset=u3
data.output.path=D:\hsyoo\Workingon_210628/_Emb/ciaodvd/random-barrier/wrmf/u3_wrmf_directed_dim16_uniform_send.emb
data.column.format=UI
data.convert.separator='\t'
user_min=0
item_min=0
splitter=given
ratio=0.8
by_time=False
metric=["Precision", "Recall", "NDCG", "MAP", "MRR"]
topk=[10, 20]
group_view=None
rec.evaluate.neg=0
test_batch_size=128
num_thread=8
data.index.remap=False

WRMF's hyperparameters:
epochs=50
embedding_size=16
reg_mf=0.1
alpha=10
init_method=uniform
stddev=0.01
verbose=1
weight=uniform

2021-12-15 00:42:26.922: metrics:	Precision@10	Precision@20	Recall@10   	Recall@20   	NDCG@10     	NDCG@20     	MAP@10      	MAP@20      	MRR@10      	MRR@20      
2021-12-15 00:42:30.460: iteration 1 finished in 3.538537 seconds
2021-12-15 00:42:30.499: epoch 1:	0.03982636  	0.03621012  	0.04297403  	0.08248656  	0.05075234  	0.06112346  	0.02197850  	0.02200621  	0.11218069  	0.11935936  
2021-12-15 00:42:33.319: iteration 2 finished in 2.819459 seconds
2021-12-15 00:42:33.345: epoch 2:	0.08543847  	0.06923828  	0.09821924  	0.15581314  	0.11085988  	0.12386935  	0.05545514  	0.05369641  	0.20548859  	0.21271446  
2021-12-15 00:42:36.149: iteration 3 finished in 2.804500 seconds
2021-12-15 00:42:36.175: epoch 3:	0.09421377  	0.07835124  	0.11335256  	0.18427983  	0.12387394  	0.14187038  	0.06288794  	0.06283102  	0.22176334  	0.22986667  
2021-12-15 00:42:39.002: iteration 4 finished in 2.826441 seconds
2021-12-15 00:42:39.028: epoch 4:	0.09623878  	0.08182287  	0.12001201  	0.19183487  	0.12872928  	0.14796437  	0.06564481  	0.06617762  	0.23115277  	0.23899657  
2021-12-15 00:42:41.832: iteration 5 finished in 2.803502 seconds
2021-12-15 00:42:41.861: epoch 5:	0.09884243  	0.08428191  	0.12659048  	0.20554805  	0.13393655  	0.15496121  	0.06836107  	0.06973301  	0.24068247  	0.24800497  
2021-12-15 00:42:44.667: iteration 6 finished in 2.806494 seconds
2021-12-15 00:42:44.695: epoch 6:	0.09990318  	0.08466763  	0.12776065  	0.20631984  	0.13474800  	0.15567341  	0.06866772  	0.06988952  	0.23964418  	0.24748808  
2021-12-15 00:42:47.517: iteration 7 finished in 2.821454 seconds
2021-12-15 00:42:47.544: epoch 7:	0.10096395  	0.08558375  	0.12817852  	0.20830506  	0.13566132  	0.15708384  	0.06945761  	0.07075291  	0.23791724  	0.24605423  
2021-12-15 00:42:50.360: iteration 8 finished in 2.816468 seconds
2021-12-15 00:42:50.389: epoch 8:	0.10289256  	0.08572843  	0.13284685  	0.20876741  	0.13877201  	0.15828948  	0.07123043  	0.07175450  	0.24116081  	0.24853095  
2021-12-15 00:42:53.195: iteration 9 finished in 2.805497 seconds
2021-12-15 00:42:53.221: epoch 9:	0.10231400  	0.08563201  	0.13061348  	0.20897684  	0.13892081  	0.15917942  	0.07158785  	0.07254270  	0.24515770  	0.25240254  
2021-12-15 00:42:56.024: iteration 10 finished in 2.802505 seconds
2021-12-15 00:42:56.051: epoch 10:	0.10414617  	0.08529449  	0.13397913  	0.20679200  	0.14070825  	0.15873782  	0.07221348  	0.07247940  	0.24612004  	0.25243658  
2021-12-15 00:42:58.851: iteration 11 finished in 2.799513 seconds
2021-12-15 00:42:58.878: epoch 11:	0.10385688  	0.08510166  	0.13401045  	0.20686246  	0.14081019  	0.15895201  	0.07231794  	0.07243484  	0.24702962  	0.25394601  
2021-12-15 00:43:01.687: iteration 12 finished in 2.808489 seconds
2021-12-15 00:43:01.714: epoch 12:	0.10443547  	0.08476413  	0.13554204  	0.20583804  	0.14158110  	0.15850568  	0.07226790  	0.07184426  	0.24952917  	0.25632465  
2021-12-15 00:43:04.519: iteration 13 finished in 2.805497 seconds
2021-12-15 00:43:04.546: epoch 13:	0.10520691  	0.08466768  	0.13658156  	0.20434792  	0.14287309  	0.15882580  	0.07296402  	0.07229454  	0.25246152  	0.25881299  
2021-12-15 00:43:07.347: iteration 14 finished in 2.800511 seconds
2021-12-15 00:43:07.375: epoch 14:	0.10472474  	0.08500520  	0.13701534  	0.20486027  	0.14324042  	0.15965436  	0.07324991  	0.07284974  	0.25399497  	0.26015481  
2021-12-15 00:43:10.187: iteration 15 finished in 2.812479 seconds
2021-12-15 00:43:10.215: epoch 15:	0.10482116  	0.08514981  	0.13714252  	0.20597370  	0.14428590  	0.16093425  	0.07427537  	0.07391904  	0.25641158  	0.26268670  
2021-12-15 00:43:13.024: iteration 16 finished in 2.808900 seconds
2021-12-15 00:43:13.055: epoch 16:	0.10520688  	0.08519804  	0.13570586  	0.20678450  	0.14462788  	0.16162612  	0.07457382  	0.07428506  	0.25884345  	0.26527804  
2021-12-15 00:43:15.864: iteration 17 finished in 2.808362 seconds
2021-12-15 00:43:15.879: epoch 17:	0.10559263  	0.08568021  	0.13627003  	0.20876643  	0.14519894  	0.16271961  	0.07496681  	0.07479274  	0.25905162  	0.26577467  
2021-12-15 00:43:18.696: iteration 18 finished in 2.817218 seconds
2021-12-15 00:43:18.728: epoch 18:	0.10549621  	0.08543912  	0.13479562  	0.20759729  	0.14524236  	0.16286068  	0.07555874  	0.07545100  	0.25873321  	0.26577592  
2021-12-15 00:43:21.520: iteration 19 finished in 2.792737 seconds
2021-12-15 00:43:21.552: epoch 19:	0.10588193  	0.08596950  	0.13468498  	0.21059723  	0.14535324  	0.16375344  	0.07542494  	0.07545486  	0.26015902  	0.26716587  
2021-12-15 00:43:24.380: iteration 20 finished in 2.828217 seconds
2021-12-15 00:43:24.408: epoch 20:	0.10539977  	0.08654809  	0.13399221  	0.21247768  	0.14502822  	0.16451965  	0.07519109  	0.07561601  	0.26173258  	0.26876608  
2021-12-15 00:43:27.218: iteration 21 finished in 2.810484 seconds
2021-12-15 00:43:27.246: epoch 21:	0.10607480  	0.08674094  	0.13522910  	0.21381781  	0.14563343  	0.16495930  	0.07553483  	0.07591987  	0.26087955  	0.26800743  
2021-12-15 00:43:30.054: iteration 22 finished in 2.807492 seconds
2021-12-15 00:43:30.082: epoch 22:	0.10578551  	0.08688560  	0.13526227  	0.21346512  	0.14493662  	0.16438946  	0.07487850  	0.07531749  	0.25883415  	0.26619366  
2021-12-15 00:43:32.887: iteration 23 finished in 2.805497 seconds
2021-12-15 00:43:32.913: epoch 23:	0.10607481  	0.08645166  	0.13520627  	0.21252392  	0.14530858  	0.16418904  	0.07532498  	0.07549159  	0.25906458  	0.26609424  
2021-12-15 00:43:35.725: iteration 24 finished in 2.811481 seconds
2021-12-15 00:43:35.750: epoch 24:	0.10617123  	0.08678916  	0.13667499  	0.21157385  	0.14535068  	0.16387248  	0.07505404  	0.07518438  	0.25903243  	0.26594254  
2021-12-15 00:43:38.561: iteration 25 finished in 2.810484 seconds
2021-12-15 00:43:38.587: epoch 25:	0.10559266  	0.08698203  	0.13598830  	0.21320288  	0.14466193  	0.16408658  	0.07456755  	0.07498273  	0.25836235  	0.26546860  
2021-12-15 00:43:41.387: iteration 26 finished in 2.800511 seconds
2021-12-15 00:43:41.415: epoch 26:	0.10559268  	0.08722313  	0.13600968  	0.21375009  	0.14449713  	0.16414145  	0.07454456  	0.07489657  	0.25752434  	0.26474559  
2021-12-15 00:43:44.225: iteration 27 finished in 2.809486 seconds
2021-12-15 00:43:44.253: epoch 27:	0.10597841  	0.08717490  	0.13628629  	0.21237458  	0.14465050  	0.16373929  	0.07467443  	0.07481109  	0.25726455  	0.26428619  
2021-12-15 00:43:47.071: iteration 28 finished in 2.818463 seconds
2021-12-15 00:43:47.100: epoch 28:	0.10607483  	0.08736776  	0.13691889  	0.21282543  	0.14521751  	0.16433515  	0.07493038  	0.07516365  	0.25883582  	0.26557818  
2021-12-15 00:43:49.906: iteration 29 finished in 2.805497 seconds
2021-12-15 00:43:49.933: epoch 29:	0.10607484  	0.08746418  	0.13704701  	0.21404557  	0.14471740  	0.16404578  	0.07430615  	0.07462042  	0.25745898  	0.26423189  
2021-12-15 00:43:52.734: iteration 30 finished in 2.801509 seconds
2021-12-15 00:43:52.761: epoch 30:	0.10578554  	0.08727130  	0.13572359  	0.21396653  	0.14509194  	0.16471790  	0.07516617  	0.07538451  	0.25947413  	0.26638210  
2021-12-15 00:43:55.588: iteration 31 finished in 2.826441 seconds
2021-12-15 00:43:55.614: epoch 31:	0.10530339  	0.08765704  	0.13460782  	0.21511763  	0.14454661  	0.16513856  	0.07476149  	0.07542046  	0.26024753  	0.26737964  
2021-12-15 00:43:58.431: iteration 32 finished in 2.816468 seconds
2021-12-15 00:43:58.459: epoch 32:	0.10549625  	0.08775348  	0.13374574  	0.21454628  	0.14436135  	0.16499138  	0.07470246  	0.07528285  	0.26039934  	0.26769686  
2021-12-15 00:44:01.285: iteration 33 finished in 2.826441 seconds
2021-12-15 00:44:01.312: epoch 33:	0.10520695  	0.08727130  	0.13373342  	0.21051529  	0.14343102  	0.16304135  	0.07398105  	0.07426504  	0.25783131  	0.26504648  
2021-12-15 00:44:04.117: iteration 34 finished in 2.804406 seconds
2021-12-15 00:44:04.132: epoch 34:	0.10462836  	0.08703023  	0.13320623  	0.21020755  	0.14277023  	0.16260329  	0.07370425  	0.07406399  	0.25606832  	0.26340950  
2021-12-15 00:44:06.941: iteration 35 finished in 2.792925 seconds
2021-12-15 00:44:06.972: epoch 35:	0.10462835  	0.08707844  	0.13396063  	0.21115676  	0.14272694  	0.16264847  	0.07361351  	0.07400473  	0.25513995  	0.26241297  
2021-12-15 00:44:09.788: iteration 36 finished in 2.816289 seconds
2021-12-15 00:44:09.804: epoch 36:	0.10530340  	0.08674092  	0.13499168  	0.21058862  	0.14276624  	0.16183740  	0.07333597  	0.07342032  	0.25360629  	0.26059359  
2021-12-15 00:44:12.606: iteration 37 finished in 2.802359 seconds
2021-12-15 00:44:12.637: epoch 37:	0.10482123  	0.08664448  	0.13310568  	0.20938188  	0.14155571  	0.16104381  	0.07270544  	0.07298024  	0.25154862  	0.25894320  
2021-12-15 00:44:15.465: iteration 38 finished in 2.827460 seconds
2021-12-15 00:44:15.481: epoch 38:	0.10511053  	0.08683736  	0.13325013  	0.20967655  	0.14136919  	0.16089657  	0.07261453  	0.07290015  	0.24949259  	0.25685686  
2021-12-15 00:44:18.279: iteration 39 finished in 2.798471 seconds
2021-12-15 00:44:18.310: epoch 39:	0.10472481  	0.08693380  	0.13217840  	0.21079174  	0.14063567  	0.16095413  	0.07228889  	0.07289124  	0.24755929  	0.25525361  
2021-12-15 00:44:21.106: iteration 40 finished in 2.795490 seconds
2021-12-15 00:44:21.137: epoch 40:	0.10491767  	0.08674093  	0.13246801  	0.21037881  	0.14125763  	0.16113067  	0.07277399  	0.07309288  	0.24958368  	0.25716722  
2021-12-15 00:44:23.966: iteration 41 finished in 2.828560 seconds
2021-12-15 00:44:23.992: epoch 41:	0.10404979  	0.08640339  	0.13126974  	0.20860103  	0.14097401  	0.16092388  	0.07311361  	0.07346867  	0.24929318  	0.25721708  
2021-12-15 00:44:26.804: iteration 42 finished in 2.811481 seconds
2021-12-15 00:44:26.829: epoch 42:	0.10433909  	0.08640341  	0.13178623  	0.20854387  	0.14138785  	0.16100013  	0.07320041  	0.07353120  	0.25056940  	0.25807500  
2021-12-15 00:44:29.651: iteration 43 finished in 2.822452 seconds
2021-12-15 00:44:29.680: epoch 43:	0.10424266  	0.08649982  	0.13078320  	0.20888813  	0.14084856  	0.16086641  	0.07278706  	0.07330623  	0.25001910  	0.25757417  
2021-12-15 00:44:32.504: iteration 44 finished in 2.823450 seconds
2021-12-15 00:44:32.532: epoch 44:	0.10443552  	0.08674090  	0.13120900  	0.20894444  	0.14083488  	0.16083223  	0.07265852  	0.07323539  	0.24936508  	0.25667584  
2021-12-15 00:44:35.360: iteration 45 finished in 2.828436 seconds
2021-12-15 00:44:35.387: epoch 45:	0.10385692  	0.08649982  	0.13059790  	0.20904952  	0.14019069  	0.16053650  	0.07228662  	0.07300793  	0.24821974  	0.25573063  
2021-12-15 00:44:38.201: iteration 46 finished in 2.814473 seconds
2021-12-15 00:44:38.228: epoch 46:	0.10472481  	0.08654804  	0.13154653  	0.20918371  	0.14080423  	0.16066141  	0.07250490  	0.07313204  	0.24791551  	0.25512323  
2021-12-15 00:44:41.043: iteration 47 finished in 2.814473 seconds
2021-12-15 00:44:41.070: epoch 47:	0.10462838  	0.08659626  	0.13044718  	0.20904176  	0.14047939  	0.16061793  	0.07232910  	0.07311290  	0.24822316  	0.25541684  
2021-12-15 00:44:43.880: iteration 48 finished in 2.810484 seconds
2021-12-15 00:44:43.906: epoch 48:	0.10501410  	0.08645160  	0.13084565  	0.20766696  	0.14051424  	0.16004595  	0.07221054  	0.07285399  	0.24746619  	0.25438362  
2021-12-15 00:44:46.733: iteration 49 finished in 2.826441 seconds
2021-12-15 00:44:46.760: epoch 49:	0.10453193  	0.08625875  	0.13042918  	0.20783257  	0.14028934  	0.16011721  	0.07228891  	0.07298827  	0.24687997  	0.25405729  
2021-12-15 00:44:49.592: iteration 50 finished in 2.832425 seconds
2021-12-15 00:44:49.618: epoch 50:	0.10472480  	0.08596947  	0.13053948  	0.20806645  	0.14034760  	0.15997362  	0.07224411  	0.07294780  	0.24704641  	0.25402331  
