2021-12-15 00:22:54.829: Dataset name: u3
The number of users: 4034
The number of items: 4034
The number of ratings: 39463
Average actions of users: 9.78
Average actions of items: 9.78
The sparsity of the dataset: 99.757496%
2021-12-15 00:22:54.830: 

NeuRec hyperparameters:
recommender=WRMF
config_dir=./conf
gpu_id=0
gpu_mem=0.5
data.input.path=D:\hsyoo\Workingon_210628/_Data/ciaodvd/noniid-out-barrier/u3/
data.input.dataset=u3
data.output.path=D:\hsyoo\Workingon_210628/_Emb/ciaodvd/noniid-out-barrier/wrmf/u3_wrmf_directed_dim16_uniform_send.emb
data.column.format=UI
data.convert.separator='\t'
user_min=0
item_min=0
splitter=given
ratio=0.8
by_time=False
metric=["Precision", "Recall", "NDCG", "MAP", "MRR"]
topk=[10, 20]
group_view=None
rec.evaluate.neg=0
test_batch_size=128
num_thread=8
data.index.remap=False

WRMF's hyperparameters:
epochs=50
embedding_size=16
reg_mf=0.1
alpha=10
init_method=uniform
stddev=0.01
verbose=1
weight=uniform

2021-12-15 00:23:36.709: metrics:	Precision@10	Precision@20	Recall@10   	Recall@20   	NDCG@10     	NDCG@20     	MAP@10      	MAP@20      	MRR@10      	MRR@20      
2021-12-15 00:23:39.724: iteration 1 finished in 3.013920 seconds
2021-12-15 00:23:39.765: epoch 1:	0.02754595  	0.02262097  	0.03837593  	0.06493018  	0.03567646  	0.04675724  	0.01438053  	0.01655307  	0.07864860  	0.08488633  
2021-12-15 00:23:42.174: iteration 2 finished in 2.408557 seconds
2021-12-15 00:23:42.201: epoch 2:	0.06201980  	0.05091800  	0.08646751  	0.14358287  	0.08425607  	0.10895871  	0.03798276  	0.04404842  	0.17662928  	0.18664187  
2021-12-15 00:23:44.605: iteration 3 finished in 2.403572 seconds
2021-12-15 00:23:44.635: epoch 3:	0.06944880  	0.05855590  	0.09946413  	0.16679753  	0.09677197  	0.12628402  	0.04490352  	0.05257612  	0.19969191  	0.21101098  
2021-12-15 00:23:47.035: iteration 4 finished in 2.399583 seconds
2021-12-15 00:23:47.063: epoch 4:	0.07362237  	0.06122710  	0.10799593  	0.17594354  	0.10295097  	0.13284722  	0.04788247  	0.05595585  	0.20971720  	0.21998122  
2021-12-15 00:23:49.446: iteration 5 finished in 2.382628 seconds
2021-12-15 00:23:49.474: epoch 5:	0.07570919  	0.06202010  	0.10986007  	0.17741179  	0.10534887  	0.13491617  	0.04917848  	0.05716937  	0.21540326  	0.22538291  
2021-12-15 00:23:51.872: iteration 6 finished in 2.397588 seconds
2021-12-15 00:23:51.900: epoch 6:	0.07604311  	0.06289657  	0.10865159  	0.17941315  	0.10660782  	0.13760160  	0.05095401  	0.05921955  	0.21690443  	0.22783323  
2021-12-15 00:23:54.299: iteration 7 finished in 2.398585 seconds
2021-12-15 00:23:54.327: epoch 7:	0.07504140  	0.06398173  	0.10730903  	0.18325028  	0.10635705  	0.13975665  	0.05091933  	0.05988607  	0.21827878  	0.22964287  
2021-12-15 00:23:56.731: iteration 8 finished in 2.403572 seconds
2021-12-15 00:23:56.760: epoch 8:	0.07570918  	0.06469127  	0.10965357  	0.18429923  	0.10793087  	0.14127792  	0.05162128  	0.06078146  	0.22075486  	0.23200913  
2021-12-15 00:23:59.155: iteration 9 finished in 2.395593 seconds
2021-12-15 00:23:59.183: epoch 9:	0.07712822  	0.06460778  	0.11232571  	0.18522596  	0.10858246  	0.14096557  	0.05138695  	0.06036043  	0.21973160  	0.23055936  
2021-12-15 00:24:01.599: iteration 10 finished in 2.415540 seconds
2021-12-15 00:24:01.628: epoch 10:	0.07821337  	0.06498341  	0.11306050  	0.18704510  	0.11012588  	0.14253131  	0.05227364  	0.06135615  	0.22425969  	0.23499236  
2021-12-15 00:24:04.025: iteration 11 finished in 2.396590 seconds
2021-12-15 00:24:04.052: epoch 11:	0.07787948  	0.06506688  	0.11284205  	0.18785700  	0.10961160  	0.14246379  	0.05159280  	0.06096857  	0.22402483  	0.23427153  
2021-12-15 00:24:06.443: iteration 12 finished in 2.390607 seconds
2021-12-15 00:24:06.473: epoch 12:	0.07737865  	0.06456605  	0.11254549  	0.18607457  	0.10958464  	0.14201114  	0.05162833  	0.06078028  	0.22550544  	0.23615041  
2021-12-15 00:24:08.862: iteration 13 finished in 2.389609 seconds
2021-12-15 00:24:08.891: epoch 13:	0.07821337  	0.06427389  	0.11512805  	0.18605144  	0.11089050  	0.14217749  	0.05220769  	0.06088208  	0.22689937  	0.23708263  
2021-12-15 00:24:11.272: iteration 14 finished in 2.381277 seconds
2021-12-15 00:24:11.304: epoch 14:	0.07854726  	0.06431564  	0.11541124  	0.18541348  	0.11053585  	0.14148419  	0.05177088  	0.06030803  	0.22467436  	0.23484163  
2021-12-15 00:24:13.678: iteration 15 finished in 2.374441 seconds
2021-12-15 00:24:13.709: epoch 15:	0.07921503  	0.06427390  	0.11705357  	0.18525581  	0.11146592  	0.14167483  	0.05199860  	0.06035113  	0.22623546  	0.23596002  
2021-12-15 00:24:16.109: iteration 16 finished in 2.399232 seconds
2021-12-15 00:24:16.124: epoch 16:	0.07904808  	0.06419043  	0.11688985  	0.18623702  	0.11196573  	0.14246421  	0.05238243  	0.06076186  	0.22908112  	0.23885846  
2021-12-15 00:24:18.506: iteration 17 finished in 2.381984 seconds
2021-12-15 00:24:18.537: epoch 17:	0.07896461  	0.06373134  	0.11710781  	0.18622787  	0.11213943  	0.14231613  	0.05243225  	0.06080727  	0.22934416  	0.23908678  
2021-12-15 00:24:20.938: iteration 18 finished in 2.400290 seconds
2021-12-15 00:24:20.953: epoch 18:	0.07829683  	0.06439913  	0.11556588  	0.18810862  	0.11134954  	0.14298956  	0.05217986  	0.06100628  	0.22824410  	0.23819003  
2021-12-15 00:24:23.360: iteration 19 finished in 2.406999 seconds
2021-12-15 00:24:23.388: epoch 19:	0.07863071  	0.06427393  	0.11633392  	0.18766174  	0.11152961  	0.14266749  	0.05224655  	0.06090036  	0.22735211  	0.23731001  
2021-12-15 00:24:25.780: iteration 20 finished in 2.391604 seconds
2021-12-15 00:24:25.809: epoch 20:	0.07879767  	0.06419044  	0.11512092  	0.18741758  	0.11101025  	0.14231719  	0.05200180  	0.06063589  	0.22542664  	0.23556806  
2021-12-15 00:24:28.195: iteration 21 finished in 2.386617 seconds
2021-12-15 00:24:28.224: epoch 21:	0.07838031  	0.06414869  	0.11428787  	0.18658839  	0.11049092  	0.14193852  	0.05181276  	0.06048541  	0.22422524  	0.23434868  
2021-12-15 00:24:30.614: iteration 22 finished in 2.389609 seconds
2021-12-15 00:24:30.641: epoch 22:	0.07838030  	0.06423218  	0.11422335  	0.18714751  	0.11030945  	0.14195943  	0.05153490  	0.06029406  	0.22421229  	0.23426327  
2021-12-15 00:24:33.033: iteration 23 finished in 2.392601 seconds
2021-12-15 00:24:33.062: epoch 23:	0.07921501  	0.06394003  	0.11551318  	0.18640247  	0.11104514  	0.14165837  	0.05172790  	0.06019958  	0.22520936  	0.23470943  
2021-12-15 00:24:35.466: iteration 24 finished in 2.403572 seconds
2021-12-15 00:24:35.495: epoch 24:	0.07838029  	0.06402349  	0.11353371  	0.18699107  	0.11017602  	0.14178172  	0.05149167  	0.06019047  	0.22492048  	0.23490313  
2021-12-15 00:24:37.889: iteration 25 finished in 2.394597 seconds
2021-12-15 00:24:37.916: epoch 25:	0.07821334  	0.06402349  	0.11338969  	0.18652992  	0.11003342  	0.14160624  	0.05137050  	0.06008267  	0.22531271  	0.23524970  
2021-12-15 00:24:40.306: iteration 26 finished in 2.389610 seconds
2021-12-15 00:24:40.333: epoch 26:	0.07863071  	0.06452431  	0.11395739  	0.18832131  	0.11020841  	0.14217706  	0.05139170  	0.06011035  	0.22510764  	0.23545149  
2021-12-15 00:24:42.722: iteration 27 finished in 2.389609 seconds
2021-12-15 00:24:42.749: epoch 27:	0.07821336  	0.06473299  	0.11266788  	0.18868247  	0.10981768  	0.14247677  	0.05133163  	0.06030452  	0.22510928  	0.23556802  
2021-12-15 00:24:45.153: iteration 28 finished in 2.403573 seconds
2021-12-15 00:24:45.180: epoch 28:	0.07821335  	0.06481647  	0.11262977  	0.18886864  	0.11012086  	0.14289936  	0.05155045  	0.06053083  	0.22672349  	0.23699912  
2021-12-15 00:24:47.580: iteration 29 finished in 2.400580 seconds
2021-12-15 00:24:47.609: epoch 29:	0.07879765  	0.06485819  	0.11204412  	0.18897103  	0.11025544  	0.14298320  	0.05158308  	0.06062423  	0.22719647  	0.23706152  
2021-12-15 00:24:50.014: iteration 30 finished in 2.404570 seconds
2021-12-15 00:24:50.042: epoch 30:	0.07888112  	0.06502514  	0.11204511  	0.18961358  	0.11011291  	0.14304619  	0.05144422  	0.06045721  	0.22702526  	0.23716889  
2021-12-15 00:24:52.447: iteration 31 finished in 2.404569 seconds
2021-12-15 00:24:52.476: epoch 31:	0.07946543  	0.06510860  	0.11297755  	0.19056967  	0.11077156  	0.14344202  	0.05173430  	0.06063918  	0.22778443  	0.23764953  
2021-12-15 00:24:54.878: iteration 32 finished in 2.401577 seconds
2021-12-15 00:24:54.904: epoch 32:	0.07921501  	0.06506687  	0.11252143  	0.19084689  	0.11096109  	0.14388208  	0.05199095  	0.06095683  	0.22922468  	0.23941231  
2021-12-15 00:24:57.315: iteration 33 finished in 2.410552 seconds
2021-12-15 00:24:57.342: epoch 33:	0.07938196  	0.06515035  	0.11281027  	0.19127554  	0.11104695  	0.14397864  	0.05199638  	0.06089818  	0.22894442  	0.23934241  
2021-12-15 00:24:59.761: iteration 34 finished in 2.417535 seconds
2021-12-15 00:24:59.789: epoch 34:	0.07913155  	0.06494166  	0.11242938  	0.18981516  	0.11064791  	0.14336507  	0.05182880  	0.06068068  	0.22745383  	0.23785202  
2021-12-15 00:25:02.207: iteration 35 finished in 2.418532 seconds
2021-12-15 00:25:02.234: epoch 35:	0.07913154  	0.06469125  	0.11329154  	0.18918976  	0.11071157  	0.14295526  	0.05178991  	0.06049613  	0.22662272  	0.23695517  
2021-12-15 00:25:04.654: iteration 36 finished in 2.419529 seconds
2021-12-15 00:25:04.682: epoch 36:	0.07913154  	0.06460778  	0.11350685  	0.18819469  	0.11073308  	0.14266850  	0.05176772  	0.06039716  	0.22673565  	0.23695315  
2021-12-15 00:25:07.101: iteration 37 finished in 2.418532 seconds
2021-12-15 00:25:07.129: epoch 37:	0.07938195  	0.06448258  	0.11316305  	0.18771830  	0.11087754  	0.14266814  	0.05187124  	0.06046700  	0.22750649  	0.23770566  
2021-12-15 00:25:09.565: iteration 38 finished in 2.435488 seconds
2021-12-15 00:25:09.593: epoch 38:	0.07954890  	0.06439910  	0.11346477  	0.18722843  	0.11113730  	0.14261693  	0.05202834  	0.06051697  	0.22786391  	0.23799874  
2021-12-15 00:25:12.007: iteration 39 finished in 2.414404 seconds
2021-12-15 00:25:12.038: epoch 39:	0.07946542  	0.06456605  	0.11322372  	0.18757027  	0.11110006  	0.14286575  	0.05207095  	0.06069262  	0.22780131  	0.23794861  
2021-12-15 00:25:14.444: iteration 40 finished in 2.405684 seconds
2021-12-15 00:25:14.460: epoch 40:	0.07979932  	0.06464952  	0.11383720  	0.18729238  	0.11151426  	0.14295600  	0.05221636  	0.06080042  	0.22857644  	0.23844756  
2021-12-15 00:25:16.867: iteration 41 finished in 2.407893 seconds
2021-12-15 00:25:16.899: epoch 41:	0.07971584  	0.06481647  	0.11362289  	0.18830568  	0.11135257  	0.14318225  	0.05222699  	0.06088095  	0.22763406  	0.23769100  
2021-12-15 00:25:19.304: iteration 42 finished in 2.405684 seconds
2021-12-15 00:25:19.320: epoch 42:	0.07971584  	0.06489994  	0.11333638  	0.18844995  	0.11124444  	0.14327440  	0.05223352  	0.06097425  	0.22677644  	0.23686107  
2021-12-15 00:25:21.729: iteration 43 finished in 2.409409 seconds
2021-12-15 00:25:21.756: epoch 43:	0.07988279  	0.06485820  	0.11312633  	0.18803187  	0.11128711  	0.14320487  	0.05216264  	0.06093673  	0.22706296  	0.23704077  
2021-12-15 00:25:24.163: iteration 44 finished in 2.406564 seconds
2021-12-15 00:25:24.191: epoch 44:	0.07979932  	0.06502514  	0.11298426  	0.18835720  	0.11109395  	0.14322646  	0.05205490  	0.06086023  	0.22655351  	0.23666680  
2021-12-15 00:25:26.601: iteration 45 finished in 2.410554 seconds
2021-12-15 00:25:26.629: epoch 45:	0.08013319  	0.06515036  	0.11356261  	0.18966129  	0.11140828  	0.14360185  	0.05205002  	0.06093836  	0.22736378  	0.23714556  
2021-12-15 00:25:29.049: iteration 46 finished in 2.419528 seconds
2021-12-15 00:25:29.077: epoch 46:	0.07996625  	0.06502515  	0.11324064  	0.18822600  	0.11118327  	0.14315072  	0.05196481  	0.06081627  	0.22672909  	0.23654889  
2021-12-15 00:25:31.497: iteration 47 finished in 2.420526 seconds
2021-12-15 00:25:31.524: epoch 47:	0.08030012  	0.06502514  	0.11395481  	0.18818790  	0.11134996  	0.14296854  	0.05190747  	0.06068269  	0.22639689  	0.23588476  
2021-12-15 00:25:33.954: iteration 48 finished in 2.429502 seconds
2021-12-15 00:25:33.981: epoch 48:	0.08046708  	0.06485820  	0.11407045  	0.18752477  	0.11182619  	0.14309978  	0.05230103  	0.06097603  	0.22765826  	0.23698807  
2021-12-15 00:25:36.398: iteration 49 finished in 2.417534 seconds
2021-12-15 00:25:36.428: epoch 49:	0.08055055  	0.06489993  	0.11420956  	0.18855427  	0.11195189  	0.14340511  	0.05236962  	0.06105710  	0.22792125  	0.23732674  
2021-12-15 00:25:38.853: iteration 50 finished in 2.424516 seconds
2021-12-15 00:25:38.881: epoch 50:	0.08063403  	0.06519209  	0.11443447  	0.18938006  	0.11197571  	0.14370953  	0.05236079  	0.06113855  	0.22762644  	0.23712578  
