2021-12-14 23:35:22.417: Dataset name: u3
The number of users: 6110
The number of items: 6110
The number of ratings: 50507
Average actions of users: 8.27
Average actions of items: 8.27
The sparsity of the dataset: 99.864709%
2021-12-14 23:35:22.418: 

NeuRec hyperparameters:
recommender=WRMF
config_dir=./conf
gpu_id=0
gpu_mem=0.5
data.input.path=D:\hsyoo\Workingon_210628/_Data/jung/random-barrier/u3/
data.input.dataset=u3
data.output.path=D:\hsyoo\Workingon_210628/_Emb/jung/random-barrier/wrmf/u3_wrmf_directed_dim16_uniform_send.emb
data.column.format=UI
data.convert.separator='\t'
user_min=0
item_min=0
splitter=given
ratio=0.8
by_time=False
metric=["Precision", "Recall", "NDCG", "MAP", "MRR"]
topk=[10, 20]
group_view=None
rec.evaluate.neg=0
test_batch_size=128
num_thread=8
data.index.remap=False

WRMF's hyperparameters:
epochs=50
embedding_size=16
reg_mf=0.1
alpha=10
init_method=uniform
stddev=0.01
verbose=1
weight=uniform

2021-12-14 23:36:56.963: metrics:	Precision@10	Precision@20	Recall@10   	Recall@20   	NDCG@10     	NDCG@20     	MAP@10      	MAP@20      	MRR@10      	MRR@20      
2021-12-14 23:37:02.369: iteration 1 finished in 5.406476 seconds
2021-12-14 23:37:02.494: epoch 1:	0.12267147  	0.07510535  	0.56040144  	0.63888675  	0.48235565  	0.50469756  	0.41150048  	0.41927859  	0.52862394  	0.53279066  
2021-12-14 23:37:06.773: iteration 2 finished in 4.278747 seconds
2021-12-14 23:37:06.867: epoch 2:	0.16466001  	0.09394564  	0.71899962  	0.77565581  	0.67686027  	0.69121695  	0.61919773  	0.62387133  	0.73420221  	0.73651034  
2021-12-14 23:37:11.133: iteration 3 finished in 4.266566 seconds
2021-12-14 23:37:11.227: epoch 3:	0.17126410  	0.09673256  	0.74905241  	0.79864579  	0.71161795  	0.72403973  	0.65813911  	0.66241550  	0.76635391  	0.76803970  
2021-12-14 23:37:15.466: iteration 4 finished in 4.239539 seconds
2021-12-14 23:37:15.560: epoch 4:	0.17339519  	0.09797380  	0.75803304  	0.80946285  	0.72674912  	0.73965365  	0.67711836  	0.68151826  	0.78072584  	0.78260595  
2021-12-14 23:37:19.826: iteration 5 finished in 4.266108 seconds
2021-12-14 23:37:19.920: epoch 5:	0.17501119  	0.09894569  	0.76444328  	0.81860274  	0.73548615  	0.74906099  	0.68795073  	0.69256800  	0.78734440  	0.78925943  
2021-12-14 23:37:24.199: iteration 6 finished in 4.278771 seconds
2021-12-14 23:37:24.291: epoch 6:	0.17559658  	0.09939063  	0.76755214  	0.82213223  	0.73931825  	0.75312632  	0.69269371  	0.69751471  	0.78998756  	0.79200619  
2021-12-14 23:37:28.577: iteration 7 finished in 4.286537 seconds
2021-12-14 23:37:28.667: epoch 7:	0.17585413  	0.09950773  	0.76890910  	0.82231593  	0.74203229  	0.75557011  	0.69583011  	0.70064050  	0.79332465  	0.79525226  
2021-12-14 23:37:32.966: iteration 8 finished in 4.299501 seconds
2021-12-14 23:37:33.058: epoch 8:	0.17618197  	0.09954286  	0.77017426  	0.82275683  	0.74398679  	0.75722116  	0.69792742  	0.70266473  	0.79551995  	0.79731327  
2021-12-14 23:37:37.357: iteration 9 finished in 4.298505 seconds
2021-12-14 23:37:37.447: epoch 9:	0.17629905  	0.09962481  	0.77125949  	0.82360351  	0.74487638  	0.75805968  	0.69848907  	0.70325863  	0.79759848  	0.79929358  
2021-12-14 23:37:41.730: iteration 10 finished in 4.282547 seconds
2021-12-14 23:37:41.821: epoch 10:	0.17653316  	0.09961312  	0.77159590  	0.82403171  	0.74573165  	0.75879914  	0.69952667  	0.70411694  	0.79845220  	0.80020529  
2021-12-14 23:37:46.104: iteration 11 finished in 4.282547 seconds
2021-12-14 23:37:46.196: epoch 11:	0.17662685  	0.09961313  	0.77129686  	0.82362115  	0.74560016  	0.75863463  	0.69932377  	0.70391887  	0.79846972  	0.80023050  
2021-12-14 23:37:50.484: iteration 12 finished in 4.286537 seconds
2021-12-14 23:37:50.574: epoch 12:	0.17672056  	0.09963655  	0.77125639  	0.82369149  	0.74548167  	0.75853860  	0.69921052  	0.70379221  	0.79823911  	0.80006933  
2021-12-14 23:37:54.855: iteration 13 finished in 4.280553 seconds
2021-12-14 23:37:54.947: epoch 13:	0.17683762  	0.09969512  	0.77151579  	0.82486826  	0.74550807  	0.75870162  	0.69925356  	0.70374769  	0.79788703  	0.79982644  
2021-12-14 23:37:59.232: iteration 14 finished in 4.285539 seconds
2021-12-14 23:37:59.325: epoch 14:	0.17683765  	0.09976538  	0.77096814  	0.82537574  	0.74496651  	0.75845599  	0.69861203  	0.70320433  	0.79739296  	0.79935759  
2021-12-14 23:38:03.631: iteration 15 finished in 4.306483 seconds
2021-12-14 23:38:03.722: epoch 15:	0.17697817  	0.09974195  	0.77156806  	0.82495254  	0.74545211  	0.75867122  	0.69908571  	0.70359915  	0.79791081  	0.79984707  
2021-12-14 23:38:08.005: iteration 16 finished in 4.282547 seconds
2021-12-14 23:38:08.094: epoch 16:	0.17683767  	0.09976537  	0.77081674  	0.82520688  	0.74542212  	0.75897157  	0.69915545  	0.70381886  	0.79854995  	0.80055952  
2021-12-14 23:38:12.385: iteration 17 finished in 4.289625 seconds
2021-12-14 23:38:12.479: epoch 17:	0.17681427  	0.09978878  	0.77108240  	0.82507205  	0.74587280  	0.75939053  	0.69961321  	0.70433497  	0.79934174  	0.80133277  
2021-12-14 23:38:16.761: iteration 18 finished in 4.282072 seconds
2021-12-14 23:38:16.855: epoch 18:	0.17676742  	0.09977708  	0.77080905  	0.82534164  	0.74533343  	0.75897956  	0.69898582  	0.70374709  	0.79861695  	0.80061805  
2021-12-14 23:38:21.203: iteration 19 finished in 4.348160 seconds
2021-12-14 23:38:21.296: epoch 19:	0.17679085  	0.09978878  	0.77074903  	0.82545871  	0.74519855  	0.75887609  	0.69884753  	0.70358557  	0.79832739  	0.80036134  
2021-12-14 23:38:25.611: iteration 20 finished in 4.314147 seconds
2021-12-14 23:38:25.700: epoch 20:	0.17679088  	0.09981221  	0.77075845  	0.82558358  	0.74503368  	0.75875980  	0.69859874  	0.70337313  	0.79811960  	0.80018657  
2021-12-14 23:38:29.995: iteration 21 finished in 4.294515 seconds
2021-12-14 23:38:30.085: epoch 21:	0.17679088  	0.09984734  	0.77070934  	0.82593989  	0.74488652  	0.75870979  	0.69839776  	0.70322949  	0.79790747  	0.79998070  
2021-12-14 23:38:34.380: iteration 22 finished in 4.295512 seconds
2021-12-14 23:38:34.471: epoch 22:	0.17676745  	0.09982392  	0.77074838  	0.82613575  	0.74482447  	0.75865960  	0.69831979  	0.70315510  	0.79764634  	0.79966748  
2021-12-14 23:38:38.752: iteration 23 finished in 4.280553 seconds
2021-12-14 23:38:38.844: epoch 23:	0.17683773  	0.09984734  	0.77070218  	0.82647467  	0.74469668  	0.75859511  	0.69815618  	0.70299220  	0.79732186  	0.79936552  
2021-12-14 23:38:43.147: iteration 24 finished in 4.302494 seconds
2021-12-14 23:38:43.237: epoch 24:	0.17676745  	0.09992931  	0.77038020  	0.82714480  	0.74437338  	0.75857228  	0.69779837  	0.70275420  	0.79701358  	0.79911870  
2021-12-14 23:38:47.522: iteration 25 finished in 4.284542 seconds
2021-12-14 23:38:47.611: epoch 25:	0.17674407  	0.09994102  	0.77059776  	0.82772934  	0.74415880  	0.75844711  	0.69743842  	0.70244074  	0.79668885  	0.79876566  
2021-12-14 23:38:51.894: iteration 26 finished in 4.283544 seconds
2021-12-14 23:38:51.981: epoch 26:	0.17681433  	0.09983563  	0.77101982  	0.82599431  	0.74441493  	0.75815070  	0.69765514  	0.70249420  	0.79675448  	0.79871923  
2021-12-14 23:38:56.269: iteration 27 finished in 4.287534 seconds
2021-12-14 23:38:56.357: epoch 27:	0.17686117  	0.09992931  	0.77150595  	0.82734096  	0.74469531  	0.75862348  	0.69784629  	0.70274252  	0.79707462  	0.79904866  
2021-12-14 23:39:00.647: iteration 28 finished in 4.288531 seconds
2021-12-14 23:39:00.739: epoch 28:	0.17686115  	0.09989420  	0.77149570  	0.82688552  	0.74457163  	0.75838673  	0.69769514  	0.70257622  	0.79696280  	0.79888636  
2021-12-14 23:39:05.034: iteration 29 finished in 4.295513 seconds
2021-12-14 23:39:05.123: epoch 29:	0.17686114  	0.09992933  	0.77142477  	0.82704395  	0.74444044  	0.75831282  	0.69753999  	0.70242590  	0.79678148  	0.79873931  
2021-12-14 23:39:09.410: iteration 30 finished in 4.287534 seconds
2021-12-14 23:39:09.501: epoch 30:	0.17686114  	0.09996446  	0.77138573  	0.82712704  	0.74421680  	0.75813496  	0.69729531  	0.70219266  	0.79641008  	0.79838377  
2021-12-14 23:39:13.776: iteration 31 finished in 4.274641 seconds
2021-12-14 23:39:13.870: epoch 31:	0.17690799  	0.09995274  	0.77141309  	0.82699227  	0.74403369  	0.75789946  	0.69710165  	0.70195872  	0.79598469  	0.79797071  
2021-12-14 23:39:18.139: iteration 32 finished in 4.269717 seconds
2021-12-14 23:39:18.233: epoch 32:	0.17688458  	0.09985907  	0.77113581  	0.82566518  	0.74392104  	0.75753522  	0.69704306  	0.70185399  	0.79592353  	0.79785115  
2021-12-14 23:39:22.506: iteration 33 finished in 4.273070 seconds
2021-12-14 23:39:22.595: epoch 33:	0.17697825  	0.09987079  	0.77154565  	0.82543921  	0.74425638  	0.75768703  	0.69737923  	0.70214736  	0.79621786  	0.79809403  
2021-12-14 23:39:26.902: iteration 34 finished in 4.306483 seconds
2021-12-14 23:39:26.993: epoch 34:	0.17690800  	0.09989421  	0.77082944  	0.82522529  	0.74418706  	0.75780636  	0.69745898  	0.70233285  	0.79651493  	0.79842681  
2021-12-14 23:39:31.284: iteration 35 finished in 4.290526 seconds
2021-12-14 23:39:31.372: epoch 35:	0.17688458  	0.09991763  	0.77075726  	0.82543212  	0.74397129  	0.75769186  	0.69719541  	0.70211434  	0.79615676  	0.79812193  
2021-12-14 23:39:35.654: iteration 36 finished in 4.281549 seconds
2021-12-14 23:39:35.742: epoch 36:	0.17697823  	0.09995276  	0.77109855  	0.82582182  	0.74424493  	0.75794762  	0.69744861  	0.70232546  	0.79651284  	0.79848790  
2021-12-14 23:39:40.037: iteration 37 finished in 4.295512 seconds
2021-12-14 23:39:40.123: epoch 37:	0.17697823  	0.09995277  	0.77103728  	0.82598555  	0.74426717  	0.75801843  	0.69749343  	0.70237929  	0.79666620  	0.79865050  
2021-12-14 23:39:44.433: iteration 38 finished in 4.310472 seconds
2021-12-14 23:39:44.521: epoch 38:	0.17690796  	0.09994106  	0.77079523  	0.82584888  	0.74413210  	0.75793421  	0.69739515  	0.70233160  	0.79648447  	0.79844713  
2021-12-14 23:39:48.826: iteration 39 finished in 4.303491 seconds
2021-12-14 23:39:48.913: epoch 39:	0.17693138  	0.09995277  	0.77103806  	0.82540649  	0.74430692  	0.75797129  	0.69752574  	0.70244747  	0.79668665  	0.79858732  
2021-12-14 23:39:53.208: iteration 40 finished in 4.294515 seconds
2021-12-14 23:39:53.297: epoch 40:	0.17681429  	0.09992936  	0.77057517  	0.82502925  	0.74396807  	0.75769931  	0.69723302  	0.70223755  	0.79632568  	0.79818875  
2021-12-14 23:39:57.595: iteration 41 finished in 4.298504 seconds
2021-12-14 23:39:57.684: epoch 41:	0.17695478  	0.09995278  	0.77115417  	0.82508880  	0.74454767  	0.75809407  	0.69782168  	0.70270973  	0.79696912  	0.79881197  
2021-12-14 23:40:01.984: iteration 42 finished in 4.299502 seconds
2021-12-14 23:40:02.071: epoch 42:	0.17697819  	0.10001132  	0.77127129  	0.82555711  	0.74467748  	0.75830728  	0.69792461  	0.70282131  	0.79730660  	0.79915768  
2021-12-14 23:40:06.364: iteration 43 finished in 4.292520 seconds
2021-12-14 23:40:06.453: epoch 43:	0.17695478  	0.09996448  	0.77112818  	0.82521880  	0.74450094  	0.75806046  	0.69776750  	0.70262259  	0.79697615  	0.79884887  
2021-12-14 23:40:10.745: iteration 44 finished in 4.292913 seconds
2021-12-14 23:40:10.824: epoch 44:	0.17709531  	0.09999961  	0.77178454  	0.82547760  	0.74471474  	0.75811327  	0.69786924  	0.70261973  	0.79699743  	0.79885161  
2021-12-14 23:40:15.109: iteration 45 finished in 4.285437 seconds
2021-12-14 23:40:15.203: epoch 45:	0.17714211  	0.09997619  	0.77183872  	0.82494134  	0.74484998  	0.75808704  	0.69806093  	0.70275241  	0.79715985  	0.79899514  
2021-12-14 23:40:19.485: iteration 46 finished in 4.282309 seconds
2021-12-14 23:40:19.579: epoch 46:	0.17711869  	0.09999961  	0.77169555  	0.82526159  	0.74491632  	0.75827765  	0.69820279  	0.70293903  	0.79736638  	0.79920954  
2021-12-14 23:40:23.892: iteration 47 finished in 4.313549 seconds
2021-12-14 23:40:23.982: epoch 47:	0.17714211  	0.09997618  	0.77169198  	0.82521409  	0.74492276  	0.75823623  	0.69823229  	0.70293993  	0.79731458  	0.79918635  
2021-12-14 23:40:28.290: iteration 48 finished in 4.307480 seconds
2021-12-14 23:40:28.377: epoch 48:	0.17702502  	0.09998788  	0.77099919  	0.82533121  	0.74471235  	0.75827187  	0.69809234  	0.70291728  	0.79738337  	0.79930234  
2021-12-14 23:40:32.690: iteration 49 finished in 4.312467 seconds
2021-12-14 23:40:32.781: epoch 49:	0.17700161  	0.09996447  	0.77095228  	0.82525116  	0.74470276  	0.75824082  	0.69809252  	0.70291883  	0.79744834  	0.79936254  
2021-12-14 23:40:37.087: iteration 50 finished in 4.306483 seconds
2021-12-14 23:40:37.175: epoch 50:	0.17695478  	0.09996447  	0.77098757  	0.82503241  	0.74469250  	0.75821334  	0.69808376  	0.70293874  	0.79747701  	0.79935598  
