2020-07-17 21:48:37.916: Dataset name: ml-100k
The number of users: 943
The number of items: 1682
The number of ratings: 100000
Average actions of users: 106.04
Average actions of items: 59.45
The sparsity of the dataset: 93.695331%
2020-07-17 21:48:37.916: 

NeuRec hyperparameters:
recommender=MF
config_dir=./conf
gpu_id=0
gpu_mem=0.5
data.input.path=dataset
data.input.dataset=ml-100k
data.column.format=UIRT
data.convert.separator='\t'
user_min=0
item_min=0
splitter=ratio
ratio=0.8
by_time=False
metric=["Precision", "Recall", "NDCG", "MAP", "MRR"]
topk=[10, 20]
group_view=None
rec.evaluate.neg=0
test_batch_size=128
num_thread=8

MF's hyperparameters:
epochs=300
batch_size=512
embedding_size=64
reg_mf=0.0
learning_rate=0.001
learner=adam
num_negatives=1
is_pairwise=True
loss_function=bpr
init_method=normal
stddev=0.01
verbose=1

2020-07-17 21:48:38.103: metrics:	Precision@10	Precision@20	Recall@10   	Recall@20   	NDCG@10     	NDCG@20     	MAP@10      	MAP@20      	MRR@10      	MRR@20      
2020-07-17 21:48:38.478: [iter 1 : loss : 348.545865, time: 0.343695]
2020-07-17 21:48:38.525: epoch 1:	0.20381784  	0.16707341  	0.10240682  	0.16247249  	0.23048010  	0.22273374  	0.13270333  	0.10849014  	0.41931632  	0.42553782  
2020-07-17 21:48:38.806: [iter 2 : loss : 237.174621, time: 0.281209]
2020-07-17 21:48:38.837: epoch 2:	0.20583253  	0.16930038  	0.11268453  	0.17661583  	0.24271108  	0.23655947  	0.13845596  	0.11408554  	0.45916599  	0.46573600  
2020-07-17 21:48:39.103: [iter 3 : loss : 179.323040, time: 0.265563]
2020-07-17 21:48:39.150: epoch 3:	0.22025472  	0.17826115  	0.13300812  	0.19557898  	0.26662356  	0.26003245  	0.15260260  	0.12904693  	0.50031209  	0.50543314  
2020-07-17 21:48:39.431: [iter 4 : loss : 164.848285, time: 0.281186]
2020-07-17 21:48:39.462: epoch 4:	0.23722197  	0.18844144  	0.14497507  	0.21559437  	0.28648746  	0.27856249  	0.16873351  	0.14175279  	0.52236557  	0.52765965  
2020-07-17 21:48:39.712: [iter 5 : loss : 156.001716, time: 0.249940]
2020-07-17 21:48:39.759: epoch 5:	0.25015944  	0.20164400  	0.15618896  	0.23413919  	0.30004314  	0.29516912  	0.17981425  	0.15340811  	0.52821583  	0.53336376  
2020-07-17 21:48:40.009: [iter 6 : loss : 146.163502, time: 0.249942]
2020-07-17 21:48:40.056: epoch 6:	0.25747648  	0.21145308  	0.16289662  	0.25225374  	0.30794257  	0.30863723  	0.18567802  	0.16194458  	0.53821862  	0.54339415  
2020-07-17 21:48:40.337: [iter 7 : loss : 140.197405, time: 0.281150]
2020-07-17 21:48:40.368: epoch 7:	0.26659635  	0.21786873  	0.16887030  	0.26245293  	0.32281700  	0.32278663  	0.19857363  	0.17312393  	0.56576610  	0.57062626  
2020-07-17 21:48:40.618: [iter 8 : loss : 135.075521, time: 0.249974]
2020-07-17 21:48:40.665: epoch 8:	0.27476156  	0.22030769  	0.17597620  	0.26878145  	0.32965386  	0.32634053  	0.20450935  	0.17610097  	0.56292331  	0.56735861  
2020-07-17 21:48:40.915: [iter 9 : loss : 129.462148, time: 0.249942]
2020-07-17 21:48:40.946: epoch 9:	0.27889743  	0.22566286  	0.17738275  	0.27102026  	0.33320251  	0.33095017  	0.20785502  	0.18034106  	0.56080103  	0.56492692  
2020-07-17 21:48:41.243: [iter 10 : loss : 125.464443, time: 0.296806]
2020-07-17 21:48:41.274: epoch 10:	0.28335127  	0.22857900  	0.18099494  	0.27611718  	0.33718985  	0.33539304  	0.21034969  	0.18357928  	0.56902319  	0.57357299  
2020-07-17 21:48:41.524: [iter 11 : loss : 120.688892, time: 0.249941]
2020-07-17 21:48:41.555: epoch 11:	0.28632048  	0.23091215  	0.18263946  	0.27866811  	0.34123322  	0.33886603  	0.21408719  	0.18596303  	0.57462621  	0.58020318  
2020-07-17 21:48:41.821: [iter 12 : loss : 118.325608, time: 0.265566]
2020-07-17 21:48:41.852: epoch 12:	0.28833532  	0.23271494  	0.18409038  	0.28232580  	0.34357873  	0.34154078  	0.21596397  	0.18770155  	0.57451761  	0.57952267  
2020-07-17 21:48:42.133: [iter 13 : loss : 116.318322, time: 0.281183]
2020-07-17 21:48:42.180: epoch 13:	0.28748688  	0.23419966  	0.18311936  	0.28356391  	0.34059292  	0.34088576  	0.21192837  	0.18674751  	0.56956893  	0.57400382  
2020-07-17 21:48:42.430: [iter 14 : loss : 112.635674, time: 0.249971]
2020-07-17 21:48:42.461: epoch 14:	0.28981996  	0.23510087  	0.18426423  	0.28639752  	0.34466293  	0.34454644  	0.21643649  	0.18947704  	0.57488489  	0.57969242  
2020-07-17 21:48:42.711: [iter 15 : loss : 110.157334, time: 0.249941]
2020-07-17 21:48:42.758: epoch 15:	0.29321349  	0.23711568  	0.18518661  	0.28665110  	0.34859258  	0.34726742  	0.22024228  	0.19184817  	0.58256805  	0.58672220  
2020-07-17 21:48:43.008: [iter 16 : loss : 108.555416, time: 0.249941]
2020-07-17 21:48:43.039: epoch 16:	0.29618263  	0.23939568  	0.18667589  	0.29244879  	0.35121077  	0.35094750  	0.22258350  	0.19454916  	0.58237457  	0.58725893  
2020-07-17 21:48:43.336: [iter 17 : loss : 106.744585, time: 0.296810]
2020-07-17 21:48:43.367: epoch 17:	0.29681900  	0.24019112  	0.18697183  	0.29524505  	0.35488331  	0.35444224  	0.22547096  	0.19666547  	0.59439659  	0.59892195  
2020-07-17 21:48:43.633: [iter 18 : loss : 104.363465, time: 0.265536]
2020-07-17 21:48:43.680: epoch 18:	0.30201513  	0.24337238  	0.19169083  	0.29775518  	0.35834169  	0.35708076  	0.22748059  	0.19884089  	0.59295434  	0.59693742  
2020-07-17 21:48:43.930: [iter 19 : loss : 101.191787, time: 0.249943]
2020-07-17 21:48:43.977: epoch 19:	0.30137891  	0.24379650  	0.19192177  	0.29994065  	0.35805735  	0.35818809  	0.22818592  	0.19954951  	0.58909678  	0.59354848  
2020-07-17 21:48:44.258: [iter 20 : loss : 100.084109, time: 0.281217]
2020-07-17 21:48:44.289: epoch 20:	0.30254531  	0.24687195  	0.19171534  	0.30119646  	0.35738647  	0.35914052  	0.22782573  	0.20040953  	0.58052087  	0.58534807  
2020-07-17 21:48:44.539: [iter 21 : loss : 97.298824, time: 0.249918]
2020-07-17 21:48:44.586: epoch 21:	0.30254528  	0.24878053  	0.19187234  	0.30355567  	0.35847622  	0.36139628  	0.22922020  	0.20184207  	0.58130199  	0.58591193  
2020-07-17 21:48:44.836: [iter 22 : loss : 95.751923, time: 0.249941]
2020-07-17 21:48:44.867: epoch 22:	0.30456021  	0.25047737  	0.19274586  	0.30560794  	0.36038643  	0.36328247  	0.23059849  	0.20332001  	0.58657712  	0.59100252  
2020-07-17 21:48:45.148: [iter 23 : loss : 94.163643, time: 0.281209]
2020-07-17 21:48:45.179: epoch 23:	0.30657503  	0.25302228  	0.19345796  	0.30936605  	0.36513880  	0.36859974  	0.23473498  	0.20690829  	0.60067582  	0.60481161  
2020-07-17 21:48:45.429: [iter 24 : loss : 94.074063, time: 0.249940]
2020-07-17 21:48:45.476: epoch 24:	0.31018069  	0.25646871  	0.19535039  	0.31422731  	0.36830583  	0.37271908  	0.23761834  	0.20978354  	0.59867382  	0.60332060  
2020-07-17 21:48:45.726: [iter 25 : loss : 90.984402, time: 0.249941]
2020-07-17 21:48:45.757: epoch 25:	0.31124121  	0.25652170  	0.19563819  	0.31506589  	0.37064239  	0.37429684  	0.24061258  	0.21132150  	0.60265332  	0.60692710  
2020-07-17 21:48:46.039: [iter 26 : loss : 89.509895, time: 0.281210]
2020-07-17 21:48:46.086: epoch 26:	0.31389216  	0.25795335  	0.19752467  	0.31536645  	0.37352997  	0.37608773  	0.24314989  	0.21321516  	0.60487205  	0.60975301  
2020-07-17 21:48:46.335: [iter 27 : loss : 87.131441, time: 0.249941]
2020-07-17 21:48:46.382: epoch 27:	0.31866428  	0.25959706  	0.20177311  	0.31739441  	0.37874332  	0.37919176  	0.24724680  	0.21605721  	0.60895389  	0.61322755  
2020-07-17 21:48:46.632: [iter 28 : loss : 85.762113, time: 0.249941]
2020-07-17 21:48:46.663: epoch 28:	0.31908858  	0.25996816  	0.20063058  	0.31778547  	0.38050872  	0.38117537  	0.25024006  	0.21800402  	0.61429369  	0.61906511  
2020-07-17 21:48:46.945: [iter 29 : loss : 84.468922, time: 0.281210]
2020-07-17 21:48:46.976: epoch 29:	0.31622520  	0.25954401  	0.19885403  	0.31783441  	0.37809929  	0.38054746  	0.24695727  	0.21703649  	0.61345917  	0.61785060  
2020-07-17 21:48:47.242: [iter 30 : loss : 82.881728, time: 0.265576]
2020-07-17 21:48:47.273: epoch 30:	0.31707370  	0.26150581  	0.20022871  	0.31873608  	0.37813336  	0.38126934  	0.24722113  	0.21787663  	0.60807008  	0.61247832  
2020-07-17 21:48:47.523: [iter 31 : loss : 81.656887, time: 0.249968]
2020-07-17 21:48:47.554: epoch 31:	0.31993651  	0.26484615  	0.20199428  	0.32634768  	0.38120759  	0.38661602  	0.24972986  	0.22129591  	0.60995746  	0.61485392  
2020-07-17 21:48:47.835: [iter 32 : loss : 80.072147, time: 0.281157]
2020-07-17 21:48:47.866: epoch 32:	0.32460240  	0.26553535  	0.20476583  	0.32435408  	0.38679501  	0.38880074  	0.25470930  	0.22340262  	0.62166595  	0.62650979  
2020-07-17 21:48:48.116: [iter 33 : loss : 78.226865, time: 0.249942]
2020-07-17 21:48:48.163: epoch 33:	0.32492059  	0.26458102  	0.20516700  	0.32472968  	0.38762438  	0.38924965  	0.25583547  	0.22455072  	0.62074804  	0.62569904  
2020-07-17 21:48:48.413: [iter 34 : loss : 75.761888, time: 0.249967]
2020-07-17 21:48:48.460: epoch 34:	0.32640520  	0.26564148  	0.20949401  	0.32408890  	0.38922152  	0.38954186  	0.25596744  	0.22500871  	0.62143308  	0.62596613  
2020-07-17 21:48:48.741: [iter 35 : loss : 74.610875, time: 0.281184]
2020-07-17 21:48:48.772: epoch 35:	0.32492074  	0.26755035  	0.20791849  	0.32691252  	0.38832664  	0.39208022  	0.25526404  	0.22704303  	0.62186092  	0.62620658  
2020-07-17 21:48:49.038: [iter 36 : loss : 74.140716, time: 0.265563]
2020-07-17 21:48:49.069: epoch 36:	0.32895017  	0.26786837  	0.20906633  	0.32608658  	0.39021006  	0.39105651  	0.25797695  	0.22681259  	0.61575913  	0.61973983  
2020-07-17 21:48:49.319: [iter 37 : loss : 72.116439, time: 0.249941]
2020-07-17 21:48:49.366: epoch 37:	0.33054084  	0.27099660  	0.21051811  	0.33040854  	0.39285564  	0.39511287  	0.25945011  	0.22907193  	0.62288743  	0.62634641  
2020-07-17 21:48:49.632: [iter 38 : loss : 69.820324, time: 0.265576]
2020-07-17 21:48:49.678: epoch 38:	0.32958651  	0.27258739  	0.20847075  	0.33414003  	0.39145350  	0.39671379  	0.25846833  	0.22991484  	0.62002587  	0.62433213  
2020-07-17 21:48:49.928: [iter 39 : loss : 69.169504, time: 0.249942]
2020-07-17 21:48:49.960: epoch 39:	0.32990474  	0.27004236  	0.20989645  	0.33084741  	0.39100352  	0.39370382  	0.25746205  	0.22776365  	0.61707944  	0.62174720  
2020-07-17 21:48:50.225: [iter 40 : loss : 67.401426, time: 0.265558]
2020-07-17 21:48:50.272: epoch 40:	0.32958677  	0.27014828  	0.20985009  	0.33161482  	0.39218843  	0.39529836  	0.25834650  	0.22833237  	0.62666458  	0.63096130  
2020-07-17 21:48:50.538: [iter 41 : loss : 68.289381, time: 0.265563]
2020-07-17 21:48:50.569: epoch 41:	0.33117738  	0.27248150  	0.21206339  	0.33438325  	0.39671746  	0.40015498  	0.26146853  	0.23218758  	0.63883305  	0.64252192  
2020-07-17 21:48:50.834: [iter 42 : loss : 66.283483, time: 0.249928]
2020-07-17 21:48:50.866: epoch 42:	0.33266190  	0.27168605  	0.21226400  	0.33312526  	0.39695084  	0.39924341  	0.26130229  	0.23114857  	0.63592201  	0.64043260  
2020-07-17 21:48:51.131: [iter 43 : loss : 63.873737, time: 0.265562]
2020-07-17 21:48:51.162: epoch 43:	0.33372238  	0.27195111  	0.21426485  	0.33475131  	0.39739531  	0.39941940  	0.26223183  	0.23203039  	0.62993675  	0.63373482  
2020-07-17 21:48:51.459: [iter 44 : loss : 62.717775, time: 0.296810]
2020-07-17 21:48:51.490: epoch 44:	0.33138937  	0.27073154  	0.21216701  	0.33166790  	0.39468685  	0.39645228  	0.26012510  	0.22973527  	0.62685972  	0.63102192  
2020-07-17 21:48:51.756: [iter 45 : loss : 61.940211, time: 0.265561]
2020-07-17 21:48:51.803: epoch 45:	0.33372229  	0.27264044  	0.21510331  	0.33357039  	0.39717415  	0.39891759  	0.26109663  	0.23105407  	0.63393742  	0.63798684  
2020-07-17 21:48:52.068: [iter 46 : loss : 60.519291, time: 0.265562]
2020-07-17 21:48:52.100: epoch 46:	0.33351037  	0.27258742  	0.21306430  	0.33475903  	0.39577398  	0.39825973  	0.26012936  	0.23023890  	0.62990075  	0.63356912  
2020-07-17 21:48:52.365: [iter 47 : loss : 60.457845, time: 0.265563]
2020-07-17 21:48:52.397: epoch 47:	0.33329839  	0.27221629  	0.21237761  	0.33178446  	0.39726654  	0.39880121  	0.26106989  	0.23141073  	0.63737375  	0.64132589  
2020-07-17 21:48:52.693: [iter 48 : loss : 59.135947, time: 0.296805]
2020-07-17 21:48:52.725: epoch 48:	0.33308628  	0.27195111  	0.21408676  	0.33702987  	0.39603764  	0.39885867  	0.26063544  	0.23030600  	0.62887442  	0.63299948  
2020-07-17 21:48:52.990: [iter 49 : loss : 57.099800, time: 0.265562]
2020-07-17 21:48:53.021: epoch 49:	0.33711571  	0.27062556  	0.21755321  	0.33630657  	0.40012175  	0.39972717  	0.26357377  	0.23130579  	0.63224953  	0.63613951  
2020-07-17 21:48:53.287: [iter 50 : loss : 56.835904, time: 0.265563]
2020-07-17 21:48:53.318: epoch 50:	0.33605534  	0.27152693  	0.21751933  	0.33605570  	0.40086004  	0.40114480  	0.26380140  	0.23240796  	0.63558578  	0.63969994  
2020-07-17 21:48:53.584: [iter 51 : loss : 56.538048, time: 0.265537]
2020-07-17 21:48:53.631: epoch 51:	0.33541891  	0.27067858  	0.21685636  	0.33440670  	0.39979434  	0.39989996  	0.26320228  	0.23169222  	0.63473004  	0.63946074  
2020-07-17 21:48:53.881: [iter 52 : loss : 55.188848, time: 0.249916]
2020-07-17 21:48:53.912: epoch 52:	0.33679742  	0.27152699  	0.21940951  	0.33620998  	0.40104607  	0.40102139  	0.26314312  	0.23176651  	0.63644165  	0.64019424  
2020-07-17 21:48:54.193: [iter 53 : loss : 54.523479, time: 0.265589]
2020-07-17 21:48:54.224: epoch 53:	0.33594924  	0.27142099  	0.21840775  	0.33578697  	0.39863554  	0.39910764  	0.26135549  	0.23055306  	0.62735105  	0.63160110  
2020-07-17 21:48:54.521: [iter 54 : loss : 53.500632, time: 0.281147]
2020-07-17 21:48:54.552: epoch 54:	0.33764604  	0.27211022  	0.22159193  	0.33789593  	0.40204275  	0.40190822  	0.26314548  	0.23220995  	0.63572669  	0.63947427  
2020-07-17 21:48:54.818: [iter 55 : loss : 51.783837, time: 0.265562]
2020-07-17 21:48:54.849: epoch 55:	0.33807030  	0.27120891  	0.22092365  	0.33644679  	0.40151915  	0.40009791  	0.26377106  	0.23117265  	0.63066924  	0.63438714  
2020-07-17 21:48:55.115: [iter 56 : loss : 51.663151, time: 0.249967]
2020-07-17 21:48:55.146: epoch 56:	0.33700982  	0.27306479  	0.21876146  	0.33865499  	0.40041423  	0.40145767  	0.26397189  	0.23217542  	0.62675852  	0.63065672  
2020-07-17 21:48:55.427: [iter 57 : loss : 50.726097, time: 0.281212]
2020-07-17 21:48:55.474: epoch 57:	0.33785814  	0.27232233  	0.21823598  	0.33888918  	0.40121654  	0.40129536  	0.26429823  	0.23137496  	0.63075441  	0.63498199  
2020-07-17 21:48:55.724: [iter 58 : loss : 49.896699, time: 0.249941]
2020-07-17 21:48:55.771: epoch 58:	0.33467680  	0.27142099  	0.21730991  	0.33705902  	0.39834207  	0.39958337  	0.26134622  	0.23025958  	0.63047642  	0.63445055  
2020-07-17 21:48:56.021: [iter 59 : loss : 47.659793, time: 0.249918]
2020-07-17 21:48:56.052: epoch 59:	0.33510098  	0.26945907  	0.21661697  	0.33741009  	0.39617518  	0.39672020  	0.25939459  	0.22732641  	0.62387335  	0.62767047  
2020-07-17 21:48:56.333: [iter 60 : loss : 46.738787, time: 0.281182]
2020-07-17 21:48:56.364: epoch 60:	0.33594930  	0.26993647  	0.21987885  	0.33881450  	0.39933705  	0.39938700  	0.26162639  	0.22948749  	0.62870342  	0.63234210  
2020-07-17 21:48:56.630: [iter 61 : loss : 47.270973, time: 0.265562]
2020-07-17 21:48:56.677: epoch 61:	0.33181357  	0.26935300  	0.21665090  	0.33929595  	0.39569458  	0.39863294  	0.25930047  	0.22870877  	0.62484765  	0.62948763  
2020-07-17 21:48:56.942: [iter 62 : loss : 46.665835, time: 0.265562]
2020-07-17 21:48:56.989: epoch 62:	0.33287406  	0.26967117  	0.21891353  	0.34083924  	0.39679602  	0.39915970  	0.25935104  	0.22830604  	0.62890565  	0.63343012  
2020-07-17 21:48:57.270: [iter 63 : loss : 45.434258, time: 0.281168]
2020-07-17 21:48:57.317: epoch 63:	0.33573711  	0.27046660  	0.22110091  	0.34221119  	0.39913785  	0.40050060  	0.26025152  	0.22915429  	0.63147324  	0.63582331  
2020-07-17 21:48:57.567: [iter 64 : loss : 44.903699, time: 0.249942]
2020-07-17 21:48:57.598: epoch 64:	0.33160150  	0.26930010  	0.21590045  	0.33971038  	0.39470109  	0.39857039  	0.25737533  	0.22802904  	0.62683058  	0.63131660  
2020-07-17 21:48:57.864: [iter 65 : loss : 43.741790, time: 0.265564]
2020-07-17 21:48:57.895: epoch 65:	0.33096516  	0.26792145  	0.21835069  	0.33906963  	0.39343986  	0.39570329  	0.25513929  	0.22498091  	0.62384981  	0.62795639  
2020-07-17 21:48:58.176: [iter 66 : loss : 42.916289, time: 0.281183]
2020-07-17 21:48:58.223: epoch 66:	0.32958654  	0.26786840  	0.21691464  	0.33556119  	0.39039072  	0.39345169  	0.25194117  	0.22401451  	0.62003428  	0.62405717  
2020-07-17 21:48:58.473: [iter 67 : loss : 42.870121, time: 0.249969]
2020-07-17 21:48:58.520: epoch 67:	0.32735965  	0.26723212  	0.21544598  	0.33790445  	0.39018756  	0.39445636  	0.25241822  	0.22413924  	0.62245834  	0.62659663  
2020-07-17 21:48:58.770: [iter 68 : loss : 42.069997, time: 0.249941]
2020-07-17 21:48:58.817: epoch 68:	0.32566279  	0.26696697  	0.21503271  	0.33740711  	0.38786444  	0.39202890  	0.24957119  	0.22086984  	0.62149733  	0.62603384  
2020-07-17 21:48:59.098: [iter 69 : loss : 40.795423, time: 0.281183]
2020-07-17 21:48:59.129: epoch 69:	0.32608697  	0.26511133  	0.21602640  	0.33682111  	0.39028552  	0.39328364  	0.25172514  	0.22249018  	0.62717038  	0.63139498  
2020-07-17 21:48:59.379: [iter 70 : loss : 40.637925, time: 0.249969]
2020-07-17 21:48:59.411: epoch 70:	0.32534462  	0.26495215  	0.21498361  	0.33611247  	0.38946691  	0.39263743  	0.25139159  	0.22164080  	0.62661207  	0.63106912  
2020-07-17 21:48:59.660: [iter 71 : loss : 40.755206, time: 0.249941]
2020-07-17 21:48:59.707: epoch 71:	0.32460240  	0.26410377  	0.21534760  	0.33663929  	0.38893759  	0.39233053  	0.25049737  	0.22160336  	0.62642062  	0.63019657  
2020-07-17 21:48:59.957: [iter 72 : loss : 39.214184, time: 0.249941]
2020-07-17 21:48:59.988: epoch 72:	0.32343590  	0.26346755  	0.21583578  	0.33617499  	0.38667613  	0.39059871  	0.24858482  	0.22004987  	0.62364095  	0.62770116  
2020-07-17 21:49:00.270: [iter 73 : loss : 38.913268, time: 0.281183]
2020-07-17 21:49:00.301: epoch 73:	0.32311788  	0.26452804  	0.21714839  	0.33863592  	0.38541135  	0.39086363  	0.24652304  	0.22007227  	0.61697423  	0.62061369  
2020-07-17 21:49:00.551: [iter 74 : loss : 38.170090, time: 0.249942]
2020-07-17 21:49:00.598: epoch 74:	0.32439047  	0.26341450  	0.21752058  	0.33733952  	0.38618150  	0.38993523  	0.24680519  	0.21926288  	0.61922103  	0.62295753  
2020-07-17 21:49:00.863: [iter 75 : loss : 37.713309, time: 0.265563]
2020-07-17 21:49:00.895: epoch 75:	0.32067886  	0.26261932  	0.21569708  	0.33505362  	0.38349512  	0.38886940  	0.24455456  	0.21850656  	0.61861235  	0.62292939  
2020-07-17 21:49:01.176: [iter 76 : loss : 36.938246, time: 0.281184]
2020-07-17 21:49:01.223: epoch 76:	0.32439044  	0.26283145  	0.21751516  	0.33685708  	0.38435560  	0.38815030  	0.24454217  	0.21743022  	0.61493802  	0.61941564  
2020-07-17 21:49:01.473: [iter 77 : loss : 37.179932, time: 0.249941]
2020-07-17 21:49:01.504: epoch 77:	0.32205757  	0.26235408  	0.21641047  	0.33612350  	0.38288763  	0.38817295  	0.24328299  	0.21792760  	0.61370164  	0.61781508  
2020-07-17 21:49:01.754: [iter 78 : loss : 36.778773, time: 0.249942]
2020-07-17 21:49:01.801: epoch 78:	0.32089120  	0.26102853  	0.21526854  	0.33286947  	0.38349074  	0.38766289  	0.24439752  	0.21825884  	0.61796647  	0.62190843  
2020-07-17 21:49:02.082: [iter 79 : loss : 35.203035, time: 0.281184]
2020-07-17 21:49:02.113: epoch 79:	0.32110301  	0.26161179  	0.21555297  	0.33698896  	0.38483801  	0.38979766  	0.24500440  	0.21870570  	0.62364137  	0.62757128  
2020-07-17 21:49:02.363: [iter 80 : loss : 35.945739, time: 0.249942]
2020-07-17 21:49:02.410: epoch 80:	0.32152730  	0.26055139  	0.21577094  	0.33421341  	0.38359302  	0.38742629  	0.24346833  	0.21684267  	0.61853391  	0.62254095  
2020-07-17 21:49:02.660: [iter 81 : loss : 34.337712, time: 0.249940]
2020-07-17 21:49:02.691: epoch 81:	0.31760350  	0.25911966  	0.21330586  	0.33344141  	0.38119873  	0.38667399  	0.24130850  	0.21621771  	0.62030756  	0.62448543  
2020-07-17 21:49:02.988: [iter 82 : loss : 33.626949, time: 0.296779]
2020-07-17 21:49:03.019: epoch 82:	0.32004264  	0.25821841  	0.21489300  	0.33150780  	0.38172722  	0.38501000  	0.24153633  	0.21549220  	0.61521149  	0.61868370  
2020-07-17 21:49:03.363: [iter 83 : loss : 34.283954, time: 0.343657]
2020-07-17 21:49:03.394: epoch 83:	0.31792158  	0.25901368  	0.21433163  	0.33362818  	0.38020501  	0.38562718  	0.23999879  	0.21549457  	0.61629695  	0.61998236  
2020-07-17 21:49:03.644: [iter 84 : loss : 34.453444, time: 0.249942]
2020-07-17 21:49:03.675: epoch 84:	0.31930026  	0.25827149  	0.21497463  	0.33319566  	0.38041654  	0.38461298  	0.24034081  	0.21467915  	0.61266369  	0.61616451  
2020-07-17 21:49:03.956: [iter 85 : loss : 33.123039, time: 0.281184]
2020-07-17 21:49:03.988: epoch 85:	0.31930029  	0.25721094  	0.21487349  	0.33270764  	0.37993324  	0.38357329  	0.23937578  	0.21300270  	0.61554384  	0.61934966  
2020-07-17 21:49:04.237: [iter 86 : loss : 33.030651, time: 0.249943]
2020-07-17 21:49:04.284: epoch 86:	0.31654322  	0.25737002  	0.21509078  	0.33099246  	0.37934464  	0.38414532  	0.23861669  	0.21396253  	0.61981064  	0.62332797  
2020-07-17 21:49:04.534: [iter 87 : loss : 32.025974, time: 0.249974]
2020-07-17 21:49:04.566: epoch 87:	0.31643713  	0.25641564  	0.21546049  	0.33043531  	0.37939808  	0.38359061  	0.23897132  	0.21333896  	0.62027770  	0.62397230  
2020-07-17 21:49:04.847: [iter 88 : loss : 31.744653, time: 0.281183]
2020-07-17 21:49:04.878: epoch 88:	0.31516457  	0.25503713  	0.21635719  	0.32914793  	0.37912527  	0.38270250  	0.23833123  	0.21297035  	0.61881709  	0.62225300  
2020-07-17 21:49:05.128: [iter 89 : loss : 31.071278, time: 0.249918]
2020-07-17 21:49:05.175: epoch 89:	0.31251329  	0.25376448  	0.21374725  	0.32788065  	0.37721536  	0.38139763  	0.23622388  	0.21142483  	0.62489992  	0.62839293  
2020-07-17 21:49:05.409: [iter 90 : loss : 31.078161, time: 0.234319]
2020-07-17 21:49:05.456: epoch 90:	0.31145278  	0.25471905  	0.21434955  	0.32903561  	0.37659985  	0.38209033  	0.23585813  	0.21196899  	0.62188089  	0.62549877  
2020-07-17 21:49:05.722: [iter 91 : loss : 31.331931, time: 0.265596]
2020-07-17 21:49:05.768: epoch 91:	0.31304345  	0.25381756  	0.21495052  	0.32888424  	0.37700689  	0.38124412  	0.23566657  	0.21074399  	0.62327272  	0.62744498  
2020-07-17 21:49:06.018: [iter 92 : loss : 31.009554, time: 0.249941]
2020-07-17 21:49:06.050: epoch 92:	0.31124085  	0.25190872  	0.21247670  	0.32694390  	0.37381515  	0.37819576  	0.23410237  	0.20897833  	0.61108780  	0.61518097  
2020-07-17 21:49:06.300: [iter 93 : loss : 30.654604, time: 0.249941]
2020-07-17 21:49:06.346: epoch 93:	0.30848363  	0.25212082  	0.21280153  	0.32812193  	0.36901870  	0.37564602  	0.22921376  	0.20675790  	0.59924710  	0.60244739  
2020-07-17 21:49:06.628: [iter 94 : loss : 30.262405, time: 0.281184]
2020-07-17 21:49:06.674: epoch 94:	0.30752924  	0.25137857  	0.21138610  	0.32546201  	0.36826280  	0.37460372  	0.22840862  	0.20611541  	0.60049278  	0.60375190  
2020-07-17 21:49:06.940: [iter 95 : loss : 29.246692, time: 0.265562]
2020-07-17 21:49:06.987: epoch 95:	0.30402982  	0.25010592  	0.21003988  	0.32586142  	0.36529908  	0.37330499  	0.22556990  	0.20397656  	0.60061371  	0.60475343  
2020-07-17 21:49:07.237: [iter 96 : loss : 29.226451, time: 0.249941]
2020-07-17 21:49:07.268: epoch 96:	0.30286336  	0.24994695  	0.20992424  	0.32560834  	0.36371946  	0.37251359  	0.22381681  	0.20314930  	0.60078126  	0.60498112  
2020-07-17 21:49:07.518: [iter 97 : loss : 29.138244, time: 0.249941]
2020-07-17 21:49:07.549: epoch 97:	0.30318153  	0.24936366  	0.21113919  	0.32498372  	0.36406180  	0.37172949  	0.22332703  	0.20219870  	0.60112864  	0.60510987  
2020-07-17 21:49:07.830: [iter 98 : loss : 28.390751, time: 0.281185]
2020-07-17 21:49:07.862: epoch 98:	0.30212104  	0.24835616  	0.20911297  	0.32363591  	0.36413926  	0.37162796  	0.22437759  	0.20249338  	0.60668743  	0.61073667  
2020-07-17 21:49:08.112: [iter 99 : loss : 28.366702, time: 0.249942]
2020-07-17 21:49:08.143: epoch 99:	0.30307531  	0.24872734  	0.20848490  	0.32358256  	0.36388081  	0.37141573  	0.22414654  	0.20270140  	0.60287118  	0.60658824  
2020-07-17 21:49:08.393: [iter 100 : loss : 28.422278, time: 0.249933]
2020-07-17 21:49:08.440: epoch 100:	0.30201486  	0.24851534  	0.20758301  	0.32472345  	0.36229160  	0.37077248  	0.22365458  	0.20228192  	0.59469259  	0.59869772  
2020-07-17 21:49:08.752: [iter 101 : loss : 27.435937, time: 0.312403]
2020-07-17 21:49:08.783: epoch 101:	0.30095458  	0.24840929  	0.20776117  	0.32407397  	0.36086646  	0.36975801  	0.22237015  	0.20185171  	0.59072626  	0.59463561  
2020-07-17 21:49:09.049: [iter 102 : loss : 27.154752, time: 0.265562]
2020-07-17 21:49:09.096: epoch 102:	0.29925787  	0.24734887  	0.20587096  	0.32259947  	0.35962841  	0.36882210  	0.22165042  	0.20108508  	0.59418875  	0.59877312  
2020-07-17 21:49:09.346: [iter 103 : loss : 27.118675, time: 0.249940]
2020-07-17 21:49:09.377: epoch 103:	0.30084845  	0.24718978  	0.20855285  	0.32293335  	0.36191857  	0.36944827  	0.22292508  	0.20135614  	0.59730494  	0.60193461  
2020-07-17 21:49:09.689: [iter 104 : loss : 26.003326, time: 0.312427]
2020-07-17 21:49:09.721: epoch 104:	0.30000025  	0.24697776  	0.20676760  	0.32230633  	0.36077467  	0.36872053  	0.22178125  	0.20041086  	0.59634072  	0.60061240  
2020-07-17 21:49:10.033: [iter 105 : loss : 26.876885, time: 0.312427]
2020-07-17 21:49:10.080: epoch 105:	0.30000007  	0.24676564  	0.20656207  	0.32243803  	0.36022529  	0.36849236  	0.22133134  	0.20032933  	0.59372509  	0.59813315  
2020-07-17 21:49:10.330: [iter 106 : loss : 26.162467, time: 0.249941]
2020-07-17 21:49:10.361: epoch 106:	0.29734901  	0.24697769  	0.20435022  	0.32357523  	0.35759899  	0.36820725  	0.22012272  	0.20007488  	0.58903098  	0.59422278  
2020-07-17 21:49:10.642: [iter 107 : loss : 25.670154, time: 0.281184]
2020-07-17 21:49:10.689: epoch 107:	0.29936379  	0.24559921  	0.20655015  	0.32092801  	0.35803229  	0.36597687  	0.21981892  	0.19888026  	0.58617109  	0.59039903  
2020-07-17 21:49:10.955: [iter 108 : loss : 25.524046, time: 0.265562]
2020-07-17 21:49:10.986: epoch 108:	0.29862154  	0.24448569  	0.20523444  	0.31945869  	0.35559350  	0.36325029  	0.21807854  	0.19619212  	0.58146226  	0.58590406  
2020-07-17 21:49:11.251: [iter 109 : loss : 25.827939, time: 0.265563]
2020-07-17 21:49:11.283: epoch 109:	0.29671264  	0.24406147  	0.20606020  	0.31856611  	0.35520044  	0.36336496  	0.21665758  	0.19622150  	0.58438772  	0.58810931  
2020-07-17 21:49:11.564: [iter 110 : loss : 24.814232, time: 0.281183]
2020-07-17 21:49:11.611: epoch 110:	0.29681879  	0.24390234  	0.20533736  	0.31851581  	0.35536981  	0.36321974  	0.21695070  	0.19609840  	0.58533496  	0.58949023  
2020-07-17 21:49:11.861: [iter 111 : loss : 24.972390, time: 0.249942]
2020-07-17 21:49:11.908: epoch 111:	0.29575825  	0.24247080  	0.20558393  	0.31484771  	0.35283580  	0.35964808  	0.21502569  	0.19381703  	0.57721639  	0.58113384  
2020-07-17 21:49:12.173: [iter 112 : loss : 25.440069, time: 0.265563]
2020-07-17 21:49:12.204: epoch 112:	0.29363742  	0.24199367  	0.20340176  	0.31385177  	0.35007757  	0.35783026  	0.21244439  	0.19230665  	0.57469738  	0.57866377  
2020-07-17 21:49:12.517: [iter 113 : loss : 24.200220, time: 0.312426]
2020-07-17 21:49:12.548: epoch 113:	0.29384956  	0.24199367  	0.20441294  	0.31520733  	0.34989560  	0.35801387  	0.21210492  	0.19184548  	0.57741833  	0.58107698  
2020-07-17 21:49:12.829: [iter 114 : loss : 24.597603, time: 0.281183]
2020-07-17 21:49:12.860: epoch 114:	0.29384959  	0.24135737  	0.20366469  	0.31533062  	0.34985882  	0.35775125  	0.21227314  	0.19196329  	0.57573247  	0.57984298  
2020-07-17 21:49:13.142: [iter 115 : loss : 23.996013, time: 0.281198]
2020-07-17 21:49:13.173: epoch 115:	0.29204682  	0.24077417  	0.20486203  	0.31557140  	0.34907743  	0.35757723  	0.21066889  	0.19121228  	0.57582515  	0.58010989  
2020-07-17 21:49:13.454: [iter 116 : loss : 23.936898, time: 0.281214]
2020-07-17 21:49:13.501: epoch 116:	0.29310718  	0.24225873  	0.20434237  	0.31665739  	0.34971824  	0.35895160  	0.21132620  	0.19226904  	0.57616150  	0.58061278  
2020-07-17 21:49:13.751: [iter 117 : loss : 23.612166, time: 0.249964]
2020-07-17 21:49:13.782: epoch 117:	0.29130447  	0.24072112  	0.20318614  	0.31669545  	0.34868079  	0.35834342  	0.21049190  	0.19150165  	0.57688451  	0.58180690  
2020-07-17 21:49:14.048: [iter 118 : loss : 23.123268, time: 0.265563]
2020-07-17 21:49:14.079: epoch 118:	0.29289520  	0.24135734  	0.20452093  	0.31927273  	0.34939381  	0.35901430  	0.21038768  	0.19117329  	0.57659739  	0.58139694  
2020-07-17 21:49:14.360: [iter 119 : loss : 23.192072, time: 0.281184]
2020-07-17 21:49:14.407: epoch 119:	0.29183471  	0.24003181  	0.20375441  	0.31764206  	0.34933650  	0.35828540  	0.21022153  	0.19077851  	0.58077204  	0.58499861  
2020-07-17 21:49:14.657: [iter 120 : loss : 23.077195, time: 0.249923]
2020-07-17 21:49:14.688: epoch 120:	0.29278901  	0.24066801  	0.20491220  	0.31756902  	0.34927768  	0.35767964  	0.21043220  	0.19028789  	0.57814813  	0.58268905  
2020-07-17 21:49:14.954: [iter 121 : loss : 23.075407, time: 0.265555]
2020-07-17 21:49:14.985: epoch 121:	0.28981993  	0.23944861  	0.20099756  	0.31576121  	0.34611019  	0.35587662  	0.20866391  	0.18913427  	0.57168645  	0.57716042  
2020-07-17 21:49:15.282: [iter 122 : loss : 22.623965, time: 0.296816]
2020-07-17 21:49:15.329: epoch 122:	0.29130444  	0.23944859  	0.20325813  	0.31604674  	0.34713045  	0.35588792  	0.20941709  	0.18966189  	0.56760132  	0.57243168  
2020-07-17 21:49:15.594: [iter 123 : loss : 22.760064, time: 0.265563]
2020-07-17 21:49:15.625: epoch 123:	0.29268304  	0.23632027  	0.20493761  	0.31320766  	0.35072485  	0.35590607  	0.21234177  	0.19035551  	0.57868814  	0.58361834  
2020-07-17 21:49:15.891: [iter 124 : loss : 22.158650, time: 0.249942]
2020-07-17 21:49:15.922: epoch 124:	0.29501596  	0.23690359  	0.20770128  	0.31476107  	0.35159203  	0.35573784  	0.21153150  	0.18929897  	0.57967287  	0.58495891  
2020-07-17 21:49:16.188: [iter 125 : loss : 21.940834, time: 0.265536]
2020-07-17 21:49:16.219: epoch 125:	0.29278904  	0.23769890  	0.20533201  	0.31519738  	0.34955648  	0.35606378  	0.21027969  	0.18930867  	0.57887161  	0.58388132  
2020-07-17 21:49:16.500: [iter 126 : loss : 21.907914, time: 0.281182]
2020-07-17 21:49:16.531: epoch 126:	0.29077423  	0.23679751  	0.20365813  	0.31508014  	0.34696627  	0.35441983  	0.20809855  	0.18763992  	0.57649684  	0.58172405  
2020-07-17 21:49:16.797: [iter 127 : loss : 22.069788, time: 0.265562]
2020-07-17 21:49:16.844: epoch 127:	0.29119843  	0.23801701  	0.20512289  	0.31636938  	0.34562939  	0.35375026  	0.20676123  	0.18686058  	0.56904578  	0.57414013  
2020-07-17 21:49:17.109: [iter 128 : loss : 21.392485, time: 0.265564]
2020-07-17 21:49:17.141: epoch 128:	0.29066822  	0.23663840  	0.20506658  	0.31570405  	0.34535420  	0.35315967  	0.20648566  	0.18667774  	0.56851465  	0.57313865  
2020-07-17 21:49:17.438: [iter 129 : loss : 21.195429, time: 0.296838]
2020-07-17 21:49:17.484: epoch 129:	0.28791112  	0.23642632  	0.20141399  	0.31642798  	0.34333834  	0.35323489  	0.20530459  	0.18616977  	0.57102096  	0.57591069  
2020-07-17 21:49:17.734: [iter 130 : loss : 20.723077, time: 0.249942]
2020-07-17 21:49:17.781: epoch 130:	0.28642642  	0.23568408  	0.20084164  	0.31486845  	0.34302172  	0.35307813  	0.20463543  	0.18615676  	0.57469517  	0.57927364  
2020-07-17 21:49:18.031: [iter 131 : loss : 21.749279, time: 0.249941]
2020-07-17 21:49:18.078: epoch 131:	0.28653255  	0.23525980  	0.19953424  	0.31413186  	0.34069949  	0.35106680  	0.20322831  	0.18474135  	0.56522858  	0.57031018  
2020-07-17 21:49:18.359: [iter 132 : loss : 20.774830, time: 0.281183]
2020-07-17 21:49:18.406: epoch 132:	0.28472975  	0.23340406  	0.19931877  	0.31174225  	0.34143093  	0.35072747  	0.20328577  	0.18461585  	0.57339156  	0.57854652  
2020-07-17 21:49:18.672: [iter 133 : loss : 20.338556, time: 0.265562]
2020-07-17 21:49:18.703: epoch 133:	0.28197271  	0.23244965  	0.19854842  	0.31234404  	0.33861473  	0.34940702  	0.20041274  	0.18284510  	0.57189685  	0.57692492  
2020-07-17 21:49:18.968: [iter 134 : loss : 21.473961, time: 0.265562]
2020-07-17 21:49:19.000: epoch 134:	0.28398755  	0.23324503  	0.19870226  	0.31252816  	0.34056589  	0.35055539  	0.20195501  	0.18398824  	0.57483983  	0.57976693  
2020-07-17 21:49:19.296: [iter 135 : loss : 20.002528, time: 0.296806]
2020-07-17 21:49:19.328: epoch 135:	0.28282103  	0.23366915  	0.19846745  	0.31109452  	0.33877346  	0.34942538  	0.20039484  	0.18312222  	0.57236761  	0.57725650  
2020-07-17 21:49:19.593: [iter 136 : loss : 19.863689, time: 0.265563]
2020-07-17 21:49:19.624: epoch 136:	0.28388134  	0.23419943  	0.19981614  	0.31193191  	0.33926427  	0.34976685  	0.20159954  	0.18362971  	0.56589693  	0.57098621  
2020-07-17 21:49:19.890: [iter 137 : loss : 20.307476, time: 0.249934]
2020-07-17 21:49:19.921: epoch 137:	0.28377536  	0.23366919  	0.19965063  	0.31182739  	0.33913958  	0.34937918  	0.20117858  	0.18330289  	0.56733006  	0.57193381  
2020-07-17 21:49:20.202: [iter 138 : loss : 19.784560, time: 0.281183]
2020-07-17 21:49:20.234: epoch 138:	0.28176042  	0.23255578  	0.19760036  	0.30991933  	0.33726770  	0.34806654  	0.19981490  	0.18254389  	0.56565118  	0.57082492  
2020-07-17 21:49:20.499: [iter 139 : loss : 19.634589, time: 0.265562]
2020-07-17 21:49:20.531: epoch 139:	0.28356317  	0.23085903  	0.19904873  	0.30711660  	0.33617774  	0.34399286  	0.19909765  	0.17978245  	0.55661768  	0.56140232  
2020-07-17 21:49:20.812: [iter 140 : loss : 19.681033, time: 0.281184]
2020-07-17 21:49:20.843: epoch 140:	0.28229064  	0.23091199  	0.19875893  	0.30654958  	0.33615628  	0.34481597  	0.19894144  	0.18088460  	0.55808258  	0.56293207  
2020-07-17 21:49:21.124: [iter 141 : loss : 19.088165, time: 0.281183]
2020-07-17 21:49:21.171: epoch 141:	0.28059399  	0.23128308  	0.19708967  	0.30846733  	0.33534425  	0.34557307  	0.19766861  	0.18026890  	0.56424659  	0.56919128  
2020-07-17 21:49:21.421: [iter 142 : loss : 19.471441, time: 0.249943]
2020-07-17 21:49:21.452: epoch 142:	0.27995774  	0.23234352  	0.19792303  	0.30993739  	0.33517778  	0.34686354  	0.19698860  	0.18110415  	0.56822962  	0.57295275  
2020-07-17 21:49:21.702: [iter 143 : loss : 19.273799, time: 0.249941]
2020-07-17 21:49:21.749: epoch 143:	0.28038198  	0.23266163  	0.19657157  	0.30849525  	0.33380556  	0.34549674  	0.19647977  	0.18030305  	0.56133479  	0.56634998  
2020-07-17 21:49:22.015: [iter 144 : loss : 19.622707, time: 0.265562]
2020-07-17 21:49:22.061: epoch 144:	0.28133631  	0.23112395  	0.19934201  	0.30847070  	0.33571339  	0.34544399  	0.19769023  	0.18030779  	0.56493628  	0.56985337  
2020-07-17 21:49:22.311: [iter 145 : loss : 18.339915, time: 0.249942]
2020-07-17 21:49:22.343: epoch 145:	0.28016993  	0.23069991  	0.19811368  	0.30831301  	0.33543551  	0.34572175  	0.19833782  	0.18067992  	0.56659013  	0.57141018  
2020-07-17 21:49:22.593: [iter 146 : loss : 18.536943, time: 0.249944]
2020-07-17 21:49:22.624: epoch 146:	0.27974567  	0.23080598  	0.19724467  	0.30704662  	0.33607224  	0.34602231  	0.19900723  	0.18099280  	0.57188076  	0.57663989  
2020-07-17 21:49:22.905: [iter 147 : loss : 18.472947, time: 0.281184]
2020-07-17 21:49:22.952: epoch 147:	0.27910930  	0.23016977  	0.19626425  	0.30627248  	0.33595586  	0.34596348  	0.19892132  	0.18109639  	0.57037234  	0.57566273  
2020-07-17 21:49:23.202: [iter 148 : loss : 18.831173, time: 0.249941]
2020-07-17 21:49:23.233: epoch 148:	0.27773082  	0.22921538  	0.19584821  	0.30427921  	0.33368272  	0.34367457  	0.19747986  	0.17985894  	0.56289887  	0.56817257  
2020-07-17 21:49:23.483: [iter 149 : loss : 18.176546, time: 0.249918]
2020-07-17 21:49:23.514: epoch 149:	0.27497372  	0.22868511  	0.19562112  	0.30437389  	0.33208779  	0.34351316  	0.19666694  	0.17987403  	0.56301969  	0.56837982  
2020-07-17 21:49:23.764: [iter 150 : loss : 17.793982, time: 0.249942]
2020-07-17 21:49:23.811: epoch 150:	0.27614030  	0.23016974  	0.19575658  	0.30659756  	0.33422232  	0.34601817  	0.19847785  	0.18179172  	0.56952834  	0.57437563  
2020-07-17 21:49:24.077: [iter 151 : loss : 18.224215, time: 0.265593]
2020-07-17 21:49:24.123: epoch 151:	0.27603421  	0.23022279  	0.19503918  	0.30667326  	0.33253273  	0.34466362  	0.19680746  	0.18066907  	0.56354940  	0.56835556  
2020-07-17 21:49:24.358: [iter 152 : loss : 17.962132, time: 0.234347]
2020-07-17 21:49:24.405: epoch 152:	0.27444348  	0.22921531  	0.19379833  	0.30693409  	0.33039013  	0.34347183  	0.19552889  	0.17982075  	0.55905259  	0.56453300  
2020-07-17 21:49:24.655: [iter 153 : loss : 17.669581, time: 0.249971]
2020-07-17 21:49:24.686: epoch 153:	0.27507979  	0.22916228  	0.19392033  	0.30686700  	0.33164215  	0.34416217  	0.19615087  	0.17989926  	0.56473011  	0.57061756  
2020-07-17 21:49:24.967: [iter 154 : loss : 17.632191, time: 0.281210]
2020-07-17 21:49:25.014: epoch 154:	0.27338299  	0.22831394  	0.19301918  	0.30559582  	0.32924458  	0.34265095  	0.19399936  	0.17915244  	0.55984068  	0.56523889  
2020-07-17 21:49:25.264: [iter 155 : loss : 17.685230, time: 0.249979]
2020-07-17 21:49:25.295: epoch 155:	0.27529189  	0.22831386  	0.19546762  	0.30693004  	0.33104929  	0.34308910  	0.19540247  	0.17968976  	0.55857021  	0.56393319  
2020-07-17 21:49:25.545: [iter 156 : loss : 17.303102, time: 0.249940]
2020-07-17 21:49:25.576: epoch 156:	0.27592811  	0.22704141  	0.19628485  	0.30315623  	0.32891893  	0.33903518  	0.19376197  	0.17729115  	0.54642457  	0.55143958  
2020-07-17 21:49:25.857: [iter 157 : loss : 17.013585, time: 0.281184]
2020-07-17 21:49:25.889: epoch 157:	0.27126226  	0.22672331  	0.19225845  	0.30478206  	0.32527322  	0.33889642  	0.19146633  	0.17662644  	0.54542649  	0.55085182  
2020-07-17 21:49:26.139: [iter 158 : loss : 17.903790, time: 0.249916]
2020-07-17 21:49:26.185: epoch 158:	0.27433753  	0.22645819  	0.19356893  	0.30466712  	0.32717526  	0.33862051  	0.19234982  	0.17606357  	0.54796749  	0.55305845  
2020-07-17 21:49:26.435: [iter 159 : loss : 17.617911, time: 0.249942]
2020-07-17 21:49:26.467: epoch 159:	0.27444354  	0.22629908  	0.19311625  	0.30408341  	0.32627428  	0.33734560  	0.19194384  	0.17488952  	0.54674977  	0.55224913  
2020-07-17 21:49:26.732: [iter 160 : loss : 17.175790, time: 0.265549]
2020-07-17 21:49:26.779: epoch 160:	0.27295879  	0.22714737  	0.19164583  	0.30380309  	0.32359061  	0.33641875  	0.18990600  	0.17437796  	0.54169422  	0.54739660  
2020-07-17 21:49:27.029: [iter 161 : loss : 17.039409, time: 0.249968]
2020-07-17 21:49:27.076: epoch 161:	0.27264065  	0.22688216  	0.19144170  	0.30364886  	0.32244697  	0.33531436  	0.18895636  	0.17353414  	0.53540570  	0.54138452  
2020-07-17 21:49:27.326: [iter 162 : loss : 17.270226, time: 0.249914]
2020-07-17 21:49:27.373: epoch 162:	0.27030778  	0.22592792  	0.19066708  	0.30200130  	0.32368422  	0.33678073  	0.19031583  	0.17481977  	0.54519027  	0.55144119  
2020-07-17 21:49:27.638: [iter 163 : loss : 16.669430, time: 0.265563]
2020-07-17 21:49:27.685: epoch 163:	0.27221656  	0.22465546  	0.19211954  	0.30166376  	0.32313609  	0.33471349  	0.18932989  	0.17336963  	0.53963137  	0.54566646  
2020-07-17 21:49:27.935: [iter 164 : loss : 16.985405, time: 0.249941]
2020-07-17 21:49:27.966: epoch 164:	0.27126220  	0.22635210  	0.19099727  	0.30242339  	0.32381150  	0.33704260  	0.19052511  	0.17514020  	0.54346615  	0.54963309  
2020-07-17 21:49:28.216: [iter 165 : loss : 16.516208, time: 0.249950]
2020-07-17 21:49:28.263: epoch 165:	0.27189845  	0.22566281  	0.19321685  	0.30222097  	0.32470977  	0.33682558  	0.19052745  	0.17481697  	0.54614550  	0.55187654  
2020-07-17 21:49:28.544: [iter 166 : loss : 16.659889, time: 0.265564]
2020-07-17 21:49:28.576: epoch 166:	0.27264076  	0.22550376  	0.19512887  	0.30265298  	0.32433230  	0.33575803  	0.18962775  	0.17358990  	0.54129159  	0.54714161  
2020-07-17 21:49:28.825: [iter 167 : loss : 16.440826, time: 0.249942]
2020-07-17 21:49:28.857: epoch 167:	0.27030784  	0.22560975  	0.19237502  	0.30240548  	0.32374176  	0.33690429  	0.19007027  	0.17503737  	0.54445994  	0.55100042  
2020-07-17 21:49:29.107: [iter 168 : loss : 16.627000, time: 0.249942]
2020-07-17 21:49:29.154: epoch 168:	0.27062595  	0.22529161  	0.19382921  	0.30228817  	0.32398698  	0.33633175  	0.19037974  	0.17480098  	0.54426706  	0.55020607  
2020-07-17 21:49:29.435: [iter 169 : loss : 16.740638, time: 0.281160]
2020-07-17 21:49:29.482: epoch 169:	0.26776278  	0.22645819  	0.19025630  	0.30326828  	0.31977096  	0.33559269  	0.18670559  	0.17356932  	0.53776014  	0.54366833  
2020-07-17 21:49:29.731: [iter 170 : loss : 16.360456, time: 0.249941]
2020-07-17 21:49:29.763: epoch 170:	0.26998961  	0.22534470  	0.19103320  	0.30215061  	0.32208425  	0.33564174  	0.18900809  	0.17410927  	0.54166204  	0.54766941  
2020-07-17 21:49:30.013: [iter 171 : loss : 16.072288, time: 0.249940]
2020-07-17 21:49:30.044: epoch 171:	0.27380714  	0.22560978  	0.19405600  	0.30223203  	0.32402095  	0.33498916  	0.18968028  	0.17367099  	0.53985393  	0.54486400  
2020-07-17 21:49:30.325: [iter 172 : loss : 15.877186, time: 0.281183]
2020-07-17 21:49:30.356: epoch 172:	0.27327698  	0.22545068  	0.19450743  	0.30060074  	0.32419246  	0.33490968  	0.18980376  	0.17375092  	0.54164863  	0.54684842  
2020-07-17 21:49:30.606: [iter 173 : loss : 16.553192, time: 0.249942]
2020-07-17 21:49:30.653: epoch 173:	0.27232239  	0.22529162  	0.19333945  	0.30025706  	0.32430834  	0.33568710  	0.19025899  	0.17447789  	0.54337317  	0.54899889  
2020-07-17 21:49:30.887: [iter 174 : loss : 15.259419, time: 0.234320]
2020-07-17 21:49:30.934: epoch 174:	0.27264056  	0.22375402  	0.19263460  	0.30116186  	0.32398856  	0.33507457  	0.18979445  	0.17386919  	0.54231745  	0.54799789  
2020-07-17 21:49:31.184: [iter 175 : loss : 15.802670, time: 0.249971]
2020-07-17 21:49:31.231: epoch 175:	0.27327695  	0.22354198  	0.19445570  	0.30084705  	0.32403943  	0.33408120  	0.18979229  	0.17352144  	0.53781980  	0.54315388  
2020-07-17 21:49:31.512: [iter 176 : loss : 15.999145, time: 0.281183]
2020-07-17 21:49:31.544: epoch 176:	0.27126208  	0.22396606  	0.19237788  	0.30080110  	0.32170573  	0.33355585  	0.18796754  	0.17295471  	0.53532720  	0.54081208  
2020-07-17 21:49:31.794: [iter 177 : loss : 15.659524, time: 0.249916]
2020-07-17 21:49:31.840: epoch 177:	0.27009568  	0.22423112  	0.19009668  	0.30072796  	0.32152668  	0.33421576  	0.18839213  	0.17326277  	0.54152948  	0.54725087  
2020-07-17 21:49:32.090: [iter 178 : loss : 15.631072, time: 0.249942]
2020-07-17 21:49:32.122: epoch 178:	0.27136818  	0.22311765  	0.19229124  	0.29788622  	0.32196561  	0.33196101  	0.18863660  	0.17191689  	0.54014212  	0.54521060  
2020-07-17 21:49:32.403: [iter 179 : loss : 15.680278, time: 0.281210]
2020-07-17 21:49:32.434: epoch 179:	0.26808068  	0.22248150  	0.19137371  	0.30063364  	0.31805179  	0.33068720  	0.18494134  	0.17003958  	0.53480375  	0.54007971  
2020-07-17 21:49:32.684: [iter 180 : loss : 15.154197, time: 0.249915]
2020-07-17 21:49:32.731: epoch 180:	0.26808074  	0.22332986  	0.19197656  	0.29958659  	0.31768104  	0.33050403  	0.18417186  	0.16983727  	0.53507245  	0.54060334  
2020-07-17 21:49:32.981: [iter 181 : loss : 15.064397, time: 0.249938]
2020-07-17 21:49:33.012: epoch 181:	0.26935333  	0.22306480  	0.19252972  	0.29947975  	0.31824282  	0.33003935  	0.18448523  	0.16890611  	0.53378385  	0.53921425  
2020-07-17 21:49:33.293: [iter 182 : loss : 14.973626, time: 0.281188]
2020-07-17 21:49:33.324: epoch 182:	0.26596001  	0.22120892  	0.19097683  	0.29947555  	0.31620994  	0.32902336  	0.18311512  	0.16822162  	0.53279907  	0.53836805  
2020-07-17 21:49:33.590: [iter 183 : loss : 15.355605, time: 0.265562]
2020-07-17 21:49:33.621: epoch 183:	0.26744455  	0.22211038  	0.19018035  	0.30024928  	0.31888759  	0.33141428  	0.18610638  	0.17008905  	0.53827256  	0.54454392  
2020-07-17 21:49:33.871: [iter 184 : loss : 14.923171, time: 0.249942]
2020-07-17 21:49:33.918: epoch 184:	0.26977742  	0.22205728  	0.19125615  	0.29893509  	0.32025895  	0.33118042  	0.18715693  	0.17036751  	0.53558147  	0.54159725  
2020-07-17 21:49:34.184: [iter 185 : loss : 14.683432, time: 0.265563]
2020-07-17 21:49:34.215: epoch 185:	0.27041367  	0.22226937  	0.19226247  	0.29875416  	0.32080281  	0.33125505  	0.18711105  	0.17049567  	0.53524953  	0.54134220  
2020-07-17 21:49:34.465: [iter 186 : loss : 15.085210, time: 0.249942]
2020-07-17 21:49:34.496: epoch 186:	0.26924729  	0.22348884  	0.19044799  	0.30101800  	0.32157815  	0.33375251  	0.18771659  	0.17168789  	0.54536068  	0.55192959  
2020-07-17 21:49:34.746: [iter 187 : loss : 14.589584, time: 0.249940]
2020-07-17 21:49:34.793: epoch 187:	0.27115607  	0.22057253  	0.19344740  	0.29711109  	0.32160982  	0.32998201  	0.18795742  	0.16946863  	0.53765649  	0.54431111  
2020-07-17 21:49:35.058: [iter 188 : loss : 15.030712, time: 0.265564]
2020-07-17 21:49:35.105: epoch 188:	0.26935330  	0.22009543  	0.19239706  	0.29582167  	0.32038477  	0.32906669  	0.18636665  	0.16883154  	0.53940320  	0.54513568  
2020-07-17 21:49:35.355: [iter 189 : loss : 14.891785, time: 0.249940]
2020-07-17 21:49:35.386: epoch 189:	0.27020165  	0.22014841  	0.19256561  	0.29697043  	0.32067347  	0.32950041  	0.18748605  	0.16960736  	0.53384542  	0.54005903  
2020-07-17 21:49:35.636: [iter 190 : loss : 14.809050, time: 0.249941]
2020-07-17 21:49:35.683: epoch 190:	0.26924729  	0.22041352  	0.19253321  	0.29724032  	0.31997544  	0.32958519  	0.18634994  	0.16925794  	0.53652447  	0.54259759  
2020-07-17 21:49:35.949: [iter 191 : loss : 14.441608, time: 0.265599]
2020-07-17 21:49:35.980: epoch 191:	0.26892906  	0.22115584  	0.19195627  	0.29628327  	0.31997380  	0.32987633  	0.18632188  	0.16989763  	0.53831476  	0.54401290  
2020-07-17 21:49:36.246: [iter 192 : loss : 14.900194, time: 0.265536]
2020-07-17 21:49:36.277: epoch 192:	0.26945928  	0.22120886  	0.19158143  	0.29727378  	0.31828481  	0.32856363  	0.18471792  	0.16837475  	0.53251576  	0.53831214  
2020-07-17 21:49:36.527: [iter 193 : loss : 14.307093, time: 0.249942]
2020-07-17 21:49:36.558: epoch 193:	0.26755056  	0.22030750  	0.19010977  	0.29614505  	0.31658128  	0.32722703  	0.18401644  	0.16761538  	0.53139943  	0.53730810  
2020-07-17 21:49:36.855: [iter 194 : loss : 14.226291, time: 0.281209]
2020-07-17 21:49:36.886: epoch 194:	0.26977742  	0.22168608  	0.19164340  	0.29813087  	0.31902725  	0.32922798  	0.18624146  	0.16907118  	0.53185719  	0.53794903  
2020-07-17 21:49:37.136: [iter 195 : loss : 14.057845, time: 0.249941]
2020-07-17 21:49:37.167: epoch 195:	0.26882306  	0.22216333  	0.19126381  	0.29894215  	0.31853360  	0.32972372  	0.18548602  	0.16938318  	0.53369832  	0.54019701  
2020-07-17 21:49:37.417: [iter 196 : loss : 14.018712, time: 0.249941]
2020-07-17 21:49:37.464: epoch 196:	0.26988351  	0.22062568  	0.19384705  	0.29660839  	0.32025439  	0.32907525  	0.18665807  	0.16932149  	0.53670335  	0.54238403  
2020-07-17 21:49:37.730: [iter 197 : loss : 13.759196, time: 0.265563]
2020-07-17 21:49:37.761: epoch 197:	0.26818690  	0.22110289  	0.19118473  	0.29764336  	0.31984699  	0.33066067  	0.18645690  	0.17010875  	0.54111046  	0.54724473  
2020-07-17 21:49:38.011: [iter 198 : loss : 13.662946, time: 0.249941]
2020-07-17 21:49:38.058: epoch 198:	0.26617196  	0.21919414  	0.18945526  	0.29504544  	0.31652966  	0.32705927  	0.18436854  	0.16790421  	0.53115654  	0.53776622  
2020-07-17 21:49:38.292: [iter 199 : loss : 13.942096, time: 0.234319]
2020-07-17 21:49:38.339: epoch 199:	0.26458141  	0.21967134  	0.18823363  	0.29526496  	0.31304067  	0.32553017  	0.18221323  	0.16678098  	0.52108502  	0.52795333  
2020-07-17 21:49:38.620: [iter 200 : loss : 13.748262, time: 0.281210]
2020-07-17 21:49:38.651: epoch 200:	0.26489943  	0.22110288  	0.18821581  	0.29721889  	0.31358618  	0.32725465  	0.18176350  	0.16733517  	0.52447039  	0.53059047  
2020-07-17 21:49:38.901: [iter 201 : loss : 14.101062, time: 0.249972]
2020-07-17 21:49:38.948: epoch 201:	0.26352090  	0.22078472  	0.18621588  	0.29817748  	0.31374216  	0.32829782  	0.18206842  	0.16775367  	0.53157294  	0.53830689  
2020-07-17 21:49:39.198: [iter 202 : loss : 14.040052, time: 0.249947]
2020-07-17 21:49:39.229: epoch 202:	0.26574790  	0.21935318  	0.18875016  	0.29626310  	0.31461629  	0.32653168  	0.18242897  	0.16687642  	0.52787471  	0.53445226  
2020-07-17 21:49:39.510: [iter 203 : loss : 13.751679, time: 0.281184]
2020-07-17 21:49:39.542: epoch 203:	0.26564175  	0.21908800  	0.18828800  	0.29534179  	0.31322399  	0.32450128  	0.18103720  	0.16486953  	0.52467239  	0.53124863  
2020-07-17 21:49:39.792: [iter 204 : loss : 13.873515, time: 0.249976]
2020-07-17 21:49:39.838: epoch 204:	0.26670220  	0.21845192  	0.18914475  	0.29451755  	0.31610650  	0.32598925  	0.18298720  	0.16616748  	0.53462237  	0.54049498  
2020-07-17 21:49:40.088: [iter 205 : loss : 13.877169, time: 0.249967]
2020-07-17 21:49:40.120: epoch 205:	0.26383895  	0.21760352  	0.18626598  	0.29376325  	0.31239825  	0.32374650  	0.18015702  	0.16436028  	0.52824050  	0.53477323  
2020-07-17 21:49:40.370: [iter 206 : loss : 13.906159, time: 0.249941]
2020-07-17 21:49:40.401: epoch 206:	0.26436928  	0.21935318  	0.18567760  	0.29474890  	0.31313950  	0.32528162  	0.18116273  	0.16532090  	0.53195572  	0.53806281  
2020-07-17 21:49:40.682: [iter 207 : loss : 13.572156, time: 0.281184]
2020-07-17 21:49:40.713: epoch 207:	0.26436940  	0.21951236  	0.18643543  	0.29515609  	0.31323981  	0.32534614  	0.18128097  	0.16545558  	0.52986699  	0.53593749  
2020-07-17 21:49:40.979: [iter 208 : loss : 13.902294, time: 0.265564]
2020-07-17 21:49:41.010: epoch 208:	0.26150614  	0.21765649  	0.18520029  	0.29261732  	0.30989373  	0.32264489  	0.17900304  	0.16375941  	0.52437943  	0.53082305  
2020-07-17 21:49:41.260: [iter 209 : loss : 13.739644, time: 0.249916]
2020-07-17 21:49:41.291: epoch 209:	0.26150611  	0.21808064  	0.18563160  	0.29377419  	0.31010774  	0.32321519  	0.17917362  	0.16415195  	0.52544868  	0.53168219  
2020-07-17 21:49:41.572: [iter 210 : loss : 14.045506, time: 0.281183]
2020-07-17 21:49:41.604: epoch 210:	0.26299071  	0.21765652  	0.18561386  	0.29397026  	0.31035951  	0.32249734  	0.17924200  	0.16373445  	0.52012342  	0.52630675  
2020-07-17 21:49:41.854: [iter 211 : loss : 13.628021, time: 0.249942]
2020-07-17 21:49:41.901: epoch 211:	0.26140010  	0.21765649  	0.18562868  	0.29405108  	0.30912262  	0.32237452  	0.17802173  	0.16367055  	0.51859248  	0.52460599  
2020-07-17 21:49:42.150: [iter 212 : loss : 13.715599, time: 0.249937]
2020-07-17 21:49:42.182: epoch 212:	0.26330891  	0.21818681  	0.18551025  	0.29307780  	0.31114694  	0.32299906  	0.17966776  	0.16397285  	0.52502877  	0.53154600  
2020-07-17 21:49:42.463: [iter 213 : loss : 12.963894, time: 0.281160]
2020-07-17 21:49:42.494: epoch 213:	0.26373300  	0.21760336  	0.18552238  	0.29345754  	0.31240126  	0.32340980  	0.18127756  	0.16450836  	0.52781028  	0.53396732  
2020-07-17 21:49:42.744: [iter 214 : loss : 13.111917, time: 0.249917]
2020-07-17 21:49:42.775: epoch 214:	0.26203623  	0.21903509  	0.18484972  	0.29356703  	0.31149751  	0.32442468  	0.17999868  	0.16485554  	0.53006339  	0.53683072  
2020-07-17 21:49:43.025: [iter 215 : loss : 13.030074, time: 0.249917]
2020-07-17 21:49:43.072: epoch 215:	0.26065764  	0.21839873  	0.18505560  	0.29157457  	0.31040886  	0.32350382  	0.17916073  	0.16495058  	0.52550012  	0.53253943  
2020-07-17 21:49:43.338: [iter 216 : loss : 13.102267, time: 0.265562]
2020-07-17 21:49:43.385: epoch 216:	0.26288459  	0.21802764  	0.18537308  	0.29166943  	0.31302366  	0.32446674  	0.18114051  	0.16539046  	0.53218716  	0.53880763  
2020-07-17 21:49:43.634: [iter 217 : loss : 13.101172, time: 0.249943]
2020-07-17 21:49:43.666: epoch 217:	0.26171821  	0.21845172  	0.18447055  	0.29265484  	0.31261501  	0.32507589  	0.18096064  	0.16607927  	0.53159899  	0.53783637  
2020-07-17 21:49:43.916: [iter 218 : loss : 12.324341, time: 0.249954]
2020-07-17 21:49:43.947: epoch 218:	0.26129398  	0.21823961  	0.18445873  	0.29254419  	0.31208330  	0.32488909  	0.18004914  	0.16532801  	0.53402865  	0.54032964  
2020-07-17 21:49:44.228: [iter 219 : loss : 12.935782, time: 0.281185]
2020-07-17 21:49:44.259: epoch 219:	0.26033962  	0.21696706  	0.18308637  	0.28959426  	0.31126383  	0.32296756  	0.18056853  	0.16465124  	0.53191447  	0.53831208  
2020-07-17 21:49:44.509: [iter 220 : loss : 12.711018, time: 0.249942]
2020-07-17 21:49:44.541: epoch 220:	0.26320273  	0.21839869  	0.18437991  	0.29123107  	0.31346053  	0.32437485  	0.18267067  	0.16540319  	0.53309357  	0.53949457  
2020-07-17 21:49:44.790: [iter 221 : loss : 12.316756, time: 0.249942]
2020-07-17 21:49:44.822: epoch 221:	0.26330888  	0.21839875  	0.18549810  	0.29253155  	0.31279659  	0.32383734  	0.18186690  	0.16459183  	0.52876848  	0.53510958  
2020-07-17 21:49:45.103: [iter 222 : loss : 12.447512, time: 0.281210]
2020-07-17 21:49:45.134: epoch 222:	0.26277861  	0.21818659  	0.18420452  	0.29212746  	0.31224206  	0.32358968  	0.18132666  	0.16410205  	0.53063500  	0.53693753  
2020-07-17 21:49:45.384: [iter 223 : loss : 12.807546, time: 0.249943]
2020-07-17 21:49:45.431: epoch 223:	0.26193041  	0.21675499  	0.18324050  	0.28900176  	0.31189999  	0.32247281  	0.18041161  	0.16391684  	0.53410238  	0.54045063  
2020-07-17 21:49:45.681: [iter 224 : loss : 12.531391, time: 0.249943]
2020-07-17 21:49:45.728: epoch 224:	0.26097596  	0.21580064  	0.18177512  	0.28723368  	0.31062323  	0.32105628  	0.18007991  	0.16345991  	0.53234553  	0.53898275  
2020-07-17 21:49:45.993: [iter 225 : loss : 12.778319, time: 0.265562]
2020-07-17 21:49:46.040: epoch 225:	0.25970349  	0.21548253  	0.18250272  	0.28844979  	0.30936727  	0.32054678  	0.17879707  	0.16279446  	0.52994043  	0.53615516  
2020-07-17 21:49:46.290: [iter 226 : loss : 12.747270, time: 0.249938]
2020-07-17 21:49:46.321: epoch 226:	0.26246047  	0.21723230  	0.18521212  	0.29033872  	0.31221494  	0.32267100  	0.18051171  	0.16439101  	0.53325480  	0.53936034  
2020-07-17 21:49:46.571: [iter 227 : loss : 12.208611, time: 0.234321]
2020-07-17 21:49:46.618: epoch 227:	0.26288480  	0.21813370  	0.18564767  	0.29090711  	0.31153253  	0.32274595  	0.18032023  	0.16495000  	0.52523524  	0.53174788  
2020-07-17 21:49:46.884: [iter 228 : loss : 12.461404, time: 0.265563]
2020-07-17 21:49:46.931: epoch 228:	0.26224852  	0.21622498  	0.18612261  	0.28934255  	0.31064716  	0.32103103  	0.17925775  	0.16361959  	0.52397835  	0.53040260  
2020-07-17 21:49:47.181: [iter 229 : loss : 12.404132, time: 0.249941]
2020-07-17 21:49:47.212: epoch 229:	0.26352102  	0.21590683  	0.18616882  	0.28853080  	0.31071576  	0.31992507  	0.17929733  	0.16279909  	0.52360511  	0.52955616  
2020-07-17 21:49:47.462: [iter 230 : loss : 12.247731, time: 0.249954]
2020-07-17 21:49:47.509: epoch 230:	0.26256654  	0.21463422  	0.18503736  	0.28909826  	0.30992073  	0.31912667  	0.17947279  	0.16219391  	0.52219212  	0.52851367  
2020-07-17 21:49:47.758: [iter 231 : loss : 11.834990, time: 0.249940]
2020-07-17 21:49:47.790: epoch 231:	0.26288462  	0.21500549  	0.18447596  	0.28911585  	0.30950674  	0.31907058  	0.17883626  	0.16217020  	0.52124637  	0.52711546  
2020-07-17 21:49:48.071: [iter 232 : loss : 11.897934, time: 0.281172]
2020-07-17 21:49:48.102: epoch 232:	0.26214245  	0.21452819  	0.18385087  	0.28772625  	0.30941057  	0.31889251  	0.17916679  	0.16227056  	0.52227420  	0.52797163  
2020-07-17 21:49:48.352: [iter 233 : loss : 12.014246, time: 0.249942]
2020-07-17 21:49:48.383: epoch 233:	0.26203632  	0.21537644  	0.18367511  	0.28919277  	0.30786425  	0.31842181  	0.17756259  	0.16140136  	0.51620531  	0.52214438  
2020-07-17 21:49:48.633: [iter 234 : loss : 12.571481, time: 0.249942]
2020-07-17 21:49:48.680: epoch 234:	0.26161215  	0.21564162  	0.18237254  	0.28814697  	0.30887973  	0.31942564  	0.17888093  	0.16277249  	0.52168947  	0.52785605  
2020-07-17 21:49:48.946: [iter 235 : loss : 12.269496, time: 0.265594]
2020-07-17 21:49:48.977: epoch 235:	0.26171818  	0.21516451  	0.18222927  	0.28839391  	0.30965292  	0.31976986  	0.17986703  	0.16293538  	0.52284926  	0.52936393  
2020-07-17 21:49:49.243: [iter 236 : loss : 12.248178, time: 0.265562]
2020-07-17 21:49:49.274: epoch 236:	0.26235449  	0.21431600  	0.18428800  	0.28787065  	0.31004763  	0.31891507  	0.18000975  	0.16188920  	0.52280945  	0.52890849  
2020-07-17 21:49:49.524: [iter 237 : loss : 11.981970, time: 0.249942]
2020-07-17 21:49:49.571: epoch 237:	0.25980943  	0.21436918  	0.18355338  	0.28507975  	0.30804545  	0.31783375  	0.17825785  	0.16174817  	0.52154487  	0.52733165  
2020-07-17 21:49:49.836: [iter 238 : loss : 12.189051, time: 0.265562]
2020-07-17 21:49:49.867: epoch 238:	0.26129392  	0.21537662  	0.18378991  	0.28858337  	0.30846870  	0.31894785  	0.17829657  	0.16196401  	0.52125508  	0.52720451  
2020-07-17 21:49:50.117: [iter 239 : loss : 11.575536, time: 0.249940]
2020-07-17 21:49:50.164: epoch 239:	0.26023349  	0.21696720  	0.18384640  	0.28972417  	0.30857241  	0.32050562  	0.17839189  	0.16287056  	0.52248383  	0.52860969  
2020-07-17 21:49:50.414: [iter 240 : loss : 12.066266, time: 0.249916]
2020-07-17 21:49:50.445: epoch 240:	0.25991541  	0.21702027  	0.18255430  	0.28930390  	0.30849987  	0.32096353  	0.17850150  	0.16306403  	0.52512950  	0.53154570  
2020-07-17 21:49:50.727: [iter 241 : loss : 11.697671, time: 0.281185]
2020-07-17 21:49:50.758: epoch 241:	0.26065770  	0.21638396  	0.18491620  	0.28858352  	0.30915886  	0.32050011  	0.17824902  	0.16298708  	0.52601272  	0.53200734  
2020-07-17 21:49:51.008: [iter 242 : loss : 12.238225, time: 0.249941]
2020-07-17 21:49:51.039: epoch 242:	0.26299080  	0.21627787  	0.18667759  	0.28851765  	0.31063855  	0.32038635  	0.17858645  	0.16283195  	0.52467066  	0.53008401  
2020-07-17 21:49:51.305: [iter 243 : loss : 12.198139, time: 0.265561]
2020-07-17 21:49:51.336: epoch 243:	0.26097581  	0.21569468  	0.18363412  	0.28722182  	0.30968508  	0.32027522  	0.17879888  	0.16296668  	0.52586955  	0.53167403  
2020-07-17 21:49:51.633: [iter 244 : loss : 11.849026, time: 0.296804]
2020-07-17 21:49:51.664: epoch 244:	0.25949118  	0.21389189  	0.18110831  	0.28515726  	0.30833966  	0.31869340  	0.17810750  	0.16188011  	0.52806354  	0.53473341  
2020-07-17 21:49:51.914: [iter 245 : loss : 11.496993, time: 0.249941]
2020-07-17 21:49:51.945: epoch 245:	0.25980932  	0.21352075  	0.18174677  	0.28399685  	0.30859315  	0.31807968  	0.17845507  	0.16188239  	0.52385008  	0.53030562  
2020-07-17 21:49:52.211: [iter 246 : loss : 11.614574, time: 0.265562]
2020-07-17 21:49:52.242: epoch 246:	0.26214233  	0.21426311  	0.18321075  	0.28535783  	0.31056055  	0.31922221  	0.18004932  	0.16271536  	0.52582288  	0.53205913  
2020-07-17 21:49:52.523: [iter 247 : loss : 11.813816, time: 0.281187]
2020-07-17 21:49:52.554: epoch 247:	0.26182410  	0.21405102  	0.18404289  	0.28584248  	0.30911699  	0.31805876  	0.17798977  	0.16148722  	0.52289581  	0.52894020  
2020-07-17 21:49:52.820: [iter 248 : loss : 11.611193, time: 0.265540]
2020-07-17 21:49:52.851: epoch 248:	0.26267260  	0.21431613  	0.18494035  	0.28670365  	0.31031302  	0.31896454  	0.17972006  	0.16250402  	0.52320647  	0.52936411  
2020-07-17 21:49:53.101: [iter 249 : loss : 11.558746, time: 0.249941]
2020-07-17 21:49:53.148: epoch 249:	0.26055175  	0.21431611  	0.18169153  	0.28596777  	0.30736175  	0.31765333  	0.17808318  	0.16177556  	0.51757067  	0.52391022  
2020-07-17 21:49:53.413: [iter 250 : loss : 11.432269, time: 0.265562]
2020-07-17 21:49:53.460: epoch 250:	0.26256660  	0.21367982  	0.18451424  	0.28397208  	0.30849627  	0.31611854  	0.17896020  	0.16089498  	0.51610798  	0.52195686  
2020-07-17 21:49:53.741: [iter 251 : loss : 11.516623, time: 0.281189]
2020-07-17 21:49:53.773: epoch 251:	0.26256642  	0.21288449  	0.18407241  	0.28416458  	0.30816630  	0.31562489  	0.17831831  	0.16057697  	0.51585215  	0.52184701  
2020-07-17 21:49:54.023: [iter 252 : loss : 11.164983, time: 0.249942]
2020-07-17 21:49:54.070: epoch 252:	0.25980929  	0.21277846  	0.18149471  	0.28518343  	0.30712253  	0.31653374  	0.17742904  	0.16026877  	0.52201658  	0.52821523  
2020-07-17 21:49:54.335: [iter 253 : loss : 11.830457, time: 0.265562]
2020-07-17 21:49:54.382: epoch 253:	0.26023349  	0.21166489  	0.18348296  	0.28316417  	0.30644286  	0.31434613  	0.17679429  	0.15904313  	0.51525366  	0.52098197  
2020-07-17 21:49:54.632: [iter 254 : loss : 11.479709, time: 0.249942]
2020-07-17 21:49:54.663: epoch 254:	0.25896105  	0.21314967  	0.18205668  	0.28431162  	0.30611444  	0.31584102  	0.17653885  	0.15970699  	0.51773816  	0.52384776  
2020-07-17 21:49:54.913: [iter 255 : loss : 11.622279, time: 0.249940]
2020-07-17 21:49:54.944: epoch 255:	0.25821874  	0.21092269  	0.18021578  	0.28308409  	0.30451208  	0.31340116  	0.17488505  	0.15760425  	0.51545775  	0.52180004  
2020-07-17 21:49:55.225: [iter 256 : loss : 11.506214, time: 0.281183]
2020-07-17 21:49:55.257: epoch 256:	0.25768843  	0.21118784  	0.18153916  	0.28396991  	0.30517223  	0.31434494  	0.17477749  	0.15782151  	0.52139163  	0.52726585  
2020-07-17 21:49:55.538: [iter 257 : loss : 11.384246, time: 0.281184]
2020-07-17 21:49:55.585: epoch 257:	0.25800648  	0.21267247  	0.18044873  	0.28535637  	0.30384749  	0.31454760  	0.17447442  	0.15829559  	0.51237231  	0.51909077  
2020-07-17 21:49:55.850: [iter 258 : loss : 11.200279, time: 0.265563]
2020-07-17 21:49:55.882: epoch 258:	0.25790051  	0.21362682  	0.18132934  	0.28543758  	0.30529055  	0.31631592  	0.17556611  	0.15998873  	0.51638502  	0.52272254  
2020-07-17 21:49:56.132: [iter 259 : loss : 11.812996, time: 0.249941]
2020-07-17 21:49:56.163: epoch 259:	0.25652197  	0.21208906  	0.18053931  	0.28370905  	0.30359238  	0.31426743  	0.17411202  	0.15856111  	0.51259470  	0.51846039  
2020-07-17 21:49:56.444: [iter 260 : loss : 10.937463, time: 0.281183]
2020-07-17 21:49:56.491: epoch 260:	0.25790048  	0.21187702  	0.18086585  	0.28279516  	0.30392259  	0.31328824  	0.17509814  	0.15806504  	0.50737792  	0.51341611  
2020-07-17 21:49:56.741: [iter 261 : loss : 11.342883, time: 0.249942]
2020-07-17 21:49:56.788: epoch 261:	0.25577962  	0.21293746  	0.17966036  	0.28644761  	0.30275691  	0.31515744  	0.17359966  	0.15870063  	0.51156884  	0.51826817  
2020-07-17 21:49:57.038: [iter 262 : loss : 11.321401, time: 0.249969]
2020-07-17 21:49:57.069: epoch 262:	0.25630990  	0.21182397  	0.17851840  	0.28260034  	0.30326718  	0.31412721  	0.17473625  	0.15891120  	0.51364321  	0.52039587  
2020-07-17 21:49:57.366: [iter 263 : loss : 11.218587, time: 0.296778]
2020-07-17 21:49:57.412: epoch 263:	0.25641587  	0.21092261  	0.17854242  	0.28203869  	0.30346635  	0.31374070  	0.17503436  	0.15904461  	0.51237333  	0.51907551  
2020-07-17 21:49:57.662: [iter 264 : loss : 11.077413, time: 0.249948]
2020-07-17 21:49:57.694: epoch 264:	0.25726429  	0.21145286  	0.17890306  	0.28181896  	0.30421695  	0.31390941  	0.17528190  	0.15862805  	0.51391506  	0.52084053  
2020-07-17 21:49:57.959: [iter 265 : loss : 11.507631, time: 0.265540]
2020-07-17 21:49:57.990: epoch 265:	0.25577959  	0.21272542  	0.17937505  	0.28454503  	0.30233803  	0.31409153  	0.17364438  	0.15817869  	0.51148045  	0.51804662  
2020-07-17 21:49:58.272: [iter 266 : loss : 11.395554, time: 0.281184]
2020-07-17 21:49:58.303: epoch 266:	0.25397676  	0.21182400  	0.17983492  	0.28269246  	0.30139816  	0.31329519  	0.17194934  	0.15759508  	0.51224750  	0.51786602  
2020-07-17 21:49:58.553: [iter 267 : loss : 10.935980, time: 0.249940]
2020-07-17 21:49:58.600: epoch 267:	0.25376469  	0.21314958  	0.17872439  	0.28448376  	0.29995224  	0.31349525  	0.17118324  	0.15770747  	0.50686085  	0.51305097  
2020-07-17 21:49:58.850: [iter 268 : loss : 10.986767, time: 0.249940]
2020-07-17 21:49:58.881: epoch 268:	0.25715813  	0.21102865  	0.18149884  	0.28249931  	0.30192298  	0.31166896  	0.17222123  	0.15670225  	0.50718057  	0.51318818  
2020-07-17 21:49:59.162: [iter 269 : loss : 10.532470, time: 0.281184]
2020-07-17 21:49:59.193: epoch 269:	0.25811243  	0.21076344  	0.18228558  	0.28242806  	0.30332449  	0.31206536  	0.17375265  	0.15703151  	0.50972235  	0.51541233  
2020-07-17 21:49:59.443: [iter 270 : loss : 10.852707, time: 0.249941]
2020-07-17 21:49:59.490: epoch 270:	0.25779432  	0.20980917  	0.18000147  	0.28071490  	0.30399993  	0.31199226  	0.17510790  	0.15723293  	0.51348126  	0.51963091  
2020-07-17 21:49:59.740: [iter 271 : loss : 10.943152, time: 0.249968]
2020-07-17 21:49:59.771: epoch 271:	0.25758231  	0.21076360  	0.18008924  	0.28028023  	0.30463880  	0.31292966  	0.17598031  	0.15832290  	0.51339054  	0.51954204  
2020-07-17 21:50:00.052: [iter 272 : loss : 10.406747, time: 0.281161]
2020-07-17 21:50:00.084: epoch 272:	0.25843075  	0.20965013  	0.17902729  	0.28032103  	0.30501166  	0.31234643  	0.17707348  	0.15764850  	0.51262152  	0.51915240  
2020-07-17 21:50:00.334: [iter 273 : loss : 10.469632, time: 0.249941]
2020-07-17 21:50:00.365: epoch 273:	0.25535551  	0.20949109  	0.17761539  	0.27922040  	0.30342016  	0.31192228  	0.17525376  	0.15711749  	0.51562232  	0.52203292  
2020-07-17 21:50:00.615: [iter 274 : loss : 10.433310, time: 0.249940]
2020-07-17 21:50:00.662: epoch 274:	0.25726417  	0.20943800  	0.17912802  	0.27948964  	0.30452472  	0.31188634  	0.17540051  	0.15703939  	0.51477718  	0.52102983  
2020-07-17 21:50:00.943: [iter 275 : loss : 10.984120, time: 0.281196]
2020-07-17 21:50:00.974: epoch 275:	0.25546145  	0.20959714  	0.17762902  	0.28052121  	0.30237404  	0.31167403  	0.17425333  	0.15675424  	0.50839287  	0.51500249  
2020-07-17 21:50:01.224: [iter 276 : loss : 10.842183, time: 0.249914]
2020-07-17 21:50:01.271: epoch 276:	0.25535548  	0.21018025  	0.17790255  	0.27981547  	0.30221143  	0.31158841  	0.17442401  	0.15716949  	0.50719869  	0.51383340  
2020-07-17 21:50:01.505: [iter 277 : loss : 10.662813, time: 0.234346]
2020-07-17 21:50:01.552: epoch 277:	0.25312853  	0.20843065  	0.17708552  	0.27760404  	0.29961473  	0.30894271  	0.17142133  	0.15487222  	0.50704575  	0.51357871  
2020-07-17 21:50:01.833: [iter 278 : loss : 10.556223, time: 0.281184]
2020-07-17 21:50:01.865: epoch 278:	0.25355268  	0.21033938  	0.17698418  	0.28088182  	0.30071065  	0.31167513  	0.17203487  	0.15668589  	0.51043046  	0.51651120  
2020-07-17 21:50:02.114: [iter 279 : loss : 10.449418, time: 0.249940]
2020-07-17 21:50:02.146: epoch 279:	0.25684002  	0.20954406  	0.17915332  	0.27876911  	0.30310935  	0.31062359  	0.17335112  	0.15563835  	0.51534212  	0.52121168  
2020-07-17 21:50:02.396: [iter 280 : loss : 10.741591, time: 0.249941]
2020-07-17 21:50:02.443: epoch 280:	0.25758237  	0.21039243  	0.18090975  	0.28045502  	0.30389526  	0.31191257  	0.17382208  	0.15630801  	0.51570880  	0.52217966  
2020-07-17 21:50:02.708: [iter 281 : loss : 10.361269, time: 0.265535]
2020-07-17 21:50:02.755: epoch 281:	0.25662777  	0.21102864  	0.18176883  	0.28239626  	0.30355129  	0.31272131  	0.17371415  	0.15668841  	0.51722163  	0.52328908  
2020-07-17 21:50:03.005: [iter 282 : loss : 10.429346, time: 0.249941]
2020-07-17 21:50:03.036: epoch 282:	0.25482520  	0.20959714  	0.17845717  	0.28020290  	0.30210128  	0.31165990  	0.17285737  	0.15611960  	0.51873648  	0.52487177  
2020-07-17 21:50:03.286: [iter 283 : loss : 10.653527, time: 0.249967]
2020-07-17 21:50:03.317: epoch 283:	0.25397682  	0.20991527  	0.17738561  	0.28048399  	0.29872516  	0.30990621  	0.16930467  	0.15482219  	0.51140815  	0.51677406  
2020-07-17 21:50:03.583: [iter 284 : loss : 10.762878, time: 0.265562]
2020-07-17 21:50:03.614: epoch 284:	0.24931097  	0.21044533  	0.17375189  	0.28193253  	0.29512915  	0.31016272  	0.16773367  	0.15462065  	0.50983173  	0.51629132  
2020-07-17 21:50:03.895: [iter 285 : loss : 10.476598, time: 0.281184]
2020-07-17 21:50:03.927: epoch 285:	0.25323462  	0.20959716  	0.17708132  	0.28065479  	0.29794273  	0.30946767  	0.16930835  	0.15420759  	0.51081842  	0.51654923  
2020-07-17 21:50:04.177: [iter 286 : loss : 10.400383, time: 0.249941]
2020-07-17 21:50:04.223: epoch 286:	0.25440115  	0.21002135  	0.17902571  	0.28138298  	0.29931805  	0.31066924  	0.17075796  	0.15596132  	0.50681829  	0.51272786  
2020-07-17 21:50:04.458: [iter 287 : loss : 9.885432, time: 0.234322]
2020-07-17 21:50:04.505: epoch 287:	0.25556755  	0.21039250  	0.17895973  	0.28113595  	0.30003721  	0.31028610  	0.17148009  	0.15588450  	0.50570762  	0.51130527  
2020-07-17 21:50:04.770: [iter 288 : loss : 10.435342, time: 0.265562]
2020-07-17 21:50:04.817: epoch 288:	0.25376487  	0.21055157  	0.17783681  	0.27995384  	0.29822120  	0.30949989  	0.16999945  	0.15493381  	0.50481516  	0.51060516  
2020-07-17 21:50:05.067: [iter 289 : loss : 10.388795, time: 0.249941]
2020-07-17 21:50:05.098: epoch 289:	0.25270441  	0.20959714  	0.17579864  	0.27862653  	0.29595491  	0.30766705  	0.16821051  	0.15357460  	0.50039953  	0.50668758  
2020-07-17 21:50:05.348: [iter 290 : loss : 10.329245, time: 0.249943]
2020-07-17 21:50:05.379: epoch 290:	0.25228032  	0.21049863  	0.17648451  	0.27961084  	0.29565960  	0.30830392  	0.16738725  	0.15373863  	0.50241494  	0.50842667  
2020-07-17 21:50:05.661: [iter 291 : loss : 10.274977, time: 0.281185]
2020-07-17 21:50:05.692: epoch 291:	0.25174996  	0.20965014  	0.17665319  	0.27863696  	0.29455212  	0.30684730  	0.16734609  	0.15327112  	0.49655080  	0.50301129  
2020-07-17 21:50:05.942: [iter 292 : loss : 10.170004, time: 0.249941]
2020-07-17 21:50:05.973: epoch 292:	0.25291649  	0.21023336  	0.17729746  	0.27976736  	0.29678994  	0.30866995  	0.16954952  	0.15478976  	0.49930912  	0.50567621  
2020-07-17 21:50:06.223: [iter 293 : loss : 10.065014, time: 0.249968]
2020-07-17 21:50:06.270: epoch 293:	0.25281048  	0.21012731  	0.17553110  	0.27879873  	0.29740208  	0.30907521  	0.17062193  	0.15521713  	0.50217623  	0.50874859  
2020-07-17 21:50:06.551: [iter 294 : loss : 10.281454, time: 0.281158]
2020-07-17 21:50:06.582: epoch 294:	0.25228018  	0.20896083  	0.17485000  	0.27766237  	0.29660836  	0.30752835  	0.16953057  	0.15373330  	0.50527269  	0.51230252  
2020-07-17 21:50:06.832: [iter 295 : loss : 10.206564, time: 0.249941]
2020-07-17 21:50:06.863: epoch 295:	0.25397685  	0.20827153  	0.17600034  	0.27708960  	0.29763660  	0.30688488  	0.17011738  	0.15341182  	0.50467169  	0.51173764  
2020-07-17 21:50:07.113: [iter 296 : loss : 9.923848, time: 0.249968]
2020-07-17 21:50:07.145: epoch 296:	0.25228024  	0.20827147  	0.17564622  	0.27716458  	0.29542640  	0.30605793  	0.16880314  	0.15294221  	0.49841714  	0.50546557  
2020-07-17 21:50:07.426: [iter 297 : loss : 10.249514, time: 0.281184]
2020-07-17 21:50:07.473: epoch 297:	0.25238618  	0.20874870  	0.17715818  	0.27786848  	0.29636192  	0.30683467  	0.16883734  	0.15342604  	0.50261730  	0.50880921  
2020-07-17 21:50:07.723: [iter 298 : loss : 9.875499, time: 0.249954]
2020-07-17 21:50:07.769: epoch 298:	0.25217411  	0.20747612  	0.17640068  	0.27728882  	0.29647237  	0.30628127  	0.16888805  	0.15290457  	0.50637227  	0.51278055  
2020-07-17 21:50:08.019: [iter 299 : loss : 9.917168, time: 0.249941]
2020-07-17 21:50:08.051: epoch 299:	0.25259835  	0.20843054  	0.17719768  	0.27931353  	0.29674134  	0.30719107  	0.16885303  	0.15345754  	0.50420022  	0.50992918  
2020-07-17 21:50:08.332: [iter 300 : loss : 10.514544, time: 0.281157]
2020-07-17 21:50:08.363: epoch 300:	0.25079557  	0.20758227  	0.17495480  	0.27980435  	0.29593068  	0.30729729  	0.16844517  	0.15320958  	0.50653034  	0.51316547  
