2021-12-16 02:31:09.342: Dataset name: u1
The number of users: 27508
The number of items: 27508
The number of ratings: 83646
Average actions of users: 3.04
Average actions of items: 3.04
The sparsity of the dataset: 99.988946%
2021-12-16 02:31:09.342: 

NeuRec hyperparameters:
recommender=WRMF
config_dir=./conf
gpu_id=0
gpu_mem=0.5
data.input.path=D:\hsyoo\Workingon_210628/_Data/digg/random-barrier/u1/
data.input.dataset=u1
data.output.path=D:\hsyoo\Workingon_210628/_Emb/digg/random-barrier/wrmf/u1_wrmf_directed_dim16_uniform_send.emb
data.column.format=UI
data.convert.separator='\t'
user_min=0
item_min=0
splitter=given
ratio=0.8
by_time=False
metric=["Precision", "Recall", "NDCG", "MAP", "MRR"]
topk=[10, 20]
group_view=None
rec.evaluate.neg=0
test_batch_size=128
num_thread=8
data.index.remap=False

WRMF's hyperparameters:
epochs=50
embedding_size=16
reg_mf=0.1
alpha=10
init_method=uniform
stddev=0.01
verbose=1
weight=uniform

2021-12-16 03:03:28.947: metrics:	Precision@10	Precision@20	Recall@10   	Recall@20   	NDCG@10     	NDCG@20     	MAP@10      	MAP@20      	MRR@10      	MRR@20      
2021-12-16 03:05:19.993: iteration 1 finished in 111.045792 seconds
2021-12-16 03:05:20.321: epoch 1:	0.00234937  	0.00201769  	0.00975827  	0.01724282  	0.00622665  	0.00842640  	0.00354828  	0.00403988  	0.00853915  	0.00958379  
2021-12-16 03:07:08.718: iteration 2 finished in 108.397569 seconds
2021-12-16 03:07:09.065: epoch 2:	0.00263958  	0.00221808  	0.01294566  	0.02013241  	0.00795186  	0.01016132  	0.00489233  	0.00536631  	0.00966327  	0.01086394  
2021-12-16 03:08:57.909: iteration 3 finished in 108.844368 seconds
2021-12-16 03:08:58.246: epoch 3:	0.00286070  	0.00230100  	0.01452647  	0.02199074  	0.00850472  	0.01070728  	0.00518945  	0.00565775  	0.00947895  	0.01059528  
2021-12-16 03:10:46.398: iteration 4 finished in 108.150692 seconds
2021-12-16 03:10:46.758: epoch 4:	0.00280542  	0.00224572  	0.01427300  	0.02174369  	0.00850524  	0.01073244  	0.00531262  	0.00581762  	0.00946189  	0.01056803  
2021-12-16 03:12:33.798: iteration 5 finished in 107.039433 seconds
2021-12-16 03:12:34.129: epoch 5:	0.00288834  	0.00231482  	0.01476488  	0.02222525  	0.00856172  	0.01078678  	0.00519655  	0.00569304  	0.00947835  	0.01055324  
2021-12-16 03:14:21.405: iteration 6 finished in 107.275889 seconds
2021-12-16 03:14:21.741: epoch 6:	0.00288834  	0.00245992  	0.01492003  	0.02372696  	0.00839388  	0.01101027  	0.00492028  	0.00550520  	0.00929891  	0.01049367  
2021-12-16 03:16:08.235: iteration 7 finished in 106.492649 seconds
2021-12-16 03:16:08.563: epoch 7:	0.00288834  	0.00241847  	0.01425273  	0.02333104  	0.00822452  	0.01091712  	0.00483821  	0.00548763  	0.00933203  	0.01052285  
2021-12-16 03:17:54.440: iteration 8 finished in 105.877084 seconds
2021-12-16 03:17:54.783: epoch 8:	0.00287452  	0.00246683  	0.01416339  	0.02405971  	0.00805684  	0.01096853  	0.00471155  	0.00540378  	0.00892857  	0.01024626  
2021-12-16 03:19:40.159: iteration 9 finished in 105.375772 seconds
2021-12-16 03:19:40.491: epoch 9:	0.00297126  	0.00246683  	0.01456834  	0.02376638  	0.00828891  	0.01097774  	0.00483096  	0.00544363  	0.00929013  	0.01048842  
2021-12-16 03:21:27.121: iteration 10 finished in 106.630028 seconds
2021-12-16 03:21:27.449: epoch 10:	0.00295744  	0.00247374  	0.01401878  	0.02371481  	0.00817014  	0.01096085  	0.00477557  	0.00541324  	0.00935232  	0.01055614  
2021-12-16 03:23:13.214: iteration 11 finished in 105.764763 seconds
2021-12-16 03:23:13.549: epoch 11:	0.00291598  	0.00245992  	0.01364005  	0.02336125  	0.00812908  	0.01094657  	0.00482676  	0.00547682  	0.00937711  	0.01061006  
2021-12-16 03:24:59.322: iteration 12 finished in 105.772209 seconds
2021-12-16 03:24:59.658: epoch 12:	0.00292980  	0.00249447  	0.01356509  	0.02354856  	0.00816159  	0.01104703  	0.00487362  	0.00553404  	0.00947884  	0.01074567  
2021-12-16 03:26:46.133: iteration 13 finished in 106.474515 seconds
2021-12-16 03:26:46.471: epoch 13:	0.00297126  	0.00249447  	0.01385255  	0.02313221  	0.00817162  	0.01087214  	0.00477718  	0.00538149  	0.00953242  	0.01076096  
2021-12-16 03:28:31.899: iteration 14 finished in 105.426715 seconds
2021-12-16 03:28:32.242: epoch 14:	0.00305418  	0.00252211  	0.01426035  	0.02331098  	0.00831423  	0.01094123  	0.00479885  	0.00538588  	0.00967242  	0.01084596  
2021-12-16 03:30:17.641: iteration 15 finished in 105.398952 seconds
2021-12-16 03:30:17.985: epoch 15:	0.00302654  	0.00250829  	0.01444565  	0.02308757  	0.00843271  	0.01097689  	0.00487898  	0.00544019  	0.01005071  	0.01123896  
2021-12-16 03:32:04.039: iteration 16 finished in 106.054142 seconds
2021-12-16 03:32:04.376: epoch 16:	0.00297126  	0.00245992  	0.01420578  	0.02292954  	0.00832914  	0.01090787  	0.00485532  	0.00543926  	0.00985246  	0.01107538  
2021-12-16 03:33:50.721: iteration 17 finished in 106.344795 seconds
2021-12-16 03:33:51.054: epoch 17:	0.00294362  	0.00251520  	0.01394434  	0.02335878  	0.00828773  	0.01107606  	0.00486611  	0.00550069  	0.00992244  	0.01123560  
2021-12-16 03:35:37.903: iteration 18 finished in 106.848766 seconds
2021-12-16 03:35:38.239: epoch 18:	0.00304036  	0.00255666  	0.01419902  	0.02366460  	0.00840645  	0.01119332  	0.00490870  	0.00554539  	0.01002625  	0.01131472  
2021-12-16 03:37:24.868: iteration 19 finished in 106.629523 seconds
2021-12-16 03:37:25.211: epoch 19:	0.00298508  	0.00257048  	0.01413371  	0.02378749  	0.00838944  	0.01126006  	0.00492093  	0.00557488  	0.01004419  	0.01142298  
2021-12-16 03:39:12.516: iteration 20 finished in 107.305316 seconds
2021-12-16 03:39:12.851: epoch 20:	0.00299890  	0.00254975  	0.01422584  	0.02373681  	0.00853043  	0.01135270  	0.00507867  	0.00572264  	0.01023350  	0.01159719  
2021-12-16 03:40:59.450: iteration 21 finished in 106.598629 seconds
2021-12-16 03:40:59.778: epoch 21:	0.00308182  	0.00259812  	0.01457534  	0.02417910  	0.00871001  	0.01153189  	0.00516916  	0.00580231  	0.01044979  	0.01177451  
2021-12-16 03:42:45.918: iteration 22 finished in 106.140673 seconds
2021-12-16 03:42:46.255: epoch 22:	0.00302654  	0.00263958  	0.01431957  	0.02499741  	0.00862146  	0.01171900  	0.00514215  	0.00583752  	0.01039001  	0.01180205  
2021-12-16 03:44:31.043: iteration 23 finished in 104.788129 seconds
2021-12-16 03:44:31.395: epoch 23:	0.00309564  	0.00255666  	0.01448464  	0.02426113  	0.00864401  	0.01146005  	0.00508775  	0.00572606  	0.01043125  	0.01169537  
2021-12-16 03:46:17.155: iteration 24 finished in 105.760585 seconds
2021-12-16 03:46:17.499: epoch 24:	0.00308182  	0.00252902  	0.01448793  	0.02409957  	0.00869104  	0.01145304  	0.00513522  	0.00575929  	0.01059851  	0.01184566  
2021-12-16 03:48:04.047: iteration 25 finished in 106.548197 seconds
2021-12-16 03:48:04.387: epoch 25:	0.00306800  	0.00254284  	0.01440578  	0.02386596  	0.00868689  	0.01143116  	0.00513944  	0.00575362  	0.01075958  	0.01202391  
2021-12-16 03:49:51.331: iteration 26 finished in 106.944062 seconds
2021-12-16 03:49:51.675: epoch 26:	0.00304036  	0.00257048  	0.01429588  	0.02419171  	0.00860827  	0.01148171  	0.00509281  	0.00573758  	0.01065072  	0.01198071  
2021-12-16 03:51:37.519: iteration 27 finished in 105.843697 seconds
2021-12-16 03:51:37.862: epoch 27:	0.00302654  	0.00254975  	0.01411276  	0.02395580  	0.00862619  	0.01147883  	0.00516047  	0.00579791  	0.01067875  	0.01202883  
2021-12-16 03:53:23.958: iteration 28 finished in 106.095839 seconds
2021-12-16 03:53:24.287: epoch 28:	0.00306800  	0.00257048  	0.01421265  	0.02389815  	0.00872004  	0.01154175  	0.00522468  	0.00585262  	0.01078514  	0.01211541  
2021-12-16 03:55:10.595: iteration 29 finished in 106.307730 seconds
2021-12-16 03:55:10.931: epoch 29:	0.00306800  	0.00253593  	0.01413861  	0.02344769  	0.00860442  	0.01134160  	0.00511271  	0.00573193  	0.01058376  	0.01188464  
2021-12-16 03:56:57.316: iteration 30 finished in 106.385209 seconds
2021-12-16 03:56:57.655: epoch 30:	0.00306800  	0.00254975  	0.01427089  	0.02328449  	0.00871468  	0.01140262  	0.00521407  	0.00581874  	0.01071872  	0.01202414  
2021-12-16 03:58:43.926: iteration 31 finished in 106.271103 seconds
2021-12-16 03:58:44.257: epoch 31:	0.00309564  	0.00253593  	0.01431172  	0.02300657  	0.00873113  	0.01132974  	0.00519953  	0.00578239  	0.01080658  	0.01207828  
2021-12-16 04:00:30.721: iteration 32 finished in 106.463002 seconds
2021-12-16 04:00:31.063: epoch 32:	0.00313710  	0.00257048  	0.01424350  	0.02333232  	0.00878039  	0.01147008  	0.00524927  	0.00585489  	0.01089921  	0.01217214  
2021-12-16 04:02:17.100: iteration 33 finished in 106.036630 seconds
2021-12-16 04:02:17.428: epoch 33:	0.00317856  	0.00257739  	0.01448436  	0.02327902  	0.00886396  	0.01146633  	0.00525219  	0.00582880  	0.01104909  	0.01228312  
2021-12-16 04:04:03.904: iteration 34 finished in 106.476238 seconds
2021-12-16 04:04:04.226: epoch 34:	0.00317856  	0.00255666  	0.01461269  	0.02320858  	0.00890004  	0.01144606  	0.00527832  	0.00584157  	0.01103554  	0.01224467  
2021-12-16 04:05:49.094: iteration 35 finished in 104.867962 seconds
2021-12-16 04:05:49.434: epoch 35:	0.00317856  	0.00253593  	0.01471922  	0.02307993  	0.00890398  	0.01138509  	0.00524812  	0.00579844  	0.01100988  	0.01220566  
2021-12-16 04:07:35.353: iteration 36 finished in 105.917830 seconds
2021-12-16 04:07:35.686: epoch 36:	0.00312328  	0.00255666  	0.01438853  	0.02315396  	0.00884868  	0.01145744  	0.00526556  	0.00584615  	0.01110453  	0.01236592  
2021-12-16 04:09:20.885: iteration 37 finished in 105.199006 seconds
2021-12-16 04:09:21.213: epoch 37:	0.00312328  	0.00253593  	0.01427797  	0.02313554  	0.00886519  	0.01147765  	0.00530695  	0.00589155  	0.01115888  	0.01239903  
2021-12-16 04:11:06.936: iteration 38 finished in 105.722251 seconds
2021-12-16 04:11:07.264: epoch 38:	0.00312328  	0.00252211  	0.01436221  	0.02299629  	0.00888976  	0.01144240  	0.00532058  	0.00588991  	0.01116502  	0.01237553  
2021-12-16 04:12:52.734: iteration 39 finished in 105.470025 seconds
2021-12-16 04:12:53.072: epoch 39:	0.00317856  	0.00252902  	0.01455799  	0.02306063  	0.00899294  	0.01149207  	0.00536815  	0.00592111  	0.01127607  	0.01246011  
2021-12-16 04:14:38.777: iteration 40 finished in 105.704948 seconds
2021-12-16 04:14:39.102: epoch 40:	0.00316474  	0.00252902  	0.01465012  	0.02296734  	0.00891175  	0.01137229  	0.00529616  	0.00583496  	0.01091177  	0.01209595  
2021-12-16 04:16:24.291: iteration 41 finished in 105.188546 seconds
2021-12-16 04:16:24.623: epoch 41:	0.00313710  	0.00252211  	0.01465631  	0.02273811  	0.00895357  	0.01136336  	0.00534339  	0.00586191  	0.01100505  	0.01220689  
2021-12-16 04:18:09.121: iteration 42 finished in 104.498415 seconds
2021-12-16 04:18:09.447: epoch 42:	0.00316474  	0.00246683  	0.01493271  	0.02217396  	0.00894464  	0.01112755  	0.00525915  	0.00572483  	0.01090793  	0.01203291  
2021-12-16 04:19:55.131: iteration 43 finished in 105.682849 seconds
2021-12-16 04:19:55.476: epoch 43:	0.00315092  	0.00248065  	0.01473989  	0.02229704  	0.00892285  	0.01118637  	0.00527916  	0.00576987  	0.01093716  	0.01207861  
2021-12-16 04:21:41.353: iteration 44 finished in 105.876592 seconds
2021-12-16 04:21:41.699: epoch 44:	0.00312328  	0.00250138  	0.01453035  	0.02242334  	0.00888415  	0.01125210  	0.00528858  	0.00580359  	0.01092482  	0.01211006  
2021-12-16 04:23:26.467: iteration 45 finished in 104.768471 seconds
2021-12-16 04:23:26.801: epoch 45:	0.00315092  	0.00248065  	0.01475739  	0.02209742  	0.00900352  	0.01123448  	0.00538441  	0.00586246  	0.01102638  	0.01217358  
2021-12-16 04:25:11.011: iteration 46 finished in 104.208724 seconds
2021-12-16 04:25:11.370: epoch 46:	0.00316474  	0.00248756  	0.01491335  	0.02208849  	0.00904956  	0.01123872  	0.00539256  	0.00585583  	0.01107250  	0.01221084  
2021-12-16 04:26:55.885: iteration 47 finished in 104.514481 seconds
2021-12-16 04:26:56.222: epoch 47:	0.00310946  	0.00249447  	0.01464924  	0.02202071  	0.00895313  	0.01122246  	0.00536336  	0.00584865  	0.01100554  	0.01220641  
2021-12-16 04:28:41.652: iteration 48 finished in 105.430654 seconds
2021-12-16 04:28:41.979: epoch 48:	0.00308182  	0.00249447  	0.01444299  	0.02201264  	0.00889872  	0.01122406  	0.00535488  	0.00585493  	0.01100823  	0.01222708  
2021-12-16 04:30:28.235: iteration 49 finished in 106.255747 seconds
2021-12-16 04:30:28.578: epoch 49:	0.00304036  	0.00248065  	0.01421595  	0.02196030  	0.00883903  	0.01121678  	0.00534590  	0.00586190  	0.01100724  	0.01225794  
2021-12-16 04:32:14.197: iteration 50 finished in 105.619053 seconds
2021-12-16 04:32:14.528: epoch 50:	0.00306800  	0.00245992  	0.01425873  	0.02175204  	0.00888910  	0.01119218  	0.00538725  	0.00589396  	0.01105139  	0.01226973  
