2020-08-03 21:03:27.885: Dataset name: u1
The number of users: 5905
The number of items: 5907
The number of ratings: 20336
Average actions of users: 3.44
Average actions of items: 3.44
The sparsity of the dataset: 99.941699%
2020-08-03 21:03:27.885: 

NeuRec hyperparameters:
recommender=WRMF
config_dir=./conf
gpu_id=0
gpu_mem=0.5
data.input.path=C:\Users\HyunsikYoo\Desktop\VNE_directed_networks/_Data/p2p-Gnutella08/5-fold/u1/
data.input.dataset=u1
data.output.path=C:\Users\HyunsikYoo\Desktop\VNE_directed_networks/_Data/p2p-Gnutella08/5-fold/u1/relevance_WRMF_directed_False_user_oriented
data.column.format=UI
data.convert.separator='\t'
user_min=0
item_min=0
splitter=given
ratio=0.8
by_time=False
metric=["Precision", "Recall", "NDCG", "MAP", "MRR"]
topk=[10, 20]
group_view=None
rec.evaluate.neg=0
test_batch_size=128
num_thread=8
data.index.remap=False

WRMF's hyperparameters:
epochs=50
embedding_size=16
reg_mf=0.1
alpha=10
init_method=uniform
stddev=0.01
verbose=1
weight=user_oriented

2020-08-03 21:05:01.041: metrics:	Precision@10	Precision@20	Recall@10   	Recall@20   	NDCG@10     	NDCG@20     	MAP@10      	MAP@20      	MRR@10      	MRR@20      
2020-08-03 21:05:05.470: iteration 1 finished in 4.429153 seconds
2020-08-03 21:05:05.528: epoch 1:	0.00850468  	0.00724301  	0.04579439  	0.07757010  	0.02639965  	0.03601195  	0.01541295  	0.01817456  	0.02736797  	0.03034138  
2020-08-03 21:05:09.529: iteration 2 finished in 4.000319 seconds
2020-08-03 21:05:09.582: epoch 2:	0.01065423  	0.00939252  	0.05607476  	0.09929907  	0.03416153  	0.04718353  	0.02102164  	0.02481227  	0.03638982  	0.04022663  
2020-08-03 21:05:13.971: iteration 3 finished in 4.388235 seconds
2020-08-03 21:05:14.024: epoch 3:	0.01144862  	0.01025701  	0.06051402  	0.10799585  	0.03506705  	0.04939405  	0.02085530  	0.02525741  	0.03526200  	0.03898430  
2020-08-03 21:05:18.289: iteration 4 finished in 4.263595 seconds
2020-08-03 21:05:18.345: epoch 4:	0.01177572  	0.01072429  	0.06214953  	0.11243510  	0.03618917  	0.05148200  	0.02162708  	0.02627372  	0.03664552  	0.04086306  
2020-08-03 21:05:22.610: iteration 5 finished in 4.263595 seconds
2020-08-03 21:05:22.661: epoch 5:	0.01224302  	0.01107476  	0.06495327  	0.11599819  	0.03697858  	0.05255881  	0.02172212  	0.02651772  	0.03668615  	0.04090783  
2020-08-03 21:05:26.939: iteration 6 finished in 4.276560 seconds
2020-08-03 21:05:26.995: epoch 6:	0.01294395  	0.01116821  	0.06828271  	0.11716641  	0.03782431  	0.05269517  	0.02176901  	0.02642870  	0.03646324  	0.04029443  
2020-08-03 21:05:31.171: iteration 7 finished in 4.175802 seconds
2020-08-03 21:05:31.222: epoch 7:	0.01294395  	0.01121494  	0.06804907  	0.11763370  	0.03811739  	0.05323052  	0.02218755  	0.02697459  	0.03719719  	0.04106992  
2020-08-03 21:05:35.372: iteration 8 finished in 4.148902 seconds
2020-08-03 21:05:35.427: epoch 8:	0.01299068  	0.01126167  	0.06758177  	0.11804906  	0.03845357  	0.05380308  	0.02264695  	0.02747130  	0.03807576  	0.04210041  
2020-08-03 21:05:39.578: iteration 9 finished in 4.149899 seconds
2020-08-03 21:05:39.628: epoch 9:	0.01275704  	0.01137850  	0.06641355  	0.11945093  	0.03812751  	0.05426146  	0.02248239  	0.02755505  	0.03829996  	0.04255655  
2020-08-03 21:05:43.883: iteration 10 finished in 4.254619 seconds
2020-08-03 21:05:43.935: epoch 10:	0.01285050  	0.01144859  	0.06688084  	0.12015187  	0.03830110  	0.05451695  	0.02252095  	0.02767480  	0.03839026  	0.04256299  
2020-08-03 21:05:48.052: iteration 11 finished in 4.116959 seconds
2020-08-03 21:05:48.107: epoch 11:	0.01341125  	0.01161214  	0.06945094  	0.12155374  	0.03906794  	0.05477496  	0.02272910  	0.02764101  	0.03828865  	0.04223634  
2020-08-03 21:05:52.056: iteration 12 finished in 3.948436 seconds
2020-08-03 21:05:52.109: epoch 12:	0.01331779  	0.01156541  	0.06898364  	0.12108645  	0.03886706  	0.05458502  	0.02263239  	0.02752152  	0.03823635  	0.04226074  
2020-08-03 21:05:56.273: iteration 13 finished in 4.164859 seconds
2020-08-03 21:05:56.327: epoch 13:	0.01345798  	0.01179906  	0.07009346  	0.12389018  	0.03920252  	0.05534137  	0.02271334  	0.02765065  	0.03823117  	0.04240397  
2020-08-03 21:06:00.313: iteration 14 finished in 3.984342 seconds
2020-08-03 21:06:00.364: epoch 14:	0.01373835  	0.01175233  	0.07219626  	0.12318926  	0.03990863  	0.05525155  	0.02302069  	0.02768889  	0.03851839  	0.04249327  
2020-08-03 21:06:04.323: iteration 15 finished in 3.958435 seconds
2020-08-03 21:06:04.373: epoch 15:	0.01378508  	0.01161214  	0.07266355  	0.12178738  	0.04028995  	0.05514319  	0.02342587  	0.02797543  	0.03885829  	0.04274084  
2020-08-03 21:06:08.969: iteration 16 finished in 4.595801 seconds
2020-08-03 21:06:09.024: epoch 16:	0.01383181  	0.01163550  	0.07289720  	0.12196261  	0.04035898  	0.05521842  	0.02346156  	0.02804110  	0.03879969  	0.04263637  
2020-08-03 21:06:13.016: iteration 17 finished in 3.991299 seconds
2020-08-03 21:06:13.068: epoch 17:	0.01383181  	0.01163550  	0.07289720  	0.12196261  	0.04053080  	0.05540754  	0.02362419  	0.02817402  	0.03909212  	0.04303005  
2020-08-03 21:06:17.111: iteration 18 finished in 4.043185 seconds
2020-08-03 21:06:17.161: epoch 18:	0.01373835  	0.01158877  	0.07242990  	0.12149533  	0.04060924  	0.05550805  	0.02386405  	0.02844470  	0.03937399  	0.04330969  
2020-08-03 21:06:21.090: iteration 19 finished in 3.927491 seconds
2020-08-03 21:06:21.144: epoch 19:	0.01373835  	0.01161214  	0.07242990  	0.12219626  	0.04064462  	0.05569155  	0.02390290  	0.02851375  	0.03938679  	0.04335782  
2020-08-03 21:06:25.386: iteration 20 finished in 4.241654 seconds
2020-08-03 21:06:25.438: epoch 20:	0.01378508  	0.01170560  	0.07242990  	0.12336449  	0.04080658  	0.05611437  	0.02406914  	0.02874307  	0.03961673  	0.04359768  
2020-08-03 21:06:29.711: iteration 21 finished in 4.273542 seconds
2020-08-03 21:06:29.766: epoch 21:	0.01364489  	0.01170560  	0.07172897  	0.12336449  	0.04053263  	0.05608027  	0.02396872  	0.02872067  	0.03942739  	0.04350375  
2020-08-03 21:06:34.165: iteration 22 finished in 4.398223 seconds
2020-08-03 21:06:34.218: epoch 22:	0.01364489  	0.01170560  	0.07172897  	0.12336449  	0.04055592  	0.05609977  	0.02392848  	0.02869824  	0.03957277  	0.04360427  
2020-08-03 21:06:38.198: iteration 23 finished in 3.980352 seconds
2020-08-03 21:06:38.248: epoch 23:	0.01383181  	0.01172896  	0.07266355  	0.12336449  	0.04077118  	0.05604149  	0.02391031  	0.02858216  	0.03947040  	0.04343675  
2020-08-03 21:06:42.212: iteration 24 finished in 3.963359 seconds
2020-08-03 21:06:42.263: epoch 24:	0.01383181  	0.01172896  	0.07266355  	0.12406542  	0.04081129  	0.05620329  	0.02390224  	0.02860760  	0.03964360  	0.04360723  
2020-08-03 21:06:46.246: iteration 25 finished in 3.982361 seconds
2020-08-03 21:06:46.297: epoch 25:	0.01378508  	0.01179906  	0.07242990  	0.12476636  	0.04087235  	0.05656524  	0.02398439  	0.02883163  	0.04002782  	0.04399919  
2020-08-03 21:06:50.287: iteration 26 finished in 3.990328 seconds
2020-08-03 21:06:50.340: epoch 26:	0.01383181  	0.01186915  	0.07266355  	0.12546729  	0.04090022  	0.05672275  	0.02393710  	0.02883640  	0.04000241  	0.04395738  
2020-08-03 21:06:54.363: iteration 27 finished in 4.022240 seconds
2020-08-03 21:06:54.412: epoch 27:	0.01392527  	0.01184578  	0.07313084  	0.12500000  	0.04099493  	0.05655939  	0.02394721  	0.02875646  	0.03982792  	0.04374286  
2020-08-03 21:06:58.649: iteration 28 finished in 4.236667 seconds
2020-08-03 21:06:58.702: epoch 28:	0.01397199  	0.01186915  	0.07313084  	0.12523365  	0.04105755  	0.05666503  	0.02398216  	0.02880799  	0.03991934  	0.04382645  
2020-08-03 21:07:02.707: iteration 29 finished in 4.005294 seconds
2020-08-03 21:07:02.760: epoch 29:	0.01392527  	0.01182242  	0.07289720  	0.12476636  	0.04101986  	0.05659144  	0.02399078  	0.02883876  	0.03995068  	0.04384055  
2020-08-03 21:07:06.875: iteration 30 finished in 4.113941 seconds
2020-08-03 21:07:06.926: epoch 30:	0.01397199  	0.01182242  	0.07313084  	0.12476636  	0.04120596  	0.05668858  	0.02414544  	0.02892849  	0.04009754  	0.04400551  
2020-08-03 21:07:10.968: iteration 31 finished in 4.041580 seconds
2020-08-03 21:07:11.022: epoch 31:	0.01401872  	0.01182242  	0.07336449  	0.12500000  	0.04145668  	0.05689387  	0.02433977  	0.02914206  	0.04055557  	0.04434629  
2020-08-03 21:07:15.242: iteration 32 finished in 4.220151 seconds
2020-08-03 21:07:15.297: epoch 32:	0.01406545  	0.01184578  	0.07359813  	0.12523365  	0.04157906  	0.05701130  	0.02439865  	0.02920125  	0.04067962  	0.04445633  
2020-08-03 21:07:19.332: iteration 33 finished in 4.035906 seconds
2020-08-03 21:07:19.386: epoch 33:	0.01415891  	0.01184578  	0.07429907  	0.12546729  	0.04186119  	0.05713096  	0.02454217  	0.02928402  	0.04087061  	0.04459723  
2020-08-03 21:07:23.949: iteration 34 finished in 4.562761 seconds
2020-08-03 21:07:24.001: epoch 34:	0.01420564  	0.01184578  	0.07453271  	0.12546729  	0.04194883  	0.05716040  	0.02458185  	0.02929642  	0.04087988  	0.04463422  
2020-08-03 21:07:28.174: iteration 35 finished in 4.172812 seconds
2020-08-03 21:07:28.524: epoch 35:	0.01411218  	0.01186915  	0.07406542  	0.12570094  	0.04179450  	0.05723212  	0.02454680  	0.02931687  	0.04080459  	0.04466672  
2020-08-03 21:07:32.467: iteration 36 finished in 3.942452 seconds
2020-08-03 21:07:32.518: epoch 36:	0.01406545  	0.01182242  	0.07383177  	0.12500000  	0.04166974  	0.05701606  	0.02446169  	0.02922288  	0.04073172  	0.04457955  
2020-08-03 21:07:36.709: iteration 37 finished in 4.189792 seconds
2020-08-03 21:07:36.760: epoch 37:	0.01411218  	0.01179906  	0.07406542  	0.12453271  	0.04179111  	0.05697121  	0.02453011  	0.02926096  	0.04091271  	0.04471515  
2020-08-03 21:07:40.855: iteration 38 finished in 4.094020 seconds
2020-08-03 21:07:40.912: epoch 38:	0.01411218  	0.01186915  	0.07406542  	0.12523365  	0.04189673  	0.05726161  	0.02462005  	0.02938931  	0.04118548  	0.04502075  
2020-08-03 21:07:45.101: iteration 39 finished in 4.188795 seconds
2020-08-03 21:07:45.152: epoch 39:	0.01401872  	0.01184578  	0.07359813  	0.12500000  	0.04173148  	0.05719193  	0.02457824  	0.02936697  	0.04108516  	0.04500774  
2020-08-03 21:07:49.555: iteration 40 finished in 4.402244 seconds
2020-08-03 21:07:49.607: epoch 40:	0.01401872  	0.01182242  	0.07383177  	0.12476636  	0.04177455  	0.05712799  	0.02456369  	0.02934718  	0.04113171  	0.04499686  
2020-08-03 21:07:54.091: iteration 41 finished in 4.484006 seconds
2020-08-03 21:07:54.143: epoch 41:	0.01406545  	0.01177569  	0.07406542  	0.12429906  	0.04189903  	0.05704308  	0.02462924  	0.02935765  	0.04126281  	0.04506153  
2020-08-03 21:07:58.547: iteration 42 finished in 4.403197 seconds
2020-08-03 21:07:58.600: epoch 42:	0.01401872  	0.01175233  	0.07383177  	0.12406542  	0.04196256  	0.05713950  	0.02476181  	0.02952576  	0.04153427  	0.04534778  
2020-08-03 21:08:02.778: iteration 43 finished in 4.178793 seconds
2020-08-03 21:08:02.830: epoch 43:	0.01401872  	0.01177569  	0.07383177  	0.12453271  	0.04211986  	0.05741385  	0.02497627  	0.02978463  	0.04172953  	0.04555304  
2020-08-03 21:08:07.015: iteration 44 finished in 4.184780 seconds
2020-08-03 21:08:07.064: epoch 44:	0.01406545  	0.01179906  	0.07406542  	0.12476636  	0.04215715  	0.05743477  	0.02497794  	0.02975213  	0.04161604  	0.04546393  
2020-08-03 21:08:11.624: iteration 45 finished in 4.558805 seconds
2020-08-03 21:08:11.678: epoch 45:	0.01415891  	0.01177569  	0.07453271  	0.12453271  	0.04236281  	0.05741146  	0.02506871  	0.02978665  	0.04175419  	0.04548899  
2020-08-03 21:08:16.087: iteration 46 finished in 4.409189 seconds
2020-08-03 21:08:16.563: epoch 46:	0.01425237  	0.01175233  	0.07523365  	0.12429906  	0.04256307  	0.05734409  	0.02512155  	0.02976063  	0.04181316  	0.04546847  
2020-08-03 21:08:20.692: iteration 47 finished in 4.128954 seconds
2020-08-03 21:08:20.741: epoch 47:	0.01429910  	0.01177569  	0.07546729  	0.12453271  	0.04258610  	0.05736529  	0.02511015  	0.02972897  	0.04168651  	0.04537715  
2020-08-03 21:08:24.943: iteration 48 finished in 4.201760 seconds
2020-08-03 21:08:24.995: epoch 48:	0.01439256  	0.01172896  	0.07616822  	0.12406542  	0.04282865  	0.05726575  	0.02523643  	0.02973539  	0.04176773  	0.04538940  
2020-08-03 21:08:29.173: iteration 49 finished in 4.177824 seconds
2020-08-03 21:08:29.225: epoch 49:	0.01439256  	0.01175233  	0.07616822  	0.12429906  	0.04278694  	0.05729617  	0.02518590  	0.02970338  	0.04172174  	0.04537144  
2020-08-03 21:08:33.312: iteration 50 finished in 4.087092 seconds
2020-08-03 21:08:33.362: epoch 50:	0.01429910  	0.01168223  	0.07570093  	0.12359813  	0.04261189  	0.05708293  	0.02511460  	0.02962413  	0.04161549  	0.04530185  
