2020-09-24 15:32:00.823: Dataset name: u1
The number of users: 3557
The number of items: 3557
The number of ratings: 22483
Average actions of users: 6.32
Average actions of items: 6.32
The sparsity of the dataset: 99.822300%
2020-09-24 15:32:00.824: 

NeuRec hyperparameters:
recommender=WRMF
config_dir=./conf
gpu_id=0
gpu_mem=0.5
data.input.path=C:\Users\HyunsikYoo\Desktop\VNE_directed_networks/_Data/bitcoinalpha/5-fold/u1/
data.input.dataset=u1
data.output.path=C:\Users\HyunsikYoo\Desktop\VNE_directed_networks/_Data/bitcoinalpha/5-fold/u1/relevance_WRMF_directed_uni_False_uniform
data.column.format=UI
data.convert.separator='\t'
user_min=0
item_min=0
splitter=given
ratio=0.8
by_time=False
metric=["Precision", "Recall", "NDCG", "MAP", "MRR"]
topk=[10, 20]
group_view=None
rec.evaluate.neg=0
test_batch_size=128
num_thread=8
data.index.remap=False

WRMF's hyperparameters:
epochs=50
embedding_size=16
reg_mf=0.1
alpha=10
init_method=uniform
stddev=0.01
verbose=1
weight=uniform

2020-09-24 15:32:34.393: metrics:	Precision@10	Precision@20	Recall@10   	Recall@20   	NDCG@10     	NDCG@20     	MAP@10      	MAP@20      	MRR@10      	MRR@20      
2020-09-24 15:32:36.780: iteration 1 finished in 2.387615 seconds
2020-09-24 15:32:36.824: epoch 1:	0.01489872  	0.01138259  	0.06168793  	0.09237359  	0.04023109  	0.04874074  	0.02513186  	0.02696323  	0.04889350  	0.05227265  
2020-09-24 15:32:39.191: iteration 2 finished in 2.366670 seconds
2020-09-24 15:32:39.232: epoch 2:	0.02640042  	0.02053030  	0.11009168  	0.16705073  	0.07280365  	0.08934968  	0.04653206  	0.05069190  	0.08606001  	0.09150697  
2020-09-24 15:32:41.605: iteration 3 finished in 2.372655 seconds
2020-09-24 15:32:41.644: epoch 3:	0.02991647  	0.02306305  	0.13244286  	0.18834558  	0.08604766  	0.10300921  	0.05494224  	0.05940678  	0.10235307  	0.10781474  
2020-09-24 15:32:44.044: iteration 4 finished in 2.398586 seconds
2020-09-24 15:32:44.085: epoch 4:	0.03134673  	0.02428473  	0.13256216  	0.19712301  	0.08856148  	0.10772640  	0.05676218  	0.06190920  	0.10770141  	0.11366887  
2020-09-24 15:32:46.463: iteration 5 finished in 2.377641 seconds
2020-09-24 15:32:46.504: epoch 5:	0.03277699  	0.02505946  	0.13750298  	0.20318276  	0.09189422  	0.11125279  	0.05879809  	0.06409105  	0.11231998  	0.11797157  
2020-09-24 15:32:48.829: iteration 6 finished in 2.323780 seconds
2020-09-24 15:32:48.866: epoch 6:	0.03325374  	0.02577459  	0.13894287  	0.20735303  	0.09275795  	0.11289202  	0.05902627  	0.06448705  	0.11405964  	0.11968942  
2020-09-24 15:32:51.096: iteration 7 finished in 2.230040 seconds
2020-09-24 15:32:51.139: epoch 7:	0.03390928  	0.02604277  	0.14088719  	0.21080926  	0.09392446  	0.11422247  	0.05954095  	0.06496664  	0.11570346  	0.12135014  
2020-09-24 15:32:53.365: iteration 8 finished in 2.224052 seconds
2020-09-24 15:32:53.405: epoch 8:	0.03450522  	0.02595337  	0.14350583  	0.21232332  	0.09631699  	0.11597568  	0.06148956  	0.06668395  	0.11903319  	0.12444366  
2020-09-24 15:32:55.802: iteration 9 finished in 2.395594 seconds
2020-09-24 15:32:55.842: epoch 9:	0.03462441  	0.02634074  	0.14757749  	0.21799657  	0.09796150  	0.11823399  	0.06236890  	0.06777426  	0.12092201  	0.12654118  
2020-09-24 15:32:58.061: iteration 10 finished in 2.218068 seconds
2020-09-24 15:32:58.100: epoch 10:	0.03432643  	0.02651952  	0.14464386  	0.21996696  	0.09757037  	0.11933602  	0.06250935  	0.06847567  	0.12181710  	0.12797377  
2020-09-24 15:33:00.412: iteration 11 finished in 2.311871 seconds
2020-09-24 15:33:00.454: epoch 11:	0.03516075  	0.02634074  	0.15051912  	0.21809220  	0.09960885  	0.11937565  	0.06331714  	0.06876578  	0.12261669  	0.12840281  
2020-09-24 15:33:02.854: iteration 12 finished in 2.396591 seconds
2020-09-24 15:33:02.892: epoch 12:	0.03581629  	0.02634074  	0.15492685  	0.21863601  	0.10122485  	0.11981229  	0.06404800  	0.06905598  	0.12312276  	0.12861000  
2020-09-24 15:33:05.130: iteration 13 finished in 2.238015 seconds
2020-09-24 15:33:05.171: epoch 13:	0.03629304  	0.02628115  	0.15679732  	0.21923605  	0.10264213  	0.12071324  	0.06500100  	0.06985131  	0.12521423  	0.13053130  
2020-09-24 15:33:07.405: iteration 14 finished in 2.234026 seconds
2020-09-24 15:33:07.444: epoch 14:	0.03629304  	0.02628115  	0.15706287  	0.21927232  	0.10375070  	0.12190915  	0.06637244  	0.07130107  	0.12677127  	0.13213420  
2020-09-24 15:33:09.770: iteration 15 finished in 2.324783 seconds
2020-09-24 15:33:09.810: epoch 15:	0.03635263  	0.02660892  	0.15988433  	0.22221914  	0.10514430  	0.12347727  	0.06743642  	0.07239380  	0.12782389  	0.13311987  
2020-09-24 15:33:12.142: iteration 16 finished in 2.330767 seconds
2020-09-24 15:33:12.183: epoch 16:	0.03611426  	0.02666851  	0.15723145  	0.22408359  	0.10523513  	0.12475680  	0.06820065  	0.07350314  	0.12884596  	0.13460699  
2020-09-24 15:33:14.515: iteration 17 finished in 2.331764 seconds
2020-09-24 15:33:14.555: epoch 17:	0.03617385  	0.02675790  	0.15855464  	0.22523257  	0.10558875  	0.12511384  	0.06834903  	0.07358392  	0.12850994  	0.13438252  
2020-09-24 15:33:16.882: iteration 18 finished in 2.325780 seconds
2020-09-24 15:33:16.924: epoch 18:	0.03611426  	0.02672810  	0.15863690  	0.22307351  	0.10624868  	0.12523410  	0.06906498  	0.07412834  	0.13008235  	0.13580990  
2020-09-24 15:33:19.221: iteration 19 finished in 2.296858 seconds
2020-09-24 15:33:19.263: epoch 19:	0.03599507  	0.02654932  	0.15728906  	0.22088633  	0.10584683  	0.12474828  	0.06905832  	0.07418325  	0.12894648  	0.13479125  
2020-09-24 15:33:21.661: iteration 20 finished in 2.396591 seconds
2020-09-24 15:33:21.702: epoch 20:	0.03623344  	0.02669830  	0.15790217  	0.22250503  	0.10619631  	0.12528405  	0.06921192  	0.07429844  	0.12922460  	0.13521755  
2020-09-24 15:33:24.099: iteration 21 finished in 2.396590 seconds
2020-09-24 15:33:24.144: epoch 21:	0.03629304  	0.02663871  	0.15848960  	0.22032742  	0.10624431  	0.12468397  	0.06909692  	0.07401397  	0.12929577  	0.13507156  
2020-09-24 15:33:26.538: iteration 22 finished in 2.394596 seconds
2020-09-24 15:33:26.582: epoch 22:	0.03641222  	0.02675790  	0.15763819  	0.22057183  	0.10676447  	0.12542209  	0.06971573  	0.07474426  	0.13097790  	0.13666475  
2020-09-24 15:33:28.978: iteration 23 finished in 2.395593 seconds
2020-09-24 15:33:29.019: epoch 23:	0.03647182  	0.02681749  	0.15771507  	0.22068422  	0.10714087  	0.12579830  	0.07016186  	0.07516528  	0.13144025  	0.13714479  
2020-09-24 15:33:31.406: iteration 24 finished in 2.387615 seconds
2020-09-24 15:33:31.447: epoch 24:	0.03647181  	0.02684728  	0.15799892  	0.22168395  	0.10683838  	0.12567335  	0.06977575  	0.07483449  	0.13088356  	0.13660170  
2020-09-24 15:33:33.757: iteration 25 finished in 2.309823 seconds
2020-09-24 15:33:33.801: epoch 25:	0.03671020  	0.02690688  	0.15855467  	0.22245720  	0.10736126  	0.12613855  	0.07023991  	0.07521705  	0.13124305  	0.13692458  
2020-09-24 15:33:36.190: iteration 26 finished in 2.389609 seconds
2020-09-24 15:33:36.231: epoch 26:	0.03647182  	0.02690688  	0.15574874  	0.22267610  	0.10653924  	0.12611020  	0.06988376  	0.07513244  	0.13116878  	0.13706598  
2020-09-24 15:33:38.468: iteration 27 finished in 2.236020 seconds
2020-09-24 15:33:38.509: epoch 27:	0.03647182  	0.02687709  	0.15631276  	0.22295424  	0.10673713  	0.12615702  	0.06998327  	0.07516871  	0.13112977  	0.13696736  
2020-09-24 15:33:40.740: iteration 28 finished in 2.231166 seconds
2020-09-24 15:33:40.778: epoch 28:	0.03659100  	0.02702607  	0.15636344  	0.22365838  	0.10697420  	0.12651625  	0.07024756  	0.07541074  	0.13100795  	0.13688266  
2020-09-24 15:33:43.123: iteration 29 finished in 2.344729 seconds
2020-09-24 15:33:43.166: epoch 29:	0.03641222  	0.02726445  	0.15531898  	0.22641945  	0.10668404  	0.12726809  	0.07020465  	0.07566003  	0.13095449  	0.13705847  
2020-09-24 15:33:45.530: iteration 30 finished in 2.363679 seconds
2020-09-24 15:33:45.569: epoch 30:	0.03659100  	0.02720485  	0.15640844  	0.22493823  	0.10729104  	0.12715296  	0.07054215  	0.07582846  	0.13180064  	0.13756102  
2020-09-24 15:33:47.805: iteration 31 finished in 2.235023 seconds
2020-09-24 15:33:47.844: epoch 31:	0.03635263  	0.02723465  	0.15567592  	0.22474235  	0.10666289  	0.12683737  	0.07018962  	0.07559066  	0.13050753  	0.13642280  
2020-09-24 15:33:50.259: iteration 32 finished in 2.414542 seconds
2020-09-24 15:33:50.303: epoch 32:	0.03635263  	0.02729424  	0.15529068  	0.22571574  	0.10666930  	0.12715749  	0.07026026  	0.07573698  	0.13090505  	0.13692333  
2020-09-24 15:33:52.583: iteration 33 finished in 2.278876 seconds
2020-09-24 15:33:52.622: epoch 33:	0.03659101  	0.02714526  	0.15590319  	0.22489792  	0.10712048  	0.12714660  	0.07053001  	0.07589587  	0.13154687  	0.13743457  
2020-09-24 15:33:54.715: iteration 34 finished in 2.092403 seconds
2020-09-24 15:33:54.752: epoch 34:	0.03682938  	0.02738363  	0.15704995  	0.22763565  	0.10706162  	0.12741426  	0.07010245  	0.07552490  	0.13109615  	0.13704176  
2020-09-24 15:33:56.919: iteration 35 finished in 2.167204 seconds
2020-09-24 15:33:56.958: epoch 35:	0.03671020  	0.02735383  	0.15718088  	0.22732364  	0.10711366  	0.12742534  	0.07019568  	0.07558566  	0.13136812  	0.13734330  
2020-09-24 15:33:59.141: iteration 36 finished in 2.183161 seconds
2020-09-24 15:33:59.181: epoch 36:	0.03676978  	0.02747303  	0.15718782  	0.22943172  	0.10718834  	0.12797418  	0.07020118  	0.07574679  	0.13158521  	0.13747090  
2020-09-24 15:34:01.601: iteration 37 finished in 2.419529 seconds
2020-09-24 15:34:01.675: epoch 37:	0.03682938  	0.02729424  	0.15748581  	0.22869469  	0.10741498  	0.12782004  	0.07035719  	0.07581476  	0.13197920  	0.13764919  
2020-09-24 15:34:04.043: iteration 38 finished in 2.352708 seconds
2020-09-24 15:34:04.094: epoch 38:	0.03682938  	0.02744322  	0.15676887  	0.23138709  	0.10718471  	0.12838261  	0.07035302  	0.07597270  	0.13118556  	0.13713749  
2020-09-24 15:34:06.452: iteration 39 finished in 2.341738 seconds
2020-09-24 15:34:06.492: epoch 39:	0.03676978  	0.02726444  	0.15648603  	0.22968873  	0.10690583  	0.12771939  	0.07006940  	0.07562193  	0.13113898  	0.13689059  
2020-09-24 15:34:08.907: iteration 40 finished in 2.414543 seconds
2020-09-24 15:34:08.947: epoch 40:	0.03682938  	0.02720485  	0.15693179  	0.22957587  	0.10713843  	0.12777601  	0.07021084  	0.07571855  	0.13144143  	0.13709262  
2020-09-24 15:34:11.221: iteration 41 finished in 2.270927 seconds
2020-09-24 15:34:11.259: epoch 41:	0.03671019  	0.02717505  	0.15738584  	0.22990717  	0.10712136  	0.12772031  	0.07015653  	0.07559143  	0.13139769  	0.13714689  
2020-09-24 15:34:13.446: iteration 42 finished in 2.187151 seconds
2020-09-24 15:34:13.494: epoch 42:	0.03659100  	0.02717505  	0.15760672  	0.22973783  	0.10728392  	0.12791544  	0.07041138  	0.07589236  	0.13155000  	0.13736415  
2020-09-24 15:34:15.754: iteration 43 finished in 2.239012 seconds
2020-09-24 15:34:15.794: epoch 43:	0.03647181  	0.02717505  	0.15792510  	0.22938843  	0.10716434  	0.12768811  	0.07027089  	0.07573324  	0.13108011  	0.13687736  
2020-09-24 15:34:18.029: iteration 44 finished in 2.235023 seconds
2020-09-24 15:34:18.071: epoch 44:	0.03653141  	0.02723465  	0.15821704  	0.22967114  	0.10736836  	0.12792364  	0.07046609  	0.07591975  	0.13104580  	0.13682173  
2020-09-24 15:34:20.327: iteration 45 finished in 2.255967 seconds
2020-09-24 15:34:20.368: epoch 45:	0.03665060  	0.02723465  	0.15825005  	0.23032126  	0.10740844  	0.12801199  	0.07046982  	0.07591641  	0.13080671  	0.13663916  
2020-09-24 15:34:22.612: iteration 46 finished in 2.243998 seconds
2020-09-24 15:34:22.663: epoch 46:	0.03676979  	0.02726445  	0.15849921  	0.23029821  	0.10714644  	0.12764607  	0.07005826  	0.07547232  	0.12998372  	0.13578282  
2020-09-24 15:34:25.092: iteration 47 finished in 2.426510 seconds
2020-09-24 15:34:25.132: epoch 47:	0.03688898  	0.02723465  	0.15872091  	0.23069552  	0.10756990  	0.12801805  	0.07049399  	0.07586192  	0.13056143  	0.13639310  
2020-09-24 15:34:27.527: iteration 48 finished in 2.395593 seconds
2020-09-24 15:34:27.566: epoch 48:	0.03700817  	0.02732404  	0.15961483  	0.23065263  	0.10784154  	0.12809719  	0.07063209  	0.07596745  	0.13051035  	0.13625619  
2020-09-24 15:34:29.975: iteration 49 finished in 2.408559 seconds
2020-09-24 15:34:30.014: epoch 49:	0.03671020  	0.02729424  	0.15775482  	0.23125419  	0.10740849  	0.12832022  	0.07070617  	0.07620457  	0.13009605  	0.13619670  
2020-09-24 15:34:32.456: iteration 50 finished in 2.441471 seconds
2020-09-24 15:34:32.501: epoch 50:	0.03653141  	0.02732404  	0.15691444  	0.23130883  	0.10714912  	0.12837006  	0.07065875  	0.07623224  	0.12987348  	0.13612834  
