2021-11-07 01:17:39.954: Dataset name: u1
The number of users: 4485
The number of items: 4485
The number of ratings: 39973
Average actions of users: 8.91
Average actions of items: 8.91
The sparsity of the dataset: 99.801280%
2021-11-07 01:17:40.032: 

NeuRec hyperparameters:
recommender=WRMF
config_dir=./conf
gpu_id=0
gpu_mem=0.5
data.input.path=D:\hsyoo\Workingon_210628/_Data/ciaodvd/5-noniid-in-barrier/u1/
data.input.dataset=u1
data.output.path=D:\hsyoo\Workingon_210628/_Emb/ciaodvd/5-noniid-in-barrier/wrmf/u1_wrmf_directed_dim16_uniform_send.emb
data.column.format=UI
data.convert.separator='\t'
user_min=0
item_min=0
splitter=given
ratio=0.8
by_time=False
metric=["Precision", "Recall", "NDCG", "MAP", "MRR"]
topk=[10, 20]
group_view=None
rec.evaluate.neg=0
test_batch_size=128
num_thread=8
data.index.remap=False

WRMF's hyperparameters:
epochs=50
embedding_size=16
reg_mf=0.1
alpha=10
init_method=uniform
stddev=0.01
verbose=1
weight=uniform

2021-11-07 01:21:11.439: metrics:	Precision@10	Precision@20	Recall@10   	Recall@20   	NDCG@10     	NDCG@20     	MAP@10      	MAP@20      	MRR@10      	MRR@20      
2021-11-07 01:21:20.173: iteration 1 finished in 8.734640 seconds
2021-11-07 01:21:20.330: epoch 1:	0.01245212  	0.01096745  	0.01634594  	0.02925038  	0.01635843  	0.02032977  	0.00634293  	0.00648085  	0.03864562  	0.04313581  
2021-11-07 01:21:30.238: iteration 2 finished in 9.908435 seconds
2021-11-07 01:21:32.534: epoch 2:	0.02911883  	0.02370685  	0.03995025  	0.06386279  	0.04147533  	0.04803470  	0.01885915  	0.01887895  	0.08866312  	0.09509849  
2021-11-07 01:21:41.380: iteration 3 finished in 8.845483 seconds
2021-11-07 01:21:41.427: epoch 3:	0.03275865  	0.02662829  	0.04148880  	0.06994453  	0.04535594  	0.05289395  	0.02006115  	0.02029470  	0.09979857  	0.10610797  
2021-11-07 01:21:50.318: iteration 4 finished in 8.891751 seconds
2021-11-07 01:21:50.365: epoch 4:	0.03333336  	0.02844821  	0.04260083  	0.06964887  	0.04632244  	0.05416453  	0.02004658  	0.02004335  	0.10435748  	0.11136192  
2021-11-07 01:21:59.881: iteration 5 finished in 9.516185 seconds
2021-11-07 01:21:59.928: epoch 5:	0.03448277  	0.03012444  	0.04335638  	0.07570560  	0.04646423  	0.05578968  	0.01979700  	0.01996873  	0.10229393  	0.10950557  
2021-11-07 01:22:11.257: iteration 6 finished in 11.328536 seconds
2021-11-07 01:22:13.078: epoch 6:	0.03390806  	0.03041180  	0.04242649  	0.07716919  	0.04591984  	0.05621874  	0.01963967  	0.02002418  	0.10182067  	0.10985688  
2021-11-07 01:22:24.189: iteration 7 finished in 11.110699 seconds
2021-11-07 01:22:24.423: epoch 7:	0.03352493  	0.03074704  	0.04127564  	0.07808208  	0.04568167  	0.05683476  	0.01981134  	0.02040469  	0.10171806  	0.10992767  
2021-11-07 01:22:38.516: iteration 8 finished in 14.092594 seconds
2021-11-07 01:22:42.947: epoch 8:	0.03477012  	0.03074705  	0.04278928  	0.07630879  	0.04634416  	0.05622152  	0.01986045  	0.02021712  	0.10074806  	0.10793342  
2021-11-07 01:22:53.710: iteration 9 finished in 10.560011 seconds
2021-11-07 01:22:53.757: epoch 9:	0.03419542  	0.03108229  	0.04208075  	0.07848607  	0.04561700  	0.05668638  	0.01938400  	0.02006839  	0.10036910  	0.10803989  
2021-11-07 01:23:02.915: iteration 10 finished in 9.158758 seconds
2021-11-07 01:23:07.072: epoch 10:	0.03467434  	0.03127386  	0.04206492  	0.08024675  	0.04573718  	0.05722362  	0.01960434  	0.02046671  	0.09863546  	0.10616498  
2021-11-07 01:23:16.620: iteration 11 finished in 9.548058 seconds
2021-11-07 01:23:16.667: epoch 11:	0.03505747  	0.03132176  	0.04373601  	0.08045772  	0.04679005  	0.05774580  	0.02012836  	0.02068769  	0.10066861  	0.10871992  
2021-11-07 01:23:25.465: iteration 12 finished in 8.797765 seconds
2021-11-07 01:23:26.043: epoch 12:	0.03486591  	0.03151332  	0.04299947  	0.08068270  	0.04628015  	0.05776567  	0.01990375  	0.02068145  	0.09911286  	0.10738479  
2021-11-07 01:23:35.107: iteration 13 finished in 9.063971 seconds
2021-11-07 01:23:36.294: epoch 13:	0.03515325  	0.03199225  	0.04377397  	0.07959949  	0.04665738  	0.05792734  	0.01991655  	0.02068940  	0.09987991  	0.10823541  
2021-11-07 01:23:45.342: iteration 14 finished in 9.047954 seconds
2021-11-07 01:23:45.451: epoch 14:	0.03591953  	0.03175279  	0.04489306  	0.07907323  	0.04732610  	0.05770837  	0.02003509  	0.02061266  	0.10103390  	0.10873689  
2021-11-07 01:23:56.315: iteration 15 finished in 10.863892 seconds
2021-11-07 01:23:57.705: epoch 15:	0.03639846  	0.03218383  	0.04556612  	0.07984013  	0.04779917  	0.05816913  	0.02019349  	0.02074283  	0.10152954  	0.10900815  
2021-11-07 01:24:11.173: iteration 16 finished in 13.468058 seconds
2021-11-07 01:24:13.251: epoch 16:	0.03611111  	0.03261486  	0.04502694  	0.08091460  	0.04788752  	0.05896323  	0.02040726  	0.02110038  	0.10286941  	0.11074932  
2021-11-07 01:24:25.313: iteration 17 finished in 12.062196 seconds
2021-11-07 01:24:28.313: epoch 17:	0.03659003  	0.03256696  	0.04610922  	0.08085857  	0.04843701  	0.05908124  	0.02058072  	0.02121818  	0.10317158  	0.11075152  
2021-11-07 01:24:38.422: iteration 18 finished in 10.109426 seconds
2021-11-07 01:24:39.065: epoch 18:	0.03668581  	0.03280643  	0.04649583  	0.08287358  	0.04864866  	0.05975768  	0.02075694  	0.02139573  	0.10330193  	0.11124410  
2021-11-07 01:24:46.875: iteration 19 finished in 7.810622 seconds
2021-11-07 01:24:46.922: epoch 19:	0.03678160  	0.03213593  	0.04659246  	0.08196194  	0.04871283  	0.05922410  	0.02078513  	0.02126978  	0.10339738  	0.11117436  
2021-11-07 01:24:56.922: iteration 20 finished in 10.000480 seconds
2021-11-07 01:24:56.969: epoch 20:	0.03678160  	0.03189646  	0.04604975  	0.08173431  	0.04899279  	0.05943306  	0.02109062  	0.02159037  	0.10482350  	0.11232021  
2021-11-07 01:25:06.782: iteration 21 finished in 9.812934 seconds
2021-11-07 01:25:07.454: epoch 21:	0.03668582  	0.03223171  	0.04604191  	0.08225559  	0.04855344  	0.05936443  	0.02076310  	0.02133190  	0.10314764  	0.11108054  
2021-11-07 01:25:17.121: iteration 22 finished in 9.667234 seconds
2021-11-07 01:25:17.184: epoch 22:	0.03678160  	0.03204014  	0.04621581  	0.08085384  	0.04869631  	0.05895185  	0.02081189  	0.02123745  	0.10362013  	0.11124768  
2021-11-07 01:25:26.001: iteration 23 finished in 8.817338 seconds
2021-11-07 01:25:27.063: epoch 23:	0.03668582  	0.03204014  	0.04622683  	0.08046963  	0.04863166  	0.05889890  	0.02074554  	0.02125997  	0.10349355  	0.11112233  
2021-11-07 01:25:36.732: iteration 24 finished in 9.668449 seconds
2021-11-07 01:25:37.935: epoch 24:	0.03726053  	0.03213593  	0.04725586  	0.08049905  	0.04909697  	0.05889989  	0.02086799  	0.02124018  	0.10338333  	0.11071350  
2021-11-07 01:25:47.517: iteration 25 finished in 9.581925 seconds
2021-11-07 01:25:47.563: epoch 25:	0.03678160  	0.03237539  	0.04687079  	0.08158234  	0.04886095  	0.05932620  	0.02083643  	0.02136096  	0.10375430  	0.11117254  
2021-11-07 01:25:58.891: iteration 26 finished in 11.327213 seconds
2021-11-07 01:26:02.735: epoch 26:	0.03706896  	0.03256696  	0.04708768  	0.08178420  	0.04952819  	0.05993390  	0.02146614  	0.02192826  	0.10510898  	0.11261919  
2021-11-07 01:26:15.205: iteration 27 finished in 12.470273 seconds
2021-11-07 01:26:20.209: epoch 27:	0.03745209  	0.03261485  	0.04772386  	0.08186164  	0.04974058  	0.05992547  	0.02151332  	0.02194015  	0.10439515  	0.11194039  
2021-11-07 01:26:32.252: iteration 28 finished in 12.042686 seconds
2021-11-07 01:26:32.705: epoch 28:	0.03764366  	0.03261485  	0.04868526  	0.08284300  	0.05022763  	0.06029732  	0.02173438  	0.02209688  	0.10538989  	0.11283123  
2021-11-07 01:26:41.877: iteration 29 finished in 9.172074 seconds
2021-11-07 01:26:42.580: epoch 29:	0.03697317  	0.03232750  	0.04713868  	0.08232351  	0.04945678  	0.05997213  	0.02147149  	0.02199311  	0.10490980  	0.11253191  
2021-11-07 01:26:50.846: iteration 30 finished in 8.265963 seconds
2021-11-07 01:26:51.393: epoch 30:	0.03697317  	0.03247118  	0.04706026  	0.08291124  	0.04943126  	0.06014972  	0.02147940  	0.02205232  	0.10465246  	0.11235633  
2021-11-07 01:27:01.455: iteration 31 finished in 10.062612 seconds
2021-11-07 01:27:01.487: epoch 31:	0.03716474  	0.03251907  	0.04731950  	0.08162152  	0.04950151  	0.05984959  	0.02147632  	0.02195886  	0.10412526  	0.11190236  
2021-11-07 01:27:11.062: iteration 32 finished in 9.560242 seconds
2021-11-07 01:27:12.625: epoch 32:	0.03716474  	0.03256696  	0.04705896  	0.08169720  	0.04930795  	0.05980978  	0.02133046  	0.02187988  	0.10377519  	0.11173268  
2021-11-07 01:27:21.405: iteration 33 finished in 8.780223 seconds
2021-11-07 01:27:21.702: epoch 33:	0.03764367  	0.03232750  	0.04783506  	0.08040996  	0.04981855  	0.05953208  	0.02154535  	0.02188951  	0.10424347  	0.11201064  
2021-11-07 01:27:30.923: iteration 34 finished in 9.221053 seconds
2021-11-07 01:27:31.344: epoch 34:	0.03745210  	0.03232750  	0.04763710  	0.08078744  	0.04949121  	0.05949102  	0.02135820  	0.02181428  	0.10326130  	0.11125227  
2021-11-07 01:27:40.205: iteration 35 finished in 8.860633 seconds
2021-11-07 01:27:40.455: epoch 35:	0.03783523  	0.03242329  	0.04792957  	0.08087169  	0.04973631  	0.05955707  	0.02133731  	0.02180663  	0.10370259  	0.11129874  
2021-11-07 01:27:54.878: iteration 36 finished in 14.422705 seconds
2021-11-07 01:27:58.957: epoch 36:	0.03783523  	0.03261486  	0.04810052  	0.08137850  	0.04970016  	0.05969702  	0.02126760  	0.02175122  	0.10350114  	0.11127433  
2021-11-07 01:28:11.199: iteration 37 finished in 12.113132 seconds
2021-11-07 01:28:11.339: epoch 37:	0.03783523  	0.03256696  	0.04821841  	0.08071588  	0.04985140  	0.05962685  	0.02136539  	0.02181288  	0.10409181  	0.11174425  
2021-11-07 01:28:23.508: iteration 38 finished in 12.168851 seconds
2021-11-07 01:28:26.124: epoch 38:	0.03773945  	0.03280643  	0.04753282  	0.08106878  	0.04957889  	0.05980917  	0.02129400  	0.02185937  	0.10374819  	0.11159006  
2021-11-07 01:28:35.234: iteration 39 finished in 9.109829 seconds
2021-11-07 01:28:35.265: epoch 39:	0.03812259  	0.03285432  	0.04786690  	0.08201730  	0.04983066  	0.06003380  	0.02132744  	0.02190781  	0.10417087  	0.11188404  
2021-11-07 01:28:44.859: iteration 40 finished in 9.594572 seconds
2021-11-07 01:28:46.250: epoch 40:	0.03831416  	0.03285432  	0.04775315  	0.08196316  	0.04994465  	0.06009722  	0.02139636  	0.02196636  	0.10434610  	0.11195754  
2021-11-07 01:28:55.173: iteration 41 finished in 8.922984 seconds
2021-11-07 01:28:56.344: epoch 41:	0.03812259  	0.03261485  	0.04762012  	0.08124130  	0.04972992  	0.05974777  	0.02131410  	0.02187857  	0.10368092  	0.11122541  
2021-11-07 01:29:04.862: iteration 42 finished in 8.517592 seconds
2021-11-07 01:29:05.018: epoch 42:	0.03764367  	0.03271064  	0.04785899  	0.08150627  	0.04954091  	0.05984585  	0.02142725  	0.02198795  	0.10259953  	0.11048794  
2021-11-07 01:29:14.565: iteration 43 finished in 9.547147 seconds
2021-11-07 01:29:14.612: epoch 43:	0.03821837  	0.03251906  	0.04857403  	0.08123101  	0.05006971  	0.05973914  	0.02160133  	0.02197703  	0.10326470  	0.11098918  
2021-11-07 01:29:24.516: iteration 44 finished in 9.903924 seconds
2021-11-07 01:29:27.477: epoch 44:	0.03812259  	0.03251906  	0.04845430  	0.08114861  	0.04992667  	0.05965558  	0.02153902  	0.02193378  	0.10290854  	0.11073563  
2021-11-07 01:29:37.075: iteration 45 finished in 9.597674 seconds
2021-11-07 01:29:37.106: epoch 45:	0.03821837  	0.03256696  	0.04877518  	0.08074608  	0.05001599  	0.05956287  	0.02156759  	0.02195991  	0.10261169  	0.11021694  
2021-11-07 01:29:48.810: iteration 46 finished in 11.704042 seconds
2021-11-07 01:29:54.765: epoch 46:	0.03821837  	0.03251906  	0.04886779  	0.08061206  	0.05002222  	0.05950433  	0.02159380  	0.02195880  	0.10243493  	0.11000974  
2021-11-07 01:30:08.970: iteration 47 finished in 14.205050 seconds
2021-11-07 01:30:11.716: epoch 47:	0.03812259  	0.03247118  	0.04881990  	0.08061181  	0.04993546  	0.05946669  	0.02156633  	0.02193542  	0.10225819  	0.10981163  
2021-11-07 01:30:23.001: iteration 48 finished in 11.284276 seconds
2021-11-07 01:30:25.143: epoch 48:	0.03821837  	0.03247118  	0.04896888  	0.08071377  	0.05033465  	0.05975991  	0.02191140  	0.02221387  	0.10327000  	0.11077367  
2021-11-07 01:30:34.523: iteration 49 finished in 9.379735 seconds
2021-11-07 01:30:34.648: epoch 49:	0.03812258  	0.03251906  	0.04901846  	0.08167006  	0.05020415  	0.05992343  	0.02184890  	0.02223326  	0.10284392  	0.11047284  
2021-11-07 01:30:43.945: iteration 50 finished in 9.297224 seconds
2021-11-07 01:30:44.994: epoch 50:	0.03783523  	0.03261485  	0.04882688  	0.08182438  	0.04996588  	0.05995435  	0.02174855  	0.02223872  	0.10236993  	0.11004730  
