2021-12-17 08:44:20.024: Dataset name: u1
The number of users: 23132
The number of items: 23132
The number of ratings: 312310
Average actions of users: 13.50
Average actions of items: 13.50
The sparsity of the dataset: 99.941634%
2021-12-17 08:44:20.024: 

NeuRec hyperparameters:
recommender=WRMF
config_dir=./conf
gpu_id=0
gpu_mem=0.5
data.input.path=D:\hsyoo\Workingon_210628/_Data/eat/random-barrier/u1/
data.input.dataset=u1
data.output.path=D:\hsyoo\Workingon_210628/_Emb/eat/random-barrier/wrmf/u1_wrmf_directed_dim16_uniform_send.emb
data.column.format=UI
data.convert.separator='\t'
user_min=0
item_min=0
splitter=given
ratio=0.8
by_time=False
metric=["Precision", "Recall", "NDCG", "MAP", "MRR"]
topk=[10, 20]
group_view=None
rec.evaluate.neg=0
test_batch_size=128
num_thread=8
data.index.remap=False

WRMF's hyperparameters:
epochs=50
embedding_size=16
reg_mf=0.1
alpha=10
init_method=uniform
stddev=0.01
verbose=1
weight=uniform

2021-12-17 09:07:49.135: metrics:	Precision@10	Precision@20	Recall@10   	Recall@20   	NDCG@10     	NDCG@20     	MAP@10      	MAP@20      	MRR@10      	MRR@20      
2021-12-17 09:09:08.485: iteration 1 finished in 79.350192 seconds
2021-12-17 09:09:08.868: epoch 1:	0.01167268  	0.00985350  	0.01495827  	0.02576958  	0.01489899  	0.01951679  	0.00549979  	0.00605342  	0.03752438  	0.04214840  
2021-12-17 09:10:26.419: iteration 2 finished in 77.549983 seconds
2021-12-17 09:10:26.790: epoch 2:	0.02478658  	0.02018359  	0.03215074  	0.05245325  	0.03186967  	0.04051398  	0.01209053  	0.01321406  	0.07785235  	0.08504392  
2021-12-17 09:11:44.021: iteration 3 finished in 77.231667 seconds
2021-12-17 09:11:44.392: epoch 3:	0.03669184  	0.02955514  	0.04806558  	0.07736088  	0.04928098  	0.06167246  	0.01988713  	0.02175004  	0.11974478  	0.12836176  
2021-12-17 09:13:01.161: iteration 4 finished in 76.768464 seconds
2021-12-17 09:13:01.537: epoch 4:	0.04454322  	0.03493933  	0.05844717  	0.09140136  	0.06107978  	0.07490695  	0.02548557  	0.02761432  	0.14778124  	0.15688667  
2021-12-17 09:14:17.913: iteration 5 finished in 76.375723 seconds
2021-12-17 09:14:18.287: epoch 5:	0.04860934  	0.03756423  	0.06381796  	0.09853814  	0.06734171  	0.08184613  	0.02854071  	0.03081663  	0.16271898  	0.17186624  
2021-12-17 09:15:35.092: iteration 6 finished in 76.804379 seconds
2021-12-17 09:15:35.472: epoch 6:	0.05083164  	0.03936503  	0.06725463  	0.10364154  	0.07078952  	0.08605487  	0.03016273  	0.03255679  	0.17056014  	0.18018736  
2021-12-17 09:16:51.696: iteration 7 finished in 76.224113 seconds
2021-12-17 09:16:52.067: epoch 7:	0.05212595  	0.03995711  	0.06885356  	0.10536645  	0.07247572  	0.08772511  	0.03099181  	0.03342893  	0.17330249  	0.18278857  
2021-12-17 09:18:08.426: iteration 8 finished in 76.358601 seconds
2021-12-17 09:18:08.803: epoch 8:	0.05302953  	0.04071405  	0.07007574  	0.10756902  	0.07361616  	0.08918452  	0.03151098  	0.03403319  	0.17540742  	0.18473768  
2021-12-17 09:19:23.957: iteration 9 finished in 75.153683 seconds
2021-12-17 09:19:24.332: epoch 9:	0.05311499  	0.04080562  	0.07051652  	0.10799447  	0.07388238  	0.08947919  	0.03164043  	0.03418043  	0.17567989  	0.18494487  
2021-12-17 09:20:39.548: iteration 10 finished in 75.215813 seconds
2021-12-17 09:20:39.933: epoch 10:	0.05320048  	0.04091552  	0.07101301  	0.10839164  	0.07426160  	0.08987080  	0.03183525  	0.03435086  	0.17667152  	0.18604486  
2021-12-17 09:21:54.966: iteration 11 finished in 75.033263 seconds
2021-12-17 09:21:55.355: epoch 11:	0.05355459  	0.04078120  	0.07132701  	0.10802082  	0.07464708  	0.08987839  	0.03197491  	0.03438440  	0.17756853  	0.18690309  
2021-12-17 09:23:11.105: iteration 12 finished in 75.749267 seconds
2021-12-17 09:23:11.472: epoch 12:	0.05357901  	0.04092773  	0.07129020  	0.10853106  	0.07462250  	0.09003104  	0.03196270  	0.03439780  	0.17742626  	0.18678874  
2021-12-17 09:24:27.774: iteration 13 finished in 76.301376 seconds
2021-12-17 09:24:28.154: epoch 13:	0.05344469  	0.04097657  	0.07114389  	0.10851352  	0.07452124  	0.09004498  	0.03190638  	0.03438270  	0.17742823  	0.18683167  
2021-12-17 09:25:43.878: iteration 14 finished in 75.723130 seconds
2021-12-17 09:25:44.253: epoch 14:	0.05332258  	0.04108645  	0.07092613  	0.10881524  	0.07431880  	0.09006045  	0.03180417  	0.03431052  	0.17700179  	0.18660007  
2021-12-17 09:26:59.545: iteration 15 finished in 75.292777 seconds
2021-12-17 09:26:59.931: epoch 15:	0.05334700  	0.04110475  	0.07098108  	0.10877852  	0.07440566  	0.09015209  	0.03188498  	0.03439784  	0.17706864  	0.18674102  
2021-12-17 09:28:15.136: iteration 16 finished in 75.204391 seconds
2021-12-17 09:28:15.511: epoch 16:	0.05334698  	0.04112309  	0.07089783  	0.10896653  	0.07447204  	0.09030443  	0.03198338  	0.03451036  	0.17726526  	0.18698516  
2021-12-17 09:29:30.773: iteration 17 finished in 75.262216 seconds
2021-12-17 09:29:31.154: epoch 17:	0.05333478  	0.04114139  	0.07095591  	0.10895369  	0.07457592  	0.09040050  	0.03208083  	0.03460333  	0.17762354  	0.18736438  
2021-12-17 09:30:45.965: iteration 18 finished in 74.809723 seconds
2021-12-17 09:30:46.339: epoch 18:	0.05321268  	0.04112306  	0.07078621  	0.10894278  	0.07428481  	0.09019396  	0.03189953  	0.03445634  	0.17669830  	0.18644315  
2021-12-17 09:32:01.932: iteration 19 finished in 75.592242 seconds
2021-12-17 09:32:02.297: epoch 19:	0.05317605  	0.04106201  	0.07073034  	0.10873555  	0.07419613  	0.09005323  	0.03185622  	0.03440167  	0.17631260  	0.18604755  
2021-12-17 09:33:16.929: iteration 20 finished in 74.631160 seconds
2021-12-17 09:33:17.316: epoch 20:	0.05329816  	0.04109253  	0.07088739  	0.10873485  	0.07421245  	0.09001456  	0.03184542  	0.03437644  	0.17596799  	0.18569171  
2021-12-17 09:34:33.513: iteration 21 finished in 76.197252 seconds
2021-12-17 09:34:33.883: epoch 21:	0.05337140  	0.04110474  	0.07098060  	0.10882834  	0.07418809  	0.08997405  	0.03181669  	0.03435579  	0.17551242  	0.18525980  
2021-12-17 09:35:48.991: iteration 22 finished in 75.108263 seconds
2021-12-17 09:35:49.366: epoch 22:	0.05320044  	0.04108033  	0.07073860  	0.10883624  	0.07403589  	0.08993583  	0.03179283  	0.03436495  	0.17522171  	0.18504465  
2021-12-17 09:37:04.228: iteration 23 finished in 74.861632 seconds
2021-12-17 09:37:04.602: epoch 23:	0.05323708  	0.04103148  	0.07070796  	0.10855368  	0.07395669  	0.08976457  	0.03173609  	0.03429129  	0.17483260  	0.18462637  
2021-12-17 09:38:19.580: iteration 24 finished in 74.977736 seconds
2021-12-17 09:38:19.947: epoch 24:	0.05332255  	0.04120854  	0.07083167  	0.10906578  	0.07391480  	0.08987965  	0.03167164  	0.03425650  	0.17432582  	0.18417147  
2021-12-17 09:39:34.407: iteration 25 finished in 74.460035 seconds
2021-12-17 09:39:34.777: epoch 25:	0.05339582  	0.04117189  	0.07074793  	0.10901929  	0.07381638  	0.08975296  	0.03161484  	0.03418551  	0.17376885  	0.18364942  
2021-12-17 09:40:49.971: iteration 26 finished in 75.192860 seconds
2021-12-17 09:40:50.346: epoch 26:	0.05344466  	0.04122073  	0.07083405  	0.10922684  	0.07382890  	0.08980471  	0.03162232  	0.03420540  	0.17359471  	0.18346176  
2021-12-17 09:42:04.936: iteration 27 finished in 74.590046 seconds
2021-12-17 09:42:05.312: epoch 27:	0.05342023  	0.04126959  	0.07075841  	0.10933246  	0.07380808  	0.08987442  	0.03160354  	0.03421000  	0.17377113  	0.18369819  
2021-12-17 09:43:20.418: iteration 28 finished in 75.106389 seconds
2021-12-17 09:43:20.796: epoch 28:	0.05350571  	0.04120244  	0.07089900  	0.10919044  	0.07383029  	0.08975625  	0.03159672  	0.03414727  	0.17357209  	0.18352550  
2021-12-17 09:44:35.897: iteration 29 finished in 75.100339 seconds
2021-12-17 09:44:36.276: epoch 29:	0.05339583  	0.04131845  	0.07075810  	0.10935798  	0.07367551  	0.08978462  	0.03150401  	0.03411920  	0.17331129  	0.18327086  
2021-12-17 09:45:51.734: iteration 30 finished in 75.457524 seconds
2021-12-17 09:45:52.113: epoch 30:	0.05346908  	0.04128182  	0.07080913  	0.10925162  	0.07359061  	0.08961778  	0.03142176  	0.03402817  	0.17274806  	0.18261409  
2021-12-17 09:47:07.481: iteration 31 finished in 75.368179 seconds
2021-12-17 09:47:07.856: epoch 31:	0.05332256  	0.04137339  	0.07067867  	0.10952031  	0.07343441  	0.08967122  	0.03133391  	0.03398022  	0.17249629  	0.18250470  
2021-12-17 09:48:22.388: iteration 32 finished in 74.531370 seconds
2021-12-17 09:48:22.764: epoch 32:	0.05367667  	0.04138559  	0.07113500  	0.10940686  	0.07375187  	0.08972550  	0.03143430  	0.03403767  	0.17296498  	0.18272144  
2021-12-17 09:49:38.207: iteration 33 finished in 75.442895 seconds
2021-12-17 09:49:38.580: epoch 33:	0.05373771  	0.04145274  	0.07127737  	0.10959578  	0.07384567  	0.08984042  	0.03147672  	0.03407763  	0.17304642  	0.18283784  
2021-12-17 09:50:55.442: iteration 34 finished in 76.862378 seconds
2021-12-17 09:50:55.817: epoch 34:	0.05372551  	0.04153207  	0.07126623  	0.10983438  	0.07384042  	0.08995159  	0.03145450  	0.03409244  	0.17320491  	0.18305606  
2021-12-17 09:52:11.261: iteration 35 finished in 75.443724 seconds
2021-12-17 09:52:11.631: epoch 35:	0.05372551  	0.04155647  	0.07135095  	0.11003381  	0.07384457  	0.08999756  	0.03142664  	0.03408466  	0.17331155  	0.18310750  
2021-12-17 09:53:26.967: iteration 36 finished in 75.335994 seconds
2021-12-17 09:53:27.338: epoch 36:	0.05385984  	0.04160531  	0.07160360  	0.11009476  	0.07398426  	0.09006002  	0.03143385  	0.03408364  	0.17368111  	0.18336727  
2021-12-17 09:54:42.708: iteration 37 finished in 75.369080 seconds
2021-12-17 09:54:43.088: epoch 37:	0.05374994  	0.04162974  	0.07137565  	0.11011560  	0.07399542  	0.09019758  	0.03151812  	0.03416996  	0.17403191  	0.18395984  
2021-12-17 09:55:58.399: iteration 38 finished in 75.311854 seconds
2021-12-17 09:55:58.774: epoch 38:	0.05378658  	0.04162363  	0.07143424  	0.11007487  	0.07405848  	0.09021322  	0.03153571  	0.03420282  	0.17422736  	0.18403913  
2021-12-17 09:57:14.182: iteration 39 finished in 75.407478 seconds
2021-12-17 09:57:14.557: epoch 39:	0.05388426  	0.04156868  	0.07140537  	0.10983992  	0.07404997  	0.09008395  	0.03150805  	0.03415198  	0.17414612  	0.18384077  
2021-12-17 09:58:29.865: iteration 40 finished in 75.307540 seconds
2021-12-17 09:58:30.235: epoch 40:	0.05387205  	0.04163582  	0.07142606  	0.10988449  	0.07414801  	0.09022667  	0.03158056  	0.03423854  	0.17456974  	0.18430595  
2021-12-17 09:59:45.854: iteration 41 finished in 75.617648 seconds
2021-12-17 09:59:46.215: epoch 41:	0.05382321  	0.04162971  	0.07140491  	0.10988637  	0.07412902  	0.09022646  	0.03157873  	0.03423877  	0.17462090  	0.18438193  
2021-12-17 10:01:01.792: iteration 42 finished in 75.577231 seconds
2021-12-17 10:01:02.152: epoch 42:	0.05390869  	0.04161140  	0.07149062  	0.10999049  	0.07422541  	0.09028818  	0.03160843  	0.03426868  	0.17495984  	0.18465053  
2021-12-17 10:02:17.654: iteration 43 finished in 75.502517 seconds
2021-12-17 10:02:18.029: epoch 43:	0.05393312  	0.04158089  	0.07161914  	0.10984657  	0.07424755  	0.09021570  	0.03161188  	0.03424187  	0.17485285  	0.18452336  
2021-12-17 10:03:33.569: iteration 44 finished in 75.540358 seconds
2021-12-17 10:03:33.947: epoch 44:	0.05384765  	0.04158699  	0.07147472  	0.10966821  	0.07429760  	0.09029255  	0.03167696  	0.03431570  	0.17536220  	0.18507387  
2021-12-17 10:04:49.207: iteration 45 finished in 75.259584 seconds
2021-12-17 10:04:49.576: epoch 45:	0.05378660  	0.04156869  	0.07135002  	0.10964856  	0.07426675  	0.09030031  	0.03166481  	0.03431986  	0.17558649  	0.18529636  
2021-12-17 10:06:05.114: iteration 46 finished in 75.537952 seconds
2021-12-17 10:06:05.485: epoch 46:	0.05387207  	0.04159920  	0.07150361  	0.10966194  	0.07433265  	0.09030630  	0.03167771  	0.03431774  	0.17553748  	0.18518279  
2021-12-17 10:07:21.231: iteration 47 finished in 75.744969 seconds
2021-12-17 10:07:21.599: epoch 47:	0.05383543  	0.04162363  	0.07153969  	0.10963193  	0.07436170  	0.09034437  	0.03171124  	0.03435729  	0.17568640  	0.18528198  
2021-12-17 10:08:36.560: iteration 48 finished in 74.961345 seconds
2021-12-17 10:08:36.941: epoch 48:	0.05394533  	0.04164805  	0.07164389  	0.10968140  	0.07444827  	0.09038725  	0.03173557  	0.03437222  	0.17584565  	0.18536623  
2021-12-17 10:09:52.463: iteration 49 finished in 75.521657 seconds
2021-12-17 10:09:52.840: epoch 49:	0.05388427  	0.04165417  	0.07170934  	0.10960185  	0.07445730  	0.09038151  	0.03175392  	0.03436844  	0.17592803  	0.18545692  
2021-12-17 10:11:07.476: iteration 50 finished in 74.636106 seconds
2021-12-17 10:11:07.851: epoch 50:	0.05387206  	0.04166638  	0.07175364  	0.10959437  	0.07444753  	0.09037303  	0.03173323  	0.03435241  	0.17598471  	0.18548985  
