2021-11-17 01:06:30.440: Dataset name: u1
The number of users: 22470
The number of items: 22470
The number of ratings: 311373
Average actions of users: 13.86
Average actions of items: 13.86
The sparsity of the dataset: 99.938330%
2021-11-17 01:06:30.440: 

NeuRec hyperparameters:
recommender=WRMF
config_dir=./conf
gpu_id=0
gpu_mem=0.5
data.input.path=D:\hsyoo\Workingon_210628/_Data/eat/5-noniid-out-barrier/u1/
data.input.dataset=u1
data.output.path=D:\hsyoo\Workingon_210628/_Emb/eat/5-noniid-out-barrier/wrmf/u1_wrmf_directed_dim16_uniform_send.emb
data.column.format=UI
data.convert.separator='\t'
user_min=0
item_min=0
splitter=given
ratio=0.8
by_time=False
metric=["Precision", "Recall", "NDCG", "MAP", "MRR"]
topk=[10, 20]
group_view=None
rec.evaluate.neg=0
test_batch_size=128
num_thread=8
data.index.remap=False

WRMF's hyperparameters:
epochs=50
embedding_size=16
reg_mf=0.1
alpha=10
init_method=uniform
stddev=0.01
verbose=1
weight=uniform

2021-11-17 01:33:09.564: metrics:	Precision@10	Precision@20	Recall@10   	Recall@20   	NDCG@10     	NDCG@20     	MAP@10      	MAP@20      	MRR@10      	MRR@20      
2021-11-17 01:34:52.370: iteration 1 finished in 102.806055 seconds
2021-11-17 01:34:52.916: epoch 1:	0.01223484  	0.01058987  	0.01635907  	0.02811988  	0.01583911  	0.02133161  	0.00580579  	0.00659280  	0.03968151  	0.04469365  
2021-11-17 01:36:31.753: iteration 2 finished in 98.836473 seconds
2021-11-17 01:36:32.159: epoch 2:	0.02699281  	0.02139949  	0.03596577  	0.05696524  	0.03563866  	0.04529191  	0.01385806  	0.01541313  	0.08699072  	0.09452597  
2021-11-17 01:38:13.117: iteration 3 finished in 100.957587 seconds
2021-11-17 01:38:13.538: epoch 3:	0.03941109  	0.03113057  	0.05278850  	0.08312916  	0.05397386  	0.06793083  	0.02192113  	0.02445751  	0.13286103  	0.14204441  
2021-11-17 01:39:52.268: iteration 4 finished in 98.729179 seconds
2021-11-17 01:39:52.674: epoch 4:	0.04634535  	0.03608970  	0.06221212  	0.09624891  	0.06440914  	0.08011309  	0.02680668  	0.02976428  	0.15787600  	0.16758339  
2021-11-17 01:41:33.181: iteration 5 finished in 100.507449 seconds
2021-11-17 01:41:33.619: epoch 5:	0.04952610  	0.03837441  	0.06645907  	0.10253289  	0.06883171  	0.08543255  	0.02873471  	0.03196063  	0.16772394  	0.17756017  
2021-11-17 01:43:12.504: iteration 6 finished in 98.885772 seconds
2021-11-17 01:43:12.895: epoch 6:	0.05163444  	0.03949551  	0.06944661  	0.10557780  	0.07171469  	0.08831114  	0.03004173  	0.03328415  	0.17415214  	0.18372779  
2021-11-17 01:44:52.147: iteration 7 finished in 99.251930 seconds
2021-11-17 01:44:52.569: epoch 7:	0.05237782  	0.04034237  	0.07030158  	0.10773282  	0.07307104  	0.09025808  	0.03078711  	0.03419497  	0.17749548  	0.18716727  
2021-11-17 01:46:32.410: iteration 8 finished in 99.825792 seconds
2021-11-17 01:46:32.999: epoch 8:	0.05321870  	0.04079319  	0.07158256  	0.10924784  	0.07405419  	0.09131527  	0.03113337  	0.03460532  	0.17916036  	0.18862304  
2021-11-17 01:48:07.503: iteration 9 finished in 94.503128 seconds
2021-11-17 01:48:07.909: epoch 9:	0.05363302  	0.04100036  	0.07207129  	0.10973637  	0.07460753  	0.09186669  	0.03142440  	0.03487023  	0.18043460  	0.19004422  
2021-11-17 01:49:46.894: iteration 10 finished in 98.985065 seconds
2021-11-17 01:49:47.503: epoch 10:	0.05405955  	0.04129279  	0.07266054  	0.11064723  	0.07520910  	0.09258129  	0.03170757  	0.03518818  	0.18183208  	0.19134805  
2021-11-17 01:52:14.661: iteration 11 finished in 147.157812 seconds
2021-11-17 01:52:15.254: epoch 11:	0.05410829  	0.04137813  	0.07273161  	0.11097467  	0.07517256  	0.09270105  	0.03166951  	0.03522090  	0.18150641  	0.19102721  
2021-11-17 01:54:41.399: iteration 12 finished in 146.144622 seconds
2021-11-17 01:54:41.995: epoch 12:	0.05410829  	0.04150605  	0.07284728  	0.11129225  	0.07527605  	0.09293769  	0.03172048  	0.03529141  	0.18175104  	0.19150105  
2021-11-17 01:57:08.401: iteration 13 finished in 146.405690 seconds
2021-11-17 01:57:08.994: epoch 13:	0.05419359  	0.04154870  	0.07306651  	0.11139645  	0.07552084  	0.09314513  	0.03186313  	0.03541722  	0.18220067  	0.19204460  
2021-11-17 01:59:32.302: iteration 14 finished in 143.307498 seconds
2021-11-17 01:59:32.899: epoch 14:	0.05435203  	0.04140859  	0.07318420  	0.11102026  	0.07579964  	0.09317819  	0.03202750  	0.03552555  	0.18300332  	0.19272791  
2021-11-17 02:01:58.916: iteration 15 finished in 146.017213 seconds
2021-11-17 02:01:59.525: epoch 15:	0.05437640  	0.04157307  	0.07313868  	0.11134759  	0.07579420  	0.09334689  	0.03204975  	0.03558673  	0.18279548  	0.19257972  
2021-11-17 02:04:08.756: iteration 16 finished in 129.231264 seconds
2021-11-17 02:04:09.365: epoch 16:	0.05455919  	0.04161575  	0.07342575  	0.11145503  	0.07618363  	0.09364772  	0.03225046  	0.03574414  	0.18407069  	0.19389969  
2021-11-17 02:06:43.452: iteration 17 finished in 154.086233 seconds
2021-11-17 02:06:44.045: epoch 17:	0.05458356  	0.04171324  	0.07356757  	0.11182781  	0.07628039  	0.09384294  	0.03229868  	0.03581214  	0.18425238  	0.19407707  
2021-11-17 02:09:13.204: iteration 18 finished in 149.158653 seconds
2021-11-17 02:09:13.813: epoch 18:	0.05442513  	0.04164013  	0.07336589  	0.11164322  	0.07611677  	0.09371226  	0.03224007  	0.03577395  	0.18386154  	0.19367881  
2021-11-17 02:11:41.515: iteration 19 finished in 147.701570 seconds
2021-11-17 02:11:42.140: epoch 19:	0.05433982  	0.04151216  	0.07318939  	0.11122799  	0.07607342  	0.09357941  	0.03228049  	0.03578449  	0.18362330  	0.19351240  
2021-11-17 02:14:09.659: iteration 20 finished in 147.519382 seconds
2021-11-17 02:14:10.284: epoch 20:	0.05464450  	0.04157307  	0.07362021  	0.11144281  	0.07637241  	0.09373931  	0.03237411  	0.03586805  	0.18402401  	0.19372153  
2021-11-17 02:16:33.782: iteration 21 finished in 143.498474 seconds
2021-11-17 02:16:34.407: epoch 21:	0.05469325  	0.04165228  	0.07375739  	0.11162873  	0.07650848  	0.09390478  	0.03243842  	0.03594290  	0.18443975  	0.19406529  
2021-11-17 02:18:42.881: iteration 22 finished in 128.473781 seconds
2021-11-17 02:18:43.522: epoch 22:	0.05480292  	0.04175587  	0.07387655  	0.11191031  	0.07662966  	0.09407558  	0.03248950  	0.03599186  	0.18463278  	0.19428614  
2021-11-17 02:21:05.458: iteration 23 finished in 141.936122 seconds
2021-11-17 02:21:06.098: epoch 23:	0.05481511  	0.04167666  	0.07392181  	0.11172076  	0.07664027  	0.09397687  	0.03248372  	0.03597992  	0.18459865  	0.19408919  
2021-11-17 02:23:28.600: iteration 24 finished in 142.501930 seconds
2021-11-17 02:23:29.225: epoch 24:	0.05488823  	0.04169492  	0.07391661  	0.11185616  	0.07657026  	0.09392805  	0.03243373  	0.03592899  	0.18402839  	0.19354802  
2021-11-17 02:25:52.553: iteration 25 finished in 143.328199 seconds
2021-11-17 02:25:53.178: epoch 25:	0.05490043  	0.04170102  	0.07395232  	0.11192312  	0.07657740  	0.09394674  	0.03241242  	0.03592618  	0.18405099  	0.19352257  
2021-11-17 02:28:14.557: iteration 26 finished in 141.379198 seconds
2021-11-17 02:28:15.166: epoch 26:	0.05483950  	0.04177414  	0.07387405  	0.11213627  	0.07649192  	0.09399351  	0.03233514  	0.03589195  	0.18404287  	0.19354212  
2021-11-17 02:30:34.984: iteration 27 finished in 139.817542 seconds
2021-11-17 02:30:35.609: epoch 27:	0.05486387  	0.04175585  	0.07391288  	0.11212836  	0.07655048  	0.09401141  	0.03237099  	0.03589843  	0.18423241  	0.19374068  
2021-11-17 02:32:44.477: iteration 28 finished in 128.867809 seconds
2021-11-17 02:32:45.071: epoch 28:	0.05470544  	0.04173149  	0.07369275  	0.11212468  	0.07655400  	0.09412027  	0.03244392  	0.03599598  	0.18461725  	0.19420546  
2021-11-17 02:35:16.234: iteration 29 finished in 151.163061 seconds
2021-11-17 02:35:16.859: epoch 29:	0.05466888  	0.04166447  	0.07368434  	0.11193880  	0.07654044  	0.09405133  	0.03245044  	0.03600224  	0.18457597  	0.19414231  
2021-11-17 02:37:45.929: iteration 30 finished in 149.069577 seconds
2021-11-17 02:37:46.569: epoch 30:	0.05475419  	0.04161573  	0.07377342  	0.11182027  	0.07660218  	0.09400147  	0.03246418  	0.03599835  	0.18463612  	0.19412450  
2021-11-17 02:40:17.671: iteration 31 finished in 151.101845 seconds
2021-11-17 02:40:18.280: epoch 31:	0.05462014  	0.04160354  	0.07358847  	0.11179018  	0.07644788  	0.09393156  	0.03240027  	0.03595624  	0.18432508  	0.19389631  
2021-11-17 02:42:47.537: iteration 32 finished in 149.256301 seconds
2021-11-17 02:42:48.146: epoch 32:	0.05462014  	0.04157916  	0.07355931  	0.11174735  	0.07654873  	0.09401586  	0.03247665  	0.03603217  	0.18484461  	0.19438636  
2021-11-17 02:45:19.983: iteration 33 finished in 151.837058 seconds
2021-11-17 02:45:20.588: epoch 33:	0.05452265  	0.04161572  	0.07337193  	0.11183693  	0.07651233  	0.09411343  	0.03249830  	0.03607893  	0.18502116  	0.19465892  
2021-11-17 02:47:34.409: iteration 34 finished in 133.820786 seconds
2021-11-17 02:47:35.018: epoch 34:	0.05457139  	0.04165228  	0.07338885  	0.11198760  	0.07653067  	0.09417244  	0.03248179  	0.03609056  	0.18511286  	0.19470857  
2021-11-17 02:50:00.845: iteration 35 finished in 145.826439 seconds
2021-11-17 02:50:01.454: epoch 35:	0.05463232  	0.04165228  	0.07348190  	0.11198252  	0.07664835  	0.09425240  	0.03254683  	0.03614095  	0.18548486  	0.19511305  
2021-11-17 02:52:28.386: iteration 36 finished in 146.931965 seconds
2021-11-17 02:52:29.026: epoch 36:	0.05462014  	0.04167056  	0.07350834  	0.11197852  	0.07657810  	0.09418853  	0.03250394  	0.03611030  	0.18510683  	0.19472030  
2021-11-17 02:54:54.614: iteration 37 finished in 145.587433 seconds
2021-11-17 02:54:55.223: epoch 37:	0.05465670  	0.04168276  	0.07356057  	0.11199299  	0.07662953  	0.09422489  	0.03253372  	0.03613616  	0.18523444  	0.19483587  
2021-11-17 02:57:20.869: iteration 38 finished in 145.630008 seconds
2021-11-17 02:57:21.493: epoch 38:	0.05466889  	0.04167666  	0.07357796  	0.11201745  	0.07667807  	0.09426630  	0.03257163  	0.03616808  	0.18535613  	0.19495437  
2021-11-17 02:59:47.025: iteration 39 finished in 145.531635 seconds
2021-11-17 02:59:47.648: epoch 39:	0.05480294  	0.04172540  	0.07381290  	0.11212602  	0.07675613  	0.09428359  	0.03258095  	0.03615159  	0.18518725  	0.19478880  
2021-11-17 03:02:04.366: iteration 40 finished in 136.717413 seconds
2021-11-17 03:02:04.977: epoch 40:	0.05474200  	0.04170713  	0.07373705  	0.11208564  	0.07674242  	0.09429412  	0.03259790  	0.03617543  	0.18530893  	0.19491503  
2021-11-17 03:04:35.181: iteration 41 finished in 150.203041 seconds
2021-11-17 03:04:35.790: epoch 41:	0.05477856  	0.04177414  	0.07378475  	0.11229754  	0.07679514  	0.09441146  	0.03263146  	0.03621276  	0.18542860  	0.19508561  
2021-11-17 03:07:04.798: iteration 42 finished in 149.008452 seconds
2021-11-17 03:07:05.410: epoch 42:	0.05487605  	0.04176805  	0.07391395  	0.11233104  	0.07687294  	0.09442373  	0.03265287  	0.03622229  	0.18551618  	0.19508132  
2021-11-17 03:09:34.459: iteration 43 finished in 149.048859 seconds
2021-11-17 03:09:35.055: epoch 43:	0.05487605  	0.04178022  	0.07390354  	0.11233085  	0.07690538  	0.09446993  	0.03267360  	0.03624955  	0.18566971  	0.19522384  
2021-11-17 03:12:02.359: iteration 44 finished in 147.303981 seconds
2021-11-17 03:12:02.984: epoch 44:	0.05475418  	0.04172539  	0.07373710  	0.11217717  	0.07677287  	0.09436198  	0.03262179  	0.03621032  	0.18540247  	0.19498387  
2021-11-17 03:14:28.288: iteration 45 finished in 145.304052 seconds
2021-11-17 03:14:28.709: epoch 45:	0.05475418  	0.04175586  	0.07372103  	0.11223907  	0.07677355  	0.09440216  	0.03263540  	0.03622595  	0.18535119  	0.19498420  
2021-11-17 03:16:49.488: iteration 46 finished in 140.778770 seconds
2021-11-17 03:16:50.113: epoch 46:	0.05481511  	0.04176196  	0.07379644  	0.11224675  	0.07685728  	0.09444310  	0.03267420  	0.03625099  	0.18561834  	0.19521181  
2021-11-17 03:19:15.641: iteration 47 finished in 145.527825 seconds
2021-11-17 03:19:16.266: epoch 47:	0.05488823  	0.04176196  	0.07386702  	0.11224598  	0.07692420  	0.09446059  	0.03271314  	0.03627943  	0.18562900  	0.19518574  
2021-11-17 03:21:42.758: iteration 48 finished in 146.492088 seconds
2021-11-17 03:21:43.367: epoch 48:	0.05488823  	0.04181678  	0.07385956  	0.11238466  	0.07693514  	0.09453688  	0.03272840  	0.03631511  	0.18566546  	0.19521600  
2021-11-17 03:24:11.939: iteration 49 finished in 148.571880 seconds
2021-11-17 03:24:12.564: epoch 49:	0.05487604  	0.04185334  	0.07383475  	0.11245749  	0.07689748  	0.09454671  	0.03270762  	0.03630126  	0.18555106  	0.19513924  
2021-11-17 03:26:37.973: iteration 50 finished in 145.408839 seconds
2021-11-17 03:26:38.598: epoch 50:	0.05488823  	0.04187772  	0.07382770  	0.11248855  	0.07689550  	0.09456457  	0.03270513  	0.03630510  	0.18559331  	0.19516298  
