2021-05-21 17:38:03.190: Dataset name: u1
The number of users: 5907
The number of items: 5907
The number of ratings: 20336
Average actions of users: 3.44
Average actions of items: 3.44
The sparsity of the dataset: 99.941718%
2021-05-21 17:38:03.190: 

NeuRec hyperparameters:
recommender=WRMF
config_dir=./conf
gpu_id=0
gpu_mem=0.5
data.input.path=C:\Users\HyunsikYoo\Desktop\210210_DIVINE/_Data/p2p-Gnutella08/5-fold/u1/
data.input.dataset=u1
data.output.path=C:\Users\HyunsikYoo\Desktop\210210_DIVINE/_Emb/p2p-Gnutella08/5-fold/wrmf/u1_wrmf_directed_dim16_weight1.emb
data.column.format=UI
data.convert.separator='\t'
user_min=0
item_min=0
splitter=given
ratio=0.8
by_time=False
metric=["Precision", "Recall", "NDCG", "MAP", "MRR"]
topk=[10, 20]
group_view=None
rec.evaluate.neg=0
test_batch_size=128
num_thread=8
data.index.remap=False

WRMF's hyperparameters:
epochs=50
embedding_size=16
reg_mf=0.1
alpha=10
init_method=uniform
stddev=0.01
verbose=1
weight=uniform

2021-05-21 17:39:33.404: metrics:	Precision@10	Precision@20	Recall@10   	Recall@20   	NDCG@10     	NDCG@20     	MAP@10      	MAP@20      	MRR@10      	MRR@20      
2021-05-21 17:39:38.104: iteration 1 finished in 4.699138 seconds
2021-05-21 17:39:38.154: epoch 1:	0.00864487  	0.00724301  	0.04649533  	0.07725857  	0.02633662  	0.03561814  	0.01515687  	0.01779007  	0.02690475  	0.02976156  
2021-05-21 17:39:42.223: iteration 2 finished in 4.069031 seconds
2021-05-21 17:39:42.264: epoch 2:	0.01079441  	0.00978972  	0.05724299  	0.10350467  	0.03499530  	0.04899369  	0.02169318  	0.02581612  	0.03736056  	0.04143006  
2021-05-21 17:39:46.284: iteration 3 finished in 4.019203 seconds
2021-05-21 17:39:46.325: epoch 3:	0.01242993  	0.01109812  	0.06542056  	0.11752336  	0.03769328  	0.05326870  	0.02235295  	0.02718125  	0.03781466  	0.04164659  
2021-05-21 17:39:50.339: iteration 4 finished in 4.014130 seconds
2021-05-21 17:39:50.377: epoch 4:	0.01308414  	0.01179906  	0.06869159  	0.12453271  	0.03942303  	0.05609168  	0.02328206  	0.02859827  	0.03949023  	0.04320471  
2021-05-21 17:39:54.422: iteration 5 finished in 4.044946 seconds
2021-05-21 17:39:54.461: epoch 5:	0.01308414  	0.01177569  	0.06845795  	0.12429906  	0.04034406  	0.05718208  	0.02430778  	0.02971784  	0.04159119  	0.04559363  
2021-05-21 17:39:58.615: iteration 6 finished in 4.154212 seconds
2021-05-21 17:39:58.655: epoch 6:	0.01322433  	0.01212616  	0.06915888  	0.12757009  	0.04084698  	0.05846127  	0.02461792  	0.03028793  	0.04217681  	0.04628633  
2021-05-21 17:40:02.750: iteration 7 finished in 4.094244 seconds
2021-05-21 17:40:02.789: epoch 7:	0.01397200  	0.01231307  	0.07289720  	0.12943925  	0.04234019  	0.05932103  	0.02530365  	0.03075637  	0.04272456  	0.04660118  
2021-05-21 17:40:07.078: iteration 8 finished in 4.289103 seconds
2021-05-21 17:40:07.119: epoch 8:	0.01383181  	0.01247662  	0.07242990  	0.13107477  	0.04191537  	0.05960308  	0.02490182  	0.03055747  	0.04216512  	0.04632636  
2021-05-21 17:40:11.517: iteration 9 finished in 4.397390 seconds
2021-05-21 17:40:11.556: epoch 9:	0.01397199  	0.01259344  	0.07313084  	0.13206127  	0.04260653  	0.06042325  	0.02545802  	0.03111621  	0.04317852  	0.04751483  
2021-05-21 17:40:15.699: iteration 10 finished in 4.143274 seconds
2021-05-21 17:40:15.737: epoch 10:	0.01411218  	0.01252335  	0.07365005  	0.13159397  	0.04307958  	0.06058596  	0.02579245  	0.03139152  	0.04388334  	0.04809619  
2021-05-21 17:40:19.981: iteration 11 finished in 4.243418 seconds
2021-05-21 17:40:20.020: epoch 11:	0.01434583  	0.01249999  	0.07481828  	0.13112669  	0.04356763  	0.06061420  	0.02611141  	0.03157289  	0.04394361  	0.04805643  
2021-05-21 17:40:24.155: iteration 12 finished in 4.134125 seconds
2021-05-21 17:40:24.198: epoch 12:	0.01443929  	0.01247662  	0.07528557  	0.13136034  	0.04373866  	0.06064832  	0.02604103  	0.03144951  	0.04429797  	0.04836050  
2021-05-21 17:40:28.541: iteration 13 finished in 4.343427 seconds
2021-05-21 17:40:28.583: epoch 13:	0.01457947  	0.01249999  	0.07598650  	0.13136034  	0.04408582  	0.06081179  	0.02626021  	0.03161996  	0.04452921  	0.04853567  
2021-05-21 17:40:32.911: iteration 14 finished in 4.326503 seconds
2021-05-21 17:40:32.949: epoch 14:	0.01490658  	0.01259345  	0.07785566  	0.13252856  	0.04480534  	0.06125021  	0.02663655  	0.03182627  	0.04481793  	0.04880665  
2021-05-21 17:40:37.155: iteration 15 finished in 4.205740 seconds
2021-05-21 17:40:37.194: epoch 15:	0.01490658  	0.01266354  	0.07785566  	0.13299584  	0.04426311  	0.06087651  	0.02602406  	0.03124164  	0.04368660  	0.04777385  
2021-05-21 17:40:41.458: iteration 16 finished in 4.263316 seconds
2021-05-21 17:40:41.499: epoch 16:	0.01500004  	0.01268690  	0.07832295  	0.13322949  	0.04448899  	0.06101723  	0.02611408  	0.03133589  	0.04400832  	0.04798804  
2021-05-21 17:40:45.606: iteration 17 finished in 4.107127 seconds
2021-05-21 17:40:45.644: epoch 17:	0.01509349  	0.01268690  	0.07902388  	0.13322949  	0.04510203  	0.06144679  	0.02659714  	0.03181031  	0.04480661  	0.04866316  
2021-05-21 17:40:49.912: iteration 18 finished in 4.268102 seconds
2021-05-21 17:40:49.950: epoch 18:	0.01514022  	0.01275699  	0.07949118  	0.13416407  	0.04526696  	0.06174394  	0.02672008  	0.03189211  	0.04473466  	0.04877423  
2021-05-21 17:40:54.019: iteration 19 finished in 4.068975 seconds
2021-05-21 17:40:54.058: epoch 19:	0.01523368  	0.01275699  	0.07995846  	0.13439772  	0.04542091  	0.06183107  	0.02677071  	0.03191891  	0.04474876  	0.04882356  
2021-05-21 17:40:58.188: iteration 20 finished in 4.129954 seconds
2021-05-21 17:40:58.225: epoch 20:	0.01537386  	0.01278036  	0.08089305  	0.13463137  	0.04560317  	0.06177921  	0.02676059  	0.03182524  	0.04457742  	0.04854434  
2021-05-21 17:41:02.344: iteration 21 finished in 4.119205 seconds
2021-05-21 17:41:02.384: epoch 21:	0.01532713  	0.01275699  	0.08042575  	0.13439772  	0.04554681  	0.06180838  	0.02680000  	0.03188867  	0.04467625  	0.04872417  
2021-05-21 17:41:06.507: iteration 22 finished in 4.123052 seconds
2021-05-21 17:41:06.549: epoch 22:	0.01537386  	0.01278036  	0.08089305  	0.13463137  	0.04555714  	0.06177567  	0.02676940  	0.03183633  	0.04438288  	0.04845221  
2021-05-21 17:41:10.557: iteration 23 finished in 4.008027 seconds
2021-05-21 17:41:10.595: epoch 23:	0.01532713  	0.01278036  	0.08065940  	0.13463137  	0.04566411  	0.06196813  	0.02697004  	0.03206355  	0.04464898  	0.04876020  
2021-05-21 17:41:14.761: iteration 24 finished in 4.166701 seconds
2021-05-21 17:41:14.799: epoch 24:	0.01532713  	0.01282709  	0.08065940  	0.13533230  	0.04575792  	0.06223416  	0.02705033  	0.03219200  	0.04489005  	0.04902454  
2021-05-21 17:41:18.958: iteration 25 finished in 4.158368 seconds
2021-05-21 17:41:19.000: epoch 25:	0.01528040  	0.01278036  	0.08042575  	0.13486500  	0.04587810  	0.06230842  	0.02725625  	0.03237388  	0.04521380  	0.04939935  
2021-05-21 17:41:23.078: iteration 26 finished in 4.076542 seconds
2021-05-21 17:41:23.118: epoch 26:	0.01528041  	0.01275699  	0.08065940  	0.13463137  	0.04611096  	0.06244254  	0.02751743  	0.03259416  	0.04551495  	0.04973592  
2021-05-21 17:41:27.255: iteration 27 finished in 4.136500 seconds
2021-05-21 17:41:27.297: epoch 27:	0.01532713  	0.01275699  	0.08112669  	0.13486500  	0.04596982  	0.06221882  	0.02725792  	0.03232352  	0.04490877  	0.04906263  
2021-05-21 17:41:31.550: iteration 28 finished in 4.252064 seconds
2021-05-21 17:41:31.591: epoch 28:	0.01523368  	0.01275699  	0.08065940  	0.13486500  	0.04590538  	0.06230614  	0.02731263  	0.03241926  	0.04503023  	0.04925201  
2021-05-21 17:41:35.764: iteration 29 finished in 4.172159 seconds
2021-05-21 17:41:35.801: epoch 29:	0.01518695  	0.01273363  	0.08042575  	0.13463137  	0.04588341  	0.06228602  	0.02735026  	0.03245383  	0.04509512  	0.04932367  
2021-05-21 17:41:40.005: iteration 30 finished in 4.204254 seconds
2021-05-21 17:41:40.045: epoch 30:	0.01523368  	0.01271026  	0.08065940  	0.13439772  	0.04594500  	0.06218709  	0.02736937  	0.03239081  	0.04501892  	0.04924073  
2021-05-21 17:41:44.014: iteration 31 finished in 3.969123 seconds
2021-05-21 17:41:44.051: epoch 31:	0.01523368  	0.01268690  	0.08065940  	0.13416407  	0.04579260  	0.06197404  	0.02725347  	0.03223785  	0.04465788  	0.04891954  
2021-05-21 17:41:48.048: iteration 32 finished in 3.996974 seconds
2021-05-21 17:41:48.085: epoch 32:	0.01518695  	0.01268690  	0.08042575  	0.13439772  	0.04580568  	0.06209421  	0.02740562  	0.03241245  	0.04465064  	0.04893776  
2021-05-21 17:41:52.027: iteration 33 finished in 3.941296 seconds
2021-05-21 17:41:52.068: epoch 33:	0.01532713  	0.01275699  	0.08112669  	0.13509865  	0.04602127  	0.06226093  	0.02751585  	0.03244021  	0.04456849  	0.04889248  
2021-05-21 17:41:56.023: iteration 34 finished in 3.954901 seconds
2021-05-21 17:41:56.060: epoch 34:	0.01542059  	0.01280372  	0.08159398  	0.13556594  	0.04628860  	0.06249821  	0.02769859  	0.03258296  	0.04482939  	0.04915585  
2021-05-21 17:42:00.019: iteration 35 finished in 3.959078 seconds
2021-05-21 17:42:00.058: epoch 35:	0.01542059  	0.01278036  	0.08159398  	0.13533230  	0.04634448  	0.06248537  	0.02775812  	0.03263111  	0.04494325  	0.04923361  
2021-05-21 17:42:04.122: iteration 36 finished in 4.063680 seconds
2021-05-21 17:42:04.161: epoch 36:	0.01537386  	0.01278036  	0.08136033  	0.13533230  	0.04614982  	0.06237306  	0.02761654  	0.03251319  	0.04470571  	0.04903923  
2021-05-21 17:42:08.336: iteration 37 finished in 4.175148 seconds
2021-05-21 17:42:08.375: epoch 37:	0.01532713  	0.01280372  	0.08112669  	0.13579959  	0.04602436  	0.06244852  	0.02756286  	0.03251692  	0.04452713  	0.04893786  
2021-05-21 17:42:12.487: iteration 38 finished in 4.111107 seconds
2021-05-21 17:42:12.525: epoch 38:	0.01528040  	0.01278036  	0.08089305  	0.13556594  	0.04573268  	0.06217594  	0.02733051  	0.03227207  	0.04391261  	0.04839468  
2021-05-21 17:42:16.660: iteration 39 finished in 4.133587 seconds
2021-05-21 17:42:16.701: epoch 39:	0.01528040  	0.01278036  	0.08089305  	0.13556594  	0.04568325  	0.06212884  	0.02727506  	0.03222180  	0.04384585  	0.04832086  
2021-05-21 17:42:20.828: iteration 40 finished in 4.127453 seconds
2021-05-21 17:42:20.867: epoch 40:	0.01528040  	0.01280372  	0.08089305  	0.13579959  	0.04570103  	0.06221395  	0.02728851  	0.03224957  	0.04387905  	0.04837498  
2021-05-21 17:42:25.045: iteration 41 finished in 4.176733 seconds
2021-05-21 17:42:25.086: epoch 41:	0.01532713  	0.01278036  	0.08112669  	0.13556594  	0.04589814  	0.06227588  	0.02745624  	0.03238072  	0.04413662  	0.04859984  
2021-05-21 17:42:29.329: iteration 42 finished in 4.242839 seconds
2021-05-21 17:42:29.366: epoch 42:	0.01532713  	0.01266353  	0.08112669  	0.13439772  	0.04605649  	0.06209702  	0.02762572  	0.03248644  	0.04447911  	0.04880790  
2021-05-21 17:42:33.525: iteration 43 finished in 4.158616 seconds
2021-05-21 17:42:33.565: epoch 43:	0.01537386  	0.01264017  	0.08159398  	0.13416407  	0.04625487  	0.06210653  	0.02773272  	0.03254957  	0.04466083  	0.04892245  
2021-05-21 17:42:37.789: iteration 44 finished in 4.224189 seconds
2021-05-21 17:42:37.829: epoch 44:	0.01532713  	0.01264017  	0.08136033  	0.13393043  	0.04614320  	0.06204302  	0.02764918  	0.03250993  	0.04463691  	0.04889843  
2021-05-21 17:42:41.986: iteration 45 finished in 4.156826 seconds
2021-05-21 17:42:42.026: epoch 45:	0.01523368  	0.01261681  	0.08089305  	0.13369678  	0.04593758  	0.06193672  	0.02754367  	0.03246122  	0.04451287  	0.04879465  
2021-05-21 17:42:46.369: iteration 46 finished in 4.342996 seconds
2021-05-21 17:42:46.412: epoch 46:	0.01514022  	0.01266353  	0.08019211  	0.13416407  	0.04572795  	0.06207420  	0.02748498  	0.03249704  	0.04440587  	0.04882369  
2021-05-21 17:42:50.588: iteration 47 finished in 4.174534 seconds
2021-05-21 17:42:50.630: epoch 47:	0.01523368  	0.01268690  	0.08089305  	0.13439772  	0.04583102  	0.06203579  	0.02742981  	0.03234977  	0.04427477  	0.04871805  
2021-05-21 17:42:54.721: iteration 48 finished in 4.090809 seconds
2021-05-21 17:42:54.760: epoch 48:	0.01532713  	0.01264017  	0.08136033  	0.13393043  	0.04594112  	0.06185118  	0.02747162  	0.03228079  	0.04415850  	0.04854740  
2021-05-21 17:42:58.852: iteration 49 finished in 4.091195 seconds
2021-05-21 17:42:58.891: epoch 49:	0.01542059  	0.01266353  	0.08182763  	0.13416407  	0.04621216  	0.06203150  	0.02765938  	0.03241887  	0.04444054  	0.04881645  
2021-05-21 17:43:02.964: iteration 50 finished in 4.073176 seconds
2021-05-21 17:43:03.006: epoch 50:	0.01546732  	0.01264017  	0.08229491  	0.13393043  	0.04624845  	0.06188055  	0.02760096  	0.03231171  	0.04429127  	0.04861219  
