2020-08-25 13:52:03.240: Dataset name: u1
The number of users: 15231
The number of items: 15231
The number of ratings: 170633
Average actions of users: 11.20
Average actions of items: 11.20
The sparsity of the dataset: 99.926446%
2020-08-25 13:52:03.240: 

NeuRec hyperparameters:
recommender=WRMF
config_dir=./conf
gpu_id=0
gpu_mem=0.5
data.input.path=C:\Users\HyunsikYoo\Desktop\VNE_directed_networks/_Data/google/5-fold/u1/
data.input.dataset=u1
data.output.path=C:\Users\HyunsikYoo\Desktop\VNE_directed_networks/_Data/google/5-fold/u1/relevance_WRMF_directed_False_uniform
data.column.format=UI
data.convert.separator='\t'
user_min=0
item_min=0
splitter=given
ratio=0.8
by_time=False
metric=["Precision", "Recall", "NDCG", "MAP", "MRR"]
topk=[10, 20]
group_view=None
rec.evaluate.neg=0
test_batch_size=128
num_thread=8
data.index.remap=False

WRMF's hyperparameters:
epochs=50
embedding_size=16
reg_mf=0.1
alpha=10
init_method=uniform
stddev=0.01
verbose=1
weight=uniform

2020-08-25 14:03:35.705: metrics:	Precision@10	Precision@20	Recall@10   	Recall@20   	NDCG@10     	NDCG@20     	MAP@10      	MAP@20      	MRR@10      	MRR@20      
2020-08-25 14:03:56.434: iteration 1 finished in 20.729165 seconds
2020-08-25 14:03:56.829: epoch 1:	0.08738729  	0.06170816  	0.25695220  	0.31617582  	0.22523344  	0.24306275  	0.16477108  	0.17237918  	0.28890100  	0.29307690  
2020-08-25 14:04:17.836: iteration 2 finished in 21.007029 seconds
2020-08-25 14:04:18.243: epoch 2:	0.13330941  	0.08215947  	0.40153399  	0.45068550  	0.40754780  	0.41927320  	0.33205551  	0.33570629  	0.55313027  	0.55623603  
2020-08-25 14:04:39.238: iteration 3 finished in 20.995944 seconds
2020-08-25 14:04:39.650: epoch 3:	0.13898255  	0.08436983  	0.42150822  	0.46632975  	0.44202968  	0.45205343  	0.36537376  	0.36789826  	0.61270148  	0.61516339  
2020-08-25 14:05:00.896: iteration 4 finished in 21.245828 seconds
2020-08-25 14:05:01.295: epoch 4:	0.14063454  	0.08519585  	0.42757961  	0.47365201  	0.45013711  	0.46032071  	0.37224829  	0.37469795  	0.62635082  	0.62861848  
2020-08-25 14:05:22.270: iteration 5 finished in 20.975290 seconds
2020-08-25 14:05:22.677: epoch 5:	0.14134258  	0.08556352  	0.43169856  	0.47606716  	0.45183456  	0.46165788  	0.37224066  	0.37457356  	0.62957299  	0.63167500  
2020-08-25 14:05:44.027: iteration 6 finished in 21.350113 seconds
2020-08-25 14:05:44.423: epoch 6:	0.14141519  	0.08585861  	0.43181267  	0.47783819  	0.45257142  	0.46298113  	0.37237442  	0.37502319  	0.63281429  	0.63492918  
2020-08-25 14:06:06.046: iteration 7 finished in 21.621884 seconds
2020-08-25 14:06:06.453: epoch 7:	0.14139701  	0.08617181  	0.43238512  	0.48009795  	0.45271102  	0.46376160  	0.37226722  	0.37518427  	0.63315856  	0.63532317  
2020-08-25 14:06:28.053: iteration 8 finished in 21.600055 seconds
2020-08-25 14:06:28.476: epoch 8:	0.14137888  	0.08636700  	0.43228227  	0.48155797  	0.45229241  	0.46385035  	0.37164611  	0.37476730  	0.63286990  	0.63508350  
2020-08-25 14:06:49.254: iteration 9 finished in 20.778455 seconds
2020-08-25 14:06:49.693: epoch 9:	0.14135166  	0.08658490  	0.43252698  	0.48331451  	0.45158905  	0.46366012  	0.37070134  	0.37398922  	0.63134462  	0.63362181  
2020-08-25 14:07:10.987: iteration 10 finished in 21.294656 seconds
2020-08-25 14:07:11.391: epoch 10:	0.14136980  	0.08661216  	0.43284503  	0.48350221  	0.45141798  	0.46348214  	0.37045479  	0.37373522  	0.63050503  	0.63278800  
2020-08-25 14:07:33.200: iteration 11 finished in 21.809286 seconds
2020-08-25 14:07:33.604: epoch 11:	0.14156950  	0.08667569  	0.43336791  	0.48376977  	0.45107868  	0.46301195  	0.36993802  	0.37306434  	0.62966520  	0.63189816  
2020-08-25 14:07:55.014: iteration 12 finished in 21.408305 seconds
2020-08-25 14:07:55.403: epoch 12:	0.14165118  	0.08678465  	0.43388325  	0.48435226  	0.45004556  	0.46203119  	0.36865169  	0.37172386  	0.62735087  	0.62970161  
2020-08-25 14:08:16.535: iteration 13 finished in 21.132136 seconds
2020-08-25 14:08:16.938: epoch 13:	0.14161490  	0.08675741  	0.43357456  	0.48384240  	0.44975296  	0.46169934  	0.36842060  	0.37147483  	0.62687796  	0.62926507  
2020-08-25 14:08:38.172: iteration 14 finished in 21.233338 seconds
2020-08-25 14:08:38.563: epoch 14:	0.14203247  	0.08682095  	0.43368840  	0.48463973  	0.45047903  	0.46235111  	0.36952922  	0.37216899  	0.62831372  	0.63070428  
2020-08-25 14:08:59.852: iteration 15 finished in 21.288371 seconds
2020-08-25 14:09:00.255: epoch 15:	0.14208692  	0.08686182  	0.43392035  	0.48487976  	0.45060092  	0.46247029  	0.36959082  	0.37221557  	0.62842178  	0.63081831  
2020-08-25 14:09:21.464: iteration 16 finished in 21.209192 seconds
2020-08-25 14:09:21.870: epoch 16:	0.14199616  	0.08678917  	0.43303517  	0.48446810  	0.45030606  	0.46228349  	0.36943907  	0.37207815  	0.62837696  	0.63084555  
2020-08-25 14:09:44.244: iteration 17 finished in 22.374371 seconds
2020-08-25 14:09:44.648: epoch 17:	0.14194168  	0.08685270  	0.43270987  	0.48471338  	0.44992363  	0.46209413  	0.36897799  	0.37166882  	0.62813008  	0.63065040  
2020-08-25 14:10:06.804: iteration 18 finished in 22.154319 seconds
2020-08-25 14:10:07.213: epoch 18:	0.14196892  	0.08686177  	0.43260625  	0.48491877  	0.44936019  	0.46159595  	0.36832905  	0.37102869  	0.62703419  	0.62956166  
2020-08-25 14:10:28.293: iteration 19 finished in 21.078478 seconds
2020-08-25 14:10:28.690: epoch 19:	0.14177829  	0.08683907  	0.43171355  	0.48474160  	0.44895539  	0.46143353  	0.36810246  	0.37086195  	0.62681687  	0.62945896  
2020-08-25 14:10:50.608: iteration 20 finished in 21.916682 seconds
2020-08-25 14:10:51.017: epoch 20:	0.14174196  	0.08686176  	0.43156224  	0.48493394  	0.44891134  	0.46150088  	0.36799198  	0.37080532  	0.62724650  	0.62986320  
2020-08-25 14:11:12.913: iteration 21 finished in 21.894730 seconds
2020-08-25 14:11:13.317: epoch 21:	0.14176919  	0.08687084  	0.43167192  	0.48486549  	0.44892547  	0.46146604  	0.36792606  	0.37072036  	0.62742418  	0.63001609  
2020-08-25 14:11:34.494: iteration 22 finished in 21.177047 seconds
2020-08-25 14:11:34.904: epoch 22:	0.14172383  	0.08684815  	0.43139204  	0.48453715  	0.44881022  	0.46135420  	0.36785612  	0.37066725  	0.62741596  	0.62998986  
2020-08-25 14:11:56.403: iteration 23 finished in 21.499608 seconds
2020-08-25 14:11:56.819: epoch 23:	0.14175107  	0.08685270  	0.43174002  	0.48455977  	0.44889027  	0.46135059  	0.36783582  	0.37062198  	0.62760550  	0.63014293  
2020-08-25 14:12:18.473: iteration 24 finished in 21.654863 seconds
2020-08-25 14:12:18.866: epoch 24:	0.14165120  	0.08688901  	0.43133906  	0.48499259  	0.44867927  	0.46138451  	0.36759773  	0.37044582  	0.62770182  	0.63029081  
2020-08-25 14:12:40.244: iteration 25 finished in 21.378872 seconds
2020-08-25 14:12:40.637: epoch 25:	0.14159672  	0.08685268  	0.43118763  	0.48468858  	0.44847503  	0.46114597  	0.36735523  	0.37017900  	0.62759990  	0.63020027  
2020-08-25 14:13:02.217: iteration 26 finished in 21.579947 seconds
2020-08-25 14:13:02.625: epoch 26:	0.14163302  	0.08689810  	0.43124810  	0.48520312  	0.44860104  	0.46135831  	0.36745456  	0.37028563  	0.62790221  	0.63047934  
2020-08-25 14:13:23.950: iteration 27 finished in 21.323856 seconds
2020-08-25 14:13:24.355: epoch 27:	0.14152409  	0.08691172  	0.43099090  	0.48533618  	0.44837281  	0.46127325  	0.36716434  	0.37011230  	0.62786537  	0.63041288  
2020-08-25 14:13:46.027: iteration 28 finished in 21.672335 seconds
2020-08-25 14:13:46.432: epoch 28:	0.14150593  	0.08695256  	0.43086985  	0.48577797  	0.44841015  	0.46146560  	0.36715975  	0.37014970  	0.62839401  	0.63097888  
2020-08-25 14:14:07.460: iteration 29 finished in 21.028146 seconds
2020-08-25 14:14:07.887: epoch 29:	0.14149685  	0.08696162  	0.43083960  	0.48592168  	0.44829154  	0.46139297  	0.36702108  	0.37002435  	0.62825626  	0.63084078  
2020-08-25 14:14:29.295: iteration 30 finished in 21.407002 seconds
2020-08-25 14:14:29.695: epoch 30:	0.14147869  	0.08698884  	0.43076399  	0.48605800  	0.44808370  	0.46126291  	0.36681443  	0.36983281  	0.62796515  	0.63059139  
2020-08-25 14:14:51.111: iteration 31 finished in 21.415963 seconds
2020-08-25 14:14:51.518: epoch 31:	0.14146055  	0.08703426  	0.43052936  	0.48629859  	0.44792578  	0.46124944  	0.36665642  	0.36972567  	0.62789422  	0.63053375  
2020-08-25 14:15:13.367: iteration 32 finished in 21.849367 seconds
2020-08-25 14:15:13.779: epoch 32:	0.14144239  	0.08702973  	0.43046132  	0.48625991  	0.44778347  	0.46111375  	0.36649039  	0.36954814  	0.62778389  	0.63041246  
2020-08-25 14:15:35.446: iteration 33 finished in 21.666970 seconds
2020-08-25 14:15:35.848: epoch 33:	0.14142425  	0.08704334  	0.43035540  	0.48617977  	0.44763732  	0.46099532  	0.36636952  	0.36943182  	0.62752366  	0.63013750  
2020-08-25 14:15:59.141: iteration 34 finished in 23.292880 seconds
2020-08-25 14:15:59.557: epoch 34:	0.14140609  	0.08698886  	0.43029484  	0.48560929  	0.44756830  	0.46079043  	0.36630300  	0.36931932  	0.62745494  	0.63005382  
2020-08-25 14:16:22.244: iteration 35 finished in 22.686219 seconds
2020-08-25 14:16:22.668: epoch 35:	0.14145149  	0.08702063  	0.43042725  	0.48595598  	0.44750044  	0.46075246  	0.36612055  	0.36911863  	0.62730211  	0.62990099  
2020-08-25 14:16:44.987: iteration 36 finished in 22.318708 seconds
2020-08-25 14:16:45.394: epoch 36:	0.14140610  	0.08706605  	0.43028712  	0.48624957  	0.44739002  	0.46079043  	0.36602864  	0.36909965  	0.62719917  	0.62978566  
2020-08-25 14:17:07.630: iteration 37 finished in 22.235841 seconds
2020-08-25 14:17:08.035: epoch 37:	0.14140610  	0.08700703  	0.43027201  	0.48591217  	0.44711566  	0.46040395  	0.36560509  	0.36863151  	0.62692994  	0.62951839  
2020-08-25 14:17:29.145: iteration 38 finished in 21.109402 seconds
2020-08-25 14:17:29.545: epoch 38:	0.14135166  	0.08703427  	0.43010560  	0.48601362  	0.44700137  	0.46040168  	0.36556089  	0.36862081  	0.62674946  	0.62938243  
2020-08-25 14:17:50.764: iteration 39 finished in 21.218164 seconds
2020-08-25 14:17:51.146: epoch 39:	0.14129719  	0.08699796  	0.42978027  	0.48562476  	0.44671157  	0.46010756  	0.36536369  	0.36842951  	0.62613094  	0.62876594  
2020-08-25 14:18:12.694: iteration 40 finished in 21.548233 seconds
2020-08-25 14:18:13.092: epoch 40:	0.14130625  	0.08697981  	0.42989829  	0.48561722  	0.44675314  	0.46010610  	0.36541909  	0.36847767  	0.62602532  	0.62863511  
2020-08-25 14:18:35.367: iteration 41 finished in 22.275012 seconds
2020-08-25 14:18:35.780: epoch 41:	0.14126089  	0.08695258  	0.42966375  	0.48555675  	0.44646293  	0.45986491  	0.36515552  	0.36825570  	0.62555373  	0.62815404  
2020-08-25 14:18:57.037: iteration 42 finished in 21.257666 seconds
2020-08-25 14:18:57.444: epoch 42:	0.14113380  	0.08691173  	0.42902824  	0.48508000  	0.44618922  	0.45967665  	0.36497593  	0.36814854  	0.62545544  	0.62803245  
2020-08-25 14:19:18.325: iteration 43 finished in 20.881669 seconds
2020-08-25 14:19:18.727: epoch 43:	0.14109750  	0.08692989  	0.42892992  	0.48510876  	0.44604486  	0.45959696  	0.36486277  	0.36806828  	0.62519127  	0.62777489  
2020-08-25 14:19:40.455: iteration 44 finished in 21.728485 seconds
2020-08-25 14:19:40.856: epoch 44:	0.14107026  	0.08687541  	0.42880887  	0.48477888  	0.44587228  	0.45935079  	0.36469367  	0.36786494  	0.62497014  	0.62757778  
2020-08-25 14:20:04.033: iteration 45 finished in 23.176190 seconds
2020-08-25 14:20:04.436: epoch 45:	0.14103395  	0.08688902  	0.42871049  	0.48505899  	0.44556558  	0.45914674  	0.36440125  	0.36760241  	0.62432069  	0.62694526  
2020-08-25 14:20:25.959: iteration 46 finished in 21.522507 seconds
2020-08-25 14:20:26.362: epoch 46:	0.14098856  	0.08686633  	0.42853650  	0.48478061  	0.44544929  	0.45902812  	0.36434937  	0.36755699  	0.62410504  	0.62673503  
2020-08-25 14:20:48.176: iteration 47 finished in 21.814613 seconds
2020-08-25 14:20:48.582: epoch 47:	0.14100672  	0.08682548  	0.42853653  	0.48459890  	0.44566780  	0.45916083  	0.36469051  	0.36786202  	0.62421221  	0.62685031  
2020-08-25 14:21:09.977: iteration 48 finished in 21.394335 seconds
2020-08-25 14:21:10.381: epoch 48:	0.14097948  	0.08682095  	0.42836627  	0.48449457  	0.44564015  	0.45916361  	0.36473334  	0.36791840  	0.62418211  	0.62681973  
2020-08-25 14:21:31.771: iteration 49 finished in 21.390223 seconds
2020-08-25 14:21:32.174: epoch 49:	0.14096133  	0.08677101  	0.42829815  	0.48391962  	0.44548103  	0.45887700  	0.36457342  	0.36772978  	0.62390685  	0.62652338  
2020-08-25 14:21:53.491: iteration 50 finished in 21.316939 seconds
2020-08-25 14:21:53.898: epoch 50:	0.14096133  	0.08675738  	0.42838064  	0.48394984  	0.44553849  	0.45889980  	0.36463889  	0.36777803  	0.62393892  	0.62654579  
