2021-12-15 00:53:57.693: Dataset name: u1
The number of users: 27188
The number of items: 27188
The number of ratings: 83129
Average actions of users: 3.06
Average actions of items: 3.06
The sparsity of the dataset: 99.988754%
2021-12-15 00:53:57.693: 

NeuRec hyperparameters:
recommender=WRMF
config_dir=./conf
gpu_id=0
gpu_mem=0.5
data.input.path=D:\hsyoo\Workingon_210628/_Data/digg/noniid-in-barrier/u1/
data.input.dataset=u1
data.output.path=D:\hsyoo\Workingon_210628/_Emb/digg/noniid-in-barrier/wrmf/u1_wrmf_directed_dim16_uniform_send.emb
data.column.format=UI
data.convert.separator='\t'
user_min=0
item_min=0
splitter=given
ratio=0.8
by_time=False
metric=["Precision", "Recall", "NDCG", "MAP", "MRR"]
topk=[10, 20]
group_view=None
rec.evaluate.neg=0
test_batch_size=128
num_thread=8
data.index.remap=False

WRMF's hyperparameters:
epochs=50
embedding_size=16
reg_mf=0.1
alpha=10
init_method=uniform
stddev=0.01
verbose=1
weight=uniform

2021-12-15 01:25:46.257: metrics:	Precision@10	Precision@20	Recall@10   	Recall@20   	NDCG@10     	NDCG@20     	MAP@10      	MAP@20      	MRR@10      	MRR@20      
2021-12-15 01:27:33.118: iteration 1 finished in 106.859790 seconds
2021-12-15 01:27:33.438: epoch 1:	0.00016961  	0.00021201  	0.00078963  	0.00191307  	0.00057273  	0.00090737  	0.00039615  	0.00046601  	0.00067491  	0.00083405  
2021-12-15 01:29:21.691: iteration 2 finished in 108.252976 seconds
2021-12-15 01:29:22.018: epoch 2:	0.00019788  	0.00024735  	0.00111943  	0.00245869  	0.00066936  	0.00105539  	0.00042062  	0.00049872  	0.00076751  	0.00095638  
2021-12-15 01:31:08.317: iteration 3 finished in 106.298626 seconds
2021-12-15 01:31:08.645: epoch 3:	0.00029682  	0.00028269  	0.00135318  	0.00272880  	0.00079924  	0.00117785  	0.00046169  	0.00054409  	0.00094475  	0.00111093  
2021-12-15 01:32:55.107: iteration 4 finished in 106.462223 seconds
2021-12-15 01:32:55.436: epoch 4:	0.00022615  	0.00028269  	0.00097627  	0.00265106  	0.00068188  	0.00117355  	0.00042877  	0.00054270  	0.00091805  	0.00115540  
2021-12-15 01:34:41.377: iteration 5 finished in 105.940284 seconds
2021-12-15 01:34:41.699: epoch 5:	0.00031095  	0.00030389  	0.00132256  	0.00273851  	0.00082267  	0.00123390  	0.00047504  	0.00056902  	0.00100606  	0.00120002  
2021-12-15 01:36:27.351: iteration 6 finished in 105.651567 seconds
2021-12-15 01:36:27.668: epoch 6:	0.00032509  	0.00031802  	0.00140501  	0.00309422  	0.00083421  	0.00131239  	0.00046201  	0.00057874  	0.00098368  	0.00119400  
2021-12-15 01:38:12.830: iteration 7 finished in 105.161472 seconds
2021-12-15 01:38:13.158: epoch 7:	0.00032509  	0.00032509  	0.00153804  	0.00318504  	0.00088424  	0.00136245  	0.00049715  	0.00061000  	0.00097818  	0.00120236  
2021-12-15 01:39:58.522: iteration 8 finished in 105.364197 seconds
2021-12-15 01:39:58.845: epoch 8:	0.00033922  	0.00032509  	0.00163227  	0.00320870  	0.00090874  	0.00136965  	0.00050748  	0.00061550  	0.00096736  	0.00118250  
2021-12-15 01:41:44.071: iteration 9 finished in 105.225835 seconds
2021-12-15 01:41:44.395: epoch 9:	0.00031095  	0.00033922  	0.00144488  	0.00327348  	0.00088588  	0.00143162  	0.00052813  	0.00065824  	0.00105255  	0.00131598  
2021-12-15 01:43:29.749: iteration 10 finished in 105.354187 seconds
2021-12-15 01:43:30.076: epoch 10:	0.00032509  	0.00033922  	0.00171186  	0.00311436  	0.00088244  	0.00132893  	0.00046645  	0.00056667  	0.00091082  	0.00116105  
2021-12-15 01:45:15.318: iteration 11 finished in 105.242059 seconds
2021-12-15 01:45:15.631: epoch 11:	0.00033922  	0.00034629  	0.00181450  	0.00330282  	0.00088384  	0.00134150  	0.00044094  	0.00053966  	0.00088188  	0.00112519  
2021-12-15 01:47:01.444: iteration 12 finished in 105.813229 seconds
2021-12-15 01:47:01.769: epoch 12:	0.00035336  	0.00034629  	0.00184603  	0.00333815  	0.00091266  	0.00136618  	0.00045499  	0.00055522  	0.00093096  	0.00115905  
2021-12-15 01:48:47.331: iteration 13 finished in 105.561632 seconds
2021-12-15 01:48:47.649: epoch 13:	0.00036749  	0.00032509  	0.00200622  	0.00328604  	0.00096441  	0.00134832  	0.00047567  	0.00055816  	0.00095496  	0.00114660  
2021-12-15 01:50:34.509: iteration 14 finished in 106.859786 seconds
2021-12-15 01:50:34.837: epoch 14:	0.00035336  	0.00034629  	0.00186488  	0.00312221  	0.00092901  	0.00133341  	0.00046821  	0.00055339  	0.00094184  	0.00116273  
2021-12-15 01:52:20.472: iteration 15 finished in 105.635681 seconds
2021-12-15 01:52:20.785: epoch 15:	0.00038163  	0.00032509  	0.00202389  	0.00307494  	0.00097497  	0.00130366  	0.00047856  	0.00054442  	0.00097151  	0.00113929  
2021-12-15 01:54:07.378: iteration 16 finished in 106.593689 seconds
2021-12-15 01:54:07.710: epoch 16:	0.00038163  	0.00031095  	0.00202389  	0.00308564  	0.00098206  	0.00129870  	0.00048755  	0.00055186  	0.00097717  	0.00112901  
2021-12-15 01:55:53.359: iteration 17 finished in 105.649698 seconds
2021-12-15 01:55:53.685: epoch 17:	0.00036749  	0.00032509  	0.00188255  	0.00318936  	0.00096103  	0.00134493  	0.00049494  	0.00057715  	0.00099108  	0.00117025  
2021-12-15 01:57:40.252: iteration 18 finished in 106.566568 seconds
2021-12-15 01:57:40.587: epoch 18:	0.00036749  	0.00031095  	0.00190610  	0.00301268  	0.00096936  	0.00130157  	0.00049882  	0.00056851  	0.00100449  	0.00116913  
2021-12-15 01:59:26.139: iteration 19 finished in 105.551865 seconds
2021-12-15 01:59:26.458: epoch 19:	0.00036749  	0.00031095  	0.00190610  	0.00301268  	0.00095475  	0.00128601  	0.00048215  	0.00055099  	0.00098659  	0.00115115  
2021-12-15 02:01:12.096: iteration 20 finished in 105.638055 seconds
2021-12-15 02:01:12.408: epoch 20:	0.00033922  	0.00032509  	0.00169409  	0.00329536  	0.00088687  	0.00134488  	0.00045865  	0.00055999  	0.00095788  	0.00116015  
2021-12-15 02:02:57.907: iteration 21 finished in 105.498789 seconds
2021-12-15 02:02:58.236: epoch 21:	0.00033922  	0.00031095  	0.00175389  	0.00314998  	0.00091615  	0.00132080  	0.00048387  	0.00057212  	0.00096853  	0.00115364  
2021-12-15 02:04:44.002: iteration 22 finished in 105.765500 seconds
2021-12-15 02:04:44.331: epoch 22:	0.00035336  	0.00031095  	0.00177745  	0.00317247  	0.00091183  	0.00131399  	0.00046971  	0.00055977  	0.00094677  	0.00112177  
2021-12-15 02:06:29.370: iteration 23 finished in 105.039305 seconds
2021-12-15 02:06:29.688: epoch 23:	0.00036749  	0.00031095  	0.00184812  	0.00314998  	0.00093741  	0.00130681  	0.00047705  	0.00055797  	0.00096405  	0.00112301  
2021-12-15 02:08:15.317: iteration 24 finished in 105.628677 seconds
2021-12-15 02:08:15.630: epoch 24:	0.00036749  	0.00030389  	0.00184812  	0.00299686  	0.00089245  	0.00122929  	0.00042657  	0.00050147  	0.00087274  	0.00102654  
2021-12-15 02:10:00.968: iteration 25 finished in 105.338361 seconds
2021-12-15 02:10:01.293: epoch 25:	0.00036749  	0.00031095  	0.00191879  	0.00302631  	0.00090300  	0.00124292  	0.00043036  	0.00050666  	0.00085148  	0.00101868  
2021-12-15 02:11:47.270: iteration 26 finished in 105.977249 seconds
2021-12-15 02:11:47.583: epoch 26:	0.00038163  	0.00031802  	0.00206013  	0.00302631  	0.00091885  	0.00122693  	0.00042101  	0.00048460  	0.00079359  	0.00095509  
2021-12-15 02:13:32.909: iteration 27 finished in 105.326347 seconds
2021-12-15 02:13:33.255: epoch 27:	0.00033922  	0.00031802  	0.00192468  	0.00301873  	0.00086228  	0.00121712  	0.00040439  	0.00047764  	0.00074805  	0.00094091  
2021-12-15 02:15:18.937: iteration 28 finished in 105.681427 seconds
2021-12-15 02:15:19.266: epoch 28:	0.00032509  	0.00031802  	0.00178334  	0.00315901  	0.00081442  	0.00123831  	0.00038201  	0.00047586  	0.00072466  	0.00093116  
2021-12-15 02:17:05.343: iteration 29 finished in 106.077763 seconds
2021-12-15 02:17:05.676: epoch 29:	0.00032509  	0.00030389  	0.00178334  	0.00313804  	0.00081876  	0.00123243  	0.00038548  	0.00047957  	0.00073661  	0.00093003  
2021-12-15 02:18:51.429: iteration 30 finished in 105.752179 seconds
2021-12-15 02:18:51.751: epoch 30:	0.00032509  	0.00029682  	0.00178334  	0.00321578  	0.00082273  	0.00124567  	0.00038958  	0.00048788  	0.00073958  	0.00092714  
2021-12-15 02:20:37.733: iteration 31 finished in 105.982657 seconds
2021-12-15 02:20:38.057: epoch 31:	0.00033922  	0.00029682  	0.00183045  	0.00321578  	0.00082275  	0.00122908  	0.00037561  	0.00047123  	0.00071030  	0.00088619  
2021-12-15 02:22:23.375: iteration 32 finished in 105.317047 seconds
2021-12-15 02:22:23.698: epoch 32:	0.00035336  	0.00030389  	0.00190112  	0.00322587  	0.00084814  	0.00123596  	0.00038281  	0.00047212  	0.00071720  	0.00088933  
2021-12-15 02:24:09.599: iteration 33 finished in 105.900650 seconds
2021-12-15 02:24:09.931: epoch 33:	0.00035336  	0.00030389  	0.00191654  	0.00329654  	0.00084287  	0.00123736  	0.00037584  	0.00046649  	0.00068933  	0.00086081  
2021-12-15 02:25:55.697: iteration 34 finished in 105.765476 seconds
2021-12-15 02:25:56.026: epoch 34:	0.00038163  	0.00030389  	0.00212855  	0.00329654  	0.00090751  	0.00123937  	0.00039634  	0.00046846  	0.00071406  	0.00086098  
2021-12-15 02:27:41.557: iteration 35 finished in 105.531188 seconds
2021-12-15 02:27:41.898: epoch 35:	0.00038163  	0.00029682  	0.00212855  	0.00317876  	0.00087998  	0.00118205  	0.00036493  	0.00042971  	0.00066891  	0.00080591  
2021-12-15 02:29:27.951: iteration 36 finished in 106.052563 seconds
2021-12-15 02:29:28.273: epoch 36:	0.00039576  	0.00031802  	0.00216389  	0.00330047  	0.00088858  	0.00121537  	0.00036185  	0.00042988  	0.00067009  	0.00081520  
2021-12-15 02:31:14.258: iteration 37 finished in 105.984848 seconds
2021-12-15 02:31:14.586: epoch 37:	0.00039576  	0.00029682  	0.00216389  	0.00301779  	0.00088323  	0.00113794  	0.00035636  	0.00040997  	0.00066257  	0.00078591  
2021-12-15 02:33:00.222: iteration 38 finished in 105.635982 seconds
2021-12-15 02:33:00.550: epoch 38:	0.00039576  	0.00029682  	0.00216389  	0.00301779  	0.00088972  	0.00114415  	0.00036138  	0.00041487  	0.00068276  	0.00080556  
2021-12-15 02:34:46.719: iteration 39 finished in 106.169100 seconds
2021-12-15 02:34:47.041: epoch 39:	0.00038163  	0.00028975  	0.00202255  	0.00294711  	0.00083870  	0.00111361  	0.00033884  	0.00040235  	0.00064059  	0.00076915  
2021-12-15 02:36:32.688: iteration 40 finished in 105.646371 seconds
2021-12-15 02:36:33.010: epoch 40:	0.00038163  	0.00029682  	0.00202255  	0.00301779  	0.00084171  	0.00114059  	0.00034091  	0.00041127  	0.00064905  	0.00078957  
2021-12-15 02:38:18.907: iteration 41 finished in 105.897268 seconds
2021-12-15 02:38:19.228: epoch 41:	0.00039576  	0.00029682  	0.00216389  	0.00296478  	0.00089222  	0.00113939  	0.00036408  	0.00041814  	0.00068675  	0.00081450  
2021-12-15 02:40:04.427: iteration 42 finished in 105.198581 seconds
2021-12-15 02:40:04.740: epoch 42:	0.00035336  	0.00028975  	0.00210130  	0.00298245  	0.00086287  	0.00114030  	0.00036177  	0.00042138  	0.00065831  	0.00081493  
2021-12-15 02:41:49.515: iteration 43 finished in 104.775446 seconds
2021-12-15 02:41:49.849: epoch 43:	0.00036749  	0.00029682  	0.00211139  	0.00300601  	0.00086989  	0.00114786  	0.00036104  	0.00041989  	0.00067149  	0.00082368  
2021-12-15 02:43:35.186: iteration 44 finished in 105.336392 seconds
2021-12-15 02:43:35.497: epoch 44:	0.00038163  	0.00030389  	0.00225273  	0.00302367  	0.00090886  	0.00115669  	0.00037391  	0.00042150  	0.00067996  	0.00082837  
2021-12-15 02:45:21.350: iteration 45 finished in 105.851536 seconds
2021-12-15 02:45:21.682: epoch 45:	0.00040989  	0.00032509  	0.00229671  	0.00326396  	0.00092948  	0.00121938  	0.00037606  	0.00043306  	0.00071372  	0.00085861  
2021-12-15 02:47:07.033: iteration 46 finished in 105.350814 seconds
2021-12-15 02:47:07.345: epoch 46:	0.00040989  	0.00033216  	0.00229671  	0.00327681  	0.00093151  	0.00122833  	0.00037788  	0.00043575  	0.00071782  	0.00086937  
2021-12-15 02:48:53.842: iteration 47 finished in 106.497205 seconds
2021-12-15 02:48:54.162: epoch 47:	0.00040989  	0.00033216  	0.00229671  	0.00327681  	0.00093705  	0.00123429  	0.00038293  	0.00044097  	0.00072567  	0.00087831  
2021-12-15 02:50:39.520: iteration 48 finished in 105.356777 seconds
2021-12-15 02:50:39.843: epoch 48:	0.00039576  	0.00032509  	0.00215536  	0.00325661  	0.00089808  	0.00122646  	0.00037071  	0.00044092  	0.00071406  	0.00087298  
2021-12-15 02:52:25.662: iteration 49 finished in 105.818468 seconds
2021-12-15 02:52:25.983: epoch 49:	0.00036749  	0.00031802  	0.00201402  	0.00318594  	0.00085361  	0.00121077  	0.00036188  	0.00044126  	0.00069875  	0.00087822  
2021-12-15 02:54:11.578: iteration 50 finished in 105.594685 seconds
2021-12-15 02:54:11.890: epoch 50:	0.00033922  	0.00031802  	0.00191508  	0.00318594  	0.00081250  	0.00120558  	0.00035002  	0.00043730  	0.00066852  	0.00087192  
