2021-01-08 12:12:33.872: Dataset name: u1
The number of users: 56366
The number of items: 56366
The number of ratings: 141203
Average actions of users: 2.51
Average actions of items: 2.51
The sparsity of the dataset: 99.995556%
2021-01-08 12:12:33.873: 

NeuRec hyperparameters:
recommender=WRMF
config_dir=./conf
gpu_id=0
gpu_mem=0.5
data.input.path=C:\Users\HyunsikYoo\Desktop\VNE_directed_networks/_Data/p2p-Gnutella31/5-fold/u1/
data.input.dataset=u1
data.output.path=C:\Users\HyunsikYoo\Desktop\VNE_directed_networks/_Emb/p2p-Gnutella31/5-fold/wrmf/u1_wrmf_directed_dim16.emb
data.column.format=UI
data.convert.separator='\t'
user_min=0
item_min=0
splitter=given
ratio=0.8
by_time=False
metric=["Precision", "Recall", "NDCG", "MAP", "MRR"]
topk=[10, 20]
group_view=None
rec.evaluate.neg=0
test_batch_size=128
num_thread=8
data.index.remap=False

WRMF's hyperparameters:
epochs=50
embedding_size=16
reg_mf=0.1
alpha=10
init_method=uniform
stddev=0.01
verbose=1
weight=uniform

2021-01-08 14:36:27.588: metrics:	Precision@10	Precision@20	Recall@10   	Recall@20   	NDCG@10     	NDCG@20     	MAP@10      	MAP@20      	MRR@10      	MRR@20      
2021-01-08 14:45:12.191: iteration 1 finished in 524.600247 seconds
2021-01-08 14:45:13.529: epoch 1:	0.00068844  	0.00060415  	0.00388713  	0.00670714  	0.00215754  	0.00300413  	0.00127002  	0.00147726  	0.00210210  	0.00243638  
2021-01-08 14:53:49.987: iteration 2 finished in 516.457613 seconds
2021-01-08 14:53:51.131: epoch 2:	0.00307692  	0.00216719  	0.01756235  	0.02473782  	0.01080274  	0.01291112  	0.00714896  	0.00774453  	0.01091971  	0.01156811  
2021-01-08 15:02:15.638: iteration 3 finished in 504.507094 seconds
2021-01-08 15:02:16.751: epoch 3:	0.00454512  	0.00304178  	0.02646060  	0.03544148  	0.01663073  	0.01925549  	0.01139318  	0.01215517  	0.01665052  	0.01741442  
2021-01-08 15:10:38.368: iteration 4 finished in 501.615851 seconds
2021-01-08 15:10:39.437: epoch 4:	0.00528975  	0.00342112  	0.03078094  	0.03967753  	0.01911972  	0.02174492  	0.01300662  	0.01377806  	0.01892995  	0.01969273  
2021-01-08 15:19:12.525: iteration 5 finished in 513.085155 seconds
2021-01-08 15:19:13.610: epoch 5:	0.00564099  	0.00358620  	0.03278305  	0.04134244  	0.02029340  	0.02283707  	0.01375547  	0.01451198  	0.02006139  	0.02078598  
2021-01-08 15:27:37.338: iteration 6 finished in 503.727312 seconds
2021-01-08 15:27:38.532: epoch 6:	0.00576744  	0.00371265  	0.03335909  	0.04274742  	0.02084098  	0.02361977  	0.01419397  	0.01501248  	0.02080218  	0.02160458  
2021-01-08 15:36:22.973: iteration 7 finished in 524.435697 seconds
2021-01-08 15:36:24.099: epoch 7:	0.00580256  	0.00374778  	0.03360496  	0.04322913  	0.02101196  	0.02387692  	0.01431626  	0.01516700  	0.02100824  	0.02185280  
2021-01-08 15:45:08.002: iteration 8 finished in 523.900908 seconds
2021-01-08 15:45:09.210: epoch 8:	0.00580256  	0.00376534  	0.03356984  	0.04327831  	0.02101958  	0.02392707  	0.01433137  	0.01519928  	0.02104301  	0.02190301  
2021-01-08 15:54:00.817: iteration 9 finished in 531.604579 seconds
2021-01-08 15:54:01.993: epoch 9:	0.00578851  	0.00377587  	0.03342934  	0.04348906  	0.02090625  	0.02390898  	0.01421661  	0.01510274  	0.02094422  	0.02185870  
2021-01-08 16:02:41.568: iteration 10 finished in 519.574174 seconds
2021-01-08 16:02:42.703: epoch 10:	0.00571124  	0.00380397  	0.03290247  	0.04378410  	0.02055904  	0.02379994  	0.01392504  	0.01488355  	0.02063843  	0.02161928  
2021-01-08 16:11:19.002: iteration 11 finished in 516.297246 seconds
2021-01-08 16:11:20.112: epoch 11:	0.00566207  	0.00380046  	0.03269172  	0.04385435  	0.02040898  	0.02373430  	0.01378517  	0.01478174  	0.02057013  	0.02155800  
2021-01-08 16:19:58.843: iteration 12 finished in 518.729678 seconds
2021-01-08 16:20:00.025: epoch 12:	0.00561992  	0.00376534  	0.03248097  	0.04346798  	0.02016459  	0.02344714  	0.01356840  	0.01457107  	0.02023854  	0.02118937  
2021-01-08 16:28:36.515: iteration 13 finished in 516.489571 seconds
2021-01-08 16:28:37.639: epoch 13:	0.00558479  	0.00380397  	0.03237560  	0.04397143  	0.02003101  	0.02347955  	0.01346747  	0.01449862  	0.02001854  	0.02103465  
2021-01-08 16:37:14.671: iteration 14 finished in 517.031115 seconds
2021-01-08 16:37:15.956: epoch 14:	0.00557074  	0.00382856  	0.03237560  	0.04435781  	0.01988368  	0.02343140  	0.01330537  	0.01435361  	0.01979513  	0.02084308  
2021-01-08 16:45:53.641: iteration 15 finished in 517.683536 seconds
2021-01-08 16:45:54.919: epoch 15:	0.00554264  	0.00380397  	0.03223510  	0.04404168  	0.01979756  	0.02330462  	0.01323561  	0.01428371  	0.01975748  	0.02077775  
2021-01-08 16:55:38.167: iteration 16 finished in 583.244277 seconds
2021-01-08 16:55:39.262: epoch 16:	0.00552860  	0.00379344  	0.03212973  	0.04381923  	0.01969424  	0.02318083  	0.01313821  	0.01417973  	0.01964335  	0.02066929  
2021-01-08 17:04:32.109: iteration 17 finished in 532.845338 seconds
2021-01-08 17:04:33.248: epoch 17:	0.00547240  	0.00377939  	0.03184873  	0.04371385  	0.01953793  	0.02307757  	0.01302838  	0.01408312  	0.01951422  	0.02056499  
2021-01-08 17:13:06.202: iteration 18 finished in 512.952836 seconds
2021-01-08 17:13:07.304: epoch 18:	0.00547240  	0.00377588  	0.03181361  	0.04365765  	0.01952987  	0.02305387  	0.01302859  	0.01407543  	0.01950201  	0.02054128  
2021-01-08 17:21:48.495: iteration 19 finished in 521.189533 seconds
2021-01-08 17:21:49.760: epoch 19:	0.00545132  	0.00376885  	0.03167311  	0.04359091  	0.01955781  	0.02309506  	0.01308716  	0.01413492  	0.01964791  	0.02068901  
2021-01-08 17:30:30.207: iteration 20 finished in 520.446160 seconds
2021-01-08 17:30:31.315: epoch 20:	0.00543025  	0.00375480  	0.03160286  	0.04341529  	0.01949832  	0.02300898  	0.01304696  	0.01408678  	0.01960714  	0.02063907  
2021-01-08 17:38:51.363: iteration 21 finished in 500.046048 seconds
2021-01-08 17:38:52.455: epoch 21:	0.00535297  	0.00373724  	0.03111111  	0.04320454  	0.01931490  	0.02291916  	0.01295565  	0.01402893  	0.01951803  	0.02058875  
2021-01-08 17:47:02.130: iteration 22 finished in 489.674805 seconds
2021-01-08 17:47:03.158: epoch 22:	0.00533190  	0.00373724  	0.03091441  	0.04313429  	0.01921215  	0.02285465  	0.01287978  	0.01396850  	0.01942166  	0.02049800  
2021-01-08 17:55:08.516: iteration 23 finished in 485.357832 seconds
2021-01-08 17:55:09.547: epoch 23:	0.00531785  	0.00372670  	0.03079147  	0.04309917  	0.01920848  	0.02286441  	0.01291394  	0.01400681  	0.01946699  	0.02054334  
2021-01-08 18:03:24.191: iteration 24 finished in 494.642495 seconds
2021-01-08 18:03:25.234: epoch 24:	0.00532488  	0.00372670  	0.03087343  	0.04309917  	0.01919902  	0.02283082  	0.01288763  	0.01397037  	0.01943699  	0.02050502  
2021-01-08 18:11:30.829: iteration 25 finished in 485.595217 seconds
2021-01-08 18:11:31.898: epoch 25:	0.00531083  	0.00372670  	0.03077977  	0.04302892  	0.01910370  	0.02274753  	0.01279424  	0.01388112  	0.01932767  	0.02040048  
2021-01-08 18:19:38.588: iteration 26 finished in 486.689762 seconds
2021-01-08 18:19:39.635: epoch 26:	0.00528975  	0.00373021  	0.03069781  	0.04299380  	0.01903371  	0.02270326  	0.01273927  	0.01382725  	0.01924891  	0.02034943  
2021-01-08 18:27:45.650: iteration 27 finished in 486.014564 seconds
2021-01-08 18:27:46.714: epoch 27:	0.00525463  	0.00373021  	0.03048706  	0.04299380  	0.01891387  	0.02264438  	0.01265419  	0.01375183  	0.01915215  	0.02028525  
2021-01-08 18:35:52.308: iteration 28 finished in 485.592728 seconds
2021-01-08 18:35:53.405: epoch 28:	0.00523355  	0.00372670  	0.03034656  	0.04292354  	0.01883170  	0.02258897  	0.01258497  	0.01369677  	0.01909308  	0.02022938  
2021-01-08 18:44:05.623: iteration 29 finished in 492.215720 seconds
2021-01-08 18:44:06.721: epoch 29:	0.00523355  	0.00372670  	0.03031144  	0.04290013  	0.01881485  	0.02257054  	0.01255851  	0.01366892  	0.01911292  	0.02024095  
2021-01-08 18:52:41.174: iteration 30 finished in 514.452934 seconds
2021-01-08 18:52:42.215: epoch 30:	0.00523355  	0.00373021  	0.03027632  	0.04297038  	0.01879723  	0.02257216  	0.01254111  	0.01365396  	0.01910808  	0.02023721  
2021-01-08 19:01:12.743: iteration 31 finished in 510.526092 seconds
2021-01-08 19:01:13.857: epoch 31:	0.00521950  	0.00372670  	0.03020607  	0.04287905  	0.01876938  	0.02254476  	0.01253018  	0.01364137  	0.01909835  	0.02023427  
2021-01-08 19:09:56.462: iteration 32 finished in 522.604167 seconds
2021-01-08 19:09:57.694: epoch 32:	0.00519843  	0.00370914  	0.03006557  	0.04279476  	0.01874962  	0.02253532  	0.01255218  	0.01366813  	0.01911407  	0.02025912  
2021-01-08 19:18:51.572: iteration 33 finished in 533.876246 seconds
2021-01-08 19:18:52.764: epoch 33:	0.00519843  	0.00372319  	0.03005386  	0.04306170  	0.01873000  	0.02257742  	0.01253318  	0.01365860  	0.01908020  	0.02023988  
2021-01-08 19:27:43.968: iteration 34 finished in 531.200479 seconds
2021-01-08 19:27:45.119: epoch 34:	0.00520545  	0.00371616  	0.03008898  	0.04295633  	0.01866615  	0.02247354  	0.01245213  	0.01356557  	0.01894403  	0.02009209  
2021-01-08 19:36:27.893: iteration 35 finished in 522.772821 seconds
2021-01-08 19:36:28.991: epoch 35:	0.00521950  	0.00370563  	0.03018031  	0.04275963  	0.01864398  	0.02237390  	0.01238302  	0.01348011  	0.01890623  	0.02001835  
2021-01-08 19:45:08.592: iteration 36 finished in 519.598795 seconds
2021-01-08 19:45:09.959: epoch 36:	0.00524058  	0.00371265  	0.03026461  	0.04290013  	0.01864586  	0.02237172  	0.01236475  	0.01345148  	0.01886227  	0.01997241  
2021-01-08 19:54:01.848: iteration 37 finished in 531.886487 seconds
2021-01-08 19:54:03.097: epoch 37:	0.00524760  	0.00368455  	0.03036998  	0.04251376  	0.01859294  	0.02219158  	0.01226759  	0.01333300  	0.01876506  	0.01981749  
2021-01-08 20:03:00.275: iteration 38 finished in 537.175333 seconds
2021-01-08 20:03:01.519: epoch 38:	0.00525463  	0.00366348  	0.03036998  	0.04230301  	0.01859062  	0.02212494  	0.01225950  	0.01330890  	0.01876765  	0.01980084  
2021-01-08 20:12:24.629: iteration 39 finished in 563.104934 seconds
2021-01-08 20:12:28.553: epoch 39:	0.00521248  	0.00366699  	0.03005386  	0.04237326  	0.01850938  	0.02215027  	0.01224635  	0.01332592  	0.01877046  	0.01983875  
2021-01-08 20:22:10.154: iteration 40 finished in 581.593485 seconds
2021-01-08 20:22:12.993: epoch 40:	0.00521248  	0.00367050  	0.03005386  	0.04247863  	0.01848061  	0.02214203  	0.01221693  	0.01329332  	0.01871577  	0.01980035  
2021-01-08 20:32:51.674: iteration 41 finished in 638.675531 seconds
2021-01-08 20:32:53.185: epoch 41:	0.00523355  	0.00368104  	0.03015923  	0.04256293  	0.01851295  	0.02216420  	0.01222675  	0.01329606  	0.01871825  	0.01979821  
2021-01-08 20:41:36.002: iteration 42 finished in 522.815887 seconds
2021-01-08 20:41:37.141: epoch 42:	0.00523355  	0.00368455  	0.03015923  	0.04259805  	0.01854257  	0.02220166  	0.01226700  	0.01333680  	0.01875276  	0.01983340  
2021-01-08 20:50:17.547: iteration 43 finished in 520.405229 seconds
2021-01-08 20:50:18.695: epoch 43:	0.00522653  	0.00366699  	0.03005386  	0.04238731  	0.01851999  	0.02215180  	0.01225840  	0.01332010  	0.01877247  	0.01985759  
2021-01-08 20:58:42.651: iteration 44 finished in 503.954598 seconds
2021-01-08 20:58:43.963: epoch 44:	0.00522653  	0.00365996  	0.03005386  	0.04231706  	0.01852597  	0.02213958  	0.01226407  	0.01332383  	0.01878164  	0.01985954  
2021-01-08 21:07:17.696: iteration 45 finished in 513.728466 seconds
2021-01-08 21:07:18.893: epoch 45:	0.00521950  	0.00367050  	0.03005386  	0.04242243  	0.01852562  	0.02217534  	0.01227128  	0.01333715  	0.01877977  	0.01987870  
2021-01-08 21:15:49.861: iteration 46 finished in 510.966850 seconds
2021-01-08 21:15:51.032: epoch 46:	0.00521950  	0.00367401  	0.03005386  	0.04245755  	0.01857036  	0.02223120  	0.01233692  	0.01340314  	0.01883918  	0.01994711  
2021-01-08 21:24:55.546: iteration 47 finished in 544.510127 seconds
2021-01-08 21:24:56.739: epoch 47:	0.00521248  	0.00366699  	0.03001873  	0.04238731  	0.01856677  	0.02222200  	0.01234721  	0.01341442  	0.01885668  	0.01996635  
2021-01-08 21:33:58.918: iteration 48 finished in 542.176072 seconds
2021-01-08 21:34:00.185: epoch 48:	0.00522653  	0.00367050  	0.03015923  	0.04242243  	0.01863892  	0.02226748  	0.01239947  	0.01345918  	0.01893315  	0.02003384  
2021-01-08 21:42:51.392: iteration 49 finished in 531.205172 seconds
2021-01-08 21:42:52.725: epoch 49:	0.00523355  	0.00368455  	0.03022948  	0.04256293  	0.01861772  	0.02226867  	0.01234647  	0.01341253  	0.01888972  	0.01999332  
2021-01-08 21:51:41.097: iteration 50 finished in 528.370819 seconds
2021-01-08 21:51:42.380: epoch 50:	0.00522653  	0.00368104  	0.03019436  	0.04252781  	0.01858778  	0.02224243  	0.01232160  	0.01339086  	0.01884660  	0.01995311  
