2021-05-21 17:52:56.875: Dataset name: u1
The number of users: 5907
The number of items: 5907
The number of ratings: 20336
Average actions of users: 3.44
Average actions of items: 3.44
The sparsity of the dataset: 99.941718%
2021-05-21 17:52:56.875: 

NeuRec hyperparameters:
recommender=WRMF
config_dir=./conf
gpu_id=0
gpu_mem=0.5
data.input.path=C:\Users\HyunsikYoo\Desktop\210210_DIVINE/_Data/p2p-Gnutella08/5-fold/u1/
data.input.dataset=u1
data.output.path=C:\Users\HyunsikYoo\Desktop\210210_DIVINE/_Emb/p2p-Gnutella08/5-fold/wrmf/u1_wrmf_directed_dim16_weight_change.emb
data.column.format=UI
data.convert.separator='\t'
user_min=0
item_min=0
splitter=given
ratio=0.8
by_time=False
metric=["Precision", "Recall", "NDCG", "MAP", "MRR"]
topk=[10, 20]
group_view=None
rec.evaluate.neg=0
test_batch_size=128
num_thread=8
data.index.remap=False

WRMF's hyperparameters:
epochs=50
embedding_size=16
reg_mf=0.1
alpha=10
init_method=uniform
stddev=0.01
verbose=1
weight=uniform

2021-05-21 17:54:30.560: metrics:	Precision@10	Precision@20	Recall@10   	Recall@20   	NDCG@10     	NDCG@20     	MAP@10      	MAP@20      	MRR@10      	MRR@20      
2021-05-21 17:54:34.940: iteration 1 finished in 4.379794 seconds
2021-05-21 17:54:34.986: epoch 1:	0.00794393  	0.00686917  	0.04205608  	0.07281932  	0.02468830  	0.03393621  	0.01441959  	0.01703905  	0.02611259  	0.02895189  
2021-05-21 17:54:39.087: iteration 2 finished in 4.100650 seconds
2021-05-21 17:54:39.141: epoch 2:	0.01098133  	0.01011682  	0.05887850  	0.10677570  	0.03585542  	0.05044299  	0.02213517  	0.02657582  	0.03855958  	0.04254680  
2021-05-21 17:54:43.471: iteration 3 finished in 4.330572 seconds
2021-05-21 17:54:43.516: epoch 3:	0.01317760  	0.01142523  	0.06962617  	0.12079439  	0.04068672  	0.05602457  	0.02456349  	0.02936017  	0.04105437  	0.04473803  
2021-05-21 17:54:47.840: iteration 4 finished in 4.324035 seconds
2021-05-21 17:54:47.877: epoch 4:	0.01392526  	0.01214952  	0.07359813  	0.12873831  	0.04353692  	0.06005645  	0.02655160  	0.03177242  	0.04470165  	0.04859213  
2021-05-21 17:54:51.927: iteration 5 finished in 4.048751 seconds
2021-05-21 17:54:51.963: epoch 5:	0.01415891  	0.01224298  	0.07500000  	0.12943925  	0.04455705  	0.06092121  	0.02737920  	0.03255915  	0.04595221  	0.04981393  
2021-05-21 17:54:56.014: iteration 6 finished in 4.050006 seconds
2021-05-21 17:54:56.060: epoch 6:	0.01425237  	0.01235980  	0.07546729  	0.13060747  	0.04487092  	0.06140925  	0.02749323  	0.03272433  	0.04646289  	0.05031003  
2021-05-21 17:55:00.070: iteration 7 finished in 4.009795 seconds
2021-05-21 17:55:00.110: epoch 7:	0.01425237  	0.01252335  	0.07523365  	0.13224299  	0.04537731  	0.06250231  	0.02809125  	0.03357985  	0.04732422  	0.05124091  
2021-05-21 17:55:04.162: iteration 8 finished in 4.051785 seconds
2021-05-21 17:55:04.202: epoch 8:	0.01476639  	0.01249999  	0.07780374  	0.13200934  	0.04639702  	0.06261291  	0.02854436  	0.03365902  	0.04768433  	0.05145679  
2021-05-21 17:55:08.254: iteration 9 finished in 4.050204 seconds
2021-05-21 17:55:08.293: epoch 9:	0.01490658  	0.01266354  	0.07827103  	0.13380063  	0.04688171  	0.06344225  	0.02889065  	0.03407189  	0.04834928  	0.05225342  
2021-05-21 17:55:12.406: iteration 10 finished in 4.112568 seconds
2021-05-21 17:55:12.451: epoch 10:	0.01518695  	0.01259345  	0.07990655  	0.13309969  	0.04745761  	0.06336614  	0.02908545  	0.03412610  	0.04864190  	0.05232355  
2021-05-21 17:55:16.449: iteration 11 finished in 3.998230 seconds
2021-05-21 17:55:16.487: epoch 11:	0.01518695  	0.01261681  	0.07990655  	0.13333334  	0.04745194  	0.06345724  	0.02906812  	0.03412313  	0.04860408  	0.05237939  
2021-05-21 17:55:20.470: iteration 12 finished in 3.982596 seconds
2021-05-21 17:55:20.510: epoch 12:	0.01514022  	0.01271026  	0.08014019  	0.13450156  	0.04749976  	0.06381187  	0.02912736  	0.03423410  	0.04861280  	0.05255678  
2021-05-21 17:55:24.454: iteration 13 finished in 3.943098 seconds
2021-05-21 17:55:24.492: epoch 13:	0.01504677  	0.01285045  	0.07943925  	0.13590343  	0.04747899  	0.06443004  	0.02930158  	0.03458853  	0.04874371  	0.05291619  
2021-05-21 17:55:28.466: iteration 14 finished in 3.973663 seconds
2021-05-21 17:55:28.504: epoch 14:	0.01500004  	0.01282708  	0.07920561  	0.13566978  	0.04756326  	0.06457511  	0.02947635  	0.03478645  	0.04906969  	0.05334986  
2021-05-21 17:55:32.437: iteration 15 finished in 3.932294 seconds
2021-05-21 17:55:32.474: epoch 15:	0.01500004  	0.01289718  	0.07920561  	0.13683800  	0.04739431  	0.06475204  	0.02931307  	0.03469807  	0.04868436  	0.05317314  
2021-05-21 17:55:36.399: iteration 16 finished in 3.925102 seconds
2021-05-21 17:55:36.437: epoch 16:	0.01523368  	0.01287381  	0.08060747  	0.13637072  	0.04770353  	0.06454308  	0.02931761  	0.03456407  	0.04847853  	0.05280469  
2021-05-21 17:55:40.352: iteration 17 finished in 3.913850 seconds
2021-05-21 17:55:40.390: epoch 17:	0.01546732  	0.01289718  	0.08200935  	0.13683800  	0.04820828  	0.06469268  	0.02949321  	0.03462587  	0.04868510  	0.05281200  
2021-05-21 17:55:44.404: iteration 18 finished in 4.014534 seconds
2021-05-21 17:55:44.445: epoch 18:	0.01523368  	0.01287381  	0.08060747  	0.13668224  	0.04773338  	0.06461834  	0.02936183  	0.03461969  	0.04837061  	0.05267930  
2021-05-21 17:55:48.372: iteration 19 finished in 3.926542 seconds
2021-05-21 17:55:48.411: epoch 19:	0.01523368  	0.01292054  	0.08060747  	0.13714953  	0.04779612  	0.06480274  	0.02942135  	0.03472243  	0.04853748  	0.05282821  
2021-05-21 17:55:52.516: iteration 20 finished in 4.105564 seconds
2021-05-21 17:55:52.554: epoch 20:	0.01537386  	0.01294391  	0.08154206  	0.13720146  	0.04813819  	0.06487305  	0.02959297  	0.03477420  	0.04868601  	0.05293239  
2021-05-21 17:55:56.486: iteration 21 finished in 3.931965 seconds
2021-05-21 17:55:56.525: epoch 21:	0.01537386  	0.01292054  	0.08177570  	0.13743509  	0.04831712  	0.06501283  	0.02975151  	0.03489571  	0.04894320  	0.05320726  
2021-05-21 17:56:00.486: iteration 22 finished in 3.961402 seconds
2021-05-21 17:56:00.525: epoch 22:	0.01542059  	0.01289718  	0.08200935  	0.13720146  	0.04852866  	0.06507318  	0.02991850  	0.03501553  	0.04917149  	0.05338165  
2021-05-21 17:56:05.046: iteration 23 finished in 4.520902 seconds
2021-05-21 17:56:05.082: epoch 23:	0.01532714  	0.01289718  	0.08154206  	0.13720146  	0.04849133  	0.06520041  	0.02995716  	0.03514381  	0.04944872  	0.05366115  
2021-05-21 17:56:09.176: iteration 24 finished in 4.093210 seconds
2021-05-21 17:56:09.212: epoch 24:	0.01523368  	0.01299063  	0.08107477  	0.13836968  	0.04811411  	0.06529585  	0.02965621  	0.03497405  	0.04893507  	0.05328796  
2021-05-21 17:56:13.318: iteration 25 finished in 4.105568 seconds
2021-05-21 17:56:13.357: epoch 25:	0.01528041  	0.01299063  	0.08130841  	0.13836968  	0.04819189  	0.06531184  	0.02965676  	0.03494383  	0.04904577  	0.05341993  
2021-05-21 17:56:17.540: iteration 26 finished in 4.183473 seconds
2021-05-21 17:56:17.579: epoch 26:	0.01537386  	0.01294391  	0.08177570  	0.13790239  	0.04835670  	0.06518982  	0.02972565  	0.03492033  	0.04908157  	0.05338373  
2021-05-21 17:56:21.679: iteration 27 finished in 4.100154 seconds
2021-05-21 17:56:21.718: epoch 27:	0.01542059  	0.01296727  	0.08182763  	0.13813603  	0.04835455  	0.06521606  	0.02967857  	0.03485536  	0.04913034  	0.05344798  
2021-05-21 17:56:25.855: iteration 28 finished in 4.135424 seconds
2021-05-21 17:56:25.893: epoch 28:	0.01537386  	0.01303736  	0.08136033  	0.13907062  	0.04819443  	0.06544640  	0.02961560  	0.03491412  	0.04903540  	0.05346375  
2021-05-21 17:56:30.020: iteration 29 finished in 4.127044 seconds
2021-05-21 17:56:30.057: epoch 29:	0.01560751  	0.01296727  	0.08276220  	0.13836968  	0.04856519  	0.06516758  	0.02966567  	0.03479087  	0.04903243  	0.05319019  
2021-05-21 17:56:34.233: iteration 30 finished in 4.175838 seconds
2021-05-21 17:56:34.270: epoch 30:	0.01570096  	0.01289718  	0.08322949  	0.13766874  	0.04878622  	0.06503998  	0.02976944  	0.03480387  	0.04923363  	0.05327999  
2021-05-21 17:56:38.355: iteration 31 finished in 4.084941 seconds
2021-05-21 17:56:38.394: epoch 31:	0.01565424  	0.01289718  	0.08299585  	0.13766874  	0.04873914  	0.06507070  	0.02979772  	0.03485196  	0.04922511  	0.05331208  
2021-05-21 17:56:42.486: iteration 32 finished in 4.092763 seconds
2021-05-21 17:56:42.527: epoch 32:	0.01556078  	0.01296727  	0.08252856  	0.13836968  	0.04867030  	0.06536936  	0.02983228  	0.03499557  	0.04939792  	0.05360744  
2021-05-21 17:56:46.630: iteration 33 finished in 4.102777 seconds
2021-05-21 17:56:46.668: epoch 33:	0.01546732  	0.01296727  	0.08206127  	0.13836968  	0.04834690  	0.06520554  	0.02956099  	0.03476697  	0.04902409  	0.05331589  
2021-05-21 17:56:50.770: iteration 34 finished in 4.101475 seconds
2021-05-21 17:56:50.811: epoch 34:	0.01551405  	0.01294390  	0.08229491  	0.13813603  	0.04810872  	0.06481928  	0.02925597  	0.03439565  	0.04829793  	0.05258069  
2021-05-21 17:56:54.938: iteration 35 finished in 4.127565 seconds
2021-05-21 17:56:54.977: epoch 35:	0.01551405  	0.01296727  	0.08229491  	0.13836968  	0.04805453  	0.06483977  	0.02919988  	0.03435981  	0.04815460  	0.05246879  
2021-05-21 17:56:59.108: iteration 36 finished in 4.129724 seconds
2021-05-21 17:56:59.145: epoch 36:	0.01551405  	0.01289718  	0.08229491  	0.13766874  	0.04807034  	0.06464627  	0.02920081  	0.03432677  	0.04822673  	0.05243471  
2021-05-21 17:57:03.238: iteration 37 finished in 4.093452 seconds
2021-05-21 17:57:03.277: epoch 37:	0.01542059  	0.01289718  	0.08159398  	0.13766874  	0.04784437  	0.06462748  	0.02909899  	0.03431027  	0.04815273  	0.05239379  
2021-05-21 17:57:07.375: iteration 38 finished in 4.097803 seconds
2021-05-21 17:57:07.414: epoch 38:	0.01551405  	0.01292054  	0.08206127  	0.13790239  	0.04811144  	0.06478326  	0.02926412  	0.03443212  	0.04847279  	0.05263712  
2021-05-21 17:57:11.492: iteration 39 finished in 4.077825 seconds
2021-05-21 17:57:11.530: epoch 39:	0.01560751  	0.01292054  	0.08252856  	0.13766874  	0.04821910  	0.06469782  	0.02924502  	0.03437804  	0.04843199  	0.05249478  
2021-05-21 17:57:15.696: iteration 40 finished in 4.165272 seconds
2021-05-21 17:57:15.736: epoch 40:	0.01574769  	0.01289718  	0.08346314  	0.13743509  	0.04841026  	0.06452525  	0.02921786  	0.03422121  	0.04837210  	0.05232987  
2021-05-21 17:57:19.829: iteration 41 finished in 4.093346 seconds
2021-05-21 17:57:19.867: epoch 41:	0.01574769  	0.01289718  	0.08346314  	0.13720146  	0.04843716  	0.06451324  	0.02921508  	0.03424465  	0.04847149  	0.05236119  
2021-05-21 17:57:23.949: iteration 42 finished in 4.081653 seconds
2021-05-21 17:57:23.987: epoch 42:	0.01570096  	0.01285045  	0.08322949  	0.13673417  	0.04822565  	0.06424528  	0.02905672  	0.03407646  	0.04812882  	0.05201670  
2021-05-21 17:57:28.065: iteration 43 finished in 4.077922 seconds
2021-05-21 17:57:28.106: epoch 43:	0.01570096  	0.01287381  	0.08322949  	0.13696781  	0.04829408  	0.06437622  	0.02914823  	0.03416805  	0.04822877  	0.05215653  
2021-05-21 17:57:32.222: iteration 44 finished in 4.115950 seconds
2021-05-21 17:57:32.263: epoch 44:	0.01565423  	0.01296727  	0.08299585  	0.13813603  	0.04816035  	0.06462024  	0.02907526  	0.03417125  	0.04808283  	0.05214275  
2021-05-21 17:57:36.481: iteration 45 finished in 4.217372 seconds
2021-05-21 17:57:36.524: epoch 45:	0.01570096  	0.01292054  	0.08322949  	0.13766874  	0.04818280  	0.06442587  	0.02900340  	0.03407123  	0.04807671  	0.05200031  
2021-05-21 17:57:40.702: iteration 46 finished in 4.177963 seconds
2021-05-21 17:57:40.742: epoch 46:	0.01570096  	0.01289718  	0.08276220  	0.13743509  	0.04820456  	0.06449306  	0.02910400  	0.03421009  	0.04828699  	0.05219654  
2021-05-21 17:57:44.838: iteration 47 finished in 4.094745 seconds
2021-05-21 17:57:44.875: epoch 47:	0.01574769  	0.01296727  	0.08299585  	0.13813603  	0.04832703  	0.06473140  	0.02916464  	0.03428644  	0.04840827  	0.05234508  
2021-05-21 17:57:49.355: iteration 48 finished in 4.480013 seconds
2021-05-21 17:57:49.400: epoch 48:	0.01570096  	0.01294391  	0.08276220  	0.13790239  	0.04821816  	0.06463585  	0.02910940  	0.03423836  	0.04828607  	0.05224544  
2021-05-21 17:57:53.511: iteration 49 finished in 4.111083 seconds
2021-05-21 17:57:53.551: epoch 49:	0.01570096  	0.01296727  	0.08276220  	0.13813603  	0.04836659  	0.06483413  	0.02929530  	0.03444784  	0.04851508  	0.05243479  
2021-05-21 17:57:57.739: iteration 50 finished in 4.187827 seconds
2021-05-21 17:57:57.776: epoch 50:	0.01565423  	0.01296727  	0.08252856  	0.13790239  	0.04808680  	0.06459554  	0.02900955  	0.03420669  	0.04817018  	0.05206862  
