2020-09-14 20:47:02.568: Dataset name: u1
The number of users: 6417
The number of items: 6406
The number of ratings: 53871
Average actions of users: 8.40
Average actions of items: 8.41
The sparsity of the dataset: 99.868950%
2020-09-14 20:47:02.569: 

NeuRec hyperparameters:
recommender=WRMF
config_dir=./conf
gpu_id=0
gpu_mem=0.5
data.input.path=C:\Users\HyunsikYoo\Desktop\VNE_directed_networks/_Data/jdk/5-fold/u1/
data.input.dataset=u1
data.output.path=C:\Users\HyunsikYoo\Desktop\VNE_directed_networks/_Data/jdk/5-fold/u1/bi_relevance_WRMF_directed_uni_False_uniform
data.column.format=UI
data.convert.separator='\t'
user_min=0
item_min=0
splitter=given
ratio=0.8
by_time=False
metric=["Precision", "Recall", "NDCG", "MAP", "MRR"]
topk=[10, 20]
group_view=None
rec.evaluate.neg=0
test_batch_size=128
num_thread=8
data.index.remap=False

WRMF's hyperparameters:
epochs=50
embedding_size=16
reg_mf=0.1
alpha=10
init_method=uniform
stddev=0.01
verbose=1
weight=uniform

2020-09-14 20:48:50.128: metrics:	Precision@10	Precision@20	Recall@10   	Recall@20   	NDCG@10     	NDCG@20     	MAP@10      	MAP@20      	MRR@10      	MRR@20      
2020-09-14 20:48:55.116: iteration 1 finished in 4.986885 seconds
2020-09-14 20:48:55.255: epoch 1:	0.09304278  	0.05749040  	0.54065406  	0.60460120  	0.45277637  	0.47163928  	0.39196956  	0.39942732  	0.47575900  	0.47936594  
2020-09-14 20:49:00.186: iteration 2 finished in 4.929203 seconds
2020-09-14 20:49:00.313: epoch 2:	0.13562851  	0.07533111  	0.72630519  	0.76658142  	0.67977911  	0.68917996  	0.63244432  	0.63478953  	0.71895462  	0.72052777  
2020-09-14 20:49:04.934: iteration 3 finished in 4.620276 seconds
2020-09-14 20:49:05.076: epoch 3:	0.13975440  	0.07805819  	0.74768847  	0.79550761  	0.70826167  	0.71966588  	0.66420048  	0.66744792  	0.74928951  	0.75115514  
2020-09-14 20:49:10.043: iteration 4 finished in 4.964974 seconds
2020-09-14 20:49:10.183: epoch 4:	0.14113562  	0.07901441  	0.75512952  	0.80507463  	0.71880519  	0.73096490  	0.67572260  	0.67959476  	0.76043326  	0.76248580  
2020-09-14 20:49:15.073: iteration 5 finished in 4.889079 seconds
2020-09-14 20:49:15.221: epoch 5:	0.14172001  	0.07955449  	0.75853753  	0.81134731  	0.72663176  	0.73969877  	0.68512112  	0.68940771  	0.76974094  	0.77195102  
2020-09-14 20:49:19.943: iteration 6 finished in 4.720573 seconds
2020-09-14 20:49:20.085: epoch 6:	0.14230441  	0.07976698  	0.76235116  	0.81266207  	0.72961754  	0.74210513  	0.68773383  	0.69187248  	0.77290583  	0.77501172  
2020-09-14 20:49:25.203: iteration 7 finished in 5.117224 seconds
2020-09-14 20:49:25.352: epoch 7:	0.14271162  	0.07990863  	0.76410246  	0.81494546  	0.73173922  	0.74423236  	0.68994373  	0.69397718  	0.77544516  	0.77755845  
2020-09-14 20:49:30.091: iteration 8 finished in 4.737283 seconds
2020-09-14 20:49:30.210: epoch 8:	0.14292413  	0.08005031  	0.76553112  	0.81627929  	0.73326534  	0.74570644  	0.69140148  	0.69543916  	0.77757490  	0.77955014  
2020-09-14 20:49:34.607: iteration 9 finished in 4.397925 seconds
2020-09-14 20:49:34.746: epoch 9:	0.14287101  	0.08000604  	0.76609462  	0.81541198  	0.73315406  	0.74535239  	0.69102430  	0.69507772  	0.77738839  	0.77934641  
2020-09-14 20:49:39.877: iteration 10 finished in 5.130091 seconds
2020-09-14 20:49:40.020: epoch 10:	0.14267623  	0.08007688  	0.76492399  	0.81634825  	0.73306876  	0.74588001  	0.69121492  	0.69549865  	0.77765417  	0.77977455  
2020-09-14 20:49:44.813: iteration 11 finished in 4.791901 seconds
2020-09-14 20:49:44.961: epoch 11:	0.14260538  	0.08003261  	0.76504982  	0.81566894  	0.73435682  	0.74702442  	0.69284838  	0.69714010  	0.77944154  	0.78149748  
2020-09-14 20:49:49.538: iteration 12 finished in 4.575321 seconds
2020-09-14 20:49:49.677: epoch 12:	0.14290638  	0.08004148  	0.76724911  	0.81599838  	0.73533142  	0.74743986  	0.69335473  	0.69745767  	0.78030419  	0.78222680  
2020-09-14 20:49:54.882: iteration 13 finished in 5.203944 seconds
2020-09-14 20:49:55.028: epoch 13:	0.14290635  	0.08005919  	0.76746565  	0.81649280  	0.73522300  	0.74739587  	0.69321793  	0.69734943  	0.77980149  	0.78177220  
2020-09-14 20:50:00.223: iteration 14 finished in 5.194435 seconds
2020-09-14 20:50:00.367: epoch 14:	0.14290632  	0.08001490  	0.76814502  	0.81565154  	0.73563498  	0.74748552  	0.69362187  	0.69773668  	0.78005338  	0.78187281  
2020-09-14 20:50:05.170: iteration 15 finished in 4.801040 seconds
2020-09-14 20:50:05.315: epoch 15:	0.14290632  	0.08011232  	0.76823616  	0.81677312  	0.73555613  	0.74771088  	0.69349980  	0.69774252  	0.77985513  	0.78171021  
2020-09-14 20:50:10.331: iteration 16 finished in 5.015809 seconds
2020-09-14 20:50:10.476: epoch 16:	0.14283550  	0.08014775  	0.76797009  	0.81771076  	0.73550528  	0.74797672  	0.69354767  	0.69788343  	0.77986437  	0.78181273  
2020-09-14 20:50:15.318: iteration 17 finished in 4.840877 seconds
2020-09-14 20:50:15.462: epoch 17:	0.14285317  	0.08017430  	0.76852751  	0.81812495  	0.73573685  	0.74816895  	0.69362372  	0.69796365  	0.78017849  	0.78205776  
2020-09-14 20:50:20.656: iteration 18 finished in 5.192166 seconds
2020-09-14 20:50:20.800: epoch 18:	0.14283548  	0.08017430  	0.76849812  	0.81821722  	0.73611289  	0.74857283  	0.69412744  	0.69847226  	0.78070325  	0.78257370  
2020-09-14 20:50:25.990: iteration 19 finished in 5.188509 seconds
2020-09-14 20:50:26.134: epoch 19:	0.14287089  	0.08015659  	0.76867521  	0.81824082  	0.73657137  	0.74896014  	0.69462270  	0.69893414  	0.78152955  	0.78339291  
2020-09-14 20:50:31.323: iteration 20 finished in 5.187130 seconds
2020-09-14 20:50:31.468: epoch 20:	0.14288859  	0.08018315  	0.76840234  	0.81853223  	0.73672140  	0.74923408  	0.69491512  	0.69925177  	0.78173631  	0.78362691  
2020-09-14 20:50:36.664: iteration 21 finished in 5.194852 seconds
2020-09-14 20:50:36.807: epoch 21:	0.14287089  	0.08020971  	0.76823980  	0.81899863  	0.73678911  	0.74945784  	0.69501990  	0.69941777  	0.78190190  	0.78384644  
2020-09-14 20:50:41.594: iteration 22 finished in 4.785545 seconds
2020-09-14 20:50:41.738: epoch 22:	0.14290631  	0.08024513  	0.76828992  	0.81936890  	0.73679322  	0.74953777  	0.69497383  	0.69940424  	0.78191233  	0.78386450  
2020-09-14 20:50:46.508: iteration 23 finished in 4.768453 seconds
2020-09-14 20:50:46.649: epoch 23:	0.14295945  	0.08024512  	0.76855546  	0.81942993  	0.73684984  	0.74952900  	0.69501728  	0.69940317  	0.78181291  	0.78376108  
2020-09-14 20:50:51.861: iteration 24 finished in 5.211626 seconds
2020-09-14 20:50:52.009: epoch 24:	0.14297713  	0.08018315  	0.76921797  	0.81901824  	0.73712641  	0.74952358  	0.69518387  	0.69948560  	0.78202188  	0.78389364  
2020-09-14 20:50:57.207: iteration 25 finished in 5.196236 seconds
2020-09-14 20:50:57.348: epoch 25:	0.14301258  	0.08015658  	0.76937145  	0.81843728  	0.73724228  	0.74945360  	0.69531435  	0.69954866  	0.78199494  	0.78384870  
2020-09-14 20:51:02.529: iteration 26 finished in 5.180449 seconds
2020-09-14 20:51:02.672: epoch 26:	0.14303029  	0.08017430  	0.76939064  	0.81900346  	0.73740983  	0.74973691  	0.69554174  	0.69978148  	0.78214544  	0.78403962  
2020-09-14 20:51:07.659: iteration 27 finished in 4.985207 seconds
2020-09-14 20:51:07.801: epoch 27:	0.14297715  	0.08013003  	0.76933157  	0.81850594  	0.73734063  	0.74957561  	0.69556600  	0.69978881  	0.78199250  	0.78385586  
2020-09-14 20:51:13.016: iteration 28 finished in 5.213333 seconds
2020-09-14 20:51:13.165: epoch 28:	0.14295945  	0.08012117  	0.76906604  	0.81828880  	0.73726839  	0.74952912  	0.69541967  	0.69965488  	0.78224128  	0.78411329  
2020-09-14 20:51:18.331: iteration 29 finished in 5.164782 seconds
2020-09-14 20:51:18.475: epoch 29:	0.14303029  	0.08013002  	0.76942611  	0.81822550  	0.73750287  	0.74964255  	0.69560850  	0.69979769  	0.78259516  	0.78445411  
2020-09-14 20:51:23.692: iteration 30 finished in 5.217010 seconds
2020-09-14 20:51:23.829: epoch 30:	0.14299487  	0.08012117  	0.76921117  	0.81804854  	0.73741227  	0.74958193  	0.69555485  	0.69976568  	0.78252703  	0.78439778  
2020-09-14 20:51:28.983: iteration 31 finished in 5.153377 seconds
2020-09-14 20:51:29.128: epoch 31:	0.14297718  	0.08007691  	0.76898980  	0.81760579  	0.73729861  	0.74941593  	0.69546831  	0.69965923  	0.78229213  	0.78418696  
2020-09-14 20:51:34.235: iteration 32 finished in 5.105258 seconds
2020-09-14 20:51:34.382: epoch 32:	0.14295946  	0.08005035  	0.76911324  	0.81719267  	0.73702663  	0.74902666  	0.69506198  	0.69923580  	0.78193069  	0.78378773  
2020-09-14 20:51:39.502: iteration 33 finished in 5.119284 seconds
2020-09-14 20:51:39.646: epoch 33:	0.14294176  	0.08005034  	0.76883501  	0.81735557  	0.73689657  	0.74899375  	0.69498199  	0.69917411  	0.78175557  	0.78366160  
2020-09-14 20:51:44.786: iteration 34 finished in 5.139331 seconds
2020-09-14 20:51:44.932: epoch 34:	0.14295946  	0.08004149  	0.76884979  	0.81708997  	0.73671997  	0.74875796  	0.69473982  	0.69891363  	0.78149217  	0.78338522  
2020-09-14 20:51:50.056: iteration 35 finished in 5.123224 seconds
2020-09-14 20:51:50.201: epoch 35:	0.14295946  	0.08004148  	0.76899135  	0.81712383  	0.73666209  	0.74868476  	0.69461966  	0.69881320  	0.78121716  	0.78307337  
2020-09-14 20:51:55.283: iteration 36 finished in 5.081375 seconds
2020-09-14 20:51:55.427: epoch 36:	0.14297715  	0.08000607  	0.76935440  	0.81706280  	0.73667866  	0.74857301  	0.69454777  	0.69868779  	0.78114367  	0.78296846  
2020-09-14 20:52:00.554: iteration 37 finished in 5.126064 seconds
2020-09-14 20:52:00.696: epoch 37:	0.14294176  	0.07997950  	0.76922154  	0.81690043  	0.73673713  	0.74864036  	0.69465637  	0.69882095  	0.78121954  	0.78305256  
2020-09-14 20:52:05.820: iteration 38 finished in 5.122069 seconds
2020-09-14 20:52:05.964: epoch 38:	0.14271156  	0.07995294  	0.76717347  	0.81635439  	0.73597515  	0.74833411  	0.69422078  	0.69855428  	0.78082639  	0.78282648  
2020-09-14 20:52:11.118: iteration 39 finished in 5.153487 seconds
2020-09-14 20:52:11.264: epoch 39:	0.14280009  	0.07994409  	0.76769578  	0.81631303  	0.73621124  	0.74838912  	0.69437385  	0.69861072  	0.78100866  	0.78297883  
2020-09-14 20:52:16.355: iteration 40 finished in 5.089514 seconds
2020-09-14 20:52:16.503: epoch 40:	0.14299485  	0.07994410  	0.76988715  	0.81638896  	0.73684555  	0.74843442  	0.69456273  	0.69861847  	0.78127414  	0.78304827  
2020-09-14 20:52:21.339: iteration 41 finished in 4.834877 seconds
2020-09-14 20:52:21.480: epoch 41:	0.14299485  	0.07995295  	0.76998448  	0.81644803  	0.73672879  	0.74830306  	0.69439852  	0.69843543  	0.78099585  	0.78275508  
2020-09-14 20:52:26.359: iteration 42 finished in 4.877441 seconds
2020-09-14 20:52:26.499: epoch 42:	0.14299485  	0.07995295  	0.76994026  	0.81644803  	0.73646122  	0.74803627  	0.69403237  	0.69805241  	0.78065008  	0.78241867  
2020-09-14 20:52:31.646: iteration 43 finished in 5.145703 seconds
2020-09-14 20:52:31.792: epoch 43:	0.14303029  	0.07991753  	0.77011734  	0.81623650  	0.73644900  	0.74788356  	0.69400162  	0.69794053  	0.78055185  	0.78231561  
2020-09-14 20:52:36.918: iteration 44 finished in 5.125335 seconds
2020-09-14 20:52:37.062: epoch 44:	0.14308341  	0.07992638  	0.77044201  	0.81640816  	0.73640615  	0.74776977  	0.69383657  	0.69773072  	0.78039950  	0.78215468  
2020-09-14 20:52:42.191: iteration 45 finished in 5.127901 seconds
2020-09-14 20:52:42.335: epoch 45:	0.14304799  	0.07988212  	0.77033132  	0.81607300  	0.73625582  	0.74757355  	0.69371110  	0.69758469  	0.78018612  	0.78192520  
2020-09-14 20:52:46.992: iteration 46 finished in 4.655476 seconds
2020-09-14 20:52:47.133: epoch 46:	0.14297715  	0.07989098  	0.77006000  	0.81614012  	0.73570210  	0.74713510  	0.69308174  	0.69699961  	0.77938706  	0.78113389  
2020-09-14 20:52:52.261: iteration 47 finished in 5.127201 seconds
2020-09-14 20:52:52.401: epoch 47:	0.14288859  	0.07989097  	0.76953763  	0.81641144  	0.73518771  	0.74685079  	0.69253844  	0.69651693  	0.77891374  	0.78070587  
2020-09-14 20:52:57.101: iteration 48 finished in 4.698337 seconds
2020-09-14 20:52:57.242: epoch 48:	0.14281780  	0.07984670  	0.76910836  	0.81643528  	0.73455644  	0.74632436  	0.69185013  	0.69581062  	0.77806383  	0.77992636  
2020-09-14 20:53:02.333: iteration 49 finished in 5.091595 seconds
2020-09-14 20:53:02.477: epoch 49:	0.14278238  	0.07982014  	0.76898730  	0.81647569  	0.73424339  	0.74603176  	0.69148612  	0.69544035  	0.77753985  	0.77938473  
2020-09-14 20:53:07.570: iteration 50 finished in 5.091575 seconds
2020-09-14 20:53:07.715: epoch 50:	0.14269383  	0.07976702  	0.76853871  	0.81593204  	0.73330003  	0.74508071  	0.69041353  	0.69433916  	0.77624708  	0.77809852  
