2021-11-10 13:39:58.335: Dataset name: u1
The number of users: 6110
The number of items: 6110
The number of ratings: 50507
Average actions of users: 8.27
Average actions of items: 8.27
The sparsity of the dataset: 99.864709%
2021-11-10 13:39:58.335: 

NeuRec hyperparameters:
recommender=WRMF
config_dir=./conf
gpu_id=0
gpu_mem=0.5
data.input.path=D:\hsyoo\Workingon_210628/_Data/jung/5-random-barrier/u1/
data.input.dataset=u1
data.output.path=D:\hsyoo\Workingon_210628/_Emb/jung/5-random-barrier/wrmf/u1_wrmf_directed_dim16_uniform_send.emb
data.column.format=UI
data.convert.separator='\t'
user_min=0
item_min=0
splitter=given
ratio=0.8
by_time=False
metric=["Precision", "Recall", "NDCG", "MAP", "MRR"]
topk=[10, 20]
group_view=None
rec.evaluate.neg=0
test_batch_size=128
num_thread=8
data.index.remap=False

WRMF's hyperparameters:
epochs=50
embedding_size=16
reg_mf=0.1
alpha=10
init_method=uniform
stddev=0.01
verbose=1
weight=uniform

2021-11-10 13:43:10.735: metrics:	Precision@10	Precision@20	Recall@10   	Recall@20   	NDCG@10     	NDCG@20     	MAP@10      	MAP@20      	MRR@10      	MRR@20      
2021-11-10 13:43:19.972: iteration 1 finished in 9.237241 seconds
2021-11-10 13:43:20.378: epoch 1:	0.12312335  	0.07550886  	0.55681312  	0.63891739  	0.48247221  	0.50557035  	0.41200122  	0.41993895  	0.53213280  	0.53648490  
2021-11-10 13:43:29.694: iteration 2 finished in 9.316039 seconds
2021-11-10 13:43:30.366: epoch 2:	0.16384225  	0.09349351  	0.71594745  	0.77428186  	0.67641109  	0.69094622  	0.61979902  	0.62409604  	0.73595524  	0.73823357  
2021-11-10 13:43:39.607: iteration 3 finished in 9.241517 seconds
2021-11-10 13:43:39.938: epoch 3:	0.16988000  	0.09629019  	0.74177569  	0.79513943  	0.70813817  	0.72132885  	0.65579796  	0.65977144  	0.76545191  	0.76750314  
2021-11-10 13:43:49.048: iteration 4 finished in 9.109695 seconds
2021-11-10 13:43:49.626: epoch 4:	0.17299263  	0.09763585  	0.75542349  	0.80412269  	0.72110999  	0.73306626  	0.66998070  	0.67375642  	0.77458584  	0.77629727  
2021-11-10 13:43:59.143: iteration 5 finished in 9.517265 seconds
2021-11-10 13:43:59.830: epoch 5:	0.17439681  	0.09820922  	0.76067680  	0.80964965  	0.72573131  	0.73764265  	0.67548656  	0.67920268  	0.77631009  	0.77815902  
2021-11-10 13:44:09.006: iteration 6 finished in 9.175908 seconds
2021-11-10 13:44:09.865: epoch 6:	0.17474782  	0.09868899  	0.76166147  	0.81382018  	0.72703218  	0.73990983  	0.67744565  	0.68162149  	0.77631450  	0.77827394  
2021-11-10 13:44:19.359: iteration 7 finished in 9.493764 seconds
2021-11-10 13:44:19.765: epoch 7:	0.17502859  	0.09904004  	0.76253206  	0.81785631  	0.72757596  	0.74130762  	0.67785931  	0.68242794  	0.77660763  	0.77865940  
2021-11-10 13:44:29.484: iteration 8 finished in 9.718842 seconds
2021-11-10 13:44:29.781: epoch 8:	0.17519242  	0.09915707  	0.76367503  	0.81852746  	0.72847295  	0.74219686  	0.67884403  	0.68349630  	0.77718556  	0.77933550  
2021-11-10 13:44:39.032: iteration 9 finished in 9.251274 seconds
2021-11-10 13:44:39.673: epoch 9:	0.17544980  	0.09928577  	0.76494825  	0.81981426  	0.72956407  	0.74330276  	0.67988777  	0.68455362  	0.77856070  	0.78079945  
2021-11-10 13:44:48.896: iteration 10 finished in 9.223235 seconds
2021-11-10 13:44:49.599: epoch 10:	0.17580083  	0.09930916  	0.76727587  	0.82005858  	0.73119944  	0.74438775  	0.68130767  	0.68588907  	0.77988160  	0.78197002  
2021-11-10 13:44:58.825: iteration 11 finished in 9.226605 seconds
2021-11-10 13:44:59.435: epoch 11:	0.17582422  	0.09937939  	0.76709676  	0.82085317  	0.73178428  	0.74530345  	0.68233901  	0.68708527  	0.78008437  	0.78219497  
2021-11-10 13:45:08.642: iteration 12 finished in 9.206887 seconds
2021-11-10 13:45:09.751: epoch 12:	0.17582422  	0.09939110  	0.76773167  	0.82109332  	0.73313701  	0.74663818  	0.68375123  	0.68867093  	0.78206700  	0.78400457  
2021-11-10 13:45:19.018: iteration 13 finished in 9.267358 seconds
2021-11-10 13:45:19.580: epoch 13:	0.17598805  	0.09968363  	0.76897585  	0.82412976  	0.73482341  	0.74878812  	0.68575913  	0.69079101  	0.78369790  	0.78569704  
2021-11-10 13:45:28.509: iteration 14 finished in 8.928315 seconds
2021-11-10 13:45:28.665: epoch 14:	0.17610507  	0.09977727  	0.76947004  	0.82563746  	0.73647356  	0.75069553  	0.68790996  	0.69299924  	0.78570825  	0.78788185  
2021-11-10 13:45:36.430: iteration 15 finished in 7.765518 seconds
2021-11-10 13:45:36.571: epoch 15:	0.17617525  	0.09984747  	0.77045095  	0.82557982  	0.73761266  	0.75169271  	0.68923992  	0.69440401  	0.78689760  	0.78900051  
2021-11-10 13:45:44.168: iteration 16 finished in 7.596955 seconds
2021-11-10 13:45:44.309: epoch 16:	0.17633909  	0.09997619  	0.77118486  	0.82686675  	0.73878998  	0.75304210  	0.69066554  	0.69592255  	0.78786695  	0.78998941  
2021-11-10 13:45:51.922: iteration 17 finished in 7.613375 seconds
2021-11-10 13:45:52.063: epoch 17:	0.17622212  	0.10005809  	0.76962245  	0.82789057  	0.73869824  	0.75367534  	0.69103891  	0.69656014  	0.78824252  	0.79055285  
2021-11-10 13:46:00.833: iteration 18 finished in 8.770431 seconds
2021-11-10 13:46:01.239: epoch 18:	0.17624547  	0.10008150  	0.77000034  	0.82843524  	0.73979551  	0.75476420  	0.69232631  	0.69782561  	0.78986722  	0.79216170  
2021-11-10 13:46:10.439: iteration 19 finished in 9.200213 seconds
2021-11-10 13:46:11.720: epoch 19:	0.17612848  	0.10009322  	0.76904106  	0.82844496  	0.74012065  	0.75534713  	0.69299030  	0.69859993  	0.79057997  	0.79297125  
2021-11-10 13:46:20.863: iteration 20 finished in 9.142960 seconds
2021-11-10 13:46:21.363: epoch 20:	0.17636248  	0.09999958  	0.77036870  	0.82779300  	0.74115831  	0.75577050  	0.69393891  	0.69932753  	0.79163450  	0.79394078  
2021-11-10 13:46:30.489: iteration 21 finished in 9.126265 seconds
2021-11-10 13:46:30.927: epoch 21:	0.17631567  	0.09995276  	0.77035141  	0.82690042  	0.74169928  	0.75611711  	0.69458306  	0.69999027  	0.79257673  	0.79481816  
2021-11-10 13:46:40.166: iteration 22 finished in 9.238952 seconds
2021-11-10 13:46:40.431: epoch 22:	0.17615184  	0.09998787  	0.76968771  	0.82730252  	0.74148881  	0.75622743  	0.69443798  	0.70000172  	0.79260552  	0.79488558  
2021-11-10 13:46:49.572: iteration 23 finished in 9.140543 seconds
2021-11-10 13:46:50.728: epoch 23:	0.17612843  	0.09997617  	0.77026480  	0.82721782  	0.74181640  	0.75639868  	0.69474906  	0.70026356  	0.79296309  	0.79519832  
2021-11-10 13:46:59.871: iteration 24 finished in 9.143470 seconds
2021-11-10 13:47:00.843: epoch 24:	0.17603484  	0.09998788  	0.76995540  	0.82768738  	0.74157864  	0.75638038  	0.69442147  	0.70007896  	0.79275703  	0.79498208  
2021-11-10 13:47:10.265: iteration 25 finished in 9.422184 seconds
2021-11-10 13:47:11.374: epoch 25:	0.17612845  	0.10003469  	0.77027565  	0.82787275  	0.74162638  	0.75637871  	0.69436955  	0.70000368  	0.79276723  	0.79496521  
2021-11-10 13:47:20.626: iteration 26 finished in 9.251760 seconds
2021-11-10 13:47:20.891: epoch 26:	0.17615183  	0.09999958  	0.77038485  	0.82736570  	0.74152046  	0.75610101  	0.69420737  	0.69981241  	0.79252017  	0.79464895  
2021-11-10 13:47:30.251: iteration 27 finished in 9.359119 seconds
2021-11-10 13:47:31.444: epoch 27:	0.17617522  	0.09999959  	0.77054477  	0.82750076  	0.74153024  	0.75609207  	0.69411862  	0.69972676  	0.79245770  	0.79457426  
2021-11-10 13:47:40.875: iteration 28 finished in 9.431123 seconds
2021-11-10 13:47:41.735: epoch 28:	0.17617524  	0.09996448  	0.77102327  	0.82751453  	0.74161923  	0.75606358  	0.69412875  	0.69973469  	0.79226959  	0.79430896  
2021-11-10 13:47:51.031: iteration 29 finished in 9.296644 seconds
2021-11-10 13:47:51.984: epoch 29:	0.17615181  	0.10003470  	0.77116251  	0.82811898  	0.74147034  	0.75608569  	0.69388598  	0.69960070  	0.79206622  	0.79407591  
2021-11-10 13:48:01.329: iteration 30 finished in 9.345242 seconds
2021-11-10 13:48:02.298: epoch 30:	0.17617522  	0.09997618  	0.77137703  	0.82677162  	0.74125433  	0.75550413  	0.69354486  	0.69919991  	0.79164112  	0.79357696  
2021-11-10 13:48:11.598: iteration 31 finished in 9.299834 seconds
2021-11-10 13:48:12.363: epoch 31:	0.17615181  	0.09996447  	0.77141017  	0.82679892  	0.74137783  	0.75563741  	0.69369525  	0.69934082  	0.79183745  	0.79383206  
2021-11-10 13:48:21.758: iteration 32 finished in 9.394572 seconds
2021-11-10 13:48:22.039: epoch 32:	0.17617522  	0.09997617  	0.77139533  	0.82691479  	0.74134862  	0.75565386  	0.69366819  	0.69933259  	0.79175907  	0.79376298  
2021-11-10 13:48:31.258: iteration 33 finished in 9.218856 seconds
2021-11-10 13:48:32.351: epoch 33:	0.17619863  	0.09995277  	0.77162379  	0.82677978  	0.74138969  	0.75558949  	0.69365215  	0.69925988  	0.79176950  	0.79377007  
2021-11-10 13:48:41.816: iteration 34 finished in 9.465097 seconds
2021-11-10 13:48:42.379: epoch 34:	0.17605823  	0.09991767  	0.77121347  	0.82652622  	0.74102408  	0.75532496  	0.69328308  	0.69895738  	0.79167944  	0.79371983  
2021-11-10 13:48:51.765: iteration 35 finished in 9.386531 seconds
2021-11-10 13:48:52.671: epoch 35:	0.17601143  	0.09988257  	0.77132577  	0.82597369  	0.74094301  	0.75512195  	0.69312704  	0.69881058  	0.79165864  	0.79364955  
2021-11-10 13:49:02.111: iteration 36 finished in 9.439998 seconds
2021-11-10 13:49:03.548: epoch 36:	0.17598803  	0.09990597  	0.77072906  	0.82577950  	0.74083591  	0.75513709  	0.69306499  	0.69881529  	0.79191077  	0.79390872  
2021-11-10 13:49:12.864: iteration 37 finished in 9.315956 seconds
2021-11-10 13:49:13.317: epoch 37:	0.17598802  	0.09990598  	0.77055782  	0.82615989  	0.74088395  	0.75528330  	0.69317329  	0.69889486  	0.79200685  	0.79403937  
2021-11-10 13:49:22.615: iteration 38 finished in 9.297150 seconds
2021-11-10 13:49:23.552: epoch 38:	0.17596462  	0.09992938  	0.77064902  	0.82645237  	0.74115157  	0.75559145  	0.69341713  	0.69915384  	0.79275703  	0.79479283  
2021-11-10 13:49:33.381: iteration 39 finished in 9.828630 seconds
2021-11-10 13:49:33.742: epoch 39:	0.17591785  	0.09991767  	0.77032918  	0.82623774  	0.74091959  	0.75540972  	0.69319046  	0.69896895  	0.79257029  	0.79459178  
2021-11-10 13:49:43.010: iteration 40 finished in 9.267795 seconds
2021-11-10 13:49:43.635: epoch 40:	0.17598803  	0.09992937  	0.77073652  	0.82597715  	0.74113476  	0.75543517  	0.69331878  	0.69903463  	0.79287720  	0.79482090  
2021-11-10 13:49:53.077: iteration 41 finished in 9.411066 seconds
2021-11-10 13:49:53.546: epoch 41:	0.17594123  	0.09991767  	0.77026349  	0.82581335  	0.74118686  	0.75555658  	0.69348824  	0.69918507  	0.79322833  	0.79521513  
2021-11-10 13:50:02.814: iteration 42 finished in 9.268055 seconds
2021-11-10 13:50:03.439: epoch 42:	0.17594123  	0.09988257  	0.77028435  	0.82552236  	0.74128115  	0.75556171  	0.69357443  	0.69923544  	0.79350090  	0.79548037  
2021-11-10 13:50:12.783: iteration 43 finished in 9.343578 seconds
2021-11-10 13:50:13.423: epoch 43:	0.17594123  	0.09990597  	0.76997977  	0.82597220  	0.74110192  	0.75555450  	0.69346958  	0.69911724  	0.79337609  	0.79542178  
2021-11-10 13:50:22.726: iteration 44 finished in 9.287576 seconds
2021-11-10 13:50:23.460: epoch 44:	0.17594121  	0.09991767  	0.76989442  	0.82608920  	0.74132079  	0.75581193  	0.69381756  	0.69943088  	0.79377002  	0.79582828  
2021-11-10 13:50:32.894: iteration 45 finished in 9.433234 seconds
2021-11-10 13:50:33.787: epoch 45:	0.17596462  	0.09992937  	0.76998365  	0.82603067  	0.74142754  	0.75588733  	0.69399792  	0.69956136  	0.79387426  	0.79594326  
2021-11-10 13:50:43.088: iteration 46 finished in 9.300533 seconds
2021-11-10 13:50:44.282: epoch 46:	0.17605822  	0.09994107  	0.77014321  	0.82597220  	0.74138600  	0.75575525  	0.69393182  	0.69941068  	0.79361689  	0.79566938  
2021-11-10 13:50:53.829: iteration 47 finished in 9.546907 seconds
2021-11-10 13:50:54.563: epoch 47:	0.17610501  	0.09994107  	0.77049130  	0.82597220  	0.74151278  	0.75575233  	0.69395274  	0.69935179  	0.79395777  	0.79598665  
2021-11-10 13:51:04.054: iteration 48 finished in 9.490540 seconds
2021-11-10 13:51:04.554: epoch 48:	0.17617522  	0.09996447  	0.77077210  	0.82632321  	0.74171150  	0.75591427  	0.69415593  	0.69948792  	0.79409605  	0.79612648  
2021-11-10 13:51:13.965: iteration 49 finished in 9.411095 seconds
2021-11-10 13:51:14.277: epoch 49:	0.17615180  	0.09995276  	0.77021903  	0.82608920  	0.74159509  	0.75587946  	0.69418639  	0.69951063  	0.79407483  	0.79613304  
2021-11-10 13:51:23.685: iteration 50 finished in 9.392499 seconds
2021-11-10 13:51:24.812: epoch 50:	0.17617524  	0.09992936  	0.77002931  	0.82607859  	0.74161214  	0.75590396  	0.69426608  	0.69954723  	0.79408300  	0.79616207  
