2021-07-11 21:32:18.012: Dataset name: u1
The number of users: 5907
The number of items: 5907
The number of ratings: 20336
Average actions of users: 3.44
Average actions of items: 3.44
The sparsity of the dataset: 99.941718%
2021-07-11 21:32:18.012: 

NeuRec hyperparameters:
recommender=WRMF
config_dir=./conf
gpu_id=0
gpu_mem=0.5
data.input.path=C:\Users\tensorflow\hsyoo\Workingon_210628/_Data/p2p-Gnutella08/5-fold/u1/
data.input.dataset=u1
data.output.path=C:\Users\tensorflow\hsyoo\Workingon_210628/_Emb/p2p-Gnutella08/5-fold/wrmf/u1_wrmf_directed_dim16_uniform_send_positive.emb
data.column.format=UI
data.convert.separator='\t'
user_min=0
item_min=0
splitter=given
ratio=0.8
by_time=False
metric=["Precision", "Recall", "NDCG", "MAP", "MRR"]
topk=[10, 20]
group_view=None
rec.evaluate.neg=0
test_batch_size=128
num_thread=8
data.index.remap=False

WRMF's hyperparameters:
epochs=50
embedding_size=16
reg_mf=0.1
alpha=1
init_method=uniform
stddev=0.01
verbose=1
weight=uniform

2021-07-11 21:33:42.508: metrics:	Precision@10	Precision@20	Recall@10   	Recall@20   	NDCG@10     	NDCG@20     	MAP@10      	MAP@20      	MRR@10      	MRR@20      
2021-07-11 21:33:47.756: iteration 1 finished in 5.248767 seconds
2021-07-11 21:33:47.819: epoch 1:	0.00864487  	0.00731310  	0.04649533  	0.07819315  	0.02666339  	0.03624886  	0.01553154  	0.01824209  	0.02747366  	0.03050728  
2021-07-11 21:33:51.849: iteration 2 finished in 4.030303 seconds
2021-07-11 21:33:51.880: epoch 2:	0.01032712  	0.00899533  	0.05443925  	0.09467809  	0.03311579  	0.04527320  	0.02044253  	0.02400507  	0.03483032  	0.03837520  
2021-07-11 21:33:55.926: iteration 3 finished in 4.045923 seconds
2021-07-11 21:33:55.958: epoch 3:	0.01102806  	0.00920561  	0.05752856  	0.09607996  	0.03386086  	0.04546828  	0.02043546  	0.02393121  	0.03434766  	0.03741907  
2021-07-11 21:33:59.957: iteration 4 finished in 3.999061 seconds
2021-07-11 21:33:59.988: epoch 4:	0.01126170  	0.00955607  	0.05869678  	0.10005192  	0.03417138  	0.04661158  	0.02034287  	0.02405654  	0.03486166  	0.03825662  
2021-07-11 21:34:04.081: iteration 5 finished in 4.092788 seconds
2021-07-11 21:34:04.112: epoch 5:	0.01149535  	0.00992990  	0.06056594  	0.10449117  	0.03459852  	0.04778720  	0.02026869  	0.02427410  	0.03518895  	0.03858692  
2021-07-11 21:34:08.267: iteration 6 finished in 4.155273 seconds
2021-07-11 21:34:08.314: epoch 6:	0.01107479  	0.00997663  	0.05822949  	0.10542575  	0.03358454  	0.04777325  	0.01992601  	0.02413109  	0.03426865  	0.03823927  
2021-07-11 21:34:12.469: iteration 7 finished in 4.155273 seconds
2021-07-11 21:34:12.501: epoch 7:	0.01116825  	0.01016355  	0.05893043  	0.10776220  	0.03433036  	0.04897167  	0.02069723  	0.02493124  	0.03522364  	0.03949362  
2021-07-11 21:34:16.578: iteration 8 finished in 4.077166 seconds
2021-07-11 21:34:16.625: epoch 8:	0.01112152  	0.01032710  	0.05846314  	0.10916407  	0.03477859  	0.05004610  	0.02143321  	0.02579098  	0.03598132  	0.04064754  
2021-07-11 21:34:20.726: iteration 9 finished in 4.100982 seconds
2021-07-11 21:34:20.772: epoch 9:	0.01121498  	0.01018691  	0.05939772  	0.10752856  	0.03493372  	0.04958832  	0.02137952  	0.02567227  	0.03578956  	0.04023560  
2021-07-11 21:34:24.897: iteration 10 finished in 4.124031 seconds
2021-07-11 21:34:24.928: epoch 10:	0.01149535  	0.01016354  	0.06103323  	0.10752856  	0.03567877  	0.04979770  	0.02171626  	0.02581736  	0.03652684  	0.04082320  
2021-07-11 21:34:29.021: iteration 11 finished in 4.092788 seconds
2021-07-11 21:34:29.067: epoch 11:	0.01168227  	0.01014018  	0.06220146  	0.10776220  	0.03572971  	0.04948494  	0.02146266  	0.02542847  	0.03594607  	0.04010476  
2021-07-11 21:34:33.160: iteration 12 finished in 4.092787 seconds
2021-07-11 21:34:33.207: epoch 12:	0.01186918  	0.01025700  	0.06313603  	0.10916407  	0.03587445  	0.04967248  	0.02138691  	0.02526278  	0.03562249  	0.03986214  
2021-07-11 21:34:37.315: iteration 13 finished in 4.108409 seconds
2021-07-11 21:34:37.362: epoch 13:	0.01168227  	0.01011681  	0.06220146  	0.10799585  	0.03528865  	0.04904199  	0.02096656  	0.02488279  	0.03508622  	0.03929828  
2021-07-11 21:34:41.502: iteration 14 finished in 4.139652 seconds
2021-07-11 21:34:41.549: epoch 14:	0.01163554  	0.01014018  	0.06196781  	0.10799585  	0.03535218  	0.04918702  	0.02105436  	0.02501800  	0.03541129  	0.03957926  
2021-07-11 21:34:45.657: iteration 15 finished in 4.108408 seconds
2021-07-11 21:34:45.704: epoch 15:	0.01177572  	0.01014018  	0.06290239  	0.10776220  	0.03572170  	0.04923439  	0.02118398  	0.02506347  	0.03564864  	0.03968878  
2021-07-11 21:34:49.828: iteration 16 finished in 4.124031 seconds
2021-07-11 21:34:49.875: epoch 16:	0.01158881  	0.01004672  	0.06173417  	0.10682762  	0.03548776  	0.04908641  	0.02110073  	0.02508920  	0.03597778  	0.03992940  
2021-07-11 21:34:54.015: iteration 17 finished in 4.139649 seconds
2021-07-11 21:34:54.062: epoch 17:	0.01172900  	0.01007009  	0.06243510  	0.10706127  	0.03572996  	0.04912063  	0.02116109  	0.02505915  	0.03606679  	0.03990463  
2021-07-11 21:34:58.201: iteration 18 finished in 4.139653 seconds
2021-07-11 21:34:58.248: epoch 18:	0.01140189  	0.01002336  	0.06079959  	0.10659398  	0.03513602  	0.04893547  	0.02092726  	0.02495646  	0.03579179  	0.03981820  
2021-07-11 21:35:02.825: iteration 19 finished in 4.576631 seconds
2021-07-11 21:35:02.872: epoch 19:	0.01144862  	0.01002336  	0.06079959  	0.10636033  	0.03540911  	0.04911175  	0.02114588  	0.02518265  	0.03637758  	0.04025092  
2021-07-11 21:35:07.261: iteration 20 finished in 4.389470 seconds
2021-07-11 21:35:07.308: epoch 20:	0.01144862  	0.01011682  	0.06079959  	0.10729491  	0.03524444  	0.04920676  	0.02095322  	0.02504866  	0.03597890  	0.03991810  
2021-07-11 21:35:11.816: iteration 21 finished in 4.507939 seconds
2021-07-11 21:35:11.850: epoch 21:	0.01172900  	0.01009345  	0.06243510  	0.10729491  	0.03576035  	0.04919013  	0.02107051  	0.02502746  	0.03617936  	0.03987640  
2021-07-11 21:35:16.230: iteration 22 finished in 4.380052 seconds
2021-07-11 21:35:16.289: epoch 22:	0.01177573  	0.00999999  	0.06285047  	0.10659398  	0.03600282  	0.04908746  	0.02121941  	0.02507833  	0.03639909  	0.04002468  
2021-07-11 21:35:20.792: iteration 23 finished in 4.501924 seconds
2021-07-11 21:35:20.837: epoch 23:	0.01172900  	0.01014018  	0.06261683  	0.10799585  	0.03592611  	0.04948667  	0.02119225  	0.02519025  	0.03629062  	0.04001190  
2021-07-11 21:35:25.272: iteration 24 finished in 4.434819 seconds
2021-07-11 21:35:25.319: epoch 24:	0.01163554  	0.01016355  	0.06214953  	0.10822950  	0.03569271  	0.04950312  	0.02105067  	0.02514203  	0.03605419  	0.03986826  
2021-07-11 21:35:29.925: iteration 25 finished in 4.606748 seconds
2021-07-11 21:35:29.972: epoch 25:	0.01168227  	0.01009345  	0.06238318  	0.10776220  	0.03572620  	0.04931221  	0.02103444  	0.02504472  	0.03593959  	0.03973994  
2021-07-11 21:35:34.425: iteration 26 finished in 4.452591 seconds
2021-07-11 21:35:34.459: epoch 26:	0.01154208  	0.01016355  	0.06168224  	0.10846314  	0.03566315  	0.04968531  	0.02108988  	0.02524188  	0.03635496  	0.04026840  
2021-07-11 21:35:38.876: iteration 27 finished in 4.417159 seconds
2021-07-11 21:35:38.920: epoch 27:	0.01149535  	0.01018691  	0.06144860  	0.10869678  	0.03577583  	0.04995974  	0.02125483  	0.02547242  	0.03677942  	0.04073756  
2021-07-11 21:35:43.358: iteration 28 finished in 4.436542 seconds
2021-07-11 21:35:43.386: epoch 28:	0.01158881  	0.01021027  	0.06191589  	0.10893042  	0.03578708  	0.04989621  	0.02115969  	0.02531190  	0.03652556  	0.04054406  
2021-07-11 21:35:47.806: iteration 29 finished in 4.420604 seconds
2021-07-11 21:35:47.848: epoch 29:	0.01154208  	0.01009345  	0.06168224  	0.10776220  	0.03580957  	0.04971408  	0.02127633  	0.02539695  	0.03665962  	0.04069355  
2021-07-11 21:35:52.418: iteration 30 finished in 4.568581 seconds
2021-07-11 21:35:52.480: epoch 30:	0.01163554  	0.00997663  	0.06214953  	0.10659398  	0.03581132  	0.04922754  	0.02113660  	0.02515123  	0.03644137  	0.04027808  
2021-07-11 21:35:57.446: iteration 31 finished in 4.965873 seconds
2021-07-11 21:35:57.496: epoch 31:	0.01149535  	0.00997663  	0.06144860  	0.10659398  	0.03540588  	0.04905833  	0.02082165  	0.02495493  	0.03608070  	0.03992891  
2021-07-11 21:36:02.170: iteration 32 finished in 4.673613 seconds
2021-07-11 21:36:02.219: epoch 32:	0.01163554  	0.00995327  	0.06214953  	0.10636033  	0.03569995  	0.04905966  	0.02096971  	0.02501938  	0.03627039  	0.04001781  
2021-07-11 21:36:07.442: iteration 33 finished in 5.222867 seconds
2021-07-11 21:36:07.511: epoch 33:	0.01154208  	0.00999999  	0.06168224  	0.10706127  	0.03551473  	0.04920393  	0.02090389  	0.02505284  	0.03612113  	0.03995094  
2021-07-11 21:36:13.007: iteration 34 finished in 5.495635 seconds
2021-07-11 21:36:13.055: epoch 34:	0.01158881  	0.01002336  	0.06191589  	0.10729491  	0.03544207  	0.04912504  	0.02078261  	0.02489219  	0.03580515  	0.03969660  
2021-07-11 21:36:18.181: iteration 35 finished in 5.126009 seconds
2021-07-11 21:36:18.233: epoch 35:	0.01149535  	0.01004672  	0.06144860  	0.10752856  	0.03536253  	0.04927105  	0.02078289  	0.02498853  	0.03597129  	0.03988717  
2021-07-11 21:36:22.959: iteration 36 finished in 4.726313 seconds
2021-07-11 21:36:23.016: epoch 36:	0.01163554  	0.01004672  	0.06191589  	0.10752856  	0.03574845  	0.04947093  	0.02103471  	0.02520057  	0.03649384  	0.04028341  
2021-07-11 21:36:27.536: iteration 37 finished in 4.519588 seconds
2021-07-11 21:36:27.583: epoch 37:	0.01168227  	0.01004673  	0.06214953  	0.10752856  	0.03600431  	0.04965014  	0.02126019  	0.02542072  	0.03690661  	0.04062919  
2021-07-11 21:36:32.149: iteration 38 finished in 4.565493 seconds
2021-07-11 21:36:32.199: epoch 38:	0.01158881  	0.01009345  	0.06191589  	0.10822950  	0.03577469  	0.04972060  	0.02111751  	0.02535842  	0.03654706  	0.04040335  
2021-07-11 21:36:36.844: iteration 39 finished in 4.645178 seconds
2021-07-11 21:36:36.891: epoch 39:	0.01163554  	0.01009345  	0.06214953  	0.10822950  	0.03583062  	0.04968742  	0.02116349  	0.02533280  	0.03644582  	0.04033482  
2021-07-11 21:36:41.468: iteration 40 finished in 4.577855 seconds
2021-07-11 21:36:41.515: epoch 40:	0.01158881  	0.01007009  	0.06168224  	0.10799585  	0.03567863  	0.04958969  	0.02111130  	0.02531871  	0.03634513  	0.04020900  
2021-07-11 21:36:46.011: iteration 41 finished in 4.495560 seconds
2021-07-11 21:36:46.064: epoch 41:	0.01163554  	0.01004673  	0.06214953  	0.10776220  	0.03573099  	0.04946351  	0.02106929  	0.02522554  	0.03618955  	0.04002575  
2021-07-11 21:36:50.551: iteration 42 finished in 4.486212 seconds
2021-07-11 21:36:50.607: epoch 42:	0.01168227  	0.01007009  	0.06220146  	0.10799585  	0.03583701  	0.04959856  	0.02116044  	0.02531742  	0.03642765  	0.04024220  
2021-07-11 21:36:55.106: iteration 43 finished in 4.498405 seconds
2021-07-11 21:36:55.173: epoch 43:	0.01158881  	0.01002336  	0.06173417  	0.10752856  	0.03559548  	0.04938192  	0.02100495  	0.02518678  	0.03618696  	0.04001798  
2021-07-11 21:36:59.612: iteration 44 finished in 4.439617 seconds
2021-07-11 21:36:59.657: epoch 44:	0.01154208  	0.01004672  	0.06168224  	0.10776220  	0.03556073  	0.04944906  	0.02101005  	0.02521540  	0.03611742  	0.04001603  
2021-07-11 21:37:04.236: iteration 45 finished in 4.579567 seconds
2021-07-11 21:37:04.283: epoch 45:	0.01154208  	0.01007009  	0.06168224  	0.10799585  	0.03546208  	0.04942226  	0.02090083  	0.02511895  	0.03594107  	0.03987580  
2021-07-11 21:37:08.718: iteration 46 finished in 4.434798 seconds
2021-07-11 21:37:08.762: epoch 46:	0.01163554  	0.01007009  	0.06214953  	0.10799585  	0.03560861  	0.04941339  	0.02094960  	0.02512001  	0.03596073  	0.03983089  
2021-07-11 21:37:13.208: iteration 47 finished in 4.446670 seconds
2021-07-11 21:37:13.243: epoch 47:	0.01163554  	0.01007009  	0.06214953  	0.10799585  	0.03560427  	0.04941374  	0.02094728  	0.02512192  	0.03594311  	0.03981727  
2021-07-11 21:37:17.683: iteration 48 finished in 4.440225 seconds
2021-07-11 21:37:17.730: epoch 48:	0.01172900  	0.01007009  	0.06243510  	0.10799585  	0.03570598  	0.04940425  	0.02093319  	0.02508849  	0.03608998  	0.03986479  
2021-07-11 21:37:22.239: iteration 49 finished in 4.509108 seconds
2021-07-11 21:37:22.286: epoch 49:	0.01149535  	0.01009345  	0.06079959  	0.10822950  	0.03512486  	0.04939649  	0.02071197  	0.02503073  	0.03572059  	0.03974472  
2021-07-11 21:37:26.810: iteration 50 finished in 4.524140 seconds
2021-07-11 21:37:26.861: epoch 50:	0.01149535  	0.01007009  	0.06103323  	0.10799585  	0.03517823  	0.04932382  	0.02074275  	0.02500917  	0.03572709  	0.03973786  
