2021-11-07 00:02:49.897: Dataset name: u1
The number of users: 6295
The number of items: 6295
The number of ratings: 20772
Average actions of users: 3.30
Average actions of items: 3.30
The sparsity of the dataset: 99.947581%
2021-11-07 00:02:49.897: 

NeuRec hyperparameters:
recommender=WRMF
config_dir=./conf
gpu_id=0
gpu_mem=0.5
data.input.path=D:\hsyoo\Workingon_210628/_Data/p2p-Gnutella08/5-noniid-in-barrier/u1/
data.input.dataset=u1
data.output.path=D:\hsyoo\Workingon_210628/_Emb/p2p-Gnutella08/5-noniid-in-barrier/wrmf/u1_wrmf_directed_dim16_uniform_send.emb
data.column.format=UI
data.convert.separator='\t'
user_min=0
item_min=0
splitter=given
ratio=0.8
by_time=False
metric=["Precision", "Recall", "NDCG", "MAP", "MRR"]
topk=[10, 20]
group_view=None
rec.evaluate.neg=0
test_batch_size=128
num_thread=8
data.index.remap=False

WRMF's hyperparameters:
epochs=50
embedding_size=16
reg_mf=0.1
alpha=10
init_method=uniform
stddev=0.01
verbose=1
weight=uniform

2021-11-07 00:05:52.148: metrics:	Precision@10	Precision@20	Recall@10   	Recall@20   	NDCG@10     	NDCG@20     	MAP@10      	MAP@20      	MRR@10      	MRR@20      
2021-11-07 00:06:02.962: iteration 1 finished in 10.813866 seconds
2021-11-07 00:06:03.118: epoch 1:	0.00196192  	0.00155799  	0.01410848  	0.02255104  	0.00638475  	0.00863344  	0.00345186  	0.00401120  	0.00496364  	0.00574636  
2021-11-07 00:06:11.903: iteration 2 finished in 8.769176 seconds
2021-11-07 00:06:11.965: epoch 2:	0.00236584  	0.00201962  	0.01719836  	0.02954277  	0.00910292  	0.01231730  	0.00579791  	0.00658213  	0.00840111  	0.00940145  
2021-11-07 00:06:19.703: iteration 3 finished in 7.737328 seconds
2021-11-07 00:06:19.765: epoch 3:	0.00248125  	0.00222158  	0.01782348  	0.03171077  	0.00955378  	0.01331252  	0.00617152  	0.00714319  	0.00871161  	0.00996445  
2021-11-07 00:06:27.578: iteration 4 finished in 7.812895 seconds
2021-11-07 00:06:27.643: epoch 4:	0.00253895  	0.00225043  	0.01816695  	0.03320831  	0.00941307  	0.01339609  	0.00582107  	0.00686302  	0.00835783  	0.00957927  
2021-11-07 00:06:39.267: iteration 5 finished in 11.624256 seconds
2021-11-07 00:06:39.439: epoch 5:	0.00236584  	0.00236584  	0.01641662  	0.03468937  	0.00917001  	0.01407943  	0.00585384  	0.00718016  	0.00916522  	0.01071280  
2021-11-07 00:06:50.677: iteration 6 finished in 11.222018 seconds
2021-11-07 00:06:50.864: epoch 6:	0.00259665  	0.00256780  	0.01826313  	0.03646855  	0.00953993  	0.01444568  	0.00577711  	0.00706527  	0.00918789  	0.01075518  
2021-11-07 00:06:58.880: iteration 7 finished in 8.015787 seconds
2021-11-07 00:06:58.974: epoch 7:	0.00253895  	0.00262550  	0.01749375  	0.03717061  	0.00935883  	0.01469170  	0.00572580  	0.00714064  	0.00934108  	0.01103274  
2021-11-07 00:07:06.742: iteration 8 finished in 7.768645 seconds
2021-11-07 00:07:06.789: epoch 8:	0.00259665  	0.00282747  	0.01778226  	0.03882477  	0.00962776  	0.01538649  	0.00595093  	0.00745403  	0.00959617  	0.01148765  
2021-11-07 00:07:16.228: iteration 9 finished in 9.439046 seconds
2021-11-07 00:07:16.353: epoch 9:	0.00276976  	0.00282747  	0.01922485  	0.03892095  	0.01010886  	0.01550846  	0.00612377  	0.00754619  	0.00994880  	0.01171171  
2021-11-07 00:07:27.403: iteration 10 finished in 11.049527 seconds
2021-11-07 00:07:27.543: epoch 10:	0.00282747  	0.00288517  	0.01934026  	0.03940180  	0.01017900  	0.01568446  	0.00618042  	0.00763984  	0.00993689  	0.01171174  
2021-11-07 00:07:37.113: iteration 11 finished in 9.570038 seconds
2021-11-07 00:07:37.160: epoch 11:	0.00305828  	0.00291402  	0.02092710  	0.03901712  	0.01082594  	0.01582132  	0.00657366  	0.00787896  	0.01018190  	0.01180063  
2021-11-07 00:07:44.939: iteration 12 finished in 7.778507 seconds
2021-11-07 00:07:44.986: epoch 12:	0.00305828  	0.00282747  	0.02027313  	0.03805540  	0.01056086  	0.01548252  	0.00639416  	0.00772950  	0.01004566  	0.01161161  
2021-11-07 00:07:52.754: iteration 13 finished in 7.768418 seconds
2021-11-07 00:07:52.817: epoch 13:	0.00311598  	0.00285632  	0.02038854  	0.03863243  	0.01053763  	0.01555629  	0.00633719  	0.00771130  	0.00975302  	0.01131193  
2021-11-07 00:08:03.647: iteration 14 finished in 10.830263 seconds
2021-11-07 00:08:04.006: epoch 14:	0.00305828  	0.00288517  	0.02027313  	0.03911329  	0.01042200  	0.01561495  	0.00620448  	0.00761873  	0.00972348  	0.01136997  
2021-11-07 00:08:14.963: iteration 15 finished in 10.956881 seconds
2021-11-07 00:08:15.150: epoch 15:	0.00305828  	0.00291402  	0.02035007  	0.03922870  	0.01042903  	0.01566508  	0.00619868  	0.00759122  	0.00972989  	0.01147407  
2021-11-07 00:08:23.261: iteration 16 finished in 8.111005 seconds
2021-11-07 00:08:23.324: epoch 16:	0.00282747  	0.00294287  	0.01909983  	0.03937295  	0.01007800  	0.01577163  	0.00611045  	0.00766169  	0.00965845  	0.01156340  
2021-11-07 00:08:30.983: iteration 17 finished in 7.658998 seconds
2021-11-07 00:08:31.077: epoch 17:	0.00282747  	0.00291402  	0.01909983  	0.03891132  	0.01009493  	0.01567803  	0.00612109  	0.00763803  	0.00971547  	0.01163140  
2021-11-07 00:08:39.564: iteration 18 finished in 8.487148 seconds
2021-11-07 00:08:39.704: epoch 18:	0.00288517  	0.00285632  	0.01967686  	0.03867090  	0.01034189  	0.01566344  	0.00624612  	0.00769212  	0.01007291  	0.01187144  
2021-11-07 00:08:50.627: iteration 19 finished in 10.907461 seconds
2021-11-07 00:08:50.768: epoch 19:	0.00288517  	0.00279862  	0.01929217  	0.03819003  	0.01018460  	0.01543174  	0.00615572  	0.00759920  	0.00974272  	0.01146434  
2021-11-07 00:09:01.345: iteration 20 finished in 10.577162 seconds
2021-11-07 00:09:01.408: epoch 20:	0.00294287  	0.00285632  	0.01986921  	0.03849779  	0.01031702  	0.01550209  	0.00617838  	0.00757681  	0.00975714  	0.01147892  
2021-11-07 00:09:09.142: iteration 21 finished in 7.734684 seconds
2021-11-07 00:09:09.189: epoch 21:	0.00300058  	0.00285632  	0.02006155  	0.03849779  	0.01037400  	0.01548823  	0.00617251  	0.00754243  	0.00979401  	0.01149713  
2021-11-07 00:09:17.116: iteration 22 finished in 7.926497 seconds
2021-11-07 00:09:17.178: epoch 22:	0.00300058  	0.00285632  	0.02006155  	0.03849779  	0.01034956  	0.01547036  	0.00614373  	0.00751596  	0.00977638  	0.01148893  
2021-11-07 00:09:27.600: iteration 23 finished in 10.421839 seconds
2021-11-07 00:09:27.741: epoch 23:	0.00294287  	0.00282747  	0.01948452  	0.03838238  	0.01019470  	0.01540960  	0.00609542  	0.00749366  	0.00975874  	0.01147736  
2021-11-07 00:09:38.602: iteration 24 finished in 10.860968 seconds
2021-11-07 00:09:38.711: epoch 24:	0.00294287  	0.00285632  	0.01948452  	0.03847855  	0.01017697  	0.01541495  	0.00608664  	0.00747651  	0.00966715  	0.01140219  
2021-11-07 00:09:47.277: iteration 25 finished in 8.566179 seconds
2021-11-07 00:09:47.340: epoch 25:	0.00294287  	0.00291402  	0.01948452  	0.03881516  	0.01017106  	0.01550390  	0.00608210  	0.00747580  	0.00965456  	0.01142851  
2021-11-07 00:09:55.061: iteration 26 finished in 7.721179 seconds
2021-11-07 00:09:55.123: epoch 26:	0.00294287  	0.00288517  	0.01948452  	0.03862281  	0.01012113  	0.01539644  	0.00603565  	0.00742116  	0.00956571  	0.01132214  
2021-11-07 00:10:02.989: iteration 27 finished in 7.865229 seconds
2021-11-07 00:10:03.160: epoch 27:	0.00300058  	0.00297173  	0.02006155  	0.03934411  	0.01029049  	0.01562152  	0.00610945  	0.00748036  	0.00958724  	0.01138755  
2021-11-07 00:10:14.413: iteration 28 finished in 11.252358 seconds
2021-11-07 00:10:14.553: epoch 28:	0.00300058  	0.00297173  	0.02006155  	0.03934411  	0.01033943  	0.01567584  	0.00616578  	0.00753817  	0.00964723  	0.01146486  
2021-11-07 00:10:25.587: iteration 29 finished in 11.033790 seconds
2021-11-07 00:10:25.650: epoch 29:	0.00300058  	0.00291402  	0.02006155  	0.03886324  	0.01032611  	0.01551925  	0.00615243  	0.00749876  	0.00961517  	0.01137929  
2021-11-07 00:10:33.602: iteration 30 finished in 7.952585 seconds
2021-11-07 00:10:33.665: epoch 30:	0.00294287  	0.00291402  	0.01977303  	0.03886324  	0.01023717  	0.01553790  	0.00613590  	0.00751688  	0.00960166  	0.01142247  
2021-11-07 00:10:41.387: iteration 31 finished in 7.722077 seconds
2021-11-07 00:10:41.449: epoch 31:	0.00294287  	0.00288517  	0.02025389  	0.03857473  	0.01046230  	0.01557583  	0.00630936  	0.00763710  	0.00981713  	0.01161326  
2021-11-07 00:10:51.558: iteration 32 finished in 10.108479 seconds
2021-11-07 00:10:51.655: epoch 32:	0.00300058  	0.00291402  	0.02035007  	0.03876707  	0.01038926  	0.01550679  	0.00618074  	0.00750450  	0.00959663  	0.01135511  
2021-11-07 00:11:02.766: iteration 33 finished in 11.110992 seconds
2021-11-07 00:11:02.922: epoch 33:	0.00300058  	0.00294287  	0.02035007  	0.03895941  	0.01040294  	0.01558762  	0.00619517  	0.00753112  	0.00962548  	0.01142493  
2021-11-07 00:11:12.196: iteration 34 finished in 9.274111 seconds
2021-11-07 00:11:12.259: epoch 34:	0.00305828  	0.00294287  	0.01998461  	0.03895941  	0.01022634  	0.01547222  	0.00606177  	0.00743306  	0.00929986  	0.01105212  
2021-11-07 00:11:20.050: iteration 35 finished in 7.791195 seconds
2021-11-07 00:11:20.097: epoch 35:	0.00294287  	0.00297173  	0.01931141  	0.03915176  	0.00999457  	0.01550614  	0.00598345  	0.00742061  	0.00915149  	0.01103483  
2021-11-07 00:11:27.988: iteration 36 finished in 7.891441 seconds
2021-11-07 00:11:28.051: epoch 36:	0.00288517  	0.00294287  	0.01873437  	0.03895941  	0.00981718  	0.01541954  	0.00591609  	0.00739109  	0.00907386  	0.01096633  
2021-11-07 00:11:39.037: iteration 37 finished in 10.986486 seconds
2021-11-07 00:11:39.178: epoch 37:	0.00288517  	0.00294287  	0.01873437  	0.03895941  	0.00979184  	0.01538905  	0.00588487  	0.00735770  	0.00905714  	0.01093714  
2021-11-07 00:11:50.630: iteration 38 finished in 11.452545 seconds
2021-11-07 00:11:50.771: epoch 38:	0.00288517  	0.00294287  	0.01873437  	0.03895941  	0.00976781  	0.01536038  	0.00586385  	0.00733318  	0.00901387  	0.01088845  
2021-11-07 00:11:58.860: iteration 39 finished in 8.088912 seconds
2021-11-07 00:11:58.922: epoch 39:	0.00288517  	0.00291402  	0.01873437  	0.03876707  	0.00975951  	0.01528769  	0.00585744  	0.00731372  	0.00899463  	0.01084349  
2021-11-07 00:12:06.741: iteration 40 finished in 7.818690 seconds
2021-11-07 00:12:06.788: epoch 40:	0.00288517  	0.00285632  	0.01873437  	0.03836315  	0.00975803  	0.01516253  	0.00586087  	0.00729843  	0.00895685  	0.01074827  
2021-11-07 00:12:15.879: iteration 41 finished in 9.090864 seconds
2021-11-07 00:12:16.004: epoch 41:	0.00294287  	0.00285632  	0.01887863  	0.03836315  	0.00979448  	0.01513747  	0.00585056  	0.00727520  	0.00896670  	0.01071163  
2021-11-07 00:12:27.214: iteration 42 finished in 11.210220 seconds
2021-11-07 00:12:27.339: epoch 42:	0.00294287  	0.00285632  	0.01887863  	0.03836315  	0.00981330  	0.01516222  	0.00586727  	0.00729540  	0.00903539  	0.01079133  
2021-11-07 00:12:37.485: iteration 43 finished in 10.145961 seconds
2021-11-07 00:12:37.547: epoch 43:	0.00294287  	0.00288517  	0.01887863  	0.03845932  	0.00980538  	0.01518435  	0.00586445  	0.00729054  	0.00900677  	0.01078101  
2021-11-07 00:12:45.407: iteration 44 finished in 7.859804 seconds
2021-11-07 00:12:45.469: epoch 44:	0.00300058  	0.00288517  	0.01902289  	0.03802655  	0.00985982  	0.01509877  	0.00586842  	0.00726115  	0.00905073  	0.01078007  
2021-11-07 00:12:53.390: iteration 45 finished in 7.920898 seconds
2021-11-07 00:12:53.453: epoch 45:	0.00305828  	0.00285632  	0.01959992  	0.03791114  	0.00999795  	0.01502812  	0.00590223  	0.00722694  	0.00901845  	0.01069674  
2021-11-07 00:13:04.350: iteration 46 finished in 10.897482 seconds
2021-11-07 00:13:04.553: epoch 46:	0.00300058  	0.00285632  	0.01948452  	0.03793037  	0.00994138  	0.01503526  	0.00589069  	0.00723537  	0.00896074  	0.01067034  
2021-11-07 00:13:15.822: iteration 47 finished in 11.268140 seconds
2021-11-07 00:13:15.946: epoch 47:	0.00300058  	0.00285632  	0.01953260  	0.03793037  	0.00995454  	0.01503605  	0.00589549  	0.00723544  	0.00896074  	0.01067428  
2021-11-07 00:13:24.183: iteration 48 finished in 8.236379 seconds
2021-11-07 00:13:24.245: epoch 48:	0.00305828  	0.00285632  	0.01982112  	0.03793037  	0.01007226  	0.01504950  	0.00593883  	0.00724867  	0.00906195  	0.01071609  
2021-11-07 00:13:32.104: iteration 49 finished in 7.858654 seconds
2021-11-07 00:13:32.182: epoch 49:	0.00311598  	0.00285632  	0.02001346  	0.03793037  	0.01015053  	0.01505224  	0.00595806  	0.00725042  	0.00911966  	0.01072133  
2021-11-07 00:13:40.904: iteration 50 finished in 8.721542 seconds
2021-11-07 00:13:41.075: epoch 50:	0.00311598  	0.00288517  	0.02001346  	0.03821889  	0.01014824  	0.01512731  	0.00595549  	0.00727508  	0.00911966  	0.01071326  
