2021-11-07 03:13:20.420: Dataset name: u1
The number of users: 6598
The number of items: 6598
The number of ratings: 103171
Average actions of users: 15.64
Average actions of items: 15.64
The sparsity of the dataset: 99.763008%
2021-11-07 03:13:20.485: 

NeuRec hyperparameters:
recommender=WRMF
config_dir=./conf
gpu_id=0
gpu_mem=0.5
data.input.path=D:\hsyoo\Workingon_210628/_Data/wiki-vote/5-random-barrier/u1/
data.input.dataset=u1
data.output.path=D:\hsyoo\Workingon_210628/_Emb/wiki-vote/5-random-barrier/wrmf/u1_wrmf_directed_dim16_uniform_send.emb
data.column.format=UI
data.convert.separator='\t'
user_min=0
item_min=0
splitter=given
ratio=0.8
by_time=False
metric=["Precision", "Recall", "NDCG", "MAP", "MRR"]
topk=[10, 20]
group_view=None
rec.evaluate.neg=0
test_batch_size=128
num_thread=8
data.index.remap=False

WRMF's hyperparameters:
epochs=50
embedding_size=16
reg_mf=0.1
alpha=10
init_method=uniform
stddev=0.01
verbose=1
weight=uniform

2021-11-07 03:20:36.209: metrics:	Precision@10	Precision@20	Recall@10   	Recall@20   	NDCG@10     	NDCG@20     	MAP@10      	MAP@20      	MRR@10      	MRR@20      
2021-11-07 03:20:55.148: iteration 1 finished in 18.939327 seconds
2021-11-07 03:20:57.994: epoch 1:	0.02543407  	0.02342609  	0.03104273  	0.05509889  	0.03495652  	0.04104410  	0.01732811  	0.01685218  	0.06280784  	0.06827200  
2021-11-07 03:21:16.264: iteration 2 finished in 18.270653 seconds
2021-11-07 03:21:16.421: epoch 2:	0.07080361  	0.05976904  	0.10846771  	0.17617819  	0.10713542  	0.12422328  	0.05923784  	0.05962009  	0.17198235  	0.17971665  
2021-11-07 03:21:37.047: iteration 3 finished in 20.626713 seconds
2021-11-07 03:21:41.783: epoch 3:	0.07727987  	0.06608244  	0.12578811  	0.20620334  	0.12091786  	0.14177373  	0.06743848  	0.06903770  	0.19399799  	0.20217836  
2021-11-07 03:22:08.173: iteration 4 finished in 26.390646 seconds
2021-11-07 03:22:10.064: epoch 4:	0.07840148  	0.06837988  	0.13199359  	0.21502525  	0.12491053  	0.14747524  	0.06994978  	0.07205629  	0.19877762  	0.20738715  
2021-11-07 03:22:27.470: iteration 5 finished in 17.406526 seconds
2021-11-07 03:22:27.627: epoch 5:	0.08006582  	0.06904916  	0.13390632  	0.22027569  	0.12762943  	0.15069160  	0.07179536  	0.07413302  	0.20244509  	0.21104386  
2021-11-07 03:22:45.830: iteration 6 finished in 18.196575 seconds
2021-11-07 03:22:46.408: epoch 6:	0.08129591  	0.06948333  	0.13387853  	0.22396618  	0.12774818  	0.15135495  	0.07163172  	0.07393089  	0.20213819  	0.21072410  
2021-11-07 03:23:04.443: iteration 7 finished in 18.035287 seconds
2021-11-07 03:23:10.896: epoch 7:	0.08176625  	0.07033356  	0.13524066  	0.22987078  	0.12879419  	0.15363383  	0.07231036  	0.07487239  	0.20347457  	0.21221444  
2021-11-07 03:23:34.867: iteration 8 finished in 23.970421 seconds
2021-11-07 03:23:45.927: epoch 8:	0.08158531  	0.07002607  	0.13616234  	0.22825924  	0.12933616  	0.15353447  	0.07301981  	0.07534610  	0.20369008  	0.21238883  
2021-11-07 03:24:07.981: iteration 9 finished in 22.054204 seconds
2021-11-07 03:24:14.607: epoch 9:	0.08176621  	0.07024316  	0.13567644  	0.22702466  	0.13025188  	0.15435578  	0.07391121  	0.07633807  	0.20627023  	0.21487495  
2021-11-07 03:24:33.250: iteration 10 finished in 18.643148 seconds
2021-11-07 03:24:33.406: epoch 10:	0.08176620  	0.07020697  	0.13594547  	0.22676106  	0.13111654  	0.15505329  	0.07466425  	0.07703753  	0.20850778  	0.21712711  
2021-11-07 03:24:51.033: iteration 11 finished in 17.626366 seconds
2021-11-07 03:24:54.155: epoch 11:	0.08162151  	0.07008034  	0.13450618  	0.22600068  	0.13048445  	0.15456833  	0.07445431  	0.07683128  	0.20740822  	0.21622363  
2021-11-07 03:25:10.849: iteration 12 finished in 16.694959 seconds
2021-11-07 03:25:19.897: epoch 12:	0.08238127  	0.07000797  	0.13581795  	0.22411197  	0.13134269  	0.15431322  	0.07503190  	0.07704554  	0.20779796  	0.21625265  
2021-11-07 03:25:46.027: iteration 13 finished in 26.129618 seconds
2021-11-07 03:25:56.608: epoch 13:	0.08263452  	0.06977280  	0.13802437  	0.22278538  	0.13195223  	0.15387070  	0.07526390  	0.07695378  	0.20674378  	0.21490750  
2021-11-07 03:26:14.302: iteration 14 finished in 17.693787 seconds
2021-11-07 03:26:14.473: epoch 14:	0.08292400  	0.06988135  	0.13806269  	0.22427294  	0.13229738  	0.15445550  	0.07552154  	0.07730190  	0.20685735  	0.21508284  
2021-11-07 03:26:32.361: iteration 15 finished in 17.887930 seconds
2021-11-07 03:26:32.705: epoch 15:	0.08314107  	0.06991753  	0.13655792  	0.22348438  	0.13222568  	0.15444376  	0.07586671  	0.07751515  	0.20677145  	0.21520172  
2021-11-07 03:26:50.877: iteration 16 finished in 18.171717 seconds
2021-11-07 03:26:55.141: epoch 16:	0.08350286  	0.06977282  	0.13829406  	0.22402252  	0.13330004  	0.15493445  	0.07647824  	0.07795238  	0.20836976  	0.21649335  
2021-11-07 03:27:18.798: iteration 17 finished in 23.656357 seconds
2021-11-07 03:27:19.173: epoch 17:	0.08368377  	0.07000798  	0.13949142  	0.22476940  	0.13339257  	0.15498519  	0.07634924  	0.07775616  	0.20729761  	0.21553650  
2021-11-07 03:27:46.752: iteration 18 finished in 27.579569 seconds
2021-11-07 03:27:47.252: epoch 18:	0.08400937  	0.07008033  	0.14038061  	0.22488022  	0.13428730  	0.15557876  	0.07709340  	0.07838971  	0.20880483  	0.21694638  
2021-11-07 03:28:05.656: iteration 19 finished in 18.404131 seconds
2021-11-07 03:28:07.531: epoch 19:	0.08415412  	0.07002607  	0.14071301  	0.22455765  	0.13430864  	0.15538709  	0.07704123  	0.07827270  	0.20837928  	0.21651717  
2021-11-07 03:28:25.360: iteration 20 finished in 17.829160 seconds
2021-11-07 03:28:25.579: epoch 20:	0.08433504  	0.07002606  	0.14034782  	0.22458886  	0.13415872  	0.15530337  	0.07696368  	0.07817910  	0.20769942  	0.21593918  
2021-11-07 03:28:43.501: iteration 21 finished in 17.922369 seconds
2021-11-07 03:28:43.720: epoch 21:	0.08473302  	0.06980897  	0.14179841  	0.22241659  	0.13515319  	0.15521783  	0.07760084  	0.07848228  	0.20913577  	0.21704848  
2021-11-07 03:29:09.407: iteration 22 finished in 25.687340 seconds
2021-11-07 03:29:18.340: epoch 22:	0.08498627  	0.06993560  	0.14225717  	0.22276603  	0.13509229  	0.15512098  	0.07731953  	0.07814696  	0.20859644  	0.21665047  
2021-11-07 03:29:40.235: iteration 23 finished in 21.894572 seconds
2021-11-07 03:29:45.450: epoch 23:	0.08484153  	0.07011651  	0.14160345  	0.22394513  	0.13498375  	0.15560868  	0.07734743  	0.07842996  	0.20862155  	0.21681465  
2021-11-07 03:30:03.604: iteration 24 finished in 18.154642 seconds
2021-11-07 03:30:03.760: epoch 24:	0.08498625  	0.07022505  	0.14227234  	0.22419515  	0.13429587  	0.15488185  	0.07639842  	0.07747361  	0.20687748  	0.21491982  
2021-11-07 03:30:20.402: iteration 25 finished in 16.641522 seconds
2021-11-07 03:30:22.372: epoch 25:	0.08531190  	0.07026124  	0.14360692  	0.22521344  	0.13458127  	0.15500569  	0.07642289  	0.07743894  	0.20582938  	0.21388976  
2021-11-07 03:30:40.263: iteration 26 finished in 17.891483 seconds
2021-11-07 03:30:48.952: epoch 26:	0.08502243  	0.07029740  	0.14216824  	0.22388695  	0.13431193  	0.15491746  	0.07638410  	0.07750053  	0.20661315  	0.21473257  
2021-11-07 03:31:16.242: iteration 27 finished in 27.290099 seconds
2021-11-07 03:31:24.229: epoch 27:	0.08498627  	0.07049639  	0.14288691  	0.22392529  	0.13464667  	0.15521041  	0.07657654  	0.07772953  	0.20723027  	0.21526311  
2021-11-07 03:31:42.201: iteration 28 finished in 17.972826 seconds
2021-11-07 03:31:45.185: epoch 28:	0.08484154  	0.07033359  	0.14304598  	0.22289842  	0.13467516  	0.15496282  	0.07660265  	0.07772363  	0.20727123  	0.21517125  
2021-11-07 03:32:01.092: iteration 29 finished in 15.907471 seconds
2021-11-07 03:32:01.233: epoch 29:	0.08505862  	0.07031551  	0.14440402  	0.22230451  	0.13534373  	0.15508498  	0.07691678  	0.07789605  	0.20859098  	0.21630928  
2021-11-07 03:32:21.721: iteration 30 finished in 20.487744 seconds
2021-11-07 03:32:25.439: epoch 30:	0.08505861  	0.07027932  	0.14465913  	0.22286235  	0.13537714  	0.15517057  	0.07692770  	0.07786513  	0.20846383  	0.21618584  
2021-11-07 03:32:48.617: iteration 31 finished in 23.178403 seconds
2021-11-07 03:33:00.977: epoch 31:	0.08534805  	0.07027931  	0.14513731  	0.22294290  	0.13575010  	0.15531343  	0.07723325  	0.07804549  	0.20843782  	0.21618974  
2021-11-07 03:33:22.122: iteration 32 finished in 21.145341 seconds
2021-11-07 03:33:26.215: epoch 32:	0.08556513  	0.07051448  	0.14542706  	0.22362906  	0.13569796  	0.15538517  	0.07698030  	0.07790094  	0.20805015  	0.21584180  
2021-11-07 03:33:45.078: iteration 33 finished in 18.863566 seconds
2021-11-07 03:33:46.876: epoch 33:	0.08596309  	0.07053257  	0.14627640  	0.22322980  	0.13581824  	0.15505846  	0.07675517  	0.07755613  	0.20782644  	0.21550761  
2021-11-07 03:34:04.595: iteration 34 finished in 17.718930 seconds
2021-11-07 03:34:04.720: epoch 34:	0.08603544  	0.07053258  	0.14677285  	0.22368160  	0.13626474  	0.15538840  	0.07714497  	0.07786295  	0.20840213  	0.21606798  
2021-11-07 03:34:23.720: iteration 35 finished in 18.999723 seconds
2021-11-07 03:34:29.314: epoch 35:	0.08589072  	0.07062303  	0.14626628  	0.22408925  	0.13587864  	0.15535846  	0.07676543  	0.07758810  	0.20854732  	0.21621685  
2021-11-07 03:34:57.627: iteration 36 finished in 28.313451 seconds
2021-11-07 03:35:01.127: epoch 36:	0.08574601  	0.07076774  	0.14535373  	0.22383264  	0.13575538  	0.15559198  	0.07683982  	0.07783724  	0.20884608  	0.21648662  
2021-11-07 03:35:19.969: iteration 37 finished in 18.779292 seconds
2021-11-07 03:35:20.094: epoch 37:	0.08563747  	0.07076775  	0.14478594  	0.22440754  	0.13567825  	0.15582077  	0.07686811  	0.07800258  	0.20902337  	0.21676731  
2021-11-07 03:35:38.469: iteration 38 finished in 18.374758 seconds
2021-11-07 03:35:42.860: epoch 38:	0.08556511  	0.07076775  	0.14435652  	0.22516230  	0.13543992  	0.15591171  	0.07663283  	0.07784769  	0.20922177  	0.21702561  
2021-11-07 03:36:00.422: iteration 39 finished in 17.546520 seconds
2021-11-07 03:36:00.578: epoch 39:	0.08574601  	0.07082202  	0.14408195  	0.22497720  	0.13544245  	0.15589845  	0.07661626  	0.07781690  	0.20942533  	0.21727747  
2021-11-07 03:36:18.471: iteration 40 finished in 17.892161 seconds
2021-11-07 03:36:18.955: epoch 40:	0.08589076  	0.07085820  	0.14461076  	0.22461551  	0.13592815  	0.15615843  	0.07710067  	0.07825794  	0.20983833  	0.21749501  
2021-11-07 03:36:46.484: iteration 41 finished in 27.529096 seconds
2021-11-07 03:36:49.327: epoch 41:	0.08578221  	0.07071348  	0.14490567  	0.22365880  	0.13583714  	0.15580466  	0.07698847  	0.07808480  	0.20960619  	0.21723430  
2021-11-07 03:37:10.689: iteration 42 finished in 21.361503 seconds
2021-11-07 03:37:13.111: epoch 42:	0.08589078  	0.07071349  	0.14557658  	0.22353148  	0.13601334  	0.15575142  	0.07691512  	0.07796844  	0.21004084  	0.21755511  
2021-11-07 03:37:32.520: iteration 43 finished in 19.314764 seconds
2021-11-07 03:37:32.676: epoch 43:	0.08578221  	0.07058687  	0.14592201  	0.22403502  	0.13580622  	0.15554608  	0.07657348  	0.07759683  	0.20985550  	0.21742676  
2021-11-07 03:37:51.117: iteration 44 finished in 18.441129 seconds
2021-11-07 03:37:52.868: epoch 44:	0.08578221  	0.07062303  	0.14596330  	0.22460650  	0.13593763  	0.15580206  	0.07673796  	0.07777578  	0.21031679  	0.21786074  
2021-11-07 03:38:10.402: iteration 45 finished in 17.533158 seconds
2021-11-07 03:38:10.558: epoch 45:	0.08549277  	0.07071348  	0.14506206  	0.22406456  	0.13540541  	0.15556581  	0.07643052  	0.07763904  	0.20949067  	0.21710591  
2021-11-07 03:38:40.015: iteration 46 finished in 29.457682 seconds
2021-11-07 03:38:42.345: epoch 46:	0.08523951  	0.07078583  	0.14471263  	0.22441576  	0.13516852  	0.15563503  	0.07630457  	0.07761410  	0.20934913  	0.21691734  
2021-11-07 03:39:06.673: iteration 47 finished in 24.327955 seconds
2021-11-07 03:39:08.126: epoch 47:	0.08516715  	0.07078583  	0.14484376  	0.22452873  	0.13534233  	0.15584342  	0.07652839  	0.07781142  	0.20970401  	0.21739738  
2021-11-07 03:39:26.564: iteration 48 finished in 18.437999 seconds
2021-11-07 03:39:31.176: epoch 48:	0.08495007  	0.07084011  	0.14354262  	0.22455645  	0.13526700  	0.15622146  	0.07666925  	0.07820545  	0.21060997  	0.21844310  
2021-11-07 03:39:48.786: iteration 49 finished in 17.609731 seconds
2021-11-07 03:39:48.926: epoch 49:	0.08484153  	0.07078585  	0.14330976  	0.22459820  	0.13513190  	0.15615647  	0.07661621  	0.07811899  	0.21051393  	0.21846068  
2021-11-07 03:40:07.444: iteration 50 finished in 18.517315 seconds
2021-11-07 03:40:10.802: epoch 50:	0.08462445  	0.07074966  	0.14299983  	0.22435263  	0.13512802  	0.15622427  	0.07672296  	0.07823146  	0.21085837  	0.21892400  
