2020-08-01 16:00:23.232: Dataset name: u1
The number of users: 1335
The number of items: 1777
The number of ratings: 20192
Average actions of users: 15.13
Average actions of items: 11.36
The sparsity of the dataset: 99.148841%
2020-08-01 16:00:23.233: 

NeuRec hyperparameters:
recommender=WRMF
config_dir=./conf
gpu_id=0
gpu_mem=0.5
data.input.path=C:\Users\HyunsikYoo\Desktop\VNE_directed_networks/_Data/uci/5-fold/u1/
data.input.dataset=u1
data.output.path=C:\Users\HyunsikYoo\Desktop\VNE_directed_networks/_Data/uci/5-fold/u1/relevance_WRMF_directed_True_user_oriented
data.column.format=UI
data.convert.separator='\t'
user_min=0
item_min=0
splitter=given
ratio=0.8
by_time=False
metric=["Precision", "Recall", "NDCG", "MAP", "MRR"]
topk=[10, 20]
group_view=None
rec.evaluate.neg=0
test_batch_size=128
num_thread=8
data.index.remap=True

WRMF's hyperparameters:
epochs=2
embedding_size=16
reg_mf=0.1
alpha=10
init_method=uniform
stddev=0.01
verbose=1
weight=user_oriented

2020-08-01 16:00:29.785: metrics:	Precision@10	Precision@20	Recall@10   	Recall@20   	NDCG@10     	NDCG@20     	MAP@10      	MAP@20      	MRR@10      	MRR@20      
2020-08-01 16:00:30.641: iteration 1 finished in 0.856038 seconds
2020-08-01 16:00:30.667: epoch 1:	0.01706589  	0.01477049  	0.04404251  	0.07426640  	0.03182920  	0.04138979  	0.01550375  	0.01729490  	0.05296587  	0.05794466  
2020-08-01 16:00:31.510: iteration 2 finished in 0.843737 seconds
2020-08-01 16:00:31.534: epoch 2:	0.02784436  	0.02345306  	0.07261302  	0.11775701  	0.05251910  	0.06722192  	0.02602577  	0.02901223  	0.08474755  	0.09150182  
