2020-08-22 16:02:31.701: Dataset name: u1
The number of users: 22273
The number of items: 22239
The number of ratings: 90507
Average actions of users: 4.06
Average actions of items: 4.07
The sparsity of the dataset: 99.981728%
2020-08-22 16:02:31.701: 

NeuRec hyperparameters:
recommender=WRMF
config_dir=./conf
gpu_id=0
gpu_mem=0.5
data.input.path=C:\Users\HyunsikYoo\Desktop\VNE_directed_networks/_Data/cora_big/5-fold/u1/
data.input.dataset=u1
data.output.path=C:\Users\HyunsikYoo\Desktop\VNE_directed_networks/_Data/cora_big/5-fold/u1/relevance_WRMF_directed_False_uniform
data.column.format=UI
data.convert.separator='\t'
user_min=0
item_min=0
splitter=given
ratio=0.8
by_time=False
metric=["Precision", "Recall", "NDCG", "MAP", "MRR"]
topk=[10, 20]
group_view=None
rec.evaluate.neg=0
test_batch_size=128
num_thread=8
data.index.remap=False

WRMF's hyperparameters:
epochs=50
embedding_size=16
reg_mf=0.1
alpha=10
init_method=uniform
stddev=0.01
verbose=1
weight=uniform

2020-08-22 16:24:13.322: metrics:	Precision@10	Precision@20	Recall@10   	Recall@20   	NDCG@10     	NDCG@20     	MAP@10      	MAP@20      	MRR@10      	MRR@20      
2020-08-22 16:25:20.690: iteration 1 finished in 67.368022 seconds
2020-08-22 16:25:21.211: epoch 1:	0.00404674  	0.00329703  	0.02618974  	0.04213044  	0.01461552  	0.01910666  	0.00943562  	0.01060584  	0.01361717  	0.01514478  
2020-08-22 16:26:23.857: iteration 2 finished in 62.645041 seconds
2020-08-22 16:26:24.381: epoch 2:	0.01620333  	0.01139081  	0.10490846  	0.14792520  	0.06548055  	0.07743266  	0.04638686  	0.04963076  	0.06464300  	0.06829605  
2020-08-22 16:27:28.405: iteration 3 finished in 64.024328 seconds
2020-08-22 16:27:28.927: epoch 3:	0.02253174  	0.01510321  	0.14863572  	0.19730391  	0.09700324  	0.11069525  	0.07152403  	0.07543739  	0.09703816  	0.10090183  
2020-08-22 16:28:32.315: iteration 4 finished in 63.387793 seconds
2020-08-22 16:28:32.836: epoch 4:	0.02411183  	0.01644549  	0.16060105  	0.21678901  	0.10505968  	0.12084642  	0.07752110  	0.08202187  	0.10571129  	0.11024690  
2020-08-22 16:29:39.305: iteration 5 finished in 66.468300 seconds
2020-08-22 16:29:39.863: epoch 5:	0.02503893  	0.01683648  	0.16774306  	0.22229704  	0.10818586  	0.12351685  	0.07922469  	0.08357162  	0.10797230  	0.11234095  
2020-08-22 16:30:46.094: iteration 6 finished in 66.230696 seconds
2020-08-22 16:30:46.605: epoch 6:	0.02503893  	0.01696144  	0.16824594  	0.22416896  	0.10823108  	0.12398941  	0.07921872  	0.08369978  	0.10783318  	0.11233878  
2020-08-22 16:31:51.495: iteration 7 finished in 64.888760 seconds
2020-08-22 16:31:52.021: epoch 7:	0.02504700  	0.01702593  	0.16804527  	0.22558764  	0.10753472  	0.12366886  	0.07841536  	0.08298621  	0.10673914  	0.11133429  
2020-08-22 16:32:59.592: iteration 8 finished in 67.571695 seconds
2020-08-22 16:33:00.110: epoch 8:	0.02509537  	0.01707834  	0.16859488  	0.22620839  	0.10753123  	0.12367365  	0.07829580  	0.08284113  	0.10669547  	0.11129621  
2020-08-22 16:34:12.816: iteration 9 finished in 72.705723 seconds
2020-08-22 16:34:13.335: epoch 9:	0.02484546  	0.01706221  	0.16660371  	0.22627285  	0.10620974  	0.12291827  	0.07722370  	0.08193740  	0.10550367  	0.11030479  
2020-08-22 16:35:23.135: iteration 10 finished in 69.799312 seconds
2020-08-22 16:35:23.695: epoch 10:	0.02476484  	0.01709446  	0.16631812  	0.22720399  	0.10550864  	0.12250614  	0.07645752  	0.08122699  	0.10463220  	0.10950820  
2020-08-22 16:36:54.016: iteration 11 finished in 90.319840 seconds
2020-08-22 16:36:54.578: epoch 11:	0.02461973  	0.01704206  	0.16535971  	0.22662412  	0.10491696  	0.12202884  	0.07600735  	0.08081111  	0.10420799  	0.10913820  
2020-08-22 16:38:09.244: iteration 12 finished in 74.666389 seconds
2020-08-22 16:38:09.776: epoch 12:	0.02458750  	0.01700579  	0.16542287  	0.22614068  	0.10502988  	0.12200647  	0.07614519  	0.08092030  	0.10447633  	0.10934058  
2020-08-22 16:39:23.946: iteration 13 finished in 74.170011 seconds
2020-08-22 16:39:24.494: epoch 13:	0.02449881  	0.01700579  	0.16457196  	0.22615679  	0.10463697  	0.12182710  	0.07585887  	0.08069583  	0.10425399  	0.10916465  
2020-08-22 16:40:31.928: iteration 14 finished in 67.433280 seconds
2020-08-22 16:40:32.460: epoch 14:	0.02448269  	0.01690904  	0.16416149  	0.22514282  	0.10429087  	0.12129541  	0.07556280  	0.08035621  	0.10376336  	0.10863638  
2020-08-22 16:41:40.995: iteration 15 finished in 68.534559 seconds
2020-08-22 16:41:41.563: epoch 15:	0.02444238  	0.01692517  	0.16407013  	0.22531481  	0.10406978  	0.12113706  	0.07535543  	0.08014785  	0.10345302  	0.10833614  
2020-08-22 16:42:50.468: iteration 16 finished in 68.904696 seconds
2020-08-22 16:42:51.014: epoch 16:	0.02441820  	0.01692920  	0.16400295  	0.22519177  	0.10388864  	0.12095158  	0.07515939  	0.07995439  	0.10320070  	0.10805877  
2020-08-22 16:43:59.314: iteration 17 finished in 68.299641 seconds
2020-08-22 16:43:59.848: epoch 17:	0.02431339  	0.01693726  	0.16311891  	0.22524819  	0.10352176  	0.12085270  	0.07492047  	0.07980997  	0.10301722  	0.10794117  
2020-08-22 16:45:08.940: iteration 18 finished in 69.091055 seconds
2020-08-22 16:45:09.447: epoch 18:	0.02429727  	0.01687276  	0.16309339  	0.22430359  	0.10327562  	0.12036740  	0.07466225  	0.07948408  	0.10254507  	0.10741793  
2020-08-22 16:46:18.215: iteration 19 finished in 68.767528 seconds
2020-08-22 16:46:18.745: epoch 19:	0.02423277  	0.01682842  	0.16263659  	0.22366141  	0.10292997  	0.11997417  	0.07436310  	0.07917763  	0.10218378  	0.10703401  
2020-08-22 16:47:27.457: iteration 20 finished in 68.711915 seconds
2020-08-22 16:47:28.020: epoch 20:	0.02418440  	0.01679215  	0.16219321  	0.22310381  	0.10246795  	0.11949396  	0.07390887  	0.07872628  	0.10159907  	0.10645520  
2020-08-22 16:48:35.724: iteration 21 finished in 67.704778 seconds
2020-08-22 16:48:36.259: epoch 21:	0.02415216  	0.01678812  	0.16207899  	0.22283112  	0.10230459  	0.11929359  	0.07376160  	0.07856550  	0.10141500  	0.10624228  
2020-08-22 16:49:42.329: iteration 22 finished in 66.070236 seconds
2020-08-22 16:49:42.856: epoch 22:	0.02419247  	0.01678409  	0.16266075  	0.22306018  	0.10247139  	0.11932961  	0.07383116  	0.07858443  	0.10149387  	0.10625088  
2020-08-22 16:50:49.172: iteration 23 finished in 66.316541 seconds
2020-08-22 16:50:49.707: epoch 23:	0.02414410  	0.01679214  	0.16211663  	0.22314884  	0.10219850  	0.11922266  	0.07364735  	0.07844226  	0.10121309  	0.10603291  
2020-08-22 16:51:56.148: iteration 24 finished in 66.441396 seconds
2020-08-22 16:51:56.680: epoch 24:	0.02419247  	0.01671959  	0.16255596  	0.22211641  	0.10218145  	0.11881796  	0.07351679  	0.07820455  	0.10100540  	0.10572291  
2020-08-22 16:53:03.603: iteration 25 finished in 66.923123 seconds
2020-08-22 16:53:04.124: epoch 25:	0.02421665  	0.01671153  	0.16273554  	0.22210298  	0.10209920  	0.11865452  	0.07337468  	0.07802257  	0.10083316  	0.10553005  
2020-08-22 16:54:08.866: iteration 26 finished in 64.742003 seconds
2020-08-22 16:54:09.387: epoch 26:	0.02419247  	0.01669944  	0.16253401  	0.22176442  	0.10175087  	0.11827549  	0.07298410  	0.07762544  	0.10041215  	0.10509546  
2020-08-22 16:55:14.607: iteration 27 finished in 65.218672 seconds
2020-08-22 16:55:15.136: epoch 27:	0.02420859  	0.01669541  	0.16258104  	0.22161052  	0.10167109  	0.11813269  	0.07289542  	0.07750566  	0.10023759  	0.10491756  
2020-08-22 16:56:19.627: iteration 28 finished in 64.489538 seconds
2020-08-22 16:56:20.160: epoch 28:	0.02421665  	0.01671959  	0.16271539  	0.22190014  	0.10160766  	0.11809206  	0.07279987  	0.07740606  	0.10004283  	0.10470786  
2020-08-22 16:57:27.179: iteration 29 finished in 67.018749 seconds
2020-08-22 16:57:27.724: epoch 29:	0.02419247  	0.01669541  	0.16254209  	0.22153248  	0.10128117  	0.11772910  	0.07245101  	0.07705280  	0.09960803  	0.10427371  
2020-08-22 16:58:35.614: iteration 30 finished in 67.889602 seconds
2020-08-22 16:58:36.136: epoch 30:	0.02411185  	0.01669541  	0.16208526  	0.22141156  	0.10097368  	0.11753546  	0.07220088  	0.07683152  	0.09938121  	0.10410182  
2020-08-22 16:59:44.531: iteration 31 finished in 68.394051 seconds
2020-08-22 16:59:45.057: epoch 31:	0.02412797  	0.01668332  	0.16235399  	0.22120668  	0.10091784  	0.11735632  	0.07207364  	0.07667016  	0.09920882  	0.10388525  
2020-08-22 17:00:52.339: iteration 32 finished in 67.282809 seconds
2020-08-22 17:00:52.929: epoch 32:	0.02411991  	0.01665107  	0.16222633  	0.22086406  	0.10081795  	0.11718594  	0.07198345  	0.07655939  	0.09912084  	0.10377643  
2020-08-22 17:02:01.062: iteration 33 finished in 68.132507 seconds
2020-08-22 17:02:01.593: epoch 33:	0.02408766  	0.01664301  	0.16191731  	0.22079688  	0.10072155  	0.11716010  	0.07194275  	0.07654871  	0.09912874  	0.10380124  
2020-08-22 17:03:09.762: iteration 34 finished in 68.169770 seconds
2020-08-22 17:03:10.293: epoch 34:	0.02411991  	0.01663898  	0.16215244  	0.22070955  	0.10075442  	0.11708990  	0.07193989  	0.07650667  	0.09904850  	0.10368259  
2020-08-22 17:04:19.941: iteration 35 finished in 69.647804 seconds
2020-08-22 17:04:20.470: epoch 35:	0.02403123  	0.01661883  	0.16148739  	0.22031993  	0.10042433  	0.11685786  	0.07171618  	0.07632365  	0.09877583  	0.10344637  
2020-08-22 17:05:27.300: iteration 36 finished in 66.829717 seconds
2020-08-22 17:05:27.831: epoch 36:	0.02403929  	0.01661076  	0.16164190  	0.22017212  	0.10046455  	0.11682110  	0.07172354  	0.07631847  	0.09884390  	0.10346562  
2020-08-22 17:06:33.630: iteration 37 finished in 65.799129 seconds
2020-08-22 17:06:34.137: epoch 37:	0.02396674  	0.01661882  	0.16113135  	0.22028902  	0.10026326  	0.11680077  	0.07162419  	0.07626786  	0.09869012  	0.10338601  
2020-08-22 17:07:38.795: iteration 38 finished in 64.658382 seconds
2020-08-22 17:07:39.324: epoch 38:	0.02391837  	0.01659464  	0.16071485  	0.21997596  	0.10013494  	0.11670053  	0.07158133  	0.07623612  	0.09863189  	0.10334379  
2020-08-22 17:08:45.137: iteration 39 finished in 65.812674 seconds
2020-08-22 17:08:45.665: epoch 39:	0.02388612  	0.01658658  	0.16060515  	0.21972738  	0.10009440  	0.11664942  	0.07156992  	0.07622949  	0.09862897  	0.10334640  
2020-08-22 17:09:50.464: iteration 40 finished in 64.798338 seconds
2020-08-22 17:09:50.991: epoch 40:	0.02386194  	0.01659867  	0.16036330  	0.21986178  	0.10001293  	0.11666317  	0.07154354  	0.07623001  	0.09854939  	0.10328550  
2020-08-22 17:10:57.634: iteration 41 finished in 66.643828 seconds
2020-08-22 17:10:58.164: epoch 41:	0.02387000  	0.01661479  	0.16053796  	0.22015734  	0.10005361  	0.11672226  	0.07156863  	0.07624829  	0.09852252  	0.10326093  
2020-08-22 17:12:03.902: iteration 42 finished in 65.738395 seconds
2020-08-22 17:12:04.427: epoch 42:	0.02388612  	0.01660673  	0.16064544  	0.22011703  	0.10001249  	0.11662237  	0.07149413  	0.07615331  	0.09842870  	0.10313036  
2020-08-22 17:13:11.264: iteration 43 finished in 66.837198 seconds
2020-08-22 17:13:11.793: epoch 43:	0.02387806  	0.01659061  	0.16040629  	0.21987252  	0.09993706  	0.11654363  	0.07147034  	0.07613049  	0.09834474  	0.10305331  
2020-08-22 17:14:16.218: iteration 44 finished in 64.425505 seconds
2020-08-22 17:14:16.747: epoch 44:	0.02387806  	0.01657045  	0.16033912  	0.21950977  	0.09986246  	0.11639330  	0.07139640  	0.07603942  	0.09824515  	0.10292758  
2020-08-22 17:15:23.316: iteration 45 finished in 66.568675 seconds
2020-08-22 17:15:23.846: epoch 45:	0.02383775  	0.01654627  	0.15999651  	0.21914433  	0.09979286  	0.11632895  	0.07141511  	0.07606666  	0.09822948  	0.10291708  
2020-08-22 17:16:30.097: iteration 46 finished in 66.251161 seconds
2020-08-22 17:16:30.623: epoch 46:	0.02381357  	0.01654224  	0.15975468  	0.21900594  	0.09980769  	0.11637863  	0.07150754  	0.07617273  	0.09832308  	0.10302525  
2020-08-22 17:17:37.200: iteration 47 finished in 66.576030 seconds
2020-08-22 17:17:37.725: epoch 47:	0.02378939  	0.01654224  	0.15965390  	0.21916044  	0.09979398  	0.11642559  	0.07153592  	0.07621496  	0.09832286  	0.10304194  
2020-08-22 17:18:44.832: iteration 48 finished in 67.107436 seconds
2020-08-22 17:18:45.365: epoch 48:	0.02380551  	0.01650596  	0.15966958  	0.21866065  	0.09988236  	0.11637733  	0.07162874  	0.07628083  	0.09845543  	0.10312928  
2020-08-22 17:19:52.471: iteration 49 finished in 67.106767 seconds
2020-08-22 17:19:53.003: epoch 49:	0.02377326  	0.01650999  	0.15946805  	0.21870096  	0.09984888  	0.11641478  	0.07165334  	0.07632203  	0.09848047  	0.10318439  
2020-08-22 17:20:59.406: iteration 50 finished in 66.401699 seconds
2020-08-22 17:20:59.927: epoch 50:	0.02379745  	0.01650999  	0.15958896  	0.21872109  	0.09984460  	0.11637148  	0.07161703  	0.07626241  	0.09843488  	0.10314024  
