2021-11-07 02:38:45.439: Dataset name: u1
The number of users: 6448
The number of items: 6448
The number of ratings: 102558
Average actions of users: 15.91
Average actions of items: 15.91
The sparsity of the dataset: 99.753328%
2021-11-07 02:38:45.439: 

NeuRec hyperparameters:
recommender=WRMF
config_dir=./conf
gpu_id=0
gpu_mem=0.5
data.input.path=D:\hsyoo\Workingon_210628/_Data/wiki-vote/5-noniid-in/u1/
data.input.dataset=u1
data.output.path=D:\hsyoo\Workingon_210628/_Emb/wiki-vote/5-noniid-in/wrmf/u1_wrmf_directed_dim16_uniform_send.emb
data.column.format=UI
data.convert.separator='\t'
user_min=0
item_min=0
splitter=given
ratio=0.8
by_time=False
metric=["Precision", "Recall", "NDCG", "MAP", "MRR"]
topk=[10, 20]
group_view=None
rec.evaluate.neg=0
test_batch_size=128
num_thread=8
data.index.remap=False

WRMF's hyperparameters:
epochs=50
embedding_size=16
reg_mf=0.1
alpha=10
init_method=uniform
stddev=0.01
verbose=1
weight=uniform

2021-11-07 02:43:36.409: metrics:	Precision@10	Precision@20	Recall@10   	Recall@20   	NDCG@10     	NDCG@20     	MAP@10      	MAP@20      	MRR@10      	MRR@20      
2021-11-07 02:43:54.652: iteration 1 finished in 18.164845 seconds
2021-11-07 02:43:54.808: epoch 1:	0.01607277  	0.01533353  	0.01735444  	0.03510112  	0.02125422  	0.02619683  	0.00980031  	0.00984122  	0.04260534  	0.04687673  
2021-11-07 02:44:11.671: iteration 2 finished in 16.862771 seconds
2021-11-07 02:44:11.811: epoch 2:	0.03836219  	0.03582274  	0.05830014  	0.10792786  	0.05409490  	0.06918844  	0.02644934  	0.02851003  	0.08968376  	0.09738223  
2021-11-07 02:44:37.811: iteration 3 finished in 26.000316 seconds
2021-11-07 02:44:42.604: epoch 3:	0.04253199  	0.03944295  	0.06709397  	0.12081538  	0.06063142  	0.07695031  	0.02983704  	0.03213210  	0.09731984  	0.10556279  
2021-11-07 02:45:07.442: iteration 4 finished in 24.837837 seconds
2021-11-07 02:45:08.880: epoch 4:	0.04408618  	0.04058021  	0.07357987  	0.12524033  	0.06548326  	0.08125480  	0.03307229  	0.03519125  	0.10461378  	0.11251292  
2021-11-07 02:45:25.641: iteration 5 finished in 16.761065 seconds
2021-11-07 02:45:28.984: epoch 5:	0.04488223  	0.04149001  	0.07603832  	0.12885672  	0.06695603  	0.08299694  	0.03399253  	0.03606972  	0.10487007  	0.11271700  
2021-11-07 02:45:45.704: iteration 6 finished in 16.720326 seconds
2021-11-07 02:45:47.172: epoch 6:	0.04465479  	0.04196385  	0.07471015  	0.13163219  	0.06690539  	0.08425304  	0.03418662  	0.03668870  	0.10582590  	0.11410470  
2021-11-07 02:46:03.830: iteration 7 finished in 16.657352 seconds
2021-11-07 02:46:03.970: epoch 7:	0.04518551  	0.04185012  	0.07420336  	0.13175364  	0.06724965  	0.08439182  	0.03449182  	0.03694805  	0.10638487  	0.11445122  
2021-11-07 02:46:25.915: iteration 8 finished in 21.944690 seconds
2021-11-07 02:46:36.134: epoch 8:	0.04526132  	0.04217236  	0.07308421  	0.13333596  	0.06723845  	0.08502509  	0.03481068  	0.03725257  	0.10653607  	0.11505216  
2021-11-07 02:46:57.651: iteration 9 finished in 21.516350 seconds
2021-11-07 02:46:58.432: epoch 9:	0.04556458  	0.04207757  	0.07435956  	0.13123471  	0.06667521  	0.08351258  	0.03384389  	0.03598641  	0.10466433  	0.11306478  
2021-11-07 02:47:15.184: iteration 10 finished in 16.752538 seconds
2021-11-07 02:47:16.356: epoch 10:	0.04495806  	0.04203966  	0.07343209  	0.13199490  	0.06594325  	0.08337785  	0.03331156  	0.03563843  	0.10464126  	0.11319259  
2021-11-07 02:47:33.154: iteration 11 finished in 16.798326 seconds
2021-11-07 02:47:33.748: epoch 11:	0.04476853  	0.04215338  	0.07133482  	0.13166186  	0.06549434  	0.08348526  	0.03318778  	0.03568611  	0.10488161  	0.11364206  
2021-11-07 02:47:50.680: iteration 12 finished in 16.932249 seconds
2021-11-07 02:47:51.805: epoch 12:	0.04510969  	0.04224816  	0.07228301  	0.13241953  	0.06576939  	0.08362318  	0.03322067  	0.03570399  	0.10475077  	0.11336531  
2021-11-07 02:48:17.314: iteration 13 finished in 25.508940 seconds
2021-11-07 02:48:24.613: epoch 13:	0.04480643  	0.04205862  	0.07191005  	0.13015835  	0.06533921  	0.08286516  	0.03287321  	0.03535598  	0.10400163  	0.11267098  
2021-11-07 02:48:45.294: iteration 14 finished in 20.680481 seconds
2021-11-07 02:48:49.951: epoch 14:	0.04503387  	0.04245666  	0.07270064  	0.13076618  	0.06585042  	0.08334929  	0.03316617  	0.03556147  	0.10499296  	0.11358609  
2021-11-07 02:49:05.702: iteration 15 finished in 15.751057 seconds
2021-11-07 02:49:07.420: epoch 15:	0.04503387  	0.04232400  	0.07274909  	0.13044848  	0.06580640  	0.08314037  	0.03316927  	0.03545740  	0.10459688  	0.11330220  
2021-11-07 02:49:26.047: iteration 16 finished in 18.627258 seconds
2021-11-07 02:49:26.610: epoch 16:	0.04526132  	0.04234294  	0.07251952  	0.13068937  	0.06564937  	0.08300442  	0.03299983  	0.03518486  	0.10398794  	0.11266876  
2021-11-07 02:49:44.204: iteration 17 finished in 17.594533 seconds
2021-11-07 02:49:52.938: epoch 17:	0.04499597  	0.04239980  	0.07175432  	0.13117251  	0.06527531  	0.08305576  	0.03284933  	0.03518115  	0.10390308  	0.11270387  
2021-11-07 02:50:17.829: iteration 18 finished in 24.890488 seconds
2021-11-07 02:50:26.410: epoch 18:	0.04514760  	0.04224817  	0.07150485  	0.12992899  	0.06526256  	0.08262274  	0.03279197  	0.03499221  	0.10410707  	0.11273786  
2021-11-07 02:50:43.629: iteration 19 finished in 17.218529 seconds
2021-11-07 02:50:43.738: epoch 19:	0.04495806  	0.04238084  	0.07162164  	0.12975912  	0.06544496  	0.08295032  	0.03303165  	0.03535742  	0.10428305  	0.11294246  
2021-11-07 02:51:02.988: iteration 20 finished in 19.250451 seconds
2021-11-07 02:51:04.230: epoch 20:	0.04514759  	0.04222921  	0.07136196  	0.13029861  	0.06562778  	0.08313432  	0.03319338  	0.03546944  	0.10474805  	0.11325174  
2021-11-07 02:51:20.216: iteration 21 finished in 15.986218 seconds
2021-11-07 02:51:21.638: epoch 21:	0.04514760  	0.04221025  	0.07176914  	0.13115583  	0.06586760  	0.08343238  	0.03333913  	0.03565059  	0.10523759  	0.11364512  
2021-11-07 02:51:41.655: iteration 22 finished in 20.017471 seconds
2021-11-07 02:51:45.969: epoch 22:	0.04526132  	0.04230503  	0.07100761  	0.13174398  	0.06598692  	0.08383457  	0.03363134  	0.03596804  	0.10574542  	0.11426871  
2021-11-07 02:52:12.893: iteration 23 finished in 26.923653 seconds
2021-11-07 02:52:14.970: epoch 23:	0.04541296  	0.04245666  	0.07087082  	0.13086191  	0.06597088  	0.08363580  	0.03358251  	0.03588038  	0.10557801  	0.11401378  
2021-11-07 02:52:34.518: iteration 24 finished in 19.547840 seconds
2021-11-07 02:52:37.408: epoch 24:	0.04567830  	0.04238084  	0.07136505  	0.13073875  	0.06623273  	0.08354322  	0.03365230  	0.03584351  	0.10595751  	0.11411153  
2021-11-07 02:52:54.502: iteration 25 finished in 17.093799 seconds
2021-11-07 02:52:55.049: epoch 25:	0.04560249  	0.04243770  	0.07129344  	0.13097659  	0.06623298  	0.08372082  	0.03378004  	0.03597952  	0.10568267  	0.11404286  
2021-11-07 02:53:11.985: iteration 26 finished in 16.936603 seconds
2021-11-07 02:53:13.469: epoch 26:	0.04560249  	0.04257037  	0.07151612  	0.13087152  	0.06620844  	0.08372206  	0.03372460  	0.03594121  	0.10571369  	0.11409637  
2021-11-07 02:53:30.436: iteration 27 finished in 16.967238 seconds
2021-11-07 02:53:39.610: epoch 27:	0.04548876  	0.04236188  	0.07179851  	0.13054553  	0.06622822  	0.08359624  	0.03375069  	0.03596198  	0.10553018  	0.11393993  
2021-11-07 02:54:05.830: iteration 28 finished in 26.220127 seconds
2021-11-07 02:54:08.720: epoch 28:	0.04545086  	0.04247561  	0.07127901  	0.13166989  	0.06591474  	0.08374224  	0.03353839  	0.03587443  	0.10508067  	0.11371818  
2021-11-07 02:54:28.546: iteration 29 finished in 19.825881 seconds
2021-11-07 02:54:29.999: epoch 29:	0.04567830  	0.04243770  	0.07144770  	0.13211858  	0.06600873  	0.08379363  	0.03355289  	0.03589179  	0.10483334  	0.11346469  
2021-11-07 02:54:47.499: iteration 30 finished in 17.499863 seconds
2021-11-07 02:54:47.639: epoch 30:	0.04571621  	0.04238084  	0.07179739  	0.13115938  	0.06635216  	0.08376562  	0.03380549  	0.03600435  	0.10577063  	0.11426163  
2021-11-07 02:55:04.375: iteration 31 finished in 16.735612 seconds
2021-11-07 02:55:04.609: epoch 31:	0.04617111  	0.04239980  	0.07239132  	0.13119957  	0.06689814  	0.08394867  	0.03413505  	0.03622779  	0.10633069  	0.11456573  
2021-11-07 02:55:21.923: iteration 32 finished in 17.313320 seconds
2021-11-07 02:55:22.969: epoch 32:	0.04617110  	0.04255142  	0.07208438  	0.13180460  	0.06696863  	0.08427832  	0.03430361  	0.03643079  	0.10674093  	0.11508618  
2021-11-07 02:55:47.829: iteration 33 finished in 24.859579 seconds
2021-11-07 02:55:52.867: epoch 33:	0.04617110  	0.04264618  	0.07205561  	0.13159558  	0.06702776  	0.08435293  	0.03437586  	0.03652728  	0.10705288  	0.11531144  
2021-11-07 02:56:15.401: iteration 34 finished in 22.533243 seconds
2021-11-07 02:56:20.276: epoch 34:	0.04582993  	0.04266514  	0.07153977  	0.13140865  	0.06651884  	0.08412576  	0.03402989  	0.03631967  	0.10641252  	0.11476591  
2021-11-07 02:56:37.465: iteration 35 finished in 17.189197 seconds
2021-11-07 02:56:39.277: epoch 35:	0.04564040  	0.04260827  	0.07092367  	0.13157496  	0.06633332  	0.08417564  	0.03403178  	0.03634638  	0.10657544  	0.11507789  
2021-11-07 02:56:57.219: iteration 36 finished in 17.941235 seconds
2021-11-07 02:56:58.796: epoch 36:	0.04556458  	0.04262722  	0.07084292  	0.13184041  	0.06627513  	0.08419015  	0.03402039  	0.03631468  	0.10638349  	0.11496550  
2021-11-07 02:57:15.954: iteration 37 finished in 17.064404 seconds
2021-11-07 02:57:28.420: epoch 37:	0.04564040  	0.04262722  	0.07130313  	0.13216001  	0.06646060  	0.08432464  	0.03410941  	0.03634900  	0.10658597  	0.11516926  
2021-11-07 02:57:53.753: iteration 38 finished in 25.332497 seconds
2021-11-07 02:58:02.192: epoch 38:	0.04564039  	0.04260827  	0.07175518  	0.13256150  	0.06661060  	0.08445086  	0.03414760  	0.03637476  	0.10711144  	0.11559802  
2021-11-07 02:58:20.069: iteration 39 finished in 17.877509 seconds
2021-11-07 02:58:21.303: epoch 39:	0.04556458  	0.04272199  	0.07150774  	0.13339320  	0.06659357  	0.08479004  	0.03423265  	0.03656059  	0.10699347  	0.11568052  
2021-11-07 02:58:42.491: iteration 40 finished in 21.188086 seconds
2021-11-07 02:58:42.663: epoch 40:	0.04526133  	0.04272200  	0.07096577  	0.13384549  	0.06633277  	0.08492454  	0.03419457  	0.03664626  	0.10664298  	0.11553881  
2021-11-07 02:59:03.119: iteration 41 finished in 20.455474 seconds
2021-11-07 02:59:06.041: epoch 41:	0.04560249  	0.04275991  	0.07166217  	0.13450855  	0.06678311  	0.08520561  	0.03444023  	0.03684588  	0.10692836  	0.11565764  
2021-11-07 02:59:29.875: iteration 42 finished in 23.833618 seconds
2021-11-07 02:59:33.296: epoch 42:	0.04556458  	0.04275991  	0.07125765  	0.13489743  	0.06677967  	0.08540744  	0.03452588  	0.03702645  	0.10695905  	0.11570032  
2021-11-07 03:00:01.294: iteration 43 finished in 27.919432 seconds
2021-11-07 03:00:02.075: epoch 43:	0.04560249  	0.04274096  	0.07094345  	0.13499035  	0.06668012  	0.08536121  	0.03444451  	0.03691680  	0.10685150  	0.11569367  
2021-11-07 03:00:18.950: iteration 44 finished in 16.874823 seconds
2021-11-07 03:00:19.106: epoch 44:	0.04552667  	0.04270305  	0.07106320  	0.13483475  	0.06665793  	0.08528169  	0.03438174  	0.03686449  	0.10712197  	0.11582683  
2021-11-07 03:00:36.030: iteration 45 finished in 16.924291 seconds
2021-11-07 03:00:36.186: epoch 45:	0.04571621  	0.04277886  	0.07129745  	0.13491051  	0.06689230  	0.08540715  	0.03446744  	0.03689736  	0.10770984  	0.11632102  
2021-11-07 03:00:52.750: iteration 46 finished in 16.564133 seconds
2021-11-07 03:00:54.063: epoch 46:	0.04575412  	0.04260828  	0.07155003  	0.13421230  	0.06707316  	0.08526862  	0.03456073  	0.03691538  	0.10807703  	0.11659287  
2021-11-07 03:01:18.991: iteration 47 finished in 24.928077 seconds
2021-11-07 03:01:23.117: epoch 47:	0.04582993  	0.04260828  	0.07161240  	0.13401958  	0.06721823  	0.08528084  	0.03466665  	0.03698513  	0.10840750  	0.11687686  
2021-11-07 03:01:46.923: iteration 48 finished in 23.805953 seconds
2021-11-07 03:01:54.658: epoch 48:	0.04564039  	0.04264619  	0.07138382  	0.13421880  	0.06693282  	0.08519105  	0.03438235  	0.03680135  	0.10826400  	0.11682104  
2021-11-07 03:02:11.538: iteration 49 finished in 16.879765 seconds
2021-11-07 03:02:13.116: epoch 49:	0.04575412  	0.04270305  	0.07167872  	0.13411868  	0.06706774  	0.08518621  	0.03442284  	0.03680846  	0.10840525  	0.11682273  
2021-11-07 03:02:29.697: iteration 50 finished in 16.581427 seconds
2021-11-07 03:02:31.558: epoch 50:	0.04571621  	0.04262723  	0.07164709  	0.13385379  	0.06701742  	0.08507162  	0.03440652  	0.03678437  	0.10832208  	0.11667880  
