2021-12-14 23:55:33.548: Dataset name: u1
The number of users: 4485
The number of items: 4485
The number of ratings: 39973
Average actions of users: 8.91
Average actions of items: 8.91
The sparsity of the dataset: 99.801280%
2021-12-14 23:55:33.549: 

NeuRec hyperparameters:
recommender=WRMF
config_dir=./conf
gpu_id=0
gpu_mem=0.5
data.input.path=D:\hsyoo\Workingon_210628/_Data/ciaodvd/noniid-in-barrier/u1/
data.input.dataset=u1
data.output.path=D:\hsyoo\Workingon_210628/_Emb/ciaodvd/noniid-in-barrier/wrmf/u1_wrmf_directed_dim16_uniform_send.emb
data.column.format=UI
data.convert.separator='\t'
user_min=0
item_min=0
splitter=given
ratio=0.8
by_time=False
metric=["Precision", "Recall", "NDCG", "MAP", "MRR"]
topk=[10, 20]
group_view=None
rec.evaluate.neg=0
test_batch_size=128
num_thread=8
data.index.remap=False

WRMF's hyperparameters:
epochs=50
embedding_size=16
reg_mf=0.1
alpha=10
init_method=uniform
stddev=0.01
verbose=1
weight=uniform

2021-12-14 23:56:25.369: metrics:	Precision@10	Precision@20	Recall@10   	Recall@20   	NDCG@10     	NDCG@20     	MAP@10      	MAP@20      	MRR@10      	MRR@20      
2021-12-14 23:56:28.876: iteration 1 finished in 3.505624 seconds
2021-12-14 23:56:28.914: epoch 1:	0.01245212  	0.01096745  	0.01634594  	0.02925038  	0.01635843  	0.02032977  	0.00634293  	0.00648085  	0.03864562  	0.04313581  
2021-12-14 23:56:31.696: iteration 2 finished in 2.782558 seconds
2021-12-14 23:56:31.723: epoch 2:	0.02911883  	0.02370685  	0.03995025  	0.06386279  	0.04147533  	0.04803470  	0.01885915  	0.01887895  	0.08866312  	0.09509849  
2021-12-14 23:56:34.511: iteration 3 finished in 2.787545 seconds
2021-12-14 23:56:34.537: epoch 3:	0.03275865  	0.02662829  	0.04148880  	0.06994453  	0.04535594  	0.05289395  	0.02006115  	0.02029470  	0.09979857  	0.10610797  
2021-12-14 23:56:37.330: iteration 4 finished in 2.793529 seconds
2021-12-14 23:56:37.357: epoch 4:	0.03333336  	0.02844821  	0.04260083  	0.06964887  	0.04632244  	0.05416453  	0.02004658  	0.02004335  	0.10435748  	0.11136192  
2021-12-14 23:56:40.137: iteration 5 finished in 2.779566 seconds
2021-12-14 23:56:40.164: epoch 5:	0.03448277  	0.03012444  	0.04335638  	0.07570560  	0.04646423  	0.05578968  	0.01979700  	0.01996873  	0.10229393  	0.10950557  
2021-12-14 23:56:42.948: iteration 6 finished in 2.784554 seconds
2021-12-14 23:56:42.973: epoch 6:	0.03390806  	0.03041180  	0.04242649  	0.07716919  	0.04591984  	0.05621874  	0.01963967  	0.02002418  	0.10182067  	0.10985688  
2021-12-14 23:56:45.758: iteration 7 finished in 2.784552 seconds
2021-12-14 23:56:45.783: epoch 7:	0.03352493  	0.03074704  	0.04127564  	0.07808208  	0.04568167  	0.05683476  	0.01981134  	0.02040469  	0.10171806  	0.10992767  
2021-12-14 23:56:48.585: iteration 8 finished in 2.802505 seconds
2021-12-14 23:56:48.613: epoch 8:	0.03477012  	0.03074705  	0.04278928  	0.07630879  	0.04634416  	0.05622152  	0.01986045  	0.02021712  	0.10074806  	0.10793342  
2021-12-14 23:56:51.390: iteration 9 finished in 2.776574 seconds
2021-12-14 23:56:51.418: epoch 9:	0.03419542  	0.03108229  	0.04208075  	0.07848607  	0.04561700  	0.05668638  	0.01938400  	0.02006839  	0.10036910  	0.10803989  
2021-12-14 23:56:54.205: iteration 10 finished in 2.787546 seconds
2021-12-14 23:56:54.232: epoch 10:	0.03467434  	0.03127386  	0.04206492  	0.08024675  	0.04573718  	0.05722362  	0.01960434  	0.02046671  	0.09863546  	0.10616498  
2021-12-14 23:56:57.041: iteration 11 finished in 2.808490 seconds
2021-12-14 23:56:57.070: epoch 11:	0.03505747  	0.03132176  	0.04373601  	0.08045772  	0.04679005  	0.05774580  	0.02012836  	0.02068769  	0.10066861  	0.10871992  
2021-12-14 23:56:59.853: iteration 12 finished in 2.783558 seconds
2021-12-14 23:56:59.879: epoch 12:	0.03486591  	0.03151332  	0.04299947  	0.08068270  	0.04628015  	0.05776567  	0.01990375  	0.02068145  	0.09911286  	0.10738479  
2021-12-14 23:57:02.664: iteration 13 finished in 2.784554 seconds
2021-12-14 23:57:02.690: epoch 13:	0.03515325  	0.03199225  	0.04377397  	0.07959949  	0.04665738  	0.05792734  	0.01991655  	0.02068940  	0.09987991  	0.10823541  
2021-12-14 23:57:05.468: iteration 14 finished in 2.778569 seconds
2021-12-14 23:57:05.495: epoch 14:	0.03591953  	0.03175279  	0.04489306  	0.07907323  	0.04732610  	0.05770837  	0.02003509  	0.02061266  	0.10103390  	0.10873689  
2021-12-14 23:57:08.270: iteration 15 finished in 2.773583 seconds
2021-12-14 23:57:08.295: epoch 15:	0.03639846  	0.03218383  	0.04556612  	0.07984013  	0.04779917  	0.05816913  	0.02019349  	0.02074283  	0.10152954  	0.10900815  
2021-12-14 23:57:11.077: iteration 16 finished in 2.781543 seconds
2021-12-14 23:57:11.108: epoch 16:	0.03611111  	0.03261486  	0.04502694  	0.08091460  	0.04788752  	0.05896323  	0.02040726  	0.02110038  	0.10286941  	0.11074932  
2021-12-14 23:57:13.873: iteration 17 finished in 2.764974 seconds
2021-12-14 23:57:13.905: epoch 17:	0.03659003  	0.03256696  	0.04610922  	0.08085857  	0.04843701  	0.05908124  	0.02058072  	0.02121818  	0.10317158  	0.11075152  
2021-12-14 23:57:16.687: iteration 18 finished in 2.782734 seconds
2021-12-14 23:57:16.719: epoch 18:	0.03668581  	0.03280643  	0.04649583  	0.08287358  	0.04864866  	0.05975768  	0.02075694  	0.02139573  	0.10330193  	0.11124410  
2021-12-14 23:57:19.486: iteration 19 finished in 2.767162 seconds
2021-12-14 23:57:19.501: epoch 19:	0.03678160  	0.03213593  	0.04659246  	0.08196194  	0.04871283  	0.05922410  	0.02078513  	0.02126978  	0.10339738  	0.11117436  
2021-12-14 23:57:22.314: iteration 20 finished in 2.812420 seconds
2021-12-14 23:57:22.343: epoch 20:	0.03678160  	0.03189646  	0.04604975  	0.08173431  	0.04899279  	0.05943306  	0.02109062  	0.02159037  	0.10482350  	0.11232021  
2021-12-14 23:57:25.135: iteration 21 finished in 2.791534 seconds
2021-12-14 23:57:25.163: epoch 21:	0.03668582  	0.03223171  	0.04604191  	0.08225559  	0.04855344  	0.05936443  	0.02076310  	0.02133190  	0.10314764  	0.11108054  
2021-12-14 23:57:27.960: iteration 22 finished in 2.796522 seconds
2021-12-14 23:57:27.987: epoch 22:	0.03678160  	0.03204014  	0.04621581  	0.08085384  	0.04869631  	0.05895185  	0.02081189  	0.02123745  	0.10362013  	0.11124768  
2021-12-14 23:57:30.770: iteration 23 finished in 2.782559 seconds
2021-12-14 23:57:30.799: epoch 23:	0.03668582  	0.03204014  	0.04622683  	0.08046963  	0.04863166  	0.05889890  	0.02074554  	0.02125997  	0.10349355  	0.11112233  
2021-12-14 23:57:33.616: iteration 24 finished in 2.816468 seconds
2021-12-14 23:57:33.642: epoch 24:	0.03726053  	0.03213593  	0.04725586  	0.08049905  	0.04909697  	0.05889989  	0.02086799  	0.02124018  	0.10338333  	0.11071350  
2021-12-14 23:57:36.431: iteration 25 finished in 2.788542 seconds
2021-12-14 23:57:36.456: epoch 25:	0.03678160  	0.03237539  	0.04687079  	0.08158234  	0.04886095  	0.05932620  	0.02083643  	0.02136096  	0.10375430  	0.11117254  
2021-12-14 23:57:39.251: iteration 26 finished in 2.794525 seconds
2021-12-14 23:57:39.279: epoch 26:	0.03706896  	0.03256696  	0.04708768  	0.08178420  	0.04952819  	0.05993390  	0.02146614  	0.02192826  	0.10510898  	0.11261919  
2021-12-14 23:57:42.085: iteration 27 finished in 2.805497 seconds
2021-12-14 23:57:42.112: epoch 27:	0.03745209  	0.03261485  	0.04772386  	0.08186164  	0.04974058  	0.05992547  	0.02151332  	0.02194015  	0.10439515  	0.11194039  
2021-12-14 23:57:44.954: iteration 28 finished in 2.842398 seconds
2021-12-14 23:57:44.978: epoch 28:	0.03764366  	0.03261485  	0.04868526  	0.08284300  	0.05022763  	0.06029732  	0.02173438  	0.02209688  	0.10538989  	0.11283123  
2021-12-14 23:57:47.806: iteration 29 finished in 2.826441 seconds
2021-12-14 23:57:47.833: epoch 29:	0.03697317  	0.03232750  	0.04713868  	0.08232351  	0.04945678  	0.05997213  	0.02147149  	0.02199311  	0.10490980  	0.11253191  
2021-12-14 23:57:50.670: iteration 30 finished in 2.837412 seconds
2021-12-14 23:57:50.696: epoch 30:	0.03697317  	0.03247118  	0.04706026  	0.08291124  	0.04943126  	0.06014972  	0.02147940  	0.02205232  	0.10465246  	0.11235633  
2021-12-14 23:57:53.515: iteration 31 finished in 2.819460 seconds
2021-12-14 23:57:53.544: epoch 31:	0.03716474  	0.03251907  	0.04731950  	0.08162152  	0.04950151  	0.05984959  	0.02147632  	0.02195886  	0.10412526  	0.11190236  
2021-12-14 23:57:56.384: iteration 32 finished in 2.839407 seconds
2021-12-14 23:57:56.410: epoch 32:	0.03716474  	0.03256696  	0.04705896  	0.08169720  	0.04930795  	0.05980978  	0.02133046  	0.02187988  	0.10377519  	0.11173268  
2021-12-14 23:57:59.226: iteration 33 finished in 2.816468 seconds
2021-12-14 23:57:59.253: epoch 33:	0.03764367  	0.03232750  	0.04783506  	0.08040996  	0.04981855  	0.05953208  	0.02154535  	0.02188951  	0.10424347  	0.11201064  
2021-12-14 23:58:02.107: iteration 34 finished in 2.853370 seconds
2021-12-14 23:58:02.133: epoch 34:	0.03745210  	0.03232750  	0.04763710  	0.08078744  	0.04949121  	0.05949102  	0.02135820  	0.02181428  	0.10326130  	0.11125227  
2021-12-14 23:58:04.948: iteration 35 finished in 2.813476 seconds
2021-12-14 23:58:04.973: epoch 35:	0.03783523  	0.03242329  	0.04792957  	0.08087169  	0.04973631  	0.05955707  	0.02133731  	0.02180663  	0.10370259  	0.11129874  
2021-12-14 23:58:07.807: iteration 36 finished in 2.834421 seconds
2021-12-14 23:58:07.834: epoch 36:	0.03783523  	0.03261486  	0.04810052  	0.08137850  	0.04970016  	0.05969702  	0.02126760  	0.02175122  	0.10350114  	0.11127433  
2021-12-14 23:58:10.647: iteration 37 finished in 2.812479 seconds
2021-12-14 23:58:10.671: epoch 37:	0.03783523  	0.03256696  	0.04821841  	0.08071588  	0.04985140  	0.05962685  	0.02136539  	0.02181288  	0.10409181  	0.11174425  
2021-12-14 23:58:13.501: iteration 38 finished in 2.829973 seconds
2021-12-14 23:58:13.533: epoch 38:	0.03773945  	0.03280643  	0.04753282  	0.08106878  	0.04957889  	0.05980917  	0.02129400  	0.02185937  	0.10374819  	0.11159006  
2021-12-14 23:58:16.329: iteration 39 finished in 2.796216 seconds
2021-12-14 23:58:16.360: epoch 39:	0.03812259  	0.03285432  	0.04786690  	0.08201730  	0.04983066  	0.06003380  	0.02132744  	0.02190781  	0.10417087  	0.11188404  
2021-12-14 23:58:19.206: iteration 40 finished in 2.845478 seconds
2021-12-14 23:58:19.237: epoch 40:	0.03831416  	0.03285432  	0.04775315  	0.08196316  	0.04994465  	0.06009722  	0.02139636  	0.02196636  	0.10434610  	0.11195754  
2021-12-14 23:58:22.067: iteration 41 finished in 2.829705 seconds
2021-12-14 23:58:22.094: epoch 41:	0.03812259  	0.03261485  	0.04762012  	0.08124130  	0.04972992  	0.05974777  	0.02131410  	0.02187857  	0.10368092  	0.11122541  
2021-12-14 23:58:24.940: iteration 42 finished in 2.844393 seconds
2021-12-14 23:58:24.967: epoch 42:	0.03764367  	0.03271064  	0.04785899  	0.08150627  	0.04954091  	0.05984585  	0.02142725  	0.02198795  	0.10259953  	0.11048794  
2021-12-14 23:58:27.813: iteration 43 finished in 2.845390 seconds
2021-12-14 23:58:27.839: epoch 43:	0.03821837  	0.03251906  	0.04857403  	0.08123101  	0.05006971  	0.05973914  	0.02160133  	0.02197703  	0.10326470  	0.11098918  
2021-12-14 23:58:30.687: iteration 44 finished in 2.847385 seconds
2021-12-14 23:58:30.714: epoch 44:	0.03812259  	0.03251906  	0.04845430  	0.08114861  	0.04992667  	0.05965558  	0.02153902  	0.02193378  	0.10290854  	0.11073563  
2021-12-14 23:58:33.562: iteration 45 finished in 2.847385 seconds
2021-12-14 23:58:33.589: epoch 45:	0.03821837  	0.03256696  	0.04877518  	0.08074608  	0.05001599  	0.05956287  	0.02156759  	0.02195991  	0.10261169  	0.11021694  
2021-12-14 23:58:36.438: iteration 46 finished in 2.849380 seconds
2021-12-14 23:58:36.463: epoch 46:	0.03821837  	0.03251906  	0.04886779  	0.08061206  	0.05002222  	0.05950433  	0.02159380  	0.02195880  	0.10243493  	0.11000974  
2021-12-14 23:58:39.312: iteration 47 finished in 2.849380 seconds
2021-12-14 23:58:39.338: epoch 47:	0.03812259  	0.03247118  	0.04881990  	0.08061181  	0.04993546  	0.05946669  	0.02156633  	0.02193542  	0.10225819  	0.10981163  
2021-12-14 23:58:42.166: iteration 48 finished in 2.827438 seconds
2021-12-14 23:58:42.192: epoch 48:	0.03821837  	0.03247118  	0.04896888  	0.08071377  	0.05033465  	0.05975991  	0.02191140  	0.02221387  	0.10327000  	0.11077367  
2021-12-14 23:58:45.036: iteration 49 finished in 2.844393 seconds
2021-12-14 23:58:45.062: epoch 49:	0.03812258  	0.03251906  	0.04901846  	0.08167006  	0.05020415  	0.05992343  	0.02184890  	0.02223326  	0.10284392  	0.11047284  
2021-12-14 23:58:47.897: iteration 50 finished in 2.835417 seconds
2021-12-14 23:58:47.924: epoch 50:	0.03783523  	0.03261485  	0.04882688  	0.08182438  	0.04996588  	0.05995435  	0.02174855  	0.02223872  	0.10236993  	0.11004730  
