2020-11-11 20:19:43.830: Dataset name: u1
The number of users: 6627
The number of items: 6627
The number of ratings: 103224
Average actions of users: 15.58
Average actions of items: 15.58
The sparsity of the dataset: 99.764957%
2020-11-11 20:19:43.830: 

NeuRec hyperparameters:
recommender=WRMF
config_dir=./conf
gpu_id=0
gpu_mem=0.5
data.input.path=C:\Users\HyunsikYoo\Desktop\VNE_directed_networks/_Data/wiki-vote/5-fold/u1/
data.input.dataset=u1
data.output.path=C:\Users\HyunsikYoo\Desktop\VNE_directed_networks/_Emb/wiki-vote/5-fold/wrmf/u1_wrmf_directed_dim128.emb
data.column.format=UI
data.convert.separator='\t'
user_min=0
item_min=0
splitter=given
ratio=0.8
by_time=False
metric=["Precision", "Recall", "NDCG", "MAP", "MRR"]
topk=[10, 20]
group_view=None
rec.evaluate.neg=0
test_batch_size=128
num_thread=8
data.index.remap=False

WRMF's hyperparameters:
epochs=50
embedding_size=128
reg_mf=0.1
alpha=10
init_method=uniform
stddev=0.01
verbose=1
weight=uniform

2020-11-11 20:21:34.113: metrics:	Precision@10	Precision@20	Recall@10   	Recall@20   	NDCG@10     	NDCG@20     	MAP@10      	MAP@20      	MRR@10      	MRR@20      
2020-11-11 20:22:49.277: iteration 1 finished in 75.163962 seconds
2020-11-11 20:22:49.356: epoch 1:	0.03204458  	0.02803526  	0.04574567  	0.07856583  	0.04611662  	0.05443011  	0.02336869  	0.02329869  	0.07993029  	0.08556151  
2020-11-11 20:24:05.147: iteration 2 finished in 75.790590 seconds
2020-11-11 20:24:05.230: epoch 2:	0.07073535  	0.05662997  	0.14235437  	0.20924351  	0.12588553  	0.14336304  	0.07593863  	0.07778655  	0.18259761  	0.18944158  
2020-11-11 20:25:21.841: iteration 3 finished in 76.610614 seconds
2020-11-11 20:25:21.924: epoch 3:	0.07731696  	0.06198145  	0.16112353  	0.23818199  	0.14204895  	0.16245477  	0.08757786  	0.09036498  	0.20452730  	0.21185043  
2020-11-11 20:26:40.785: iteration 4 finished in 78.859221 seconds
2020-11-11 20:26:40.868: epoch 4:	0.08022436  	0.06369076  	0.17242691  	0.25021952  	0.14830272  	0.16868968  	0.09175943  	0.09433059  	0.20909303  	0.21635653  
2020-11-11 20:28:01.761: iteration 5 finished in 80.891228 seconds
2020-11-11 20:28:01.857: epoch 5:	0.08140650  	0.06444159  	0.17635529  	0.25365183  	0.15169944  	0.17201741  	0.09439971  	0.09711827  	0.21274956  	0.21993063  
2020-11-11 20:29:21.837: iteration 6 finished in 79.979700 seconds
2020-11-11 20:29:21.918: epoch 6:	0.08156619  	0.06456936  	0.17549396  	0.25492859  	0.15211678  	0.17289476  	0.09500886  	0.09787679  	0.21343450  	0.22062273  
2020-11-11 20:30:39.018: iteration 7 finished in 77.100423 seconds
2020-11-11 20:30:39.099: epoch 7:	0.08150229  	0.06493680  	0.17493562  	0.25649676  	0.15312575  	0.17466514  	0.09606190  	0.09919808  	0.21655913  	0.22412673  
2020-11-11 20:31:56.821: iteration 8 finished in 77.721982 seconds
2020-11-11 20:31:56.916: epoch 8:	0.08191764  	0.06522437  	0.17535247  	0.26050010  	0.15346296  	0.17571823  	0.09632267  	0.09940511  	0.21707407  	0.22480927  
2020-11-11 20:33:19.729: iteration 9 finished in 82.812960 seconds
2020-11-11 20:33:19.821: epoch 9:	0.08230104  	0.06517644  	0.17566407  	0.25932494  	0.15375267  	0.17548952  	0.09651286  	0.09940157  	0.21774969  	0.22540082  
2020-11-11 20:34:43.089: iteration 10 finished in 83.266249 seconds
2020-11-11 20:34:43.183: epoch 10:	0.08147033  	0.06517643  	0.17497909  	0.26043469  	0.15278941  	0.17537667  	0.09581742  	0.09907244  	0.21651661  	0.22437422  
2020-11-11 20:36:06.862: iteration 11 finished in 83.679081 seconds
2020-11-11 20:36:06.954: epoch 11:	0.08204547  	0.06500071  	0.17599140  	0.26131555  	0.15353288  	0.17566952  	0.09610204  	0.09915347  	0.21831894  	0.22585021  
2020-11-11 20:37:31.664: iteration 12 finished in 84.708504 seconds
2020-11-11 20:37:31.757: epoch 12:	0.08201353  	0.06509656  	0.17795335  	0.26122534  	0.15424700  	0.17599715  	0.09649561  	0.09949816  	0.21875563  	0.22595593  
2020-11-11 20:38:56.386: iteration 13 finished in 84.627908 seconds
2020-11-11 20:38:56.478: epoch 13:	0.08204546  	0.06514447  	0.17858942  	0.26211751  	0.15461376  	0.17641176  	0.09676897  	0.09974845  	0.21906249  	0.22636266  
2020-11-11 20:40:20.393: iteration 14 finished in 83.915567 seconds
2020-11-11 20:40:20.490: epoch 14:	0.08166207  	0.06530424  	0.17792973  	0.26384959  	0.15442348  	0.17705195  	0.09707196  	0.10031018  	0.21822196  	0.22580589  
2020-11-11 20:41:44.986: iteration 15 finished in 84.496095 seconds
2020-11-11 20:41:45.082: epoch 15:	0.08185377  	0.06508058  	0.17822088  	0.26168418  	0.15473853  	0.17662708  	0.09735829  	0.10035034  	0.21833047  	0.22581698  
2020-11-11 20:43:09.413: iteration 16 finished in 84.329976 seconds
2020-11-11 20:43:09.503: epoch 16:	0.08159819  	0.06524032  	0.17838186  	0.26195747  	0.15468082  	0.17681170  	0.09747484  	0.10053308  	0.21752165  	0.22526774  
2020-11-11 20:44:34.091: iteration 17 finished in 84.586786 seconds
2020-11-11 20:44:34.192: epoch 17:	0.08156621  	0.06508056  	0.17833833  	0.26140505  	0.15480477  	0.17678228  	0.09775235  	0.10073787  	0.21769117  	0.22554564  
2020-11-11 20:45:57.841: iteration 18 finished in 83.647823 seconds
2020-11-11 20:45:57.937: epoch 18:	0.08147038  	0.06516042  	0.17789298  	0.26307979  	0.15440960  	0.17694895  	0.09741461  	0.10055583  	0.21697570  	0.22498871  
2020-11-11 20:47:21.480: iteration 19 finished in 83.541895 seconds
2020-11-11 20:47:21.570: epoch 19:	0.08166210  	0.06516044  	0.17864908  	0.26302502  	0.15454230  	0.17682301  	0.09731128  	0.10039200  	0.21669713  	0.22462273  
2020-11-11 20:48:45.366: iteration 20 finished in 83.795113 seconds
2020-11-11 20:48:45.470: epoch 20:	0.08194964  	0.06524032  	0.17953323  	0.26253518  	0.15488714  	0.17679001  	0.09745457  	0.10048319  	0.21669282  	0.22446822  
2020-11-11 20:50:08.484: iteration 21 finished in 83.012563 seconds
2020-11-11 20:50:08.575: epoch 21:	0.08166210  	0.06527226  	0.17931877  	0.26325023  	0.15473118  	0.17701091  	0.09746088  	0.10064277  	0.21676546  	0.22460519  
2020-11-11 20:51:31.615: iteration 22 finished in 83.039414 seconds
2020-11-11 20:51:31.704: epoch 22:	0.08143846  	0.06520837  	0.17907463  	0.26309103  	0.15431587  	0.17670734  	0.09715242  	0.10037524  	0.21624713  	0.22425200  
2020-11-11 20:52:55.120: iteration 23 finished in 83.415005 seconds
2020-11-11 20:52:55.216: epoch 23:	0.08108699  	0.06525628  	0.17701970  	0.26303393  	0.15364818  	0.17670599  	0.09691110  	0.10041814  	0.21574689  	0.22385749  
2020-11-11 20:54:19.273: iteration 24 finished in 84.055913 seconds
2020-11-11 20:54:19.370: epoch 24:	0.08124674  	0.06536810  	0.17834063  	0.26298991  	0.15407407  	0.17679049  	0.09712895  	0.10047518  	0.21593833  	0.22398792  
2020-11-11 20:55:43.867: iteration 25 finished in 84.497459 seconds
2020-11-11 20:55:43.965: epoch 25:	0.08124673  	0.06535214  	0.17871211  	0.26334953  	0.15375248  	0.17640346  	0.09661921  	0.09990340  	0.21533985  	0.22337058  
2020-11-11 20:57:07.511: iteration 26 finished in 83.545759 seconds
2020-11-11 20:57:07.603: epoch 26:	0.08121479  	0.06525631  	0.17856519  	0.26331678  	0.15373071  	0.17636631  	0.09673066  	0.09995174  	0.21503241  	0.22315653  
2020-11-11 20:58:31.781: iteration 27 finished in 84.178895 seconds
2020-11-11 20:58:31.873: epoch 27:	0.08137453  	0.06538409  	0.17947821  	0.26315343  	0.15406948  	0.17647177  	0.09684470  	0.10006151  	0.21508631  	0.22306398  
2020-11-11 20:59:54.611: iteration 28 finished in 82.736596 seconds
2020-11-11 20:59:54.702: epoch 28:	0.08153428  	0.06532019  	0.18026552  	0.26287049  	0.15415791  	0.17624532  	0.09677325  	0.09987202  	0.21459706  	0.22260368  
2020-11-11 21:01:16.826: iteration 29 finished in 82.123349 seconds
2020-11-11 21:01:16.920: epoch 29:	0.08150232  	0.06547994  	0.18085565  	0.26316190  	0.15436935  	0.17642580  	0.09686809  	0.09995132  	0.21499869  	0.22294481  
2020-11-11 21:02:39.059: iteration 30 finished in 82.138309 seconds
2020-11-11 21:02:39.154: epoch 30:	0.08159818  	0.06543202  	0.18143214  	0.26283064  	0.15457262  	0.17642555  	0.09706441  	0.10010810  	0.21472141  	0.22260609  
2020-11-11 21:04:01.145: iteration 31 finished in 81.990703 seconds
2020-11-11 21:04:01.235: epoch 31:	0.08172597  	0.06559177  	0.18214548  	0.26361203  	0.15483811  	0.17668307  	0.09716463  	0.10014059  	0.21495049  	0.22298132  
2020-11-11 21:05:24.704: iteration 32 finished in 83.469026 seconds
2020-11-11 21:05:24.794: epoch 32:	0.08166207  	0.06571957  	0.18274328  	0.26403481  	0.15475711  	0.17664514  	0.09700880  	0.10001978  	0.21427895  	0.22230850  
2020-11-11 21:06:47.615: iteration 33 finished in 82.819939 seconds
2020-11-11 21:06:47.714: epoch 33:	0.08185378  	0.06557580  	0.18321137  	0.26314050  	0.15503106  	0.17646413  	0.09727551  	0.10009559  	0.21407147  	0.22211173  
2020-11-11 21:08:11.381: iteration 34 finished in 83.666852 seconds
2020-11-11 21:08:11.477: epoch 34:	0.08217329  	0.06562372  	0.18378443  	0.26371402  	0.15547165  	0.17673726  	0.09762258  	0.10033121  	0.21407022  	0.22209078  
2020-11-11 21:09:34.896: iteration 35 finished in 83.417615 seconds
2020-11-11 21:09:34.986: epoch 35:	0.08214135  	0.06575152  	0.18465467  	0.26456255  	0.15567930  	0.17699865  	0.09764457  	0.10041489  	0.21434227  	0.22232935  
2020-11-11 21:10:57.060: iteration 36 finished in 82.073482 seconds
2020-11-11 21:10:57.151: epoch 36:	0.08194966  	0.06565569  	0.18461674  	0.26417187  	0.15569766  	0.17696637  	0.09769569  	0.10049092  	0.21483514  	0.22271688  
2020-11-11 21:12:18.425: iteration 37 finished in 81.273622 seconds
2020-11-11 21:12:18.515: epoch 37:	0.08201356  	0.06552789  	0.18467271  	0.26429895  	0.15569182  	0.17688754  	0.09772012  	0.10046519  	0.21430449  	0.22223853  
2020-11-11 21:13:39.958: iteration 38 finished in 81.441173 seconds
2020-11-11 21:13:40.059: epoch 38:	0.08207746  	0.06543203  	0.18483728  	0.26407057  	0.15581144  	0.17683347  	0.09779955  	0.10049085  	0.21426889  	0.22216779  
2020-11-11 21:15:01.698: iteration 39 finished in 81.637648 seconds
2020-11-11 21:15:01.786: epoch 39:	0.08220526  	0.06538411  	0.18492149  	0.26423588  	0.15591562  	0.17684974  	0.09786566  	0.10047158  	0.21439578  	0.22230515  
2020-11-11 21:16:23.727: iteration 40 finished in 81.941634 seconds
2020-11-11 21:16:23.880: epoch 40:	0.08198160  	0.06559177  	0.18419854  	0.26458168  	0.15572616  	0.17712404  	0.09784385  	0.10061841  	0.21442662  	0.22245874  
2020-11-11 21:17:45.282: iteration 41 finished in 81.402278 seconds
2020-11-11 21:17:45.828: epoch 41:	0.08204550  	0.06562372  	0.18503261  	0.26483986  	0.15603387  	0.17727169  	0.09795406  	0.10069353  	0.21509503  	0.22303237  
2020-11-11 21:19:07.145: iteration 42 finished in 81.315508 seconds
2020-11-11 21:19:07.233: epoch 42:	0.08188575  	0.06571956  	0.18481690  	0.26487049  	0.15575749  	0.17718886  	0.09775914  	0.10058521  	0.21460664  	0.22255471  
2020-11-11 21:20:28.451: iteration 43 finished in 81.216774 seconds
2020-11-11 21:20:28.541: epoch 43:	0.08166210  	0.06575152  	0.18399015  	0.26492956  	0.15559033  	0.17733487  	0.09784283  	0.10075068  	0.21481790  	0.22288081  
2020-11-11 21:21:49.882: iteration 44 finished in 81.340443 seconds
2020-11-11 21:21:49.971: epoch 44:	0.08159819  	0.06570359  	0.18392292  	0.26486140  	0.15522638  	0.17701407  	0.09753184  	0.10045558  	0.21383901  	0.22196829  
2020-11-11 21:23:11.149: iteration 45 finished in 81.177878 seconds
2020-11-11 21:23:11.236: epoch 45:	0.08166208  	0.06579944  	0.18402386  	0.26551491  	0.15530647  	0.17726149  	0.09760212  	0.10057685  	0.21377286  	0.22193143  
2020-11-11 21:24:32.525: iteration 46 finished in 81.288581 seconds
2020-11-11 21:24:32.617: epoch 46:	0.08153429  	0.06575151  	0.18349624  	0.26583371  	0.15498745  	0.17715642  	0.09742863  	0.10043148  	0.21325468  	0.22155380  
2020-11-11 21:25:53.702: iteration 47 finished in 81.085126 seconds
2020-11-11 21:25:53.788: epoch 47:	0.08172600  	0.06587932  	0.18423608  	0.26645759  	0.15545449  	0.17755419  	0.09765165  	0.10065843  	0.21420616  	0.22236268  
2020-11-11 21:27:15.023: iteration 48 finished in 81.234726 seconds
2020-11-11 21:27:15.114: epoch 48:	0.08188575  	0.06591126  	0.18426539  	0.26670894  	0.15572442  	0.17780851  	0.09787945  	0.10082524  	0.21483609  	0.22303022  
2020-11-11 21:28:36.275: iteration 49 finished in 81.160923 seconds
2020-11-11 21:28:36.370: epoch 49:	0.08191770  	0.06584737  	0.18489240  	0.26662874  	0.15600784  	0.17788503  	0.09800576  	0.10087658  	0.21542770  	0.22347338  
2020-11-11 21:29:57.749: iteration 50 finished in 81.379339 seconds
2020-11-11 21:29:57.843: epoch 50:	0.08188575  	0.06594321  	0.18503489  	0.26693487  	0.15589927  	0.17791395  	0.09787767  	0.10079870  	0.21501327  	0.22316614  
