2020-09-25 21:11:33.688: Dataset name: u1
The number of users: 5347
The number of items: 5347
The number of ratings: 31740
Average actions of users: 5.94
Average actions of items: 5.94
The sparsity of the dataset: 99.888984%
2020-09-25 21:11:33.689: 

NeuRec hyperparameters:
recommender=WRMF
config_dir=./conf
gpu_id=0
gpu_mem=0.5
data.input.path=C:\Users\HyunsikYoo\Desktop\VNE_directed_networks/_Data/bitcoinotc/5-fold/u1/
data.input.dataset=u1
data.output.path=C:\Users\HyunsikYoo\Desktop\VNE_directed_networks/_Data/bitcoinotc/5-fold/u1/relevance_WRMF_directed_outprop_False_uniform
data.column.format=UI
data.convert.separator='\t'
user_min=0
item_min=0
splitter=given
ratio=0.8
by_time=False
metric=["Precision", "Recall", "NDCG", "MAP", "MRR"]
topk=[10, 20]
group_view=None
rec.evaluate.neg=0
test_batch_size=128
num_thread=8
data.index.remap=False

WRMF's hyperparameters:
epochs=50
embedding_size=16
reg_mf=0.1
alpha=10
init_method=uniform
stddev=0.01
verbose=1
weight=uniform

2020-09-25 21:12:52.383: metrics:	Precision@10	Precision@20	Recall@10   	Recall@20   	NDCG@10     	NDCG@20     	MAP@10      	MAP@20      	MRR@10      	MRR@20      
2020-09-25 21:12:56.278: iteration 1 finished in 3.894594 seconds
2020-09-25 21:12:56.338: epoch 1:	0.01422151  	0.01119734  	0.06598369  	0.09597069  	0.04180937  	0.05020394  	0.02673435  	0.02849073  	0.04909576  	0.05253144  
2020-09-25 21:13:00.412: iteration 2 finished in 4.073107 seconds
2020-09-25 21:13:00.473: epoch 2:	0.02337546  	0.01867581  	0.11511832  	0.17338477  	0.07126676  	0.08813356  	0.04547961  	0.04976509  	0.08106552  	0.08698057  
2020-09-25 21:13:04.337: iteration 3 finished in 3.862669 seconds
2020-09-25 21:13:04.397: epoch 3:	0.02729859  	0.02165902  	0.13147321  	0.20024055  	0.08650987  	0.10630638  	0.05809330  	0.06324196  	0.09903912  	0.10570271  
2020-09-25 21:13:08.507: iteration 4 finished in 4.108013 seconds
2020-09-25 21:13:08.565: epoch 4:	0.02987315  	0.02327322  	0.14191273  	0.21603243  	0.09606794  	0.11712188  	0.06599600  	0.07133017  	0.10952948  	0.11652195  
2020-09-25 21:13:12.666: iteration 5 finished in 4.098066 seconds
2020-09-25 21:13:12.727: epoch 5:	0.03126259  	0.02362059  	0.15015039  	0.21424851  	0.10302023  	0.12150732  	0.07176229  	0.07632885  	0.11817035  	0.12431912  
2020-09-25 21:13:16.813: iteration 6 finished in 4.083056 seconds
2020-09-25 21:13:16.875: epoch 6:	0.03179384  	0.02407012  	0.15022735  	0.21867134  	0.10427788  	0.12386882  	0.07277936  	0.07767782  	0.12080237  	0.12708375  
2020-09-25 21:13:20.928: iteration 7 finished in 4.051166 seconds
2020-09-25 21:13:20.988: epoch 7:	0.03228424  	0.02419271  	0.15287314  	0.21972278  	0.10562290  	0.12485544  	0.07327981  	0.07817913  	0.12264781  	0.12879707  
2020-09-25 21:13:25.047: iteration 8 finished in 4.058146 seconds
2020-09-25 21:13:25.107: epoch 8:	0.03289723  	0.02445834  	0.15696038  	0.22174942  	0.10640212  	0.12509251  	0.07291918  	0.07764196  	0.12220075  	0.12827414  
2020-09-25 21:13:29.193: iteration 9 finished in 4.085075 seconds
2020-09-25 21:13:29.254: epoch 9:	0.03326502  	0.02472397  	0.16003972  	0.22475754  	0.10780174  	0.12644637  	0.07364871  	0.07831917  	0.12394857  	0.12992083  
2020-09-25 21:13:33.342: iteration 10 finished in 4.087070 seconds
2020-09-25 21:13:33.402: epoch 10:	0.03330588  	0.02482614  	0.15891044  	0.22626753  	0.10761682  	0.12686421  	0.07354066  	0.07844470  	0.12416440  	0.13019425  
2020-09-25 21:13:37.489: iteration 11 finished in 4.086073 seconds
2020-09-25 21:13:37.554: epoch 11:	0.03338762  	0.02486700  	0.15918872  	0.22804104  	0.10760507  	0.12716383  	0.07336292  	0.07831245  	0.12429155  	0.13048419  
2020-09-25 21:13:41.653: iteration 12 finished in 4.098040 seconds
2020-09-25 21:13:41.714: epoch 12:	0.03391887  	0.02484657  	0.16273613  	0.22758104  	0.10892677  	0.12736091  	0.07395108  	0.07858846  	0.12502307  	0.13088091  
2020-09-25 21:13:45.819: iteration 13 finished in 4.103995 seconds
2020-09-25 21:13:45.881: epoch 13:	0.03408233  	0.02480570  	0.16395350  	0.22693138  	0.10967797  	0.12762363  	0.07439312  	0.07889985  	0.12641788  	0.13222933  
2020-09-25 21:13:49.977: iteration 14 finished in 4.095048 seconds
2020-09-25 21:13:50.037: epoch 14:	0.03375540  	0.02476484  	0.16128682  	0.22789298  	0.10872652  	0.12757128  	0.07394697  	0.07873656  	0.12569475  	0.13165838  
2020-09-25 21:13:54.129: iteration 15 finished in 4.090087 seconds
2020-09-25 21:13:54.186: epoch 15:	0.03400059  	0.02482613  	0.16177973  	0.22876099  	0.10975672  	0.12852946  	0.07480499  	0.07954714  	0.12792554  	0.13379973  
2020-09-25 21:13:58.088: iteration 16 finished in 3.900569 seconds
2020-09-25 21:13:58.145: epoch 16:	0.03387800  	0.02482613  	0.16111626  	0.23003018  	0.11009652  	0.12941612  	0.07545139  	0.08036691  	0.12843572  	0.13455677  
2020-09-25 21:14:01.934: iteration 17 finished in 3.787847 seconds
2020-09-25 21:14:01.991: epoch 17:	0.03404146  	0.02482613  	0.16181280  	0.23145512  	0.11022604  	0.12961727  	0.07531983  	0.08026031  	0.12875032  	0.13476515  
2020-09-25 21:14:06.085: iteration 18 finished in 4.092056 seconds
2020-09-25 21:14:06.146: epoch 18:	0.03453186  	0.02505089  	0.16179407  	0.23253644  	0.11026147  	0.12980016  	0.07510576  	0.08003692  	0.12855570  	0.13471802  
2020-09-25 21:14:10.253: iteration 19 finished in 4.106019 seconds
2020-09-25 21:14:10.313: epoch 19:	0.03453186  	0.02492830  	0.16260767  	0.23068862  	0.11017369  	0.12912743  	0.07490475  	0.07970806  	0.12780668  	0.13382223  
2020-09-25 21:14:13.929: iteration 20 finished in 3.614334 seconds
2020-09-25 21:14:13.984: epoch 20:	0.03465446  	0.02478527  	0.16339593  	0.22879688  	0.11007892  	0.12836242  	0.07455601  	0.07918011  	0.12702164  	0.13284403  
2020-09-25 21:14:17.773: iteration 21 finished in 3.787870 seconds
2020-09-25 21:14:17.831: epoch 21:	0.03461359  	0.02490786  	0.16371863  	0.22856860  	0.11021280  	0.12854300  	0.07468195  	0.07936272  	0.12724403  	0.13309175  
2020-09-25 21:14:21.656: iteration 22 finished in 3.821779 seconds
2020-09-25 21:14:21.715: epoch 22:	0.03481792  	0.02501003  	0.16530743  	0.23053707  	0.11075471  	0.12912077  	0.07487535  	0.07950427  	0.12790549  	0.13372059  
2020-09-25 21:14:25.813: iteration 23 finished in 4.097043 seconds
2020-09-25 21:14:25.874: epoch 23:	0.03477705  	0.02494873  	0.16641009  	0.22938092  	0.11131927  	0.12917878  	0.07540167  	0.07991686  	0.12852809  	0.13410044  
2020-09-25 21:14:29.556: iteration 24 finished in 3.681156 seconds
2020-09-25 21:14:29.614: epoch 24:	0.03449099  	0.02507132  	0.16433015  	0.23069182  	0.11091439  	0.12981002  	0.07551623  	0.08034320  	0.12857088  	0.13454929  
2020-09-25 21:14:33.678: iteration 25 finished in 4.063133 seconds
2020-09-25 21:14:33.739: epoch 25:	0.03428666  	0.02496916  	0.16360615  	0.23001611  	0.11054559  	0.12949282  	0.07529087  	0.08019061  	0.12821265  	0.13411026  
2020-09-25 21:14:37.710: iteration 26 finished in 3.970382 seconds
2020-09-25 21:14:37.768: epoch 26:	0.03416406  	0.02509176  	0.16351639  	0.23004562  	0.11068506  	0.12982684  	0.07554770  	0.08048998  	0.12845880  	0.13447508  
2020-09-25 21:14:41.848: iteration 27 finished in 4.078094 seconds
2020-09-25 21:14:41.908: epoch 27:	0.03428666  	0.02509176  	0.16357842  	0.22979519  	0.10904200  	0.12806079  	0.07318496  	0.07811258  	0.12622084  	0.13212936  
2020-09-25 21:14:45.989: iteration 28 finished in 4.080096 seconds
2020-09-25 21:14:46.050: epoch 28:	0.03408233  	0.02509176  	0.16214131  	0.23006082  	0.10843101  	0.12792459  	0.07281856  	0.07792876  	0.12566072  	0.13162264  
2020-09-25 21:14:50.130: iteration 29 finished in 4.078094 seconds
2020-09-25 21:14:50.190: epoch 29:	0.03440926  	0.02511219  	0.16317137  	0.23010691  	0.10909659  	0.12820129  	0.07334462  	0.07833335  	0.12594141  	0.13172473  
2020-09-25 21:14:54.243: iteration 30 finished in 4.052163 seconds
2020-09-25 21:14:54.303: epoch 30:	0.03436840  	0.02517349  	0.16263905  	0.23133339  	0.10906225  	0.12859835  	0.07345676  	0.07857146  	0.12593462  	0.13182428  
2020-09-25 21:14:58.380: iteration 31 finished in 4.076098 seconds
2020-09-25 21:14:58.442: epoch 31:	0.03436839  	0.02527566  	0.16363347  	0.23183665  	0.10887143  	0.12828474  	0.07304208  	0.07809649  	0.12529485  	0.13105504  
2020-09-25 21:15:02.502: iteration 32 finished in 4.059169 seconds
2020-09-25 21:15:02.562: epoch 32:	0.03436839  	0.02521436  	0.16324553  	0.23134866  	0.10846391  	0.12781125  	0.07262053  	0.07763965  	0.12459055  	0.13032737  
2020-09-25 21:15:06.632: iteration 33 finished in 4.069118 seconds
2020-09-25 21:15:06.692: epoch 33:	0.03449100  	0.02515306  	0.16361284  	0.23090972  	0.10856550  	0.12761270  	0.07263118  	0.07753681  	0.12451712  	0.13016225  
2020-09-25 21:15:10.755: iteration 34 finished in 4.060169 seconds
2020-09-25 21:15:10.813: epoch 34:	0.03432753  	0.02505089  	0.16210835  	0.23031858  	0.10826427  	0.12756619  	0.07268147  	0.07766512  	0.12440473  	0.13018496  
2020-09-25 21:15:14.884: iteration 35 finished in 4.068120 seconds
2020-09-25 21:15:14.942: epoch 35:	0.03420493  	0.02519392  	0.16160223  	0.23168853  	0.10789251  	0.12772547  	0.07244168  	0.07757211  	0.12403966  	0.12998527  
2020-09-25 21:15:19.015: iteration 36 finished in 4.070116 seconds
2020-09-25 21:15:19.075: epoch 36:	0.03424580  	0.02519392  	0.16141158  	0.23220542  	0.10786780  	0.12785117  	0.07251353  	0.07767259  	0.12370057  	0.12970191  
2020-09-25 21:15:23.139: iteration 37 finished in 4.063134 seconds
2020-09-25 21:15:23.202: epoch 37:	0.03428666  	0.02523479  	0.16143201  	0.23225728  	0.10785260  	0.12783213  	0.07247476  	0.07763088  	0.12335841  	0.12934892  
2020-09-25 21:15:27.269: iteration 38 finished in 4.066126 seconds
2020-09-25 21:15:27.329: epoch 38:	0.03445013  	0.02507132  	0.16177480  	0.23089622  	0.10819101  	0.12765227  	0.07274146  	0.07775900  	0.12368386  	0.12956536  
2020-09-25 21:15:31.403: iteration 39 finished in 4.072109 seconds
2020-09-25 21:15:31.463: epoch 39:	0.03432753  	0.02519392  	0.16189237  	0.23108694  	0.10807987  	0.12767635  	0.07270272  	0.07773252  	0.12348214  	0.12944038  
2020-09-25 21:15:35.530: iteration 40 finished in 4.066143 seconds
2020-09-25 21:15:35.590: epoch 40:	0.03420493  	0.02523479  	0.16140831  	0.23197560  	0.10766888  	0.12765425  	0.07231310  	0.07745095  	0.12317842  	0.12927070  
2020-09-25 21:15:39.664: iteration 41 finished in 4.073107 seconds
2020-09-25 21:15:39.722: epoch 41:	0.03432753  	0.02517349  	0.16145454  	0.23064330  	0.10781962  	0.12745789  	0.07242824  	0.07750200  	0.12325367  	0.12925021  
2020-09-25 21:15:43.813: iteration 42 finished in 4.089063 seconds
2020-09-25 21:15:43.873: epoch 42:	0.03420494  	0.02513263  	0.16094545  	0.23089004  	0.10748331  	0.12730339  	0.07215050  	0.07725447  	0.12325463  	0.12933981  
2020-09-25 21:15:47.941: iteration 43 finished in 4.067122 seconds
2020-09-25 21:15:48.001: epoch 43:	0.03428666  	0.02515306  	0.16167927  	0.23045473  	0.10794145  	0.12746902  	0.07257763  	0.07759834  	0.12364429  	0.12960383  
2020-09-25 21:15:52.067: iteration 44 finished in 4.065128 seconds
2020-09-25 21:15:52.127: epoch 44:	0.03424580  	0.02523479  	0.16203523  	0.23044695  	0.10797552  	0.12746181  	0.07257308  	0.07758939  	0.12361819  	0.12943919  
2020-09-25 21:15:56.230: iteration 45 finished in 4.102030 seconds
2020-09-25 21:15:56.291: epoch 45:	0.03424580  	0.02525522  	0.16223612  	0.23091401  	0.10788849  	0.12741412  	0.07240225  	0.07739978  	0.12349152  	0.12938201  
2020-09-25 21:16:00.376: iteration 46 finished in 4.084077 seconds
2020-09-25 21:16:00.437: epoch 46:	0.03412320  	0.02533696  	0.16216853  	0.23144558  	0.10765762  	0.12741534  	0.07208942  	0.07718987  	0.12346104  	0.12931563  
2020-09-25 21:16:04.426: iteration 47 finished in 3.988333 seconds
2020-09-25 21:16:04.486: epoch 47:	0.03428666  	0.02523479  	0.16349669  	0.23087960  	0.10837153  	0.12755437  	0.07260089  	0.07752917  	0.12416938  	0.12983434  
2020-09-25 21:16:08.557: iteration 48 finished in 4.070115 seconds
2020-09-25 21:16:08.618: epoch 48:	0.03428666  	0.02519393  	0.16420177  	0.22980884  	0.10917053  	0.12794589  	0.07350635  	0.07835013  	0.12546174  	0.13091582  
2020-09-25 21:16:12.706: iteration 49 finished in 4.087106 seconds
2020-09-25 21:16:12.768: epoch 49:	0.03416407  	0.02527566  	0.16389526  	0.22993477  	0.10892878  	0.12789688  	0.07334633  	0.07822706  	0.12507367  	0.13064188  
2020-09-25 21:16:16.854: iteration 50 finished in 4.085076 seconds
2020-09-25 21:16:16.914: epoch 50:	0.03387801  	0.02523479  	0.16302733  	0.22918881  	0.10883246  	0.12798089  	0.07359082  	0.07856538  	0.12509815  	0.13073164  
