2020-11-04 16:57:27.163: Dataset name: u1
The number of users: 5907
The number of items: 5907
The number of ratings: 20336
Average actions of users: 3.44
Average actions of items: 3.44
The sparsity of the dataset: 99.941718%
2020-11-04 16:57:27.164: 

NeuRec hyperparameters:
recommender=WRMF
config_dir=./conf
gpu_id=0
gpu_mem=0.5
data.input.path=C:\Users\HyunsikYoo\Desktop\VNE_directed_networks/_Data/p2p-Gnutella08/5-fold/u1/
data.input.dataset=u1
data.output.path=C:\Users\HyunsikYoo\Desktop\VNE_directed_networks/_Emb/p2p-Gnutella08/5-fold/wrmf/u1_wrmf_directed_dim128.emb
data.column.format=UI
data.convert.separator='\t'
user_min=0
item_min=0
splitter=given
ratio=0.8
by_time=False
metric=["Precision", "Recall", "NDCG", "MAP", "MRR"]
topk=[10, 20]
group_view=None
rec.evaluate.neg=0
test_batch_size=128
num_thread=8
data.index.remap=False

WRMF's hyperparameters:
epochs=50
embedding_size=128
reg_mf=0.1
alpha=10
init_method=uniform
stddev=0.01
verbose=1
weight=uniform

2020-11-04 16:58:54.481: metrics:	Precision@10	Precision@20	Recall@10   	Recall@20   	NDCG@10     	NDCG@20     	MAP@10      	MAP@20      	MRR@10      	MRR@20      
2020-11-04 16:59:53.203: iteration 1 finished in 58.722559 seconds
2020-11-04 16:59:53.254: epoch 1:	0.00981310  	0.00808412  	0.05239486  	0.08510514  	0.02853374  	0.03857775  	0.01607578  	0.01888447  	0.02751020  	0.03086897  
2020-11-04 17:00:51.640: iteration 2 finished in 58.385848 seconds
2020-11-04 17:00:51.688: epoch 2:	0.01425237  	0.01182242  	0.07488318  	0.12418225  	0.04319666  	0.05813416  	0.02552320  	0.03015828  	0.04364467  	0.04752081  
2020-11-04 17:01:50.053: iteration 3 finished in 58.365904 seconds
2020-11-04 17:01:50.102: epoch 3:	0.01560751  	0.01259344  	0.08235981  	0.13282710  	0.04893373  	0.06413374  	0.02987132  	0.03467847  	0.05049883  	0.05414888  
2020-11-04 17:02:48.530: iteration 4 finished in 58.426282 seconds
2020-11-04 17:02:48.580: epoch 4:	0.01598134  	0.01268690  	0.08487149  	0.13422897  	0.05151471  	0.06645535  	0.03237344  	0.03708262  	0.05359108  	0.05729822  
2020-11-04 17:03:48.185: iteration 5 finished in 59.604752 seconds
2020-11-04 17:03:48.233: epoch 5:	0.01607479  	0.01278035  	0.08510514  	0.13580607  	0.05130618  	0.06657514  	0.03207109  	0.03692303  	0.05278205  	0.05649002  
2020-11-04 17:04:46.614: iteration 6 finished in 58.380697 seconds
2020-11-04 17:04:46.660: epoch 6:	0.01579442  	0.01278036  	0.08440421  	0.13642912  	0.05142930  	0.06712238  	0.03252018  	0.03744535  	0.05330441  	0.05726945  
2020-11-04 17:05:44.858: iteration 7 finished in 58.198815 seconds
2020-11-04 17:05:44.903: epoch 7:	0.01556078  	0.01278036  	0.08341122  	0.13689640  	0.05062814  	0.06678336  	0.03184273  	0.03693634  	0.05226542  	0.05639846  
2020-11-04 17:06:43.845: iteration 8 finished in 58.942082 seconds
2020-11-04 17:06:43.891: epoch 8:	0.01565423  	0.01287381  	0.08387850  	0.13759734  	0.05084718  	0.06708096  	0.03199664  	0.03708162  	0.05215009  	0.05633395  
2020-11-04 17:07:42.094: iteration 9 finished in 58.202931 seconds
2020-11-04 17:07:42.141: epoch 9:	0.01570096  	0.01285044  	0.08411215  	0.13759734  	0.05090612  	0.06707370  	0.03201611  	0.03709560  	0.05201361  	0.05619685  
2020-11-04 17:08:41.480: iteration 10 finished in 59.339350 seconds
2020-11-04 17:08:41.526: epoch 10:	0.01560750  	0.01268690  	0.08411215  	0.13590342  	0.05079936  	0.06654060  	0.03192922  	0.03689681  	0.05184004  	0.05592952  
2020-11-04 17:09:40.239: iteration 11 finished in 58.713583 seconds
2020-11-04 17:09:40.286: epoch 11:	0.01570096  	0.01264017  	0.08457944  	0.13543613  	0.05087344  	0.06634032  	0.03177772  	0.03666380  	0.05193442  	0.05596331  
2020-11-04 17:10:37.943: iteration 12 finished in 57.657406 seconds
2020-11-04 17:10:37.987: epoch 12:	0.01570096  	0.01271026  	0.08457944  	0.13590342  	0.05082962  	0.06648210  	0.03173127  	0.03665971  	0.05186564  	0.05600625  
2020-11-04 17:11:36.565: iteration 13 finished in 58.577124 seconds
2020-11-04 17:11:36.620: epoch 13:	0.01593460  	0.01282708  	0.08574767  	0.13753892  	0.05147591  	0.06715003  	0.03207488  	0.03701883  	0.05264352  	0.05664618  
2020-11-04 17:12:35.295: iteration 14 finished in 58.673498 seconds
2020-11-04 17:12:35.340: epoch 14:	0.01602806  	0.01282708  	0.08668225  	0.13753892  	0.05178678  	0.06719319  	0.03215257  	0.03699647  	0.05290072  	0.05683223  
2020-11-04 17:13:33.197: iteration 15 finished in 57.857618 seconds
2020-11-04 17:13:33.240: epoch 15:	0.01635516  	0.01278035  	0.08808411  	0.13683800  	0.05255984  	0.06726766  	0.03265138  	0.03726143  	0.05345516  	0.05714208  
2020-11-04 17:14:32.246: iteration 16 finished in 59.005566 seconds
2020-11-04 17:14:32.291: epoch 16:	0.01640189  	0.01275699  	0.08831776  	0.13660435  	0.05262028  	0.06720142  	0.03266567  	0.03724580  	0.05343180  	0.05709817  
2020-11-04 17:15:30.001: iteration 17 finished in 57.709919 seconds
2020-11-04 17:15:30.049: epoch 17:	0.01644862  	0.01271026  	0.08855140  	0.13613707  	0.05273722  	0.06711528  	0.03272834  	0.03725242  	0.05352989  	0.05714852  
2020-11-04 17:16:27.789: iteration 18 finished in 57.738497 seconds
2020-11-04 17:16:27.832: epoch 18:	0.01640189  	0.01273362  	0.08831776  	0.13637070  	0.05280288  	0.06732446  	0.03285518  	0.03743700  	0.05378356  	0.05741546  
2020-11-04 17:17:25.637: iteration 19 finished in 57.804366 seconds
2020-11-04 17:17:25.680: epoch 19:	0.01635516  	0.01268689  	0.08831776  	0.13590342  	0.05273595  	0.06714168  	0.03280893  	0.03735238  	0.05356085  	0.05717781  
2020-11-04 17:18:24.441: iteration 20 finished in 58.760749 seconds
2020-11-04 17:18:24.485: epoch 20:	0.01621497  	0.01266353  	0.08761682  	0.13566977  	0.05245497  	0.06703049  	0.03270081  	0.03729708  	0.05328344  	0.05699050  
2020-11-04 17:19:22.983: iteration 21 finished in 58.498720 seconds
2020-11-04 17:19:23.035: epoch 21:	0.01626170  	0.01268689  	0.08785047  	0.13566977  	0.05251145  	0.06703667  	0.03269896  	0.03727521  	0.05327973  	0.05698249  
2020-11-04 17:20:21.192: iteration 22 finished in 58.156443 seconds
2020-11-04 17:20:21.237: epoch 22:	0.01644862  	0.01264017  	0.08878504  	0.13520248  	0.05300153  	0.06708305  	0.03297266  	0.03744732  	0.05378095  	0.05726928  
2020-11-04 17:21:19.829: iteration 23 finished in 58.591130 seconds
2020-11-04 17:21:19.872: epoch 23:	0.01640189  	0.01266353  	0.08855140  	0.13543613  	0.05298826  	0.06720110  	0.03302523  	0.03752305  	0.05392503  	0.05746299  
2020-11-04 17:22:17.865: iteration 24 finished in 57.992552 seconds
2020-11-04 17:22:17.917: epoch 24:	0.01630843  	0.01271026  	0.08761682  	0.13590342  	0.05280557  	0.06741104  	0.03302902  	0.03764762  	0.05404167  	0.05768886  
2020-11-04 17:23:15.951: iteration 25 finished in 58.033277 seconds
2020-11-04 17:23:15.994: epoch 25:	0.01635516  	0.01268689  	0.08785047  	0.13566977  	0.05281037  	0.06728065  	0.03297284  	0.03754189  	0.05393913  	0.05758104  
2020-11-04 17:24:13.152: iteration 26 finished in 57.157125 seconds
2020-11-04 17:24:13.194: epoch 26:	0.01630843  	0.01271026  	0.08761682  	0.13566977  	0.05286135  	0.06744043  	0.03309625  	0.03769805  	0.05418576  	0.05788478  
2020-11-04 17:25:10.345: iteration 27 finished in 57.149147 seconds
2020-11-04 17:25:10.388: epoch 27:	0.01621498  	0.01273362  	0.08714953  	0.13613707  	0.05272121  	0.06756293  	0.03304776  	0.03773187  	0.05418223  	0.05794756  
2020-11-04 17:26:07.298: iteration 28 finished in 56.909786 seconds
2020-11-04 17:26:07.343: epoch 28:	0.01621498  	0.01268690  	0.08738318  	0.13566977  	0.05262718  	0.06729425  	0.03291156  	0.03753521  	0.05388758  	0.05765662  
2020-11-04 17:27:04.566: iteration 29 finished in 57.222949 seconds
2020-11-04 17:27:04.615: epoch 29:	0.01626170  	0.01259344  	0.08761682  	0.13450155  	0.05271154  	0.06699455  	0.03293548  	0.03745853  	0.05393171  	0.05760228  
2020-11-04 17:28:01.553: iteration 30 finished in 56.937711 seconds
2020-11-04 17:28:01.599: epoch 30:	0.01621498  	0.01261680  	0.08738318  	0.13473520  	0.05256033  	0.06697605  	0.03285046  	0.03739560  	0.05373942  	0.05746724  
2020-11-04 17:28:58.839: iteration 31 finished in 57.240901 seconds
2020-11-04 17:28:58.883: epoch 31:	0.01635516  	0.01261680  	0.08831776  	0.13473520  	0.05286789  	0.06698859  	0.03295152  	0.03740849  	0.05387849  	0.05747382  
2020-11-04 17:29:55.907: iteration 32 finished in 57.023483 seconds
2020-11-04 17:29:55.951: epoch 32:	0.01635516  	0.01261680  	0.08831776  	0.13473520  	0.05285180  	0.06697422  	0.03293594  	0.03739742  	0.05384734  	0.05743605  
2020-11-04 17:30:53.193: iteration 33 finished in 57.241898 seconds
2020-11-04 17:30:53.236: epoch 33:	0.01649535  	0.01261680  	0.08925234  	0.13473520  	0.05315688  	0.06698799  	0.03306047  	0.03741457  	0.05395435  	0.05745768  
2020-11-04 17:31:50.244: iteration 34 finished in 57.006528 seconds
2020-11-04 17:31:50.289: epoch 34:	0.01658881  	0.01264017  	0.08971962  	0.13496883  	0.05343720  	0.06717370  	0.03324220  	0.03756850  	0.05423343  	0.05767185  
2020-11-04 17:32:47.791: iteration 35 finished in 57.501205 seconds
2020-11-04 17:32:47.835: epoch 35:	0.01658881  	0.01264017  	0.08971962  	0.13496883  	0.05341308  	0.06715629  	0.03321392  	0.03754579  	0.05417687  	0.05762266  
2020-11-04 17:33:45.095: iteration 36 finished in 57.259850 seconds
2020-11-04 17:33:45.139: epoch 36:	0.01644862  	0.01261680  	0.08855140  	0.13473520  	0.05293453  	0.06694679  	0.03293892  	0.03737999  	0.05382214  	0.05732421  
2020-11-04 17:34:42.357: iteration 37 finished in 57.216965 seconds
2020-11-04 17:34:42.399: epoch 37:	0.01649535  	0.01264017  	0.08878504  	0.13496883  	0.05300921  	0.06699493  	0.03294763  	0.03737058  	0.05386553  	0.05733491  
2020-11-04 17:35:39.563: iteration 38 finished in 57.163109 seconds
2020-11-04 17:35:39.612: epoch 38:	0.01649535  	0.01261680  	0.08878504  	0.13473520  	0.05301529  	0.06693640  	0.03294708  	0.03735901  	0.05388778  	0.05733442  
2020-11-04 17:36:36.886: iteration 39 finished in 57.274810 seconds
2020-11-04 17:36:36.929: epoch 39:	0.01649535  	0.01259344  	0.08878504  	0.13450155  	0.05295838  	0.06681283  	0.03285482  	0.03727419  	0.05381621  	0.05719670  
2020-11-04 17:37:34.360: iteration 40 finished in 57.429397 seconds
2020-11-04 17:37:34.403: epoch 40:	0.01644862  	0.01254671  	0.08855140  	0.13403426  	0.05265679  	0.06645238  	0.03259058  	0.03699996  	0.05328976  	0.05666018  
2020-11-04 17:38:31.764: iteration 41 finished in 57.360581 seconds
2020-11-04 17:38:31.810: epoch 41:	0.01644862  	0.01254671  	0.08855140  	0.13403426  	0.05259254  	0.06639801  	0.03252883  	0.03694903  	0.05316627  	0.05654278  
2020-11-04 17:39:28.553: iteration 42 finished in 56.741238 seconds
2020-11-04 17:39:28.599: epoch 42:	0.01644862  	0.01254671  	0.08855140  	0.13403426  	0.05257088  	0.06636824  	0.03250658  	0.03691991  	0.05313011  	0.05649834  
2020-11-04 17:40:25.394: iteration 43 finished in 56.795094 seconds
2020-11-04 17:40:25.439: epoch 43:	0.01640189  	0.01249998  	0.08831776  	0.13356698  	0.05248252  	0.06622604  	0.03247237  	0.03686975  	0.05308395  	0.05646700  
2020-11-04 17:41:22.241: iteration 44 finished in 56.801078 seconds
2020-11-04 17:41:22.284: epoch 44:	0.01644862  	0.01252334  	0.08855140  	0.13380061  	0.05259266  	0.06632128  	0.03253208  	0.03690881  	0.05316442  	0.05655036  
2020-11-04 17:42:19.175: iteration 45 finished in 56.890837 seconds
2020-11-04 17:42:19.219: epoch 45:	0.01626170  	0.01249998  	0.08738318  	0.13356698  	0.05212075  	0.06615217  	0.03226580  	0.03676740  	0.05286550  	0.05633160  
2020-11-04 17:43:16.103: iteration 46 finished in 56.883856 seconds
2020-11-04 17:43:16.145: epoch 46:	0.01626170  	0.01247661  	0.08738318  	0.13333333  	0.05220402  	0.06617206  	0.03236380  	0.03685783  	0.05306150  	0.05650182  
2020-11-04 17:44:13.109: iteration 47 finished in 56.963642 seconds
2020-11-04 17:44:13.152: epoch 47:	0.01626170  	0.01252334  	0.08730530  	0.13380061  	0.05218435  	0.06630226  	0.03234804  	0.03687204  	0.05306223  	0.05655189  
2020-11-04 17:45:09.796: iteration 48 finished in 56.643498 seconds
2020-11-04 17:45:09.840: epoch 48:	0.01621497  	0.01252334  	0.08707166  	0.13380061  	0.05198653  	0.06618350  	0.03219255  	0.03673792  	0.05283953  	0.05636902  
2020-11-04 17:46:06.588: iteration 49 finished in 56.747221 seconds
2020-11-04 17:46:06.631: epoch 49:	0.01621497  	0.01252334  	0.08707166  	0.13380061  	0.05188347  	0.06607351  	0.03208157  	0.03662103  	0.05260459  	0.05612877  
2020-11-04 17:47:03.375: iteration 50 finished in 56.743232 seconds
2020-11-04 17:47:03.421: epoch 50:	0.01626170  	0.01249998  	0.08730530  	0.13356698  	0.05199204  	0.06604791  	0.03213108  	0.03664542  	0.05267191  	0.05614362  
