2020-09-09 13:14:47.846: Dataset name: u1
The number of users: 3347
The number of items: 3347
The number of ratings: 37459
Average actions of users: 11.19
Average actions of items: 11.19
The sparsity of the dataset: 99.665617%
2020-09-09 13:14:47.847: 

NeuRec hyperparameters:
recommender=WRMF
config_dir=./conf
gpu_id=0
gpu_mem=0.5
data.input.path=C:\Users\HyunsikYoo\Desktop\VNE_directed_networks/_Data/openflights/5-fold/u1/
data.input.dataset=u1
data.output.path=C:\Users\HyunsikYoo\Desktop\VNE_directed_networks/_Data/openflights/5-fold/u1/relevance_WRMF_directed_uni_False_uniform
data.column.format=UI
data.convert.separator='\t'
user_min=0
item_min=0
splitter=given
ratio=0.8
by_time=False
metric=["Precision", "Recall", "NDCG", "MAP", "MRR"]
topk=[10, 20]
group_view=None
rec.evaluate.neg=0
test_batch_size=128
num_thread=8
data.index.remap=False

WRMF's hyperparameters:
epochs=50
embedding_size=16
reg_mf=0.1
alpha=10
init_method=uniform
stddev=0.01
verbose=1
weight=uniform

2020-09-09 13:15:19.801: metrics:	Precision@10	Precision@20	Recall@10   	Recall@20   	NDCG@10     	NDCG@20     	MAP@10      	MAP@20      	MRR@10      	MRR@20      
2020-09-09 13:15:22.136: iteration 1 finished in 2.334803 seconds
2020-09-09 13:15:22.178: epoch 1:	0.05199193  	0.04156438  	0.13133414  	0.20221214  	0.10465524  	0.12449538  	0.06645286  	0.07115059  	0.13939930  	0.14494260  
2020-09-09 13:15:24.055: iteration 2 finished in 1.876303 seconds
2020-09-09 13:15:24.096: epoch 2:	0.11913549  	0.08315390  	0.38010588  	0.47325969  	0.30022380  	0.32542464  	0.22127904  	0.22828057  	0.34020492  	0.34492281  
2020-09-09 13:15:26.425: iteration 3 finished in 2.327539 seconds
2020-09-09 13:15:26.468: epoch 3:	0.13074413  	0.09001578  	0.41722733  	0.51550490  	0.34107226  	0.36724928  	0.26017666  	0.26747516  	0.38477194  	0.38946050  
2020-09-09 13:15:28.439: iteration 4 finished in 1.970919 seconds
2020-09-09 13:15:28.526: epoch 4:	0.13453169  	0.09227849  	0.42640582  	0.52658457  	0.34982952  	0.37635660  	0.26836228  	0.27589291  	0.39196444  	0.39660302  
2020-09-09 13:15:30.698: iteration 5 finished in 2.172195 seconds
2020-09-09 13:15:30.737: epoch 5:	0.13536793  	0.09336066  	0.42940974  	0.53170729  	0.35045606  	0.37787807  	0.26798734  	0.27609071  	0.39226407  	0.39679909  
2020-09-09 13:15:32.558: iteration 6 finished in 1.821621 seconds
2020-09-09 13:15:32.598: epoch 6:	0.13684361  	0.09392634  	0.43293816  	0.53554660  	0.35206693  	0.37915820  	0.26886794  	0.27657351  	0.39303231  	0.39761153  
2020-09-09 13:15:34.419: iteration 7 finished in 1.820152 seconds
2020-09-09 13:15:34.459: epoch 7:	0.13640092  	0.09419686  	0.43121809  	0.53747094  	0.35015950  	0.37850305  	0.26687148  	0.27505741  	0.39156756  	0.39630812  
2020-09-09 13:15:36.270: iteration 8 finished in 1.811159 seconds
2020-09-09 13:15:36.309: epoch 8:	0.13645011  	0.09417228  	0.43286514  	0.53816313  	0.34887734  	0.37692851  	0.26466680  	0.27285039  	0.38945258  	0.39398137  
2020-09-09 13:15:38.124: iteration 9 finished in 1.815148 seconds
2020-09-09 13:15:38.166: epoch 9:	0.13649929  	0.09439366  	0.43098015  	0.53867608  	0.34839034  	0.37714690  	0.26462147  	0.27301270  	0.38882473  	0.39355507  
2020-09-09 13:15:39.985: iteration 10 finished in 1.818302 seconds
2020-09-09 13:15:40.023: epoch 10:	0.13659765  	0.09429527  	0.42989200  	0.53634536  	0.34811071  	0.37655479  	0.26469451  	0.27295700  	0.38819349  	0.39309090  
2020-09-09 13:15:41.838: iteration 11 finished in 1.814244 seconds
2020-09-09 13:15:41.876: epoch 11:	0.13679437  	0.09449203  	0.43012610  	0.53764218  	0.34789714  	0.37655801  	0.26450667  	0.27275154  	0.38712156  	0.39213037  
2020-09-09 13:15:43.696: iteration 12 finished in 1.820584 seconds
2020-09-09 13:15:43.735: epoch 12:	0.13748302  	0.09446742  	0.43163165  	0.53756934  	0.34814009  	0.37614694  	0.26448512  	0.27242360  	0.38598987  	0.39089701  
2020-09-09 13:15:45.558: iteration 13 finished in 1.821741 seconds
2020-09-09 13:15:45.597: epoch 13:	0.13758138  	0.09441823  	0.43180096  	0.53804451  	0.34878457  	0.37679604  	0.26512510  	0.27307314  	0.38730249  	0.39230528  
2020-09-09 13:15:47.426: iteration 14 finished in 1.827837 seconds
2020-09-09 13:15:47.466: epoch 14:	0.13723704  	0.09451662  	0.43073815  	0.53918767  	0.34786031  	0.37658188  	0.26425505  	0.27250510  	0.38632604  	0.39149189  
2020-09-09 13:15:49.286: iteration 15 finished in 1.820133 seconds
2020-09-09 13:15:49.325: epoch 15:	0.13728623  	0.09449203  	0.43140340  	0.53934360  	0.34770030  	0.37628675  	0.26390746  	0.27210867  	0.38599181  	0.39109910  
2020-09-09 13:15:51.147: iteration 16 finished in 1.822129 seconds
2020-09-09 13:15:51.185: epoch 16:	0.13689274  	0.09459041  	0.42984787  	0.53922111  	0.34710729  	0.37624204  	0.26363254  	0.27199194  	0.38634175  	0.39154795  
2020-09-09 13:15:53.004: iteration 17 finished in 1.818756 seconds
2020-09-09 13:15:53.045: epoch 17:	0.13758138  	0.09456579  	0.43243045  	0.53837985  	0.34799173  	0.37598971  	0.26395753  	0.27182707  	0.38695034  	0.39190584  
2020-09-09 13:15:54.878: iteration 18 finished in 1.833139 seconds
2020-09-09 13:15:54.918: epoch 18:	0.13733545  	0.09468878  	0.43180743  	0.53904027  	0.34810206  	0.37660193  	0.26429138  	0.27234817  	0.38766453  	0.39277744  
2020-09-09 13:15:56.740: iteration 19 finished in 1.821429 seconds
2020-09-09 13:15:56.781: epoch 19:	0.13713868  	0.09478717  	0.43105972  	0.53980595  	0.34769216  	0.37666395  	0.26401967  	0.27225685  	0.38749784  	0.39267915  
2020-09-09 13:15:58.624: iteration 20 finished in 1.843446 seconds
2020-09-09 13:15:58.666: epoch 20:	0.13728628  	0.09481177  	0.43135810  	0.53972465  	0.34779528  	0.37662855  	0.26399428  	0.27220863  	0.38755998  	0.39269486  
2020-09-09 13:16:00.498: iteration 21 finished in 1.831509 seconds
2020-09-09 13:16:00.540: epoch 21:	0.13718791  	0.09515611  	0.43021521  	0.54046524  	0.34706357  	0.37652957  	0.26326138  	0.27182695  	0.38703215  	0.39218715  
2020-09-09 13:16:02.380: iteration 22 finished in 1.840231 seconds
2020-09-09 13:16:02.419: epoch 22:	0.13718791  	0.09513150  	0.43045387  	0.53858125  	0.34707743  	0.37607294  	0.26311186  	0.27157763  	0.38743579  	0.39243740  
2020-09-09 13:16:04.253: iteration 23 finished in 1.833252 seconds
2020-09-09 13:16:04.292: epoch 23:	0.13728628  	0.09513151  	0.43114930  	0.53909218  	0.34698102  	0.37588227  	0.26290432  	0.27130941  	0.38661686  	0.39160955  
2020-09-09 13:16:06.147: iteration 24 finished in 1.855219 seconds
2020-09-09 13:16:06.190: epoch 24:	0.13728628  	0.09498394  	0.43163025  	0.53856510  	0.34696898  	0.37557042  	0.26281837  	0.27110884  	0.38643780  	0.39136696  
2020-09-09 13:16:08.189: iteration 25 finished in 1.998733 seconds
2020-09-09 13:16:08.229: epoch 25:	0.13738467  	0.09481179  	0.43184033  	0.53769916  	0.34724781  	0.37548479  	0.26308048  	0.27122766  	0.38684672  	0.39173648  
2020-09-09 13:16:10.122: iteration 26 finished in 1.892939 seconds
2020-09-09 13:16:10.161: epoch 26:	0.13694197  	0.09483638  	0.43037850  	0.53989351  	0.34641171  	0.37569439  	0.26246476  	0.27094525  	0.38643384  	0.39163607  
2020-09-09 13:16:12.077: iteration 27 finished in 1.914881 seconds
2020-09-09 13:16:12.118: epoch 27:	0.13694197  	0.09478720  	0.42993444  	0.53786838  	0.34633848  	0.37527940  	0.26249000  	0.27090421  	0.38670111  	0.39184237  
2020-09-09 13:16:13.987: iteration 28 finished in 1.868005 seconds
2020-09-09 13:16:14.027: epoch 28:	0.13679439  	0.09471340  	0.42901379  	0.53767842  	0.34632021  	0.37542155  	0.26267090  	0.27107665  	0.38712561  	0.39233881  
2020-09-09 13:16:15.902: iteration 29 finished in 1.874988 seconds
2020-09-09 13:16:15.943: epoch 29:	0.13640088  	0.09486098  	0.42774701  	0.53826767  	0.34605005  	0.37582973  	0.26270658  	0.27141380  	0.38732025  	0.39265722  
2020-09-09 13:16:17.835: iteration 30 finished in 1.890944 seconds
2020-09-09 13:16:17.880: epoch 30:	0.13645007  	0.09476259  	0.42786539  	0.53722852  	0.34629333  	0.37575617  	0.26297653  	0.27162406  	0.38759980  	0.39288902  
2020-09-09 13:16:19.885: iteration 31 finished in 2.005638 seconds
2020-09-09 13:16:19.926: epoch 31:	0.13654844  	0.09476260  	0.42929584  	0.53772569  	0.34669054  	0.37587419  	0.26304477  	0.27162477  	0.38790697  	0.39313298  
2020-09-09 13:16:21.803: iteration 32 finished in 1.876982 seconds
2020-09-09 13:16:21.841: epoch 32:	0.13645008  	0.09481180  	0.42901886  	0.53877056  	0.34630418  	0.37584877  	0.26264414  	0.27135861  	0.38753787  	0.39276895  
2020-09-09 13:16:23.673: iteration 33 finished in 1.832102 seconds
2020-09-09 13:16:23.711: epoch 33:	0.13640089  	0.09486099  	0.42892364  	0.53831089  	0.34652779  	0.37604064  	0.26296672  	0.27173689  	0.38789853  	0.39311069  
2020-09-09 13:16:25.573: iteration 34 finished in 1.861022 seconds
2020-09-09 13:16:25.613: epoch 34:	0.13640089  	0.09476259  	0.42921728  	0.53771573  	0.34656873  	0.37583768  	0.26297158  	0.27169046  	0.38762745  	0.39276397  
2020-09-09 13:16:27.518: iteration 35 finished in 1.903910 seconds
2020-09-09 13:16:27.558: epoch 35:	0.13640089  	0.09478720  	0.42957288  	0.53773493  	0.34638792  	0.37561134  	0.26261121  	0.27135819  	0.38735840  	0.39246190  
2020-09-09 13:16:29.464: iteration 36 finished in 1.904907 seconds
2020-09-09 13:16:29.504: epoch 36:	0.13664682  	0.09476259  	0.43050817  	0.53770524  	0.34698993  	0.37585339  	0.26321137  	0.27174094  	0.38753366  	0.39260253  
2020-09-09 13:16:31.321: iteration 37 finished in 1.817142 seconds
2020-09-09 13:16:31.360: epoch 37:	0.13669601  	0.09481179  	0.43073094  	0.53826970  	0.34720588  	0.37613380  	0.26335877  	0.27190569  	0.38788384  	0.39293399  
2020-09-09 13:16:33.272: iteration 38 finished in 1.912227 seconds
2020-09-09 13:16:33.316: epoch 38:	0.13674520  	0.09473800  	0.43077192  	0.53792268  	0.34728408  	0.37604147  	0.26338285  	0.27185473  	0.38818091  	0.39320838  
2020-09-09 13:16:35.369: iteration 39 finished in 2.051972 seconds
2020-09-09 13:16:35.410: epoch 39:	0.13704033  	0.09471340  	0.43152615  	0.53715503  	0.34739521  	0.37565410  	0.26318604  	0.27149814  	0.38813707  	0.39298409  
2020-09-09 13:16:37.241: iteration 40 finished in 1.830107 seconds
2020-09-09 13:16:37.282: epoch 40:	0.13694195  	0.09483638  	0.43083525  	0.53722095  	0.34733793  	0.37588578  	0.26325813  	0.27174401  	0.38833475  	0.39319804  
2020-09-09 13:16:39.128: iteration 41 finished in 1.846208 seconds
2020-09-09 13:16:39.167: epoch 41:	0.13699113  	0.09488557  	0.43043041  	0.53732157  	0.34721804  	0.37588573  	0.26316181  	0.27165532  	0.38838983  	0.39329168  
2020-09-09 13:16:40.994: iteration 42 finished in 1.827115 seconds
2020-09-09 13:16:41.033: epoch 42:	0.13684356  	0.09493476  	0.43011203  	0.53823304  	0.34696028  	0.37596473  	0.26294717  	0.27152002  	0.38833940  	0.39332777  
2020-09-09 13:16:42.863: iteration 43 finished in 1.829109 seconds
2020-09-09 13:16:42.901: epoch 43:	0.13694194  	0.09495935  	0.43052423  	0.53784132  	0.34755817  	0.37634853  	0.26362482  	0.27217355  	0.38895094  	0.39381897  
2020-09-09 13:16:44.736: iteration 44 finished in 1.835094 seconds
2020-09-09 13:16:44.774: epoch 44:	0.13684356  	0.09493475  	0.42993397  	0.53736174  	0.34730110  	0.37617198  	0.26343170  	0.27204716  	0.38891971  	0.39380223  
2020-09-09 13:16:46.621: iteration 45 finished in 1.847062 seconds
2020-09-09 13:16:46.662: epoch 45:	0.13684356  	0.09491015  	0.42986748  	0.53638190  	0.34728876  	0.37595814  	0.26342756  	0.27199411  	0.38886234  	0.39369604  
2020-09-09 13:16:48.501: iteration 46 finished in 1.839083 seconds
2020-09-09 13:16:48.540: epoch 46:	0.13689277  	0.09495935  	0.42988196  	0.53645080  	0.34716946  	0.37583977  	0.26330903  	0.27186742  	0.38859376  	0.39341938  
2020-09-09 13:16:50.520: iteration 47 finished in 1.980511 seconds
2020-09-09 13:16:50.564: epoch 47:	0.13694194  	0.09488557  	0.43040973  	0.53599870  	0.34709433  	0.37550339  	0.26306009  	0.27154428  	0.38831112  	0.39306429  
2020-09-09 13:16:52.408: iteration 48 finished in 1.844070 seconds
2020-09-09 13:16:52.447: epoch 48:	0.13694194  	0.09491016  	0.43086615  	0.53650016  	0.34749177  	0.37590316  	0.26341721  	0.27191624  	0.38887194  	0.39359954  
2020-09-09 13:16:54.332: iteration 49 finished in 1.884300 seconds
2020-09-09 13:16:54.370: epoch 49:	0.13704032  	0.09493476  	0.43122131  	0.53699982  	0.34774706  	0.37613025  	0.26367038  	0.27212843  	0.38895807  	0.39366046  
2020-09-09 13:16:56.234: iteration 50 finished in 1.864017 seconds
2020-09-09 13:16:56.273: epoch 50:	0.13708951  	0.09491017  	0.43124476  	0.53690135  	0.34773847  	0.37606615  	0.26372018  	0.27214441  	0.38835824  	0.39305502  
