2020-08-01 11:33:06.638: Dataset name: u1
The number of users: 1806
The number of items: 1801
The number of ratings: 20192
Average actions of users: 11.18
Average actions of items: 11.21
The sparsity of the dataset: 99.379205%
2020-08-01 11:33:06.639: 

NeuRec hyperparameters:
recommender=WRMF
config_dir=./conf
gpu_id=0
gpu_mem=0.5
data.input.path=C:\Users\HyunsikYoo\Desktop\VNE_directed_networks/_Data/uci/5-fold/u1/
data.input.dataset=u1
data.output.path=C:\Users\HyunsikYoo\Desktop\VNE_directed_networks/_Data/uci/5-fold/u1/relevance_WRMF_directed_False_uniform
data.column.format=UI
data.convert.separator='\t'
user_min=0
item_min=0
splitter=given
ratio=0.8
by_time=False
metric=["Precision", "Recall", "NDCG", "MAP", "MRR"]
topk=[10, 20]
group_view=None
rec.evaluate.neg=0
test_batch_size=128
num_thread=8
data.index.remap=False

WRMF's hyperparameters:
epochs=2
embedding_size=16
reg_mf=0.1
alpha=10
init_method=uniform
stddev=0.01
verbose=1
weight=uniform

2020-08-01 11:33:15.527: metrics:	Precision@10	Precision@20	Recall@10   	Recall@20   	NDCG@10     	NDCG@20     	MAP@10      	MAP@20      	MRR@10      	MRR@20      
2020-08-01 11:33:16.538: iteration 1 finished in 1.011320 seconds
2020-08-01 11:33:16.563: epoch 1:	0.01505485  	0.01350950  	0.04045473  	0.07295996  	0.02725335  	0.03740023  	0.01246738  	0.01456730  	0.04420548  	0.04932005  
2020-08-01 11:33:17.561: iteration 2 finished in 0.998394 seconds
2020-08-01 11:33:17.583: epoch 2:	0.02492527  	0.02253236  	0.06546359  	0.11691396  	0.04903178  	0.06598566  	0.02624308  	0.02987099  	0.07728244  	0.08531486  
