2020-08-01 16:38:35.081: Dataset name: u1
The number of users: 2445
The number of items: 5829
The number of ratings: 20336
Average actions of users: 8.32
Average actions of items: 3.49
The sparsity of the dataset: 99.857310%
2020-08-01 16:38:35.081: 

NeuRec hyperparameters:
recommender=WRMF
config_dir=./conf
gpu_id=0
gpu_mem=0.5
data.input.path=C:\Users\HyunsikYoo\Desktop\VNE_directed_networks/_Data/p2p-Gnutella08/5-fold/u1/
data.input.dataset=u1
data.output.path=C:\Users\HyunsikYoo\Desktop\VNE_directed_networks/_Data/p2p-Gnutella08/5-fold/u1/relevance_WRMF_directed_True_uniform
data.column.format=UI
data.convert.separator='\t'
user_min=0
item_min=0
splitter=given
ratio=0.8
by_time=False
metric=["Precision", "Recall", "NDCG", "MAP", "MRR"]
topk=[10, 20]
group_view=None
rec.evaluate.neg=0
test_batch_size=128
num_thread=8
data.index.remap=True

WRMF's hyperparameters:
epochs=2
embedding_size=16
reg_mf=0.1
alpha=10
init_method=uniform
stddev=0.01
verbose=1
weight=uniform

2020-08-01 16:39:12.133: metrics:	Precision@10	Precision@20	Recall@10   	Recall@20   	NDCG@10     	NDCG@20     	MAP@10      	MAP@20      	MRR@10      	MRR@20      
2020-08-01 16:39:14.607: iteration 1 finished in 2.473385 seconds
2020-08-01 16:39:14.662: epoch 1:	0.00892525  	0.00771030  	0.04626168  	0.08084112  	0.02712271  	0.03753260  	0.01603471  	0.01896438  	0.02801458  	0.03127304  
2020-08-01 16:39:17.169: iteration 2 finished in 2.507266 seconds
2020-08-01 16:39:17.222: epoch 2:	0.01219629  	0.01035046  	0.06355140  	0.10841122  	0.03652748  	0.05008950  	0.02145991  	0.02566216  	0.03657060  	0.04008406  
