2021-11-07 19:12:26.230: Dataset name: u1
The number of users: 27507
The number of items: 27507
The number of ratings: 83647
Average actions of users: 3.04
Average actions of items: 3.04
The sparsity of the dataset: 99.988945%
2021-11-07 19:12:26.246: 

NeuRec hyperparameters:
recommender=WRMF
config_dir=./conf
gpu_id=0
gpu_mem=0.5
data.input.path=D:\hsyoo\Workingon_210628/_Data/digg/5-random-barrier/u1/
data.input.dataset=u1
data.output.path=D:\hsyoo\Workingon_210628/_Emb/digg/5-random-barrier/wrmf/u1_wrmf_directed_dim16_uniform_send.emb
data.column.format=UI
data.convert.separator='\t'
user_min=0
item_min=0
splitter=given
ratio=0.8
by_time=False
metric=["Precision", "Recall", "NDCG", "MAP", "MRR"]
topk=[10, 20]
group_view=None
rec.evaluate.neg=0
test_batch_size=128
num_thread=8
data.index.remap=False

WRMF's hyperparameters:
epochs=50
embedding_size=16
reg_mf=0.1
alpha=10
init_method=uniform
stddev=0.01
verbose=1
weight=uniform

2021-11-07 20:24:33.324: metrics:	Precision@10	Precision@20	Recall@10   	Recall@20   	NDCG@10     	NDCG@20     	MAP@10      	MAP@20      	MRR@10      	MRR@20      
2021-11-07 20:30:32.005: iteration 1 finished in 358.634414 seconds
2021-11-07 20:30:56.304: epoch 1:	0.00230982  	0.00189489  	0.00971908  	0.01535948  	0.00578934  	0.00750916  	0.00322659  	0.00358463  	0.00715307  	0.00802824  
2021-11-07 20:37:04.654: iteration 2 finished in 368.350184 seconds
2021-11-07 20:37:06.843: epoch 2:	0.00257262  	0.00220609  	0.01072033  	0.01824120  	0.00689296  	0.00913624  	0.00418216  	0.00465782  	0.00848449  	0.00959826  
2021-11-07 20:43:29.123: iteration 3 finished in 382.280353 seconds
2021-11-07 20:43:31.016: epoch 3:	0.00271093  	0.00222684  	0.01214099  	0.01894214  	0.00771318  	0.00980832  	0.00477219  	0.00523415  	0.00944538  	0.01052010  
2021-11-07 20:49:54.424: iteration 4 finished in 383.407877 seconds
2021-11-07 20:49:56.997: epoch 4:	0.00280775  	0.00238590  	0.01267036  	0.02069465  	0.00826809  	0.01068444  	0.00524922  	0.00575460  	0.01026049  	0.01147013  
2021-11-07 20:56:19.109: iteration 5 finished in 382.111742 seconds
2021-11-07 20:56:20.686: epoch 5:	0.00283541  	0.00246888  	0.01340533  	0.02154906  	0.00816840  	0.01071932  	0.00489802  	0.00546368  	0.00987936  	0.01121573  
2021-11-07 21:02:44.386: iteration 6 finished in 383.699307 seconds
2021-11-07 21:02:45.793: epoch 6:	0.00291840  	0.00254495  	0.01401018  	0.02287006  	0.00853221  	0.01126066  	0.00513221  	0.00573231  	0.01029737  	0.01168750  
2021-11-07 21:09:03.253: iteration 7 finished in 377.460060 seconds
2021-11-07 21:09:20.705: epoch 7:	0.00300139  	0.00269018  	0.01409202  	0.02447097  	0.00863931  	0.01174985  	0.00515447  	0.00586929  	0.01058031  	0.01203870  
2021-11-07 21:15:48.189: iteration 8 finished in 387.484719 seconds
2021-11-07 21:15:50.829: epoch 8:	0.00320886  	0.00278700  	0.01538806  	0.02547803  	0.00905004  	0.01205604  	0.00525314  	0.00592293  	0.01081896  	0.01224855  
2021-11-07 21:21:57.735: iteration 9 finished in 366.905841 seconds
2021-11-07 21:22:19.414: epoch 9:	0.00325035  	0.00278700  	0.01547906  	0.02555350  	0.00928256  	0.01228344  	0.00548843  	0.00616669  	0.01114651  	0.01258135  
2021-11-07 21:28:47.036: iteration 10 finished in 387.621898 seconds
2021-11-07 21:28:48.895: epoch 10:	0.00330568  	0.00275933  	0.01555279  	0.02547940  	0.00919179  	0.01212347  	0.00531186  	0.00598579  	0.01098718  	0.01233646  
2021-11-07 21:35:06.552: iteration 11 finished in 377.657585 seconds
2021-11-07 21:35:26.460: epoch 11:	0.00330568  	0.00274550  	0.01562574  	0.02531256  	0.00915965  	0.01199559  	0.00524887  	0.00587956  	0.01093559  	0.01227944  
2021-11-07 21:41:54.531: iteration 12 finished in 388.070511 seconds
2021-11-07 21:41:57.111: epoch 12:	0.00330568  	0.00271784  	0.01578191  	0.02477745  	0.00923244  	0.01191170  	0.00526509  	0.00586259  	0.01118916  	0.01248669  
2021-11-07 21:48:11.812: iteration 13 finished in 374.700961 seconds
2021-11-07 21:48:29.984: epoch 13:	0.00333334  	0.00269709  	0.01606039  	0.02490318  	0.00943458  	0.01204768  	0.00545960  	0.00604137  	0.01128982  	0.01254604  
2021-11-07 21:54:56.402: iteration 14 finished in 386.418209 seconds
2021-11-07 21:54:58.246: epoch 14:	0.00334717  	0.00268326  	0.01633817  	0.02476544  	0.00954810  	0.01204666  	0.00553615  	0.00608453  	0.01134201  	0.01257080  
2021-11-07 22:01:07.395: iteration 15 finished in 369.149586 seconds
2021-11-07 22:01:08.926: epoch 15:	0.00334717  	0.00272476  	0.01640271  	0.02527621  	0.00962309  	0.01222802  	0.00559542  	0.00616200  	0.01151798  	0.01276831  
2021-11-07 22:07:45.429: iteration 16 finished in 396.502738 seconds
2021-11-07 22:07:51.695: epoch 16:	0.00340250  	0.00276625  	0.01623640  	0.02540826  	0.00972765  	0.01239751  	0.00572339  	0.00630475  	0.01182260  	0.01305913  
2021-11-07 22:13:51.533: iteration 17 finished in 359.837940 seconds
2021-11-07 22:13:53.705: epoch 17:	0.00334717  	0.00271784  	0.01588126  	0.02503221  	0.00963554  	0.01231315  	0.00572098  	0.00632731  	0.01176392  	0.01299410  
2021-11-07 22:19:02.907: iteration 18 finished in 309.202239 seconds
2021-11-07 22:19:03.829: epoch 18:	0.00336100  	0.00272476  	0.01582132  	0.02546669  	0.00956917  	0.01235117  	0.00565926  	0.00628922  	0.01161540  	0.01286514  
2021-11-07 22:23:44.622: iteration 19 finished in 280.793143 seconds
2021-11-07 22:23:45.320: epoch 19:	0.00336100  	0.00270401  	0.01592835  	0.02516141  	0.00955926  	0.01223389  	0.00563414  	0.00622715  	0.01156562  	0.01280199  
2021-11-07 22:28:26.808: iteration 20 finished in 281.486537 seconds
2021-11-07 22:28:27.462: epoch 20:	0.00327802  	0.00275242  	0.01560727  	0.02593476  	0.00937742  	0.01234565  	0.00551839  	0.00617820  	0.01139712  	0.01273075  
2021-11-07 22:33:16.209: iteration 21 finished in 288.731102 seconds
2021-11-07 22:33:16.615: epoch 21:	0.00330568  	0.00271784  	0.01576895  	0.02539386  	0.00930336  	0.01209829  	0.00538205  	0.00600956  	0.01117686  	0.01244561  
2021-11-07 22:38:06.124: iteration 22 finished in 289.509271 seconds
2021-11-07 22:38:07.109: epoch 22:	0.00333334  	0.00271092  	0.01595512  	0.02522065  	0.00928418  	0.01198206  	0.00529949  	0.00590311  	0.01109261  	0.01233383  
2021-11-07 22:42:51.617: iteration 23 finished in 284.507935 seconds
2021-11-07 22:42:52.413: epoch 23:	0.00336100  	0.00271092  	0.01610239  	0.02507103  	0.00923327  	0.01185375  	0.00518797  	0.00577220  	0.01100172  	0.01221793  
2021-11-07 22:47:22.235: iteration 24 finished in 269.821970 seconds
2021-11-07 22:47:23.094: epoch 24:	0.00331951  	0.00267635  	0.01605474  	0.02473612  	0.00921283  	0.01176820  	0.00519287  	0.00576321  	0.01104579  	0.01226160  
2021-11-07 22:52:15.361: iteration 25 finished in 292.266964 seconds
2021-11-07 22:52:16.830: epoch 25:	0.00330568  	0.00269709  	0.01561444  	0.02468292  	0.00908413  	0.01175102  	0.00512384  	0.00572776  	0.01104623  	0.01231065  
2021-11-07 22:57:04.748: iteration 26 finished in 287.918397 seconds
2021-11-07 22:57:22.188: epoch 26:	0.00330568  	0.00269709  	0.01567260  	0.02448457  	0.00913039  	0.01174102  	0.00516584  	0.00574973  	0.01120178  	0.01243786  
2021-11-07 23:02:14.844: iteration 27 finished in 292.655758 seconds
2021-11-07 23:02:15.797: epoch 27:	0.00331951  	0.00269709  	0.01569236  	0.02488751  	0.00913792  	0.01180724  	0.00516736  	0.00576255  	0.01119673  	0.01241619  
2021-11-07 23:06:43.641: iteration 28 finished in 267.844062 seconds
2021-11-07 23:06:45.595: epoch 28:	0.00329185  	0.00273859  	0.01561859  	0.02532830  	0.00903162  	0.01184719  	0.00509348  	0.00571694  	0.01093597  	0.01222905  
2021-11-07 23:11:33.358: iteration 29 finished in 287.762873 seconds
2021-11-07 23:11:34.326: epoch 29:	0.00331951  	0.00273167  	0.01555429  	0.02534355  	0.00891506  	0.01171324  	0.00496991  	0.00558039  	0.01072383  	0.01202267  
2021-11-07 23:16:17.533: iteration 30 finished in 283.206365 seconds
2021-11-07 23:16:17.908: epoch 30:	0.00330568  	0.00270401  	0.01549098  	0.02485875  	0.00881569  	0.01151985  	0.00487470  	0.00545978  	0.01056395  	0.01184239  
2021-11-07 23:21:10.939: iteration 31 finished in 293.031033 seconds
2021-11-07 23:21:26.924: epoch 31:	0.00329185  	0.00269709  	0.01540108  	0.02459477  	0.00865679  	0.01133400  	0.00471002  	0.00529353  	0.01028107  	0.01158318  
2021-11-07 23:26:07.591: iteration 32 finished in 280.666738 seconds
2021-11-07 23:26:07.982: epoch 32:	0.00326418  	0.00265560  	0.01519196  	0.02411653  	0.00860481  	0.01122649  	0.00470815  	0.00528235  	0.01028716  	0.01159929  
2021-11-07 23:30:52.642: iteration 33 finished in 284.659959 seconds
2021-11-07 23:30:53.516: epoch 33:	0.00329185  	0.00270401  	0.01529240  	0.02466320  	0.00865151  	0.01138041  	0.00472482  	0.00532381  	0.01036740  	0.01169179  
2021-11-07 23:35:38.348: iteration 34 finished in 284.831210 seconds
2021-11-07 23:35:39.191: epoch 34:	0.00319503  	0.00274550  	0.01463704  	0.02517693  	0.00839925  	0.01145339  	0.00460410  	0.00528933  	0.01015725  	0.01159670  
2021-11-07 23:40:12.782: iteration 35 finished in 273.590796 seconds
2021-11-07 23:40:13.829: epoch 35:	0.00323652  	0.00272476  	0.01507078  	0.02529867  	0.00858917  	0.01152728  	0.00472746  	0.00537527  	0.01029715  	0.01167955  
2021-11-07 23:45:07.834: iteration 36 finished in 294.005451 seconds
2021-11-07 23:45:22.502: epoch 36:	0.00316737  	0.00270401  	0.01478382  	0.02504829  	0.00849110  	0.01147250  	0.00469889  	0.00536558  	0.01024419  	0.01166263  
2021-11-07 23:49:34.705: iteration 37 finished in 252.202828 seconds
2021-11-07 23:49:35.892: epoch 37:	0.00313970  	0.00273167  	0.01455725  	0.02543556  	0.00845469  	0.01160693  	0.00471420  	0.00542369  	0.01030050  	0.01177454  
2021-11-07 23:53:48.130: iteration 38 finished in 252.237328 seconds
2021-11-07 23:53:48.801: epoch 38:	0.00323652  	0.00271092  	0.01507441  	0.02492051  	0.00857372  	0.01145363  	0.00472404  	0.00536427  	0.01022097  	0.01159817  
2021-11-07 23:58:09.194: iteration 39 finished in 260.393055 seconds
2021-11-07 23:58:09.585: epoch 39:	0.00320886  	0.00270401  	0.01502963  	0.02491936  	0.00855152  	0.01144712  	0.00471946  	0.00536321  	0.01020313  	0.01159079  
2021-11-08 00:02:17.247: iteration 40 finished in 247.662324 seconds
2021-11-08 00:02:18.231: epoch 40:	0.00318120  	0.00267635  	0.01453052  	0.02463582  	0.00842299  	0.01137643  	0.00466873  	0.00534766  	0.01024413  	0.01163396  
2021-11-08 00:06:41.155: iteration 41 finished in 262.923839 seconds
2021-11-08 00:06:42.204: epoch 41:	0.00319503  	0.00267635  	0.01454205  	0.02460700  	0.00840187  	0.01133104  	0.00464426  	0.00531658  	0.01018118  	0.01153959  
2021-11-08 00:10:49.576: iteration 42 finished in 247.371787 seconds
2021-11-08 00:10:49.951: epoch 42:	0.00320886  	0.00267635  	0.01479089  	0.02465760  	0.00860844  	0.01148215  	0.00486118  	0.00550943  	0.01036609  	0.01172299  
2021-11-08 00:15:02.941: iteration 43 finished in 252.990432 seconds
2021-11-08 00:15:04.097: epoch 43:	0.00322269  	0.00269709  	0.01492921  	0.02474493  	0.00868576  	0.01155118  	0.00492410  	0.00556126  	0.01042092  	0.01178872  
2021-11-08 00:19:16.166: iteration 44 finished in 252.068872 seconds
2021-11-08 00:19:17.010: epoch 44:	0.00325035  	0.00266943  	0.01509858  	0.02463774  	0.00873030  	0.01150106  	0.00492874  	0.00554870  	0.01044908  	0.01174299  
2021-11-08 00:23:27.627: iteration 45 finished in 250.617679 seconds
2021-11-08 00:23:28.018: epoch 45:	0.00325035  	0.00264868  	0.01528001  	0.02443192  	0.00881142  	0.01148403  	0.00498415  	0.00557700  	0.01055610  	0.01182552  
2021-11-08 00:27:38.487: iteration 46 finished in 250.468695 seconds
2021-11-08 00:27:39.361: epoch 46:	0.00320886  	0.00264868  	0.01505462  	0.02416056  	0.00874556  	0.01143943  	0.00496427  	0.00557021  	0.01053673  	0.01182424  
2021-11-08 00:31:59.189: iteration 47 finished in 259.827755 seconds
2021-11-08 00:32:00.626: epoch 47:	0.00318120  	0.00262794  	0.01490567  	0.02406977  	0.00861856  	0.01131922  	0.00486020  	0.00546719  	0.01039512  	0.01168074  
2021-11-08 00:36:08.361: iteration 48 finished in 247.735030 seconds
2021-11-08 00:36:08.783: epoch 48:	0.00316737  	0.00263485  	0.01483997  	0.02401214  	0.00860850  	0.01131781  	0.00485790  	0.00546165  	0.01043470  	0.01173359  
2021-11-08 00:40:29.603: iteration 49 finished in 260.820049 seconds
2021-11-08 00:40:30.603: epoch 49:	0.00316737  	0.00266252  	0.01481932  	0.02425062  	0.00863283  	0.01141061  	0.00489340  	0.00551524  	0.01046340  	0.01176161  
2021-11-08 00:44:51.251: iteration 50 finished in 260.648153 seconds
2021-11-08 00:44:57.487: epoch 50:	0.00311204  	0.00264868  	0.01467870  	0.02431133  	0.00856883  	0.01140769  	0.00487474  	0.00550941  	0.01043124  	0.01177523  
