2021-12-14 22:48:07.031: Dataset name: u1
The number of users: 6110
The number of items: 6110
The number of ratings: 50516
Average actions of users: 8.27
Average actions of items: 8.27
The sparsity of the dataset: 99.864685%
2021-12-14 22:48:07.031: 

NeuRec hyperparameters:
recommender=WRMF
config_dir=./conf
gpu_id=0
gpu_mem=0.5
data.input.path=D:\hsyoo\Workingon_210628/_Data/jung/noniid-out-barrier/u1/
data.input.dataset=u1
data.output.path=D:\hsyoo\Workingon_210628/_Emb/jung/noniid-out-barrier/wrmf/u1_wrmf_directed_dim16_uniform_send.emb
data.column.format=UI
data.convert.separator='\t'
user_min=0
item_min=0
splitter=given
ratio=0.8
by_time=False
metric=["Precision", "Recall", "NDCG", "MAP", "MRR"]
topk=[10, 20]
group_view=None
rec.evaluate.neg=0
test_batch_size=128
num_thread=8
data.index.remap=False

WRMF's hyperparameters:
epochs=50
embedding_size=16
reg_mf=0.1
alpha=10
init_method=uniform
stddev=0.01
verbose=1
weight=uniform

2021-12-14 22:49:42.466: metrics:	Precision@10	Precision@20	Recall@10   	Recall@20   	NDCG@10     	NDCG@20     	MAP@10      	MAP@20      	MRR@10      	MRR@20      
2021-12-14 22:49:48.232: iteration 1 finished in 5.766652 seconds
2021-12-14 22:49:48.373: epoch 1:	0.09333321  	0.05405484  	0.48782653  	0.56024134  	0.40362817  	0.42576274  	0.32763842  	0.33517820  	0.46743399  	0.47201797  
2021-12-14 22:49:52.635: iteration 2 finished in 4.261602 seconds
2021-12-14 22:49:52.744: epoch 2:	0.12568626  	0.06807330  	0.64803302  	0.69869381  	0.60469568  	0.62036657  	0.53873801  	0.54485625  	0.69185728  	0.69417119  
2021-12-14 22:49:57.033: iteration 3 finished in 4.288530 seconds
2021-12-14 22:49:57.152: epoch 3:	0.12580280  	0.06828710  	0.64878994  	0.70163745  	0.59174991  	0.60803878  	0.51670593  	0.52291054  	0.68573087  	0.68814099  
2021-12-14 22:50:01.451: iteration 4 finished in 4.298504 seconds
2021-12-14 22:50:01.558: epoch 4:	0.11681985  	0.06413586  	0.60727865  	0.66447860  	0.55525112  	0.57280427  	0.47913074  	0.48563454  	0.66033590  	0.66345221  
2021-12-14 22:50:05.849: iteration 5 finished in 4.291524 seconds
2021-12-14 22:50:05.954: epoch 5:	0.11456441  	0.06348453  	0.59714317  	0.65570945  	0.53136200  	0.54952657  	0.45205283  	0.45889693  	0.62736171  	0.63022745  
2021-12-14 22:50:10.222: iteration 6 finished in 4.267588 seconds
2021-12-14 22:50:10.329: epoch 6:	0.11149253  	0.06286233  	0.57794559  	0.64762390  	0.50197768  	0.52345705  	0.42089003  	0.42888439  	0.58789796  	0.59175575  
2021-12-14 22:50:14.587: iteration 7 finished in 4.257424 seconds
2021-12-14 22:50:14.696: epoch 7:	0.10880947  	0.06218183  	0.56204379  	0.63860852  	0.47355035  	0.49714854  	0.38846791  	0.39727259  	0.55597454  	0.56023240  
2021-12-14 22:50:18.963: iteration 8 finished in 4.266894 seconds
2021-12-14 22:50:19.072: epoch 8:	0.10667089  	0.06134570  	0.54789847  	0.62839383  	0.45622212  	0.48093131  	0.37108773  	0.38027468  	0.53565419  	0.54030985  
2021-12-14 22:50:23.354: iteration 9 finished in 4.281607 seconds
2021-12-14 22:50:23.463: epoch 9:	0.10515449  	0.06069436  	0.53888601  	0.62150723  	0.44070530  	0.46585184  	0.35458919  	0.36370689  	0.51546139  	0.52039444  
2021-12-14 22:50:27.730: iteration 10 finished in 4.267587 seconds
2021-12-14 22:50:27.837: epoch 10:	0.09780550  	0.06003329  	0.49947977  	0.61439717  	0.41210747  	0.44759062  	0.33081850  	0.34387895  	0.48687267  	0.49395606  
2021-12-14 22:50:32.114: iteration 11 finished in 4.276563 seconds
2021-12-14 22:50:32.223: epoch 11:	0.09687214  	0.05967362  	0.49458960  	0.60974681  	0.40397292  	0.43935344  	0.32255295  	0.33532885  	0.47613794  	0.48322564  
2021-12-14 22:50:36.499: iteration 12 finished in 4.275566 seconds
2021-12-14 22:50:36.609: epoch 12:	0.09607493  	0.05950833  	0.48927805  	0.60767287  	0.39095807  	0.42697167  	0.30941790  	0.32210174  	0.45102152  	0.45856193  
2021-12-14 22:50:40.912: iteration 13 finished in 4.303491 seconds
2021-12-14 22:50:41.019: epoch 13:	0.09510268  	0.05935279  	0.48507804  	0.60610116  	0.38703331  	0.42365620  	0.30596197  	0.31873503  	0.44698095  	0.45445940  
2021-12-14 22:50:45.312: iteration 14 finished in 4.293518 seconds
2021-12-14 22:50:45.417: epoch 14:	0.09428602  	0.05808895  	0.48004845  	0.59374285  	0.37872478  	0.41339335  	0.29811609  	0.31027773  	0.43164253  	0.43931291  
2021-12-14 22:50:49.713: iteration 15 finished in 4.296510 seconds
2021-12-14 22:50:49.821: epoch 15:	0.09418880  	0.05800146  	0.47978917  	0.59320158  	0.37155181  	0.40610713  	0.29040578  	0.30258337  	0.41532499  	0.42281920  
2021-12-14 22:50:54.110: iteration 16 finished in 4.289060 seconds
2021-12-14 22:50:54.220: epoch 16:	0.09368324  	0.05794314  	0.47681603  	0.59252107  	0.36450186  	0.39975685  	0.28372878  	0.29620057  	0.40331966  	0.41094562  
2021-12-14 22:50:58.521: iteration 17 finished in 4.301450 seconds
2021-12-14 22:50:58.630: epoch 17:	0.09354712  	0.05789455  	0.47579527  	0.59261638  	0.36275956  	0.39782959  	0.28247637  	0.29460201  	0.40001756  	0.40741572  
2021-12-14 22:51:02.960: iteration 18 finished in 4.330033 seconds
2021-12-14 22:51:03.054: epoch 18:	0.08987201  	0.05761261  	0.45913193  	0.58999467  	0.35252294  	0.39262256  	0.27588698  	0.28941470  	0.38930216  	0.39943841  
2021-12-14 22:51:07.350: iteration 19 finished in 4.295864 seconds
2021-12-14 22:51:07.459: epoch 19:	0.09057200  	0.05761262  	0.46258321  	0.59039330  	0.34990150  	0.38807511  	0.27261385  	0.28486830  	0.38121766  	0.39038095  
2021-12-14 22:51:11.758: iteration 20 finished in 4.298286 seconds
2021-12-14 22:51:11.867: epoch 20:	0.09020255  	0.05940139  	0.46057391  	0.60457957  	0.34056482  	0.38356444  	0.26155701  	0.27565280  	0.36603260  	0.37506133  
2021-12-14 22:51:16.169: iteration 21 finished in 4.302414 seconds
2021-12-14 22:51:16.279: epoch 21:	0.09031922  	0.05940141  	0.46146837  	0.60496855  	0.33896166  	0.38217214  	0.25964236  	0.27403316  	0.36286744  	0.37209353  
2021-12-14 22:51:20.587: iteration 22 finished in 4.308378 seconds
2021-12-14 22:51:20.697: epoch 22:	0.09331378  	0.05952777  	0.47466752  	0.60574299  	0.34363663  	0.38288152  	0.26067775  	0.27429000  	0.36549637  	0.37262750  
2021-12-14 22:51:25.034: iteration 23 finished in 4.337148 seconds
2021-12-14 22:51:25.142: epoch 23:	0.09282764  	0.05948887  	0.47076240  	0.60512722  	0.34289113  	0.38319686  	0.26064587  	0.27471164  	0.36563370  	0.37308723  
2021-12-14 22:51:29.473: iteration 24 finished in 4.330419 seconds
2021-12-14 22:51:29.581: epoch 24:	0.09257485  	0.05937222  	0.46907720  	0.60418099  	0.34323800  	0.38386768  	0.26132482  	0.27562168  	0.36679885  	0.37427956  
2021-12-14 22:51:33.919: iteration 25 finished in 4.338398 seconds
2021-12-14 22:51:34.027: epoch 25:	0.09269152  	0.05927501  	0.46979007  	0.60349065  	0.34074131  	0.38097411  	0.25810474  	0.27229533  	0.36273265  	0.37017870  
2021-12-14 22:51:38.358: iteration 26 finished in 4.331416 seconds
2021-12-14 22:51:38.466: epoch 26:	0.09261374  	0.05923611  	0.46880171  	0.60361367  	0.34018454  	0.38095456  	0.25765458  	0.27229446  	0.36218691  	0.36975041  
2021-12-14 22:51:42.787: iteration 27 finished in 4.321443 seconds
2021-12-14 22:51:42.893: epoch 27:	0.09263320  	0.05919721  	0.46946603  	0.60267395  	0.33783752  	0.37826204  	0.25485057  	0.26941916  	0.35924232  	0.36670777  
2021-12-14 22:51:47.262: iteration 28 finished in 4.369315 seconds
2021-12-14 22:51:47.366: epoch 28:	0.09239984  	0.05911945  	0.46823457  	0.60191238  	0.33704585  	0.37785745  	0.25441650  	0.26931384  	0.35848498  	0.36609283  
2021-12-14 22:51:51.765: iteration 29 finished in 4.399234 seconds
2021-12-14 22:51:51.872: epoch 29:	0.09263319  	0.05910000  	0.46944985  	0.60185403  	0.33690059  	0.37727967  	0.25400057  	0.26873490  	0.35777119  	0.36526409  
2021-12-14 22:51:56.262: iteration 30 finished in 4.390260 seconds
2021-12-14 22:51:56.368: epoch 30:	0.09300263  	0.05907083  	0.47106040  	0.60140032  	0.33697698  	0.37685263  	0.25375703  	0.26838219  	0.35706538  	0.36454609  
2021-12-14 22:52:00.781: iteration 31 finished in 4.413197 seconds
2021-12-14 22:52:00.887: epoch 31:	0.09683312  	0.05908055  	0.48812878  	0.60133553  	0.34325480  	0.37711379  	0.25726727  	0.26881456  	0.35677019  	0.36421815  
2021-12-14 22:52:05.269: iteration 32 finished in 4.382280 seconds
2021-12-14 22:52:05.378: epoch 32:	0.09677478  	0.05912916  	0.48813528  	0.60222673  	0.34373176  	0.37785640  	0.25793797  	0.26955098  	0.35726327  	0.36479646  
2021-12-14 22:52:09.792: iteration 33 finished in 4.414195 seconds
2021-12-14 22:52:09.901: epoch 33:	0.09677478  	0.05909028  	0.48873472  	0.60164338  	0.34178594  	0.37576127  	0.25615221  	0.26779398  	0.35175702  	0.35930485  
2021-12-14 22:52:14.278: iteration 34 finished in 4.377339 seconds
2021-12-14 22:52:14.387: epoch 34:	0.09671646  	0.05916805  	0.48860520  	0.60222673  	0.34192577  	0.37624636  	0.25661227  	0.26842883  	0.35111293  	0.35878265  
2021-12-14 22:52:18.780: iteration 35 finished in 4.392556 seconds
2021-12-14 22:52:18.889: epoch 35:	0.09646368  	0.05915833  	0.48743206  	0.60235637  	0.34087723  	0.37560096  	0.25586462  	0.26782152  	0.34983540  	0.35762817  
2021-12-14 22:52:23.295: iteration 36 finished in 4.405495 seconds
2021-12-14 22:52:23.403: epoch 36:	0.09667757  	0.05917778  	0.48858905  	0.60282618  	0.34088194  	0.37549546  	0.25569829  	0.26770610  	0.34927005  	0.35710019  
2021-12-14 22:52:27.799: iteration 37 finished in 4.395246 seconds
2021-12-14 22:52:27.903: epoch 37:	0.09663868  	0.05919722  	0.48894867  	0.60308546  	0.34081471  	0.37558639  	0.25548911  	0.26765460  	0.34932017  	0.35718560  
2021-12-14 22:52:32.322: iteration 38 finished in 4.418185 seconds
2021-12-14 22:52:32.430: epoch 38:	0.09667756  	0.05918751  	0.48872188  	0.60246974  	0.34085760  	0.37553918  	0.25555763  	0.26770723  	0.34949189  	0.35734040  
2021-12-14 22:52:36.894: iteration 39 finished in 4.464062 seconds
2021-12-14 22:52:37.001: epoch 39:	0.09659979  	0.05915835  	0.48832655  	0.60256696  	0.34050748  	0.37530145  	0.25530005  	0.26747507  	0.34918073  	0.35706106  
2021-12-14 22:52:41.450: iteration 40 finished in 4.449102 seconds
2021-12-14 22:52:41.562: epoch 40:	0.09667757  	0.05926528  	0.48886123  	0.60407388  	0.34112215  	0.37611985  	0.25573668  	0.26796985  	0.35009035  	0.35796040  
2021-12-14 22:52:46.021: iteration 41 finished in 4.458077 seconds
2021-12-14 22:52:46.130: epoch 41:	0.09669703  	0.05919724  	0.48869917  	0.60244709  	0.34116447  	0.37599012  	0.25584659  	0.26816389  	0.35040978  	0.35833663  
2021-12-14 22:52:50.580: iteration 42 finished in 4.450099 seconds
2021-12-14 22:52:50.690: epoch 42:	0.09673592  	0.05919724  	0.48876399  	0.60272247  	0.33974624  	0.37457395  	0.25419304  	0.26647723  	0.34810364  	0.35605606  
2021-12-14 22:52:55.148: iteration 43 finished in 4.457080 seconds
2021-12-14 22:52:55.255: epoch 43:	0.09644424  	0.05920695  	0.48654410  	0.60245359  	0.33906877  	0.37452707  	0.25401169  	0.26652610  	0.34766474  	0.35584900  
2021-12-14 22:52:59.693: iteration 44 finished in 4.437734 seconds
2021-12-14 22:52:59.794: epoch 44:	0.09926376  	0.05912917  	0.50516146  	0.60120589  	0.34433538  	0.37371051  	0.25497261  	0.26550198  	0.34928519  	0.35531947  
2021-12-14 22:53:04.230: iteration 45 finished in 4.436456 seconds
2021-12-14 22:53:04.340: epoch 45:	0.09922486  	0.05917779  	0.50488603  	0.60177296  	0.34371167  	0.37329972  	0.25449005  	0.26508832  	0.34836307  	0.35439536  
2021-12-14 22:53:08.778: iteration 46 finished in 4.438532 seconds
2021-12-14 22:53:08.888: epoch 46:	0.09926376  	0.05918751  	0.50507081  	0.60191894  	0.34347537  	0.37301186  	0.25428855  	0.26485223  	0.34799880  	0.35396284  
2021-12-14 22:53:13.342: iteration 47 finished in 4.454166 seconds
2021-12-14 22:53:13.451: epoch 47:	0.09904986  	0.05916805  	0.50443876  	0.60211337  	0.34299743  	0.37280601  	0.25399417  	0.26463172  	0.34739983  	0.35349271  
2021-12-14 22:53:17.905: iteration 48 finished in 4.453737 seconds
2021-12-14 22:53:18.014: epoch 48:	0.09663866  	0.05913889  	0.49449328  	0.60195774  	0.33893061  	0.37231091  	0.25263104  	0.26421794  	0.34476557  	0.35290381  
2021-12-14 22:53:22.477: iteration 49 finished in 4.462456 seconds
2021-12-14 22:53:22.584: epoch 49:	0.09663866  	0.05914862  	0.49447709  	0.60205501  	0.33868349  	0.37186691  	0.25245515  	0.26388597  	0.34440753  	0.35222876  
2021-12-14 22:53:27.051: iteration 50 finished in 4.466056 seconds
2021-12-14 22:53:27.158: epoch 50:	0.09663866  	0.05912917  	0.49460670  	0.60208088  	0.33715588  	0.37019429  	0.25092548  	0.26228434  	0.34134835  	0.34899092  
