2020-11-05 15:12:27.868: Dataset name: u1
The number of users: 5907
The number of items: 5907
The number of ratings: 20336
Average actions of users: 3.44
Average actions of items: 3.44
The sparsity of the dataset: 99.941718%
2020-11-05 15:12:27.869: 

NeuRec hyperparameters:
recommender=WRMF
config_dir=./conf
gpu_id=0
gpu_mem=0.5
data.input.path=C:\Users\HyunsikYoo\Desktop\VNE_directed_networks/_Data/p2p-Gnutella08/5-fold/u1/
data.input.dataset=u1
data.output.path=C:\Users\HyunsikYoo\Desktop\VNE_directed_networks/_Emb/p2p-Gnutella08/5-fold/wrmf/u1_wrmf_directed_dim64.emb
data.column.format=UI
data.convert.separator='\t'
user_min=0
item_min=0
splitter=given
ratio=0.8
by_time=False
metric=["Precision", "Recall", "NDCG", "MAP", "MRR"]
topk=[10, 20]
group_view=None
rec.evaluate.neg=0
test_batch_size=128
num_thread=8
data.index.remap=False

WRMF's hyperparameters:
epochs=50
embedding_size=64
reg_mf=0.1
alpha=10
init_method=uniform
stddev=0.01
verbose=1
weight=uniform

2020-11-05 15:13:53.852: metrics:	Precision@10	Precision@20	Recall@10   	Recall@20   	NDCG@10     	NDCG@20     	MAP@10      	MAP@20      	MRR@10      	MRR@20      
2020-11-05 15:14:14.228: iteration 1 finished in 20.374505 seconds
2020-11-05 15:14:14.270: epoch 1:	0.00845796  	0.00764020  	0.04369159  	0.07897196  	0.02561070  	0.03642270  	0.01515409  	0.01824960  	0.02614504  	0.02959457  
2020-11-05 15:14:34.486: iteration 2 finished in 20.215930 seconds
2020-11-05 15:14:34.528: epoch 2:	0.01364489  	0.01163550  	0.07126168  	0.12196261  	0.04167154  	0.05700945  	0.02480910  	0.02965735  	0.04274070  	0.04653314  
2020-11-05 15:14:54.781: iteration 3 finished in 20.252830 seconds
2020-11-05 15:14:54.820: epoch 3:	0.01546732  	0.01303737  	0.08271028  	0.13785046  	0.04692623  	0.06364320  	0.02763361  	0.03307095  	0.04692145  	0.05071140  
2020-11-05 15:15:15.070: iteration 4 finished in 20.248938 seconds
2020-11-05 15:15:15.110: epoch 4:	0.01532713  	0.01334110  	0.08130841  	0.14228971  	0.04698909  	0.06540933  	0.02798389  	0.03387172  	0.04734757  	0.05189460  
2020-11-05 15:15:35.367: iteration 5 finished in 20.255311 seconds
2020-11-05 15:15:35.408: epoch 5:	0.01588788  	0.01350465  	0.08434580  	0.14462617  	0.04887555  	0.06696638  	0.02923324  	0.03496294  	0.04919023  	0.05363721  
2020-11-05 15:15:55.779: iteration 6 finished in 20.370516 seconds
2020-11-05 15:15:55.817: epoch 6:	0.01626170  	0.01355138  	0.08668225  	0.14485981  	0.05025350  	0.06768677  	0.03019015  	0.03558466  	0.05086578  	0.05526894  
2020-11-05 15:16:16.023: iteration 7 finished in 20.204959 seconds
2020-11-05 15:16:16.063: epoch 7:	0.01640189  	0.01362147  	0.08785047  	0.14556074  	0.05046375  	0.06774397  	0.03011533  	0.03548571  	0.05062084  	0.05484914  
2020-11-05 15:16:36.306: iteration 8 finished in 20.242857 seconds
2020-11-05 15:16:36.346: epoch 8:	0.01649535  	0.01357474  	0.08808411  	0.14509346  	0.05061809  	0.06766590  	0.03012777  	0.03550405  	0.05089787  	0.05492082  
2020-11-05 15:16:56.512: iteration 9 finished in 20.166063 seconds
2020-11-05 15:16:56.554: epoch 9:	0.01626170  	0.01371493  	0.08691589  	0.14719626  	0.05005461  	0.06800105  	0.02983163  	0.03547526  	0.05030189  	0.05452306  
2020-11-05 15:17:16.705: iteration 10 finished in 20.151103 seconds
2020-11-05 15:17:16.748: epoch 10:	0.01612152  	0.01373830  	0.08598131  	0.14735201  	0.04949587  	0.06778426  	0.02946160  	0.03521724  	0.04963303  	0.05396534  
2020-11-05 15:17:36.940: iteration 11 finished in 20.191994 seconds
2020-11-05 15:17:36.985: epoch 11:	0.01602806  	0.01369157  	0.08528037  	0.14665107  	0.04968473  	0.06801301  	0.02984823  	0.03561840  	0.05034584  	0.05474709  
2020-11-05 15:17:57.114: iteration 12 finished in 20.128164 seconds
2020-11-05 15:17:57.154: epoch 12:	0.01593460  	0.01373829  	0.08434580  	0.14711837  	0.04916614  	0.06789495  	0.02949256  	0.03540067  	0.04970498  	0.05420084  
2020-11-05 15:18:17.417: iteration 13 finished in 20.261807 seconds
2020-11-05 15:18:17.456: epoch 13:	0.01598133  	0.01369157  	0.08457944  	0.14665107  	0.04947455  	0.06798337  	0.02979083  	0.03566942  	0.05011589  	0.05446958  
2020-11-05 15:18:37.608: iteration 14 finished in 20.151103 seconds
2020-11-05 15:18:37.649: epoch 14:	0.01621497  	0.01364484  	0.08598131  	0.14641744  	0.04999851  	0.06798013  	0.03002003  	0.03572334  	0.05036938  	0.05457422  
2020-11-05 15:18:57.880: iteration 15 finished in 20.230890 seconds
2020-11-05 15:18:57.920: epoch 15:	0.01630843  	0.01355138  	0.08691589  	0.14524922  	0.05021113  	0.06761454  	0.03003533  	0.03558092  	0.05040314  	0.05442369  
2020-11-05 15:19:18.104: iteration 16 finished in 20.184015 seconds
2020-11-05 15:19:18.145: epoch 16:	0.01612152  	0.01352802  	0.08574767  	0.14478192  	0.04991645  	0.06761120  	0.03001762  	0.03564495  	0.05030802  	0.05455281  
2020-11-05 15:19:38.454: iteration 17 finished in 20.308861 seconds
2020-11-05 15:19:38.494: epoch 17:	0.01616824  	0.01357475  	0.08598131  	0.14524922  	0.05011567  	0.06785658  	0.03023429  	0.03584901  	0.05046434  	0.05473116  
2020-11-05 15:19:58.685: iteration 18 finished in 20.189999 seconds
2020-11-05 15:19:58.727: epoch 18:	0.01612152  	0.01352802  	0.08528037  	0.14478192  	0.04974549  	0.06753016  	0.02999454  	0.03562504  	0.04994383  	0.05423685  
2020-11-05 15:20:18.902: iteration 19 finished in 20.175040 seconds
2020-11-05 15:20:18.947: epoch 19:	0.01626170  	0.01364484  	0.08621495  	0.14618379  	0.05025795  	0.06811915  	0.03032840  	0.03595397  	0.05049178  	0.05475027  
2020-11-05 15:20:39.102: iteration 20 finished in 20.154094 seconds
2020-11-05 15:20:39.143: epoch 20:	0.01626170  	0.01359811  	0.08644859  	0.14595015  	0.05008871  	0.06783396  	0.03012109  	0.03572327  	0.05009365  	0.05434489  
2020-11-05 15:20:59.366: iteration 21 finished in 20.222911 seconds
2020-11-05 15:20:59.408: epoch 21:	0.01630843  	0.01364484  	0.08668225  	0.14665107  	0.05019509  	0.06802835  	0.03018515  	0.03576606  	0.05017135  	0.05448199  
2020-11-05 15:21:20.566: iteration 22 finished in 21.158248 seconds
2020-11-05 15:21:20.606: epoch 22:	0.01630843  	0.01359811  	0.08668225  	0.14595015  	0.05014331  	0.06781510  	0.03010598  	0.03564954  	0.05003561  	0.05432873  
2020-11-05 15:21:41.607: iteration 23 finished in 21.001126 seconds
2020-11-05 15:21:41.650: epoch 23:	0.01644862  	0.01357474  	0.08761682  	0.14571650  	0.05045756  	0.06778744  	0.03023401  	0.03564962  	0.05014482  	0.05438427  
2020-11-05 15:22:02.358: iteration 24 finished in 20.708701 seconds
2020-11-05 15:22:02.398: epoch 24:	0.01640189  	0.01359811  	0.08738318  	0.14571650  	0.05025904  	0.06768695  	0.03006156  	0.03551324  	0.04987687  	0.05414078  
2020-11-05 15:22:23.504: iteration 25 finished in 21.105672 seconds
2020-11-05 15:22:23.545: epoch 25:	0.01649535  	0.01355138  	0.08785047  	0.14524922  	0.05035457  	0.06749376  	0.03003263  	0.03538995  	0.04989411  	0.05408897  
2020-11-05 15:22:44.206: iteration 26 finished in 20.659838 seconds
2020-11-05 15:22:44.247: epoch 26:	0.01644862  	0.01355138  	0.08761682  	0.14524922  	0.05051878  	0.06772691  	0.03027657  	0.03565908  	0.05034898  	0.05454996  
2020-11-05 15:23:04.874: iteration 27 finished in 20.627828 seconds
2020-11-05 15:23:04.915: epoch 27:	0.01649535  	0.01350465  	0.08785047  	0.14478192  	0.05068385  	0.06768796  	0.03038264  	0.03573786  	0.05054164  	0.05463896  
2020-11-05 15:23:26.287: iteration 28 finished in 21.370622 seconds
2020-11-05 15:23:26.327: epoch 28:	0.01649535  	0.01350465  	0.08785047  	0.14454828  	0.05078558  	0.06774327  	0.03052199  	0.03588167  	0.05064178  	0.05469293  
2020-11-05 15:23:47.159: iteration 29 finished in 20.832281 seconds
2020-11-05 15:23:47.202: epoch 29:	0.01654208  	0.01352802  	0.08831776  	0.14470404  	0.05107412  	0.06794428  	0.03074979  	0.03606675  	0.05091957  	0.05494713  
2020-11-05 15:24:08.142: iteration 30 finished in 20.940292 seconds
2020-11-05 15:24:08.182: epoch 30:	0.01663553  	0.01350465  	0.08878504  	0.14447039  	0.05135177  	0.06798515  	0.03094329  	0.03617680  	0.05123647  	0.05518547  
2020-11-05 15:24:30.030: iteration 31 finished in 21.846904 seconds
2020-11-05 15:24:30.075: epoch 31:	0.01663553  	0.01352802  	0.08878504  	0.14493769  	0.05140443  	0.06814285  	0.03098408  	0.03623955  	0.05135256  	0.05532409  
2020-11-05 15:24:51.691: iteration 32 finished in 21.614538 seconds
2020-11-05 15:24:51.732: epoch 32:	0.01663553  	0.01357475  	0.08878504  	0.14587227  	0.05143671  	0.06838424  	0.03101598  	0.03631949  	0.05140596  	0.05541149  
2020-11-05 15:25:13.092: iteration 33 finished in 21.358925 seconds
2020-11-05 15:25:13.134: epoch 33:	0.01663553  	0.01357474  	0.08878504  	0.14587227  	0.05139080  	0.06832463  	0.03095646  	0.03625121  	0.05134922  	0.05533641  
2020-11-05 15:25:34.648: iteration 34 finished in 21.514080 seconds
2020-11-05 15:25:34.693: epoch 34:	0.01663553  	0.01357475  	0.08878504  	0.14587227  	0.05140543  	0.06834003  	0.03096851  	0.03627705  	0.05137591  	0.05533896  
2020-11-05 15:25:55.775: iteration 35 finished in 21.081615 seconds
2020-11-05 15:25:55.819: epoch 35:	0.01668226  	0.01362147  	0.08901870  	0.14657320  	0.05157450  	0.06859051  	0.03108849  	0.03640226  	0.05162811  	0.05558565  
2020-11-05 15:26:16.700: iteration 36 finished in 20.881152 seconds
2020-11-05 15:26:16.741: epoch 36:	0.01663553  	0.01366820  	0.08878504  	0.14704049  	0.05156371  	0.06878407  	0.03114783  	0.03648819  	0.05172342  	0.05579068  
2020-11-05 15:26:38.082: iteration 37 finished in 21.341205 seconds
2020-11-05 15:26:38.124: epoch 37:	0.01658881  	0.01362147  	0.08855140  	0.14680685  	0.05138215  	0.06858905  	0.03101784  	0.03636627  	0.05142450  	0.05548126  
2020-11-05 15:26:59.259: iteration 38 finished in 21.134996 seconds
2020-11-05 15:26:59.303: epoch 38:	0.01658881  	0.01359811  	0.08855140  	0.14657320  	0.05118148  	0.06833397  	0.03077538  	0.03613114  	0.05108757  	0.05510782  
2020-11-05 15:27:20.256: iteration 39 finished in 20.952462 seconds
2020-11-05 15:27:20.298: epoch 39:	0.01658881  	0.01357474  	0.08855140  	0.14633957  	0.05112926  	0.06821277  	0.03071892  	0.03605767  	0.05100321  	0.05500077  
2020-11-05 15:27:41.246: iteration 40 finished in 20.947229 seconds
2020-11-05 15:27:41.286: epoch 40:	0.01668226  	0.01355138  	0.08901870  	0.14610592  	0.05122723  	0.06808514  	0.03068267  	0.03596761  	0.05093404  	0.05482273  
2020-11-05 15:28:02.833: iteration 41 finished in 21.546108 seconds
2020-11-05 15:28:02.874: epoch 41:	0.01668226  	0.01355138  	0.08878504  	0.14618379  	0.05118931  	0.06812006  	0.03069722  	0.03600330  	0.05090993  	0.05482494  
2020-11-05 15:28:24.108: iteration 42 finished in 21.233849 seconds
2020-11-05 15:28:24.148: epoch 42:	0.01672899  	0.01362147  	0.08901870  	0.14688472  	0.05123532  	0.06828819  	0.03068805  	0.03602529  	0.05085337  	0.05477841  
2020-11-05 15:28:45.807: iteration 43 finished in 21.658055 seconds
2020-11-05 15:28:45.850: epoch 43:	0.01668226  	0.01359811  	0.08878504  	0.14665107  	0.05118268  	0.06825493  	0.03069917  	0.03603781  	0.05083927  	0.05481077  
2020-11-05 15:29:07.304: iteration 44 finished in 21.452633 seconds
2020-11-05 15:29:07.348: epoch 44:	0.01668226  	0.01362147  	0.08878504  	0.14711837  	0.05107662  	0.06825511  	0.03057020  	0.03593189  	0.05063622  	0.05462923  
2020-11-05 15:29:28.915: iteration 45 finished in 21.567595 seconds
2020-11-05 15:29:28.955: epoch 45:	0.01663553  	0.01357474  	0.08855140  	0.14672898  	0.05097697  	0.06811018  	0.03051392  	0.03585795  	0.05058485  	0.05458804  
2020-11-05 15:29:50.160: iteration 46 finished in 21.203321 seconds
2020-11-05 15:29:50.200: epoch 46:	0.01663553  	0.01357474  	0.08855140  	0.14672898  	0.05091166  	0.06804261  	0.03045709  	0.03580070  	0.05045171  	0.05444843  
2020-11-05 15:30:11.103: iteration 47 finished in 20.902094 seconds
2020-11-05 15:30:11.146: epoch 47:	0.01663553  	0.01357474  	0.08855140  	0.14672898  	0.05087783  	0.06801550  	0.03044800  	0.03579447  	0.05027777  	0.05428509  
2020-11-05 15:30:32.057: iteration 48 finished in 20.909525 seconds
2020-11-05 15:30:32.099: epoch 48:	0.01668226  	0.01362147  	0.08878504  	0.14719626  	0.05114566  	0.06833235  	0.03073366  	0.03608268  	0.05053756  	0.05454571  
2020-11-05 15:30:53.299: iteration 49 finished in 21.200208 seconds
2020-11-05 15:30:53.341: epoch 49:	0.01668226  	0.01359811  	0.08878504  	0.14696261  	0.05126070  	0.06838559  	0.03086096  	0.03618939  	0.05078679  	0.05479738  
2020-11-05 15:31:14.024: iteration 50 finished in 20.682676 seconds
2020-11-05 15:31:14.064: epoch 50:	0.01672899  	0.01359811  	0.08901870  	0.14696261  	0.05124740  	0.06829822  	0.03074627  	0.03605780  	0.05073079  	0.05470258  
