2020-08-01 11:35:49.784: Dataset name: u1
The number of users: 6417
The number of items: 6406
The number of ratings: 53871
Average actions of users: 8.40
Average actions of items: 8.41
The sparsity of the dataset: 99.868950%
2020-08-01 11:35:49.784: 

NeuRec hyperparameters:
recommender=WRMF
config_dir=./conf
gpu_id=0
gpu_mem=0.5
data.input.path=C:\Users\HyunsikYoo\Desktop\VNE_directed_networks/_Data/jdk/5-fold/u1/
data.input.dataset=u1
data.output.path=C:\Users\HyunsikYoo\Desktop\VNE_directed_networks/_Data/jdk/5-fold/u1/relevance_WRMF_directed_False_user_oriented
data.column.format=UI
data.convert.separator='\t'
user_min=0
item_min=0
splitter=given
ratio=0.8
by_time=False
metric=["Precision", "Recall", "NDCG", "MAP", "MRR"]
topk=[10, 20]
group_view=None
rec.evaluate.neg=0
test_batch_size=128
num_thread=8
data.index.remap=False

WRMF's hyperparameters:
epochs=2
embedding_size=16
reg_mf=0.1
alpha=10
init_method=uniform
stddev=0.01
verbose=1
weight=user_oriented

2020-08-01 11:37:36.875: metrics:	Precision@10	Precision@20	Recall@10   	Recall@20   	NDCG@10     	NDCG@20     	MAP@10      	MAP@20      	MRR@10      	MRR@20      
2020-08-01 11:37:41.998: iteration 1 finished in 5.123537 seconds
2020-08-01 11:37:42.143: epoch 1:	0.10207289  	0.06075741  	0.54747027  	0.61049908  	0.47116956  	0.48781705  	0.41558817  	0.42062482  	0.49709928  	0.50096679  
2020-08-01 11:37:47.241: iteration 2 finished in 5.097445 seconds
2020-08-01 11:37:47.382: epoch 2:	0.12918268  	0.07229410  	0.68781435  	0.73445648  	0.64507824  	0.65619594  	0.59872764  	0.60126477  	0.68779850  	0.69005650  
