2020-11-05 14:19:45.318: Dataset name: u1
The number of users: 5907
The number of items: 5907
The number of ratings: 20336
Average actions of users: 3.44
Average actions of items: 3.44
The sparsity of the dataset: 99.941718%
2020-11-05 14:19:45.318: 

NeuRec hyperparameters:
recommender=WRMF
config_dir=./conf
gpu_id=0
gpu_mem=0.5
data.input.path=C:\Users\HyunsikYoo\Desktop\VNE_directed_networks/_Data/p2p-Gnutella08/5-fold/u1/
data.input.dataset=u1
data.output.path=C:\Users\HyunsikYoo\Desktop\VNE_directed_networks/_Emb/p2p-Gnutella08/5-fold/wrmf/u1_wrmf_directed_dim16.emb
data.column.format=UI
data.convert.separator='\t'
user_min=0
item_min=0
splitter=given
ratio=0.8
by_time=False
metric=["Precision", "Recall", "NDCG", "MAP", "MRR"]
topk=[10, 20]
group_view=None
rec.evaluate.neg=0
test_batch_size=128
num_thread=8
data.index.remap=False

WRMF's hyperparameters:
epochs=50
embedding_size=16
reg_mf=0.1
alpha=10
init_method=uniform
stddev=0.01
verbose=1
weight=uniform

2020-11-05 14:21:11.663: metrics:	Precision@10	Precision@20	Recall@10   	Recall@20   	NDCG@10     	NDCG@20     	MAP@10      	MAP@20      	MRR@10      	MRR@20      
2020-11-05 14:21:16.702: iteration 1 finished in 5.038524 seconds
2020-11-05 14:21:16.746: epoch 1:	0.00808412  	0.00696263  	0.04322430  	0.07445484  	0.02511257  	0.03446786  	0.01461068  	0.01725509  	0.02633121  	0.02918909  
2020-11-05 14:21:20.696: iteration 2 finished in 3.949436 seconds
2020-11-05 14:21:20.732: epoch 2:	0.01107479  	0.01014019  	0.05934579  	0.10677570  	0.03603867  	0.05049970  	0.02219599  	0.02660125  	0.03868956  	0.04262453  
2020-11-05 14:21:24.725: iteration 3 finished in 3.993320 seconds
2020-11-05 14:21:24.762: epoch 3:	0.01299068  	0.01147196  	0.06869159  	0.12149533  	0.04033967  	0.05616157  	0.02444538  	0.02936924  	0.04087561  	0.04474208  
2020-11-05 14:21:28.844: iteration 4 finished in 4.081112 seconds
2020-11-05 14:21:28.882: epoch 4:	0.01373835  	0.01214952  	0.07266355  	0.12873831  	0.04301066  	0.05984556  	0.02622144  	0.03153868  	0.04417112  	0.04819700  
2020-11-05 14:21:32.850: iteration 5 finished in 3.967389 seconds
2020-11-05 14:21:32.890: epoch 5:	0.01411218  	0.01226635  	0.07476635  	0.12990654  	0.04418070  	0.06072715  	0.02702696  	0.03226055  	0.04524255  	0.04914236  
2020-11-05 14:21:36.881: iteration 6 finished in 3.991352 seconds
2020-11-05 14:21:36.918: epoch 6:	0.01429910  	0.01240653  	0.07570093  	0.13130841  	0.04496688  	0.06161511  	0.02752828  	0.03279011  	0.04652520  	0.05038362  
2020-11-05 14:21:40.959: iteration 7 finished in 4.040228 seconds
2020-11-05 14:21:40.996: epoch 7:	0.01425237  	0.01259345  	0.07523365  	0.13317756  	0.04527640  	0.06263987  	0.02799844  	0.03351217  	0.04710355  	0.05113211  
2020-11-05 14:21:44.997: iteration 8 finished in 4.001298 seconds
2020-11-05 14:21:45.035: epoch 8:	0.01485985  	0.01261681  	0.07827103  	0.13341121  	0.04651515  	0.06293048  	0.02853916  	0.03369984  	0.04769620  	0.05144562  
2020-11-05 14:21:49.064: iteration 9 finished in 4.029224 seconds
2020-11-05 14:21:49.103: epoch 9:	0.01500004  	0.01266354  	0.07873832  	0.13380063  	0.04698319  	0.06338702  	0.02884670  	0.03401114  	0.04839175  	0.05216796  
2020-11-05 14:21:53.142: iteration 10 finished in 4.039197 seconds
2020-11-05 14:21:53.184: epoch 10:	0.01518695  	0.01266354  	0.07990655  	0.13380063  	0.04742600  	0.06354319  	0.02907543  	0.03415263  	0.04855697  	0.05233958  
2020-11-05 14:21:57.179: iteration 11 finished in 3.994366 seconds
2020-11-05 14:21:57.218: epoch 11:	0.01514022  	0.01266354  	0.07967290  	0.13403428  	0.04733277  	0.06359030  	0.02903279  	0.03412285  	0.04844832  	0.05235759  
2020-11-05 14:22:01.106: iteration 12 finished in 3.887117 seconds
2020-11-05 14:22:01.144: epoch 12:	0.01518695  	0.01271026  	0.08037383  	0.13450156  	0.04762863  	0.06386268  	0.02918447  	0.03427083  	0.04874408  	0.05265263  
2020-11-05 14:22:05.154: iteration 13 finished in 4.009813 seconds
2020-11-05 14:22:05.199: epoch 13:	0.01504677  	0.01285045  	0.07943925  	0.13613708  	0.04743414  	0.06442817  	0.02923603  	0.03454585  	0.04871125  	0.05286533  
2020-11-05 14:22:09.313: iteration 14 finished in 4.114118 seconds
2020-11-05 14:22:09.351: epoch 14:	0.01495331  	0.01287381  	0.07897196  	0.13660437  	0.04744123  	0.06474324  	0.02939624  	0.03478283  	0.04897437  	0.05332009  
2020-11-05 14:22:13.643: iteration 15 finished in 4.292300 seconds
2020-11-05 14:22:13.700: epoch 15:	0.01500004  	0.01287381  	0.07897196  	0.13660437  	0.04729517  	0.06462642  	0.02924260  	0.03463219  	0.04857515  	0.05302224  
2020-11-05 14:22:17.785: iteration 16 finished in 4.085341 seconds
2020-11-05 14:22:17.828: epoch 16:	0.01528041  	0.01289718  	0.08130841  	0.13683800  	0.04808398  	0.06483172  	0.02961996  	0.03483591  	0.04890298  	0.05314426  
2020-11-05 14:22:21.810: iteration 17 finished in 3.981354 seconds
2020-11-05 14:22:21.854: epoch 17:	0.01528041  	0.01282708  	0.08060747  	0.13598131  	0.04778832  	0.06444923  	0.02937027  	0.03457047  	0.04849967  	0.05270039  
2020-11-05 14:22:26.024: iteration 18 finished in 4.169127 seconds
2020-11-05 14:22:26.065: epoch 18:	0.01523368  	0.01282708  	0.08060747  	0.13621496  	0.04776562  	0.06449750  	0.02939976  	0.03461811  	0.04840491  	0.05263988  
2020-11-05 14:22:30.306: iteration 19 finished in 4.238738 seconds
2020-11-05 14:22:30.344: epoch 19:	0.01523368  	0.01285045  	0.08060747  	0.13644859  	0.04777294  	0.06456582  	0.02940884  	0.03464766  	0.04847352  	0.05269967  
2020-11-05 14:22:34.342: iteration 20 finished in 3.998307 seconds
2020-11-05 14:22:34.380: epoch 20:	0.01528041  	0.01292054  	0.08107477  	0.13696781  	0.04814468  	0.06494514  	0.02973603  	0.03492874  	0.04898253  	0.05325236  
2020-11-05 14:22:38.597: iteration 21 finished in 4.215727 seconds
2020-11-05 14:22:38.637: epoch 21:	0.01528041  	0.01292054  	0.08107477  	0.13720146  	0.04820063  	0.06504495  	0.02979519  	0.03499020  	0.04906430  	0.05336032  
2020-11-05 14:22:42.734: iteration 22 finished in 4.097213 seconds
2020-11-05 14:22:42.772: epoch 22:	0.01532714  	0.01289718  	0.08107477  	0.13720146  	0.04832392  	0.06511475  	0.02989931  	0.03508183  	0.04925308  	0.05350714  
2020-11-05 14:22:46.961: iteration 23 finished in 4.187887 seconds
2020-11-05 14:22:47.001: epoch 23:	0.01528041  	0.01294391  	0.08084112  	0.13790239  	0.04804963  	0.06510701  	0.02963581  	0.03491756  	0.04881639  	0.05311060  
2020-11-05 14:22:51.136: iteration 24 finished in 4.134442 seconds
2020-11-05 14:22:51.176: epoch 24:	0.01523368  	0.01306073  	0.08107477  	0.13930427  	0.04803580  	0.06543583  	0.02956952  	0.03489685  	0.04881565  	0.05326475  
2020-11-05 14:22:55.305: iteration 25 finished in 4.128956 seconds
2020-11-05 14:22:55.343: epoch 25:	0.01523368  	0.01303736  	0.08107477  	0.13907062  	0.04790556  	0.06523766  	0.02937528  	0.03469009  	0.04868975  	0.05311102  
2020-11-05 14:22:59.368: iteration 26 finished in 4.025234 seconds
2020-11-05 14:22:59.412: epoch 26:	0.01542059  	0.01299063  	0.08182763  	0.13860333  	0.04814622  	0.06509701  	0.02943084  	0.03463555  	0.04876986  	0.05305563  
2020-11-05 14:23:03.524: iteration 27 finished in 4.112002 seconds
2020-11-05 14:23:03.561: epoch 27:	0.01542059  	0.01294391  	0.08159398  	0.13813603  	0.04812577  	0.06499125  	0.02946654  	0.03463556  	0.04878415  	0.05307977  
2020-11-05 14:23:07.654: iteration 28 finished in 4.093053 seconds
2020-11-05 14:23:07.695: epoch 28:	0.01551405  	0.01289718  	0.08229491  	0.13743509  	0.04834949  	0.06485181  	0.02954949  	0.03463862  	0.04887463  	0.05305446  
2020-11-05 14:23:11.726: iteration 29 finished in 4.031219 seconds
2020-11-05 14:23:11.764: epoch 29:	0.01556078  	0.01287381  	0.08252856  	0.13720146  	0.04836496  	0.06472397  	0.02950749  	0.03455601  	0.04874891  	0.05288152  
2020-11-05 14:23:15.806: iteration 30 finished in 4.042190 seconds
2020-11-05 14:23:15.842: epoch 30:	0.01560751  	0.01292054  	0.08276220  	0.13790239  	0.04862547  	0.06509042  	0.02971628  	0.03479129  	0.04916390  	0.05331171  
2020-11-05 14:23:19.796: iteration 31 finished in 3.954450 seconds
2020-11-05 14:23:19.834: epoch 31:	0.01570096  	0.01294390  	0.08322949  	0.13813603  	0.04887831  	0.06525365  	0.02986435  	0.03491771  	0.04937530  	0.05345697  
2020-11-05 14:23:23.881: iteration 32 finished in 4.046183 seconds
2020-11-05 14:23:23.920: epoch 32:	0.01565423  	0.01294390  	0.08299585  	0.13813603  	0.04864465  	0.06510490  	0.02965528  	0.03475614  	0.04906692  	0.05314978  
2020-11-05 14:23:28.044: iteration 33 finished in 4.123105 seconds
2020-11-05 14:23:28.082: epoch 33:	0.01556078  	0.01294390  	0.08252856  	0.13813603  	0.04828933  	0.06491277  	0.02942451  	0.03453694  	0.04850135  	0.05273776  
2020-11-05 14:23:32.194: iteration 34 finished in 4.111679 seconds
2020-11-05 14:23:32.231: epoch 34:	0.01556078  	0.01292054  	0.08252856  	0.13790239  	0.04820622  	0.06477222  	0.02933290  	0.03444020  	0.04832537  	0.05254612  
2020-11-05 14:23:36.413: iteration 35 finished in 4.181919 seconds
2020-11-05 14:23:36.460: epoch 35:	0.01546732  	0.01294390  	0.08206127  	0.13836968  	0.04808211  	0.06489555  	0.02931103  	0.03449043  	0.04832667  	0.05259259  
2020-11-05 14:23:40.658: iteration 36 finished in 4.197442 seconds
2020-11-05 14:23:40.700: epoch 36:	0.01546732  	0.01292054  	0.08206127  	0.13813603  	0.04793624  	0.06468812  	0.02912087  	0.03429231  	0.04807745  	0.05232323  
2020-11-05 14:23:44.807: iteration 37 finished in 4.106403 seconds
2020-11-05 14:23:44.846: epoch 37:	0.01551405  	0.01292054  	0.08229491  	0.13813603  	0.04816719  	0.06484501  	0.02929610  	0.03446232  	0.04845648  	0.05264195  
2020-11-05 14:23:48.843: iteration 38 finished in 3.995314 seconds
2020-11-05 14:23:48.883: epoch 38:	0.01532713  	0.01289718  	0.08112669  	0.13766874  	0.04770935  	0.06463698  	0.02906811  	0.03432872  	0.04815219  	0.05242755  
2020-11-05 14:23:53.014: iteration 39 finished in 4.130960 seconds
2020-11-05 14:23:53.053: epoch 39:	0.01551405  	0.01294390  	0.08206127  	0.13813603  	0.04807223  	0.06481481  	0.02919059  	0.03440682  	0.04840233  	0.05253280  
2020-11-05 14:23:57.276: iteration 40 finished in 4.222804 seconds
2020-11-05 14:23:57.314: epoch 40:	0.01560751  	0.01294391  	0.08252856  	0.13813603  	0.04826626  	0.06484050  	0.02926885  	0.03444924  	0.04852360  	0.05253594  
2020-11-05 14:24:01.394: iteration 41 finished in 4.078228 seconds
2020-11-05 14:24:01.435: epoch 41:	0.01570096  	0.01292054  	0.08299585  	0.13790239  	0.04852353  	0.06487280  	0.02942989  	0.03454676  	0.04877263  	0.05269636  
2020-11-05 14:24:05.519: iteration 42 finished in 4.084077 seconds
2020-11-05 14:24:05.556: epoch 42:	0.01565423  	0.01289718  	0.08299585  	0.13766874  	0.04854081  	0.06486762  	0.02945586  	0.03459485  	0.04885053  	0.05276005  
2020-11-05 14:24:09.598: iteration 43 finished in 4.042188 seconds
2020-11-05 14:24:09.636: epoch 43:	0.01579442  	0.01289718  	0.08393043  	0.13743509  	0.04871767  	0.06471774  	0.02946049  	0.03447661  	0.04863264  	0.05247970  
2020-11-05 14:24:13.645: iteration 44 finished in 4.008280 seconds
2020-11-05 14:24:13.682: epoch 44:	0.01574769  	0.01292054  	0.08369678  	0.13766874  	0.04870833  	0.06485759  	0.02952864  	0.03458047  	0.04869105  	0.05260882  
2020-11-05 14:24:17.645: iteration 45 finished in 3.962403 seconds
2020-11-05 14:24:17.683: epoch 45:	0.01565423  	0.01294391  	0.08322949  	0.13813603  	0.04847787  	0.06489552  	0.02938419  	0.03452401  	0.04852936  	0.05251561  
2020-11-05 14:24:21.668: iteration 46 finished in 3.985383 seconds
2020-11-05 14:24:21.706: epoch 46:	0.01574769  	0.01296727  	0.08369678  	0.13836968  	0.04855657  	0.06486644  	0.02933616  	0.03443886  	0.04846965  	0.05237477  
2020-11-05 14:24:25.658: iteration 47 finished in 3.952430 seconds
2020-11-05 14:24:25.696: epoch 47:	0.01570096  	0.01299064  	0.08299585  	0.13860333  	0.04855672  	0.06511176  	0.02951622  	0.03469586  	0.04867399  	0.05264232  
2020-11-05 14:24:29.667: iteration 48 finished in 3.970380 seconds
2020-11-05 14:24:29.705: epoch 48:	0.01574769  	0.01294391  	0.08322949  	0.13813603  	0.04861199  	0.06495760  	0.02949545  	0.03463291  	0.04870775  	0.05258697  
2020-11-05 14:24:33.723: iteration 49 finished in 4.018253 seconds
2020-11-05 14:24:33.760: epoch 49:	0.01570096  	0.01289718  	0.08299585  	0.13743509  	0.04845742  	0.06470661  	0.02939096  	0.03451144  	0.04847651  	0.05234659  
2020-11-05 14:24:37.835: iteration 50 finished in 4.074103 seconds
2020-11-05 14:24:37.872: epoch 50:	0.01570096  	0.01289718  	0.08299585  	0.13743509  	0.04827530  	0.06451620  	0.02918662  	0.03430120  	0.04815089  	0.05201145  
