2021-11-07 02:09:12.142: Dataset name: u1
The number of users: 6597
The number of items: 6597
The number of ratings: 103158
Average actions of users: 15.64
Average actions of items: 15.64
The sparsity of the dataset: 99.762966%
2021-11-07 02:09:12.142: 

NeuRec hyperparameters:
recommender=WRMF
config_dir=./conf
gpu_id=0
gpu_mem=0.5
data.input.path=D:\hsyoo\Workingon_210628/_Data/wiki-vote/5-noniid-in-barrier/u1/
data.input.dataset=u1
data.output.path=D:\hsyoo\Workingon_210628/_Emb/wiki-vote/5-noniid-in-barrier/wrmf/u1_wrmf_directed_dim16_uniform_send.emb
data.column.format=UI
data.convert.separator='\t'
user_min=0
item_min=0
splitter=given
ratio=0.8
by_time=False
metric=["Precision", "Recall", "NDCG", "MAP", "MRR"]
topk=[10, 20]
group_view=None
rec.evaluate.neg=0
test_batch_size=128
num_thread=8
data.index.remap=False

WRMF's hyperparameters:
epochs=50
embedding_size=16
reg_mf=0.1
alpha=10
init_method=uniform
stddev=0.01
verbose=1
weight=uniform

2021-11-07 02:16:19.455: metrics:	Precision@10	Precision@20	Recall@10   	Recall@20   	NDCG@10     	NDCG@20     	MAP@10      	MAP@20      	MRR@10      	MRR@20      
2021-11-07 02:16:30.458: iteration 1 finished in 10.987066 seconds
2021-11-07 02:16:31.598: epoch 1:	0.01490636  	0.01492504  	0.01705932  	0.03233669  	0.01873020  	0.02355999  	0.00812327  	0.00818324  	0.03588239  	0.04055706  
2021-11-07 02:16:42.921: iteration 2 finished in 11.323174 seconds
2021-11-07 02:16:43.140: epoch 2:	0.03576761  	0.03413871  	0.05541765  	0.10268189  	0.05224362  	0.06659649  	0.02587205  	0.02762763  	0.08839203  	0.09643670  
2021-11-07 02:16:53.846: iteration 3 finished in 10.705445 seconds
2021-11-07 02:16:54.064: epoch 3:	0.04205970  	0.03889533  	0.06812275  	0.12064096  	0.06323613  	0.07864092  	0.03264000  	0.03421150  	0.10383959  	0.11215329  
2021-11-07 02:17:05.283: iteration 4 finished in 11.218394 seconds
2021-11-07 02:17:07.535: epoch 4:	0.04438177  	0.04116129  	0.07334771  	0.12995243  	0.06737814  	0.08402783  	0.03515735  	0.03711264  	0.10937198  	0.11763693  
2021-11-07 02:17:22.422: iteration 5 finished in 14.887120 seconds
2021-11-07 02:17:24.893: epoch 5:	0.04550536  	0.04204144  	0.07584821  	0.12911272  	0.06914503  	0.08513270  	0.03612748  	0.03791502  	0.11157785  	0.11964155  
2021-11-07 02:17:34.727: iteration 6 finished in 9.833311 seconds
2021-11-07 02:17:34.852: epoch 6:	0.04569262  	0.04241597  	0.07655445  	0.13073045  	0.06863208  	0.08499782  	0.03535407  	0.03718323  	0.10947732  	0.11769996  
2021-11-07 02:17:44.336: iteration 7 finished in 9.484480 seconds
2021-11-07 02:17:44.477: epoch 7:	0.04543046  	0.04275306  	0.07610907  	0.13262928  	0.06812370  	0.08530115  	0.03491540  	0.03708963  	0.10898521  	0.11732061  
2021-11-07 02:17:57.999: iteration 8 finished in 13.521750 seconds
2021-11-07 02:17:59.733: epoch 8:	0.04546791  	0.04299651  	0.07533685  	0.13362215  	0.06871881  	0.08623204  	0.03555652  	0.03774428  	0.11142355  	0.11981438  
2021-11-07 02:18:12.721: iteration 9 finished in 12.987883 seconds
2021-11-07 02:18:12.877: epoch 9:	0.04539301  	0.04290289  	0.07401536  	0.13321923  	0.06853283  	0.08620764  	0.03565810  	0.03787004  	0.11145373  	0.12001862  
2021-11-07 02:18:21.095: iteration 10 finished in 8.218210 seconds
2021-11-07 02:18:21.236: epoch 10:	0.04494357  	0.04279054  	0.07254272  	0.13288726  	0.06828448  	0.08633032  	0.03587505  	0.03823348  	0.11194124  	0.12038483  
2021-11-07 02:18:31.832: iteration 11 finished in 10.596678 seconds
2021-11-07 02:18:32.082: epoch 11:	0.04490612  	0.04290289  	0.07101493  	0.13397071  	0.06819332  	0.08681712  	0.03624722  	0.03862060  	0.11191030  	0.12085068  
2021-11-07 02:18:46.434: iteration 12 finished in 14.351693 seconds
2021-11-07 02:18:47.747: epoch 12:	0.04528064  	0.04280926  	0.07067463  	0.13310704  	0.06821916  	0.08647768  	0.03605903  	0.03835408  	0.11275703  	0.12139113  
2021-11-07 02:19:01.014: iteration 13 finished in 13.266407 seconds
2021-11-07 02:19:01.264: epoch 13:	0.04535555  	0.04277178  	0.07168856  	0.13216478  	0.06806422  	0.08585013  	0.03566438  	0.03786154  	0.11135460  	0.11985721  
2021-11-07 02:19:11.225: iteration 14 finished in 9.961137 seconds
2021-11-07 02:19:11.350: epoch 14:	0.04494356  	0.04303397  	0.07067948  	0.13433826  	0.06763846  	0.08647916  	0.03554013  	0.03813245  	0.11100131  	0.11962830  
2021-11-07 02:19:21.298: iteration 15 finished in 9.948518 seconds
2021-11-07 02:19:21.939: epoch 15:	0.04498101  	0.04305270  	0.07113767  	0.13289402  	0.06766044  	0.08619878  	0.03540698  	0.03814866  	0.11066156  	0.11912036  
2021-11-07 02:19:36.116: iteration 16 finished in 14.176607 seconds
2021-11-07 02:19:37.053: epoch 16:	0.04539299  	0.04297780  	0.07194480  	0.13157010  	0.06788857  	0.08575872  	0.03544310  	0.03805757  	0.11000658  	0.11826411  
2021-11-07 02:19:47.985: iteration 17 finished in 10.932514 seconds
2021-11-07 02:19:48.110: epoch 17:	0.04558026  	0.04288416  	0.07299881  	0.13129912  	0.06792922  	0.08539345  	0.03515384  	0.03772666  	0.10983242  	0.11775792  
2021-11-07 02:19:56.848: iteration 18 finished in 8.737438 seconds
2021-11-07 02:19:56.973: epoch 18:	0.04591734  	0.04284670  	0.07406581  	0.13085985  	0.06834925  	0.08531377  	0.03522685  	0.03765399  	0.11050259  	0.11821128  
2021-11-07 02:20:07.883: iteration 19 finished in 10.909892 seconds
2021-11-07 02:20:10.616: epoch 19:	0.04606716  	0.04258452  	0.07449061  	0.12906367  	0.06853635  	0.08478388  	0.03525844  	0.03751126  	0.11085230  	0.11834396  
2021-11-07 02:20:25.274: iteration 20 finished in 14.657998 seconds
2021-11-07 02:20:27.399: epoch 20:	0.04591735  	0.04290288  	0.07367256  	0.13051055  	0.06820356  	0.08521689  	0.03505083  	0.03746185  	0.11093094  	0.11880180  
2021-11-07 02:20:37.955: iteration 21 finished in 10.556148 seconds
2021-11-07 02:20:38.064: epoch 21:	0.04610462  	0.04290289  	0.07377179  	0.13074778  	0.06835242  	0.08528608  	0.03521247  	0.03749620  	0.11059190  	0.11869293  
2021-11-07 02:20:46.832: iteration 22 finished in 8.768056 seconds
2021-11-07 02:20:46.957: epoch 22:	0.04606717  	0.04303398  	0.07323913  	0.13000280  	0.06800685  	0.08501942  	0.03502707  	0.03731746  	0.10976715  	0.11798815  
2021-11-07 02:21:05.314: iteration 23 finished in 18.356451 seconds
2021-11-07 02:21:07.594: epoch 23:	0.04595481  	0.04305270  	0.07301742  	0.12972264  	0.06794453  	0.08496579  	0.03503057  	0.03739006  	0.10974365  	0.11782539  
2021-11-07 02:21:36.454: iteration 24 finished in 28.734706 seconds
2021-11-07 02:21:37.282: epoch 24:	0.04587991  	0.04305270  	0.07326322  	0.13051844  	0.06812897  	0.08526031  	0.03520044  	0.03749952  	0.11015728  	0.11853173  
2021-11-07 02:21:59.251: iteration 25 finished in 21.968521 seconds
2021-11-07 02:21:59.875: epoch 25:	0.04569263  	0.04301524  	0.07428957  	0.13002385  	0.06825474  	0.08508947  	0.03523611  	0.03746457  	0.11003733  	0.11836316  
2021-11-07 02:22:22.916: iteration 26 finished in 23.040987 seconds
2021-11-07 02:22:23.432: epoch 26:	0.04554283  	0.04301524  	0.07353749  	0.13072389  	0.06803644  	0.08523753  	0.03522389  	0.03752118  	0.10994488  	0.11843801  
2021-11-07 02:22:45.642: iteration 27 finished in 22.209590 seconds
2021-11-07 02:22:48.639: epoch 27:	0.04554282  	0.04301523  	0.07334059  	0.13018642  	0.06803776  	0.08516689  	0.03522849  	0.03752249  	0.11031306  	0.11863434  
2021-11-07 02:23:17.641: iteration 28 finished in 29.001337 seconds
2021-11-07 02:23:18.658: epoch 28:	0.04561773  	0.04292160  	0.07335246  	0.12916800  	0.06811291  	0.08495644  	0.03529758  	0.03753657  	0.11028480  	0.11848266  
2021-11-07 02:23:43.424: iteration 29 finished in 24.765973 seconds
2021-11-07 02:23:43.940: epoch 29:	0.04558028  	0.04290286  	0.07313570  	0.12946370  	0.06799251  	0.08495069  	0.03522855  	0.03750548  	0.10979818  	0.11792973  
2021-11-07 02:24:06.398: iteration 30 finished in 22.458673 seconds
2021-11-07 02:24:07.211: epoch 30:	0.04546792  	0.04294032  	0.07300152  	0.12913226  	0.06800959  	0.08499320  	0.03533645  	0.03756003  	0.10996983  	0.11819597  
2021-11-07 02:24:30.544: iteration 31 finished in 23.333733 seconds
2021-11-07 02:24:31.192: epoch 31:	0.04558028  	0.04303395  	0.07308529  	0.12877168  	0.06816817  	0.08502061  	0.03551304  	0.03767170  	0.11000758  	0.11820252  
2021-11-07 02:24:57.000: iteration 32 finished in 25.807937 seconds
2021-11-07 02:24:59.517: epoch 32:	0.04539302  	0.04305268  	0.07282999  	0.12867920  	0.06792670  	0.08492146  	0.03536487  	0.03758776  	0.10955145  	0.11770814  
2021-11-07 02:25:28.656: iteration 33 finished in 29.138643 seconds
2021-11-07 02:25:31.030: epoch 33:	0.04573009  	0.04307140  	0.07360134  	0.12890559  	0.06853189  	0.08524457  	0.03588138  	0.03794974  	0.10985763  	0.11792956  
2021-11-07 02:25:53.408: iteration 34 finished in 22.378242 seconds
2021-11-07 02:25:54.361: epoch 34:	0.04584245  	0.04303395  	0.07373707  	0.12784517  	0.06879362  	0.08517754  	0.03614829  	0.03812138  	0.11011463  	0.11813281  
2021-11-07 02:26:10.947: iteration 35 finished in 16.585850 seconds
2021-11-07 02:26:11.088: epoch 35:	0.04576755  	0.04303395  	0.07340502  	0.12830800  	0.06859205  	0.08520006  	0.03600208  	0.03805757  	0.10996258  	0.11803108  
2021-11-07 02:26:21.344: iteration 36 finished in 10.256346 seconds
2021-11-07 02:26:22.047: epoch 36:	0.04561773  	0.04309014  	0.07335139  	0.12819162  	0.06845129  	0.08515790  	0.03593880  	0.03806216  	0.10957972  	0.11768346  
2021-11-07 02:26:35.792: iteration 37 finished in 13.744833 seconds
2021-11-07 02:26:36.136: epoch 37:	0.04599226  	0.04307141  	0.07319843  	0.12788416  	0.06862490  	0.08507934  	0.03597236  	0.03801257  	0.11003569  	0.11793492  
2021-11-07 02:26:47.382: iteration 38 finished in 11.246955 seconds
2021-11-07 02:26:47.523: epoch 38:	0.04599226  	0.04297778  	0.07323818  	0.12728678  	0.06863672  	0.08490005  	0.03597226  	0.03797536  	0.11003539  	0.11784131  
2021-11-07 02:26:56.282: iteration 39 finished in 8.759016 seconds
2021-11-07 02:26:56.407: epoch 39:	0.04599226  	0.04297778  	0.07359299  	0.12722206  	0.06864718  	0.08482581  	0.03592351  	0.03791221  	0.10979683  	0.11754318  
2021-11-07 02:27:06.189: iteration 40 finished in 9.781573 seconds
2021-11-07 02:27:08.175: epoch 40:	0.04580500  	0.04280923  	0.07245279  	0.12642968  	0.06814338  	0.08439389  	0.03570242  	0.03770542  	0.10924379  	0.11709201  
2021-11-07 02:27:34.970: iteration 41 finished in 26.794626 seconds
2021-11-07 02:27:38.250: epoch 41:	0.04573009  	0.04284668  	0.07251012  	0.12693959  	0.06801252  	0.08442407  	0.03553811  	0.03757324  	0.10917603  	0.11709132  
2021-11-07 02:27:59.892: iteration 42 finished in 21.641521 seconds
2021-11-07 02:28:00.579: epoch 42:	0.04595480  	0.04286541  	0.07335836  	0.12717283  	0.06826753  	0.08445806  	0.03558838  	0.03758357  	0.10899693  	0.11675850  
2021-11-07 02:28:20.998: iteration 43 finished in 20.418873 seconds
2021-11-07 02:28:21.257: epoch 43:	0.04587990  	0.04271559  	0.07315467  	0.12652345  	0.06814464  	0.08422703  	0.03551853  	0.03751657  	0.10877193  	0.11656865  
2021-11-07 02:28:42.908: iteration 44 finished in 21.651067 seconds
2021-11-07 02:28:43.095: epoch 44:	0.04576754  	0.04267814  	0.07266591  	0.12640530  	0.06794041  	0.08414765  	0.03542075  	0.03748133  	0.10844954  	0.11624743  
2021-11-07 02:29:09.522: iteration 45 finished in 26.426975 seconds
2021-11-07 02:29:12.974: epoch 45:	0.04576754  	0.04280923  	0.07234802  	0.12657541  	0.06787131  	0.08426128  	0.03546777  	0.03756743  	0.10822883  	0.11609174  
2021-11-07 02:29:38.468: iteration 46 finished in 25.493737 seconds
2021-11-07 02:29:38.687: epoch 46:	0.04580499  	0.04279050  	0.07247192  	0.12635368  	0.06792231  	0.08417744  	0.03552306  	0.03755992  	0.10812881  	0.11596681  
2021-11-07 02:29:59.345: iteration 47 finished in 20.658251 seconds
2021-11-07 02:30:00.157: epoch 47:	0.04576753  	0.04280923  	0.07233818  	0.12678911  	0.06785838  	0.08426368  	0.03547435  	0.03754039  	0.10822587  	0.11608831  
2021-11-07 02:30:21.329: iteration 48 finished in 21.171361 seconds
2021-11-07 02:30:21.969: epoch 48:	0.04595480  	0.04275305  	0.07260465  	0.12705836  	0.06789490  	0.08415811  	0.03535957  	0.03734951  	0.10803325  	0.11591718  
2021-11-07 02:30:44.408: iteration 49 finished in 22.438864 seconds
2021-11-07 02:30:46.314: epoch 49:	0.04595480  	0.04280922  	0.07260465  	0.12706560  	0.06795321  	0.08423176  	0.03539466  	0.03736645  	0.10831713  	0.11619024  
2021-11-07 02:31:13.623: iteration 50 finished in 27.308797 seconds
2021-11-07 02:31:16.153: epoch 50:	0.04610461  	0.04271559  	0.07275885  	0.12727821  	0.06798095  	0.08413681  	0.03533251  	0.03725483  	0.10833599  	0.11608839  
