2020-09-09 16:18:17.326: Dataset name: u1
The number of users: 11415
The number of items: 11416
The number of ratings: 48534
Average actions of users: 4.25
Average actions of items: 4.25
The sparsity of the dataset: 99.962756%
2020-09-09 16:18:17.327: 

NeuRec hyperparameters:
recommender=WRMF
config_dir=./conf
gpu_id=0
gpu_mem=0.5
data.input.path=C:\Users\HyunsikYoo\Desktop\VNE_directed_networks/_Data/dblp-cite/5-fold/u1/
data.input.dataset=u1
data.output.path=C:\Users\HyunsikYoo\Desktop\VNE_directed_networks/_Data/dblp-cite/5-fold/u1/relevance_WRMF_directed_uni_False_uniform
data.column.format=UI
data.convert.separator='\t'
user_min=0
item_min=0
splitter=given
ratio=0.8
by_time=False
metric=["Precision", "Recall", "NDCG", "MAP", "MRR"]
topk=[10, 20]
group_view=None
rec.evaluate.neg=0
test_batch_size=128
num_thread=8
data.index.remap=False

WRMF's hyperparameters:
epochs=50
embedding_size=16
reg_mf=0.1
alpha=10
init_method=uniform
stddev=0.01
verbose=1
weight=uniform

2020-09-09 16:24:13.179: metrics:	Precision@10	Precision@20	Recall@10   	Recall@20   	NDCG@10     	NDCG@20     	MAP@10      	MAP@20      	MRR@10      	MRR@20      
2020-09-09 16:24:25.494: iteration 1 finished in 12.314080 seconds
2020-09-09 16:24:25.588: epoch 1:	0.01114949  	0.00968239  	0.03932012  	0.06490595  	0.02661807  	0.03538220  	0.01450994  	0.01640321  	0.03689162  	0.04135903  
2020-09-09 16:24:37.850: iteration 2 finished in 12.261221 seconds
2020-09-09 16:24:37.938: epoch 2:	0.04238832  	0.02994488  	0.15428971  	0.21209441  	0.11232285  	0.13169216  	0.06905921  	0.07419454  	0.15125987  	0.15805934  
2020-09-09 16:24:50.374: iteration 3 finished in 12.435755 seconds
2020-09-09 16:24:50.463: epoch 3:	0.05536772  	0.03867828  	0.19947807  	0.27297130  	0.15399985  	0.17856885  	0.09889074  	0.10583241  	0.21285485  	0.22059357  
2020-09-09 16:25:02.799: iteration 4 finished in 12.336021 seconds
2020-09-09 16:25:02.887: epoch 4:	0.05961363  	0.04137078  	0.21241990  	0.29050872  	0.16489817  	0.19090681  	0.10603014  	0.11362576  	0.22832234  	0.23600212  
2020-09-09 16:25:15.472: iteration 5 finished in 12.585355 seconds
2020-09-09 16:25:15.561: epoch 5:	0.06182287  	0.04299316  	0.21843053  	0.30139315  	0.16870385  	0.19583610  	0.10819970  	0.11587980  	0.23153023  	0.23946108  
2020-09-09 16:25:28.113: iteration 6 finished in 12.552443 seconds
2020-09-09 16:25:28.201: epoch 6:	0.06285848  	0.04363175  	0.22150703  	0.30385849  	0.17012611  	0.19707403  	0.10861196  	0.11611575  	0.23320855  	0.24106060  
2020-09-09 16:25:40.674: iteration 7 finished in 12.471659 seconds
2020-09-09 16:25:40.762: epoch 7:	0.06306560  	0.04387338  	0.22244932  	0.30481520  	0.17081809  	0.19787329  	0.10884063  	0.11639997  	0.23487051  	0.24277933  
2020-09-09 16:25:53.195: iteration 8 finished in 12.431766 seconds
2020-09-09 16:25:53.285: epoch 8:	0.06310011  	0.04378710  	0.22219275  	0.30399090  	0.17013639  	0.19707590  	0.10812686  	0.11564301  	0.23337100  	0.24150878  
2020-09-09 16:26:05.824: iteration 9 finished in 12.539478 seconds
2020-09-09 16:26:05.915: epoch 9:	0.06316918  	0.04382163  	0.22262180  	0.30483353  	0.17026730  	0.19731881  	0.10811736  	0.11567958  	0.23366632  	0.24178259  
2020-09-09 16:26:18.554: iteration 10 finished in 12.639211 seconds
2020-09-09 16:26:18.642: epoch 10:	0.06334177  	0.04378712  	0.22350429  	0.30522773  	0.17002930  	0.19682544  	0.10766599  	0.11507393  	0.23265694  	0.24071573  
2020-09-09 16:26:31.362: iteration 11 finished in 12.719994 seconds
2020-09-09 16:26:31.453: epoch 11:	0.06306561  	0.04383890  	0.22227910  	0.30561990  	0.16936913  	0.19670942  	0.10716508  	0.11477607  	0.23241881  	0.24069567  
2020-09-09 16:26:43.993: iteration 12 finished in 12.538481 seconds
2020-09-09 16:26:44.084: epoch 12:	0.06313466  	0.04387342  	0.22262821  	0.30524734  	0.16911973  	0.19628732  	0.10671053  	0.11432268  	0.23216455  	0.24034093  
2020-09-09 16:26:56.796: iteration 13 finished in 12.710022 seconds
2020-09-09 16:26:56.888: epoch 13:	0.06292752  	0.04387343  	0.22263320  	0.30564088  	0.16910501  	0.19641368  	0.10664517  	0.11431788  	0.23275435  	0.24091458  
2020-09-09 16:27:09.478: iteration 14 finished in 12.590341 seconds
2020-09-09 16:27:09.568: epoch 14:	0.06275491  	0.04376987  	0.22211069  	0.30534887  	0.16854616  	0.19594672  	0.10620468  	0.11383268  	0.23194753  	0.24038917  
2020-09-09 16:27:22.231: iteration 15 finished in 12.662148 seconds
2020-09-09 16:27:22.322: epoch 15:	0.06299657  	0.04366631  	0.22215295  	0.30424100  	0.16838348  	0.19532865  	0.10587622  	0.11338060  	0.23164286  	0.23979579  
2020-09-09 16:27:34.863: iteration 16 finished in 12.540475 seconds
2020-09-09 16:27:34.952: epoch 16:	0.06292753  	0.04368357  	0.22171953  	0.30468807  	0.16843966  	0.19562103  	0.10606010  	0.11362694  	0.23184888  	0.24011341  
2020-09-09 16:27:47.567: iteration 17 finished in 12.615274 seconds
2020-09-09 16:27:47.657: epoch 17:	0.06299656  	0.04368357  	0.22222635  	0.30421111  	0.16875201  	0.19567747  	0.10627259  	0.11378475  	0.23245589  	0.24060582  
2020-09-09 16:28:00.396: iteration 18 finished in 12.738944 seconds
2020-09-09 16:28:00.486: epoch 18:	0.06296203  	0.04370083  	0.22213122  	0.30460262  	0.16891013  	0.19596560  	0.10638195  	0.11396030  	0.23337869  	0.24148032  
2020-09-09 16:28:13.201: iteration 19 finished in 12.715009 seconds
2020-09-09 16:28:13.290: epoch 19:	0.06306561  	0.04373534  	0.22306190  	0.30478039  	0.16937833  	0.19622488  	0.10670756  	0.11422689  	0.23365450  	0.24165373  
2020-09-09 16:28:26.426: iteration 20 finished in 13.135883 seconds
2020-09-09 16:28:26.517: epoch 20:	0.06296205  	0.04373534  	0.22268522  	0.30476180  	0.16898602  	0.19598648  	0.10631907  	0.11397812  	0.23297511  	0.24090092  
2020-09-09 16:28:39.332: iteration 21 finished in 12.813745 seconds
2020-09-09 16:28:39.422: epoch 21:	0.06323820  	0.04370083  	0.22455342  	0.30458093  	0.16974764  	0.19611233  	0.10669599  	0.11419616  	0.23345026  	0.24110530  
2020-09-09 16:28:52.352: iteration 22 finished in 12.930432 seconds
2020-09-09 16:28:52.444: epoch 22:	0.06327272  	0.04371809  	0.22473608  	0.30442715  	0.16962512  	0.19589913  	0.10654011  	0.11396920  	0.23304415  	0.24075243  
2020-09-09 16:29:05.203: iteration 23 finished in 12.758890 seconds
2020-09-09 16:29:05.294: epoch 23:	0.06327272  	0.04373536  	0.22459227  	0.30451480  	0.16980092  	0.19612111  	0.10677040  	0.11424017  	0.23340820  	0.24100889  
2020-09-09 16:29:18.176: iteration 24 finished in 12.882560 seconds
2020-09-09 16:29:18.265: epoch 24:	0.06313465  	0.04363180  	0.22424015  	0.30388978  	0.16939041  	0.19565228  	0.10646199  	0.11387880  	0.23262423  	0.24029100  
2020-09-09 16:29:31.105: iteration 25 finished in 12.839676 seconds
2020-09-09 16:29:31.599: epoch 25:	0.06303108  	0.04361454  	0.22405605  	0.30364922  	0.16924915  	0.19554499  	0.10638911  	0.11382367  	0.23236588  	0.24006081  
2020-09-09 16:29:44.102: iteration 26 finished in 12.500582 seconds
2020-09-09 16:29:44.189: epoch 26:	0.06306561  	0.04364907  	0.22371681  	0.30368391  	0.16920990  	0.19560525  	0.10639995  	0.11384021  	0.23236737  	0.24017172  
2020-09-09 16:29:56.513: iteration 27 finished in 12.323056 seconds
2020-09-09 16:29:56.602: epoch 27:	0.06306560  	0.04368358  	0.22342758  	0.30392843  	0.16925704  	0.19579402  	0.10648723  	0.11398145  	0.23260559  	0.24048421  
2020-09-09 16:30:09.513: iteration 28 finished in 12.911483 seconds
2020-09-09 16:30:09.603: epoch 28:	0.06292751  	0.04370084  	0.22266261  	0.30417618  	0.16896164  	0.19579580  	0.10636616  	0.11394225  	0.23248149  	0.24043564  
2020-09-09 16:30:22.140: iteration 29 finished in 12.536486 seconds
2020-09-09 16:30:22.228: epoch 29:	0.06289300  	0.04370084  	0.22319150  	0.30416465  	0.16913566  	0.19586489  	0.10645600  	0.11398558  	0.23268352  	0.24062623  
2020-09-09 16:30:34.667: iteration 30 finished in 12.438747 seconds
2020-09-09 16:30:34.756: epoch 30:	0.06289300  	0.04371809  	0.22335105  	0.30420101  	0.16925745  	0.19596535  	0.10658871  	0.11410154  	0.23275587  	0.24069181  
2020-09-09 16:30:47.240: iteration 31 finished in 12.484625 seconds
2020-09-09 16:30:47.332: epoch 31:	0.06285848  	0.04371810  	0.22336830  	0.30445823  	0.16919227  	0.19597095  	0.10651682  	0.11406226  	0.23264587  	0.24058835  
2020-09-09 16:30:59.905: iteration 32 finished in 12.572390 seconds
2020-09-09 16:30:59.994: epoch 32:	0.06275491  	0.04371810  	0.22323294  	0.30461845  	0.16906108  	0.19594438  	0.10643656  	0.11400381  	0.23254053  	0.24053134  
2020-09-09 16:31:12.398: iteration 33 finished in 12.403840 seconds
2020-09-09 16:31:12.488: epoch 33:	0.06265136  	0.04373536  	0.22264120  	0.30456182  	0.16870078  	0.19578718  	0.10616717  	0.11382218  	0.23209220  	0.24018338  
2020-09-09 16:31:25.083: iteration 34 finished in 12.595329 seconds
2020-09-09 16:31:25.175: epoch 34:	0.06282395  	0.04375262  	0.22349572  	0.30493578  	0.16903949  	0.19593646  	0.10632334  	0.11392166  	0.23227207  	0.24025306  
2020-09-09 16:31:37.805: iteration 35 finished in 12.630234 seconds
2020-09-09 16:31:37.895: epoch 35:	0.06268587  	0.04373536  	0.22323082  	0.30465564  	0.16887768  	0.19583866  	0.10629494  	0.11390204  	0.23200190  	0.24010488  
2020-09-09 16:31:50.679: iteration 36 finished in 12.783824 seconds
2020-09-09 16:31:50.768: epoch 36:	0.06261682  	0.04375261  	0.22289333  	0.30515438  	0.16877158  	0.19595151  	0.10629304  	0.11395430  	0.23183879  	0.23998901  
2020-09-09 16:32:03.628: iteration 37 finished in 12.859622 seconds
2020-09-09 16:32:03.718: epoch 37:	0.06261682  	0.04368357  	0.22309378  	0.30495933  	0.16882670  	0.19587140  	0.10633226  	0.11394012  	0.23180398  	0.23991440  
2020-09-09 16:32:16.660: iteration 38 finished in 12.942400 seconds
2020-09-09 16:32:16.752: epoch 38:	0.06272038  	0.04373536  	0.22311392  	0.30557245  	0.16884534  	0.19597365  	0.10632555  	0.11394833  	0.23172495  	0.23979388  
2020-09-09 16:32:29.531: iteration 39 finished in 12.778837 seconds
2020-09-09 16:32:29.623: epoch 39:	0.06265134  	0.04375261  	0.22279751  	0.30585209  	0.16882770  	0.19611870  	0.10639518  	0.11405569  	0.23191263  	0.24005447  
2020-09-09 16:32:42.436: iteration 40 finished in 12.812747 seconds
2020-09-09 16:32:42.525: epoch 40:	0.06261683  	0.04378713  	0.22273977  	0.30617556  	0.16893443  	0.19636714  	0.10649908  	0.11423223  	0.23229411  	0.24051301  
2020-09-09 16:32:55.381: iteration 41 finished in 12.855632 seconds
2020-09-09 16:32:55.870: epoch 41:	0.06265134  	0.04385617  	0.22249278  	0.30654952  	0.16892421  	0.19652151  	0.10654954  	0.11429571  	0.23233931  	0.24063836  
2020-09-09 16:33:08.620: iteration 42 finished in 12.748240 seconds
2020-09-09 16:33:08.709: epoch 42:	0.06258231  	0.04385616  	0.22194624  	0.30620915  	0.16879794  	0.19646907  	0.10654025  	0.11431528  	0.23238192  	0.24069093  
2020-09-09 16:33:21.467: iteration 43 finished in 12.757965 seconds
2020-09-09 16:33:21.557: epoch 43:	0.06258231  	0.04390794  	0.22220513  	0.30647951  	0.16903915  	0.19674563  	0.10674953  	0.11452214  	0.23284961  	0.24118182  
2020-09-09 16:33:34.104: iteration 44 finished in 12.546606 seconds
2020-09-09 16:33:34.194: epoch 44:	0.06254778  	0.04389068  	0.22228815  	0.30641028  	0.16926692  	0.19693102  	0.10692427  	0.11469068  	0.23362665  	0.24189535  
2020-09-09 16:33:46.745: iteration 45 finished in 12.550448 seconds
2020-09-09 16:33:46.834: epoch 45:	0.06261683  	0.04382166  	0.22237442  	0.30599028  	0.16942923  	0.19689474  	0.10707982  	0.11477818  	0.23380721  	0.24201714  
2020-09-09 16:33:59.447: iteration 46 finished in 12.613281 seconds
2020-09-09 16:33:59.537: epoch 46:	0.06261683  	0.04378714  	0.22253200  	0.30592346  	0.16941816  	0.19681123  	0.10702973  	0.11470854  	0.23375738  	0.24193445  
2020-09-09 16:34:12.155: iteration 47 finished in 12.618266 seconds
2020-09-09 16:34:12.250: epoch 47:	0.06265134  	0.04383892  	0.22249752  	0.30658510  	0.16937086  	0.19691625  	0.10699768  	0.11468674  	0.23352489  	0.24174391  
2020-09-09 16:34:24.958: iteration 48 finished in 12.708027 seconds
2020-09-09 16:34:25.048: epoch 48:	0.06261683  	0.04378714  	0.22232491  	0.30612484  	0.16940612  	0.19687890  	0.10707532  	0.11474273  	0.23374815  	0.24197437  
2020-09-09 16:34:37.795: iteration 49 finished in 12.747921 seconds
2020-09-09 16:34:37.884: epoch 49:	0.06254778  	0.04370084  	0.22207563  	0.30573499  	0.16931164  	0.19674425  	0.10705019  	0.11471859  	0.23371992  	0.24194917  
2020-09-09 16:34:51.435: iteration 50 finished in 13.550775 seconds
2020-09-09 16:34:51.528: epoch 50:	0.06268586  	0.04370084  	0.22250710  	0.30556482  	0.16941848  	0.19664209  	0.10702420  	0.11464285  	0.23363596  	0.24175838  
