2021-11-07 00:45:15.458: Dataset name: u1
The number of users: 6289
The number of items: 6289
The number of ratings: 20764
Average actions of users: 3.30
Average actions of items: 3.30
The sparsity of the dataset: 99.947501%
2021-11-07 00:45:15.505: 

NeuRec hyperparameters:
recommender=WRMF
config_dir=./conf
gpu_id=0
gpu_mem=0.5
data.input.path=D:\hsyoo\Workingon_210628/_Data/p2p-Gnutella08/5-random-barrier/u1/
data.input.dataset=u1
data.output.path=D:\hsyoo\Workingon_210628/_Emb/p2p-Gnutella08/5-random-barrier/wrmf/u1_wrmf_directed_dim16_uniform_send.emb
data.column.format=UI
data.convert.separator='\t'
user_min=0
item_min=0
splitter=given
ratio=0.8
by_time=False
metric=["Precision", "Recall", "NDCG", "MAP", "MRR"]
topk=[10, 20]
group_view=None
rec.evaluate.neg=0
test_batch_size=128
num_thread=8
data.index.remap=False

WRMF's hyperparameters:
epochs=50
embedding_size=16
reg_mf=0.1
alpha=10
init_method=uniform
stddev=0.01
verbose=1
weight=uniform

2021-11-07 00:51:40.846: metrics:	Precision@10	Precision@20	Recall@10   	Recall@20   	NDCG@10     	NDCG@20     	MAP@10      	MAP@20      	MRR@10      	MRR@20      
2021-11-07 00:51:55.354: iteration 1 finished in 14.508301 seconds
2021-11-07 00:51:55.604: epoch 1:	0.00915273  	0.00849897  	0.03739541  	0.07289448  	0.02297198  	0.03397490  	0.01269650  	0.01589676  	0.02649370  	0.02968517  
2021-11-07 00:52:08.793: iteration 2 finished in 13.188478 seconds
2021-11-07 00:52:08.871: epoch 2:	0.01438287  	0.01281380  	0.06137079  	0.10641958  	0.03437637  	0.04911495  	0.01845503  	0.02310316  	0.03487912  	0.03867115  
2021-11-07 00:52:23.701: iteration 3 finished in 14.830026 seconds
2021-11-07 00:52:24.779: epoch 3:	0.01710254  	0.01427822  	0.07276372  	0.11987843  	0.04282171  	0.05813683  	0.02425334  	0.02926579  	0.04531075  	0.04903142  
2021-11-07 00:52:39.220: iteration 4 finished in 14.440719 seconds
2021-11-07 00:52:43.533: epoch 4:	0.01725945  	0.01519349  	0.07389296  	0.12904464  	0.04443926  	0.06209262  	0.02559477  	0.03120820  	0.04769336  	0.05201906  
2021-11-07 00:53:02.877: iteration 5 finished in 19.312904 seconds
2021-11-07 00:53:11.862: epoch 5:	0.01783475  	0.01550730  	0.07606347  	0.13232219  	0.04580970  	0.06368328  	0.02657746  	0.03236545  	0.04854802  	0.05282759  
2021-11-07 00:53:35.642: iteration 6 finished in 23.593244 seconds
2021-11-07 00:53:35.767: epoch 6:	0.01830546  	0.01566420  	0.07916667  	0.13440549  	0.04733417  	0.06488551  	0.02735407  	0.03302326  	0.05020880  	0.05441050  
2021-11-07 00:53:51.650: iteration 7 finished in 15.883095 seconds
2021-11-07 00:53:52.230: epoch 7:	0.01846236  	0.01618722  	0.07982916  	0.13834554  	0.04723679  	0.06581905  	0.02715358  	0.03313728  	0.04927837  	0.05368148  
2021-11-07 00:54:07.372: iteration 8 finished in 15.141404 seconds
2021-11-07 00:54:12.904: epoch 8:	0.01872386  	0.01600416  	0.08063110  	0.13795328  	0.04705807  	0.06511664  	0.02678947  	0.03257727  	0.04807149  	0.05231008  
2021-11-07 00:54:26.248: iteration 9 finished in 13.343967 seconds
2021-11-07 00:54:27.764: epoch 9:	0.01888077  	0.01613491  	0.08089260  	0.13960946  	0.04755835  	0.06589394  	0.02717136  	0.03297790  	0.04899153  	0.05332239  
2021-11-07 00:54:49.673: iteration 10 finished in 21.908222 seconds
2021-11-07 00:54:55.969: epoch 10:	0.01893307  	0.01623951  	0.08115411  	0.14043757  	0.04764090  	0.06614611  	0.02711643  	0.03293891  	0.04931593  	0.05376759  
2021-11-07 00:55:20.206: iteration 11 finished in 24.236385 seconds
2021-11-07 00:55:20.674: epoch 11:	0.01888077  	0.01626566  	0.08089261  	0.14048117  	0.04747330  	0.06608438  	0.02696229  	0.03279826  	0.04919805  	0.05368001  
2021-11-07 00:55:35.501: iteration 12 finished in 14.826959 seconds
2021-11-07 00:55:40.266: epoch 12:	0.01877616  	0.01634412  	0.08045676  	0.14080368  	0.04757933  	0.06648108  	0.02717617  	0.03311022  	0.04974160  	0.05435438  
2021-11-07 00:55:54.954: iteration 13 finished in 14.687613 seconds
2021-11-07 00:55:55.750: epoch 13:	0.01861926  	0.01647487  	0.07997734  	0.14237274  	0.04752992  	0.06701421  	0.02724120  	0.03329707  	0.04992155  	0.05471050  
2021-11-07 00:56:10.095: iteration 14 finished in 14.345179 seconds
2021-11-07 00:56:12.657: epoch 14:	0.01882847  	0.01634412  	0.08070083  	0.14102164  	0.04789475  	0.06675824  	0.02741207  	0.03334669  	0.05031588  	0.05479641  
2021-11-07 00:56:31.189: iteration 15 finished in 18.516431 seconds
2021-11-07 00:56:45.796: epoch 15:	0.01903767  	0.01631797  	0.08145919  	0.14106521  	0.04777561  	0.06633083  	0.02702888  	0.03284103  	0.04967395  	0.05405911  
2021-11-07 00:57:06.845: iteration 16 finished in 21.048854 seconds
2021-11-07 00:57:07.157: epoch 16:	0.01903767  	0.01621336  	0.08163353  	0.13986228  	0.04790102  	0.06610472  	0.02715313  	0.03289801  	0.04992902  	0.05420494  
2021-11-07 00:57:21.423: iteration 17 finished in 14.265503 seconds
2021-11-07 00:57:21.470: epoch 17:	0.01888077  	0.01613491  	0.08071827  	0.13888599  	0.04792288  	0.06614975  	0.02737520  	0.03314256  	0.05063696  	0.05495457  
2021-11-07 00:57:36.033: iteration 18 finished in 14.563596 seconds
2021-11-07 00:57:37.080: epoch 18:	0.01888077  	0.01623951  	0.08106694  	0.13933927  	0.04791725  	0.06624544  	0.02729118  	0.03305501  	0.05048089  	0.05490446  
2021-11-07 00:57:51.391: iteration 19 finished in 14.310992 seconds
2021-11-07 00:57:53.143: epoch 19:	0.01893307  	0.01629181  	0.08097976  	0.14008020  	0.04801605  	0.06651494  	0.02738369  	0.03320566  	0.05075692  	0.05515090  
2021-11-07 00:58:10.251: iteration 20 finished in 17.107280 seconds
2021-11-07 00:58:13.237: epoch 20:	0.01888077  	0.01634412  	0.08028242  	0.14060323  	0.04784678  	0.06667824  	0.02726097  	0.03321564  	0.05085259  	0.05527861  
2021-11-07 00:58:35.938: iteration 21 finished in 22.701819 seconds
2021-11-07 00:58:39.189: epoch 21:	0.01893307  	0.01623951  	0.08067468  	0.13973153  	0.04801296  	0.06647930  	0.02731561  	0.03319351  	0.05107487  	0.05535552  
2021-11-07 00:58:55.996: iteration 22 finished in 16.806460 seconds
2021-11-07 00:58:59.685: epoch 22:	0.01872386  	0.01616106  	0.07958507  	0.13885985  	0.04750980  	0.06609015  	0.02703612  	0.03298660  	0.05065355  	0.05493649  
2021-11-07 00:59:15.905: iteration 23 finished in 16.219918 seconds
2021-11-07 00:59:15.999: epoch 23:	0.01872386  	0.01618721  	0.07971583  	0.13912135  	0.04741124  	0.06603462  	0.02688843  	0.03283258  	0.05033166  	0.05468049  
2021-11-07 00:59:31.079: iteration 24 finished in 15.080156 seconds
2021-11-07 00:59:31.157: epoch 24:	0.01877617  	0.01623951  	0.08036959  	0.13974898  	0.04731533  	0.06591027  	0.02663428  	0.03257329  	0.04991989  	0.05420769  
2021-11-07 00:59:47.449: iteration 25 finished in 16.291780 seconds
2021-11-07 00:59:49.298: epoch 25:	0.01867156  	0.01616106  	0.07971583  	0.13896444  	0.04688155  	0.06546240  	0.02635819  	0.03231981  	0.04929581  	0.05360754  
2021-11-07 01:00:15.053: iteration 26 finished in 25.754764 seconds
2021-11-07 01:00:18.195: epoch 26:	0.01861926  	0.01613491  	0.07945432  	0.13874653  	0.04676175  	0.06537752  	0.02626399  	0.03227524  	0.04932859  	0.05360894  
2021-11-07 01:00:36.882: iteration 27 finished in 18.671855 seconds
2021-11-07 01:00:37.494: epoch 27:	0.01882847  	0.01618721  	0.08012553  	0.13953105  	0.04713188  	0.06567003  	0.02651459  	0.03250331  	0.04953509  	0.05368600  
2021-11-07 01:00:53.089: iteration 28 finished in 15.595559 seconds
2021-11-07 01:00:54.605: epoch 28:	0.01888077  	0.01621336  	0.08003835  	0.13966180  	0.04717654  	0.06577080  	0.02656933  	0.03255622  	0.04963263  	0.05382728  
2021-11-07 01:01:09.559: iteration 29 finished in 14.954417 seconds
2021-11-07 01:01:12.591: epoch 29:	0.01888077  	0.01608261  	0.07903592  	0.13809277  	0.04703495  	0.06543721  	0.02661080  	0.03255397  	0.04978062  	0.05396099  
2021-11-07 01:01:28.686: iteration 30 finished in 16.094763 seconds
2021-11-07 01:01:31.186: epoch 30:	0.01888077  	0.01610876  	0.07912308  	0.13822351  	0.04692921  	0.06534012  	0.02648992  	0.03242673  	0.04940144  	0.05355581  
2021-11-07 01:01:52.109: iteration 31 finished in 20.923748 seconds
2021-11-07 01:01:54.782: epoch 31:	0.01903767  	0.01605646  	0.07990760  	0.13756974  	0.04742283  	0.06538704  	0.02681139  	0.03263755  	0.05007970  	0.05399803  
2021-11-07 01:02:20.969: iteration 32 finished in 26.187222 seconds
2021-11-07 01:02:22.156: epoch 32:	0.01882847  	0.01610876  	0.07907949  	0.13809276  	0.04703241  	0.06545048  	0.02664353  	0.03258965  	0.04975759  	0.05389415  
2021-11-07 01:02:39.284: iteration 33 finished in 17.127286 seconds
2021-11-07 01:02:43.911: epoch 33:	0.01882847  	0.01603031  	0.07877441  	0.13739543  	0.04683305  	0.06513540  	0.02646513  	0.03236965  	0.04959114  	0.05376148  
2021-11-07 01:02:59.414: iteration 34 finished in 15.503265 seconds
2021-11-07 01:03:00.883: epoch 34:	0.01888077  	0.01608261  	0.07938459  	0.13783126  	0.04682905  	0.06510127  	0.02634275  	0.03223810  	0.04933046  	0.05348445  
2021-11-07 01:03:16.305: iteration 35 finished in 15.422548 seconds
2021-11-07 01:03:18.916: epoch 35:	0.01888077  	0.01616106  	0.07942817  	0.13848500  	0.04696409  	0.06543740  	0.02649275  	0.03247283  	0.04954547  	0.05371495  
2021-11-07 01:03:36.541: iteration 36 finished in 17.625331 seconds
2021-11-07 01:03:47.226: epoch 36:	0.01888077  	0.01618721  	0.07942817  	0.13826708  	0.04703965  	0.06552088  	0.02651830  	0.03251830  	0.05001805  	0.05420286  
2021-11-07 01:04:13.465: iteration 37 finished in 26.176296 seconds
2021-11-07 01:04:20.091: epoch 37:	0.01888077  	0.01621336  	0.07907949  	0.13835427  	0.04704945  	0.06562667  	0.02656096  	0.03259616  	0.05034347  	0.05449255  
2021-11-07 01:04:36.345: iteration 38 finished in 16.254034 seconds
2021-11-07 01:04:36.923: epoch 38:	0.01882847  	0.01616106  	0.07890516  	0.13796201  	0.04689135  	0.06541049  	0.02644238  	0.03247547  	0.05016062  	0.05429981  
2021-11-07 01:04:52.078: iteration 39 finished in 15.155167 seconds
2021-11-07 01:04:54.143: epoch 39:	0.01882847  	0.01616106  	0.07899233  	0.13811891  	0.04675011  	0.06527943  	0.02622686  	0.03225791  	0.04992029  	0.05405794  
2021-11-07 01:05:09.803: iteration 40 finished in 15.660378 seconds
2021-11-07 01:05:10.631: epoch 40:	0.01882847  	0.01613491  	0.07899233  	0.13720365  	0.04674767  	0.06509048  	0.02623365  	0.03222294  	0.04987504  	0.05398914  
2021-11-07 01:05:27.416: iteration 41 finished in 16.784445 seconds
2021-11-07 01:05:27.478: epoch 41:	0.01882847  	0.01613491  	0.07899233  	0.13685498  	0.04685043  	0.06514382  	0.02635732  	0.03236444  	0.05009586  	0.05418712  
2021-11-07 01:05:52.588: iteration 42 finished in 25.109549 seconds
2021-11-07 01:05:59.078: epoch 42:	0.01888077  	0.01613491  	0.07890516  	0.13685498  	0.04688358  	0.06517674  	0.02639978  	0.03240820  	0.05011268  	0.05421395  
2021-11-07 01:06:17.485: iteration 43 finished in 18.406743 seconds
2021-11-07 01:06:19.330: epoch 43:	0.01893307  	0.01613491  	0.07942817  	0.13685498  	0.04708578  	0.06522848  	0.02654514  	0.03250263  	0.05026295  	0.05431069  
2021-11-07 01:06:36.473: iteration 44 finished in 17.142953 seconds
2021-11-07 01:06:36.551: epoch 44:	0.01893307  	0.01613491  	0.07942817  	0.13678524  	0.04704057  	0.06517742  	0.02652726  	0.03245717  	0.04997861  	0.05410761  
2021-11-07 01:06:53.766: iteration 45 finished in 17.215658 seconds
2021-11-07 01:06:54.891: epoch 45:	0.01898537  	0.01613491  	0.07968968  	0.13678524  	0.04712985  	0.06517164  	0.02657240  	0.03247273  	0.04993647  	0.05401725  
2021-11-07 01:07:11.188: iteration 46 finished in 16.297356 seconds
2021-11-07 01:07:13.190: epoch 46:	0.01898537  	0.01613491  	0.07986402  	0.13678524  	0.04727117  	0.06526570  	0.02669789  	0.03259668  	0.05017474  	0.05423626  
2021-11-07 01:07:38.076: iteration 47 finished in 24.885494 seconds
2021-11-07 01:07:39.950: epoch 47:	0.01898537  	0.01613491  	0.07986402  	0.13678524  	0.04740182  	0.06539068  	0.02685241  	0.03275326  	0.05039972  	0.05443279  
2021-11-07 01:08:02.233: iteration 48 finished in 22.282528 seconds
2021-11-07 01:08:02.733: epoch 48:	0.01888077  	0.01616106  	0.07955892  	0.13691600  	0.04731230  	0.06546243  	0.02682505  	0.03279275  	0.05046801  	0.05451205  
2021-11-07 01:08:18.893: iteration 49 finished in 16.159899 seconds
2021-11-07 01:08:19.158: epoch 49:	0.01882847  	0.01610876  	0.07903592  	0.13613148  	0.04709269  	0.06519128  	0.02671432  	0.03270818  	0.05022683  	0.05423591  
2021-11-07 01:08:36.954: iteration 50 finished in 17.795320 seconds
2021-11-07 01:08:37.047: epoch 50:	0.01882847  	0.01613491  	0.07903592  	0.13639298  	0.04708186  	0.06524810  	0.02670462  	0.03270785  	0.05019529  	0.05422322  
