2020-09-17 16:16:14.201: Dataset name: u1
The number of users: 22521
The number of items: 22520
The number of ratings: 311467
Average actions of users: 13.83
Average actions of items: 13.83
The sparsity of the dataset: 99.938588%
2020-09-17 16:16:14.202: 

NeuRec hyperparameters:
recommender=WRMF
config_dir=./conf
gpu_id=0
gpu_mem=0.5
data.input.path=C:\Users\HyunsikYoo\Desktop\VNE_directed_networks/_Data/eat/5-fold/u1/
data.input.dataset=u1
data.output.path=C:\Users\HyunsikYoo\Desktop\VNE_directed_networks/_Data/eat/5-fold/u1/relevance_WRMF_directed_uni_False_uniform
data.column.format=UI
data.convert.separator='\t'
user_min=0
item_min=0
splitter=given
ratio=0.8
by_time=False
metric=["Precision", "Recall", "NDCG", "MAP", "MRR"]
topk=[10, 20]
group_view=None
rec.evaluate.neg=0
test_batch_size=128
num_thread=8
data.index.remap=False

WRMF's hyperparameters:
epochs=50
embedding_size=16
reg_mf=0.1
alpha=10
init_method=uniform
stddev=0.01
verbose=1
weight=uniform

2020-09-17 16:39:09.229: metrics:	Precision@10	Precision@20	Recall@10   	Recall@20   	NDCG@10     	NDCG@20     	MAP@10      	MAP@20      	MRR@10      	MRR@20      
2020-09-17 16:40:46.979: iteration 1 finished in 97.748428 seconds
2020-09-17 16:40:47.413: epoch 1:	0.01285163  	0.01094538  	0.01698469  	0.02870377  	0.01687695  	0.02244845  	0.00625227  	0.00708358  	0.04384993  	0.04877771  
2020-09-17 16:42:25.855: iteration 2 finished in 98.441250 seconds
2020-09-17 16:42:26.288: epoch 2:	0.02792096  	0.02249417  	0.03708435  	0.05978728  	0.03661087  	0.04732682  	0.01394889  	0.01585719  	0.09120931  	0.09885619  
2020-09-17 16:44:05.440: iteration 3 finished in 99.151293 seconds
2020-09-17 16:44:05.863: epoch 3:	0.04093165  	0.03188049  	0.05486651  	0.08521693  	0.05599660  	0.07027277  	0.02282753  	0.02551283  	0.13824481  	0.14754917  
2020-09-17 16:45:49.109: iteration 4 finished in 103.244860 seconds
2020-09-17 16:45:49.838: epoch 4:	0.04730298  	0.03653337  	0.06373505  	0.09760166  	0.06568959  	0.08167929  	0.02741747  	0.03053596  	0.16083506  	0.17084271  
2020-09-17 16:47:21.017: iteration 5 finished in 91.177521 seconds
2020-09-17 16:47:21.443: epoch 5:	0.05053130  	0.03861625  	0.06796630  	0.10355487  	0.07067554  	0.08730882  	0.02987301  	0.03316416  	0.17274335  	0.18256590  
2020-09-17 16:48:49.968: iteration 6 finished in 88.523598 seconds
2020-09-17 16:48:50.426: epoch 6:	0.05188355  	0.03972467  	0.06979229  	0.10654216  	0.07304032  	0.09022062  	0.03105229  	0.03449024  	0.17865907  	0.18861705  
2020-09-17 16:50:18.633: iteration 7 finished in 88.206788 seconds
2020-09-17 16:50:19.066: epoch 7:	0.05300431  	0.04038245  	0.07143005  	0.10855897  	0.07478702  	0.09210664  	0.03184810  	0.03534542  	0.18294530  	0.19294119  
2020-09-17 16:51:50.887: iteration 8 finished in 91.819912 seconds
2020-09-17 16:51:51.306: epoch 8:	0.05399106  	0.04095492  	0.07290018  	0.11009996  	0.07631778  	0.09368443  	0.03253280  	0.03605530  	0.18689761  	0.19684558  
2020-09-17 16:53:21.843: iteration 9 finished in 90.537382 seconds
2020-09-17 16:53:22.281: epoch 9:	0.05418599  	0.04128378  	0.07312857  	0.11095950  	0.07663390  	0.09432891  	0.03267567  	0.03628342  	0.18770008  	0.19794153  
2020-09-17 16:54:52.668: iteration 10 finished in 90.386926 seconds
2020-09-17 16:54:53.117: epoch 10:	0.05463673  	0.04156394  	0.07370038  	0.11173909  	0.07709195  	0.09486853  	0.03285947  	0.03647392  	0.18833975  	0.19862701  
2020-09-17 16:56:25.268: iteration 11 finished in 92.150316 seconds
2020-09-17 16:56:25.706: epoch 11:	0.05462454  	0.04157614  	0.07358723  	0.11187188  	0.07718592  	0.09506772  	0.03290923  	0.03656033  	0.18910182  	0.19939326  
2020-09-17 16:57:57.395: iteration 12 finished in 91.688105 seconds
2020-09-17 16:57:57.871: epoch 12:	0.05494129  	0.04165535  	0.07399933  	0.11198578  	0.07767809  	0.09542802  	0.03313105  	0.03677061  	0.19070917  	0.20070815  
2020-09-17 16:59:29.984: iteration 13 finished in 92.112594 seconds
2020-09-17 16:59:30.422: epoch 13:	0.05517273  	0.04173454  	0.07423247  	0.11217867  	0.07785158  	0.09555602  	0.03318079  	0.03680056  	0.19098677  	0.20099398  
2020-09-17 17:01:00.278: iteration 14 finished in 89.855925 seconds
2020-09-17 17:01:00.717: epoch 14:	0.05533111  	0.04192939  	0.07448767  	0.11265178  	0.07814061  	0.09594402  	0.03332456  	0.03695535  	0.19174293  	0.20168994  
2020-09-17 17:02:29.305: iteration 15 finished in 88.587275 seconds
2020-09-17 17:02:29.728: epoch 15:	0.05536767  	0.04191113  	0.07456070  	0.11261059  	0.07820401  	0.09596451  	0.03331473  	0.03695668  	0.19210890  	0.20197715  
2020-09-17 17:03:59.313: iteration 16 finished in 89.585091 seconds
2020-09-17 17:03:59.750: epoch 16:	0.05559913  	0.04183805  	0.07480060  	0.11220379  	0.07837126  	0.09586664  	0.03335444  	0.03694179  	0.19239292  	0.20220022  
2020-09-17 17:05:30.179: iteration 17 finished in 90.429200 seconds
2020-09-17 17:05:30.601: epoch 17:	0.05580623  	0.04189285  	0.07495030  	0.11236918  	0.07849047  	0.09596319  	0.03336170  	0.03695899  	0.19255763  	0.20230104  
2020-09-17 17:06:57.365: iteration 18 finished in 86.764283 seconds
2020-09-17 17:06:57.802: epoch 18:	0.05567221  	0.04202685  	0.07478160  	0.11284926  	0.07837462  	0.09613442  	0.03332528  	0.03697981  	0.19232740  	0.20227015  
2020-09-17 17:08:26.764: iteration 19 finished in 88.962734 seconds
2020-09-17 17:08:27.309: epoch 19:	0.05562350  	0.04208165  	0.07467325  	0.11304922  	0.07828835  	0.09618339  	0.03325791  	0.03695058  	0.19220062  	0.20216869  
2020-09-17 17:09:58.518: iteration 20 finished in 91.208681 seconds
2020-09-17 17:09:58.955: epoch 20:	0.05559913  	0.04210601  	0.07459389  	0.11314020  	0.07820532  	0.09616827  	0.03323987  	0.03695454  	0.19171600  	0.20172369  
2020-09-17 17:11:28.549: iteration 21 finished in 89.593416 seconds
2020-09-17 17:11:28.990: epoch 21:	0.05567222  	0.04207557  	0.07469469  	0.11313047  	0.07837056  	0.09626596  	0.03333263  	0.03703362  	0.19225176  	0.20222494  
2020-09-17 17:12:59.634: iteration 22 finished in 90.642279 seconds
2020-09-17 17:13:00.096: epoch 22:	0.05562349  	0.04214258  	0.07455555  	0.11323968  	0.07833591  	0.09635416  	0.03332468  	0.03705188  	0.19239509  	0.20241202  
2020-09-17 17:14:30.608: iteration 23 finished in 90.512509 seconds
2020-09-17 17:14:31.055: epoch 23:	0.05569659  	0.04204512  	0.07462301  	0.11295643  	0.07836515  	0.09622274  	0.03330499  	0.03701716  	0.19245957  	0.20234229  
2020-09-17 17:16:02.326: iteration 24 finished in 91.271789 seconds
2020-09-17 17:16:02.784: epoch 24:	0.05575750  	0.04205731  	0.07471126  	0.11282779  	0.07839555  	0.09619194  	0.03328750  	0.03699198  	0.19251114  	0.20235687  
2020-09-17 17:17:31.212: iteration 25 finished in 88.428180 seconds
2020-09-17 17:17:31.659: epoch 25:	0.05581841  	0.04213650  	0.07488061  	0.11307976  	0.07850400  	0.09632184  	0.03332689  	0.03701042  	0.19279793  	0.20266068  
2020-09-17 17:19:02.666: iteration 26 finished in 91.006046 seconds
2020-09-17 17:19:03.109: epoch 26:	0.05585495  	0.04212430  	0.07495109  	0.11304539  	0.07858229  	0.09636308  	0.03335820  	0.03703430  	0.19298013  	0.20284154  
2020-09-17 17:20:31.694: iteration 27 finished in 88.585863 seconds
2020-09-17 17:20:32.156: epoch 27:	0.05596457  	0.04213040  	0.07506111  	0.11313026  	0.07859150  	0.09633031  	0.03332255  	0.03699825  	0.19273672  	0.20254892  
2020-09-17 17:22:01.771: iteration 28 finished in 89.614335 seconds
2020-09-17 17:22:02.275: epoch 28:	0.05590366  	0.04209994  	0.07493694  	0.11307833  	0.07849430  	0.09626713  	0.03328036  	0.03696740  	0.19247326  	0.20236573  
2020-09-17 17:23:32.173: iteration 29 finished in 89.897945 seconds
2020-09-17 17:23:32.765: epoch 29:	0.05596457  	0.04215476  	0.07511942  	0.11332341  	0.07856823  	0.09635600  	0.03330050  	0.03699231  	0.19243568  	0.20227921  
2020-09-17 17:25:02.801: iteration 30 finished in 90.035631 seconds
2020-09-17 17:25:03.250: epoch 30:	0.05601330  	0.04210604  	0.07514411  	0.11318831  	0.07865962  	0.09636246  	0.03336007  	0.03702918  	0.19276716  	0.20258258  
2020-09-17 17:26:31.753: iteration 31 finished in 88.502814 seconds
2020-09-17 17:26:32.196: epoch 31:	0.05602548  	0.04210603  	0.07513319  	0.11320083  	0.07861790  	0.09632712  	0.03331840  	0.03698318  	0.19264583  	0.20248254  
2020-09-17 17:28:00.649: iteration 32 finished in 88.452858 seconds
2020-09-17 17:28:01.093: epoch 32:	0.05602547  	0.04209386  	0.07515100  	0.11326028  	0.07862548  	0.09633403  	0.03329695  	0.03696470  	0.19281276  	0.20260070  
2020-09-17 17:29:29.070: iteration 33 finished in 87.977567 seconds
2020-09-17 17:29:29.503: epoch 33:	0.05606202  	0.04214259  	0.07520703  	0.11337243  	0.07868760  	0.09641718  	0.03331907  	0.03698628  	0.19308835  	0.20286644  
2020-09-17 17:30:58.275: iteration 34 finished in 88.772406 seconds
2020-09-17 17:30:58.711: epoch 34:	0.05613511  	0.04218522  	0.07534724  	0.11350267  	0.07878835  	0.09651194  	0.03336564  	0.03703202  	0.19325925  	0.20300481  
2020-09-17 17:32:26.864: iteration 35 finished in 88.152821 seconds
2020-09-17 17:32:27.301: epoch 35:	0.05598893  	0.04217305  	0.07514210  	0.11357465  	0.07862201  	0.09647296  	0.03328844  	0.03699714  	0.19295271  	0.20277773  
2020-09-17 17:33:56.932: iteration 36 finished in 89.631166 seconds
2020-09-17 17:33:57.367: epoch 36:	0.05590365  	0.04224613  	0.07509435  	0.11376781  	0.07858673  	0.09655876  	0.03327218  	0.03700936  	0.19306344  	0.20288502  
2020-09-17 17:35:24.604: iteration 37 finished in 87.237370 seconds
2020-09-17 17:35:25.027: epoch 37:	0.05590365  	0.04220958  	0.07515976  	0.11370020  	0.07859853  	0.09650885  	0.03328938  	0.03699689  	0.19292277  	0.20277272  
2020-09-17 17:36:52.517: iteration 38 finished in 87.489960 seconds
2020-09-17 17:36:52.941: epoch 38:	0.05601329  	0.04224613  	0.07529192  	0.11376518  	0.07874430  	0.09661189  	0.03335307  	0.03704643  	0.19327018  	0.20310985  
2020-09-17 17:38:18.118: iteration 39 finished in 85.176882 seconds
2020-09-17 17:38:18.540: epoch 39:	0.05603765  	0.04226437  	0.07531154  	0.11378375  	0.07879803  	0.09666845  	0.03338071  	0.03707905  	0.19349867  	0.20332292  
2020-09-17 17:39:45.858: iteration 40 finished in 87.317142 seconds
2020-09-17 17:39:46.298: epoch 40:	0.05594020  	0.04225828  	0.07517459  	0.11378097  	0.07869098  	0.09663691  	0.03333997  	0.03706289  	0.19323978  	0.20311898  
2020-09-17 17:41:13.024: iteration 41 finished in 86.725934 seconds
2020-09-17 17:41:13.449: epoch 41:	0.05600111  	0.04231919  	0.07522711  	0.11392213  	0.07869612  	0.09667714  	0.03333025  	0.03705914  	0.19311658  	0.20298728  
2020-09-17 17:42:41.240: iteration 42 finished in 87.790706 seconds
2020-09-17 17:42:41.658: epoch 42:	0.05594020  	0.04233748  	0.07517882  	0.11399274  	0.07870758  	0.09675353  	0.03336591  	0.03711064  	0.19319901  	0.20311497  
2020-09-17 17:44:07.708: iteration 43 finished in 86.049537 seconds
2020-09-17 17:44:08.133: epoch 43:	0.05595239  	0.04228876  	0.07523421  	0.11381397  	0.07869738  	0.09666284  	0.03334907  	0.03708550  	0.19307372  	0.20295806  
2020-09-17 17:45:35.854: iteration 44 finished in 87.719405 seconds
2020-09-17 17:45:36.296: epoch 44:	0.05587929  	0.04231312  	0.07513110  	0.11389276  	0.07861501  	0.09667382  	0.03331718  	0.03708421  	0.19288522  	0.20281069  
2020-09-17 17:47:03.421: iteration 45 finished in 87.125171 seconds
2020-09-17 17:47:03.872: epoch 45:	0.05583057  	0.04236793  	0.07507465  	0.11402168  	0.07854971  	0.09669715  	0.03329444  	0.03708464  	0.19259524  	0.20254318  
2020-09-17 17:48:32.343: iteration 46 finished in 88.471584 seconds
2020-09-17 17:48:32.778: epoch 46:	0.05595239  	0.04233746  	0.07515910  	0.11391778  	0.07858583  	0.09662633  	0.03328645  	0.03705496  	0.19251969  	0.20237923  
2020-09-17 17:50:01.878: iteration 47 finished in 89.100166 seconds
2020-09-17 17:50:02.319: epoch 47:	0.05603767  	0.04233746  	0.07531541  	0.11382533  	0.07861883  	0.09655303  	0.03327448  	0.03701545  	0.19232081  	0.20208500  
2020-09-17 17:51:28.921: iteration 48 finished in 86.600204 seconds
2020-09-17 17:51:29.342: epoch 48:	0.05613514  	0.04238009  	0.07541360  	0.11392173  	0.07867873  	0.09659603  	0.03328388  	0.03701684  	0.19240919  	0.20213941  
2020-09-17 17:52:52.473: iteration 49 finished in 83.131677 seconds
2020-09-17 17:52:52.891: epoch 49:	0.05608641  	0.04230091  	0.07544033  	0.11370725  	0.07863820  	0.09646976  	0.03326271  	0.03696747  	0.19225031  	0.20202091  
2020-09-17 17:54:16.633: iteration 50 finished in 83.742044 seconds
2020-09-17 17:54:17.049: epoch 50:	0.05609860  	0.04238619  	0.07544963  	0.11397155  	0.07864949  	0.09659217  	0.03327779  	0.03700814  	0.19224964  	0.20206201  
