2021-12-14 22:14:16.790: Dataset name: u1
The number of users: 6109
The number of items: 6109
The number of ratings: 50510
Average actions of users: 8.27
Average actions of items: 8.27
The sparsity of the dataset: 99.864657%
2021-12-14 22:14:16.790: 

NeuRec hyperparameters:
recommender=WRMF
config_dir=./conf
gpu_id=0
gpu_mem=0.5
data.input.path=D:\hsyoo\Workingon_210628/_Data/jung/noniid-in-barrier/u1/
data.input.dataset=u1
data.output.path=D:\hsyoo\Workingon_210628/_Emb/jung/noniid-in-barrier/wrmf/u1_wrmf_directed_dim16_uniform_send.emb
data.column.format=UI
data.convert.separator='\t'
user_min=0
item_min=0
splitter=given
ratio=0.8
by_time=False
metric=["Precision", "Recall", "NDCG", "MAP", "MRR"]
topk=[10, 20]
group_view=None
rec.evaluate.neg=0
test_batch_size=128
num_thread=8
data.index.remap=False

WRMF's hyperparameters:
epochs=50
embedding_size=16
reg_mf=0.1
alpha=10
init_method=uniform
stddev=0.01
verbose=1
weight=uniform

2021-12-14 22:15:53.320: metrics:	Precision@10	Precision@20	Recall@10   	Recall@20   	NDCG@10     	NDCG@20     	MAP@10      	MAP@20      	MRR@10      	MRR@20      
2021-12-14 22:15:58.778: iteration 1 finished in 5.456382 seconds
2021-12-14 22:15:58.889: epoch 1:	0.05289047  	0.03348624  	0.15933366  	0.21208902  	0.12588054  	0.14026900  	0.09407480  	0.09759994  	0.14356376  	0.14761752  
2021-12-14 22:16:03.242: iteration 2 finished in 4.353357 seconds
2021-12-14 22:16:03.324: epoch 2:	0.07104690  	0.04304843  	0.22643879  	0.27908108  	0.19753380  	0.21161249  	0.16090931  	0.16364922  	0.23443708  	0.23837531  
2021-12-14 22:16:07.652: iteration 3 finished in 4.328424 seconds
2021-12-14 22:16:07.734: epoch 3:	0.07537591  	0.04564584  	0.24689376  	0.29866344  	0.21158014  	0.22576900  	0.17172617  	0.17468740  	0.24806608  	0.25181904  
2021-12-14 22:16:12.080: iteration 4 finished in 4.345699 seconds
2021-12-14 22:16:12.158: epoch 4:	0.07748953  	0.04681724  	0.25869003  	0.31134856  	0.21851255  	0.23282093  	0.17645834  	0.17954561  	0.25464302  	0.25823104  
2021-12-14 22:16:16.507: iteration 5 finished in 4.349591 seconds
2021-12-14 22:16:16.580: epoch 5:	0.07804975  	0.04761940  	0.26227194  	0.31698954  	0.22106834  	0.23625241  	0.17824587  	0.18175651  	0.25759971  	0.26131490  
2021-12-14 22:16:20.914: iteration 6 finished in 4.333650 seconds
2021-12-14 22:16:21.008: epoch 6:	0.07881372  	0.04801412  	0.26799908  	0.32142624  	0.22437452  	0.23927402  	0.18075170  	0.18437326  	0.26096109  	0.26441345  
2021-12-14 22:16:25.363: iteration 7 finished in 4.354976 seconds
2021-12-14 22:16:25.449: epoch 7:	0.07881373  	0.04833243  	0.26801828  	0.32471037  	0.22469921  	0.24054378  	0.18116370  	0.18513659  	0.26091522  	0.26461512  
2021-12-14 22:16:29.772: iteration 8 finished in 4.322440 seconds
2021-12-14 22:16:29.856: epoch 8:	0.07896651  	0.04847249  	0.26835030  	0.32564631  	0.22487034  	0.24091306  	0.18134263  	0.18540050  	0.26048243  	0.26433286  
2021-12-14 22:16:34.183: iteration 9 finished in 4.327427 seconds
2021-12-14 22:16:34.269: epoch 9:	0.07899198  	0.04867621  	0.26865989  	0.32613662  	0.22517546  	0.24142174  	0.18164131  	0.18578359  	0.26108900  	0.26504138  
2021-12-14 22:16:38.609: iteration 10 finished in 4.340393 seconds
2021-12-14 22:16:38.694: epoch 10:	0.07906839  	0.04896906  	0.26913726  	0.33066460  	0.22555748  	0.24287353  	0.18194531  	0.18636934  	0.26146564  	0.26577675  
2021-12-14 22:16:43.038: iteration 11 finished in 4.344381 seconds
2021-12-14 22:16:43.121: epoch 11:	0.07947584  	0.04899453  	0.27244946  	0.32971245  	0.22634204  	0.24262336  	0.18206415  	0.18619637  	0.26143903  	0.26546508  
2021-12-14 22:16:47.466: iteration 12 finished in 4.344382 seconds
2021-12-14 22:16:47.547: epoch 12:	0.07950131  	0.04899453  	0.27227354  	0.32833353  	0.22625022  	0.24229372  	0.18194155  	0.18606101  	0.26121581  	0.26518756  
2021-12-14 22:16:51.892: iteration 13 finished in 4.343385 seconds
2021-12-14 22:16:51.976: epoch 13:	0.07947584  	0.04882900  	0.27210239  	0.32576916  	0.22630124  	0.24175388  	0.18210499  	0.18614988  	0.26108992  	0.26483387  
2021-12-14 22:16:56.317: iteration 14 finished in 4.340393 seconds
2021-12-14 22:16:56.400: epoch 14:	0.07947585  	0.04870167  	0.27229780  	0.32460058  	0.22625417  	0.24133533  	0.18188448  	0.18591189  	0.26117122  	0.26465666  
2021-12-14 22:17:00.781: iteration 15 finished in 4.380285 seconds
2021-12-14 22:17:00.863: epoch 15:	0.07955225  	0.04890539  	0.27265856  	0.32642150  	0.22625086  	0.24167533  	0.18177675  	0.18587580  	0.26109529  	0.26459733  
2021-12-14 22:17:05.208: iteration 16 finished in 4.344382 seconds
2021-12-14 22:17:05.289: epoch 16:	0.07957771  	0.04891813  	0.27272224  	0.32614362  	0.22602779  	0.24136901  	0.18137076  	0.18547755  	0.26099110  	0.26444629  
2021-12-14 22:17:09.632: iteration 17 finished in 4.343385 seconds
2021-12-14 22:17:09.716: epoch 17:	0.07978143  	0.04895633  	0.27335620  	0.32639337  	0.22627676  	0.24150847  	0.18144323  	0.18553433  	0.26111940  	0.26450923  
2021-12-14 22:17:14.047: iteration 18 finished in 4.330961 seconds
2021-12-14 22:17:14.125: epoch 18:	0.07983235  	0.04890540  	0.27340409  	0.32571149  	0.22621959  	0.24124201  	0.18128911  	0.18529613  	0.26123482  	0.26458699  
2021-12-14 22:17:18.435: iteration 19 finished in 4.309807 seconds
2021-12-14 22:17:18.513: epoch 19:	0.07990875  	0.04901999  	0.27377170  	0.32723832  	0.22636548  	0.24165016  	0.18135835  	0.18539056  	0.26131696  	0.26473612  
2021-12-14 22:17:22.861: iteration 20 finished in 4.348450 seconds
2021-12-14 22:17:22.943: epoch 20:	0.08006155  	0.04884174  	0.27441025  	0.32534343  	0.22649617  	0.24108060  	0.18128952  	0.18511014  	0.26142567  	0.26469511  
2021-12-14 22:17:27.299: iteration 21 finished in 4.354356 seconds
2021-12-14 22:17:27.382: epoch 21:	0.08016341  	0.04882900  	0.27445191  	0.32520059  	0.22654322  	0.24103843  	0.18128256  	0.18507203  	0.26145631  	0.26470208  
2021-12-14 22:17:31.746: iteration 22 finished in 4.363168 seconds
2021-12-14 22:17:31.827: epoch 22:	0.08008701  	0.04900726  	0.27397633  	0.32854855  	0.22655565  	0.24195652  	0.18139371  	0.18538699  	0.26175949  	0.26520887  
2021-12-14 22:17:36.167: iteration 23 finished in 4.339858 seconds
2021-12-14 22:17:36.245: epoch 23:	0.08011247  	0.04899453  	0.27397662  	0.32834929  	0.22657201  	0.24189715  	0.18141137  	0.18538445  	0.26189920  	0.26531467  
2021-12-14 22:17:40.591: iteration 24 finished in 4.346591 seconds
2021-12-14 22:17:40.669: epoch 24:	0.08016340  	0.04901999  	0.27404222  	0.32873732  	0.22662674  	0.24198569  	0.18146975  	0.18541709  	0.26183200  	0.26527682  
2021-12-14 22:17:45.013: iteration 25 finished in 4.343682 seconds
2021-12-14 22:17:45.107: epoch 25:	0.08026527  	0.04909639  	0.27405074  	0.32929733  	0.22666834  	0.24214461  	0.18151855  	0.18546523  	0.26179817  	0.26528895  
2021-12-14 22:17:49.455: iteration 26 finished in 4.348509 seconds
2021-12-14 22:17:49.533: epoch 26:	0.08026526  	0.04910912  	0.27405074  	0.32899418  	0.22664902  	0.24209002  	0.18145446  	0.18539689  	0.26180333  	0.26531923  
2021-12-14 22:17:53.894: iteration 27 finished in 4.360527 seconds
2021-12-14 22:17:53.988: epoch 27:	0.08036713  	0.04917279  	0.27427548  	0.33018711  	0.22666173  	0.24228226  	0.18139786  	0.18535180  	0.26175588  	0.26533955  
2021-12-14 22:17:58.334: iteration 28 finished in 4.346251 seconds
2021-12-14 22:17:58.428: epoch 28:	0.08046900  	0.04922372  	0.27442130  	0.33050382  	0.22674242  	0.24237709  	0.18143873  	0.18537751  	0.26175347  	0.26532564  
2021-12-14 22:18:02.788: iteration 29 finished in 4.360263 seconds
2021-12-14 22:18:02.882: epoch 29:	0.08054540  	0.04919825  	0.27498153  	0.33017486  	0.22697283  	0.24235603  	0.18155558  	0.18543786  	0.26193029  	0.26540565  
2021-12-14 22:18:07.231: iteration 30 finished in 4.349496 seconds
2021-12-14 22:18:07.309: epoch 30:	0.08051993  	0.04904547  	0.27491784  	0.32817167  	0.22699489  	0.24189562  	0.18158673  	0.18534382  	0.26206046  	0.26545817  
2021-12-14 22:18:11.667: iteration 31 finished in 4.358011 seconds
2021-12-14 22:18:11.745: epoch 31:	0.08046900  	0.04898180  	0.27440855  	0.32686660  	0.22684823  	0.24159819  	0.18152934  	0.18527915  	0.26212898  	0.26549831  
2021-12-14 22:18:16.126: iteration 32 finished in 4.380445 seconds
2021-12-14 22:18:16.204: epoch 32:	0.08051993  	0.04890541  	0.27456418  	0.32521987  	0.22684489  	0.24115118  	0.18149082  	0.18512499  	0.26199955  	0.26523665  
2021-12-14 22:18:20.614: iteration 33 finished in 4.410364 seconds
2021-12-14 22:18:20.698: epoch 33:	0.08054539  	0.04882901  	0.27462783  	0.32417202  	0.22680961  	0.24082841  	0.18143617  	0.18497689  	0.26185340  	0.26504511  
2021-12-14 22:18:25.130: iteration 34 finished in 4.432676 seconds
2021-12-14 22:18:25.213: epoch 34:	0.08054539  	0.04891814  	0.27462783  	0.32545185  	0.22686030  	0.24119548  	0.18147784  	0.18509229  	0.26203772  	0.26528615  
2021-12-14 22:18:29.643: iteration 35 finished in 4.430152 seconds
2021-12-14 22:18:29.726: epoch 35:	0.08057085  	0.04895634  	0.27481881  	0.32615215  	0.22677243  	0.24121733  	0.18136601  	0.18498492  	0.26170143  	0.26499903  
2021-12-14 22:18:34.160: iteration 36 finished in 4.434142 seconds
2021-12-14 22:18:34.246: epoch 36:	0.08062179  	0.04895634  	0.27508691  	0.32593989  	0.22690547  	0.24123812  	0.18145059  	0.18503211  	0.26188719  	0.26515836  
2021-12-14 22:18:38.676: iteration 37 finished in 4.430152 seconds
2021-12-14 22:18:38.760: epoch 37:	0.08062179  	0.04893088  	0.27502319  	0.32560039  	0.22680962  	0.24107137  	0.18137592  	0.18492147  	0.26168019  	0.26497442  
2021-12-14 22:18:43.210: iteration 38 finished in 4.449102 seconds
2021-12-14 22:18:43.297: epoch 38:	0.08064725  	0.04894361  	0.27515054  	0.32608110  	0.22694273  	0.24126418  	0.18151398  	0.18505953  	0.26183435  	0.26513660  
2021-12-14 22:18:47.736: iteration 39 finished in 4.439129 seconds
2021-12-14 22:18:47.820: epoch 39:	0.08067272  	0.04896907  	0.27523541  	0.32692093  	0.22696060  	0.24143919  	0.18149973  	0.18508129  	0.26187634  	0.26518649  
2021-12-14 22:18:52.271: iteration 40 finished in 4.451096 seconds
2021-12-14 22:18:52.357: epoch 40:	0.08067271  	0.04903273  	0.27516395  	0.32723400  	0.22701687  	0.24159947  	0.18156308  	0.18516265  	0.26218921  	0.26552296  
2021-12-14 22:18:56.690: iteration 41 finished in 4.333411 seconds
2021-12-14 22:18:56.773: epoch 41:	0.08064725  	0.04900727  	0.27510029  	0.32721439  	0.22687162  	0.24145955  	0.18143249  	0.18501016  	0.26203647  	0.26538071  
2021-12-14 22:19:01.120: iteration 42 finished in 4.347374 seconds
2021-12-14 22:19:01.204: epoch 42:	0.08062178  	0.04900727  	0.27493051  	0.32744148  	0.22674215  	0.24142383  	0.18132354  	0.18490830  	0.26185778  	0.26524821  
2021-12-14 22:19:05.527: iteration 43 finished in 4.323438 seconds
2021-12-14 22:19:05.614: epoch 43:	0.08057085  	0.04905820  	0.27471828  	0.32802150  	0.22662531  	0.24153033  	0.18125746  	0.18492934  	0.26168451  	0.26509693  
2021-12-14 22:19:09.954: iteration 44 finished in 4.340393 seconds
2021-12-14 22:19:10.038: epoch 44:	0.08054539  	0.04905820  	0.27446365  	0.32802150  	0.22651443  	0.24149619  	0.18119606  	0.18489395  	0.26158568  	0.26502931  
2021-12-14 22:19:14.353: iteration 45 finished in 4.313684 seconds
2021-12-14 22:19:14.431: epoch 45:	0.08054539  	0.04898180  	0.27446365  	0.32710147  	0.22649519  	0.24123757  	0.18116580  	0.18480141  	0.26147550  	0.26488325  
2021-12-14 22:19:18.780: iteration 46 finished in 4.333374 seconds
2021-12-14 22:19:18.874: epoch 46:	0.08054539  	0.04894361  	0.27446365  	0.32693174  	0.22644736  	0.24112412  	0.18110850  	0.18471874  	0.26135740  	0.26475644  
2021-12-14 22:19:23.219: iteration 47 finished in 4.344950 seconds
2021-12-14 22:19:23.304: epoch 47:	0.08059632  	0.04895634  	0.27461216  	0.32669812  	0.22652210  	0.24109004  	0.18113492  	0.18472214  	0.26142386  	0.26476178  
2021-12-14 22:19:27.653: iteration 48 finished in 4.349369 seconds
2021-12-14 22:19:27.737: epoch 48:	0.08062179  	0.04893087  	0.27473950  	0.32668597  	0.22659515  	0.24109885  	0.18117763  	0.18473195  	0.26156676  	0.26490676  
2021-12-14 22:19:32.071: iteration 49 finished in 4.334409 seconds
2021-12-14 22:19:32.156: epoch 49:	0.08069818  	0.04893087  	0.27507904  	0.32669449  	0.22665469  	0.24104351  	0.18113990  	0.18465923  	0.26150835  	0.26479480  
2021-12-14 22:19:36.499: iteration 50 finished in 4.343385 seconds
2021-12-14 22:19:36.584: epoch 50:	0.08069818  	0.04893087  	0.27511087  	0.32670105  	0.22651395  	0.24090035  	0.18097404  	0.18450718  	0.26121548  	0.26446643  
