2021-12-14 23:21:51.294: Dataset name: u1
The number of users: 6111
The number of items: 6111
The number of ratings: 50512
Average actions of users: 8.27
Average actions of items: 8.27
The sparsity of the dataset: 99.864740%
2021-12-14 23:21:51.295: 

NeuRec hyperparameters:
recommender=WRMF
config_dir=./conf
gpu_id=0
gpu_mem=0.5
data.input.path=D:\hsyoo\Workingon_210628/_Data/jung/random-barrier/u1/
data.input.dataset=u1
data.output.path=D:\hsyoo\Workingon_210628/_Emb/jung/random-barrier/wrmf/u1_wrmf_directed_dim16_uniform_send.emb
data.column.format=UI
data.convert.separator='\t'
user_min=0
item_min=0
splitter=given
ratio=0.8
by_time=False
metric=["Precision", "Recall", "NDCG", "MAP", "MRR"]
topk=[10, 20]
group_view=None
rec.evaluate.neg=0
test_batch_size=128
num_thread=8
data.index.remap=False

WRMF's hyperparameters:
epochs=50
embedding_size=16
reg_mf=0.1
alpha=10
init_method=uniform
stddev=0.01
verbose=1
weight=uniform

2021-12-14 23:23:27.327: metrics:	Precision@10	Precision@20	Recall@10   	Recall@20   	NDCG@10     	NDCG@20     	MAP@10      	MAP@20      	MRR@10      	MRR@20      
2021-12-14 23:23:32.769: iteration 1 finished in 5.442437 seconds
2021-12-14 23:23:32.889: epoch 1:	0.11937433  	0.07402072  	0.52370018  	0.60626054  	0.45451462  	0.47782311  	0.38949412  	0.39736637  	0.49816844  	0.50249213  
2021-12-14 23:23:37.183: iteration 2 finished in 4.294515 seconds
2021-12-14 23:23:37.271: epoch 2:	0.16222247  	0.09279099  	0.70640391  	0.76480895  	0.66235691  	0.67701143  	0.60549968  	0.60985309  	0.71712565  	0.71965152  
2021-12-14 23:23:41.589: iteration 3 finished in 4.317454 seconds
2021-12-14 23:23:41.681: epoch 3:	0.16703589  	0.09471416  	0.72756028  	0.78167981  	0.67795271  	0.69132525  	0.62025356  	0.62414789  	0.72772425  	0.72998774  
2021-12-14 23:23:45.995: iteration 4 finished in 4.313464 seconds
2021-12-14 23:23:46.087: epoch 4:	0.16882919  	0.09589398  	0.73631167  	0.79378647  	0.68165505  	0.69595683  	0.62227184  	0.62646991  	0.72929043  	0.73156697  
2021-12-14 23:23:50.386: iteration 5 finished in 4.298504 seconds
2021-12-14 23:23:50.476: epoch 5:	0.16946632  	0.09622431  	0.73955971  	0.79695153  	0.68091637  	0.69526172  	0.62002993  	0.62438309  	0.72678936  	0.72896391  
2021-12-14 23:23:54.792: iteration 6 finished in 4.316456 seconds
2021-12-14 23:23:54.882: epoch 6:	0.16979672  	0.09654289  	0.74189878  	0.80037022  	0.68074226  	0.69549018  	0.61883241  	0.62338489  	0.72625434  	0.72845769  
2021-12-14 23:23:59.188: iteration 7 finished in 4.305485 seconds
2021-12-14 23:23:59.274: epoch 7:	0.16984388  	0.09661367  	0.74240452  	0.80040938  	0.67960727  	0.69432998  	0.61656767  	0.62127072  	0.72546065  	0.72757536  
2021-12-14 23:24:03.610: iteration 8 finished in 4.334409 seconds
2021-12-14 23:24:03.700: epoch 8:	0.16974956  	0.09674342  	0.74137151  	0.80069751  	0.67728364  	0.69252765  	0.61357135  	0.61854625  	0.72305000  	0.72532064  
2021-12-14 23:24:08.014: iteration 9 finished in 4.313463 seconds
2021-12-14 23:24:08.107: epoch 9:	0.16951352  	0.09690860  	0.73997527  	0.80171269  	0.67855012  	0.69458407  	0.61563432  	0.62105250  	0.72552097  	0.72786272  
2021-12-14 23:24:12.425: iteration 10 finished in 4.318780 seconds
2021-12-14 23:24:12.519: epoch 10:	0.16915956  	0.09715632  	0.73795617  	0.80456179  	0.67620540  	0.69365287  	0.61301053  	0.61894184  	0.72329181  	0.72592771  
2021-12-14 23:24:16.823: iteration 11 finished in 4.303394 seconds
2021-12-14 23:24:16.916: epoch 11:	0.16927752  	0.09716814  	0.73921132  	0.80470401  	0.67627412  	0.69341809  	0.61278993  	0.61864567  	0.72253847  	0.72509176  
2021-12-14 23:24:21.240: iteration 12 finished in 4.323595 seconds
2021-12-14 23:24:21.334: epoch 12:	0.16906519  	0.09728613  	0.73781174  	0.80587327  	0.67391121  	0.69183314  	0.61000794  	0.61611301  	0.71986699  	0.72267526  
2021-12-14 23:24:25.668: iteration 13 finished in 4.334824 seconds
2021-12-14 23:24:25.757: epoch 13:	0.16861685  	0.09730972  	0.73507810  	0.80551404  	0.67262775  	0.69126761  	0.60902482  	0.61549824  	0.71977967  	0.72262782  
2021-12-14 23:24:30.112: iteration 14 finished in 4.354354 seconds
2021-12-14 23:24:30.202: epoch 14:	0.16842812  	0.09729791  	0.73388076  	0.80555660  	0.67256165  	0.69155443  	0.60923153  	0.61588174  	0.72077036  	0.72369474  
2021-12-14 23:24:34.533: iteration 15 finished in 4.330420 seconds
2021-12-14 23:24:34.625: epoch 15:	0.16828656  	0.09729791  	0.73353857  	0.80498850  	0.67230576  	0.69130933  	0.60884035  	0.61553818  	0.72118157  	0.72409999  
2021-12-14 23:24:38.959: iteration 16 finished in 4.334408 seconds
2021-12-14 23:24:39.051: epoch 16:	0.16828658  	0.09732150  	0.73333436  	0.80520707  	0.67152506  	0.69058698  	0.60796958  	0.61466348  	0.71991235  	0.72281086  
2021-12-14 23:24:43.368: iteration 17 finished in 4.317455 seconds
2021-12-14 23:24:43.458: epoch 17:	0.16835736  	0.09735688  	0.73333436  	0.80536246  	0.67178279  	0.69083476  	0.60820574  	0.61484736  	0.72074109  	0.72359627  
2021-12-14 23:24:47.785: iteration 18 finished in 4.327426 seconds
2021-12-14 23:24:47.877: epoch 18:	0.16840452  	0.09738047  	0.73302925  	0.80512410  	0.67159986  	0.69066370  	0.60824698  	0.61486393  	0.72003651  	0.72291720  
2021-12-14 23:24:52.209: iteration 19 finished in 4.331416 seconds
2021-12-14 23:24:52.296: epoch 19:	0.16819215  	0.09732149  	0.73156321  	0.80414957  	0.67096943  	0.69021219  	0.60788727  	0.61457634  	0.71961117  	0.72253817  
2021-12-14 23:24:56.642: iteration 20 finished in 4.344381 seconds
2021-12-14 23:24:56.731: epoch 20:	0.16816854  	0.09734508  	0.73118079  	0.80450344  	0.67061543  	0.69003206  	0.60759389  	0.61429566  	0.71917355  	0.72217649  
2021-12-14 23:25:01.094: iteration 21 finished in 4.362333 seconds
2021-12-14 23:25:01.185: epoch 21:	0.16816857  	0.09734508  	0.73112184  	0.80459207  	0.67064261  	0.69007027  	0.60762340  	0.61431670  	0.71940523  	0.72236967  
2021-12-14 23:25:05.504: iteration 22 finished in 4.318451 seconds
2021-12-14 23:25:05.592: epoch 22:	0.16816857  	0.09745125  	0.73147207  	0.80584711  	0.67087352  	0.69053322  	0.60786027  	0.61463821  	0.71952200  	0.72246790  
2021-12-14 23:25:09.933: iteration 23 finished in 4.341390 seconds
2021-12-14 23:25:10.022: epoch 23:	0.16797981  	0.09743945  	0.73073739  	0.80525720  	0.67066884  	0.69047999  	0.60785919  	0.61474282  	0.71945184  	0.72240776  
2021-12-14 23:25:14.358: iteration 24 finished in 4.335949 seconds
2021-12-14 23:25:14.436: epoch 24:	0.16802698  	0.09748664  	0.73124069  	0.80579895  	0.67081690  	0.69062483  	0.60787392  	0.61477804  	0.71964800  	0.72252417  
2021-12-14 23:25:18.796: iteration 25 finished in 4.360442 seconds
2021-12-14 23:25:18.874: epoch 25:	0.16795619  	0.09748664  	0.73049510  	0.80583411  	0.67087352  	0.69091237  	0.60808009  	0.61503887  	0.72011334  	0.72307611  
2021-12-14 23:25:23.233: iteration 26 finished in 4.358853 seconds
2021-12-14 23:25:23.324: epoch 26:	0.16797976  	0.09745127  	0.73063827  	0.80559814  	0.67136860  	0.69126952  	0.60875279  	0.61561263  	0.72072852  	0.72372425  
2021-12-14 23:25:27.696: iteration 27 finished in 4.372306 seconds
2021-12-14 23:25:27.788: epoch 27:	0.16797978  	0.09738049  	0.73053998  	0.80495322  	0.67129463  	0.69101614  	0.60868561  	0.61547536  	0.72070432  	0.72372007  
2021-12-14 23:25:32.148: iteration 28 finished in 4.360339 seconds
2021-12-14 23:25:32.238: epoch 28:	0.16802697  	0.09738049  	0.73083496  	0.80478752  	0.67148519  	0.69107866  	0.60884273  	0.61557883  	0.72088665  	0.72391641  
2021-12-14 23:25:36.621: iteration 29 finished in 4.382280 seconds
2021-12-14 23:25:36.708: epoch 29:	0.16797978  	0.09736869  	0.73077595  	0.80470324  	0.67157376  	0.69118017  	0.60908365  	0.61581588  	0.72094423  	0.72396511  
2021-12-14 23:25:41.072: iteration 30 finished in 4.363331 seconds
2021-12-14 23:25:41.158: epoch 30:	0.16814494  	0.09738049  	0.73128152  	0.80535513  	0.67204958  	0.69160628  	0.60965610  	0.61629903  	0.72110057  	0.72414106  
2021-12-14 23:25:45.526: iteration 31 finished in 4.367320 seconds
2021-12-14 23:25:45.616: epoch 31:	0.16809775  	0.09733330  	0.73125964  	0.80496973  	0.67191029  	0.69138610  	0.60947275  	0.61613709  	0.72096330  	0.72391063  
2021-12-14 23:25:49.991: iteration 32 finished in 4.374301 seconds
2021-12-14 23:25:50.080: epoch 32:	0.16807415  	0.09734508  	0.73110229  	0.80485773  	0.67179221  	0.69132233  	0.60927838  	0.61601198  	0.72092164  	0.72384167  
2021-12-14 23:25:54.436: iteration 33 finished in 4.355352 seconds
2021-12-14 23:25:54.526: epoch 33:	0.16793258  	0.09730969  	0.73079956  	0.80424815  	0.67155892  	0.69108915  	0.60910523  	0.61588705  	0.72070467  	0.72356957  
2021-12-14 23:25:58.900: iteration 34 finished in 4.374302 seconds
2021-12-14 23:25:58.991: epoch 34:	0.16783822  	0.09729789  	0.73008573  	0.80395895  	0.67141855  	0.69109380  	0.60913271  	0.61595052  	0.72089303  	0.72381455  
2021-12-14 23:26:03.359: iteration 35 finished in 4.368319 seconds
2021-12-14 23:26:03.447: epoch 35:	0.16786182  	0.09729788  	0.73024303  	0.80397087  	0.67143196  	0.69106185  	0.60901994  	0.61582309  	0.72112137  	0.72402090  
2021-12-14 23:26:07.816: iteration 36 finished in 4.368318 seconds
2021-12-14 23:26:07.903: epoch 36:	0.16769665  	0.09728610  	0.72991633  	0.80388093  	0.67130506  	0.69107842  	0.60893905  	0.61581361  	0.72119409  	0.72414637  
2021-12-14 23:26:12.254: iteration 37 finished in 4.351393 seconds
2021-12-14 23:26:12.348: epoch 37:	0.16755509  	0.09725070  	0.72925341  	0.80349326  	0.67095912  	0.69084024  	0.60865664  	0.61559749  	0.72107232  	0.72403949  
2021-12-14 23:26:16.693: iteration 38 finished in 4.345103 seconds
2021-12-14 23:26:16.787: epoch 38:	0.16748431  	0.09725070  	0.72882080  	0.80343032  	0.67066610  	0.69066292  	0.60831165  	0.61530310  	0.72098410  	0.72397107  
2021-12-14 23:26:21.146: iteration 39 finished in 4.358954 seconds
2021-12-14 23:26:21.224: epoch 39:	0.16738994  	0.09725070  	0.72840387  	0.80350107  	0.67039728  	0.69053233  	0.60805565  	0.61507535  	0.72087246  	0.72392470  
2021-12-14 23:26:25.620: iteration 40 finished in 4.396378 seconds
2021-12-14 23:26:25.712: epoch 40:	0.16738996  	0.09725070  	0.72818983  	0.80306864  	0.67027402  	0.69036877  	0.60800099  	0.61499876  	0.72064257  	0.72367167  
2021-12-14 23:26:30.082: iteration 41 finished in 4.370312 seconds
2021-12-14 23:26:30.172: epoch 41:	0.16741355  	0.09720350  	0.72808987  	0.80263597  	0.67023104  	0.69020379  	0.60800147  	0.61492276  	0.72056860  	0.72360396  
2021-12-14 23:26:34.533: iteration 42 finished in 4.361335 seconds
2021-12-14 23:26:34.623: epoch 42:	0.16736634  	0.09714451  	0.72797185  	0.80209774  	0.67016536  	0.69002444  	0.60791117  	0.61481220  	0.72065169  	0.72364205  
2021-12-14 23:26:39.001: iteration 43 finished in 4.378291 seconds
2021-12-14 23:26:39.088: epoch 43:	0.16734274  	0.09710912  	0.72763753  	0.80162585  	0.67017335  	0.68999392  	0.60800302  	0.61489624  	0.72075504  	0.72375405  
2021-12-14 23:26:43.467: iteration 44 finished in 4.377294 seconds
2021-12-14 23:26:43.553: epoch 44:	0.16736634  	0.09708553  	0.72787178  	0.80154717  	0.67011982  	0.68984002  	0.60789341  	0.61469960  	0.72056758  	0.72360897  
2021-12-14 23:26:47.943: iteration 45 finished in 4.388264 seconds
2021-12-14 23:26:48.030: epoch 45:	0.16738993  	0.09706193  	0.72798437  	0.80135453  	0.66997933  	0.68960649  	0.60766500  	0.61443835  	0.72032148  	0.72332197  
2021-12-14 23:26:52.396: iteration 46 finished in 4.365326 seconds
2021-12-14 23:26:52.487: epoch 46:	0.16736634  	0.09707373  	0.72790575  	0.80148280  	0.66992170  	0.68961757  	0.60758793  	0.61440665  	0.72029102  	0.72326541  
2021-12-14 23:26:56.848: iteration 47 finished in 4.360338 seconds
2021-12-14 23:26:56.938: epoch 47:	0.16750792  	0.09708554  	0.72872102  	0.80167377  	0.67026460  	0.68973356  	0.60779017  	0.61447984  	0.72056401  	0.72348249  
2021-12-14 23:27:01.347: iteration 48 finished in 4.409209 seconds
2021-12-14 23:27:01.439: epoch 48:	0.16748430  	0.09707373  	0.72861278  	0.80163449  	0.67026156  	0.68973362  	0.60779721  	0.61447412  	0.72065270  	0.72356576  
2021-12-14 23:27:05.874: iteration 49 finished in 4.433144 seconds
2021-12-14 23:27:05.964: epoch 49:	0.16741352  	0.09705015  	0.72829968  	0.80125910  	0.66991138  	0.68939173  	0.60746133  	0.61415321  	0.72015893  	0.72305548  
2021-12-14 23:27:10.396: iteration 50 finished in 4.430151 seconds
2021-12-14 23:27:10.485: epoch 50:	0.16741352  	0.09703834  	0.72835720  	0.80114114  	0.66932511  	0.68875825  	0.60668445  	0.61334091  	0.71929806  	0.72220337  
