2020-08-01 16:01:44.688: Dataset name: u1
The number of users: 1335
The number of items: 1777
The number of ratings: 20192
Average actions of users: 15.13
Average actions of items: 11.36
The sparsity of the dataset: 99.148841%
2020-08-01 16:01:44.689: 

NeuRec hyperparameters:
recommender=WRMF
config_dir=./conf
gpu_id=0
gpu_mem=0.5
data.input.path=C:\Users\HyunsikYoo\Desktop\VNE_directed_networks/_Data/uci/5-fold/u1/
data.input.dataset=u1
data.output.path=C:\Users\HyunsikYoo\Desktop\VNE_directed_networks/_Data/uci/5-fold/u1/relevance_WRMF_directed_True_uniform
data.column.format=UI
data.convert.separator='\t'
user_min=0
item_min=0
splitter=given
ratio=0.8
by_time=False
metric=["Precision", "Recall", "NDCG", "MAP", "MRR"]
topk=[10, 20]
group_view=None
rec.evaluate.neg=0
test_batch_size=128
num_thread=8
data.index.remap=True

WRMF's hyperparameters:
epochs=2
embedding_size=16
reg_mf=0.1
alpha=10
init_method=uniform
stddev=0.01
verbose=1
weight=uniform

2020-08-01 16:01:51.231: metrics:	Precision@10	Precision@20	Recall@10   	Recall@20   	NDCG@10     	NDCG@20     	MAP@10      	MAP@20      	MRR@10      	MRR@20      
2020-08-01 16:01:52.151: iteration 1 finished in 0.920594 seconds
2020-08-01 16:01:52.178: epoch 1:	0.01467067  	0.01297408  	0.03776899  	0.06240765  	0.02704923  	0.03514969  	0.01323675  	0.01464750  	0.04373553  	0.04852445  
2020-08-01 16:01:53.025: iteration 2 finished in 0.845013 seconds
2020-08-01 16:01:53.048: epoch 2:	0.02455095  	0.02195606  	0.06810717  	0.11510404  	0.04865980  	0.06439283  	0.02514065  	0.02839982  	0.07476950  	0.08251424  
