2020-08-03 22:15:08.879: Dataset name: u1
The number of users: 5648
The number of items: 2354
The number of ratings: 103224
Average actions of users: 18.28
Average actions of items: 43.85
The sparsity of the dataset: 99.223611%
2020-08-03 22:15:08.879: 

NeuRec hyperparameters:
recommender=WRMF
config_dir=./conf
gpu_id=0
gpu_mem=0.5
data.input.path=C:\Users\HyunsikYoo\Desktop\VNE_directed_networks/_Data/wiki-vote/5-fold/u1/
data.input.dataset=u1
data.output.path=C:\Users\HyunsikYoo\Desktop\VNE_directed_networks/_Data/wiki-vote/5-fold/u1/relevance_WRMF_directed_True_user_oriented
data.column.format=UI
data.convert.separator='\t'
user_min=0
item_min=0
splitter=given
ratio=0.8
by_time=False
metric=["Precision", "Recall", "NDCG", "MAP", "MRR"]
topk=[10, 20]
group_view=None
rec.evaluate.neg=0
test_batch_size=128
num_thread=8
data.index.remap=True

WRMF's hyperparameters:
epochs=50
embedding_size=16
reg_mf=0.1
alpha=10
init_method=uniform
stddev=0.01
verbose=1
weight=user_oriented

2020-08-03 22:15:45.149: metrics:	Precision@10	Precision@20	Recall@10   	Recall@20   	NDCG@10     	NDCG@20     	MAP@10      	MAP@20      	MRR@10      	MRR@20      
2020-08-03 22:15:47.685: iteration 1 finished in 2.535225 seconds
2020-08-03 22:15:47.766: epoch 1:	0.02663674  	0.02254867  	0.03398838  	0.05762168  	0.03706372  	0.04196412  	0.01779151  	0.01692660  	0.07017533  	0.07476889  
2020-08-03 22:15:50.016: iteration 2 finished in 2.249982 seconds
2020-08-03 22:15:50.092: epoch 2:	0.06224889  	0.05333818  	0.11586301  	0.18109290  	0.10306071  	0.12041206  	0.05791090  	0.05886324  	0.16025405  	0.16753531  
2020-08-03 22:15:52.636: iteration 3 finished in 2.543281 seconds
2020-08-03 22:15:52.718: epoch 3:	0.07179874  	0.06012522  	0.13519983  	0.20963551  	0.12235978  	0.14154926  	0.07165901  	0.07316016  	0.18429278  	0.19215339  
2020-08-03 22:15:55.245: iteration 4 finished in 2.526266 seconds
2020-08-03 22:15:55.323: epoch 4:	0.07464138  	0.06306364  	0.14039370  	0.21993698  	0.12946706  	0.15029818  	0.07713172  	0.07911702  	0.19624922  	0.20420079  
2020-08-03 22:15:57.855: iteration 5 finished in 2.532226 seconds
2020-08-03 22:15:57.935: epoch 5:	0.07668543  	0.06442104  	0.14358851  	0.22744073  	0.13316186  	0.15485494  	0.07949345  	0.08168639  	0.20245457  	0.21054633  
2020-08-03 22:16:00.467: iteration 6 finished in 2.532199 seconds
2020-08-03 22:16:00.545: epoch 6:	0.07773941  	0.06497996  	0.14638151  	0.23098820  	0.13573542  	0.15737338  	0.08118889  	0.08323725  	0.20744371  	0.21531874  
2020-08-03 22:16:03.085: iteration 7 finished in 2.540179 seconds
2020-08-03 22:16:03.259: epoch 7:	0.07821850  	0.06526744  	0.14735015  	0.23396280  	0.13640505  	0.15842505  	0.08172363  	0.08371579  	0.20731965  	0.21526760  
2020-08-03 22:16:05.849: iteration 8 finished in 2.588097 seconds
2020-08-03 22:16:05.930: epoch 8:	0.07809074  	0.06544311  	0.14735328  	0.23461896  	0.13654697  	0.15891559  	0.08182362  	0.08405615  	0.20849365  	0.21627200  
2020-08-03 22:16:08.419: iteration 9 finished in 2.489341 seconds
2020-08-03 22:16:08.497: epoch 9:	0.07856983  	0.06587427  	0.14819460  	0.23641343  	0.13723363  	0.15976115  	0.08236507  	0.08450361  	0.20905858  	0.21677570  
2020-08-03 22:16:11.048: iteration 10 finished in 2.551180 seconds
2020-08-03 22:16:11.212: epoch 10:	0.07828240  	0.06536324  	0.14904177  	0.23445301  	0.13726005  	0.15904059  	0.08217426  	0.08425264  	0.20971021  	0.21723051  
2020-08-03 22:16:13.739: iteration 11 finished in 2.525216 seconds
2020-08-03 22:16:13.816: epoch 11:	0.07866567  	0.06542712  	0.14935462  	0.23473649  	0.13724488  	0.15888023  	0.08191509  	0.08389851  	0.20922984  	0.21680933  
2020-08-03 22:16:16.366: iteration 12 finished in 2.550178 seconds
2020-08-03 22:16:16.558: epoch 12:	0.07876151  	0.06558682  	0.14961259  	0.23518440  	0.13718417  	0.15894592  	0.08188047  	0.08383080  	0.20821388  	0.21589629  
2020-08-03 22:16:19.075: iteration 13 finished in 2.515272 seconds
2020-08-03 22:16:19.151: epoch 13:	0.07885732  	0.06571458  	0.15025605  	0.23555331  	0.13730897  	0.15901469  	0.08187427  	0.08369774  	0.20811550  	0.21595877  
2020-08-03 22:16:21.614: iteration 14 finished in 2.462389 seconds
2020-08-03 22:16:21.694: epoch 14:	0.07892118  	0.06571458  	0.14997302  	0.23615357  	0.13703823  	0.15889530  	0.08148669  	0.08333472  	0.20825678  	0.21606191  
2020-08-03 22:16:24.237: iteration 15 finished in 2.543194 seconds
2020-08-03 22:16:24.317: epoch 15:	0.07892120  	0.06569859  	0.15159424  	0.23545562  	0.13689429  	0.15832651  	0.08087459  	0.08267689  	0.20758033  	0.21525726  
2020-08-03 22:16:26.808: iteration 16 finished in 2.491309 seconds
2020-08-03 22:16:26.889: epoch 16:	0.07901699  	0.06574650  	0.15294831  	0.23550753  	0.13693732  	0.15808862  	0.08044801  	0.08223799  	0.20785588  	0.21536471  
2020-08-03 22:16:29.351: iteration 17 finished in 2.462413 seconds
2020-08-03 22:16:29.430: epoch 17:	0.07885729  	0.06587426  	0.15107968  	0.23553373  	0.13613863  	0.15790430  	0.07999440  	0.08196738  	0.20713995  	0.21496660  
2020-08-03 22:16:31.956: iteration 18 finished in 2.526225 seconds
2020-08-03 22:16:32.121: epoch 18:	0.07888923  	0.06590620  	0.15105745  	0.23615578  	0.13601582  	0.15789874  	0.07999358  	0.08198916  	0.20639098  	0.21420430  
2020-08-03 22:16:34.698: iteration 19 finished in 2.575082 seconds
2020-08-03 22:16:34.777: epoch 19:	0.07882535  	0.06579441  	0.15117478  	0.23583104  	0.13600771  	0.15775922  	0.08006629  	0.08192405  	0.20624930  	0.21418774  
2020-08-03 22:16:37.092: iteration 20 finished in 2.314810 seconds
2020-08-03 22:16:37.168: epoch 20:	0.07847402  	0.06565069  	0.15097155  	0.23510206  	0.13592815  	0.15767014  	0.08020747  	0.08206698  	0.20637326  	0.21441178  
2020-08-03 22:16:39.631: iteration 21 finished in 2.462386 seconds
2020-08-03 22:16:39.708: epoch 21:	0.07853792  	0.06550697  	0.15064828  	0.23442104  	0.13604935  	0.15761760  	0.08041261  	0.08219516  	0.20651373  	0.21456589  
2020-08-03 22:16:41.930: iteration 22 finished in 2.222085 seconds
2020-08-03 22:16:42.005: epoch 22:	0.07850599  	0.06557087  	0.15134874  	0.23541698  	0.13619758  	0.15786782  	0.08040243  	0.08217695  	0.20702930  	0.21507716  
2020-08-03 22:16:44.512: iteration 23 finished in 2.503299 seconds
2020-08-03 22:16:44.591: epoch 23:	0.07863373  	0.06565071  	0.15061735  	0.23625746  	0.13596489  	0.15792014  	0.08021852  	0.08206360  	0.20697364  	0.21520621  
2020-08-03 22:16:47.124: iteration 24 finished in 2.533257 seconds
2020-08-03 22:16:47.204: epoch 24:	0.07860181  	0.06566668  	0.15082975  	0.23575757  	0.13605464  	0.15786521  	0.08031937  	0.08212507  	0.20719518  	0.21528274  
2020-08-03 22:16:49.682: iteration 25 finished in 2.478370 seconds
2020-08-03 22:16:49.902: epoch 25:	0.07853794  	0.06561876  	0.15111455  	0.23476613  	0.13621952  	0.15777081  	0.08048628  	0.08229315  	0.20740031  	0.21533233  
2020-08-03 22:16:52.611: iteration 26 finished in 2.707878 seconds
2020-08-03 22:16:52.691: epoch 26:	0.07888927  	0.06571458  	0.15227138  	0.23479344  	0.13675432  	0.15793429  	0.08079100  	0.08244137  	0.20768259  	0.21550962  
2020-08-03 22:16:55.154: iteration 27 finished in 2.462391 seconds
2020-08-03 22:16:55.229: epoch 27:	0.07895314  	0.06571458  	0.15219231  	0.23526628  	0.13679141  	0.15807343  	0.08085771  	0.08255985  	0.20757410  	0.21547987  
2020-08-03 22:16:57.680: iteration 28 finished in 2.450444 seconds
2020-08-03 22:16:57.757: epoch 28:	0.07885733  	0.06574652  	0.15220982  	0.23603238  	0.13669945  	0.15821232  	0.08073987  	0.08250909  	0.20763887  	0.21561347  
2020-08-03 22:17:00.281: iteration 29 finished in 2.524224 seconds
2020-08-03 22:17:00.360: epoch 29:	0.07863375  	0.06557085  	0.15161663  	0.23466663  	0.13638256  	0.15776627  	0.08062846  	0.08237712  	0.20712681  	0.21515732  
2020-08-03 22:17:02.887: iteration 30 finished in 2.527214 seconds
2020-08-03 22:17:02.968: epoch 30:	0.07856987  	0.06555489  	0.15094043  	0.23438469  	0.13619734  	0.15768938  	0.08064771  	0.08240148  	0.20695992  	0.21510118  
2020-08-03 22:17:05.428: iteration 31 finished in 2.460396 seconds
2020-08-03 22:17:05.509: epoch 31:	0.07837824  	0.06545907  	0.14930962  	0.23414944  	0.13553318  	0.15739909  	0.08029822  	0.08217286  	0.20621596  	0.21446452  
2020-08-03 22:17:08.043: iteration 32 finished in 2.534192 seconds
2020-08-03 22:17:08.124: epoch 32:	0.07837824  	0.06552294  	0.14936806  	0.23469092  	0.13554668  	0.15753900  	0.08033030  	0.08224478  	0.20609578  	0.21431355  
2020-08-03 22:17:10.578: iteration 33 finished in 2.454404 seconds
2020-08-03 22:17:10.656: epoch 33:	0.07841018  	0.06561876  	0.14994933  	0.23540318  	0.13578430  	0.15783401  	0.08045772  	0.08241217  	0.20619756  	0.21434440  
2020-08-03 22:17:13.186: iteration 34 finished in 2.530205 seconds
2020-08-03 22:17:13.264: epoch 34:	0.07850601  	0.06568264  	0.15013604  	0.23572315  	0.13581081  	0.15785502  	0.08038436  	0.08237108  	0.20602427  	0.21406384  
2020-08-03 22:17:15.802: iteration 35 finished in 2.537184 seconds
2020-08-03 22:17:15.880: epoch 35:	0.07860183  	0.06569860  	0.15051907  	0.23585875  	0.13594520  	0.15790331  	0.08045945  	0.08239835  	0.20571190  	0.21371605  
2020-08-03 22:17:18.359: iteration 36 finished in 2.477373 seconds
2020-08-03 22:17:18.433: epoch 36:	0.07863376  	0.06565069  	0.15111463  	0.23551464  	0.13607976  	0.15778509  	0.08049101  	0.08232446  	0.20569746  	0.21369042  
2020-08-03 22:17:20.906: iteration 37 finished in 2.472472 seconds
2020-08-03 22:17:20.983: epoch 37:	0.07876152  	0.06560277  	0.15060118  	0.23603471  	0.13600321  	0.15782236  	0.08048324  	0.08229033  	0.20559709  	0.21356831  
2020-08-03 22:17:23.521: iteration 38 finished in 2.537270 seconds
2020-08-03 22:17:23.598: epoch 38:	0.07876153  	0.06553891  	0.15050834  	0.23591115  	0.13581294  	0.15759628  	0.08031133  	0.08208960  	0.20500487  	0.21303198  
2020-08-03 22:17:26.126: iteration 39 finished in 2.528237 seconds
2020-08-03 22:17:26.205: epoch 39:	0.07888927  	0.06563472  	0.15090871  	0.23610535  	0.13597234  	0.15770942  	0.08038419  	0.08217937  	0.20479786  	0.21271682  
2020-08-03 22:17:28.507: iteration 40 finished in 2.302814 seconds
2020-08-03 22:17:28.826: epoch 40:	0.07872958  	0.06561876  	0.15074579  	0.23588647  	0.13594460  	0.15774393  	0.08043928  	0.08225524  	0.20508301  	0.21298358  
2020-08-03 22:17:31.312: iteration 41 finished in 2.484352 seconds
2020-08-03 22:17:31.388: epoch 41:	0.07888929  	0.06553891  	0.15122817  	0.23548836  	0.13613963  	0.15763249  	0.08051903  	0.08226625  	0.20499875  	0.21273169  
2020-08-03 22:17:33.832: iteration 42 finished in 2.443439 seconds
2020-08-03 22:17:33.910: epoch 42:	0.07895317  	0.06545907  	0.15096706  	0.23498073  	0.13602252  	0.15739451  	0.08043922  	0.08215509  	0.20471920  	0.21243542  
2020-08-03 22:17:36.400: iteration 43 finished in 2.489384 seconds
2020-08-03 22:17:36.481: epoch 43:	0.07901704  	0.06553891  	0.15091257  	0.23534355  	0.13609184  	0.15756910  	0.08053029  	0.08226321  	0.20473064  	0.21249211  
2020-08-03 22:17:39.002: iteration 44 finished in 2.520311 seconds
2020-08-03 22:17:39.080: epoch 44:	0.07898510  	0.06550698  	0.15095782  	0.23511657  	0.13606165  	0.15749395  	0.08049648  	0.08223061  	0.20471279  	0.21243671  
2020-08-03 22:17:41.360: iteration 45 finished in 2.279902 seconds
2020-08-03 22:17:41.637: epoch 45:	0.07908092  	0.06547505  	0.15112033  	0.23510642  	0.13614178  	0.15746997  	0.08051573  	0.08221240  	0.20466131  	0.21234353  
2020-08-03 22:17:43.990: iteration 46 finished in 2.351681 seconds
2020-08-03 22:17:44.066: epoch 46:	0.07898510  	0.06547505  	0.15090722  	0.23447941  	0.13605274  	0.15735644  	0.08047609  	0.08220215  	0.20479660  	0.21248476  
2020-08-03 22:17:46.596: iteration 47 finished in 2.528270 seconds
2020-08-03 22:17:46.677: epoch 47:	0.07895315  	0.06547505  	0.15082434  	0.23452073  	0.13590835  	0.15724704  	0.08036975  	0.08207994  	0.20445071  	0.21216811  
2020-08-03 22:17:49.140: iteration 48 finished in 2.462542 seconds
2020-08-03 22:17:49.215: epoch 48:	0.07901704  	0.06550698  	0.15093328  	0.23481709  	0.13604754  	0.15740953  	0.08045037  	0.08217536  	0.20481069  	0.21250498  
2020-08-03 22:17:51.629: iteration 49 finished in 2.414541 seconds
2020-08-03 22:17:51.706: epoch 49:	0.07908092  	0.06558684  	0.15104748  	0.23550062  	0.13614148  	0.15763660  	0.08052099  	0.08228200  	0.20486581  	0.21257184  
2020-08-03 22:17:53.976: iteration 50 finished in 2.269903 seconds
2020-08-03 22:17:54.049: epoch 50:	0.07908092  	0.06558684  	0.15104748  	0.23563591  	0.13610940  	0.15763839  	0.08048939  	0.08225676  	0.20480283  	0.21252769  
