2020-11-13 15:54:50.302: Dataset name: u1
The number of users: 26996
The number of items: 26996
The number of ratings: 83174
Average actions of users: 3.08
Average actions of items: 3.08
The sparsity of the dataset: 99.988587%
2020-11-13 15:54:50.303: 

NeuRec hyperparameters:
recommender=WRMF
config_dir=./conf
gpu_id=0
gpu_mem=0.5
data.input.path=C:\Users\HyunsikYoo\Desktop\VNE_directed_networks/_Data/digg/5-fold/u1/
data.input.dataset=u1
data.output.path=C:\Users\HyunsikYoo\Desktop\VNE_directed_networks/_Emb/digg/5-fold/wrmf/u1_wrmf_directed_dim128.emb
data.column.format=UI
data.convert.separator='\t'
user_min=0
item_min=0
splitter=given
ratio=0.8
by_time=False
metric=["Precision", "Recall", "NDCG", "MAP", "MRR"]
topk=[10, 20]
group_view=None
rec.evaluate.neg=0
test_batch_size=128
num_thread=8
data.index.remap=False

WRMF's hyperparameters:
epochs=50
embedding_size=128
reg_mf=0.1
alpha=10
init_method=uniform
stddev=0.01
verbose=1
weight=uniform

2020-11-13 16:25:52.592: metrics:	Precision@10	Precision@20	Recall@10   	Recall@20   	NDCG@10     	NDCG@20     	MAP@10      	MAP@20      	MRR@10      	MRR@20      
2020-11-13 16:48:59.058: iteration 1 finished in 1386.464511 seconds
2020-11-13 16:48:59.556: epoch 1:	0.00153243  	0.00144334  	0.00905361  	0.01667401  	0.00468931  	0.00681968  	0.00273647  	0.00323361  	0.00470689  	0.00557746  
2020-11-13 17:12:21.368: iteration 2 finished in 1401.811954 seconds
2020-11-13 17:12:21.879: epoch 2:	0.00150867  	0.00130079  	0.00878454  	0.01496984  	0.00515600  	0.00685106  	0.00331774  	0.00369511  	0.00579752  	0.00649154  
2020-11-13 17:36:08.413: iteration 3 finished in 1426.532854 seconds
2020-11-13 17:36:08.936: epoch 3:	0.00168686  	0.00134830  	0.00992695  	0.01572350  	0.00548163  	0.00706974  	0.00333569  	0.00369957  	0.00596544  	0.00661108  
2020-11-13 17:59:28.592: iteration 4 finished in 1399.655489 seconds
2020-11-13 17:59:29.083: epoch 4:	0.00165123  	0.00146710  	0.00976878  	0.01653185  	0.00574181  	0.00764887  	0.00366374  	0.00410294  	0.00661790  	0.00740896  
2020-11-13 18:22:35.439: iteration 5 finished in 1386.355816 seconds
2020-11-13 18:22:35.933: epoch 5:	0.00175814  	0.00145522  	0.00990365  	0.01666339  	0.00564549  	0.00751268  	0.00346617  	0.00391220  	0.00626558  	0.00702328  
2020-11-13 18:45:14.664: iteration 6 finished in 1358.730736 seconds
2020-11-13 18:45:15.118: epoch 6:	0.00184130  	0.00148492  	0.01026656  	0.01725610  	0.00582518  	0.00774169  	0.00358120  	0.00405490  	0.00630485  	0.00704174  
2020-11-13 19:07:06.258: iteration 7 finished in 1311.140465 seconds
2020-11-13 19:07:06.712: epoch 7:	0.00191257  	0.00152055  	0.01115918  	0.01752165  	0.00626359  	0.00803012  	0.00388390  	0.00429853  	0.00678285  	0.00748731  
2020-11-13 19:28:56.649: iteration 8 finished in 1309.936194 seconds
2020-11-13 19:28:57.076: epoch 8:	0.00185317  	0.00152055  	0.01096812  	0.01802786  	0.00621374  	0.00815335  	0.00389380  	0.00435100  	0.00679430  	0.00754326  
2020-11-13 19:50:47.087: iteration 9 finished in 1310.008974 seconds
2020-11-13 19:50:47.546: epoch 9:	0.00181754  	0.00152055  	0.01101872  	0.01770203  	0.00638209  	0.00827229  	0.00408565  	0.00452644  	0.00709152  	0.00788153  
2020-11-13 20:12:37.311: iteration 10 finished in 1309.764135 seconds
2020-11-13 20:12:37.751: epoch 10:	0.00177002  	0.00152055  	0.01062274  	0.01813463  	0.00641719  	0.00850673  	0.00424343  	0.00473649  	0.00730780  	0.00814846  
2020-11-13 20:34:29.738: iteration 11 finished in 1311.987805 seconds
2020-11-13 20:34:30.255: epoch 11:	0.00182942  	0.00152649  	0.01065392  	0.01852005  	0.00639258  	0.00853445  	0.00419394  	0.00470622  	0.00706413  	0.00788853  
2020-11-13 20:56:20.030: iteration 12 finished in 1309.775130 seconds
2020-11-13 20:56:20.482: epoch 12:	0.00181754  	0.00153243  	0.01084713  	0.01845472  	0.00643766  	0.00853154  	0.00424806  	0.00474236  	0.00693110  	0.00778016  
2020-11-13 21:18:13.576: iteration 13 finished in 1313.092833 seconds
2020-11-13 21:18:14.004: epoch 13:	0.00193633  	0.00156213  	0.01136842  	0.01885515  	0.00665598  	0.00867308  	0.00433494  	0.00480383  	0.00706258  	0.00783803  
2020-11-13 21:40:06.704: iteration 14 finished in 1312.700338 seconds
2020-11-13 21:40:07.261: epoch 14:	0.00190069  	0.00157401  	0.01105412  	0.01902226  	0.00659328  	0.00875512  	0.00432996  	0.00484524  	0.00710189  	0.00794039  
2020-11-13 22:01:58.813: iteration 15 finished in 1311.552348 seconds
2020-11-13 22:01:59.279: epoch 15:	0.00188881  	0.00158589  	0.01101310  	0.01895503  	0.00648326  	0.00865593  	0.00421074  	0.00473093  	0.00690970  	0.00777275  
2020-11-13 22:23:48.885: iteration 16 finished in 1309.605978 seconds
2020-11-13 22:23:49.355: epoch 16:	0.00185317  	0.00157401  	0.01113324  	0.01875450  	0.00636675  	0.00848291  	0.00407903  	0.00457873  	0.00663091  	0.00750943  
2020-11-13 22:45:37.433: iteration 17 finished in 1308.077216 seconds
2020-11-13 22:45:37.890: epoch 17:	0.00186505  	0.00157995  	0.01105844  	0.01887032  	0.00629202  	0.00846074  	0.00399632  	0.00451591  	0.00655474  	0.00743958  
2020-11-13 23:07:23.173: iteration 18 finished in 1305.282439 seconds
2020-11-13 23:07:23.634: epoch 18:	0.00186505  	0.00155619  	0.01129446  	0.01844266  	0.00635047  	0.00835911  	0.00402168  	0.00449774  	0.00655822  	0.00740850  
2020-11-13 23:29:07.079: iteration 19 finished in 1303.444530 seconds
2020-11-13 23:29:07.540: epoch 19:	0.00187693  	0.00152055  	0.01125530  	0.01798587  	0.00634516  	0.00824880  	0.00402191  	0.00447967  	0.00655695  	0.00736160  
2020-11-13 23:50:51.551: iteration 20 finished in 1304.010951 seconds
2020-11-13 23:50:52.018: epoch 20:	0.00190069  	0.00152055  	0.01135311  	0.01807002  	0.00633854  	0.00822500  	0.00398217  	0.00443859  	0.00648945  	0.00727277  
2020-11-14 00:12:37.255: iteration 21 finished in 1305.236183 seconds
2020-11-14 00:12:37.712: epoch 21:	0.00186505  	0.00151462  	0.01126656  	0.01778259  	0.00632838  	0.00818899  	0.00400646  	0.00445498  	0.00650382  	0.00730690  
2020-11-14 00:34:22.552: iteration 22 finished in 1304.839735 seconds
2020-11-14 00:34:23.004: epoch 22:	0.00180566  	0.00148492  	0.01079139  	0.01755787  	0.00611831  	0.00804369  	0.00387632  	0.00435318  	0.00632837  	0.00714441  
2020-11-14 00:56:06.823: iteration 23 finished in 1303.818465 seconds
2020-11-14 00:56:07.290: epoch 23:	0.00179378  	0.00147898  	0.01083594  	0.01748165  	0.00615395  	0.00805345  	0.00391862  	0.00438557  	0.00632026  	0.00713353  
2020-11-14 01:17:53.797: iteration 24 finished in 1306.506296 seconds
2020-11-14 01:17:54.256: epoch 24:	0.00185317  	0.00147304  	0.01119974  	0.01737275  	0.00628575  	0.00804366  	0.00396872  	0.00439361  	0.00641167  	0.00717026  
2020-11-14 01:39:39.228: iteration 25 finished in 1304.971383 seconds
2020-11-14 01:39:39.686: epoch 25:	0.00187693  	0.00147898  	0.01122944  	0.01741094  	0.00633046  	0.00807904  	0.00401244  	0.00443482  	0.00646064  	0.00720431  
2020-11-14 02:01:23.937: iteration 26 finished in 1304.250310 seconds
2020-11-14 02:01:24.409: epoch 26:	0.00186505  	0.00147304  	0.01116863  	0.01744451  	0.00629909  	0.00806369  	0.00400048  	0.00442837  	0.00640111  	0.00714811  
2020-11-14 02:23:09.446: iteration 27 finished in 1305.036228 seconds
2020-11-14 02:23:09.905: epoch 27:	0.00184130  	0.00147898  	0.01098054  	0.01734156  	0.00619727  	0.00801008  	0.00394414  	0.00438778  	0.00623183  	0.00701395  
2020-11-14 02:44:54.145: iteration 28 finished in 1304.239340 seconds
2020-11-14 02:44:54.609: epoch 28:	0.00186505  	0.00147898  	0.01108425  	0.01728018  	0.00622171  	0.00798760  	0.00394691  	0.00437724  	0.00622127  	0.00698407  
2020-11-14 03:06:39.300: iteration 29 finished in 1304.690644 seconds
2020-11-14 03:06:39.764: epoch 29:	0.00186505  	0.00147304  	0.01118324  	0.01729819  	0.00626217  	0.00800377  	0.00397186  	0.00439235  	0.00624460  	0.00700396  
2020-11-14 03:28:23.217: iteration 30 finished in 1303.453441 seconds
2020-11-14 03:28:23.684: epoch 30:	0.00188881  	0.00146116  	0.01145194  	0.01723087  	0.00635460  	0.00800158  	0.00401675  	0.00441063  	0.00628344  	0.00700945  
2020-11-14 03:50:05.677: iteration 31 finished in 1301.992347 seconds
2020-11-14 03:50:06.140: epoch 31:	0.00188881  	0.00147304  	0.01142620  	0.01738926  	0.00637523  	0.00807162  	0.00404144  	0.00444756  	0.00635755  	0.00710077  
2020-11-14 04:11:51.728: iteration 32 finished in 1305.587755 seconds
2020-11-14 04:11:52.194: epoch 32:	0.00193633  	0.00147304  	0.01167369  	0.01737441  	0.00639450  	0.00801004  	0.00399001  	0.00437574  	0.00625507  	0.00695153  
2020-11-14 04:33:37.469: iteration 33 finished in 1305.275570 seconds
2020-11-14 04:33:37.936: epoch 33:	0.00197197  	0.00147898  	0.01186178  	0.01728532  	0.00645955  	0.00800337  	0.00401078  	0.00437720  	0.00628575  	0.00695958  
2020-11-14 04:55:22.384: iteration 34 finished in 1304.447783 seconds
2020-11-14 04:55:22.852: epoch 34:	0.00197197  	0.00146710  	0.01182878  	0.01711184  	0.00641412  	0.00792310  	0.00395173  	0.00431403  	0.00622777  	0.00689245  
2020-11-14 05:17:08.042: iteration 35 finished in 1305.190348 seconds
2020-11-14 05:17:08.504: epoch 35:	0.00192445  	0.00146710  	0.01149806  	0.01721744  	0.00626758  	0.00789545  	0.00386175  	0.00425817  	0.00612223  	0.00682769  
2020-11-14 05:38:53.117: iteration 36 finished in 1304.612119 seconds
2020-11-14 05:38:53.582: epoch 36:	0.00194821  	0.00147898  	0.01144196  	0.01737913  	0.00625929  	0.00792820  	0.00385488  	0.00426419  	0.00611266  	0.00680378  
2020-11-14 06:00:37.533: iteration 37 finished in 1303.951111 seconds
2020-11-14 06:00:37.999: epoch 37:	0.00197197  	0.00149680  	0.01160695  	0.01741675  	0.00631321  	0.00794989  	0.00387339  	0.00426756  	0.00612982  	0.00681316  
2020-11-14 06:22:22.990: iteration 38 finished in 1304.990333 seconds
2020-11-14 06:22:23.456: epoch 38:	0.00193633  	0.00150274  	0.01147166  	0.01753554  	0.00625937  	0.00797278  	0.00385500  	0.00426968  	0.00609333  	0.00681448  
2020-11-14 06:44:07.297: iteration 39 finished in 1303.841404 seconds
2020-11-14 06:44:07.762: epoch 39:	0.00196009  	0.00149680  	0.01164985  	0.01752234  	0.00630097  	0.00795469  	0.00385877  	0.00425611  	0.00609555  	0.00679299  
2020-11-14 07:05:52.754: iteration 40 finished in 1304.991852 seconds
2020-11-14 07:05:53.227: epoch 40:	0.00197197  	0.00149680  	0.01162640  	0.01765301  	0.00631458  	0.00798658  	0.00387380  	0.00427573  	0.00613665  	0.00681091  
2020-11-14 07:27:37.511: iteration 41 finished in 1304.283223 seconds
2020-11-14 07:27:37.976: epoch 41:	0.00196009  	0.00152055  	0.01161155  	0.01788268  	0.00631661  	0.00806391  	0.00388734  	0.00430583  	0.00613943  	0.00685230  
2020-11-14 07:49:23.914: iteration 42 finished in 1305.936311 seconds
2020-11-14 07:49:24.382: epoch 42:	0.00192445  	0.00152649  	0.01144326  	0.01802127  	0.00625833  	0.00808689  	0.00386312  	0.00429991  	0.00615211  	0.00689845  
2020-11-14 08:11:08.184: iteration 43 finished in 1303.801547 seconds
2020-11-14 08:11:08.646: epoch 43:	0.00193633  	0.00153243  	0.01145646  	0.01808915  	0.00624591  	0.00808397  	0.00384478  	0.00428594  	0.00610643  	0.00684230  
2020-11-14 08:32:54.089: iteration 44 finished in 1305.443126 seconds
2020-11-14 08:32:54.557: epoch 44:	0.00196009  	0.00153837  	0.01156394  	0.01820795  	0.00628523  	0.00811593  	0.00385950  	0.00429811  	0.00613406  	0.00685443  
2020-11-14 08:54:37.894: iteration 45 finished in 1303.337035 seconds
2020-11-14 08:54:38.366: epoch 45:	0.00193633  	0.00155619  	0.01142139  	0.01833268  	0.00622093  	0.00813105  	0.00382237  	0.00427894  	0.00608697  	0.00684636  
2020-11-14 09:16:25.135: iteration 46 finished in 1306.769088 seconds
2020-11-14 09:16:25.570: epoch 46:	0.00192445  	0.00155025  	0.01142634  	0.01827328  	0.00621601  	0.00811529  	0.00382244  	0.00427736  	0.00607099  	0.00683595  
2020-11-14 09:38:15.318: iteration 47 finished in 1309.747143 seconds
2020-11-14 09:38:15.772: epoch 47:	0.00193633  	0.00154431  	0.01154513  	0.01821388  	0.00622724  	0.00807756  	0.00380848  	0.00425122  	0.00604916  	0.00679313  
2020-11-14 10:00:10.280: iteration 48 finished in 1314.506562 seconds
2020-11-14 10:00:10.728: epoch 48:	0.00192445  	0.00154431  	0.01146198  	0.01821388  	0.00620863  	0.00808385  	0.00380475  	0.00425598  	0.00608145  	0.00683496  
2020-11-14 10:22:25.983: iteration 49 finished in 1335.254478 seconds
2020-11-14 10:22:26.456: epoch 49:	0.00191257  	0.00154431  	0.01140258  	0.01822378  	0.00617675  	0.00807483  	0.00379551  	0.00425272  	0.00599542  	0.00675906  
2020-11-14 10:45:45.793: iteration 50 finished in 1399.336802 seconds
2020-11-14 10:45:46.532: epoch 50:	0.00187693  	0.00155025  	0.01120459  	0.01832278  	0.00613833  	0.00812164  	0.00381043  	0.00428954  	0.00599641  	0.00679655  
