2020-11-04 15:32:45.957: Dataset name: u1
The number of users: 5907
The number of items: 5907
The number of ratings: 20336
Average actions of users: 3.44
Average actions of items: 3.44
The sparsity of the dataset: 99.941718%
2020-11-04 15:32:45.957: 

NeuRec hyperparameters:
recommender=WRMF
config_dir=./conf
gpu_id=0
gpu_mem=0.5
data.input.path=C:\Users\HyunsikYoo\Desktop\VNE_directed_networks/_Data/p2p-Gnutella08/5-fold/u1/
data.input.dataset=u1
data.output.path=C:\Users\HyunsikYoo\Desktop\VNE_directed_networks/_Emb/p2p-Gnutella08/5-fold/wrmf/u1_wrmf_directed_dim128.emb
data.column.format=UI
data.convert.separator='\t'
user_min=0
item_min=0
splitter=given
ratio=0.8
by_time=False
metric=["Precision", "Recall", "NDCG", "MAP", "MRR"]
topk=[10, 20]
group_view=None
rec.evaluate.neg=0
test_batch_size=128
num_thread=8
data.index.remap=False

WRMF's hyperparameters:
epochs=50
embedding_size=128
reg_mf=0.1
alpha=10
init_method=uniform
stddev=0.01
verbose=1
weight=uniform

2020-11-04 15:34:13.684: metrics:	Precision@10	Precision@20	Recall@10   	Recall@20   	NDCG@10     	NDCG@20     	MAP@10      	MAP@20      	MRR@10      	MRR@20      
2020-11-04 15:35:14.873: iteration 1 finished in 61.188803 seconds
2020-11-04 15:35:14.930: epoch 1:	0.00981310  	0.00808412  	0.05239486  	0.08510514  	0.02853374  	0.03857775  	0.01607578  	0.01888447  	0.02751020  	0.03086897  
2020-11-04 15:36:16.405: iteration 2 finished in 61.475543 seconds
2020-11-04 15:36:16.449: epoch 2:	0.01425237  	0.01182242  	0.07488318  	0.12418225  	0.04319666  	0.05813416  	0.02552320  	0.03015828  	0.04364467  	0.04752081  
2020-11-04 15:37:18.082: iteration 3 finished in 61.633153 seconds
2020-11-04 15:37:18.131: epoch 3:	0.01560751  	0.01259344  	0.08235981  	0.13282710  	0.04893373  	0.06413374  	0.02987132  	0.03467847  	0.05049883  	0.05414888  
2020-11-04 15:38:19.439: iteration 4 finished in 61.308026 seconds
2020-11-04 15:38:19.483: epoch 4:	0.01598134  	0.01268690  	0.08487149  	0.13422897  	0.05151471  	0.06645535  	0.03237344  	0.03708262  	0.05359108  	0.05729822  
2020-11-04 15:39:21.043: iteration 5 finished in 61.559620 seconds
2020-11-04 15:39:21.092: epoch 5:	0.01607479  	0.01278035  	0.08510514  	0.13580607  	0.05130618  	0.06657514  	0.03207109  	0.03692303  	0.05278205  	0.05649002  
2020-11-04 15:40:22.505: iteration 6 finished in 61.413246 seconds
2020-11-04 15:40:22.554: epoch 6:	0.01579442  	0.01278036  	0.08440421  	0.13642912  	0.05142930  	0.06712238  	0.03252018  	0.03744535  	0.05330441  	0.05726945  
2020-11-04 15:41:23.995: iteration 7 finished in 61.441159 seconds
2020-11-04 15:41:24.040: epoch 7:	0.01556078  	0.01278036  	0.08341122  	0.13689640  	0.05062814  	0.06678336  	0.03184273  	0.03693634  	0.05226542  	0.05639846  
2020-11-04 15:42:25.277: iteration 8 finished in 61.237212 seconds
2020-11-04 15:42:25.324: epoch 8:	0.01565423  	0.01287381  	0.08387850  	0.13759734  	0.05084718  	0.06708096  	0.03199664  	0.03708162  	0.05215009  	0.05633395  
2020-11-04 15:43:26.699: iteration 9 finished in 61.373847 seconds
2020-11-04 15:43:26.744: epoch 9:	0.01570096  	0.01285044  	0.08411215  	0.13759734  	0.05090612  	0.06707370  	0.03201611  	0.03709560  	0.05201361  	0.05619685  
2020-11-04 15:44:28.503: iteration 10 finished in 61.759175 seconds
2020-11-04 15:44:28.551: epoch 10:	0.01560750  	0.01268690  	0.08411215  	0.13590342  	0.05079936  	0.06654060  	0.03192922  	0.03689681  	0.05184004  	0.05592952  
2020-11-04 15:45:29.555: iteration 11 finished in 61.003836 seconds
2020-11-04 15:45:29.602: epoch 11:	0.01570096  	0.01264017  	0.08457944  	0.13543613  	0.05087344  	0.06634032  	0.03177772  	0.03666380  	0.05193442  	0.05596331  
2020-11-04 15:46:31.393: iteration 12 finished in 61.791038 seconds
2020-11-04 15:46:31.444: epoch 12:	0.01570096  	0.01271026  	0.08457944  	0.13590342  	0.05082962  	0.06648210  	0.03173127  	0.03665971  	0.05186564  	0.05600625  
2020-11-04 15:47:32.724: iteration 13 finished in 61.279520 seconds
2020-11-04 15:47:32.768: epoch 13:	0.01593460  	0.01282708  	0.08574767  	0.13753892  	0.05147591  	0.06715003  	0.03207488  	0.03701883  	0.05264352  	0.05664618  
2020-11-04 15:48:33.232: iteration 14 finished in 60.463282 seconds
2020-11-04 15:48:33.277: epoch 14:	0.01602806  	0.01282708  	0.08668225  	0.13753892  	0.05178678  	0.06719319  	0.03215257  	0.03699647  	0.05290072  	0.05683223  
2020-11-04 15:49:33.797: iteration 15 finished in 60.520130 seconds
2020-11-04 15:49:33.841: epoch 15:	0.01635516  	0.01278035  	0.08808411  	0.13683800  	0.05255984  	0.06726766  	0.03265138  	0.03726143  	0.05345516  	0.05714208  
2020-11-04 15:50:34.617: iteration 16 finished in 60.776444 seconds
2020-11-04 15:50:34.663: epoch 16:	0.01640189  	0.01275699  	0.08831776  	0.13660435  	0.05262028  	0.06720142  	0.03266567  	0.03724580  	0.05343180  	0.05709817  
2020-11-04 15:51:35.215: iteration 17 finished in 60.552045 seconds
2020-11-04 15:51:35.260: epoch 17:	0.01644862  	0.01271026  	0.08855140  	0.13613707  	0.05273722  	0.06711528  	0.03272834  	0.03725242  	0.05352989  	0.05714852  
2020-11-04 15:52:35.540: iteration 18 finished in 60.278775 seconds
2020-11-04 15:52:35.586: epoch 18:	0.01640189  	0.01273362  	0.08831776  	0.13637070  	0.05280288  	0.06732446  	0.03285518  	0.03743700  	0.05378356  	0.05741546  
2020-11-04 15:53:37.464: iteration 19 finished in 61.876830 seconds
2020-11-04 15:53:37.511: epoch 19:	0.01635516  	0.01268689  	0.08831776  	0.13590342  	0.05273595  	0.06714168  	0.03280893  	0.03735238  	0.05356085  	0.05717781  
2020-11-04 15:54:41.173: iteration 20 finished in 63.661741 seconds
2020-11-04 15:54:41.225: epoch 20:	0.01621497  	0.01266353  	0.08761682  	0.13566977  	0.05245497  	0.06703049  	0.03270081  	0.03729708  	0.05328344  	0.05699050  
2020-11-04 15:55:44.516: iteration 21 finished in 63.289654 seconds
2020-11-04 15:55:44.565: epoch 21:	0.01626170  	0.01268689  	0.08785047  	0.13566977  	0.05251145  	0.06703667  	0.03269896  	0.03727521  	0.05327973  	0.05698249  
2020-11-04 15:56:48.521: iteration 22 finished in 63.956592 seconds
2020-11-04 15:56:48.570: epoch 22:	0.01644862  	0.01264017  	0.08878504  	0.13520248  	0.05300153  	0.06708305  	0.03297266  	0.03744732  	0.05378095  	0.05726928  
2020-11-04 15:57:52.535: iteration 23 finished in 63.964196 seconds
2020-11-04 15:57:52.580: epoch 23:	0.01640189  	0.01266353  	0.08855140  	0.13543613  	0.05298826  	0.06720110  	0.03302523  	0.03752305  	0.05392503  	0.05746299  
2020-11-04 15:58:54.444: iteration 24 finished in 61.862809 seconds
2020-11-04 15:58:54.491: epoch 24:	0.01630843  	0.01271026  	0.08761682  	0.13590342  	0.05280557  	0.06741104  	0.03302902  	0.03764762  	0.05404167  	0.05768886  
2020-11-04 15:59:55.963: iteration 25 finished in 61.471641 seconds
2020-11-04 15:59:56.007: epoch 25:	0.01635516  	0.01268689  	0.08785047  	0.13566977  	0.05281037  	0.06728065  	0.03297284  	0.03754189  	0.05393913  	0.05758104  
2020-11-04 16:00:57.202: iteration 26 finished in 61.194426 seconds
2020-11-04 16:00:57.246: epoch 26:	0.01630843  	0.01271026  	0.08761682  	0.13566977  	0.05286135  	0.06744043  	0.03309625  	0.03769805  	0.05418576  	0.05788478  
2020-11-04 16:01:58.305: iteration 27 finished in 61.059774 seconds
2020-11-04 16:01:58.350: epoch 27:	0.01621498  	0.01273362  	0.08714953  	0.13613707  	0.05272121  	0.06756293  	0.03304776  	0.03773187  	0.05418223  	0.05794756  
2020-11-04 16:02:59.766: iteration 28 finished in 61.416168 seconds
2020-11-04 16:02:59.810: epoch 28:	0.01621498  	0.01268690  	0.08738318  	0.13566977  	0.05262718  	0.06729425  	0.03291156  	0.03753521  	0.05388758  	0.05765662  
2020-11-04 16:04:02.203: iteration 29 finished in 62.393121 seconds
2020-11-04 16:04:02.253: epoch 29:	0.01626170  	0.01259344  	0.08761682  	0.13450155  	0.05271154  	0.06699455  	0.03293548  	0.03745853  	0.05393171  	0.05760228  
2020-11-04 16:05:03.602: iteration 30 finished in 61.347915 seconds
2020-11-04 16:05:03.646: epoch 30:	0.01621498  	0.01261680  	0.08738318  	0.13473520  	0.05256033  	0.06697605  	0.03285046  	0.03739560  	0.05373942  	0.05746724  
2020-11-04 16:06:05.077: iteration 31 finished in 61.430695 seconds
2020-11-04 16:06:05.121: epoch 31:	0.01635516  	0.01261680  	0.08831776  	0.13473520  	0.05286789  	0.06698859  	0.03295152  	0.03740849  	0.05387849  	0.05747382  
2020-11-04 16:07:06.224: iteration 32 finished in 61.103570 seconds
2020-11-04 16:07:06.271: epoch 32:	0.01635516  	0.01261680  	0.08831776  	0.13473520  	0.05285180  	0.06697422  	0.03293594  	0.03739742  	0.05384734  	0.05743605  
2020-11-04 16:08:08.925: iteration 33 finished in 62.653996 seconds
2020-11-04 16:08:08.970: epoch 33:	0.01649535  	0.01261680  	0.08925234  	0.13473520  	0.05315688  	0.06698799  	0.03306047  	0.03741457  	0.05395435  	0.05745768  
2020-11-04 16:09:10.628: iteration 34 finished in 61.658398 seconds
2020-11-04 16:09:10.677: epoch 34:	0.01658881  	0.01264017  	0.08971962  	0.13496883  	0.05343720  	0.06717370  	0.03324220  	0.03756850  	0.05423343  	0.05767185  
2020-11-04 16:10:11.762: iteration 35 finished in 61.084847 seconds
2020-11-04 16:10:11.809: epoch 35:	0.01658881  	0.01264017  	0.08971962  	0.13496883  	0.05341308  	0.06715629  	0.03321392  	0.03754579  	0.05417687  	0.05762266  
2020-11-04 16:11:13.536: iteration 36 finished in 61.727375 seconds
2020-11-04 16:11:13.580: epoch 36:	0.01644862  	0.01261680  	0.08855140  	0.13473520  	0.05293453  	0.06694679  	0.03293892  	0.03737999  	0.05382214  	0.05732421  
2020-11-04 16:12:17.508: iteration 37 finished in 63.927624 seconds
2020-11-04 16:12:17.555: epoch 37:	0.01649535  	0.01264017  	0.08878504  	0.13496883  	0.05300921  	0.06699493  	0.03294763  	0.03737058  	0.05386553  	0.05733491  
2020-11-04 16:13:20.003: iteration 38 finished in 62.448621 seconds
2020-11-04 16:13:20.050: epoch 38:	0.01649535  	0.01261680  	0.08878504  	0.13473520  	0.05301529  	0.06693640  	0.03294708  	0.03735901  	0.05388778  	0.05733442  
2020-11-04 16:14:21.525: iteration 39 finished in 61.474742 seconds
2020-11-04 16:14:21.570: epoch 39:	0.01649535  	0.01259344  	0.08878504  	0.13450155  	0.05295838  	0.06681283  	0.03285482  	0.03727419  	0.05381621  	0.05719670  
2020-11-04 16:15:23.354: iteration 40 finished in 61.783556 seconds
2020-11-04 16:15:23.399: epoch 40:	0.01644862  	0.01254671  	0.08855140  	0.13403426  	0.05265679  	0.06645238  	0.03259058  	0.03699996  	0.05328976  	0.05666018  
2020-11-04 16:16:28.244: iteration 41 finished in 64.844562 seconds
2020-11-04 16:16:28.289: epoch 41:	0.01644862  	0.01254671  	0.08855140  	0.13403426  	0.05259254  	0.06639801  	0.03252883  	0.03694903  	0.05316627  	0.05654278  
2020-11-04 16:17:31.664: iteration 42 finished in 63.374823 seconds
2020-11-04 16:17:31.708: epoch 42:	0.01644862  	0.01254671  	0.08855140  	0.13403426  	0.05257088  	0.06636824  	0.03250658  	0.03691991  	0.05313011  	0.05649834  
2020-11-04 16:18:33.525: iteration 43 finished in 61.816498 seconds
2020-11-04 16:18:33.570: epoch 43:	0.01640189  	0.01249998  	0.08831776  	0.13356698  	0.05248252  	0.06622604  	0.03247237  	0.03686975  	0.05308395  	0.05646700  
2020-11-04 16:19:36.493: iteration 44 finished in 62.922918 seconds
2020-11-04 16:19:36.541: epoch 44:	0.01644862  	0.01252334  	0.08855140  	0.13380061  	0.05259266  	0.06632128  	0.03253208  	0.03690881  	0.05316442  	0.05655036  
2020-11-04 16:20:38.916: iteration 45 finished in 62.374902 seconds
2020-11-04 16:20:38.962: epoch 45:	0.01626170  	0.01249998  	0.08738318  	0.13356698  	0.05212075  	0.06615217  	0.03226580  	0.03676740  	0.05286550  	0.05633160  
2020-11-04 16:21:42.734: iteration 46 finished in 63.771973 seconds
2020-11-04 16:21:42.779: epoch 46:	0.01626170  	0.01247661  	0.08738318  	0.13333333  	0.05220402  	0.06617206  	0.03236380  	0.03685783  	0.05306150  	0.05650182  
2020-11-04 16:22:44.777: iteration 47 finished in 61.997728 seconds
2020-11-04 16:22:44.823: epoch 47:	0.01626170  	0.01252334  	0.08730530  	0.13380061  	0.05218435  	0.06630226  	0.03234804  	0.03687204  	0.05306223  	0.05655189  
2020-11-04 16:23:46.240: iteration 48 finished in 61.416732 seconds
2020-11-04 16:23:46.288: epoch 48:	0.01621497  	0.01252334  	0.08707166  	0.13380061  	0.05198653  	0.06618350  	0.03219255  	0.03673792  	0.05283953  	0.05636902  
2020-11-04 16:24:47.048: iteration 49 finished in 60.757495 seconds
2020-11-04 16:24:47.093: epoch 49:	0.01621497  	0.01252334  	0.08707166  	0.13380061  	0.05188347  	0.06607351  	0.03208157  	0.03662103  	0.05260459  	0.05612877  
2020-11-04 16:25:48.954: iteration 50 finished in 61.859729 seconds
2020-11-04 16:25:48.998: epoch 50:	0.01626170  	0.01249998  	0.08730530  	0.13356698  	0.05199204  	0.06604791  	0.03213108  	0.03664542  	0.05267191  	0.05614362  
