2020-09-09 14:06:22.425: Dataset name: u1
The number of users: 18467
The number of items: 18477
The number of ratings: 28137
Average actions of users: 1.52
Average actions of items: 1.52
The sparsity of the dataset: 99.991754%
2020-09-09 14:06:22.425: 

NeuRec hyperparameters:
recommender=WRMF
config_dir=./conf
gpu_id=0
gpu_mem=0.5
data.input.path=C:\Users\HyunsikYoo\Desktop\VNE_directed_networks/_Data/ego-twitter/5-fold/u1/
data.input.dataset=u1
data.output.path=C:\Users\HyunsikYoo\Desktop\VNE_directed_networks/_Data/ego-twitter/5-fold/u1/relevance_WRMF_directed_uni_False_uniform
data.column.format=UI
data.convert.separator='\t'
user_min=0
item_min=0
splitter=given
ratio=0.8
by_time=False
metric=["Precision", "Recall", "NDCG", "MAP", "MRR"]
topk=[10, 20]
group_view=None
rec.evaluate.neg=0
test_batch_size=128
num_thread=8
data.index.remap=False

WRMF's hyperparameters:
epochs=50
embedding_size=16
reg_mf=0.1
alpha=10
init_method=uniform
stddev=0.01
verbose=1
weight=uniform

2020-09-09 14:21:55.098: metrics:	Precision@10	Precision@20	Recall@10   	Recall@20   	NDCG@10     	NDCG@20     	MAP@10      	MAP@20      	MRR@10      	MRR@20      
2020-09-09 14:22:48.206: iteration 1 finished in 53.106646 seconds
2020-09-09 14:22:48.240: epoch 1:	0.02234044  	0.01679333  	0.04847434  	0.06858198  	0.04003544  	0.04778540  	0.02379142  	0.02607522  	0.06083069  	0.06374630  
2020-09-09 14:23:40.641: iteration 2 finished in 52.400685 seconds
2020-09-09 14:23:40.675: epoch 2:	0.06458960  	0.04589660  	0.14132753  	0.19658440  	0.12578073  	0.14481173  	0.08019496  	0.08642251  	0.19218591  	0.19649419  
2020-09-09 14:24:33.416: iteration 3 finished in 52.740932 seconds
2020-09-09 14:24:33.447: epoch 3:	0.07705157  	0.05364734  	0.16638604  	0.23748779  	0.14829558  	0.17107384  	0.09491452  	0.10168315  	0.22653003  	0.23161253  
2020-09-09 14:25:26.522: iteration 4 finished in 53.072574 seconds
2020-09-09 14:25:26.552: epoch 4:	0.07659563  	0.05562301  	0.16564636  	0.24136178  	0.15122239  	0.17680699  	0.09697343  	0.10476989  	0.23594160  	0.24214855  
2020-09-09 14:26:19.455: iteration 5 finished in 52.902740 seconds
2020-09-09 14:26:19.488: epoch 5:	0.07765947  	0.05554703  	0.16995037  	0.24319296  	0.15434696  	0.17880173  	0.09868144  	0.10593287  	0.24315567  	0.24887893  
2020-09-09 14:27:12.015: iteration 6 finished in 52.526920 seconds
2020-09-09 14:27:12.047: epoch 6:	0.07735551  	0.05569900  	0.16959324  	0.24349587  	0.15504712  	0.17963459  	0.09973193  	0.10647517  	0.24600635  	0.25217092  
2020-09-09 14:28:04.823: iteration 7 finished in 52.776362 seconds
2020-09-09 14:28:04.853: epoch 7:	0.07750747  	0.05516709  	0.17078491  	0.24090980  	0.15551890  	0.17889176  	0.09962343  	0.10631115  	0.24808699  	0.25334868  
2020-09-09 14:28:58.005: iteration 8 finished in 53.150955 seconds
2020-09-09 14:28:58.037: epoch 8:	0.07735550  	0.05471115  	0.17305800  	0.23970307  	0.15551828  	0.17769657  	0.09884792  	0.10512805  	0.24848083  	0.25346676  
2020-09-09 14:29:50.808: iteration 9 finished in 52.771464 seconds
2020-09-09 14:29:50.838: epoch 9:	0.07629167  	0.05410324  	0.17011347  	0.23449093  	0.15428711  	0.17606001  	0.09831836  	0.10431848  	0.24793564  	0.25338563  
2020-09-09 14:30:43.910: iteration 10 finished in 53.071340 seconds
2020-09-09 14:30:43.944: epoch 10:	0.07705154  	0.05319139  	0.17047170  	0.23240182  	0.15437314  	0.17468406  	0.09823904  	0.10361835  	0.24778906  	0.25278261  
2020-09-09 14:31:37.535: iteration 11 finished in 53.591529 seconds
2020-09-09 14:31:37.566: epoch 11:	0.07583573  	0.05326738  	0.16799010  	0.23293939  	0.15219480  	0.17372935  	0.09663698  	0.10262244  	0.24482794  	0.24995209  
2020-09-09 14:32:30.696: iteration 12 finished in 53.129116 seconds
2020-09-09 14:32:30.726: epoch 12:	0.07629166  	0.05296343  	0.16869640  	0.23131686  	0.15198939  	0.17260137  	0.09629143  	0.10199067  	0.24308142  	0.24786197  
2020-09-09 14:33:23.613: iteration 13 finished in 52.885987 seconds
2020-09-09 14:33:23.644: epoch 13:	0.07568377  	0.05296342  	0.16693240  	0.23293276  	0.15099515  	0.17262536  	0.09584600  	0.10173095  	0.24141032  	0.24686633  
2020-09-09 14:34:16.789: iteration 14 finished in 53.143112 seconds
2020-09-09 14:34:16.822: epoch 14:	0.07629167  	0.05250750  	0.16888456  	0.23163083  	0.15138422  	0.17176503  	0.09582317  	0.10129426  	0.24074508  	0.24582016  
2020-09-09 14:35:09.754: iteration 15 finished in 52.931229 seconds
2020-09-09 14:35:09.788: epoch 15:	0.07598771  	0.05250750  	0.16996107  	0.22914857  	0.15147528  	0.17123422  	0.09592220  	0.10116375  	0.23987851  	0.24503869  
2020-09-09 14:36:02.862: iteration 16 finished in 53.073845 seconds
2020-09-09 14:36:02.894: epoch 16:	0.07583574  	0.05258349  	0.17037719  	0.22968160  	0.15136428  	0.17120804  	0.09561884  	0.10096990  	0.23961918  	0.24483235  
2020-09-09 14:36:55.302: iteration 17 finished in 52.407977 seconds
2020-09-09 14:36:55.332: epoch 17:	0.07553179  	0.05250750  	0.17025416  	0.22921187  	0.15125315  	0.17114820  	0.09558015  	0.10099780  	0.23954444  	0.24469961  
2020-09-09 14:37:48.906: iteration 18 finished in 53.574049 seconds
2020-09-09 14:37:48.938: epoch 18:	0.07568376  	0.05227953  	0.17046946  	0.22980058  	0.15152130  	0.17121384  	0.09580589  	0.10099211  	0.23990268  	0.24503930  
2020-09-09 14:38:42.572: iteration 19 finished in 53.633943 seconds
2020-09-09 14:38:42.604: epoch 19:	0.07553178  	0.05243151  	0.17008953  	0.23074137  	0.15159777  	0.17170379  	0.09599818  	0.10125535  	0.24025488  	0.24561559  
2020-09-09 14:39:35.883: iteration 20 finished in 53.279072 seconds
2020-09-09 14:39:35.915: epoch 20:	0.07553178  	0.05243151  	0.17000926  	0.23223102  	0.15219899  	0.17261545  	0.09642716  	0.10186586  	0.24289575  	0.24793077  
2020-09-09 14:40:29.258: iteration 21 finished in 53.341297 seconds
2020-09-09 14:40:29.288: epoch 21:	0.07537981  	0.05227953  	0.17114909  	0.22808968  	0.15230274  	0.17155023  	0.09647898  	0.10160366  	0.24261534  	0.24759033  
2020-09-09 14:41:22.444: iteration 22 finished in 53.156049 seconds
2020-09-09 14:41:22.473: epoch 22:	0.07492388  	0.05227954  	0.17016123  	0.22871140  	0.15227903  	0.17214341  	0.09673721  	0.10207836  	0.24308090  	0.24848655  
2020-09-09 14:42:15.528: iteration 23 finished in 53.054195 seconds
2020-09-09 14:42:15.559: epoch 23:	0.07492389  	0.05258349  	0.17016125  	0.23210369  	0.15216498  	0.17291139  	0.09674329  	0.10219283  	0.24279623  	0.24842517  
2020-09-09 14:43:09.200: iteration 24 finished in 53.641010 seconds
2020-09-09 14:43:09.232: epoch 24:	0.07537981  	0.05220355  	0.17089760  	0.22979873  	0.15252803  	0.17214383  	0.09694691  	0.10201915  	0.24279384  	0.24816176  
2020-09-09 14:44:03.138: iteration 25 finished in 53.904089 seconds
2020-09-09 14:44:03.167: epoch 25:	0.07537980  	0.05250750  	0.17113823  	0.23435803  	0.15264305  	0.17330335  	0.09689936  	0.10231815  	0.24310198  	0.24823070  
2020-09-09 14:44:56.611: iteration 26 finished in 53.443858 seconds
2020-09-09 14:44:56.645: epoch 26:	0.07461993  	0.05235552  	0.16804807  	0.23374288  	0.15170783  	0.17326146  	0.09672049  	0.10238231  	0.24312672  	0.24888498  
2020-09-09 14:45:50.052: iteration 27 finished in 53.406950 seconds
2020-09-09 14:45:50.083: epoch 27:	0.07507585  	0.05250749  	0.17049234  	0.23462939  	0.15262513  	0.17378612  	0.09688767  	0.10254171  	0.24407235  	0.24969988  
2020-09-09 14:46:43.709: iteration 28 finished in 53.626168 seconds
2020-09-09 14:46:43.740: epoch 28:	0.07537980  	0.05243151  	0.17146753  	0.23415966  	0.15326208  	0.17390747  	0.09736668  	0.10277209  	0.24487025  	0.25023380  
2020-09-09 14:47:36.810: iteration 29 finished in 53.069283 seconds
2020-09-09 14:47:36.841: epoch 29:	0.07477190  	0.05235552  	0.16841535  	0.23384307  	0.15228929  	0.17379783  	0.09707358  	0.10277432  	0.24459948  	0.25031060  
2020-09-09 14:48:30.163: iteration 30 finished in 53.320700 seconds
2020-09-09 14:48:30.195: epoch 30:	0.07461993  	0.05258349  	0.16897260  	0.23504212  	0.15210158  	0.17396757  	0.09675493  	0.10269398  	0.24349764  	0.24939694  
2020-09-09 14:49:23.339: iteration 31 finished in 53.144526 seconds
2020-09-09 14:49:23.372: epoch 31:	0.07553177  	0.05250750  	0.17151816  	0.23745495  	0.15308352  	0.17437033  	0.09720275  	0.10275113  	0.24386130  	0.24945296  
2020-09-09 14:50:16.779: iteration 32 finished in 53.406259 seconds
2020-09-09 14:50:16.810: epoch 32:	0.07568374  	0.05243151  	0.17231424  	0.23620659  	0.15362006  	0.17438187  	0.09754764  	0.10299692  	0.24423884  	0.24959198  
2020-09-09 14:51:10.080: iteration 33 finished in 53.269820 seconds
2020-09-09 14:51:10.112: epoch 33:	0.07446795  	0.05235552  	0.16989531  	0.23582666  	0.15210402  	0.17384964  	0.09669363  	0.10255598  	0.24259602  	0.24836577  
2020-09-09 14:52:03.564: iteration 34 finished in 53.450881 seconds
2020-09-09 14:52:03.596: epoch 34:	0.07446795  	0.05227953  	0.16909742  	0.23560050  	0.15219909  	0.17408951  	0.09703789  	0.10289782  	0.24322322  	0.24901301  
2020-09-09 14:52:56.751: iteration 35 finished in 53.154342 seconds
2020-09-09 14:52:56.783: epoch 35:	0.07446795  	0.05235551  	0.16740038  	0.23595329  	0.15201169  	0.17437232  	0.09713314  	0.10312857  	0.24351631  	0.24937488  
2020-09-09 14:53:50.437: iteration 36 finished in 53.651887 seconds
2020-09-09 14:53:50.468: epoch 36:	0.07431597  	0.05250749  	0.16738769  	0.23667699  	0.15227015  	0.17501076  	0.09742837  	0.10349816  	0.24424663  	0.25044167  
2020-09-09 14:54:43.884: iteration 37 finished in 53.415710 seconds
2020-09-09 14:54:43.914: epoch 37:	0.07431597  	0.05250749  	0.16745102  	0.23649855  	0.15213054  	0.17484224  	0.09713268  	0.10337453  	0.24390048  	0.24969041  
2020-09-09 14:55:37.549: iteration 38 finished in 53.632882 seconds
2020-09-09 14:55:37.580: epoch 38:	0.07461992  	0.05250749  	0.16878080  	0.23649855  	0.15255255  	0.17482275  	0.09735332  	0.10331701  	0.24385224  	0.24979067  
2020-09-09 14:56:30.908: iteration 39 finished in 53.327036 seconds
2020-09-09 14:56:30.938: epoch 39:	0.07431597  	0.05258348  	0.16794494  	0.23660707  	0.15260547  	0.17526574  	0.09783035  	0.10388330  	0.24382265  	0.24990106  
2020-09-09 14:57:24.160: iteration 40 finished in 53.222717 seconds
2020-09-09 14:57:24.190: epoch 40:	0.07431597  	0.05250749  	0.16724837  	0.23610052  	0.15291303  	0.17559539  	0.09835907  	0.10446876  	0.24456079  	0.25067255  
2020-09-09 14:58:17.117: iteration 41 finished in 52.926508 seconds
2020-09-09 14:58:17.150: epoch 41:	0.07416400  	0.05227953  	0.16845152  	0.23572835  	0.15330118  	0.17551994  	0.09861168  	0.10456625  	0.24468568  	0.25077561  
2020-09-09 14:59:10.318: iteration 42 finished in 53.167864 seconds
2020-09-09 14:59:10.348: epoch 42:	0.07446794  	0.05235551  	0.16924940  	0.23606488  	0.15367059  	0.17564781  	0.09880950  	0.10458498  	0.24520496  	0.25132725  
2020-09-09 15:00:03.663: iteration 43 finished in 53.314964 seconds
2020-09-09 15:00:03.695: epoch 43:	0.07461991  	0.05250749  	0.16816024  	0.23662210  	0.15333515  	0.17578243  	0.09854764  	0.10451285  	0.24521154  	0.25130138  
2020-09-09 15:00:57.374: iteration 44 finished in 53.678627 seconds
2020-09-09 15:00:57.404: epoch 44:	0.07431597  	0.05220354  	0.16764097  	0.23570843  	0.15318607  	0.17547412  	0.09855794  	0.10454743  	0.24507828  	0.25116584  
2020-09-09 15:01:50.701: iteration 45 finished in 53.297010 seconds
2020-09-09 15:01:50.731: epoch 45:	0.07477189  	0.05227953  	0.16973065  	0.23587491  	0.15386491  	0.17557041  	0.09882897  	0.10453615  	0.24502763  	0.25110176  
2020-09-09 15:02:43.998: iteration 46 finished in 53.267605 seconds
2020-09-09 15:02:44.030: epoch 46:	0.07446794  	0.05212756  	0.17037654  	0.23525141  	0.15375380  	0.17513053  	0.09877833  	0.10431463  	0.24447881  	0.25038645  
2020-09-09 15:03:36.932: iteration 47 finished in 52.901728 seconds
2020-09-09 15:03:36.963: epoch 47:	0.07401201  	0.05212756  	0.16966732  	0.23525143  	0.15360242  	0.17539312  	0.09875315  	0.10452766  	0.24465668  	0.25081804  
2020-09-09 15:04:29.980: iteration 48 finished in 53.017266 seconds
2020-09-09 15:04:30.012: epoch 48:	0.07416399  	0.05227953  	0.17028789  	0.23593532  	0.15369125  	0.17550066  	0.09869779  	0.10452264  	0.24419656  	0.25029951  
2020-09-09 15:05:23.034: iteration 49 finished in 53.021255 seconds
2020-09-09 15:05:23.065: epoch 49:	0.07401202  	0.05205157  	0.16957867  	0.23503430  	0.15348431  	0.17517860  	0.09872606  	0.10443025  	0.24406388  	0.25023687  
2020-09-09 15:06:16.317: iteration 50 finished in 53.250643 seconds
2020-09-09 15:06:16.347: epoch 50:	0.07461991  	0.05197558  	0.17083247  	0.23442641  	0.15433604  	0.17525536  	0.09917995  	0.10472649  	0.24524350  	0.25089872  
