2021-05-21 18:21:24.098: Dataset name: u1
The number of users: 5907
The number of items: 5907
The number of ratings: 20336
Average actions of users: 3.44
Average actions of items: 3.44
The sparsity of the dataset: 99.941718%
2021-05-21 18:21:24.098: 

NeuRec hyperparameters:
recommender=WRMF
config_dir=./conf
gpu_id=0
gpu_mem=0.5
data.input.path=C:\Users\HyunsikYoo\Desktop\210210_DIVINE/_Data/p2p-Gnutella08/5-fold/u1/
data.input.dataset=u1
data.output.path=C:\Users\HyunsikYoo\Desktop\210210_DIVINE/_Emb/p2p-Gnutella08/5-fold/wrmf/u1_wrmf_directed_dim16_weight_alpha1.emb
data.column.format=UI
data.convert.separator='\t'
user_min=0
item_min=0
splitter=given
ratio=0.8
by_time=False
metric=["Precision", "Recall", "NDCG", "MAP", "MRR"]
topk=[10, 20]
group_view=None
rec.evaluate.neg=0
test_batch_size=128
num_thread=8
data.index.remap=False

WRMF's hyperparameters:
epochs=50
embedding_size=16
reg_mf=0.1
alpha=1
init_method=uniform
stddev=0.01
verbose=1
weight=uniform

2021-05-21 18:22:56.547: metrics:	Precision@10	Precision@20	Recall@10   	Recall@20   	NDCG@10     	NDCG@20     	MAP@10      	MAP@20      	MRR@10      	MRR@20      
2021-05-21 18:23:01.134: iteration 1 finished in 4.587093 seconds
2021-05-21 18:23:01.183: epoch 1:	0.00859814  	0.00733647  	0.04602804  	0.07842679  	0.02665196  	0.03643478  	0.01561591  	0.01839428  	0.02769952  	0.03077837  
2021-05-21 18:23:05.445: iteration 2 finished in 4.262613 seconds
2021-05-21 18:23:05.493: epoch 2:	0.01037385  	0.00904206  	0.05467290  	0.09514538  	0.03324510  	0.04546297  	0.02050938  	0.02409315  	0.03499313  	0.03852570  
2021-05-21 18:23:09.582: iteration 3 finished in 4.088839 seconds
2021-05-21 18:23:09.621: epoch 3:	0.01093460  	0.00929907  	0.05706127  	0.09748183  	0.03391398  	0.04608460  	0.02055562  	0.02424428  	0.03475301  	0.03799742  
2021-05-21 18:23:14.024: iteration 4 finished in 4.403405 seconds
2021-05-21 18:23:14.063: epoch 4:	0.01140189  	0.00971962  	0.05963136  	0.10168744  	0.03455488  	0.04722071  	0.02053247  	0.02429231  	0.03508901  	0.03856787  
2021-05-21 18:23:18.309: iteration 5 finished in 4.244815 seconds
2021-05-21 18:23:18.351: epoch 5:	0.01158881  	0.01000000  	0.06126688  	0.10519211  	0.03426986  	0.04752279  	0.01972444  	0.02379049  	0.03404074  	0.03744812  
2021-05-21 18:23:22.436: iteration 6 finished in 4.084936 seconds
2021-05-21 18:23:22.482: epoch 6:	0.01130843  	0.01007009  	0.05963136  	0.10636033  	0.03398326  	0.04806201  	0.01994326  	0.02420075  	0.03432799  	0.03811850  
2021-05-21 18:23:27.250: iteration 7 finished in 4.768270 seconds
2021-05-21 18:23:27.298: epoch 7:	0.01163554  	0.01037382  	0.06150052  	0.10986501  	0.03567131  	0.05009730  	0.02147651  	0.02568591  	0.03652555  	0.04048840  
2021-05-21 18:23:31.638: iteration 8 finished in 4.339165 seconds
2021-05-21 18:23:31.683: epoch 8:	0.01144862  	0.01028037  	0.06033230  	0.10893042  	0.03542050  	0.05001834  	0.02158294  	0.02585115  	0.03631806  	0.04052790  
2021-05-21 18:23:35.899: iteration 9 finished in 4.215904 seconds
2021-05-21 18:23:35.938: epoch 9:	0.01144862  	0.01023364  	0.06033230  	0.10799585  	0.03537265  	0.04984104  	0.02152453  	0.02579393  	0.03613428  	0.04042282  
2021-05-21 18:23:40.304: iteration 10 finished in 4.365939 seconds
2021-05-21 18:23:40.343: epoch 10:	0.01163554  	0.01023364  	0.06173417  	0.10822950  	0.03548680  	0.04957874  	0.02132853  	0.02547237  	0.03545078  	0.03959580  
2021-05-21 18:23:44.479: iteration 11 finished in 4.135668 seconds
2021-05-21 18:23:44.518: epoch 11:	0.01168227  	0.01035046  	0.06173417  	0.10939772  	0.03564382  	0.05003917  	0.02148028  	0.02562016  	0.03571558  	0.04006726  
2021-05-21 18:23:48.972: iteration 12 finished in 4.454059 seconds
2021-05-21 18:23:49.012: epoch 12:	0.01205610  	0.01035046  	0.06430426  	0.10963136  	0.03625015  	0.04987013  	0.02153627  	0.02539451  	0.03561210  	0.03968244  
2021-05-21 18:23:53.582: iteration 13 finished in 4.570056 seconds
2021-05-21 18:23:53.621: epoch 13:	0.01205610  	0.01032710  	0.06430426  	0.10963136  	0.03618157  	0.04979961  	0.02143293  	0.02533940  	0.03549659  	0.03951079  
2021-05-21 18:23:57.764: iteration 14 finished in 4.141949 seconds
2021-05-21 18:23:57.801: epoch 14:	0.01210283  	0.01028037  	0.06430426  	0.10869678  	0.03628462  	0.04965058  	0.02146760  	0.02536962  	0.03575434  	0.03956391  
2021-05-21 18:24:02.068: iteration 15 finished in 4.266928 seconds
2021-05-21 18:24:02.106: epoch 15:	0.01210283  	0.01037383  	0.06453791  	0.11009865  	0.03642877  	0.05008858  	0.02153754  	0.02551834  	0.03601228  	0.03986017  
2021-05-21 18:24:06.370: iteration 16 finished in 4.263861 seconds
2021-05-21 18:24:06.409: epoch 16:	0.01200937  	0.01028037  	0.06407061  	0.10939772  	0.03628327  	0.04987681  	0.02139121  	0.02540505  	0.03617563  	0.03994662  
2021-05-21 18:24:10.680: iteration 17 finished in 4.269505 seconds
2021-05-21 18:24:10.726: epoch 17:	0.01186918  	0.01032710  	0.06313603  	0.10986501  	0.03596090  	0.04995734  	0.02124842  	0.02539918  	0.03603322  	0.03987418  
2021-05-21 18:24:15.433: iteration 18 finished in 4.706288 seconds
2021-05-21 18:24:15.479: epoch 18:	0.01196264  	0.01032710  	0.06336968  	0.10986501  	0.03595958  	0.04983287  	0.02114263  	0.02529148  	0.03597147  	0.03965014  
2021-05-21 18:24:20.060: iteration 19 finished in 4.581339 seconds
2021-05-21 18:24:20.110: epoch 19:	0.01163554  	0.01028037  	0.06173417  	0.10939772  	0.03558961  	0.04987133  	0.02116535  	0.02542594  	0.03613725  	0.04004132  
2021-05-21 18:24:24.714: iteration 20 finished in 4.603194 seconds
2021-05-21 18:24:24.757: epoch 20:	0.01163554  	0.01025700  	0.06173417  	0.10916407  	0.03546354  	0.04966791  	0.02095154  	0.02520113  	0.03604046  	0.03988440  
2021-05-21 18:24:29.106: iteration 21 finished in 4.347815 seconds
2021-05-21 18:24:29.171: epoch 21:	0.01163554  	0.01025700  	0.06196781  	0.10916407  	0.03550060  	0.04966289  	0.02093729  	0.02519153  	0.03602173  	0.03983425  
2021-05-21 18:24:33.865: iteration 22 finished in 4.694787 seconds
2021-05-21 18:24:33.911: epoch 22:	0.01168227  	0.01030373  	0.06220146  	0.10963136  	0.03553722  	0.04975203  	0.02088777  	0.02515960  	0.03597481  	0.03976376  
2021-05-21 18:24:38.077: iteration 23 finished in 4.166360 seconds
2021-05-21 18:24:38.130: epoch 23:	0.01172900  	0.01032710  	0.06220146  	0.10986501  	0.03552798  	0.04980449  	0.02084631  	0.02517702  	0.03591937  	0.03966178  
2021-05-21 18:24:42.568: iteration 24 finished in 4.438136 seconds
2021-05-21 18:24:42.608: epoch 24:	0.01163554  	0.01037383  	0.06191589  	0.11033230  	0.03545284  	0.04998232  	0.02089239  	0.02522909  	0.03581924  	0.03981395  
2021-05-21 18:24:46.752: iteration 25 finished in 4.144341 seconds
2021-05-21 18:24:46.789: epoch 25:	0.01154208  	0.01030373  	0.06144860  	0.10963136  	0.03533550  	0.04983925  	0.02083491  	0.02521007  	0.03594496  	0.03992105  
2021-05-21 18:24:50.906: iteration 26 finished in 4.116975 seconds
2021-05-21 18:24:50.948: epoch 26:	0.01154208  	0.01028037  	0.06144860  	0.10939772  	0.03550911  	0.04995598  	0.02103128  	0.02537349  	0.03627800  	0.04029647  
2021-05-21 18:24:55.132: iteration 27 finished in 4.184363 seconds
2021-05-21 18:24:55.171: epoch 27:	0.01135516  	0.01032710  	0.06074766  	0.10986501  	0.03502157  	0.04984216  	0.02068118  	0.02512711  	0.03577029  	0.03990552  
2021-05-21 18:24:59.304: iteration 28 finished in 4.132983 seconds
2021-05-21 18:24:59.343: epoch 28:	0.01144862  	0.01025700  	0.06121495  	0.10893042  	0.03526423  	0.04971290  	0.02079996  	0.02517330  	0.03595610  	0.03996937  
2021-05-21 18:25:03.454: iteration 29 finished in 4.111046 seconds
2021-05-21 18:25:03.492: epoch 29:	0.01158881  	0.01023364  	0.06196781  	0.10846314  	0.03554749  	0.04965267  	0.02091242  	0.02518719  	0.03616341  	0.04005245  
2021-05-21 18:25:07.616: iteration 30 finished in 4.124673 seconds
2021-05-21 18:25:07.654: epoch 30:	0.01149535  	0.01021027  	0.06126688  	0.10822950  	0.03518424  	0.04943093  	0.02069333  	0.02499062  	0.03573376  	0.03973556  
2021-05-21 18:25:11.756: iteration 31 finished in 4.101409 seconds
2021-05-21 18:25:11.795: epoch 31:	0.01158881  	0.01023364  	0.06173417  	0.10846314  	0.03538390  	0.04954454  	0.02077149  	0.02505765  	0.03588229  	0.03980309  
2021-05-21 18:25:15.914: iteration 32 finished in 4.119554 seconds
2021-05-21 18:25:15.953: epoch 32:	0.01149535  	0.01016355  	0.06103323  	0.10776220  	0.03511684  	0.04930491  	0.02064252  	0.02496922  	0.03565959  	0.03960269  
2021-05-21 18:25:20.079: iteration 33 finished in 4.126101 seconds
2021-05-21 18:25:20.118: epoch 33:	0.01135516  	0.01016355  	0.06009865  	0.10776220  	0.03480277  	0.04928482  	0.02053154  	0.02495372  	0.03550958  	0.03956829  
2021-05-21 18:25:24.331: iteration 34 finished in 4.213100 seconds
2021-05-21 18:25:24.370: epoch 34:	0.01149535  	0.01011682  	0.06079959  	0.10729491  	0.03495033  	0.04905630  	0.02048481  	0.02476668  	0.03541871  	0.03939779  
2021-05-21 18:25:28.513: iteration 35 finished in 4.142808 seconds
2021-05-21 18:25:28.552: epoch 35:	0.01154208  	0.01011682  	0.06103323  	0.10729491  	0.03512154  	0.04913378  	0.02060645  	0.02486648  	0.03566459  	0.03956241  
2021-05-21 18:25:32.543: iteration 36 finished in 3.990122 seconds
2021-05-21 18:25:32.580: epoch 36:	0.01158881  	0.01011682  	0.06126688  	0.10729491  	0.03520909  	0.04914314  	0.02066310  	0.02486914  	0.03567404  	0.03959841  
2021-05-21 18:25:36.605: iteration 37 finished in 4.024137 seconds
2021-05-21 18:25:36.643: epoch 37:	0.01144862  	0.01009345  	0.06074766  	0.10706127  	0.03496151  	0.04902371  	0.02054109  	0.02479861  	0.03547860  	0.03948025  
2021-05-21 18:25:40.754: iteration 38 finished in 4.110871 seconds
2021-05-21 18:25:40.791: epoch 38:	0.01144862  	0.01007009  	0.06074766  	0.10682762  	0.03498978  	0.04897249  	0.02057011  	0.02478850  	0.03553831  	0.03953449  
2021-05-21 18:25:44.909: iteration 39 finished in 4.117136 seconds
2021-05-21 18:25:44.948: epoch 39:	0.01144862  	0.01004672  	0.06074766  	0.10659398  	0.03506206  	0.04897961  	0.02065708  	0.02485101  	0.03570113  	0.03969703  
2021-05-21 18:25:48.928: iteration 40 finished in 3.980311 seconds
2021-05-21 18:25:48.966: epoch 40:	0.01149535  	0.01007009  	0.06098131  	0.10682762  	0.03501416  	0.04893213  	0.02055611  	0.02474267  	0.03544467  	0.03945712  
2021-05-21 18:25:52.973: iteration 41 finished in 4.006842 seconds
2021-05-21 18:25:53.011: epoch 41:	0.01144862  	0.01009345  	0.06074766  	0.10706127  	0.03495514  	0.04901502  	0.02056705  	0.02479609  	0.03544004  	0.03949115  
2021-05-21 18:25:56.989: iteration 42 finished in 3.978040 seconds
2021-05-21 18:25:57.029: epoch 42:	0.01149535  	0.01007009  	0.06098131  	0.10682762  	0.03505431  	0.04895996  	0.02063418  	0.02478746  	0.03547045  	0.03951897  
2021-05-21 18:26:01.015: iteration 43 finished in 3.986364 seconds
2021-05-21 18:26:01.053: epoch 43:	0.01154208  	0.01016355  	0.06121495  	0.10776220  	0.03514899  	0.04923660  	0.02067368  	0.02487893  	0.03554945  	0.03959663  
2021-05-21 18:26:05.006: iteration 44 finished in 3.953713 seconds
2021-05-21 18:26:05.045: epoch 44:	0.01154208  	0.01014018  	0.06121495  	0.10752856  	0.03522106  	0.04925629  	0.02073849  	0.02497762  	0.03576213  	0.03972872  
2021-05-21 18:26:09.009: iteration 45 finished in 3.963840 seconds
2021-05-21 18:26:09.049: epoch 45:	0.01154208  	0.01023364  	0.06121495  	0.10869678  	0.03521241  	0.04955710  	0.02073163  	0.02504437  	0.03573803  	0.03978264  
2021-05-21 18:26:13.034: iteration 46 finished in 3.985474 seconds
2021-05-21 18:26:13.072: epoch 46:	0.01158881  	0.01025700  	0.06144860  	0.10893042  	0.03530422  	0.04963666  	0.02076714  	0.02506992  	0.03578866  	0.03981877  
2021-05-21 18:26:17.022: iteration 47 finished in 3.948264 seconds
2021-05-21 18:26:17.063: epoch 47:	0.01168227  	0.01025700  	0.06191589  	0.10893042  	0.03548994  	0.04967077  	0.02085874  	0.02511554  	0.03586802  	0.03984182  
2021-05-21 18:26:20.992: iteration 48 finished in 3.928587 seconds
2021-05-21 18:26:21.030: epoch 48:	0.01177572  	0.01028037  	0.06238318  	0.10916407  	0.03562511  	0.04970583  	0.02090594  	0.02509717  	0.03584669  	0.03981524  
2021-05-21 18:26:25.098: iteration 49 finished in 4.068136 seconds
2021-05-21 18:26:25.136: epoch 49:	0.01177572  	0.01032710  	0.06238318  	0.11009865  	0.03555689  	0.04986171  	0.02082249  	0.02507274  	0.03571355  	0.03973265  
2021-05-21 18:26:29.102: iteration 50 finished in 3.964628 seconds
2021-05-21 18:26:29.139: epoch 50:	0.01177572  	0.01032710  	0.06238318  	0.11009865  	0.03542167  	0.04973184  	0.02067526  	0.02493886  	0.03540722  	0.03941238  
