2020-09-22 15:00:52.710: Dataset name: u1
The number of users: 26996
The number of items: 26996
The number of ratings: 83174
Average actions of users: 3.08
Average actions of items: 3.08
The sparsity of the dataset: 99.988587%
2020-09-22 15:00:52.711: 

NeuRec hyperparameters:
recommender=WRMF
config_dir=./conf
gpu_id=0
gpu_mem=0.5
data.input.path=C:\Users\HyunsikYoo\Desktop\VNE_directed_networks/_Data/digg/5-fold/u1/
data.input.dataset=u1
data.output.path=C:\Users\HyunsikYoo\Desktop\VNE_directed_networks/_Data/digg/5-fold/u1/relevance_WRMF_directed_uni_False_uniform
data.column.format=UI
data.convert.separator='\t'
user_min=0
item_min=0
splitter=given
ratio=0.8
by_time=False
metric=["Precision", "Recall", "NDCG", "MAP", "MRR"]
topk=[10, 20]
group_view=None
rec.evaluate.neg=0
test_batch_size=128
num_thread=8
data.index.remap=False

WRMF's hyperparameters:
epochs=50
embedding_size=16
reg_mf=0.1
alpha=10
init_method=uniform
stddev=0.01
verbose=1
weight=uniform

2020-09-22 15:33:02.523: metrics:	Precision@10	Precision@20	Recall@10   	Recall@20   	NDCG@10     	NDCG@20     	MAP@10      	MAP@20      	MRR@10      	MRR@20      
2020-09-22 15:34:59.750: iteration 1 finished in 117.225644 seconds
2020-09-22 15:35:00.276: epoch 1:	0.00187693  	0.00160371  	0.01094419  	0.01808357  	0.00591380  	0.00792921  	0.00354058  	0.00400864  	0.00604859  	0.00690500  
2020-09-22 15:37:21.198: iteration 2 finished in 140.921047 seconds
2020-09-22 15:37:21.716: epoch 2:	0.00186505  	0.00175220  	0.01016992  	0.01962565  	0.00613918  	0.00880307  	0.00392982  	0.00457329  	0.00699154  	0.00812135  
2020-09-22 15:39:41.908: iteration 3 finished in 140.191756 seconds
2020-09-22 15:39:42.448: epoch 3:	0.00218580  	0.00173438  	0.01248423  	0.01959501  	0.00697247  	0.00898232  	0.00424272  	0.00471562  	0.00759856  	0.00847744  
2020-09-22 15:42:03.754: iteration 4 finished in 141.305037 seconds
2020-09-22 15:42:04.285: epoch 4:	0.00205512  	0.00179972  	0.01151871  	0.02021723  	0.00693040  	0.00942406  	0.00446977  	0.00507969  	0.00784425  	0.00891318  
2020-09-22 15:44:33.911: iteration 5 finished in 149.625813 seconds
2020-09-22 15:44:34.506: epoch 5:	0.00213828  	0.00176408  	0.01233574  	0.01996534  	0.00716658  	0.00933333  	0.00451105  	0.00502058  	0.00789064  	0.00883142  
2020-09-22 15:47:21.722: iteration 6 finished in 167.215835 seconds
2020-09-22 15:47:22.357: epoch 6:	0.00224519  	0.00179378  	0.01249696  	0.02043159  	0.00725016  	0.00943681  	0.00450090  	0.00501431  	0.00808160  	0.00896768  
2020-09-22 15:50:06.515: iteration 7 finished in 164.156506 seconds
2020-09-22 15:50:07.049: epoch 7:	0.00216204  	0.00181160  	0.01200038  	0.02049913  	0.00700340  	0.00938671  	0.00434736  	0.00492641  	0.00786198  	0.00884356  
2020-09-22 15:52:33.065: iteration 8 finished in 146.016192 seconds
2020-09-22 15:52:33.599: epoch 8:	0.00219768  	0.00184130  	0.01232652  	0.02039837  	0.00714371  	0.00943320  	0.00442950  	0.00497238  	0.00803772  	0.00900677  
2020-09-22 15:55:03.878: iteration 9 finished in 150.277722 seconds
2020-09-22 15:55:04.429: epoch 9:	0.00225707  	0.00189475  	0.01267596  	0.02139199  	0.00715688  	0.00957844  	0.00433331  	0.00490143  	0.00789347  	0.00885827  
2020-09-22 15:57:35.693: iteration 10 finished in 151.263381 seconds
2020-09-22 15:57:36.323: epoch 10:	0.00224519  	0.00188881  	0.01253242  	0.02120107  	0.00706128  	0.00950593  	0.00425770  	0.00485068  	0.00785453  	0.00884677  
2020-09-22 16:00:14.378: iteration 11 finished in 158.052949 seconds
2020-09-22 16:00:15.011: epoch 11:	0.00226895  	0.00190663  	0.01263604  	0.02159252  	0.00713904  	0.00963329  	0.00428639  	0.00488293  	0.00814977  	0.00913954  
2020-09-22 16:03:14.004: iteration 12 finished in 178.992192 seconds
2020-09-22 16:03:14.654: epoch 12:	0.00230459  	0.00194227  	0.01321963  	0.02236293  	0.00723040  	0.00974143  	0.00426731  	0.00484719  	0.00804441  	0.00902579  
2020-09-22 16:06:14.075: iteration 13 finished in 179.419942 seconds
2020-09-22 16:06:14.711: epoch 13:	0.00222143  	0.00198385  	0.01261577  	0.02298659  	0.00707394  	0.00993481  	0.00426164  	0.00494355  	0.00795428  	0.00906053  
2020-09-22 16:08:48.139: iteration 14 finished in 153.428127 seconds
2020-09-22 16:08:48.707: epoch 14:	0.00215016  	0.00197791  	0.01209605  	0.02267864  	0.00692195  	0.00990043  	0.00422662  	0.00496230  	0.00786236  	0.00904047  
2020-09-22 16:11:46.628: iteration 15 finished in 177.920416 seconds
2020-09-22 16:11:47.393: epoch 15:	0.00223331  	0.00198385  	0.01263458  	0.02263678  	0.00709550  	0.00990380  	0.00429522  	0.00497421  	0.00792727  	0.00903234  
2020-09-22 16:14:23.528: iteration 16 finished in 156.134818 seconds
2020-09-22 16:14:24.101: epoch 16:	0.00219768  	0.00198979  	0.01219711  	0.02248581  	0.00692721  	0.00982537  	0.00417860  	0.00488668  	0.00787023  	0.00901205  
2020-09-22 16:16:56.193: iteration 17 finished in 152.091602 seconds
2020-09-22 16:16:56.724: epoch 17:	0.00222143  	0.00197791  	0.01248959  	0.02240120  	0.00698799  	0.00977510  	0.00418361  	0.00485664  	0.00783539  	0.00893110  
2020-09-22 16:19:22.676: iteration 18 finished in 145.950257 seconds
2020-09-22 16:19:23.238: epoch 18:	0.00219768  	0.00195415  	0.01234393  	0.02215411  	0.00698224  	0.00973699  	0.00422042  	0.00488400  	0.00779791  	0.00891058  
2020-09-22 16:21:55.309: iteration 19 finished in 152.070069 seconds
2020-09-22 16:21:55.861: epoch 19:	0.00219768  	0.00188881  	0.01249902  	0.02140350  	0.00703581  	0.00955418  	0.00425785  	0.00486552  	0.00778321  	0.00882484  
2020-09-22 16:24:42.604: iteration 20 finished in 166.742003 seconds
2020-09-22 16:24:43.218: epoch 20:	0.00223331  	0.00189475  	0.01277456  	0.02148717  	0.00713478  	0.00958263  	0.00430654  	0.00488344  	0.00782398  	0.00884153  
2020-09-22 16:27:39.212: iteration 21 finished in 175.993173 seconds
2020-09-22 16:27:39.861: epoch 21:	0.00226895  	0.00188287  	0.01321374  	0.02139758  	0.00734114  	0.00965145  	0.00444275  	0.00497871  	0.00805417  	0.00903679  
2020-09-22 16:30:31.962: iteration 22 finished in 172.100262 seconds
2020-09-22 16:30:32.512: epoch 22:	0.00226895  	0.00187100  	0.01341312  	0.02109016  	0.00747677  	0.00967347  	0.00456373  	0.00507025  	0.00821317  	0.00916171  
2020-09-22 16:33:01.575: iteration 23 finished in 149.060979 seconds
2020-09-22 16:33:02.100: epoch 23:	0.00224519  	0.00187694  	0.01307204  	0.02125274  	0.00746520  	0.00979193  	0.00463959  	0.00519044  	0.00826026  	0.00924284  
2020-09-22 16:35:25.873: iteration 24 finished in 143.773161 seconds
2020-09-22 16:35:26.398: epoch 24:	0.00226895  	0.00187694  	0.01311560  	0.02134678  	0.00747800  	0.00980044  	0.00463460  	0.00519185  	0.00820440  	0.00914445  
2020-09-22 16:37:50.354: iteration 25 finished in 143.955731 seconds
2020-09-22 16:37:50.928: epoch 25:	0.00223331  	0.00187694  	0.01295226  	0.02151328  	0.00743784  	0.00984535  	0.00463412  	0.00521361  	0.00820634  	0.00917239  
2020-09-22 16:40:30.426: iteration 26 finished in 159.497486 seconds
2020-09-22 16:40:31.010: epoch 26:	0.00222143  	0.00187100  	0.01291266  	0.02167613  	0.00739037  	0.00984172  	0.00458791  	0.00518028  	0.00813091  	0.00909632  
2020-09-22 16:43:25.458: iteration 27 finished in 174.448517 seconds
2020-09-22 16:43:26.060: epoch 27:	0.00223331  	0.00188881  	0.01309229  	0.02200113  	0.00748998  	0.00996909  	0.00469820  	0.00528508  	0.00804106  	0.00901577  
2020-09-22 16:45:54.464: iteration 28 finished in 148.404417 seconds
2020-09-22 16:45:55.007: epoch 28:	0.00222143  	0.00187100  	0.01297305  	0.02187739  	0.00747003  	0.00994218  	0.00471552  	0.00530598  	0.00803352  	0.00899939  
2020-09-22 16:48:37.734: iteration 29 finished in 162.723762 seconds
2020-09-22 16:48:38.346: epoch 29:	0.00216204  	0.00190663  	0.01268398  	0.02202588  	0.00734190  	0.00997742  	0.00465930  	0.00529294  	0.00788762  	0.00893823  
2020-09-22 16:51:39.118: iteration 30 finished in 180.771938 seconds
2020-09-22 16:51:39.719: epoch 30:	0.00215016  	0.00191851  	0.01263449  	0.02235539  	0.00739523  	0.01011892  	0.00474509  	0.00539783  	0.00795800  	0.00903242  
2020-09-22 16:54:22.269: iteration 31 finished in 162.548322 seconds
2020-09-22 16:54:22.809: epoch 31:	0.00210264  	0.00190663  	0.01253337  	0.02245919  	0.00736067  	0.01014431  	0.00476778  	0.00543792  	0.00783252  	0.00892762  
2020-09-22 16:56:53.595: iteration 32 finished in 150.784580 seconds
2020-09-22 16:56:54.144: epoch 32:	0.00209076  	0.00189475  	0.01241458  	0.02233242  	0.00725144  	0.01002743  	0.00467211  	0.00534175  	0.00764433  	0.00872407  
2020-09-22 16:59:25.775: iteration 33 finished in 151.630726 seconds
2020-09-22 16:59:26.352: epoch 33:	0.00206700  	0.00193039  	0.01231270  	0.02272483  	0.00724561  	0.01014682  	0.00470291  	0.00539891  	0.00762675  	0.00875668  
2020-09-22 17:01:59.646: iteration 34 finished in 153.292815 seconds
2020-09-22 17:02:00.202: epoch 34:	0.00206700  	0.00190663  	0.01234834  	0.02262253  	0.00720594  	0.01006394  	0.00465427  	0.00534690  	0.00752370  	0.00863138  
2020-09-22 17:04:25.184: iteration 35 finished in 144.982095 seconds
2020-09-22 17:04:25.683: epoch 35:	0.00206700  	0.00189475  	0.01250950  	0.02237043  	0.00723587  	0.01000657  	0.00466383  	0.00533948  	0.00748769  	0.00858601  
2020-09-22 17:06:49.977: iteration 36 finished in 144.291992 seconds
2020-09-22 17:06:50.461: epoch 36:	0.00204324  	0.00185912  	0.01245736  	0.02181506  	0.00713376  	0.00979016  	0.00455873  	0.00520719  	0.00736715  	0.00845374  
2020-09-22 17:09:10.485: iteration 37 finished in 140.023477 seconds
2020-09-22 17:09:10.991: epoch 37:	0.00204324  	0.00185318  	0.01249979  	0.02195563  	0.00711117  	0.00977817  	0.00450984  	0.00516228  	0.00736489  	0.00843922  
2020-09-22 17:11:32.738: iteration 38 finished in 141.746493 seconds
2020-09-22 17:11:33.236: epoch 38:	0.00205512  	0.00183536  	0.01266907  	0.02177431  	0.00719481  	0.00976313  	0.00456610  	0.00519091  	0.00746595  	0.00850102  
2020-09-22 17:13:52.304: iteration 39 finished in 139.067806 seconds
2020-09-22 17:13:52.800: epoch 39:	0.00207888  	0.00182348  	0.01284132  	0.02170647  	0.00726029  	0.00974873  	0.00459746  	0.00520204  	0.00749146  	0.00848650  
2020-09-22 17:16:11.413: iteration 40 finished in 138.612793 seconds
2020-09-22 17:16:11.914: epoch 40:	0.00206700  	0.00181754  	0.01280502  	0.02157711  	0.00725277  	0.00971712  	0.00459821  	0.00519270  	0.00753459  	0.00852507  
2020-09-22 17:18:30.131: iteration 41 finished in 138.216576 seconds
2020-09-22 17:18:30.624: epoch 41:	0.00206700  	0.00181754  	0.01267342  	0.02146743  	0.00706981  	0.00954651  	0.00439373  	0.00499874  	0.00731600  	0.00829543  
2020-09-22 17:20:47.589: iteration 42 finished in 136.965289 seconds
2020-09-22 17:20:48.087: epoch 42:	0.00206700  	0.00180566  	0.01268827  	0.02121312  	0.00704223  	0.00946263  	0.00435655  	0.00495312  	0.00728635  	0.00824881  
2020-09-22 17:23:08.530: iteration 43 finished in 140.442777 seconds
2020-09-22 17:23:09.048: epoch 43:	0.00207888  	0.00178190  	0.01269675  	0.02093144  	0.00703607  	0.00937312  	0.00434015  	0.00491586  	0.00728663  	0.00823041  
2020-09-22 17:25:41.370: iteration 44 finished in 152.321192 seconds
2020-09-22 17:25:41.882: epoch 44:	0.00207888  	0.00179378  	0.01279179  	0.02109366  	0.00706227  	0.00941723  	0.00436189  	0.00493744  	0.00728098  	0.00823896  
2020-09-22 17:28:03.422: iteration 45 finished in 141.539009 seconds
2020-09-22 17:28:03.918: epoch 45:	0.00209076  	0.00181160  	0.01289078  	0.02153848  	0.00708093  	0.00950571  	0.00435734  	0.00494245  	0.00727904  	0.00825138  
2020-09-22 17:30:24.872: iteration 46 finished in 140.952536 seconds
2020-09-22 17:30:25.369: epoch 46:	0.00210264  	0.00184130  	0.01292543  	0.02191183  	0.00710687  	0.00961687  	0.00436719  	0.00496731  	0.00735786  	0.00837420  
2020-09-22 17:32:43.768: iteration 47 finished in 138.398553 seconds
2020-09-22 17:32:44.307: epoch 47:	0.00206700  	0.00186506  	0.01273440  	0.02220386  	0.00700730  	0.00965507  	0.00431350  	0.00494867  	0.00723879  	0.00830714  
2020-09-22 17:35:00.331: iteration 48 finished in 136.023633 seconds
2020-09-22 17:35:00.805: epoch 48:	0.00209076  	0.00186506  	0.01288765  	0.02219297  	0.00705229  	0.00964933  	0.00432375  	0.00494205  	0.00725745  	0.00831292  
2020-09-22 17:37:22.856: iteration 49 finished in 142.051928 seconds
2020-09-22 17:37:23.406: epoch 49:	0.00210264  	0.00188287  	0.01317143  	0.02224105  	0.00711219  	0.00967653  	0.00433720  	0.00494313  	0.00723530  	0.00830666  
2020-09-22 17:39:53.891: iteration 50 finished in 150.484127 seconds
2020-09-22 17:39:54.451: epoch 50:	0.00210264  	0.00190663  	0.01317842  	0.02251032  	0.00713387  	0.00976876  	0.00436368  	0.00498320  	0.00725924  	0.00835914  
