2020-07-20 16:07:15.993: Dataset name: u1
The number of users: 2445
The number of items: 5829
The number of ratings: 20336
Average actions of users: 8.32
Average actions of items: 3.49
The sparsity of the dataset: 99.857310%
2020-07-20 16:07:15.993: 

NeuRec hyperparameters:
recommender=WRMF
config_dir=./conf
gpu_id=0
gpu_mem=0.5
data.input.path=C:\Users\tensorflow\LYC\INP/_Data/p2p-Gnutella08/5-Fold/u1/
data.input.dataset=u1
data.output.path=C:\Users\tensorflow\LYC\INP/_Data/p2p-Gnutella08/5-Fold/u1/
data.column.format=UI
data.convert.separator='\t'
user_min=0
item_min=0
splitter=given
ratio=0.8
by_time=False
metric=["Precision", "Recall", "NDCG", "MAP", "MRR"]
topk=[10, 20]
group_view=None
rec.evaluate.neg=0
test_batch_size=128
num_thread=8

WRMF's hyperparameters:
epochs=50
embedding_size=16
reg_mf=0.1
alpha=10
init_method=uniform
stddev=0.01
verbose=1

2020-07-20 16:07:16.150: metrics:	Precision@10	Precision@20	Recall@10   	Recall@20   	NDCG@10     	NDCG@20     	MAP@10      	MAP@20      	MRR@10      	MRR@20      
2020-07-20 16:07:19.087: iteration 1 finished in 2.936808 seconds
2020-07-20 16:07:19.149: epoch 1:	0.00892525  	0.00773366  	0.04626168  	0.08107477  	0.02711759  	0.03759798  	0.01603054  	0.01898815  	0.02800623  	0.03126941  
2020-07-20 16:07:21.945: iteration 2 finished in 2.796217 seconds
2020-07-20 16:07:21.992: epoch 2:	0.01233647  	0.01042056  	0.06425234  	0.10911215  	0.03704326  	0.05057034  	0.02184320  	0.02602293  	0.03719959  	0.04066419  
2020-07-20 16:07:24.507: iteration 3 finished in 2.515034 seconds
2020-07-20 16:07:24.554: epoch 3:	0.01406545  	0.01158878  	0.07383177  	0.12149533  	0.04177481  	0.05628468  	0.02440987  	0.02906498  	0.04119345  	0.04474964  
2020-07-20 16:07:27.022: iteration 4 finished in 2.468169 seconds
2020-07-20 16:07:27.053: epoch 4:	0.01415891  	0.01189251  	0.07476635  	0.12453271  	0.04335210  	0.05866029  	0.02610843  	0.03098939  	0.04315143  	0.04714666  
2020-07-20 16:07:29.522: iteration 5 finished in 2.452547 seconds
2020-07-20 16:07:29.568: epoch 5:	0.01471966  	0.01240653  	0.07733645  	0.13037384  	0.04516539  	0.06130701  	0.02726876  	0.03241232  	0.04541166  	0.04947527  
2020-07-20 16:07:32.037: iteration 6 finished in 2.468168 seconds
2020-07-20 16:07:32.083: epoch 6:	0.01528040  	0.01266354  	0.08060747  	0.13317756  	0.04617845  	0.06206680  	0.02755914  	0.03253631  	0.04560432  	0.04955631  
2020-07-20 16:07:34.567: iteration 7 finished in 2.483790 seconds
2020-07-20 16:07:34.614: epoch 7:	0.01537386  	0.01282709  	0.08107477  	0.13481309  	0.04650352  	0.06271718  	0.02771529  	0.03279547  	0.04603730  	0.05001127  
2020-07-20 16:07:37.082: iteration 8 finished in 2.468169 seconds
2020-07-20 16:07:37.129: epoch 8:	0.01514022  	0.01275700  	0.07943925  	0.13411215  	0.04625452  	0.06280778  	0.02787690  	0.03307626  	0.04631267  	0.05050305  
2020-07-20 16:07:39.597: iteration 9 finished in 2.468169 seconds
2020-07-20 16:07:39.644: epoch 9:	0.01523368  	0.01280372  	0.08014019  	0.13504674  	0.04697556  	0.06355104  	0.02845100  	0.03369444  	0.04739895  	0.05147783  
2020-07-20 16:07:42.112: iteration 10 finished in 2.468169 seconds
2020-07-20 16:07:42.159: epoch 10:	0.01532713  	0.01280372  	0.08060747  	0.13528037  	0.04719621  	0.06364208  	0.02851322  	0.03373404  	0.04754600  	0.05149066  
2020-07-20 16:07:44.627: iteration 11 finished in 2.468170 seconds
2020-07-20 16:07:44.674: epoch 11:	0.01537386  	0.01271027  	0.08130841  	0.13457943  	0.04732888  	0.06337157  	0.02854455  	0.03364646  	0.04737261  	0.05120406  
2020-07-20 16:07:47.158: iteration 12 finished in 2.483790 seconds
2020-07-20 16:07:47.189: epoch 12:	0.01542059  	0.01282709  	0.08177570  	0.13574766  	0.04755828  	0.06381559  	0.02872015  	0.03388778  	0.04751875  	0.05136886  
2020-07-20 16:07:49.673: iteration 13 finished in 2.483790 seconds
2020-07-20 16:07:49.704: epoch 13:	0.01556078  	0.01285046  	0.08247664  	0.13598131  	0.04791665  	0.06398279  	0.02898977  	0.03410780  	0.04765169  	0.05135535  
2020-07-20 16:07:52.188: iteration 14 finished in 2.483790 seconds
2020-07-20 16:07:52.235: epoch 14:	0.01542059  	0.01282709  	0.08177570  	0.13574766  	0.04772326  	0.06392626  	0.02894545  	0.03406442  	0.04766653  	0.05148096  
2020-07-20 16:07:54.719: iteration 15 finished in 2.483791 seconds
2020-07-20 16:07:54.750: epoch 15:	0.01551405  	0.01275700  	0.08247664  	0.13504674  	0.04780858  	0.06360327  	0.02882649  	0.03384396  	0.04762704  	0.05128914  
2020-07-20 16:07:57.234: iteration 16 finished in 2.483790 seconds
2020-07-20 16:07:57.281: epoch 16:	0.01542059  	0.01285046  	0.08177570  	0.13621496  	0.04789116  	0.06418186  	0.02913487  	0.03428487  	0.04813883  	0.05191789  
2020-07-20 16:07:59.749: iteration 17 finished in 2.468169 seconds
2020-07-20 16:07:59.796: epoch 17:	0.01537386  	0.01292055  	0.08130841  	0.13691589  	0.04810243  	0.06471561  	0.02951788  	0.03471901  	0.04868566  	0.05262148  
2020-07-20 16:08:02.279: iteration 18 finished in 2.483790 seconds
2020-07-20 16:08:02.326: epoch 18:	0.01537386  	0.01285046  	0.08130841  	0.13621496  	0.04840115  	0.06481475  	0.02982968  	0.03498681  	0.04945669  	0.05332542  
2020-07-20 16:08:04.795: iteration 19 finished in 2.468169 seconds
2020-07-20 16:08:04.841: epoch 19:	0.01523368  	0.01282709  	0.08060747  	0.13598131  	0.04812403  	0.06471881  	0.02972324  	0.03496509  	0.04920599  	0.05313276  
2020-07-20 16:08:07.310: iteration 20 finished in 2.468169 seconds
2020-07-20 16:08:07.341: epoch 20:	0.01514022  	0.01292055  	0.08014019  	0.13691589  	0.04803591  	0.06507423  	0.02976432  	0.03510338  	0.04929073  	0.05343561  
2020-07-20 16:08:09.809: iteration 21 finished in 2.468168 seconds
2020-07-20 16:08:09.856: epoch 21:	0.01509349  	0.01289719  	0.07990655  	0.13668224  	0.04771572  	0.06477803  	0.02946392  	0.03482208  	0.04883383  	0.05299827  
2020-07-20 16:08:12.324: iteration 22 finished in 2.468169 seconds
2020-07-20 16:08:12.355: epoch 22:	0.01500003  	0.01294392  	0.07920561  	0.13714953  	0.04737877  	0.06480134  	0.02927125  	0.03472979  	0.04846852  	0.05278818  
2020-07-20 16:08:14.823: iteration 23 finished in 2.468168 seconds
2020-07-20 16:08:14.870: epoch 23:	0.01509349  	0.01306074  	0.07990655  	0.13831776  	0.04762078  	0.06515706  	0.02937028  	0.03480173  	0.04863393  	0.05302198  
2020-07-20 16:08:17.338: iteration 24 finished in 2.468169 seconds
2020-07-20 16:08:17.385: epoch 24:	0.01495331  	0.01303737  	0.07920561  	0.13808411  	0.04735091  	0.06506860  	0.02918837  	0.03474462  	0.04865173  	0.05301008  
2020-07-20 16:08:19.853: iteration 25 finished in 2.468169 seconds
2020-07-20 16:08:19.885: epoch 25:	0.01504676  	0.01303737  	0.07990655  	0.13808411  	0.04741268  	0.06493301  	0.02911698  	0.03458588  	0.04836468  	0.05271523  
2020-07-20 16:08:22.369: iteration 26 finished in 2.483790 seconds
2020-07-20 16:08:22.400: epoch 26:	0.01528040  	0.01303737  	0.08107477  	0.13808411  	0.04785355  	0.06497242  	0.02923900  	0.03458640  	0.04869216  	0.05285544  
2020-07-20 16:08:24.899: iteration 27 finished in 2.499412 seconds
2020-07-20 16:08:24.930: epoch 27:	0.01542059  	0.01299064  	0.08200935  	0.13761683  	0.04819791  	0.06491663  	0.02938410  	0.03464960  	0.04890447  	0.05289616  
2020-07-20 16:08:27.289: iteration 28 finished in 2.358819 seconds
2020-07-20 16:08:27.336: epoch 28:	0.01537386  	0.01301401  	0.08177570  	0.13785046  	0.04818586  	0.06504158  	0.02942776  	0.03471824  	0.04897699  	0.05303133  
2020-07-20 16:08:29.695: iteration 29 finished in 2.358819 seconds
2020-07-20 16:08:29.742: epoch 29:	0.01537386  	0.01301401  	0.08177570  	0.13785046  	0.04827113  	0.06512270  	0.02950119  	0.03475235  	0.04905356  	0.05317817  
2020-07-20 16:08:32.101: iteration 30 finished in 2.358819 seconds
2020-07-20 16:08:32.132: epoch 30:	0.01546732  	0.01299064  	0.08224299  	0.13761683  	0.04832718  	0.06494552  	0.02942804  	0.03460363  	0.04891468  	0.05295218  
2020-07-20 16:08:34.491: iteration 31 finished in 2.358820 seconds
2020-07-20 16:08:34.538: epoch 31:	0.01546732  	0.01296728  	0.08224299  	0.13738318  	0.04819542  	0.06474777  	0.02927858  	0.03442811  	0.04865136  	0.05269283  
2020-07-20 16:08:36.896: iteration 32 finished in 2.358820 seconds
2020-07-20 16:08:36.928: epoch 32:	0.01537386  	0.01299064  	0.08154206  	0.13761683  	0.04772920  	0.06455661  	0.02892784  	0.03415519  	0.04805927  	0.05220707  
2020-07-20 16:08:39.286: iteration 33 finished in 2.358819 seconds
2020-07-20 16:08:39.318: epoch 33:	0.01532713  	0.01301401  	0.08130841  	0.13785046  	0.04777559  	0.06474566  	0.02903520  	0.03429059  	0.04820596  	0.05241916  
2020-07-20 16:08:41.676: iteration 34 finished in 2.358820 seconds
2020-07-20 16:08:41.708: epoch 34:	0.01546732  	0.01303737  	0.08200935  	0.13808411  	0.04814853  	0.06495015  	0.02926644  	0.03445177  	0.04856199  	0.05272431  
2020-07-20 16:08:44.082: iteration 35 finished in 2.374440 seconds
2020-07-20 16:08:44.113: epoch 35:	0.01556078  	0.01301401  	0.08271028  	0.13785046  	0.04855147  	0.06508347  	0.02952771  	0.03464204  	0.04906117  	0.05312349  
2020-07-20 16:08:46.472: iteration 36 finished in 2.358819 seconds
2020-07-20 16:08:46.519: epoch 36:	0.01565423  	0.01299064  	0.08317757  	0.13738318  	0.04882960  	0.06509160  	0.02968273  	0.03473811  	0.04936009  	0.05329496  
2020-07-20 16:08:48.878: iteration 37 finished in 2.358820 seconds
2020-07-20 16:08:48.925: epoch 37:	0.01560751  	0.01303737  	0.08294392  	0.13785046  	0.04904228  	0.06550987  	0.02997303  	0.03506928  	0.04993234  	0.05395333  
2020-07-20 16:08:51.284: iteration 38 finished in 2.358819 seconds
2020-07-20 16:08:51.330: epoch 38:	0.01560751  	0.01306073  	0.08294392  	0.13808411  	0.04901146  	0.06554424  	0.02994864  	0.03505582  	0.04984463  	0.05388973  
2020-07-20 16:08:53.689: iteration 39 finished in 2.358819 seconds
2020-07-20 16:08:53.736: epoch 39:	0.01560751  	0.01306073  	0.08317757  	0.13808411  	0.04914917  	0.06563617  	0.03003653  	0.03514787  	0.05004248  	0.05405082  
2020-07-20 16:08:56.095: iteration 40 finished in 2.358819 seconds
2020-07-20 16:08:56.142: epoch 40:	0.01565423  	0.01308410  	0.08341122  	0.13855140  	0.04931800  	0.06583760  	0.03017617  	0.03527372  	0.05022828  	0.05426469  
2020-07-20 16:08:58.501: iteration 41 finished in 2.358819 seconds
2020-07-20 16:08:58.547: epoch 41:	0.01560751  	0.01308410  	0.08317757  	0.13831776  	0.04921296  	0.06578533  	0.03012897  	0.03524696  	0.05013463  	0.05422559  
2020-07-20 16:09:00.922: iteration 42 finished in 2.374441 seconds
2020-07-20 16:09:00.969: epoch 42:	0.01560750  	0.01315419  	0.08317757  	0.13925233  	0.04926325  	0.06607324  	0.03017968  	0.03537457  	0.05022048  	0.05432177  
2020-07-20 16:09:03.328: iteration 43 finished in 2.358820 seconds
2020-07-20 16:09:03.374: epoch 43:	0.01565423  	0.01315419  	0.08341122  	0.13948599  	0.04917558  	0.06595232  	0.03003356  	0.03520088  	0.04981922  	0.05392643  
2020-07-20 16:09:05.733: iteration 44 finished in 2.358820 seconds
2020-07-20 16:09:05.780: epoch 44:	0.01570096  	0.01313083  	0.08364486  	0.13901868  	0.04960249  	0.06619649  	0.03050457  	0.03561107  	0.05041872  	0.05450187  
2020-07-20 16:09:08.139: iteration 45 finished in 2.358820 seconds
2020-07-20 16:09:08.186: epoch 45:	0.01570096  	0.01313083  	0.08364486  	0.13901868  	0.04957228  	0.06617659  	0.03048111  	0.03559445  	0.05029392  	0.05439072  
2020-07-20 16:09:10.545: iteration 46 finished in 2.358819 seconds
2020-07-20 16:09:10.592: epoch 46:	0.01570096  	0.01313083  	0.08364486  	0.13925233  	0.04962214  	0.06625631  	0.03052506  	0.03563726  	0.05039016  	0.05448329  
2020-07-20 16:09:12.950: iteration 47 finished in 2.358820 seconds
2020-07-20 16:09:12.997: epoch 47:	0.01574769  	0.01313083  	0.08387850  	0.13925233  	0.04959753  	0.06615337  	0.03043002  	0.03551275  	0.05020009  	0.05426934  
2020-07-20 16:09:15.356: iteration 48 finished in 2.358820 seconds
2020-07-20 16:09:15.387: epoch 48:	0.01574769  	0.01313083  	0.08387850  	0.13925233  	0.04958534  	0.06614698  	0.03042344  	0.03551034  	0.05018063  	0.05425628  
2020-07-20 16:09:17.777: iteration 49 finished in 2.390063 seconds
2020-07-20 16:09:17.809: epoch 49:	0.01574769  	0.01313083  	0.08387850  	0.13925233  	0.04961555  	0.06618228  	0.03044439  	0.03553574  	0.05024404  	0.05432393  
2020-07-20 16:09:20.183: iteration 50 finished in 2.374441 seconds
2020-07-20 16:09:20.230: epoch 50:	0.01574769  	0.01313083  	0.08387850  	0.13925233  	0.04965093  	0.06622054  	0.03047842  	0.03557366  	0.05031209  	0.05439235  
