2020-09-15 21:19:41.867: Dataset name: u1
The number of users: 6627
The number of items: 6537
The number of ratings: 103224
Average actions of users: 15.58
Average actions of items: 15.79
The sparsity of the dataset: 99.761721%
2020-09-15 21:19:41.867: 

NeuRec hyperparameters:
recommender=WRMF
config_dir=./conf
gpu_id=0
gpu_mem=0.5
data.input.path=C:\Users\HyunsikYoo\Desktop\VNE_directed_networks/_Data/wiki-vote/5-fold/u1/
data.input.dataset=u1
data.output.path=C:\Users\HyunsikYoo\Desktop\VNE_directed_networks/_Data/wiki-vote/5-fold/u1/relevance_WRMF_directed_uni_False_uniform
data.column.format=UI
data.convert.separator='\t'
user_min=0
item_min=0
splitter=given
ratio=0.8
by_time=False
metric=["Precision", "Recall", "NDCG", "MAP", "MRR"]
topk=[10, 20]
group_view=None
rec.evaluate.neg=0
test_batch_size=128
num_thread=8
data.index.remap=False

WRMF's hyperparameters:
epochs=50
embedding_size=16
reg_mf=0.1
alpha=10
init_method=uniform
stddev=0.01
verbose=1
weight=uniform

2020-09-15 21:21:33.937: metrics:	Precision@10	Precision@20	Recall@10   	Recall@20   	NDCG@10     	NDCG@20     	MAP@10      	MAP@20      	MRR@10      	MRR@20      
2020-09-15 21:21:39.288: iteration 1 finished in 5.351878 seconds
2020-09-15 21:21:39.386: epoch 1:	0.02274753  	0.02001589  	0.02587693  	0.04270537  	0.03053081  	0.03435511  	0.01420922  	0.01342033  	0.06107942  	0.06506915  
2020-09-15 21:21:44.612: iteration 2 finished in 5.226370 seconds
2020-09-15 21:21:44.706: epoch 2:	0.06044759  	0.05234874  	0.10000343  	0.16933726  	0.09592035  	0.11469849  	0.05342568  	0.05552056  	0.15393743  	0.16145501  
2020-09-15 21:21:49.853: iteration 3 finished in 5.147227 seconds
2020-09-15 21:21:49.947: epoch 3:	0.06789190  	0.05789200  	0.12263182  	0.19999894  	0.11412807  	0.13460267  	0.06617925  	0.06827214  	0.17717808  	0.18518011  
2020-09-15 21:21:55.117: iteration 4 finished in 5.169175 seconds
2020-09-15 21:21:55.210: epoch 4:	0.07131052  	0.06060772  	0.13015379  	0.21220292  	0.12154709  	0.14344704  	0.07157827  	0.07436321  	0.18666185  	0.19470961  
2020-09-15 21:22:00.564: iteration 5 finished in 5.353229 seconds
2020-09-15 21:22:00.659: epoch 5:	0.07255655  	0.06172592  	0.13641179  	0.22036040  	0.12497475  	0.14736542  	0.07346359  	0.07627203  	0.19133037  	0.19935226  
2020-09-15 21:22:05.545: iteration 6 finished in 4.884545 seconds
2020-09-15 21:22:05.640: epoch 6:	0.07322749  	0.06210932  	0.13866068  	0.22167443  	0.12738575  	0.14952986  	0.07542551  	0.07814346  	0.19377814  	0.20173527  
2020-09-15 21:22:10.596: iteration 7 finished in 4.955253 seconds
2020-09-15 21:22:10.689: epoch 7:	0.07367480  	0.06238088  	0.14340562  	0.22421323  	0.12964301  	0.15134180  	0.07709634  	0.07976132  	0.19439799  	0.20219107  
2020-09-15 21:22:16.063: iteration 8 finished in 5.373039 seconds
2020-09-15 21:22:16.159: epoch 8:	0.07322750  	0.06217323  	0.14342259  	0.22544414  	0.13003606  	0.15206189  	0.07748710  	0.08030959  	0.19679181  	0.20436490  
2020-09-15 21:22:21.530: iteration 9 finished in 5.370191 seconds
2020-09-15 21:22:21.626: epoch 9:	0.07399431  	0.06223712  	0.14337535  	0.22660178  	0.13000953  	0.15191838  	0.07684431  	0.07946940  	0.19719134  	0.20487651  
2020-09-15 21:22:26.455: iteration 10 finished in 4.827358 seconds
2020-09-15 21:22:26.545: epoch 10:	0.07383458  	0.06228504  	0.14343165  	0.22815308  	0.13011742  	0.15252006  	0.07706553  	0.07968882  	0.19770709  	0.20563810  
2020-09-15 21:22:31.900: iteration 11 finished in 5.353964 seconds
2020-09-15 21:22:31.994: epoch 11:	0.07396240  	0.06252466  	0.14284879  	0.23002888  	0.13045572  	0.15347096  	0.07741234  	0.08017996  	0.19884826  	0.20679367  
2020-09-15 21:22:37.169: iteration 12 finished in 5.174087 seconds
2020-09-15 21:22:37.265: epoch 12:	0.07370678  	0.06249271  	0.14271043  	0.23197846  	0.13064644  	0.15424165  	0.07776415  	0.08059686  	0.19948374  	0.20782268  
2020-09-15 21:22:42.220: iteration 13 finished in 4.954367 seconds
2020-09-15 21:22:42.316: epoch 13:	0.07437771  	0.06258856  	0.14584140  	0.23232661  	0.13169979  	0.15448920  	0.07811168  	0.08074399  	0.19913857  	0.20725885  
2020-09-15 21:22:47.702: iteration 14 finished in 5.386012 seconds
2020-09-15 21:22:47.797: epoch 14:	0.07444162  	0.06258856  	0.14691389  	0.23173809  	0.13170479  	0.15408066  	0.07779287  	0.08031790  	0.19882248  	0.20682791  
2020-09-15 21:22:52.551: iteration 15 finished in 4.752407 seconds
2020-09-15 21:22:52.640: epoch 15:	0.07460135  	0.06266843  	0.14806700  	0.23175876  	0.13210821  	0.15416755  	0.07780219  	0.08017350  	0.19978864  	0.20776904  
2020-09-15 21:22:57.653: iteration 16 finished in 5.011184 seconds
2020-09-15 21:22:57.744: epoch 16:	0.07424990  	0.06260455  	0.14683487  	0.23142599  	0.13170771  	0.15409848  	0.07770212  	0.08007883  	0.19955721  	0.20788144  
2020-09-15 21:23:02.853: iteration 17 finished in 5.107999 seconds
2020-09-15 21:23:02.950: epoch 17:	0.07424989  	0.06270041  	0.14809535  	0.23244770  	0.13213821  	0.15462317  	0.07788397  	0.08037014  	0.20024049  	0.20849705  
2020-09-15 21:23:07.839: iteration 18 finished in 4.889252 seconds
2020-09-15 21:23:07.932: epoch 18:	0.07412211  	0.06276433  	0.14794067  	0.23322894  	0.13238400  	0.15523320  	0.07819422  	0.08084066  	0.20131367  	0.20963152  
2020-09-15 21:23:12.736: iteration 19 finished in 4.803965 seconds
2020-09-15 21:23:12.829: epoch 19:	0.07434576  	0.06276433  	0.14878024  	0.23400965  	0.13275717  	0.15549548  	0.07835315  	0.08098917  	0.20197366  	0.21014118  
2020-09-15 21:23:17.912: iteration 20 finished in 5.082697 seconds
2020-09-15 21:23:18.003: epoch 20:	0.07447358  	0.06278032  	0.14915763  	0.23349610  	0.13334051  	0.15581733  	0.07881355  	0.08147734  	0.20325464  	0.21119238  
2020-09-15 21:23:23.002: iteration 21 finished in 4.998992 seconds
2020-09-15 21:23:23.098: epoch 21:	0.07482501  	0.06287616  	0.14858988  	0.23405746  	0.13332058  	0.15597446  	0.07891154  	0.08152725  	0.20282520  	0.21096367  
2020-09-15 21:23:28.675: iteration 22 finished in 5.576303 seconds
2020-09-15 21:23:28.770: epoch 22:	0.07479307  	0.06282823  	0.14859267  	0.23236690  	0.13327762  	0.15554261  	0.07882849  	0.08135267  	0.20301643  	0.21107557  
2020-09-15 21:23:33.803: iteration 23 finished in 5.031440 seconds
2020-09-15 21:23:33.901: epoch 23:	0.07482503  	0.06284420  	0.14890176  	0.23278587  	0.13335620  	0.15566376  	0.07887864  	0.08147828  	0.20284891  	0.21084057  
2020-09-15 21:23:38.982: iteration 24 finished in 5.079885 seconds
2020-09-15 21:23:39.073: epoch 24:	0.07488891  	0.06289212  	0.14833482  	0.23392728  	0.13316561  	0.15580423  	0.07872746  	0.08137951  	0.20296748  	0.21107474  
2020-09-15 21:23:44.110: iteration 25 finished in 5.034968 seconds
2020-09-15 21:23:44.202: epoch 25:	0.07504867  	0.06289212  	0.14901011  	0.23367865  	0.13308151  	0.15547948  	0.07849418  	0.08106264  	0.20236711  	0.21036772  
2020-09-15 21:23:49.353: iteration 26 finished in 5.150235 seconds
2020-09-15 21:23:49.447: epoch 26:	0.07485699  	0.06313173  	0.14917617  	0.23483001  	0.13266835  	0.15554813  	0.07804974  	0.08085328  	0.20141803  	0.20937407  
2020-09-15 21:23:54.864: iteration 27 finished in 5.414726 seconds
2020-09-15 21:23:54.960: epoch 27:	0.07469725  	0.06309979  	0.14867717  	0.23542054  	0.13262673  	0.15585348  	0.07816302  	0.08111118  	0.20149240  	0.20956200  
2020-09-15 21:24:00.178: iteration 28 finished in 5.217873 seconds
2020-09-15 21:24:00.272: epoch 28:	0.07466529  	0.06324357  	0.14857469  	0.23624651  	0.13248625  	0.15604362  	0.07809842  	0.08116120  	0.20105307  	0.20929120  
2020-09-15 21:24:05.046: iteration 29 finished in 4.773354 seconds
2020-09-15 21:24:05.139: epoch 29:	0.07456943  	0.06338734  	0.14831159  	0.23657519  	0.13240764  	0.15619501  	0.07804438  	0.08118264  	0.20133618  	0.20962735  
2020-09-15 21:24:10.134: iteration 30 finished in 4.994310 seconds
2020-09-15 21:24:10.227: epoch 30:	0.07460138  	0.06357904  	0.14778455  	0.23746181  	0.13244899  	0.15661143  	0.07810228  	0.08136930  	0.20206271  	0.21034659  
2020-09-15 21:24:15.611: iteration 31 finished in 5.383821 seconds
2020-09-15 21:24:15.705: epoch 31:	0.07463332  	0.06359501  	0.14778720  	0.23822476  	0.13246340  	0.15681721  	0.07809061  	0.08144625  	0.20216368  	0.21038143  
2020-09-15 21:24:21.107: iteration 32 finished in 5.400997 seconds
2020-09-15 21:24:21.201: epoch 32:	0.07447357  	0.06346721  	0.14709300  	0.23701409  	0.13233109  	0.15663247  	0.07818633  	0.08153028  	0.20188919  	0.21020091  
2020-09-15 21:24:26.602: iteration 33 finished in 5.400799 seconds
2020-09-15 21:24:26.697: epoch 33:	0.07469723  	0.06338733  	0.14798774  	0.23596945  	0.13249259  	0.15622687  	0.07814012  	0.08128848  	0.20139420  	0.20962133  
2020-09-15 21:24:32.122: iteration 34 finished in 5.424716 seconds
2020-09-15 21:24:32.217: epoch 34:	0.07447359  	0.06346720  	0.14759433  	0.23667860  	0.13207349  	0.15620939  	0.07784427  	0.08114576  	0.20057127  	0.20889881  
2020-09-15 21:24:37.563: iteration 35 finished in 5.344715 seconds
2020-09-15 21:24:37.655: epoch 35:	0.07453749  	0.06357903  	0.14813448  	0.23689556  	0.13207325  	0.15615804  	0.07772429  	0.08094931  	0.20042054  	0.20882565  
2020-09-15 21:24:43.056: iteration 36 finished in 5.400083 seconds
2020-09-15 21:24:43.149: epoch 36:	0.07460139  	0.06356304  	0.14886007  	0.23681206  	0.13223214  	0.15608405  	0.07772122  	0.08091298  	0.20040567  	0.20870592  
2020-09-15 21:24:48.244: iteration 37 finished in 5.094229 seconds
2020-09-15 21:24:48.334: epoch 37:	0.07453750  	0.06351511  	0.14853036  	0.23647523  	0.13207303  	0.15593062  	0.07765131  	0.08083921  	0.20013246  	0.20841889  
2020-09-15 21:24:53.743: iteration 38 finished in 5.407296 seconds
2020-09-15 21:24:53.836: epoch 38:	0.07450555  	0.06349915  	0.14879251  	0.23616485  	0.13195758  	0.15571304  	0.07746874  	0.08063418  	0.19976011  	0.20803764  
2020-09-15 21:24:59.237: iteration 39 finished in 5.400302 seconds
2020-09-15 21:24:59.331: epoch 39:	0.07440971  	0.06353110  	0.14811045  	0.23596717  	0.13187684  	0.15580112  	0.07756639  	0.08078860  	0.19990790  	0.20821379  
2020-09-15 21:25:04.750: iteration 40 finished in 5.419025 seconds
2020-09-15 21:25:04.845: epoch 40:	0.07444166  	0.06351512  	0.14790931  	0.23570885  	0.13176547  	0.15564011  	0.07749401  	0.08067576  	0.19958131  	0.20786816  
2020-09-15 21:25:10.257: iteration 41 finished in 5.410735 seconds
2020-09-15 21:25:10.355: epoch 41:	0.07440970  	0.06356304  	0.14823307  	0.23600329  	0.13190788  	0.15581186  	0.07755633  	0.08077906  	0.19994591  	0.20817804  
2020-09-15 21:25:15.560: iteration 42 finished in 5.204787 seconds
2020-09-15 21:25:15.655: epoch 42:	0.07447361  	0.06357902  	0.14912441  	0.23607859  	0.13211440  	0.15579443  	0.07759220  	0.08075257  	0.19999623  	0.20812079  
2020-09-15 21:25:21.052: iteration 43 finished in 5.396854 seconds
2020-09-15 21:25:21.151: epoch 43:	0.07437776  	0.06357901  	0.14926887  	0.23615177  	0.13206924  	0.15578048  	0.07754609  	0.08071637  	0.19996025  	0.20810820  
2020-09-15 21:25:26.585: iteration 44 finished in 5.433645 seconds
2020-09-15 21:25:26.679: epoch 44:	0.07428192  	0.06364290  	0.14944641  	0.23647347  	0.13212894  	0.15596737  	0.07760771  	0.08081313  	0.20014651  	0.20840934  
2020-09-15 21:25:31.548: iteration 45 finished in 4.867562 seconds
2020-09-15 21:25:31.640: epoch 45:	0.07421801  	0.06367485  	0.14885256  	0.23689894  	0.13208663  	0.15620218  	0.07772891  	0.08102160  	0.20028242  	0.20861785  
2020-09-15 21:25:36.724: iteration 46 finished in 5.083953 seconds
2020-09-15 21:25:36.818: epoch 46:	0.07415411  	0.06370681  	0.14853697  	0.23684004  	0.13188562  	0.15610783  	0.07764857  	0.08097056  	0.19974171  	0.20810395  
2020-09-15 21:25:41.530: iteration 47 finished in 4.710516 seconds
2020-09-15 21:25:41.621: epoch 47:	0.07418606  	0.06370681  	0.14880385  	0.23720308  	0.13198414  	0.15620853  	0.07772322  	0.08104423  	0.19971760  	0.20808339  
2020-09-15 21:25:46.330: iteration 48 finished in 4.709594 seconds
2020-09-15 21:25:46.423: epoch 48:	0.07424996  	0.06372280  	0.14894509  	0.23730880  	0.13199288  	0.15616791  	0.07766942  	0.08095376  	0.19969542  	0.20809665  
2020-09-15 21:25:51.149: iteration 49 finished in 4.726084 seconds
2020-09-15 21:25:51.242: epoch 49:	0.07434580  	0.06372280  	0.14913891  	0.23730443  	0.13212341  	0.15619572  	0.07772176  	0.08096714  	0.20001461  	0.20835148  
2020-09-15 21:25:56.645: iteration 50 finished in 5.401821 seconds
2020-09-15 21:25:56.734: epoch 50:	0.07431386  	0.06369084  	0.14883225  	0.23666729  	0.13204560  	0.15604618  	0.07768245  	0.08094218  	0.19993374  	0.20823386  
