2020-11-11 21:32:04.870: Dataset name: u1
The number of users: 6107
The number of items: 6107
The number of ratings: 50522
Average actions of users: 8.27
Average actions of items: 8.27
The sparsity of the dataset: 99.864536%
2020-11-11 21:32:04.871: 

NeuRec hyperparameters:
recommender=WRMF
config_dir=./conf
gpu_id=0
gpu_mem=0.5
data.input.path=C:\Users\HyunsikYoo\Desktop\VNE_directed_networks/_Data/jung/5-fold/u1/
data.input.dataset=u1
data.output.path=C:\Users\HyunsikYoo\Desktop\VNE_directed_networks/_Emb/jung/5-fold/wrmf/u1_wrmf_directed_dim128.emb
data.column.format=UI
data.convert.separator='\t'
user_min=0
item_min=0
splitter=given
ratio=0.8
by_time=False
metric=["Precision", "Recall", "NDCG", "MAP", "MRR"]
topk=[10, 20]
group_view=None
rec.evaluate.neg=0
test_batch_size=128
num_thread=8
data.index.remap=False

WRMF's hyperparameters:
epochs=50
embedding_size=128
reg_mf=0.1
alpha=10
init_method=uniform
stddev=0.01
verbose=1
weight=uniform

2020-11-11 21:33:38.814: metrics:	Precision@10	Precision@20	Recall@10   	Recall@20   	NDCG@10     	NDCG@20     	MAP@10      	MAP@20      	MRR@10      	MRR@20      
2020-11-11 21:34:46.904: iteration 1 finished in 68.088886 seconds
2020-11-11 21:34:47.026: epoch 1:	0.07137086  	0.04407992  	0.37718490  	0.45335001  	0.29917547  	0.31964839  	0.24414587  	0.24977574  	0.32662308  	0.33197284  
2020-11-11 21:35:55.160: iteration 2 finished in 68.132768 seconds
2020-11-11 21:35:55.280: epoch 2:	0.08002783  	0.04580387  	0.42494330  	0.48339435  	0.37463513  	0.38932946  	0.32103395  	0.32454136  	0.42825311  	0.43206888  
2020-11-11 21:37:03.678: iteration 3 finished in 68.397062 seconds
2020-11-11 21:37:03.799: epoch 3:	0.08148938  	0.04509186  	0.43401080  	0.47700903  	0.36340740  	0.37338918  	0.30275854  	0.30456892  	0.41104060  	0.41373265  
2020-11-11 21:38:12.183: iteration 4 finished in 68.384097 seconds
2020-11-11 21:38:12.309: epoch 4:	0.08107716  	0.04496069  	0.43209255  	0.47506082  	0.35466963  	0.36487195  	0.29286829  	0.29489064  	0.40100417  	0.40381989  
2020-11-11 21:39:20.776: iteration 5 finished in 68.465878 seconds
2020-11-11 21:39:20.914: epoch 5:	0.07882858  	0.04466087  	0.41086176  	0.47244531  	0.34571737  	0.36081257  	0.28736243  	0.29080966  	0.39527410  	0.39964330  
2020-11-11 21:40:29.093: iteration 6 finished in 68.178645 seconds
2020-11-11 21:40:29.221: epoch 6:	0.07890354  	0.04443600  	0.41161904  	0.46761739  	0.34335580  	0.35658571  	0.28427294  	0.28701305  	0.39149311  	0.39502677  
2020-11-11 21:41:37.664: iteration 7 finished in 68.442939 seconds
2020-11-11 21:41:37.788: epoch 7:	0.07702973  	0.04316181  	0.39472485  	0.44504184  	0.33679360  	0.34907365  	0.28077772  	0.28349891  	0.38776141  	0.39134058  
2020-11-11 21:42:46.046: iteration 8 finished in 68.257436 seconds
2020-11-11 21:42:46.166: epoch 8:	0.07686109  	0.04318055  	0.39431712  	0.44494960  	0.32631266  	0.33839962  	0.26699340  	0.26952162  	0.37395051  	0.37724996  
2020-11-11 21:43:54.828: iteration 9 finished in 68.662352 seconds
2020-11-11 21:43:54.954: epoch 9:	0.07650508  	0.04316181  	0.39284793  	0.44553006  	0.32582319  	0.33819816  	0.26674855  	0.26924318  	0.37425897  	0.37750867  
2020-11-11 21:45:03.886: iteration 10 finished in 68.932630 seconds
2020-11-11 21:45:04.012: epoch 10:	0.07656129  	0.04221554  	0.39366955  	0.42688242  	0.32418177  	0.33206469  	0.26451454  	0.26597759  	0.37198931  	0.37421069  
2020-11-11 21:46:12.721: iteration 11 finished in 68.708230 seconds
2020-11-11 21:46:12.844: epoch 11:	0.07650507  	0.04226238  	0.39321449  	0.42795122  	0.32269260  	0.33094043  	0.26255164  	0.26412702  	0.37048677  	0.37277377  
2020-11-11 21:47:21.815: iteration 12 finished in 68.970528 seconds
2020-11-11 21:47:22.102: epoch 12:	0.07643012  	0.04227175  	0.39285758  	0.42747396  	0.32087302  	0.32914299  	0.26065245  	0.26225075  	0.36808115  	0.37037346  
2020-11-11 21:48:30.779: iteration 13 finished in 68.676315 seconds
2020-11-11 21:48:30.903: epoch 13:	0.07648633  	0.04225301  	0.39328411  	0.42732719  	0.31984466  	0.32794887  	0.25953385  	0.26106074  	0.36673900  	0.36899644  
2020-11-11 21:49:39.572: iteration 14 finished in 68.668336 seconds
2020-11-11 21:49:39.694: epoch 14:	0.07654255  	0.04222491  	0.39379936  	0.42670241  	0.31965166  	0.32745406  	0.25927290  	0.26072454  	0.36629787  	0.36845547  
2020-11-11 21:50:48.593: iteration 15 finished in 68.899718 seconds
2020-11-11 21:50:48.717: epoch 15:	0.07459380  	0.04223427  	0.37501550  	0.42681679  	0.31415728  	0.32685176  	0.25736028  	0.26020616  	0.36430064  	0.36782509  
2020-11-11 21:51:57.198: iteration 16 finished in 68.480838 seconds
2020-11-11 21:51:57.320: epoch 16:	0.07453759  	0.04222490  	0.37467200  	0.42663562  	0.31363404  	0.32627615  	0.25688651  	0.25967321  	0.36336526  	0.36680040  
2020-11-11 21:53:05.854: iteration 17 finished in 68.533697 seconds
2020-11-11 21:53:05.980: epoch 17:	0.07450011  	0.04227175  	0.37456489  	0.42761412  	0.31334028  	0.32624775  	0.25657976  	0.25942552  	0.36284873  	0.36635330  
2020-11-11 21:54:14.465: iteration 18 finished in 68.484826 seconds
2020-11-11 21:54:14.586: epoch 18:	0.07446264  	0.04228112  	0.37434408  	0.42761412  	0.31306499  	0.32595673  	0.25626442  	0.25907972  	0.36265314  	0.36608115  
2020-11-11 21:55:23.215: iteration 19 finished in 68.626252 seconds
2020-11-11 21:55:23.342: epoch 19:	0.07446264  	0.04226238  	0.37434307  	0.42753601  	0.31237492  	0.32506976  	0.25530225  	0.25799304  	0.36179912  	0.36506665  
2020-11-11 21:56:31.777: iteration 20 finished in 68.434956 seconds
2020-11-11 21:56:31.899: epoch 20:	0.07448138  	0.04227175  	0.37431180  	0.42772341  	0.31236658  	0.32510340  	0.25530979  	0.25801316  	0.36174017  	0.36501640  
2020-11-11 21:57:40.421: iteration 21 finished in 68.520731 seconds
2020-11-11 21:57:40.545: epoch 21:	0.07446264  	0.04137233  	0.37437427  	0.41006270  	0.31203738  	0.32059857  	0.25489196  	0.25662002  	0.36123377  	0.36350894  
2020-11-11 21:58:48.789: iteration 22 finished in 68.243473 seconds
2020-11-11 21:58:48.914: epoch 22:	0.07438770  	0.04138169  	0.37387165  	0.41060001  	0.31173068  	0.32056701  	0.25463635  	0.25644657  	0.36098006  	0.36332449  
2020-11-11 21:59:57.459: iteration 23 finished in 68.543670 seconds
2020-11-11 21:59:57.583: epoch 23:	0.07438769  	0.04139106  	0.37396535  	0.41083661  	0.31158069  	0.32045478  	0.25441733  	0.25623509  	0.36072385  	0.36308134  
2020-11-11 22:01:05.568: iteration 24 finished in 67.984167 seconds
2020-11-11 22:01:05.690: epoch 24:	0.07444390  	0.04141916  	0.37417683  	0.41073662  	0.31150234  	0.32030001  	0.25428715  	0.25607878  	0.36044261  	0.36277679  
2020-11-11 22:02:13.987: iteration 25 finished in 68.297024 seconds
2020-11-11 22:02:14.111: epoch 25:	0.07438768  	0.04143790  	0.37392700  	0.41083029  	0.31165153  	0.32057264  	0.25453150  	0.25637227  	0.36089793  	0.36325160  
2020-11-11 22:03:22.073: iteration 26 finished in 67.961228 seconds
2020-11-11 22:03:22.193: epoch 26:	0.07448138  	0.04148474  	0.37448913  	0.41130280  	0.31181967  	0.32068047  	0.25457639  	0.25637865  	0.36095840  	0.36327559  
2020-11-11 22:04:30.281: iteration 27 finished in 68.086892 seconds
2020-11-11 22:04:30.407: epoch 27:	0.07453759  	0.04149411  	0.37458056  	0.41149017  	0.31185329  	0.32071850  	0.25457981  	0.25637919  	0.36097610  	0.36329478  
2020-11-11 22:05:38.223: iteration 28 finished in 67.816614 seconds
2020-11-11 22:05:38.348: epoch 28:	0.07450011  	0.04146601  	0.37446606  	0.41086560  	0.31169009  	0.32045215  	0.25442055  	0.25621584  	0.36075088  	0.36302933  
2020-11-11 22:06:46.451: iteration 29 finished in 68.101852 seconds
2020-11-11 22:06:46.579: epoch 29:	0.07461254  	0.04147537  	0.37462223  	0.41095930  	0.31191289  	0.32061359  	0.25465164  	0.25637993  	0.36106211  	0.36334923  
2020-11-11 22:07:54.624: iteration 30 finished in 68.044007 seconds
2020-11-11 22:07:54.751: epoch 30:	0.07461254  	0.04147537  	0.37474716  	0.41078529  	0.31189460  	0.32053372  	0.25458640  	0.25630704  	0.36103427  	0.36329618  
2020-11-11 22:09:02.872: iteration 31 finished in 68.120801 seconds
2020-11-11 22:09:02.999: epoch 31:	0.07455632  	0.04150348  	0.37444738  	0.41134745  	0.31159815  	0.32046005  	0.25433713  	0.25611895  	0.36077541  	0.36309913  
2020-11-11 22:10:10.987: iteration 32 finished in 67.988156 seconds
2020-11-11 22:10:11.117: epoch 32:	0.07455633  	0.04151285  	0.37432244  	0.41121209  	0.31151557  	0.32039160  	0.25426897  	0.25606725  	0.36068594  	0.36302164  
2020-11-11 22:11:19.413: iteration 33 finished in 68.295334 seconds
2020-11-11 22:11:19.555: epoch 33:	0.07451885  	0.04155033  	0.37380600  	0.41186789  	0.31104702  	0.32021037  	0.25379890  	0.25566635  	0.36014187  	0.36256111  
2020-11-11 22:12:28.235: iteration 34 finished in 68.678310 seconds
2020-11-11 22:12:28.363: epoch 34:	0.07453759  	0.04154096  	0.37386844  	0.41172737  	0.31113687  	0.32024172  	0.25388819  	0.25574818  	0.36023486  	0.36262590  
2020-11-11 22:13:36.476: iteration 35 finished in 68.111825 seconds
2020-11-11 22:13:36.601: epoch 35:	0.07453759  	0.04155033  	0.37386844  	0.41191474  	0.31102708  	0.32018608  	0.25375536  	0.25563362  	0.36001334  	0.36242238  
2020-11-11 22:14:44.912: iteration 36 finished in 68.310294 seconds
2020-11-11 22:14:45.049: epoch 36:	0.07450011  	0.04154096  	0.37368107  	0.41189596  	0.31100976  	0.32022288  	0.25378850  	0.25567713  	0.36008641  	0.36252469  
2020-11-11 22:15:53.263: iteration 37 finished in 68.213552 seconds
2020-11-11 22:15:53.391: epoch 37:	0.07450011  	0.04157844  	0.37368107  	0.41227698  	0.31098443  	0.32030284  	0.25376967  	0.25568128  	0.35999814  	0.36246714  
2020-11-11 22:17:01.553: iteration 38 finished in 68.160694 seconds
2020-11-11 22:17:01.673: epoch 38:	0.07450012  	0.04156907  	0.37371227  	0.41226354  	0.31091860  	0.32022670  	0.25368538  	0.25560603  	0.35981730  	0.36227563  
2020-11-11 22:18:09.936: iteration 39 finished in 68.262422 seconds
2020-11-11 22:18:10.062: epoch 39:	0.07448138  	0.04156907  	0.37361860  	0.41226354  	0.31082886  	0.32016557  	0.25360683  	0.25553450  	0.35974243  	0.36221305  
2020-11-11 22:19:18.416: iteration 40 finished in 68.354177 seconds
2020-11-11 22:19:18.542: epoch 40:	0.07444391  	0.04157844  	0.37354991  	0.41245091  	0.31078073  	0.32020190  	0.25356826  	0.25553527  	0.35971725  	0.36220077  
2020-11-11 22:20:26.742: iteration 41 finished in 68.199589 seconds
2020-11-11 22:20:26.864: epoch 41:	0.07446265  	0.04156907  	0.37364361  	0.41226354  	0.31075704  	0.32011485  	0.25353459  	0.25549155  	0.35950395  	0.36197296  
2020-11-11 22:21:35.215: iteration 42 finished in 68.351185 seconds
2020-11-11 22:21:35.343: epoch 42:	0.07446265  	0.04157844  	0.37356329  	0.41247100  	0.31070128  	0.32013017  	0.25346622  	0.25544032  	0.35945624  	0.36195418  
2020-11-11 22:22:43.576: iteration 43 finished in 68.231505 seconds
2020-11-11 22:22:43.703: epoch 43:	0.07448140  	0.04158781  	0.37386119  	0.41265836  	0.31099075  	0.32038271  	0.25375304  	0.25571966  	0.35981748  	0.36227408  
2020-11-11 22:23:52.139: iteration 44 finished in 68.435958 seconds
2020-11-11 22:23:52.260: epoch 44:	0.07451887  	0.04158781  	0.37417969  	0.41253343  	0.31114921  	0.32042223  	0.25388223  	0.25579935  	0.35996264  	0.36238742  
2020-11-11 22:25:00.302: iteration 45 finished in 68.041015 seconds
2020-11-11 22:25:00.429: epoch 45:	0.07451887  	0.04159718  	0.37417969  	0.41254687  	0.31118530  	0.32048222  	0.25394803  	0.25588191  	0.35995460  	0.36239192  
2020-11-11 22:26:08.517: iteration 46 finished in 68.085895 seconds
2020-11-11 22:26:08.643: epoch 46:	0.07453761  	0.04159717  	0.37436706  	0.41246492  	0.31159541  	0.32082683  	0.25444037  	0.25636360  	0.36046913  	0.36288387  
2020-11-11 22:27:16.669: iteration 47 finished in 68.025057 seconds
2020-11-11 22:27:17.139: epoch 47:	0.07450013  	0.04160654  	0.37408602  	0.41255859  	0.31155300  	0.32089409  	0.25445572  	0.25641379  	0.36054489  	0.36299014  
2020-11-11 22:28:25.240: iteration 48 finished in 68.096835 seconds
2020-11-11 22:28:25.368: epoch 48:	0.07448139  	0.04161591  	0.37389866  	0.41274595  	0.31156462  	0.32100144  	0.25451639  	0.25650164  	0.36063603  	0.36310732  
2020-11-11 22:29:33.347: iteration 49 finished in 67.979180 seconds
2020-11-11 22:29:33.471: epoch 49:	0.07450014  	0.04162528  	0.37399229  	0.41293332  	0.31161910  	0.32107309  	0.25454018  	0.25653327  	0.36076611  	0.36323377  
2020-11-11 22:30:41.478: iteration 50 finished in 68.006107 seconds
2020-11-11 22:30:41.601: epoch 50:	0.07450014  	0.04162528  	0.37399229  	0.41283965  	0.31157738  	0.32101136  	0.25451300  	0.25649872  	0.36062872  	0.36309406  
