2021-11-07 01:35:54.784: Dataset name: u1
The number of users: 3825
The number of items: 3825
The number of ratings: 38323
Average actions of users: 10.02
Average actions of items: 10.02
The sparsity of the dataset: 99.738063%
2021-11-07 01:35:54.878: 

NeuRec hyperparameters:
recommender=WRMF
config_dir=./conf
gpu_id=0
gpu_mem=0.5
data.input.path=D:\hsyoo\Workingon_210628/_Data/ciaodvd/5-noniid-in/u1/
data.input.dataset=u1
data.output.path=D:\hsyoo\Workingon_210628/_Emb/ciaodvd/5-noniid-in/wrmf/u1_wrmf_directed_dim16_uniform_send.emb
data.column.format=UI
data.convert.separator='\t'
user_min=0
item_min=0
splitter=given
ratio=0.8
by_time=False
metric=["Precision", "Recall", "NDCG", "MAP", "MRR"]
topk=[10, 20]
group_view=None
rec.evaluate.neg=0
test_batch_size=128
num_thread=8
data.index.remap=False

WRMF's hyperparameters:
epochs=50
embedding_size=16
reg_mf=0.1
alpha=10
init_method=uniform
stddev=0.01
verbose=1
weight=uniform

2021-11-07 01:38:23.892: metrics:	Precision@10	Precision@20	Recall@10   	Recall@20   	NDCG@10     	NDCG@20     	MAP@10      	MAP@20      	MRR@10      	MRR@20      
2021-11-07 01:38:31.031: iteration 1 finished in 7.138946 seconds
2021-11-07 01:38:33.453: epoch 1:	0.01232180  	0.01094706  	0.02034315  	0.03476354  	0.01794957  	0.02279864  	0.00797604  	0.00836437  	0.03687607  	0.04173873  
2021-11-07 01:38:42.366: iteration 2 finished in 8.913751 seconds
2021-11-07 01:38:42.741: epoch 2:	0.02790229  	0.02316697  	0.04534332  	0.07039081  	0.03852049  	0.04718432  	0.01643688  	0.01756981  	0.07387297  	0.08024082  
2021-11-07 01:38:52.288: iteration 3 finished in 9.546367 seconds
2021-11-07 01:38:52.506: epoch 3:	0.03136463  	0.02668019  	0.04913459  	0.08094186  	0.04446382  	0.05536432  	0.01931263  	0.02092982  	0.08954675  	0.09626638  
2021-11-07 01:39:03.382: iteration 4 finished in 10.875439 seconds
2021-11-07 01:39:06.101: epoch 4:	0.03238295  	0.02749484  	0.05168984  	0.08310624  	0.04685776  	0.05748358  	0.02088374  	0.02202690  	0.09379221  	0.10128647  
2021-11-07 01:39:13.101: iteration 5 finished in 6.999897 seconds
2021-11-07 01:39:13.133: epoch 5:	0.03187378  	0.02774942  	0.04974917  	0.08321979  	0.04639633  	0.05794813  	0.02069690  	0.02213958  	0.09460327  	0.10230806  
2021-11-07 01:39:20.933: iteration 6 finished in 7.800424 seconds
2021-11-07 01:39:21.448: epoch 6:	0.03268845  	0.02836041  	0.05083076  	0.08584408  	0.04751777  	0.05939448  	0.02155319  	0.02286546  	0.09593843  	0.10429356  
2021-11-07 01:39:27.887: iteration 7 finished in 6.438422 seconds
2021-11-07 01:39:28.559: epoch 7:	0.03279028  	0.02846225  	0.04982061  	0.08631578  	0.04674738  	0.05925192  	0.02110672  	0.02274501  	0.09352389  	0.10208508  
2021-11-07 01:39:35.061: iteration 8 finished in 6.502614 seconds
2021-11-07 01:39:36.920: epoch 8:	0.03380859  	0.02836042  	0.05066954  	0.08465738  	0.04679244  	0.05840185  	0.02087108  	0.02245080  	0.09126703  	0.09914780  
2021-11-07 01:39:44.709: iteration 9 finished in 7.788505 seconds
2021-11-07 01:39:44.771: epoch 9:	0.03472508  	0.02856409  	0.05071011  	0.08618180  	0.04680775  	0.05834576  	0.02033023  	0.02192654  	0.09137172  	0.09877869  
2021-11-07 01:39:51.952: iteration 10 finished in 7.181078 seconds
2021-11-07 01:39:53.702: epoch 10:	0.03523424  	0.02871683  	0.05341269  	0.08461016  	0.04739431  	0.05778521  	0.02036916  	0.02163761  	0.09049158  	0.09751762  
2021-11-07 01:40:00.626: iteration 11 finished in 6.923840 seconds
2021-11-07 01:40:04.297: epoch 11:	0.03462325  	0.02912416  	0.05274254  	0.08629405  	0.04678704  	0.05820576  	0.02012357  	0.02155452  	0.08892732  	0.09659515  
2021-11-07 01:40:11.283: iteration 12 finished in 6.985932 seconds
2021-11-07 01:40:11.595: epoch 12:	0.03482691  	0.02937874  	0.05310476  	0.08768188  	0.04697859  	0.05862155  	0.02017853  	0.02169999  	0.08908654  	0.09664583  
2021-11-07 01:40:18.205: iteration 13 finished in 6.610083 seconds
2021-11-07 01:40:21.954: epoch 13:	0.03462324  	0.02902233  	0.05299116  	0.08532911  	0.04688258  	0.05803163  	0.02013775  	0.02163821  	0.08963124  	0.09700895  
2021-11-07 01:40:31.548: iteration 14 finished in 9.593833 seconds
2021-11-07 01:40:36.112: epoch 14:	0.03441958  	0.02912416  	0.05256181  	0.08660682  	0.04676321  	0.05842679  	0.02014905  	0.02167409  	0.08980217  	0.09765554  
2021-11-07 01:40:45.284: iteration 15 finished in 9.172443 seconds
2021-11-07 01:40:46.594: epoch 15:	0.03411409  	0.02907325  	0.05217966  	0.08627521  	0.04665703  	0.05847107  	0.02016965  	0.02174618  	0.09036628  	0.09825314  
2021-11-07 01:40:55.954: iteration 16 finished in 9.343725 seconds
2021-11-07 01:40:57.172: epoch 16:	0.03329943  	0.02886958  	0.05249224  	0.08552499  	0.04635271  	0.05821603  	0.02009508  	0.02165920  	0.08997552  	0.09800318  
2021-11-07 01:41:04.001: iteration 17 finished in 6.829055 seconds
2021-11-07 01:41:07.625: epoch 17:	0.03329943  	0.02892050  	0.05231320  	0.08545196  	0.04618841  	0.05808255  	0.01996604  	0.02152978  	0.08957385  	0.09767760  
2021-11-07 01:41:14.782: iteration 18 finished in 7.156345 seconds
2021-11-07 01:41:16.845: epoch 18:	0.03340127  	0.02881866  	0.05236498  	0.08539894  	0.04621449  	0.05800968  	0.01992632  	0.02144245  	0.08968860  	0.09768184  
2021-11-07 01:41:22.955: iteration 19 finished in 6.109332 seconds
2021-11-07 01:41:23.017: epoch 19:	0.03340127  	0.02886958  	0.05229426  	0.08566137  	0.04621306  	0.05809711  	0.01995830  	0.02146124  	0.08975650  	0.09791400  
2021-11-07 01:41:30.017: iteration 20 finished in 7.000323 seconds
2021-11-07 01:41:30.080: epoch 20:	0.03289211  	0.02892050  	0.05206959  	0.08580639  	0.04615941  	0.05832389  	0.02009785  	0.02161207  	0.08994401  	0.09850945  
2021-11-07 01:41:37.315: iteration 21 finished in 7.235209 seconds
2021-11-07 01:41:40.624: epoch 21:	0.03289211  	0.02897142  	0.05161855  	0.08576521  	0.04631401  	0.05852812  	0.02025952  	0.02175524  	0.09086897  	0.09935018  
2021-11-07 01:41:47.295: iteration 22 finished in 6.670417 seconds
2021-11-07 01:41:47.389: epoch 22:	0.03279028  	0.02886959  	0.05183673  	0.08567813  	0.04634717  	0.05845152  	0.02026188  	0.02174155  	0.09096676  	0.09928370  
2021-11-07 01:41:55.435: iteration 23 finished in 8.046508 seconds
2021-11-07 01:41:55.732: epoch 23:	0.03289211  	0.02948059  	0.05204885  	0.08792302  	0.04629580  	0.05916537  	0.02013291  	0.02182248  	0.09036426  	0.09866551  
2021-11-07 01:42:03.028: iteration 24 finished in 7.296560 seconds
2021-11-07 01:42:06.326: epoch 24:	0.03360493  	0.02937875  	0.05281748  	0.08738476  	0.04718554  	0.05937752  	0.02065706  	0.02218461  	0.09178063  	0.09969870  
2021-11-07 01:42:16.577: iteration 25 finished in 10.251328 seconds
2021-11-07 01:42:20.312: epoch 25:	0.03350310  	0.02942966  	0.05272783  	0.08728689  	0.04700604  	0.05929408  	0.02047821  	0.02205285  	0.09173132  	0.09967519  
2021-11-07 01:42:29.702: iteration 26 finished in 9.390199 seconds
2021-11-07 01:42:30.548: epoch 26:	0.03380860  	0.02932783  	0.05350573  	0.08719754  	0.04747681  	0.05935072  	0.02063998  	0.02212848  	0.09285311  	0.10044025  
2021-11-07 01:42:39.297: iteration 27 finished in 8.749550 seconds
2021-11-07 01:42:46.002: epoch 27:	0.03411409  	0.02973516  	0.05443212  	0.08782420  	0.04768008  	0.05955781  	0.02062960  	0.02210171  	0.09227159  	0.09987382  
2021-11-07 01:42:53.853: iteration 28 finished in 7.850427 seconds
2021-11-07 01:42:53.884: epoch 28:	0.03401226  	0.02978607  	0.05408250  	0.08797836  	0.04751020  	0.05961482  	0.02057144  	0.02206111  	0.09196164  	0.09994487  
2021-11-07 01:43:00.980: iteration 29 finished in 7.095725 seconds
2021-11-07 01:43:01.620: epoch 29:	0.03391043  	0.02988791  	0.05407761  	0.08841934  	0.04741200  	0.05976889  	0.02051934  	0.02211793  	0.09186263  	0.09986809  
2021-11-07 01:43:08.042: iteration 30 finished in 6.421782 seconds
2021-11-07 01:43:09.026: epoch 30:	0.03401226  	0.02988790  	0.05408262  	0.08965117  	0.04725662  	0.05985675  	0.02022799  	0.02192680  	0.09203480  	0.10001802  
2021-11-07 01:43:15.715: iteration 31 finished in 6.689097 seconds
2021-11-07 01:43:16.340: epoch 31:	0.03391043  	0.02978607  	0.05360781  	0.08946872  	0.04715518  	0.05983725  	0.02021971  	0.02195701  	0.09218997  	0.10033993  
2021-11-07 01:43:23.387: iteration 32 finished in 7.046976 seconds
2021-11-07 01:43:23.434: epoch 32:	0.03401226  	0.02988790  	0.05437917  	0.08948024  	0.04749585  	0.05999907  	0.02040453  	0.02207180  	0.09275936  	0.10083757  
2021-11-07 01:43:30.436: iteration 33 finished in 7.001523 seconds
2021-11-07 01:43:31.795: epoch 33:	0.03421592  	0.02983698  	0.05476711  	0.08970745  	0.04755050  	0.05994914  	0.02044810  	0.02210003  	0.09182508  	0.09981862  
2021-11-07 01:43:37.982: iteration 34 finished in 6.187686 seconds
2021-11-07 01:43:38.810: epoch 34:	0.03380860  	0.02978607  	0.05358820  	0.08984908  	0.04709183  	0.05999857  	0.02033354  	0.02214482  	0.09153779  	0.09979700  
2021-11-07 01:43:45.984: iteration 35 finished in 7.173527 seconds
2021-11-07 01:43:47.202: epoch 35:	0.03360493  	0.02968424  	0.05327351  	0.08973025  	0.04691239  	0.05992455  	0.02028617  	0.02213917  	0.09127188  	0.09960175  
2021-11-07 01:43:56.688: iteration 36 finished in 9.438850 seconds
2021-11-07 01:43:57.860: epoch 36:	0.03329944  	0.02963332  	0.05283648  	0.08964632  	0.04673956  	0.05997387  	0.02031015  	0.02221545  	0.09126379  	0.09979662  
2021-11-07 01:44:07.002: iteration 37 finished in 9.142562 seconds
2021-11-07 01:44:08.783: epoch 37:	0.03350310  	0.02973516  	0.05327775  	0.09005240  	0.04667412  	0.05988037  	0.02009286  	0.02200322  	0.09075462  	0.09928704  
2021-11-07 01:44:18.111: iteration 38 finished in 9.328492 seconds
2021-11-07 01:44:21.079: epoch 38:	0.03319761  	0.02973516  	0.05306439  	0.09009311  	0.04649030  	0.05989855  	0.02001931  	0.02199555  	0.09076433  	0.09936500  
2021-11-07 01:44:30.348: iteration 39 finished in 9.268172 seconds
2021-11-07 01:44:31.488: epoch 39:	0.03319761  	0.02988791  	0.05309756  	0.09061604  	0.04647627  	0.06009405  	0.01999271  	0.02201085  	0.09062289  	0.09935421  
2021-11-07 01:44:39.363: iteration 40 finished in 7.875076 seconds
2021-11-07 01:44:39.426: epoch 40:	0.03299395  	0.02998973  	0.05263871  	0.09077293  	0.04622098  	0.06014781  	0.01990916  	0.02197661  	0.09031416  	0.09943359  
2021-11-07 01:44:45.553: iteration 41 finished in 6.127208 seconds
2021-11-07 01:44:46.584: epoch 41:	0.03289212  	0.03019340  	0.05155326  	0.09117948  	0.04598213  	0.06043736  	0.01983801  	0.02208878  	0.09070452  	0.09997011  
2021-11-07 01:44:53.105: iteration 42 finished in 6.521115 seconds
2021-11-07 01:44:54.480: epoch 42:	0.03319760  	0.03029523  	0.05158092  	0.09136550  	0.04647077  	0.06084173  	0.02022737  	0.02243284  	0.09168771  	0.10087557  
2021-11-07 01:45:01.607: iteration 43 finished in 7.127325 seconds
2021-11-07 01:45:01.654: epoch 43:	0.03289211  	0.03019340  	0.05150269  	0.09107652  	0.04634542  	0.06072901  	0.02022753  	0.02242308  	0.09146222  	0.10085750  
2021-11-07 01:45:08.778: iteration 44 finished in 7.124702 seconds
2021-11-07 01:45:09.372: epoch 44:	0.03268845  	0.03019340  	0.05065408  	0.09074777  	0.04584313  	0.06043921  	0.02001643  	0.02222811  	0.09035336  	0.10001159  
2021-11-07 01:45:15.842: iteration 45 finished in 6.470016 seconds
2021-11-07 01:45:16.764: epoch 45:	0.03279028  	0.03024432  	0.05075248  	0.09097206  	0.04586042  	0.06048064  	0.01998173  	0.02220690  	0.09037964  	0.09991461  
2021-11-07 01:45:24.436: iteration 46 finished in 7.671748 seconds
2021-11-07 01:45:25.718: epoch 46:	0.03268845  	0.03039706  	0.05072213  	0.09124685  	0.04565232  	0.06047211  	0.01985116  	0.02210420  	0.08973025  	0.09947699  
2021-11-07 01:45:32.843: iteration 47 finished in 7.124907 seconds
2021-11-07 01:45:33.093: epoch 47:	0.03299394  	0.03060073  	0.05092460  	0.09140809  	0.04582501  	0.06058764  	0.01991610  	0.02210718  	0.08980621  	0.09954179  
2021-11-07 01:45:41.719: iteration 48 finished in 8.626061 seconds
2021-11-07 01:45:43.219: epoch 48:	0.03309577  	0.03075348  	0.05097393  	0.09179279  	0.04576364  	0.06063271  	0.01978389  	0.02198011  	0.08966275  	0.09941321  
2021-11-07 01:45:52.986: iteration 49 finished in 9.673902 seconds
2021-11-07 01:45:58.313: epoch 49:	0.03309577  	0.03075348  	0.05115435  	0.09176683  	0.04572577  	0.06055924  	0.01970947  	0.02193030  	0.08937544  	0.09893888  
2021-11-07 01:46:08.204: iteration 50 finished in 9.890680 seconds
2021-11-07 01:46:08.751: epoch 50:	0.03319760  	0.03085531  	0.05126750  	0.09197810  	0.04576783  	0.06064539  	0.01969630  	0.02192885  	0.08947001  	0.09905064  
