2021-11-07 03:51:30.595: Dataset name: u1
The number of users: 27188
The number of items: 27188
The number of ratings: 83129
Average actions of users: 3.06
Average actions of items: 3.06
The sparsity of the dataset: 99.988754%
2021-11-07 03:51:30.595: 

NeuRec hyperparameters:
recommender=WRMF
config_dir=./conf
gpu_id=0
gpu_mem=0.5
data.input.path=D:\hsyoo\Workingon_210628/_Data/digg/5-noniid-in-barrier/u1/
data.input.dataset=u1
data.output.path=D:\hsyoo\Workingon_210628/_Emb/digg/5-noniid-in-barrier/wrmf/u1_wrmf_directed_dim16_uniform_send.emb
data.column.format=UI
data.convert.separator='\t'
user_min=0
item_min=0
splitter=given
ratio=0.8
by_time=False
metric=["Precision", "Recall", "NDCG", "MAP", "MRR"]
topk=[10, 20]
group_view=None
rec.evaluate.neg=0
test_batch_size=128
num_thread=8
data.index.remap=False

WRMF's hyperparameters:
epochs=50
embedding_size=16
reg_mf=0.1
alpha=10
init_method=uniform
stddev=0.01
verbose=1
weight=uniform

2021-11-07 05:36:58.095: metrics:	Precision@10	Precision@20	Recall@10   	Recall@20   	NDCG@10     	NDCG@20     	MAP@10      	MAP@20      	MRR@10      	MRR@20      
2021-11-07 05:44:49.744: iteration 1 finished in 471.648799 seconds
2021-11-07 05:45:08.576: epoch 1:	0.00016961  	0.00021201  	0.00078963  	0.00191307  	0.00057273  	0.00090737  	0.00039615  	0.00046601  	0.00067491  	0.00083405  
2021-11-07 05:53:20.144: iteration 2 finished in 491.567459 seconds
2021-11-07 05:53:22.674: epoch 2:	0.00019788  	0.00024735  	0.00111943  	0.00245869  	0.00066936  	0.00105539  	0.00042062  	0.00049872  	0.00076751  	0.00095638  
2021-11-07 06:01:30.034: iteration 3 finished in 487.360163 seconds
2021-11-07 06:01:37.273: epoch 3:	0.00029682  	0.00028269  	0.00135318  	0.00272880  	0.00079924  	0.00117785  	0.00046169  	0.00054409  	0.00094475  	0.00111093  
2021-11-07 06:09:08.966: iteration 4 finished in 451.692982 seconds
2021-11-07 06:09:16.781: epoch 4:	0.00022615  	0.00028269  	0.00097627  	0.00265106  	0.00068188  	0.00117355  	0.00042877  	0.00054270  	0.00091805  	0.00115540  
2021-11-07 06:16:58.245: iteration 5 finished in 461.464373 seconds
2021-11-07 06:17:14.496: epoch 5:	0.00031095  	0.00030389  	0.00132256  	0.00273851  	0.00082267  	0.00123390  	0.00047504  	0.00056902  	0.00100606  	0.00120002  
2021-11-07 06:24:46.046: iteration 6 finished in 451.549563 seconds
2021-11-07 06:24:47.579: epoch 6:	0.00032509  	0.00031802  	0.00140501  	0.00309422  	0.00083421  	0.00131239  	0.00046201  	0.00057874  	0.00098368  	0.00119400  
2021-11-07 06:31:20.652: iteration 7 finished in 393.073872 seconds
2021-11-07 06:31:23.917: epoch 7:	0.00032509  	0.00032509  	0.00153804  	0.00318504  	0.00088424  	0.00136245  	0.00049715  	0.00061000  	0.00097818  	0.00120236  
2021-11-07 06:35:39.778: iteration 8 finished in 255.860850 seconds
2021-11-07 06:35:40.278: epoch 8:	0.00033922  	0.00032509  	0.00163227  	0.00320870  	0.00090874  	0.00136965  	0.00050748  	0.00061550  	0.00096736  	0.00118250  
2021-11-07 06:39:31.567: iteration 9 finished in 231.289483 seconds
2021-11-07 06:39:32.080: epoch 9:	0.00031095  	0.00033922  	0.00144488  	0.00327348  	0.00088588  	0.00143162  	0.00052813  	0.00065824  	0.00105255  	0.00131598  
2021-11-07 06:43:27.155: iteration 10 finished in 235.074793 seconds
2021-11-07 06:43:28.248: epoch 10:	0.00032509  	0.00033922  	0.00171186  	0.00311436  	0.00088244  	0.00132893  	0.00046645  	0.00056667  	0.00091082  	0.00116105  
2021-11-07 06:47:21.023: iteration 11 finished in 232.774343 seconds
2021-11-07 06:47:21.507: epoch 11:	0.00033922  	0.00034629  	0.00181450  	0.00330282  	0.00088384  	0.00134150  	0.00044094  	0.00053966  	0.00088188  	0.00112519  
2021-11-07 06:51:16.189: iteration 12 finished in 234.682496 seconds
2021-11-07 06:51:17.142: epoch 12:	0.00035336  	0.00034629  	0.00184603  	0.00333815  	0.00091266  	0.00136618  	0.00045499  	0.00055522  	0.00093096  	0.00115905  
2021-11-07 06:55:08.562: iteration 13 finished in 231.420261 seconds
2021-11-07 06:55:09.109: epoch 13:	0.00036749  	0.00032509  	0.00200622  	0.00328604  	0.00096441  	0.00134832  	0.00047567  	0.00055816  	0.00095496  	0.00114660  
2021-11-07 06:58:44.703: iteration 14 finished in 215.594295 seconds
2021-11-07 06:58:45.203: epoch 14:	0.00035336  	0.00034629  	0.00186488  	0.00312221  	0.00092901  	0.00133341  	0.00046821  	0.00055339  	0.00094184  	0.00116273  
2021-11-07 07:02:17.787: iteration 15 finished in 212.583595 seconds
2021-11-07 07:02:18.334: epoch 15:	0.00038163  	0.00032509  	0.00202389  	0.00307494  	0.00097497  	0.00130366  	0.00047856  	0.00054442  	0.00097151  	0.00113929  
2021-11-07 07:05:51.549: iteration 16 finished in 213.215361 seconds
2021-11-07 07:05:51.943: epoch 16:	0.00038163  	0.00031095  	0.00202389  	0.00308564  	0.00098206  	0.00129870  	0.00048755  	0.00055186  	0.00097717  	0.00112901  
2021-11-07 07:09:02.323: iteration 17 finished in 190.380321 seconds
2021-11-07 07:09:03.057: epoch 17:	0.00036749  	0.00032509  	0.00188255  	0.00318936  	0.00096103  	0.00134493  	0.00049494  	0.00057715  	0.00099108  	0.00117025  
2021-11-07 07:12:45.202: iteration 18 finished in 222.144262 seconds
2021-11-07 07:12:45.702: epoch 18:	0.00036749  	0.00031095  	0.00190610  	0.00301268  	0.00096936  	0.00130157  	0.00049882  	0.00056851  	0.00100449  	0.00116913  
2021-11-07 07:16:27.845: iteration 19 finished in 222.143655 seconds
2021-11-07 07:16:28.361: epoch 19:	0.00036749  	0.00031095  	0.00190610  	0.00301268  	0.00095475  	0.00128601  	0.00048215  	0.00055099  	0.00098659  	0.00115115  
2021-11-07 07:20:10.467: iteration 20 finished in 222.106351 seconds
2021-11-07 07:20:10.983: epoch 20:	0.00033922  	0.00032509  	0.00169409  	0.00329536  	0.00088687  	0.00134488  	0.00045865  	0.00055999  	0.00095788  	0.00116015  
2021-11-07 07:23:52.863: iteration 21 finished in 221.880295 seconds
2021-11-07 07:23:53.378: epoch 21:	0.00033922  	0.00031095  	0.00175389  	0.00314998  	0.00091615  	0.00132080  	0.00048387  	0.00057212  	0.00096853  	0.00115364  
2021-11-07 07:27:35.798: iteration 22 finished in 222.419763 seconds
2021-11-07 07:27:36.345: epoch 22:	0.00035336  	0.00031095  	0.00177745  	0.00317247  	0.00091183  	0.00131399  	0.00046971  	0.00055977  	0.00094677  	0.00112177  
2021-11-07 07:31:18.462: iteration 23 finished in 222.116857 seconds
2021-11-07 07:31:18.977: epoch 23:	0.00036749  	0.00031095  	0.00184812  	0.00314998  	0.00093741  	0.00130681  	0.00047705  	0.00055797  	0.00096405  	0.00112301  
2021-11-07 07:35:00.941: iteration 24 finished in 221.964124 seconds
2021-11-07 07:35:01.457: epoch 24:	0.00036749  	0.00030389  	0.00184812  	0.00299686  	0.00089245  	0.00122929  	0.00042657  	0.00050147  	0.00087274  	0.00102654  
2021-11-07 07:38:49.253: iteration 25 finished in 227.796360 seconds
2021-11-07 07:38:49.784: epoch 25:	0.00036749  	0.00031095  	0.00191879  	0.00302631  	0.00090300  	0.00124292  	0.00043036  	0.00050666  	0.00085148  	0.00101868  
2021-11-07 07:42:31.377: iteration 26 finished in 221.593220 seconds
2021-11-07 07:42:31.877: epoch 26:	0.00038163  	0.00031802  	0.00206013  	0.00302631  	0.00091885  	0.00122693  	0.00042101  	0.00048460  	0.00079359  	0.00095509  
2021-11-07 07:46:13.577: iteration 27 finished in 221.699652 seconds
2021-11-07 07:46:14.108: epoch 27:	0.00033922  	0.00031802  	0.00192468  	0.00301873  	0.00086228  	0.00121712  	0.00040439  	0.00047764  	0.00074805  	0.00094091  
2021-11-07 07:49:54.752: iteration 28 finished in 220.644420 seconds
2021-11-07 07:49:55.280: epoch 28:	0.00032509  	0.00031802  	0.00178334  	0.00315901  	0.00081442  	0.00123831  	0.00038201  	0.00047586  	0.00072466  	0.00093116  
2021-11-07 07:53:37.027: iteration 29 finished in 221.746554 seconds
2021-11-07 07:53:37.542: epoch 29:	0.00032509  	0.00030389  	0.00178334  	0.00313804  	0.00081876  	0.00123243  	0.00038548  	0.00047957  	0.00073661  	0.00093003  
2021-11-07 07:57:17.606: iteration 30 finished in 220.063154 seconds
2021-11-07 07:57:18.152: epoch 30:	0.00032509  	0.00029682  	0.00178334  	0.00321578  	0.00082273  	0.00124567  	0.00038958  	0.00048788  	0.00073958  	0.00092714  
2021-11-07 08:01:02.708: iteration 31 finished in 224.555560 seconds
2021-11-07 08:01:03.208: epoch 31:	0.00033922  	0.00029682  	0.00183045  	0.00321578  	0.00082275  	0.00122908  	0.00037561  	0.00047123  	0.00071030  	0.00088619  
2021-11-07 08:04:45.333: iteration 32 finished in 222.125115 seconds
2021-11-07 08:04:45.895: epoch 32:	0.00035336  	0.00030389  	0.00190112  	0.00322587  	0.00084814  	0.00123596  	0.00038281  	0.00047212  	0.00071720  	0.00088933  
2021-11-07 08:08:30.107: iteration 33 finished in 224.212237 seconds
2021-11-07 08:08:31.702: epoch 33:	0.00035336  	0.00030389  	0.00191654  	0.00329654  	0.00084287  	0.00123736  	0.00037584  	0.00046649  	0.00068933  	0.00086081  
2021-11-07 08:12:11.249: iteration 34 finished in 219.547094 seconds
2021-11-07 08:12:11.749: epoch 34:	0.00038163  	0.00030389  	0.00212855  	0.00329654  	0.00090751  	0.00123937  	0.00039634  	0.00046846  	0.00071406  	0.00086098  
2021-11-07 08:15:55.048: iteration 35 finished in 223.299122 seconds
2021-11-07 08:15:55.564: epoch 35:	0.00038163  	0.00029682  	0.00212855  	0.00317876  	0.00087998  	0.00118205  	0.00036493  	0.00042971  	0.00066891  	0.00080591  
2021-11-07 08:19:34.950: iteration 36 finished in 219.385802 seconds
2021-11-07 08:19:35.481: epoch 36:	0.00039576  	0.00031802  	0.00216389  	0.00330047  	0.00088858  	0.00121537  	0.00036185  	0.00042988  	0.00067009  	0.00081520  
2021-11-07 08:23:20.531: iteration 37 finished in 225.050072 seconds
2021-11-07 08:23:21.015: epoch 37:	0.00039576  	0.00029682  	0.00216389  	0.00301779  	0.00088323  	0.00113794  	0.00035636  	0.00040997  	0.00066257  	0.00078591  
2021-11-07 08:27:00.348: iteration 38 finished in 219.333173 seconds
2021-11-07 08:27:00.864: epoch 38:	0.00039576  	0.00029682  	0.00216389  	0.00301779  	0.00088972  	0.00114415  	0.00036138  	0.00041487  	0.00068276  	0.00080556  
2021-11-07 08:30:44.360: iteration 39 finished in 223.495711 seconds
2021-11-07 08:30:44.859: epoch 39:	0.00038163  	0.00028975  	0.00202255  	0.00294711  	0.00083870  	0.00111361  	0.00033884  	0.00040235  	0.00064059  	0.00076915  
2021-11-07 08:34:29.931: iteration 40 finished in 225.071380 seconds
2021-11-07 08:34:30.446: epoch 40:	0.00038163  	0.00029682  	0.00202255  	0.00301779  	0.00084171  	0.00114059  	0.00034091  	0.00041127  	0.00064905  	0.00078957  
2021-11-07 08:38:13.835: iteration 41 finished in 223.389128 seconds
2021-11-07 08:38:14.351: epoch 41:	0.00039576  	0.00029682  	0.00216389  	0.00296478  	0.00089222  	0.00113939  	0.00036408  	0.00041814  	0.00068675  	0.00081450  
2021-11-07 08:41:53.750: iteration 42 finished in 219.398798 seconds
2021-11-07 08:41:54.265: epoch 42:	0.00035336  	0.00028975  	0.00210130  	0.00298245  	0.00086287  	0.00114030  	0.00036177  	0.00042138  	0.00065831  	0.00081493  
2021-11-07 08:45:37.207: iteration 43 finished in 222.941292 seconds
2021-11-07 08:45:37.721: epoch 43:	0.00036749  	0.00029682  	0.00211139  	0.00300601  	0.00086989  	0.00114786  	0.00036104  	0.00041989  	0.00067149  	0.00082368  
2021-11-07 08:49:17.847: iteration 44 finished in 220.126221 seconds
2021-11-07 08:49:18.378: epoch 44:	0.00038163  	0.00030389  	0.00225273  	0.00302367  	0.00090886  	0.00115669  	0.00037391  	0.00042150  	0.00067996  	0.00082837  
2021-11-07 08:53:01.022: iteration 45 finished in 222.643959 seconds
2021-11-07 08:53:01.522: epoch 45:	0.00040989  	0.00032509  	0.00229671  	0.00326396  	0.00092948  	0.00121938  	0.00037606  	0.00043306  	0.00071372  	0.00085861  
2021-11-07 08:56:43.405: iteration 46 finished in 221.882942 seconds
2021-11-07 08:56:43.936: epoch 46:	0.00040989  	0.00033216  	0.00229671  	0.00327681  	0.00093151  	0.00122833  	0.00037788  	0.00043575  	0.00071782  	0.00086937  
2021-11-07 09:00:28.397: iteration 47 finished in 224.460643 seconds
2021-11-07 09:00:30.443: epoch 47:	0.00040989  	0.00033216  	0.00229671  	0.00327681  	0.00093705  	0.00123429  	0.00038293  	0.00044097  	0.00072567  	0.00087831  
2021-11-07 09:04:13.299: iteration 48 finished in 222.855680 seconds
2021-11-07 09:04:13.830: epoch 48:	0.00039576  	0.00032509  	0.00215536  	0.00325661  	0.00089808  	0.00122646  	0.00037071  	0.00044092  	0.00071406  	0.00087298  
2021-11-07 09:07:55.795: iteration 49 finished in 221.965604 seconds
2021-11-07 09:07:56.670: epoch 49:	0.00036749  	0.00031802  	0.00201402  	0.00318594  	0.00085361  	0.00121077  	0.00036188  	0.00044126  	0.00069875  	0.00087822  
2021-11-07 09:11:38.303: iteration 50 finished in 221.633222 seconds
2021-11-07 09:11:38.820: epoch 50:	0.00033922  	0.00031802  	0.00191508  	0.00318594  	0.00081250  	0.00120558  	0.00035002  	0.00043730  	0.00066852  	0.00087192  
