2020-08-03 21:20:55.840: Dataset name: u1
The number of users: 2445
The number of items: 5829
The number of ratings: 20336
Average actions of users: 8.32
Average actions of items: 3.49
The sparsity of the dataset: 99.857310%
2020-08-03 21:20:55.840: 

NeuRec hyperparameters:
recommender=WRMF
config_dir=./conf
gpu_id=0
gpu_mem=0.5
data.input.path=C:\Users\HyunsikYoo\Desktop\VNE_directed_networks/_Data/p2p-Gnutella08/5-fold/u1/
data.input.dataset=u1
data.output.path=C:\Users\HyunsikYoo\Desktop\VNE_directed_networks/_Data/p2p-Gnutella08/5-fold/u1/relevance_WRMF_directed_True_user_oriented
data.column.format=UI
data.convert.separator='\t'
user_min=0
item_min=0
splitter=given
ratio=0.8
by_time=False
metric=["Precision", "Recall", "NDCG", "MAP", "MRR"]
topk=[10, 20]
group_view=None
rec.evaluate.neg=0
test_batch_size=128
num_thread=8
data.index.remap=True

WRMF's hyperparameters:
epochs=50
embedding_size=16
reg_mf=0.1
alpha=10
init_method=uniform
stddev=0.01
verbose=1
weight=user_oriented

2020-08-03 21:21:34.640: metrics:	Precision@10	Precision@20	Recall@10   	Recall@20   	NDCG@10     	NDCG@20     	MAP@10      	MAP@20      	MRR@10      	MRR@20      
2020-08-03 21:21:37.158: iteration 1 finished in 2.516269 seconds
2020-08-03 21:21:37.209: epoch 1:	0.00948600  	0.00813085  	0.04953271  	0.08551402  	0.02876885  	0.03960073  	0.01700647  	0.02004306  	0.02937379  	0.03279004  
2020-08-03 21:21:39.915: iteration 2 finished in 2.704785 seconds
2020-08-03 21:21:39.969: epoch 2:	0.01163554  	0.01011682  	0.06074766  	0.10537383  	0.03443561  	0.04800313  	0.01979167  	0.02398620  	0.03450063  	0.03805725  
2020-08-03 21:21:42.687: iteration 3 finished in 2.716745 seconds
2020-08-03 21:21:42.739: epoch 3:	0.01303741  	0.01098130  	0.06822430  	0.11448598  	0.03844476  	0.05238944  	0.02235081  	0.02663871  	0.03769155  	0.04118664  
2020-08-03 21:21:45.456: iteration 4 finished in 2.716733 seconds
2020-08-03 21:21:45.512: epoch 4:	0.01350470  	0.01147195  	0.07056075  	0.11985981  	0.03998443  	0.05479756  	0.02349939  	0.02803062  	0.03894248  	0.04267277  
2020-08-03 21:21:48.025: iteration 5 finished in 2.511282 seconds
2020-08-03 21:21:48.075: epoch 5:	0.01345797  	0.01142522  	0.07056075  	0.11939252  	0.03991248  	0.05482265  	0.02350921  	0.02824301  	0.03864615  	0.04243178  
2020-08-03 21:21:50.531: iteration 6 finished in 2.455432 seconds
2020-08-03 21:21:50.582: epoch 6:	0.01341124  	0.01151868  	0.07032710  	0.12102804  	0.04033320  	0.05574095  	0.02407460  	0.02893278  	0.03952196  	0.04348373  
2020-08-03 21:21:53.288: iteration 7 finished in 2.705730 seconds
2020-08-03 21:21:53.343: epoch 7:	0.01364489  	0.01163550  	0.07149532  	0.12289719  	0.04009399  	0.05561012  	0.02357227  	0.02839872  	0.03827548  	0.04233306  
2020-08-03 21:21:55.835: iteration 8 finished in 2.491335 seconds
2020-08-03 21:21:55.884: epoch 8:	0.01383181  	0.01158877  	0.07242990  	0.12219626  	0.04061780  	0.05566719  	0.02383483  	0.02859957  	0.03895007  	0.04273170  
2020-08-03 21:21:58.390: iteration 9 finished in 2.506296 seconds
2020-08-03 21:21:58.444: epoch 9:	0.01420564  	0.01168223  	0.07429907  	0.12313084  	0.04106655  	0.05573761  	0.02382306  	0.02846914  	0.03894877  	0.04246655  
2020-08-03 21:22:00.879: iteration 10 finished in 2.434462 seconds
2020-08-03 21:22:00.931: epoch 10:	0.01411218  	0.01170560  	0.07383177  	0.12336449  	0.04065001  	0.05557105  	0.02338794  	0.02808971  	0.03861833  	0.04231326  
2020-08-03 21:22:03.642: iteration 11 finished in 2.709765 seconds
2020-08-03 21:22:03.697: epoch 11:	0.01420564  	0.01177569  	0.07453271  	0.12429906  	0.04096135  	0.05590367  	0.02354741  	0.02822024  	0.03884419  	0.04252755  
2020-08-03 21:22:06.345: iteration 12 finished in 2.647923 seconds
2020-08-03 21:22:06.402: epoch 12:	0.01406545  	0.01186915  	0.07336449  	0.12523365  	0.04096421  	0.05652703  	0.02376789  	0.02864503  	0.03952973  	0.04337719  
2020-08-03 21:22:09.051: iteration 13 finished in 2.648928 seconds
2020-08-03 21:22:09.102: epoch 13:	0.01397199  	0.01177569  	0.07313084  	0.12476636  	0.04095643  	0.05649677  	0.02388870  	0.02876717  	0.03962615  	0.04357285  
2020-08-03 21:22:11.808: iteration 14 finished in 2.705788 seconds
2020-08-03 21:22:11.860: epoch 14:	0.01406545  	0.01184578  	0.07359813  	0.12570094  	0.04118205  	0.05679658  	0.02399170  	0.02893823  	0.03989688  	0.04368936  
2020-08-03 21:22:14.534: iteration 15 finished in 2.672821 seconds
2020-08-03 21:22:14.586: epoch 15:	0.01406545  	0.01198597  	0.07406542  	0.12733644  	0.04138095  	0.05733567  	0.02418669  	0.02920232  	0.03987890  	0.04377601  
2020-08-03 21:22:17.293: iteration 16 finished in 2.706780 seconds
2020-08-03 21:22:17.347: epoch 16:	0.01397199  	0.01205606  	0.07359813  	0.12803738  	0.04133634  	0.05762181  	0.02432030  	0.02932937  	0.03997848  	0.04413022  
2020-08-03 21:22:19.807: iteration 17 finished in 2.460177 seconds
2020-08-03 21:22:19.857: epoch 17:	0.01411218  	0.01205606  	0.07429907  	0.12827103  	0.04139527  	0.05747746  	0.02424288  	0.02913829  	0.03955236  	0.04369310  
2020-08-03 21:22:22.327: iteration 18 finished in 2.469662 seconds
2020-08-03 21:22:22.381: epoch 18:	0.01411218  	0.01200933  	0.07429907  	0.12733644  	0.04154529  	0.05744323  	0.02444825  	0.02927453  	0.03979788  	0.04400938  
2020-08-03 21:22:25.094: iteration 19 finished in 2.712799 seconds
2020-08-03 21:22:25.147: epoch 19:	0.01411218  	0.01200933  	0.07429907  	0.12780374  	0.04171992  	0.05771980  	0.02466242  	0.02954511  	0.04010662  	0.04430188  
2020-08-03 21:22:27.869: iteration 20 finished in 2.721926 seconds
2020-08-03 21:22:27.922: epoch 20:	0.01406545  	0.01205606  	0.07406542  	0.12827103  	0.04137808  	0.05762230  	0.02433643  	0.02930092  	0.03958723  	0.04387607  
2020-08-03 21:22:30.531: iteration 21 finished in 2.608566 seconds
2020-08-03 21:22:30.583: epoch 21:	0.01411218  	0.01198597  	0.07453271  	0.12733644  	0.04161262  	0.05750815  	0.02446623  	0.02939826  	0.03990394  	0.04401124  
2020-08-03 21:22:33.096: iteration 22 finished in 2.513239 seconds
2020-08-03 21:22:33.147: epoch 22:	0.01401872  	0.01191587  	0.07406542  	0.12663551  	0.04150594  	0.05735596  	0.02455412  	0.02946962  	0.03982810  	0.04397584  
2020-08-03 21:22:35.679: iteration 23 finished in 2.532201 seconds
2020-08-03 21:22:35.730: epoch 23:	0.01411218  	0.01200933  	0.07429907  	0.12780374  	0.04164162  	0.05769905  	0.02465054  	0.02955876  	0.03987148  	0.04415345  
2020-08-03 21:22:38.245: iteration 24 finished in 2.515244 seconds
2020-08-03 21:22:38.299: epoch 24:	0.01420564  	0.01200933  	0.07500000  	0.12757009  	0.04218688  	0.05798759  	0.02503643  	0.02989024  	0.04070334  	0.04484355  
2020-08-03 21:22:40.798: iteration 25 finished in 2.499282 seconds
2020-08-03 21:22:40.852: epoch 25:	0.01420564  	0.01203269  	0.07523365  	0.12762202  	0.04209914  	0.05787824  	0.02489865  	0.02972242  	0.04043280  	0.04463079  
2020-08-03 21:22:43.294: iteration 26 finished in 2.441470 seconds
2020-08-03 21:22:43.345: epoch 26:	0.01420564  	0.01198596  	0.07500000  	0.12715472  	0.04216391  	0.05785109  	0.02500963  	0.02979001  	0.04058096  	0.04478409  
2020-08-03 21:22:45.940: iteration 27 finished in 2.594027 seconds
2020-08-03 21:22:45.988: epoch 27:	0.01420564  	0.01200933  	0.07500000  	0.12738837  	0.04205412  	0.05783179  	0.02491256  	0.02972374  	0.04026554  	0.04452376  
2020-08-03 21:22:48.639: iteration 28 finished in 2.650909 seconds
2020-08-03 21:22:48.695: epoch 28:	0.01406545  	0.01196260  	0.07429907  	0.12692109  	0.04187024  	0.05774647  	0.02487640  	0.02970809  	0.04030597  	0.04465587  
2020-08-03 21:22:51.393: iteration 29 finished in 2.697783 seconds
2020-08-03 21:22:51.447: epoch 29:	0.01401872  	0.01205606  	0.07383177  	0.12808931  	0.04167904  	0.05799088  	0.02478610  	0.02973489  	0.04007196  	0.04453474  
2020-08-03 21:22:54.153: iteration 30 finished in 2.704765 seconds
2020-08-03 21:22:54.204: epoch 30:	0.01401872  	0.01203269  	0.07406542  	0.12785566  	0.04154306  	0.05773883  	0.02461216  	0.02950487  	0.03968125  	0.04416927  
2020-08-03 21:22:56.865: iteration 31 finished in 2.658908 seconds
2020-08-03 21:22:56.918: epoch 31:	0.01392527  	0.01205606  	0.07359813  	0.12808931  	0.04134824  	0.05775301  	0.02451434  	0.02946860  	0.03958742  	0.04412634  
2020-08-03 21:22:59.630: iteration 32 finished in 2.711721 seconds
2020-08-03 21:22:59.684: epoch 32:	0.01387854  	0.01214951  	0.07336449  	0.12902388  	0.04134158  	0.05807276  	0.02460846  	0.02965155  	0.03962376  	0.04421927  
2020-08-03 21:23:02.398: iteration 33 finished in 2.713780 seconds
2020-08-03 21:23:02.455: epoch 33:	0.01397199  	0.01214951  	0.07383177  	0.12902388  	0.04152208  	0.05808133  	0.02468282  	0.02965597  	0.03970368  	0.04423905  
2020-08-03 21:23:04.962: iteration 34 finished in 2.506295 seconds
2020-08-03 21:23:05.011: epoch 34:	0.01406545  	0.01210279  	0.07429907  	0.12855659  	0.04169071  	0.05796688  	0.02472807  	0.02962843  	0.03974689  	0.04418130  
2020-08-03 21:23:07.497: iteration 35 finished in 2.485352 seconds
2020-08-03 21:23:07.547: epoch 35:	0.01406545  	0.01214951  	0.07429907  	0.12902388  	0.04170170  	0.05812112  	0.02473678  	0.02965776  	0.03977212  	0.04428879  
2020-08-03 21:23:10.040: iteration 36 finished in 2.493302 seconds
2020-08-03 21:23:10.091: epoch 36:	0.01406545  	0.01205606  	0.07429907  	0.12785566  	0.04172982  	0.05784880  	0.02476589  	0.02961603  	0.03984072  	0.04429312  
2020-08-03 21:23:12.526: iteration 37 finished in 2.435484 seconds
2020-08-03 21:23:12.578: epoch 37:	0.01415891  	0.01200933  	0.07500000  	0.12738837  	0.04199638  	0.05777770  	0.02488179  	0.02962402  	0.04009847  	0.04446686  
2020-08-03 21:23:15.285: iteration 38 finished in 2.706774 seconds
2020-08-03 21:23:15.336: epoch 38:	0.01420564  	0.01198597  	0.07546729  	0.12692109  	0.04216859  	0.05772763  	0.02496634  	0.02965819  	0.04018172  	0.04448774  
2020-08-03 21:23:17.965: iteration 39 finished in 2.628941 seconds
2020-08-03 21:23:18.020: epoch 39:	0.01415891  	0.01198597  	0.07523365  	0.12692109  	0.04204282  	0.05767710  	0.02490357  	0.02959859  	0.04005619  	0.04443094  
2020-08-03 21:23:20.518: iteration 40 finished in 2.498290 seconds
2020-08-03 21:23:20.569: epoch 40:	0.01406545  	0.01193924  	0.07453271  	0.12663551  	0.04178133  	0.05754066  	0.02476413  	0.02953175  	0.03992788  	0.04430694  
2020-08-03 21:23:23.061: iteration 41 finished in 2.492332 seconds
2020-08-03 21:23:23.110: epoch 41:	0.01397199  	0.01196260  	0.07406542  	0.12686916  	0.04162043  	0.05760520  	0.02470099  	0.02955472  	0.03987113  	0.04429740  
2020-08-03 21:23:25.598: iteration 42 finished in 2.487375 seconds
2020-08-03 21:23:25.651: epoch 42:	0.01401872  	0.01198597  	0.07429907  	0.12710281  	0.04172279  	0.05769159  	0.02473706  	0.02959102  	0.03996088  	0.04434687  
2020-08-03 21:23:28.368: iteration 43 finished in 2.716733 seconds
2020-08-03 21:23:28.420: epoch 43:	0.01392527  	0.01198597  	0.07383177  	0.12710281  	0.04153642  	0.05764922  	0.02464629  	0.02954970  	0.03987929  	0.04429720  
2020-08-03 21:23:31.132: iteration 44 finished in 2.711747 seconds
2020-08-03 21:23:31.181: epoch 44:	0.01387854  	0.01191587  	0.07359813  	0.12640187  	0.04150734  	0.05750225  	0.02467939  	0.02955464  	0.03990265  	0.04431548  
2020-08-03 21:23:33.890: iteration 45 finished in 2.709810 seconds
2020-08-03 21:23:33.943: epoch 45:	0.01378508  	0.01189251  	0.07313084  	0.12616822  	0.04137732  	0.05745764  	0.02465473  	0.02957341  	0.03996904  	0.04439545  
2020-08-03 21:23:36.645: iteration 46 finished in 2.701747 seconds
2020-08-03 21:23:36.699: epoch 46:	0.01378508  	0.01191587  	0.07313084  	0.12640187  	0.04134201  	0.05749094  	0.02461745  	0.02955071  	0.03991118  	0.04436149  
2020-08-03 21:23:39.267: iteration 47 finished in 2.567133 seconds
2020-08-03 21:23:39.320: epoch 47:	0.01378508  	0.01189251  	0.07313084  	0.12616822  	0.04129667  	0.05738308  	0.02457323  	0.02948692  	0.03983572  	0.04428470  
2020-08-03 21:23:41.973: iteration 48 finished in 2.652947 seconds
2020-08-03 21:23:42.030: epoch 48:	0.01378508  	0.01186914  	0.07313084  	0.12570094  	0.04128734  	0.05726295  	0.02456600  	0.02945526  	0.03982125  	0.04423930  
2020-08-03 21:23:44.719: iteration 49 finished in 2.687829 seconds
2020-08-03 21:23:44.775: epoch 49:	0.01373835  	0.01189251  	0.07289720  	0.12593459  	0.04114735  	0.05725221  	0.02447578  	0.02938569  	0.03970313  	0.04417059  
2020-08-03 21:23:47.478: iteration 50 finished in 2.702797 seconds
2020-08-03 21:23:47.531: epoch 50:	0.01373835  	0.01184578  	0.07289720  	0.12570094  	0.04115031  	0.05715856  	0.02447458  	0.02936694  	0.03971741  	0.04413048  
