2020-08-03 22:43:12.829: Dataset name: u1
The number of users: 5648
The number of items: 2354
The number of ratings: 103224
Average actions of users: 18.28
Average actions of items: 43.85
The sparsity of the dataset: 99.223611%
2020-08-03 22:43:12.830: 

NeuRec hyperparameters:
recommender=WRMF
config_dir=./conf
gpu_id=0
gpu_mem=0.5
data.input.path=C:\Users\HyunsikYoo\Desktop\VNE_directed_networks/_Data/wiki-vote/5-fold/u1/
data.input.dataset=u1
data.output.path=C:\Users\HyunsikYoo\Desktop\VNE_directed_networks/_Data/wiki-vote/5-fold/u1/relevance_WRMF_directed_True_uniform
data.column.format=UI
data.convert.separator='\t'
user_min=0
item_min=0
splitter=given
ratio=0.8
by_time=False
metric=["Precision", "Recall", "NDCG", "MAP", "MRR"]
topk=[10, 20]
group_view=None
rec.evaluate.neg=0
test_batch_size=128
num_thread=8
data.index.remap=True

WRMF's hyperparameters:
epochs=50
embedding_size=16
reg_mf=0.1
alpha=10
init_method=uniform
stddev=0.01
verbose=1
weight=uniform

2020-08-03 22:43:49.040: metrics:	Precision@10	Precision@20	Recall@10   	Recall@20   	NDCG@10     	NDCG@20     	MAP@10      	MAP@20      	MRR@10      	MRR@20      
2020-08-03 22:43:51.603: iteration 1 finished in 2.563131 seconds
2020-08-03 22:43:51.688: epoch 1:	0.02465656  	0.02133497  	0.03195937  	0.05398422  	0.03407142  	0.03891848  	0.01635245  	0.01557619  	0.06288879  	0.06730942  
2020-08-03 22:43:54.193: iteration 2 finished in 2.504340 seconds
2020-08-03 22:43:54.272: epoch 2:	0.05921455  	0.05071914  	0.10888369  	0.17716861  	0.09761568  	0.11579088  	0.05433410  	0.05621729  	0.15238643  	0.15988977  
2020-08-03 22:43:56.820: iteration 3 finished in 2.548181 seconds
2020-08-03 22:43:56.899: epoch 3:	0.06809380  	0.05753814  	0.13026807  	0.20408966  	0.11654647  	0.13621630  	0.06754645  	0.06944124  	0.17590947  	0.18374117  
2020-08-03 22:43:59.445: iteration 4 finished in 2.545163 seconds
2020-08-03 22:43:59.525: epoch 4:	0.07211816  	0.06018911  	0.14220436  	0.21672761  	0.12583286  	0.14556307  	0.07349117  	0.07546613  	0.18953988  	0.19717181  
2020-08-03 22:44:02.014: iteration 5 finished in 2.488316 seconds
2020-08-03 22:44:02.093: epoch 5:	0.07429001  	0.06121119  	0.14435250  	0.22194135  	0.12861760  	0.14869598  	0.07539745  	0.07732379  	0.19262251  	0.20044474  
2020-08-03 22:44:04.569: iteration 6 finished in 2.476350 seconds
2020-08-03 22:44:04.648: epoch 6:	0.07528012  	0.06218533  	0.14755027  	0.22849803  	0.13137633  	0.15232062  	0.07729828  	0.07938580  	0.19677518  	0.20466977  
2020-08-03 22:44:07.198: iteration 7 finished in 2.550167 seconds
2020-08-03 22:44:07.277: epoch 7:	0.07502457  	0.06287199  	0.14612716  	0.23014086  	0.13130985  	0.15352450  	0.07745619  	0.07999445  	0.19764501  	0.20593096  
2020-08-03 22:44:09.823: iteration 8 finished in 2.545220 seconds
2020-08-03 22:44:09.902: epoch 8:	0.07575920  	0.06284007  	0.14814717  	0.23034744  	0.13230330  	0.15368648  	0.07771460  	0.08000353  	0.19910491  	0.20701858  
2020-08-03 22:44:12.443: iteration 9 finished in 2.541202 seconds
2020-08-03 22:44:12.525: epoch 9:	0.07604665  	0.06306362  	0.14913614  	0.22940049  	0.13290215  	0.15380846  	0.07817845  	0.08028096  	0.19929326  	0.20673366  
2020-08-03 22:44:15.013: iteration 10 finished in 2.488337 seconds
2020-08-03 22:44:15.089: epoch 10:	0.07623829  	0.06299975  	0.14998846  	0.22932376  	0.13309664  	0.15366812  	0.07800148  	0.08002613  	0.19914933  	0.20655112  
2020-08-03 22:44:17.613: iteration 11 finished in 2.524257 seconds
2020-08-03 22:44:17.785: epoch 11:	0.07595083  	0.06314348  	0.14871849  	0.22851346  	0.13246433  	0.15339909  	0.07770348  	0.07978594  	0.19795871  	0.20559095  
2020-08-03 22:44:20.311: iteration 12 finished in 2.525240 seconds
2020-08-03 22:44:20.390: epoch 12:	0.07623828  	0.06351079  	0.14919271  	0.23001614  	0.13271126  	0.15393893  	0.07772344  	0.07996026  	0.19879417  	0.20644979  
2020-08-03 22:44:22.947: iteration 13 finished in 2.557130 seconds
2020-08-03 22:44:23.027: epoch 13:	0.07569532  	0.06351077  	0.14759792  	0.23101375  	0.13224204  	0.15430002  	0.07761122  	0.08011176  	0.19978692  	0.20762885  
2020-08-03 22:44:25.520: iteration 14 finished in 2.492308 seconds
2020-08-03 22:44:25.598: epoch 14:	0.07566340  	0.06336703  	0.14883475  	0.22905605  	0.13207479  	0.15343702  	0.07717054  	0.07968654  	0.19834812  	0.20577550  
2020-08-03 22:44:28.143: iteration 15 finished in 2.545167 seconds
2020-08-03 22:44:28.369: epoch 15:	0.07575923  	0.06311154  	0.14847265  	0.22861478  	0.13224043  	0.15343893  	0.07742138  	0.07987071  	0.19876039  	0.20635760  
2020-08-03 22:44:30.794: iteration 16 finished in 2.423489 seconds
2020-08-03 22:44:30.874: epoch 16:	0.07572730  	0.06323931  	0.14860503  	0.22994190  	0.13193832  	0.15348427  	0.07703501  	0.07960036  	0.19833536  	0.20594123  
2020-08-03 22:44:33.364: iteration 17 finished in 2.490340 seconds
2020-08-03 22:44:33.441: epoch 17:	0.07556759  	0.06320734  	0.14766605  	0.22909644  	0.13151528  	0.15316136  	0.07677625  	0.07934729  	0.19811127  	0.20587072  
2020-08-03 22:44:36.000: iteration 18 finished in 2.559127 seconds
2020-08-03 22:44:36.080: epoch 18:	0.07534401  	0.06309556  	0.14821488  	0.22905931  	0.13157175  	0.15308002  	0.07686318  	0.07941075  	0.19773081  	0.20551112  
2020-08-03 22:44:38.530: iteration 19 finished in 2.446427 seconds
2020-08-03 22:44:38.609: epoch 19:	0.07515235  	0.06312750  	0.14734837  	0.23066680  	0.13116786  	0.15328099  	0.07644929  	0.07920153  	0.19833194  	0.20627621  
2020-08-03 22:44:41.116: iteration 20 finished in 2.506321 seconds
2020-08-03 22:44:41.339: epoch 20:	0.07496074  	0.06323929  	0.14708172  	0.23139235  	0.13108389  	0.15355302  	0.07640054  	0.07919418  	0.19920470  	0.20726851  
2020-08-03 22:44:43.771: iteration 21 finished in 2.430498 seconds
2020-08-03 22:44:43.849: epoch 21:	0.07499267  	0.06343094  	0.14736466  	0.23266362  	0.13122022  	0.15400273  	0.07655942  	0.07945261  	0.19883125  	0.20696934  
2020-08-03 22:44:46.272: iteration 22 finished in 2.423478 seconds
2020-08-03 22:44:46.349: epoch 22:	0.07486489  	0.06354271  	0.14628607  	0.23128378  	0.13112195  	0.15398949  	0.07677902  	0.07971104  	0.19881344  	0.20699494  
2020-08-03 22:44:48.859: iteration 23 finished in 2.509334 seconds
2020-08-03 22:44:48.937: epoch 23:	0.07518429  	0.06359062  	0.14679445  	0.23286532  	0.13130061  	0.15421224  	0.07685048  	0.07970864  	0.19826365  	0.20647891  
2020-08-03 22:44:51.494: iteration 24 finished in 2.556128 seconds
2020-08-03 22:44:51.570: epoch 24:	0.07543981  	0.06376628  	0.14746274  	0.23327605  	0.13184047  	0.15464486  	0.07724769  	0.08005583  	0.19906972  	0.20722386  
2020-08-03 22:44:54.122: iteration 25 finished in 2.551154 seconds
2020-08-03 22:44:54.196: epoch 25:	0.07556757  	0.06384613  	0.14775328  	0.23309927  	0.13224369  	0.15491900  	0.07767112  	0.08047909  	0.19933344  	0.20738328  
2020-08-03 22:44:56.679: iteration 26 finished in 2.482335 seconds
2020-08-03 22:44:56.755: epoch 26:	0.07556756  	0.06378226  	0.14716752  	0.23414503  	0.13201125  	0.15499490  	0.07757518  	0.08042140  	0.19893599  	0.20710403  
2020-08-03 22:44:59.320: iteration 27 finished in 2.564189 seconds
2020-08-03 22:44:59.400: epoch 27:	0.07566340  	0.06379824  	0.14727205  	0.23370515  	0.13236123  	0.15520613  	0.07794008  	0.08072751  	0.19965035  	0.20784335  
2020-08-03 22:45:01.853: iteration 28 finished in 2.451417 seconds
2020-08-03 22:45:02.003: epoch 28:	0.07585503  	0.06375033  	0.14770478  	0.23456578  	0.13231936  	0.15515213  	0.07774823  	0.08047982  	0.19926134  	0.20744115  
2020-08-03 22:45:04.566: iteration 29 finished in 2.562124 seconds
2020-08-03 22:45:04.701: epoch 29:	0.07604666  	0.06368645  	0.14710499  	0.23459892  	0.13199802  	0.15486266  	0.07748858  	0.08018444  	0.19843942  	0.20663114  
2020-08-03 22:45:07.456: iteration 30 finished in 2.754759 seconds
2020-08-03 22:45:07.540: epoch 30:	0.07630217  	0.06389406  	0.14795086  	0.23559800  	0.13235302  	0.15526877  	0.07770462  	0.08038693  	0.19838576  	0.20650491  
2020-08-03 22:45:10.176: iteration 31 finished in 2.636134 seconds
2020-08-03 22:45:10.253: epoch 31:	0.07617441  	0.06384615  	0.14785247  	0.23561105  	0.13226153  	0.15524703  	0.07769308  	0.08037813  	0.19856127  	0.20675057  
2020-08-03 22:45:12.807: iteration 32 finished in 2.554194 seconds
2020-08-03 22:45:12.886: epoch 32:	0.07614246  	0.06362257  	0.14728172  	0.23469529  	0.13206093  	0.15490417  	0.07762386  	0.08023147  	0.19862770  	0.20684789  
2020-08-03 22:45:15.423: iteration 33 finished in 2.537188 seconds
2020-08-03 22:45:15.596: epoch 33:	0.07620632  	0.06375033  	0.14660475  	0.23538238  	0.13196653  	0.15513881  	0.07771071  	0.08036601  	0.19847329  	0.20687351  
2020-08-03 22:45:18.184: iteration 34 finished in 2.586162 seconds
2020-08-03 22:45:18.341: epoch 34:	0.07588693  	0.06397391  	0.14639544  	0.23662780  	0.13166066  	0.15542737  	0.07754983  	0.08040785  	0.19798425  	0.20658036  
2020-08-03 22:45:20.781: iteration 35 finished in 2.438447 seconds
2020-08-03 22:45:20.859: epoch 35:	0.07598276  	0.06387809  	0.14748630  	0.23661225  	0.13200293  	0.15538478  	0.07769328  	0.08036762  	0.19832468  	0.20680183  
2020-08-03 22:45:23.416: iteration 36 finished in 2.557195 seconds
2020-08-03 22:45:23.495: epoch 36:	0.07588695  	0.06398990  	0.14582826  	0.23719673  	0.13126102  	0.15523301  	0.07719976  	0.08001782  	0.19758515  	0.20628504  
2020-08-03 22:45:25.988: iteration 37 finished in 2.492305 seconds
2020-08-03 22:45:26.064: epoch 37:	0.07572726  	0.06403781  	0.14609113  	0.23724301  	0.13146128  	0.15547989  	0.07732548  	0.08019813  	0.19850554  	0.20719506  
2020-08-03 22:45:28.609: iteration 38 finished in 2.543216 seconds
2020-08-03 22:45:28.688: epoch 38:	0.07553562  	0.06391004  	0.14595667  	0.23696540  	0.13153388  	0.15553914  	0.07753882  	0.08044996  	0.19886494  	0.20752141  
2020-08-03 22:45:31.215: iteration 39 finished in 2.526243 seconds
2020-08-03 22:45:31.290: epoch 39:	0.07550369  	0.06405377  	0.14630954  	0.23651657  	0.13183981  	0.15577048  	0.07781196  	0.08072490  	0.19948712  	0.20811525  
2020-08-03 22:45:33.818: iteration 40 finished in 2.527239 seconds
2020-08-03 22:45:33.896: epoch 40:	0.07556756  	0.06418153  	0.14601217  	0.23849992  	0.13177605  	0.15621792  	0.07784880  	0.08084390  	0.19904172  	0.20778102  
2020-08-03 22:45:36.455: iteration 41 finished in 2.558132 seconds
2020-08-03 22:45:36.637: epoch 41:	0.07553564  	0.06418153  	0.14646666  	0.23814099  	0.13202465  	0.15625738  	0.07811000  	0.08102908  	0.19926368  	0.20792121  
2020-08-03 22:45:39.180: iteration 42 finished in 2.541270 seconds
2020-08-03 22:45:39.257: epoch 42:	0.07553563  	0.06419751  	0.14668556  	0.23861662  	0.13213465  	0.15641610  	0.07815415  	0.08112120  	0.19930561  	0.20790145  
2020-08-03 22:45:41.820: iteration 43 finished in 2.563189 seconds
2020-08-03 22:45:41.900: epoch 43:	0.07582310  	0.06410170  	0.14790851  	0.23796968  	0.13256778  	0.15626541  	0.07831490  	0.08110381  	0.19950067  	0.20789872  
2020-08-03 22:45:44.336: iteration 44 finished in 2.436484 seconds
2020-08-03 22:45:44.557: epoch 44:	0.07601472  	0.06387812  	0.14811873  	0.23701261  	0.13286947  	0.15610029  	0.07848827  	0.08114604  	0.20006591  	0.20829953  
2020-08-03 22:45:47.158: iteration 45 finished in 2.600043 seconds
2020-08-03 22:45:47.240: epoch 45:	0.07607859  	0.06389409  	0.14880089  	0.23680101  	0.13293770  	0.15591888  	0.07843106  	0.08099809  	0.19966501  	0.20788758  
2020-08-03 22:45:49.796: iteration 46 finished in 2.556200 seconds
2020-08-03 22:45:49.875: epoch 46:	0.07588697  	0.06394200  	0.14938979  	0.23783700  	0.13301016  	0.15619111  	0.07842666  	0.08106317  	0.19974703  	0.20806503  
2020-08-03 22:45:52.416: iteration 47 finished in 2.541212 seconds
2020-08-03 22:45:52.492: epoch 47:	0.07563145  	0.06394199  	0.14862862  	0.23751715  	0.13266830  	0.15609762  	0.07832308  	0.08106839  	0.19949314  	0.20788494  
2020-08-03 22:45:55.051: iteration 48 finished in 2.558203 seconds
2020-08-03 22:45:55.132: epoch 48:	0.07559951  	0.06400588  	0.14818825  	0.23794304  	0.13255398  	0.15622583  	0.07819805  	0.08105554  	0.19978364  	0.20820343  
2020-08-03 22:45:57.675: iteration 49 finished in 2.543234 seconds
2020-08-03 22:45:57.753: epoch 49:	0.07575921  	0.06403781  	0.14809856  	0.23781350  	0.13259883  	0.15619145  	0.07821258  	0.08103935  	0.19980142  	0.20812200  
2020-08-03 22:46:00.298: iteration 50 finished in 2.545215 seconds
2020-08-03 22:46:00.374: epoch 50:	0.07572726  	0.06403782  	0.14733571  	0.23785035  	0.13271129  	0.15650788  	0.07846275  	0.08133506  	0.20069733  	0.20918576  
