2020-08-24 16:31:28.054: Dataset name: u1
The number of users: 20492
The number of items: 13558
The number of ratings: 90507
Average actions of users: 4.42
Average actions of items: 6.68
The sparsity of the dataset: 99.967424%
2020-08-24 16:31:28.055: 

NeuRec hyperparameters:
recommender=WRMF
config_dir=./conf
gpu_id=0
gpu_mem=0.5
data.input.path=C:\Users\HyunsikYoo\Desktop\VNE_directed_networks/_Data/cora_big/5-fold/u1/
data.input.dataset=u1
data.output.path=C:\Users\HyunsikYoo\Desktop\VNE_directed_networks/_Data/cora_big/5-fold/u1/relevance_WRMF_directed_True_uniform
data.column.format=UI
data.convert.separator='\t'
user_min=0
item_min=0
splitter=given
ratio=0.8
by_time=False
metric=["Precision", "Recall", "NDCG", "MAP", "MRR"]
topk=[10, 20]
group_view=None
rec.evaluate.neg=0
test_batch_size=128
num_thread=8
data.index.remap=True

WRMF's hyperparameters:
epochs=50
embedding_size=16
reg_mf=0.1
alpha=10
init_method=uniform
stddev=0.01
verbose=1
weight=uniform

2020-08-24 16:43:36.718: metrics:	Precision@10	Precision@20	Recall@10   	Recall@20   	NDCG@10     	NDCG@20     	MAP@10      	MAP@20      	MRR@10      	MRR@20      
2020-08-24 16:44:12.093: iteration 1 finished in 35.375037 seconds
2020-08-24 16:44:12.496: epoch 1:	0.00384521  	0.00334943  	0.02645317  	0.04496650  	0.01397404  	0.01914439  	0.00879527  	0.01010179  	0.01230623  	0.01413315  
2020-08-24 16:44:47.831: iteration 2 finished in 35.333740 seconds
2020-08-24 16:44:48.247: epoch 2:	0.01624365  	0.01120540  	0.10546068  	0.14494413  	0.06851070  	0.07954221  	0.05013086  	0.05315366  	0.06876342  	0.07205705  
2020-08-24 16:45:23.468: iteration 3 finished in 35.221682 seconds
2020-08-24 16:45:23.875: epoch 3:	0.02249949  	0.01501454  	0.14888698  	0.19676237  	0.10073027  	0.11413293  	0.07605797  	0.07982471  	0.10304469  	0.10690055  
2020-08-24 16:45:59.808: iteration 4 finished in 35.932238 seconds
2020-08-24 16:46:00.222: epoch 4:	0.02443431  	0.01629232  	0.16240866  	0.21492080  	0.10885717  	0.12349684  	0.08181869  	0.08592157  	0.11078283  	0.11496611  
2020-08-24 16:46:36.718: iteration 5 finished in 36.496008 seconds
2020-08-24 16:46:37.118: epoch 5:	0.02497444  	0.01675587  	0.16642664  	0.22136383  	0.11033143  	0.12565807  	0.08230579  	0.08658868  	0.11184930  	0.11628754  
2020-08-24 16:47:12.616: iteration 6 finished in 35.497272 seconds
2020-08-24 16:47:13.019: epoch 6:	0.02502282  	0.01700579  	0.16701211  	0.22505201  	0.11037071  	0.12654416  	0.08207213  	0.08661029  	0.11192764  	0.11654073  
2020-08-24 16:47:48.498: iteration 7 finished in 35.479557 seconds
2020-08-24 16:47:48.900: epoch 7:	0.02498252  	0.01695339  	0.16713467  	0.22436096  	0.10982376  	0.12582369  	0.08141176  	0.08591679  	0.11099665  	0.11555871  
2020-08-24 16:48:24.629: iteration 8 finished in 35.728191 seconds
2020-08-24 16:48:25.035: epoch 8:	0.02483741  	0.01700579  	0.16676916  	0.22509749  	0.10892431  	0.12524064  	0.08042493  	0.08501407  	0.10989062  	0.11451706  
2020-08-24 16:49:00.783: iteration 9 finished in 35.747456 seconds
2020-08-24 16:49:01.172: epoch 9:	0.02465199  	0.01694936  	0.16574204  	0.22488679  	0.10776731  	0.12429772  	0.07931073  	0.08397008  	0.10859641  	0.11326711  
2020-08-24 16:49:36.624: iteration 10 finished in 35.451206 seconds
2020-08-24 16:49:37.023: epoch 10:	0.02457944  	0.01692517  	0.16486210  	0.22409892  	0.10719386  	0.12380172  	0.07888588  	0.08359294  	0.10785781  	0.11256606  
2020-08-24 16:50:12.347: iteration 11 finished in 35.323055 seconds
2020-08-24 16:50:12.749: epoch 11:	0.02453913  	0.01687680  	0.16494407  	0.22390811  	0.10670130  	0.12319331  	0.07830533  	0.08296302  	0.10712347  	0.11180037  
2020-08-24 16:50:48.993: iteration 12 finished in 36.243863 seconds
2020-08-24 16:50:49.380: epoch 12:	0.02437789  	0.01686068  	0.16395369  	0.22362645  	0.10605337  	0.12274691  	0.07783753  	0.08254269  	0.10646804  	0.11120161  
2020-08-24 16:51:24.888: iteration 13 finished in 35.507243 seconds
2020-08-24 16:51:25.273: epoch 13:	0.02428921  	0.01682037  	0.16306427  	0.22330187  	0.10499634  	0.12183215  	0.07677006  	0.08150318  	0.10521572  	0.11004182  
2020-08-24 16:52:00.896: iteration 14 finished in 35.623262 seconds
2020-08-24 16:52:01.285: epoch 14:	0.02424085  	0.01680021  	0.16286574  	0.22342493  	0.10463984  	0.12152668  	0.07639074  	0.08112729  	0.10477428  	0.10961061  
2020-08-24 16:52:36.675: iteration 15 finished in 35.390216 seconds
2020-08-24 16:52:37.072: epoch 15:	0.02431340  	0.01675588  	0.16320431  	0.22259924  	0.10439552  	0.12096042  	0.07600734  	0.08063969  	0.10421909  	0.10897709  
2020-08-24 16:53:13.707: iteration 16 finished in 36.634770 seconds
2020-08-24 16:53:14.083: epoch 16:	0.02432146  	0.01672363  	0.16334449  	0.22228481  	0.10433273  	0.12074393  	0.07588534  	0.08047079  	0.10412414  	0.10880137  
2020-08-24 16:53:50.140: iteration 17 finished in 36.056810 seconds
2020-08-24 16:53:50.562: epoch 17:	0.02432146  	0.01666720  	0.16334985  	0.22155397  	0.10412376  	0.12032869  	0.07564215  	0.08016700  	0.10382199  	0.10845302  
2020-08-24 16:54:26.741: iteration 18 finished in 36.178401 seconds
2020-08-24 16:54:27.127: epoch 18:	0.02433758  	0.01669138  	0.16331704  	0.22174686  	0.10383993  	0.12008697  	0.07532442  	0.07985405  	0.10331685  	0.10793786  
2020-08-24 16:55:02.814: iteration 19 finished in 35.687775 seconds
2020-08-24 16:55:03.235: epoch 19:	0.02425697  	0.01666316  	0.16296907  	0.22120753  	0.10352839  	0.11975856  	0.07505319  	0.07958171  	0.10300069  	0.10763831  
2020-08-24 16:55:39.302: iteration 20 finished in 36.066828 seconds
2020-08-24 16:55:39.716: epoch 20:	0.02413604  	0.01657449  	0.16223685  	0.22000910  	0.10310075  	0.11924325  	0.07474013  	0.07926302  	0.10264407  	0.10727060  
2020-08-24 16:56:17.005: iteration 21 finished in 37.288574 seconds
2020-08-24 16:56:17.384: epoch 21:	0.02403930  	0.01653014  	0.16145615  	0.21923926  	0.10272568  	0.11890373  	0.07452206  	0.07907817  	0.10227967  	0.10691831  
2020-08-24 16:56:54.668: iteration 22 finished in 37.284095 seconds
2020-08-24 16:56:55.046: epoch 22:	0.02395063  	0.01650999  	0.16086768  	0.21916056  	0.10211636  	0.11844069  	0.07394406  	0.07854819  	0.10155521  	0.10624781  
2020-08-24 16:57:31.606: iteration 23 finished in 36.558876 seconds
2020-08-24 16:57:31.993: epoch 23:	0.02384582  	0.01647775  	0.16007498  	0.21855150  	0.10162096  	0.11801805  	0.07359329  	0.07822057  	0.10104680  	0.10578068  
2020-08-24 16:58:09.946: iteration 24 finished in 37.953779 seconds
2020-08-24 16:58:10.354: epoch 24:	0.02382164  	0.01648178  	0.15997978  	0.21885920  	0.10142141  	0.11790019  	0.07336112  	0.07799643  	0.10088560  	0.10564625  
2020-08-24 16:58:47.275: iteration 25 finished in 36.921034 seconds
2020-08-24 16:58:47.661: epoch 25:	0.02375714  	0.01644953  	0.15925427  	0.21844402  	0.10116423  	0.11771968  	0.07323337  	0.07790147  	0.10069033  	0.10547464  
2020-08-24 16:59:25.204: iteration 26 finished in 37.542410 seconds
2020-08-24 16:59:25.581: epoch 26:	0.02377326  	0.01644550  	0.15938191  	0.21836923  	0.10097848  	0.11746784  	0.07298588  	0.07762906  	0.10034033  	0.10509076  
2020-08-24 17:00:02.479: iteration 27 finished in 36.897156 seconds
2020-08-24 17:00:02.857: epoch 27:	0.02371684  	0.01642132  	0.15924038  	0.21809164  	0.10079490  	0.11727620  	0.07281185  	0.07745710  	0.10017172  	0.10492867  
2020-08-24 17:00:40.159: iteration 28 finished in 37.301052 seconds
2020-08-24 17:00:40.555: epoch 28:	0.02369265  	0.01639713  	0.15905765  	0.21765231  	0.10067224  	0.11710806  	0.07274512  	0.07738283  	0.09997746  	0.10474128  
2020-08-24 17:01:18.131: iteration 29 finished in 37.575175 seconds
2020-08-24 17:01:18.535: epoch 29:	0.02367653  	0.01636489  	0.15891658  	0.21728148  	0.10053448  	0.11690249  	0.07261319  	0.07723953  	0.09979713  	0.10452732  
2020-08-24 17:01:55.562: iteration 30 finished in 37.027257 seconds
2020-08-24 17:01:55.939: epoch 30:	0.02368459  	0.01638504  	0.15894346  	0.21765767  	0.10052274  	0.11695296  	0.07260650  	0.07723166  	0.09972844  	0.10447197  
2020-08-24 17:02:33.063: iteration 31 finished in 37.122951 seconds
2020-08-24 17:02:33.449: epoch 31:	0.02367653  	0.01637295  	0.15895687  	0.21741988  	0.10049538  	0.11686213  	0.07258104  	0.07718764  	0.09965677  	0.10437997  
2020-08-24 17:03:09.338: iteration 32 finished in 35.888436 seconds
2020-08-24 17:03:09.734: epoch 32:	0.02367653  	0.01639310  	0.15883596  	0.21767513  	0.10044330  	0.11689153  	0.07254778  	0.07716499  	0.09962207  	0.10436430  
2020-08-24 17:03:45.490: iteration 33 finished in 35.755955 seconds
2020-08-24 17:03:45.907: epoch 33:	0.02366847  	0.01638101  	0.15872848  	0.21752733  	0.10039067  	0.11682279  	0.07251244  	0.07712720  	0.09959329  	0.10432609  
2020-08-24 17:04:21.588: iteration 34 finished in 35.680015 seconds
2020-08-24 17:04:21.991: epoch 34:	0.02369265  	0.01639310  	0.15888298  	0.21767513  	0.10038570  	0.11680617  	0.07247197  	0.07707531  	0.09951454  	0.10424288  
2020-08-24 17:04:57.419: iteration 35 finished in 35.427182 seconds
2020-08-24 17:04:57.826: epoch 35:	0.02365234  	0.01637295  	0.15851350  	0.21720758  	0.10021095  	0.11662529  	0.07235225  	0.07695813  	0.09940101  	0.10414482  
2020-08-24 17:05:33.799: iteration 36 finished in 35.972782 seconds
2020-08-24 17:05:34.201: epoch 36:	0.02363622  	0.01634070  	0.15828779  	0.21677093  	0.10012199  	0.11648529  	0.07230911  	0.07690609  	0.09933094  	0.10407591  
2020-08-24 17:06:09.143: iteration 37 finished in 34.942067 seconds
2020-08-24 17:06:09.529: epoch 37:	0.02362816  	0.01637698  	0.15816832  	0.21737359  	0.10002543  	0.11656288  	0.07221797  	0.07685069  	0.09924261  	0.10404269  
2020-08-24 17:06:44.645: iteration 38 finished in 35.115460 seconds
2020-08-24 17:06:45.040: epoch 38:	0.02362010  	0.01640519  	0.15805545  	0.21781698  	0.09993448  	0.11661164  	0.07212485  	0.07679229  	0.09917463  	0.10401504  
2020-08-24 17:07:20.319: iteration 39 finished in 35.277096 seconds
2020-08-24 17:07:20.725: epoch 39:	0.02358785  	0.01638907  	0.15794989  	0.21736413  	0.09982724  	0.11644458  	0.07203782  	0.07669436  	0.09906302  	0.10390028  
2020-08-24 17:07:56.340: iteration 40 finished in 35.614995 seconds
2020-08-24 17:07:56.724: epoch 40:	0.02354754  	0.01640116  	0.15772149  	0.21764629  	0.09980624  	0.11656083  	0.07209774  	0.07678919  	0.09909669  	0.10398376  
2020-08-24 17:08:32.376: iteration 41 finished in 35.652091 seconds
2020-08-24 17:08:32.771: epoch 41:	0.02358785  	0.01638907  	0.15805930  	0.21744475  	0.09993985  	0.11654680  	0.07217139  	0.07682329  	0.09919300  	0.10402228  
2020-08-24 17:09:08.269: iteration 42 finished in 35.497356 seconds
2020-08-24 17:09:08.672: epoch 42:	0.02359591  	0.01638101  	0.15807945  	0.21728352  	0.09994353  	0.11650922  	0.07217143  	0.07681517  	0.09919911  	0.10402336  
2020-08-24 17:09:44.026: iteration 43 finished in 35.353977 seconds
2020-08-24 17:09:44.420: epoch 43:	0.02360397  	0.01637698  	0.15817350  	0.21725667  	0.09996197  	0.11649048  	0.07216875  	0.07680376  	0.09922219  	0.10402820  
2020-08-24 17:10:20.411: iteration 44 finished in 35.989588 seconds
2020-08-24 17:10:20.809: epoch 44:	0.02359591  	0.01640519  	0.15809289  	0.21779408  	0.09987282  	0.11654202  	0.07207488  	0.07673712  	0.09914299  	0.10398544  
2020-08-24 17:10:56.410: iteration 45 finished in 35.600046 seconds
2020-08-24 17:10:56.800: epoch 45:	0.02358785  	0.01641729  	0.15805259  	0.21798217  	0.09986391  	0.11658771  	0.07208372  	0.07675526  	0.09911276  	0.10397143  
2020-08-24 17:11:32.602: iteration 46 finished in 35.801947 seconds
2020-08-24 17:11:33.006: epoch 46:	0.02356367  	0.01641326  	0.15792160  	0.21788812  	0.09978709  	0.11653276  	0.07201936  	0.07671282  	0.09907930  	0.10392398  
2020-08-24 17:12:08.344: iteration 47 finished in 35.338012 seconds
2020-08-24 17:12:08.743: epoch 47:	0.02355560  	0.01638907  	0.15784098  	0.21758248  	0.09969999  	0.11639124  	0.07193495  	0.07661512  	0.09899079  	0.10383134  
2020-08-24 17:12:44.552: iteration 48 finished in 35.808880 seconds
2020-08-24 17:12:44.963: epoch 48:	0.02353948  	0.01640519  	0.15774693  	0.21774369  	0.09956925  	0.11633553  	0.07180405  	0.07650733  	0.09880979  	0.10366920  
2020-08-24 17:13:20.412: iteration 49 finished in 35.448222 seconds
2020-08-24 17:13:20.815: epoch 49:	0.02355560  	0.01640923  	0.15796189  	0.21778400  	0.09962980  	0.11634236  	0.07183573  	0.07651661  	0.09881179  	0.10364706  
2020-08-24 17:13:56.572: iteration 50 finished in 35.755729 seconds
2020-08-24 17:13:56.970: epoch 50:	0.02354754  	0.01641326  	0.15800622  	0.21794523  	0.09960397  	0.11634203  	0.07179663  	0.07648755  	0.09877701  	0.10360788  
