2020-11-14 10:49:09.405: Dataset name: u1
The number of users: 22521
The number of items: 22521
The number of ratings: 311467
Average actions of users: 13.83
Average actions of items: 13.83
The sparsity of the dataset: 99.938590%
2020-11-14 10:49:09.406: 

NeuRec hyperparameters:
recommender=WRMF
config_dir=./conf
gpu_id=0
gpu_mem=0.5
data.input.path=C:\Users\HyunsikYoo\Desktop\VNE_directed_networks/_Data/eat/5-fold/u1/
data.input.dataset=u1
data.output.path=C:\Users\HyunsikYoo\Desktop\VNE_directed_networks/_Emb/eat/5-fold/wrmf/u1_wrmf_directed_dim128.emb
data.column.format=UI
data.convert.separator='\t'
user_min=0
item_min=0
splitter=given
ratio=0.8
by_time=False
metric=["Precision", "Recall", "NDCG", "MAP", "MRR"]
topk=[10, 20]
group_view=None
rec.evaluate.neg=0
test_batch_size=128
num_thread=8
data.index.remap=False

WRMF's hyperparameters:
epochs=50
embedding_size=128
reg_mf=0.1
alpha=10
init_method=uniform
stddev=0.01
verbose=1
weight=uniform

2020-11-14 11:10:26.528: metrics:	Precision@10	Precision@20	Recall@10   	Recall@20   	NDCG@10     	NDCG@20     	MAP@10      	MAP@20      	MRR@10      	MRR@20      
2020-11-14 11:26:54.991: iteration 1 finished in 988.461635 seconds
2020-11-14 11:26:55.441: epoch 1:	0.01288818  	0.01132912  	0.01718238  	0.03016335  	0.01656087  	0.02273430  	0.00599031  	0.00694421  	0.04185072  	0.04718956  
2020-11-14 11:43:11.106: iteration 2 finished in 975.663575 seconds
2020-11-14 11:43:11.526: epoch 2:	0.03996928  	0.03148462  	0.05511878  	0.08663774  	0.05518223  	0.06994517  	0.02258280  	0.02549906  	0.13365959  	0.14294805  
2020-11-14 11:59:42.378: iteration 3 finished in 990.852595 seconds
2020-11-14 11:59:42.842: epoch 3:	0.05689051  	0.04371386  	0.07879007  	0.11973261  	0.07945649  	0.09876469  	0.03370146  	0.03792167  	0.18731779  	0.19729146  
2020-11-14 12:16:15.960: iteration 4 finished in 993.117083 seconds
2020-11-14 12:16:16.396: epoch 4:	0.06545401  	0.04907952  	0.09021075  	0.13452508  	0.09057638  	0.11131816  	0.03877359  	0.04349843  	0.20924702  	0.21911910  
2020-11-14 12:32:43.386: iteration 5 finished in 986.989491 seconds
2020-11-14 12:32:43.840: epoch 5:	0.06957094  	0.05181417  	0.09559038  	0.14168137  	0.09581892  	0.11741030  	0.04111200  	0.04620593  	0.21913356  	0.22896230  
2020-11-14 12:48:30.689: iteration 6 finished in 946.848395 seconds
2020-11-14 12:48:31.113: epoch 6:	0.07220199  	0.05386672  	0.09918663  	0.14692344  	0.09947398  	0.12182409  	0.04279051  	0.04809742  	0.22673286  	0.23645088  
2020-11-14 13:04:21.891: iteration 7 finished in 950.777934 seconds
2020-11-14 13:04:22.351: epoch 7:	0.07405347  	0.05506657  	0.10162024  	0.14999537  	0.10180670  	0.12444315  	0.04386581  	0.04926066  	0.23086290  	0.24063894  
2020-11-14 13:20:12.262: iteration 8 finished in 949.910750 seconds
2020-11-14 13:20:12.679: epoch 8:	0.07510100  	0.05571828  	0.10290313  	0.15167582  	0.10343472  	0.12625614  	0.04470946  	0.05014672  	0.23483932  	0.24480414  
2020-11-14 13:35:57.258: iteration 9 finished in 944.578430 seconds
2020-11-14 13:35:57.729: epoch 9:	0.07564916  	0.05602892  	0.10377701  	0.15244682  	0.10440062  	0.12721445  	0.04521543  	0.05064428  	0.23710798  	0.24710575  
2020-11-14 13:51:39.119: iteration 10 finished in 941.389357 seconds
2020-11-14 13:51:39.565: epoch 10:	0.07594156  	0.05636387  	0.10405213  	0.15348370  	0.10496249  	0.12810853  	0.04553747  	0.05110286  	0.23865764  	0.24863252  
2020-11-14 14:07:17.652: iteration 11 finished in 938.086087 seconds
2020-11-14 14:07:18.083: epoch 11:	0.07652616  	0.05671715  	0.10456712  	0.15432790  	0.10552816  	0.12879644  	0.04577870  	0.05141835  	0.23963276  	0.24947393  
2020-11-14 14:22:59.912: iteration 12 finished in 941.829196 seconds
2020-11-14 14:23:00.337: epoch 12:	0.07657486  	0.05710090  	0.10465888  	0.15534951  	0.10582456  	0.12957655  	0.04596995  	0.05173297  	0.24065679  	0.25074920  
2020-11-14 14:38:46.223: iteration 13 finished in 945.886148 seconds
2020-11-14 14:38:46.633: epoch 13:	0.07703773  	0.05728360  	0.10533399  	0.15592302  	0.10634886  	0.13002525  	0.04620061  	0.05195079  	0.24136899  	0.25132605  
2020-11-14 14:54:27.072: iteration 14 finished in 940.438709 seconds
2020-11-14 14:54:27.515: epoch 14:	0.07720824  	0.05748463  	0.10551273  	0.15651159  	0.10643737  	0.13028304  	0.04619003  	0.05202904  	0.24134710  	0.25122514  
2020-11-14 15:10:19.522: iteration 15 finished in 952.007083 seconds
2020-11-14 15:10:19.936: epoch 15:	0.07729345  	0.05777697  	0.10555699  	0.15730153  	0.10653266  	0.13071832  	0.04625187  	0.05217702  	0.24140450  	0.25140381  
2020-11-14 15:26:11.071: iteration 16 finished in 951.133136 seconds
2020-11-14 15:26:11.480: epoch 16:	0.07726905  	0.05792921  	0.10549302  	0.15773518  	0.10666985  	0.13109747  	0.04630516  	0.05231306  	0.24237895  	0.25244066  
2020-11-14 15:41:47.545: iteration 17 finished in 936.064011 seconds
2020-11-14 15:41:47.955: epoch 17:	0.07771974  	0.05778913  	0.10624299  	0.15725556  	0.10725516  	0.13113908  	0.04658934  	0.05247000  	0.24337146  	0.25319326  
2020-11-14 15:57:37.361: iteration 18 finished in 949.406286 seconds
2020-11-14 15:57:37.791: epoch 18:	0.07781713  	0.05786222  	0.10645933  	0.15734985  	0.10752127  	0.13137521  	0.04676139  	0.05261922  	0.24400018  	0.25377965  
2020-11-14 16:13:25.524: iteration 19 finished in 947.731578 seconds
2020-11-14 16:13:26.012: epoch 19:	0.07798769  	0.05778301  	0.10676889  	0.15724295  	0.10762898  	0.13129227  	0.04679974  	0.05259997  	0.24371181  	0.25347564  
2020-11-14 16:29:15.804: iteration 20 finished in 949.791367 seconds
2020-11-14 16:29:16.283: epoch 20:	0.07798765  	0.05761856  	0.10673419  	0.15684350  	0.10764711  	0.13114326  	0.04680079  	0.05257741  	0.24388556  	0.25352740  
2020-11-14 16:45:29.783: iteration 21 finished in 973.500116 seconds
2020-11-14 16:45:30.204: epoch 21:	0.07801197  	0.05764293  	0.10677877  	0.15677957  	0.10766979  	0.13115911  	0.04679534  	0.05258856  	0.24386603  	0.25345394  
2020-11-14 17:02:13.742: iteration 22 finished in 1003.538004 seconds
2020-11-14 17:02:14.321: epoch 22:	0.07810944  	0.05753939  	0.10687213  	0.15651889  	0.10776047  	0.13106984  	0.04684926  	0.05257886  	0.24399634  	0.25361049  
2020-11-14 17:20:56.836: iteration 23 finished in 1122.515496 seconds
2020-11-14 17:20:57.619: epoch 23:	0.07810947  	0.05755768  	0.10685480  	0.15658545  	0.10776202  	0.13110743  	0.04684678  	0.05259158  	0.24409109  	0.25372359  
2020-11-14 17:39:39.752: iteration 24 finished in 1122.132947 seconds
2020-11-14 17:39:40.827: epoch 24:	0.07835308  	0.05763078  	0.10716270  	0.15681237  	0.10791451  	0.13117744  	0.04687252  	0.05260386  	0.24411820  	0.25357851  
2020-11-14 17:58:17.062: iteration 25 finished in 1116.233589 seconds
2020-11-14 17:58:19.005: epoch 25:	0.07854798  	0.05773430  	0.10750496  	0.15702736  	0.10809910  	0.13131340  	0.04692449  	0.05265889  	0.24432598  	0.25359851  
2020-11-14 18:16:57.325: iteration 26 finished in 1118.320883 seconds
2020-11-14 18:16:58.484: epoch 26:	0.07854795  	0.05774648  	0.10753978  	0.15706025  	0.10810070  	0.13133235  	0.04688458  	0.05265897  	0.24448514  	0.25365651  
2020-11-14 18:35:39.448: iteration 27 finished in 1120.962852 seconds
2020-11-14 18:35:41.279: epoch 27:	0.07871851  	0.05774039  	0.10779427  	0.15703110  	0.10826191  	0.13135047  	0.04695614  	0.05269910  	0.24459633  	0.25368300  
2020-11-14 18:53:41.740: iteration 28 finished in 1080.460490 seconds
2020-11-14 18:53:42.564: epoch 28:	0.07890121  	0.05789266  	0.10811853  	0.15743098  	0.10837203  	0.13149630  	0.04695027  	0.05268854  	0.24454561  	0.25364748  
2020-11-14 19:11:25.756: iteration 29 finished in 1063.190938 seconds
2020-11-14 19:11:26.493: epoch 29:	0.07890122  	0.05799618  	0.10810884  	0.15759277  	0.10838997  	0.13160734  	0.04696582  	0.05270496  	0.24462730  	0.25383323  
2020-11-14 19:28:47.431: iteration 30 finished in 1040.937601 seconds
2020-11-14 19:28:47.944: epoch 30:	0.07891341  	0.05796574  	0.10807914  	0.15747665  	0.10848382  	0.13166310  	0.04706768  	0.05279062  	0.24478580  	0.25400493  
2020-11-14 19:45:37.897: iteration 31 finished in 1009.952571 seconds
2020-11-14 19:45:38.435: epoch 31:	0.07876724  	0.05800230  	0.10792721  	0.15757596  	0.10849034  	0.13181216  	0.04712246  	0.05287661  	0.24523896  	0.25457823  
2020-11-14 20:02:27.907: iteration 32 finished in 1009.471859 seconds
2020-11-14 20:02:28.463: epoch 32:	0.07879160  	0.05797182  	0.10792276  	0.15749440  	0.10852607  	0.13181297  	0.04713697  	0.05289723  	0.24546964  	0.25473261  
2020-11-14 20:19:15.249: iteration 33 finished in 1006.786529 seconds
2020-11-14 20:19:15.773: epoch 33:	0.07870634  	0.05804493  	0.10783423  	0.15781383  	0.10848736  	0.13194580  	0.04711404  	0.05291709  	0.24572164  	0.25502297  
2020-11-14 20:36:09.915: iteration 34 finished in 1014.140861 seconds
2020-11-14 20:36:10.488: epoch 34:	0.07860889  	0.05806929  	0.10770518  	0.15784748  	0.10842863  	0.13198216  	0.04708555  	0.05291947  	0.24587137  	0.25518975  
2020-11-14 20:51:49.864: iteration 35 finished in 939.375836 seconds
2020-11-14 20:51:50.302: epoch 35:	0.07862104  	0.05806928  	0.10776738  	0.15781978  	0.10847152  	0.13199191  	0.04708797  	0.05292369  	0.24605966  	0.25532904  
2020-11-14 21:06:58.229: iteration 36 finished in 907.926814 seconds
2020-11-14 21:06:58.664: epoch 36:	0.07849925  	0.05806320  	0.10760912  	0.15774657  	0.10837237  	0.13195720  	0.04701925  	0.05289303  	0.24598980  	0.25528392  
2020-11-14 21:22:04.601: iteration 37 finished in 905.936136 seconds
2020-11-14 21:22:05.038: epoch 37:	0.07854797  	0.05800837  	0.10764391  	0.15762199  	0.10847546  	0.13197125  	0.04708689  	0.05292127  	0.24625728  	0.25555503  
2020-11-14 21:37:11.058: iteration 38 finished in 906.019911 seconds
2020-11-14 21:37:11.490: epoch 38:	0.07854799  	0.05811801  	0.10767847  	0.15796322  	0.10844496  	0.13207144  	0.04705635  	0.05290955  	0.24610627  	0.25550979  
2020-11-14 21:52:17.932: iteration 39 finished in 906.441784 seconds
2020-11-14 21:52:18.369: epoch 39:	0.07854800  	0.05816065  	0.10771919  	0.15806758  	0.10855155  	0.13221288  	0.04711323  	0.05297900  	0.24663255  	0.25602067  
2020-11-14 22:07:25.240: iteration 40 finished in 906.870637 seconds
2020-11-14 22:07:25.672: epoch 40:	0.07852362  	0.05832508  	0.10773488  	0.15842149  	0.10851140  	0.13233978  	0.04707589  	0.05297915  	0.24646075  	0.25586143  
2020-11-14 22:22:32.237: iteration 41 finished in 906.563459 seconds
2020-11-14 22:22:32.686: epoch 41:	0.07853583  	0.05827634  	0.10775386  	0.15826377  	0.10852233  	0.13228570  	0.04708774  	0.05297484  	0.24635315  	0.25587136  
2020-11-14 22:37:39.622: iteration 42 finished in 906.935971 seconds
2020-11-14 22:37:40.066: epoch 42:	0.07860892  	0.05840426  	0.10774291  	0.15859051  	0.10854913  	0.13244595  	0.04706581  	0.05299414  	0.24660940  	0.25611749  
2020-11-14 22:52:49.988: iteration 43 finished in 909.921912 seconds
2020-11-14 22:52:50.427: epoch 43:	0.07869417  	0.05834943  	0.10781377  	0.15843999  	0.10858948  	0.13237633  	0.04708077  	0.05297280  	0.24655952  	0.25610533  
2020-11-14 23:07:57.609: iteration 44 finished in 907.181805 seconds
2020-11-14 23:07:58.046: epoch 44:	0.07869416  	0.05833115  	0.10779694  	0.15835999  	0.10861897  	0.13238440  	0.04710034  	0.05299387  	0.24672322  	0.25625443  
2020-11-14 23:23:08.501: iteration 45 finished in 910.454072 seconds
2020-11-14 23:23:08.942: epoch 45:	0.07884034  	0.05834335  	0.10798825  	0.15831156  	0.10874751  	0.13239893  	0.04717204  	0.05303441  	0.24669525  	0.25615948  
2020-11-14 23:38:16.557: iteration 46 finished in 907.615646 seconds
2020-11-14 23:38:16.994: epoch 46:	0.07897434  	0.05826417  	0.10817601  	0.15813138  	0.10883959  	0.13230830  	0.04719264  	0.05300177  	0.24669263  	0.25611112  
2020-11-14 23:53:25.004: iteration 47 finished in 908.008595 seconds
2020-11-14 23:53:25.456: epoch 47:	0.07903526  	0.05824590  	0.10831857  	0.15813173  	0.10885268  	0.13225108  	0.04717195  	0.05297245  	0.24650426  	0.25588113  
2020-11-15 00:08:33.799: iteration 48 finished in 908.342217 seconds
2020-11-15 00:08:34.240: epoch 48:	0.07892561  	0.05819109  	0.10807868  	0.15797825  	0.10873134  	0.13217086  	0.04714188  	0.05294367  	0.24631268  	0.25577694  
2020-11-15 00:23:41.031: iteration 49 finished in 906.788863 seconds
2020-11-15 00:23:41.471: epoch 49:	0.07886471  	0.05820934  	0.10800689  	0.15801315  	0.10871065  	0.13221636  	0.04713653  	0.05296086  	0.24648462  	0.25599200  
2020-11-15 00:38:49.286: iteration 50 finished in 907.815112 seconds
2020-11-15 00:38:49.735: epoch 50:	0.07892565  	0.05826417  	0.10807774  	0.15823990  	0.10877310  	0.13232343  	0.04715198  	0.05298751  	0.24670026  	0.25618184  
