2020-08-04 00:13:37.194: Dataset name: u1
The number of users: 1806
The number of items: 1801
The number of ratings: 20192
Average actions of users: 11.18
Average actions of items: 11.21
The sparsity of the dataset: 99.379205%
2020-08-04 00:13:37.194: 

NeuRec hyperparameters:
recommender=WRMF
config_dir=./conf
gpu_id=0
gpu_mem=0.5
data.input.path=C:\Users\HyunsikYoo\Desktop\VNE_directed_networks/_Data/uci/5-fold/u1/
data.input.dataset=u1
data.output.path=C:\Users\HyunsikYoo\Desktop\VNE_directed_networks/_Data/uci/5-fold/u1/relevance_WRMF_directed_False_user_oriented
data.column.format=UI
data.convert.separator='\t'
user_min=0
item_min=0
splitter=given
ratio=0.8
by_time=False
metric=["Precision", "Recall", "NDCG", "MAP", "MRR"]
topk=[10, 20]
group_view=None
rec.evaluate.neg=0
test_batch_size=128
num_thread=8
data.index.remap=False

WRMF's hyperparameters:
epochs=50
embedding_size=16
reg_mf=0.1
alpha=10
init_method=uniform
stddev=0.01
verbose=1
weight=user_oriented

2020-08-04 00:13:46.162: metrics:	Precision@10	Precision@20	Recall@10   	Recall@20   	NDCG@10     	NDCG@20     	MAP@10      	MAP@20      	MRR@10      	MRR@20      
2020-08-04 00:13:47.090: iteration 1 finished in 0.928529 seconds
2020-08-04 00:13:47.113: epoch 1:	0.01764708  	0.01460621  	0.04650330  	0.07520868  	0.03242364  	0.04140474  	0.01538886  	0.01717257  	0.05344917  	0.05782471  
2020-08-04 00:13:48.043: iteration 2 finished in 0.929513 seconds
2020-08-04 00:13:48.063: epoch 2:	0.02841482  	0.02402787  	0.07022117  	0.11869749  	0.05153273  	0.06703972  	0.02572274  	0.02878821  	0.08152883  	0.08839911  
2020-08-04 00:13:48.971: iteration 3 finished in 0.908574 seconds
2020-08-04 00:13:48.992: epoch 3:	0.03260224  	0.02711858  	0.08359654  	0.13752629  	0.06141658  	0.07867133  	0.03121872  	0.03497559  	0.09651680  	0.10367095  
2020-08-04 00:13:49.878: iteration 4 finished in 0.885621 seconds
2020-08-04 00:13:49.897: epoch 4:	0.03399804  	0.02856425  	0.08399009  	0.14000779  	0.06439451  	0.08275106  	0.03378019  	0.03771259  	0.10211863  	0.11001131  
2020-08-04 00:13:50.781: iteration 5 finished in 0.884634 seconds
2020-08-04 00:13:50.803: epoch 5:	0.03539384  	0.02961109  	0.08589354  	0.14868617  	0.06789570  	0.08752993  	0.03672533  	0.04069377  	0.10811535  	0.11624608  
2020-08-04 00:13:51.680: iteration 6 finished in 0.876655 seconds
2020-08-04 00:13:51.702: epoch 6:	0.03718843  	0.03015944  	0.09201680  	0.15169719  	0.07029956  	0.08873282  	0.03708661  	0.04076128  	0.11038872  	0.11796825  
2020-08-04 00:13:52.584: iteration 7 finished in 0.881642 seconds
2020-08-04 00:13:52.603: epoch 7:	0.03718843  	0.03115645  	0.09244633  	0.16056500  	0.07016946  	0.09132522  	0.03673073  	0.04119412  	0.11008845  	0.11856204  
2020-08-04 00:13:53.465: iteration 8 finished in 0.862506 seconds
2020-08-04 00:13:53.488: epoch 8:	0.03848452  	0.03145555  	0.09466740  	0.15952915  	0.07128406  	0.09151649  	0.03663445  	0.04100351  	0.11219435  	0.11991792  
2020-08-04 00:13:54.348: iteration 9 finished in 0.859699 seconds
2020-08-04 00:13:54.370: epoch 9:	0.03948153  	0.03195406  	0.09905708  	0.16506970  	0.07386971  	0.09448704  	0.03822385  	0.04265853  	0.11540976  	0.12364458  
2020-08-04 00:13:55.269: iteration 10 finished in 0.899620 seconds
2020-08-04 00:13:55.291: epoch 10:	0.04017942  	0.03220332  	0.10134715  	0.16578370  	0.07550979  	0.09549968  	0.03915471  	0.04347959  	0.11796794  	0.12541865  
2020-08-04 00:13:56.151: iteration 11 finished in 0.859282 seconds
2020-08-04 00:13:56.171: epoch 11:	0.04107672  	0.03280152  	0.10169451  	0.16731074  	0.07666171  	0.09696985  	0.04004659  	0.04441433  	0.11933847  	0.12686050  
2020-08-04 00:13:57.064: iteration 12 finished in 0.892613 seconds
2020-08-04 00:13:57.086: epoch 12:	0.04107672  	0.03300091  	0.10339738  	0.16913818  	0.07764664  	0.09806371  	0.04086171  	0.04532640  	0.11984922  	0.12755032  
2020-08-04 00:13:57.946: iteration 13 finished in 0.859700 seconds
2020-08-04 00:13:57.967: epoch 13:	0.04067793  	0.03280151  	0.10269836  	0.16956820  	0.07765101  	0.09833534  	0.04104273  	0.04549564  	0.12105823  	0.12914714  
2020-08-04 00:13:58.843: iteration 14 finished in 0.876655 seconds
2020-08-04 00:13:58.862: epoch 14:	0.04057823  	0.03235286  	0.10187702  	0.16366480  	0.07833567  	0.09768125  	0.04194618  	0.04614923  	0.12325168  	0.13087228  
2020-08-04 00:13:59.768: iteration 15 finished in 0.905871 seconds
2020-08-04 00:13:59.791: epoch 15:	0.04017943  	0.03235287  	0.10079193  	0.16234359  	0.07811129  	0.09764564  	0.04189555  	0.04623955  	0.12438440  	0.13186672  
2020-08-04 00:14:00.689: iteration 16 finished in 0.896601 seconds
2020-08-04 00:14:00.708: epoch 16:	0.04017943  	0.03230302  	0.10137951  	0.16070350  	0.07800360  	0.09703488  	0.04167544  	0.04593648  	0.12400265  	0.13120885  
2020-08-04 00:14:01.609: iteration 17 finished in 0.901588 seconds
2020-08-04 00:14:01.630: epoch 17:	0.04007973  	0.03200391  	0.10290924  	0.15958418  	0.07824269  	0.09659060  	0.04172381  	0.04581476  	0.12408297  	0.13110550  
2020-08-04 00:14:02.549: iteration 18 finished in 0.918774 seconds
2020-08-04 00:14:02.568: epoch 18:	0.04037882  	0.03175466  	0.10479642  	0.15872361  	0.07891595  	0.09638809  	0.04208778  	0.04590389  	0.12423961  	0.13113423  
2020-08-04 00:14:03.470: iteration 19 finished in 0.901609 seconds
2020-08-04 00:14:03.490: epoch 19:	0.04007973  	0.03180451  	0.10559519  	0.15842211  	0.07852929  	0.09600018  	0.04165455  	0.04556903  	0.12299177  	0.12969282  
2020-08-04 00:14:04.393: iteration 20 finished in 0.901589 seconds
2020-08-04 00:14:04.416: epoch 20:	0.03988033  	0.03170481  	0.10476029  	0.15879610  	0.07811773  	0.09593013  	0.04145693  	0.04552681  	0.12238844  	0.12892757  
2020-08-04 00:14:05.281: iteration 21 finished in 0.865249 seconds
2020-08-04 00:14:05.301: epoch 21:	0.03988032  	0.03170481  	0.10482784  	0.15936917  	0.07823913  	0.09611025  	0.04156448  	0.04558489  	0.12275956  	0.12932923  
2020-08-04 00:14:06.197: iteration 22 finished in 0.895604 seconds
2020-08-04 00:14:06.220: epoch 22:	0.03988032  	0.03160511  	0.10395017  	0.15888306  	0.07807734  	0.09601695  	0.04149132  	0.04561888  	0.12270769  	0.12904207  
2020-08-04 00:14:07.100: iteration 23 finished in 0.880053 seconds
2020-08-04 00:14:07.121: epoch 23:	0.03978063  	0.03165495  	0.10371041  	0.15964562  	0.07820995  	0.09643987  	0.04165344  	0.04579038  	0.12377436  	0.13048078  
2020-08-04 00:14:07.984: iteration 24 finished in 0.863690 seconds
2020-08-04 00:14:08.005: epoch 24:	0.03938183  	0.03175465  	0.10297959  	0.15933669  	0.07771768  	0.09628756  	0.04152297  	0.04565542  	0.12276111  	0.12984169  
2020-08-04 00:14:09.009: iteration 25 finished in 1.002563 seconds
2020-08-04 00:14:09.031: epoch 25:	0.03948153  	0.03175465  	0.10314576  	0.15897867  	0.07759831  	0.09602686  	0.04136168  	0.04549986  	0.12191324  	0.12890151  
2020-08-04 00:14:10.027: iteration 26 finished in 0.996344 seconds
2020-08-04 00:14:10.048: epoch 26:	0.03998003  	0.03165495  	0.10445773  	0.16015084  	0.07805480  	0.09615566  	0.04149764  	0.04555721  	0.12162601  	0.12835342  
2020-08-04 00:14:11.041: iteration 27 finished in 0.992346 seconds
2020-08-04 00:14:11.063: epoch 27:	0.04017943  	0.03160510  	0.10485511  	0.16017804  	0.07872868  	0.09664908  	0.04205341  	0.04604146  	0.12292806  	0.12972373  
2020-08-04 00:14:12.051: iteration 28 finished in 0.987359 seconds
2020-08-04 00:14:12.073: epoch 28:	0.04027913  	0.03210361  	0.10517989  	0.16186324  	0.07885764  	0.09731717  	0.04212098  	0.04623367  	0.12285365  	0.12967776  
2020-08-04 00:14:13.062: iteration 29 finished in 0.989353 seconds
2020-08-04 00:14:13.084: epoch 29:	0.04067794  	0.03235286  	0.10515036  	0.16282147  	0.07927097  	0.09791515  	0.04261618  	0.04670203  	0.12289164  	0.12989864  
2020-08-04 00:14:14.095: iteration 30 finished in 1.011268 seconds
2020-08-04 00:14:14.117: epoch 30:	0.04037884  	0.03230302  	0.10402279  	0.16313487  	0.07912728  	0.09820928  	0.04275454  	0.04693325  	0.12374027  	0.13101690  
2020-08-04 00:14:15.115: iteration 31 finished in 0.997332 seconds
2020-08-04 00:14:15.139: epoch 31:	0.04037884  	0.03235286  	0.10389092  	0.16359247  	0.07905439  	0.09831317  	0.04276485  	0.04696256  	0.12305385  	0.13050088  
2020-08-04 00:14:16.139: iteration 32 finished in 0.999327 seconds
2020-08-04 00:14:16.162: epoch 32:	0.03988034  	0.03250241  	0.10267631  	0.16409098  	0.07853219  	0.09854883  	0.04264064  	0.04708876  	0.12268868  	0.13036485  
2020-08-04 00:14:17.155: iteration 33 finished in 0.992345 seconds
2020-08-04 00:14:17.177: epoch 33:	0.03978064  	0.03240271  	0.10259323  	0.16457732  	0.07854023  	0.09863677  	0.04274397  	0.04718477  	0.12267603  	0.13044040  
2020-08-04 00:14:18.151: iteration 34 finished in 0.974420 seconds
2020-08-04 00:14:18.173: epoch 34:	0.03948154  	0.03255226  	0.10176238  	0.16504030  	0.07838629  	0.09898890  	0.04280905  	0.04738635  	0.12308513  	0.13100304  
2020-08-04 00:14:19.160: iteration 35 finished in 0.986369 seconds
2020-08-04 00:14:19.182: epoch 35:	0.03938184  	0.03250241  	0.10177210  	0.16448428  	0.07878292  	0.09924788  	0.04338418  	0.04792279  	0.12345860  	0.13144980  
2020-08-04 00:14:20.175: iteration 36 finished in 0.993343 seconds
2020-08-04 00:14:20.197: epoch 36:	0.03968094  	0.03260211  	0.10223895  	0.16503087  	0.07901788  	0.09944617  	0.04344386  	0.04800248  	0.12370350  	0.13150410  
2020-08-04 00:14:21.127: iteration 37 finished in 0.930511 seconds
2020-08-04 00:14:21.148: epoch 37:	0.03968094  	0.03255226  	0.10240512  	0.16366383  	0.07883972  	0.09895099  	0.04320752  	0.04771486  	0.12330589  	0.13110220  
2020-08-04 00:14:22.149: iteration 38 finished in 0.999331 seconds
2020-08-04 00:14:22.171: epoch 38:	0.03988034  	0.03255226  	0.10346939  	0.16306841  	0.07863485  	0.09829959  	0.04272515  	0.04706209  	0.12212371  	0.12982649  
2020-08-04 00:14:23.165: iteration 39 finished in 0.994340 seconds
2020-08-04 00:14:23.187: epoch 39:	0.03958124  	0.03260211  	0.10261934  	0.16336040  	0.07797064  	0.09806184  	0.04225311  	0.04672082  	0.12113342  	0.12891360  
2020-08-04 00:14:24.176: iteration 40 finished in 0.989353 seconds
2020-08-04 00:14:24.198: epoch 40:	0.03988034  	0.03250242  	0.10436016  	0.16299085  	0.07853802  	0.09791066  	0.04246381  	0.04671222  	0.12120978  	0.12863272  
2020-08-04 00:14:25.201: iteration 41 finished in 1.002368 seconds
2020-08-04 00:14:25.224: epoch 41:	0.04007974  	0.03245256  	0.10466876  	0.16311845  	0.07884902  	0.09802670  	0.04259327  	0.04680378  	0.12209484  	0.12925997  
2020-08-04 00:14:26.110: iteration 42 finished in 0.885631 seconds
2020-08-04 00:14:26.132: epoch 42:	0.03998004  	0.03260211  	0.10452633  	0.16508476  	0.07828870  	0.09804615  	0.04193163  	0.04623596  	0.12155794  	0.12896098  
2020-08-04 00:14:27.059: iteration 43 finished in 0.926521 seconds
2020-08-04 00:14:27.080: epoch 43:	0.03998004  	0.03270181  	0.10452633  	0.16511509  	0.07819596  	0.09800706  	0.04183469  	0.04616442  	0.12120701  	0.12856649  
2020-08-04 00:14:28.011: iteration 44 finished in 0.931509 seconds
2020-08-04 00:14:28.033: epoch 44:	0.03968094  	0.03305077  	0.10323802  	0.16731729  	0.07776141  	0.09869207  	0.04173066  	0.04639418  	0.12083354  	0.12847309  
2020-08-04 00:14:28.975: iteration 45 finished in 0.942479 seconds
2020-08-04 00:14:28.997: epoch 45:	0.03968094  	0.03325017  	0.10323802  	0.16940333  	0.07788180  	0.09934048  	0.04185763  	0.04665710  	0.12098546  	0.12870304  
2020-08-04 00:14:29.959: iteration 46 finished in 0.961428 seconds
2020-08-04 00:14:29.980: epoch 46:	0.03968094  	0.03325017  	0.10373653  	0.16942763  	0.07771159  	0.09907594  	0.04161442  	0.04637266  	0.12026381  	0.12800682  
2020-08-04 00:14:30.912: iteration 47 finished in 0.932511 seconds
2020-08-04 00:14:30.934: epoch 47:	0.03968094  	0.03325017  	0.10394424  	0.16936235  	0.07784862  	0.09914409  	0.04169149  	0.04643276  	0.12052731  	0.12825955  
2020-08-04 00:14:31.870: iteration 48 finished in 0.935498 seconds
2020-08-04 00:14:31.892: epoch 48:	0.03988034  	0.03315047  	0.10471755  	0.16928566  	0.07766804  	0.09861786  	0.04118133  	0.04582101  	0.11987530  	0.12751347  
2020-08-04 00:14:32.887: iteration 49 finished in 0.995337 seconds
2020-08-04 00:14:32.911: epoch 49:	0.03968095  	0.03315047  	0.10328436  	0.16928566  	0.07710154  	0.09850052  	0.04095821  	0.04575608  	0.11906739  	0.12686230  
2020-08-04 00:14:33.917: iteration 50 finished in 1.006308 seconds
2020-08-04 00:14:33.940: epoch 50:	0.03988034  	0.03305077  	0.10367604  	0.16866136  	0.07741596  	0.09846746  	0.04114553  	0.04587156  	0.11958768  	0.12720869  
