2021-12-14 20:52:11.777: Dataset name: u1
The number of users: 7028
The number of items: 7028
The number of ratings: 103619
Average actions of users: 14.74
Average actions of items: 14.74
The sparsity of the dataset: 99.790214%
2021-12-14 20:52:11.777: 

NeuRec hyperparameters:
recommender=WRMF
config_dir=./conf
gpu_id=0
gpu_mem=0.5
data.input.path=D:\hsyoo\Workingon_210628/_Data/wiki-vote/noniid-out-barrier/u1/
data.input.dataset=u1
data.output.path=D:\hsyoo\Workingon_210628/_Emb/wiki-vote/noniid-out-barrier/wrmf/u1_wrmf_directed_dim16_uniform_send.emb
data.column.format=UI
data.convert.separator='\t'
user_min=0
item_min=0
splitter=given
ratio=0.8
by_time=False
metric=["Precision", "Recall", "NDCG", "MAP", "MRR"]
topk=[10, 20]
group_view=None
rec.evaluate.neg=0
test_batch_size=128
num_thread=8
data.index.remap=False

WRMF's hyperparameters:
epochs=50
embedding_size=16
reg_mf=0.1
alpha=10
init_method=uniform
stddev=0.01
verbose=1
weight=uniform

2021-12-14 20:54:18.859: metrics:	Precision@10	Precision@20	Recall@10   	Recall@20   	NDCG@10     	NDCG@20     	MAP@10      	MAP@20      	MRR@10      	MRR@20      
2021-12-14 20:54:25.302: iteration 1 finished in 6.443332 seconds
2021-12-14 20:54:25.412: epoch 1:	0.01550653  	0.01379997  	0.02324083  	0.04221561  	0.02102876  	0.02851910  	0.00871519  	0.00995251  	0.04600585  	0.05101429  
2021-12-14 20:54:30.584: iteration 2 finished in 5.172026 seconds
2021-12-14 20:54:30.677: epoch 2:	0.05329239  	0.04420898  	0.08961530  	0.14563884  	0.07834532  	0.10078802  	0.03769444  	0.04334224  	0.14775474  	0.15566599  
2021-12-14 20:54:35.847: iteration 3 finished in 5.170040 seconds
2021-12-14 20:54:35.941: epoch 3:	0.06100549  	0.05032303  	0.10428572  	0.17162493  	0.09118804  	0.11784628  	0.04473217  	0.05202638  	0.16902879  	0.17745973  
2021-12-14 20:54:41.095: iteration 4 finished in 5.153619 seconds
2021-12-14 20:54:41.189: epoch 4:	0.06396174  	0.05280896  	0.11063077  	0.17971039  	0.09533871  	0.12284576  	0.04684480  	0.05420783  	0.17435247  	0.18320625  
2021-12-14 20:54:46.367: iteration 5 finished in 5.178206 seconds
2021-12-14 20:54:46.460: epoch 5:	0.06398861  	0.05377644  	0.11072461  	0.18499380  	0.09619741  	0.12559496  	0.04777931  	0.05574129  	0.17582306  	0.18529359  
2021-12-14 20:54:51.647: iteration 6 finished in 5.186916 seconds
2021-12-14 20:54:51.741: epoch 6:	0.06552053  	0.05407207  	0.11542614  	0.18713562  	0.09839004  	0.12681034  	0.04848997  	0.05618675  	0.17844617  	0.18744525  
2021-12-14 20:54:56.901: iteration 7 finished in 5.160267 seconds
2021-12-14 20:54:56.995: epoch 7:	0.06586990  	0.05421987  	0.11647163  	0.18820202  	0.09966808  	0.12800859  	0.04954908  	0.05713192  	0.18042053  	0.18955299  
2021-12-14 20:55:02.170: iteration 8 finished in 5.174628 seconds
2021-12-14 20:55:02.248: epoch 8:	0.06611180  	0.05401830  	0.11750952  	0.18849750  	0.10043092  	0.12833361  	0.05012874  	0.05760344  	0.18091163  	0.18976632  
2021-12-14 20:55:07.423: iteration 9 finished in 5.175105 seconds
2021-12-14 20:55:07.517: epoch 9:	0.06595051  	0.05391076  	0.11750264  	0.18733141  	0.10035142  	0.12805586  	0.04996450  	0.05746111  	0.18144196  	0.19023581  
2021-12-14 20:55:12.683: iteration 10 finished in 5.166313 seconds
2021-12-14 20:55:12.790: epoch 10:	0.06621923  	0.05384358  	0.11735679  	0.18803498  	0.10058881  	0.12830801  	0.05014416  	0.05762589  	0.18180901  	0.19055337  
2021-12-14 20:55:17.980: iteration 11 finished in 5.190001 seconds
2021-12-14 20:55:18.059: epoch 11:	0.06616549  	0.05407201  	0.11681198  	0.18936665  	0.10100587  	0.12932660  	0.05063814  	0.05829793  	0.18336608  	0.19222321  
2021-12-14 20:55:23.256: iteration 12 finished in 5.197613 seconds
2021-12-14 20:55:23.349: epoch 12:	0.06576239  	0.05434077  	0.11594205  	0.19022879  	0.10041235  	0.12949760  	0.05019644  	0.05814430  	0.18312196  	0.19215961  
2021-12-14 20:55:28.559: iteration 13 finished in 5.210067 seconds
2021-12-14 20:55:28.653: epoch 13:	0.06538612  	0.05446171  	0.11532031  	0.18944740  	0.10033682  	0.12963155  	0.05043615  	0.05842498  	0.18322133  	0.19249338  
2021-12-14 20:55:33.848: iteration 14 finished in 5.194109 seconds
2021-12-14 20:55:33.938: epoch 14:	0.06573547  	0.05463642  	0.11671384  	0.18918543  	0.10065860  	0.12959026  	0.05058487  	0.05841776  	0.18201622  	0.19119602  
2021-12-14 20:55:39.144: iteration 15 finished in 5.205080 seconds
2021-12-14 20:55:39.235: epoch 15:	0.06605796  	0.05487827  	0.11672143  	0.19113535  	0.10092473  	0.13031904  	0.05080919  	0.05881266  	0.18196248  	0.19110949  
2021-12-14 20:55:44.439: iteration 16 finished in 5.203086 seconds
2021-12-14 20:55:44.529: epoch 16:	0.06643424  	0.05509327  	0.11832305  	0.19221514  	0.10146219  	0.13070847  	0.05092614  	0.05891402  	0.18182229  	0.19073819  
2021-12-14 20:55:49.748: iteration 17 finished in 5.219043 seconds
2021-12-14 20:55:49.841: epoch 17:	0.06597737  	0.05507983  	0.11794189  	0.19253278  	0.10150750  	0.13114361  	0.05110664  	0.05926734  	0.18311009  	0.19208278  
2021-12-14 20:55:55.045: iteration 18 finished in 5.204082 seconds
2021-12-14 20:55:55.137: epoch 18:	0.06619237  	0.05516048  	0.11910984  	0.19253373  	0.10241234  	0.13172522  	0.05165729  	0.05971520  	0.18519624  	0.19396222  
2021-12-14 20:56:00.366: iteration 19 finished in 5.229016 seconds
2021-12-14 20:56:00.458: epoch 19:	0.06635365  	0.05489173  	0.11999597  	0.19247833  	0.10304890  	0.13193829  	0.05202827  	0.05998060  	0.18661246  	0.19520968  
2021-12-14 20:56:05.667: iteration 20 finished in 5.209069 seconds
2021-12-14 20:56:05.759: epoch 20:	0.06678367  	0.05487829  	0.12054923  	0.19330181  	0.10343146  	0.13216630  	0.05209036  	0.05999789  	0.18746564  	0.19586252  
2021-12-14 20:56:10.941: iteration 21 finished in 5.182374 seconds
2021-12-14 20:56:11.035: epoch 21:	0.06624617  	0.05494548  	0.11910696  	0.19375764  	0.10307590  	0.13253061  	0.05206113  	0.06025450  	0.18800612  	0.19649550  
2021-12-14 20:56:16.216: iteration 22 finished in 5.181063 seconds
2021-12-14 20:56:16.309: epoch 22:	0.06627304  	0.05505298  	0.11846156  	0.19383024  	0.10313129  	0.13277340  	0.05214657  	0.06039331  	0.18869400  	0.19721095  
2021-12-14 20:56:21.492: iteration 23 finished in 5.182216 seconds
2021-12-14 20:56:21.601: epoch 23:	0.06667615  	0.05517393  	0.11937584  	0.19455159  	0.10380038  	0.13325927  	0.05260883  	0.06072739  	0.18938066  	0.19794114  
2021-12-14 20:56:26.796: iteration 24 finished in 5.195106 seconds
2021-12-14 20:56:26.893: epoch 24:	0.06662241  	0.05498581  	0.11918354  	0.19402260  	0.10377420  	0.13304986  	0.05274938  	0.06074276  	0.18909523  	0.19779409  
2021-12-14 20:56:32.077: iteration 25 finished in 5.184135 seconds
2021-12-14 20:56:32.170: epoch 25:	0.06654179  	0.05501269  	0.11935087  	0.19456156  	0.10378189  	0.13316728  	0.05269995  	0.06066672  	0.18938020  	0.19813049  
2021-12-14 20:56:37.383: iteration 26 finished in 5.213058 seconds
2021-12-14 20:56:37.475: epoch 26:	0.06675680  	0.05481112  	0.11998554  	0.19371061  	0.10423190  	0.13307248  	0.05301413  	0.06077123  	0.18996806  	0.19864172  
2021-12-14 20:56:42.678: iteration 27 finished in 5.203085 seconds
2021-12-14 20:56:42.776: epoch 27:	0.06681055  	0.05470363  	0.12058799  	0.19329253  	0.10451912  	0.13300848  	0.05320389  	0.06084908  	0.19021221  	0.19874449  
2021-12-14 20:56:47.976: iteration 28 finished in 5.200093 seconds
2021-12-14 20:56:48.070: epoch 28:	0.06654180  	0.05469019  	0.11991017  	0.19347726  	0.10437511  	0.13318761  	0.05323052  	0.06101099  	0.19053175  	0.19923642  
2021-12-14 20:56:53.261: iteration 29 finished in 5.190120 seconds
2021-12-14 20:56:53.351: epoch 29:	0.06670306  	0.05452896  	0.12042721  	0.19324729  	0.10450216  	0.13296646  	0.05320865  	0.06085749  	0.19074067  	0.19944173  
2021-12-14 20:56:58.529: iteration 30 finished in 5.178152 seconds
2021-12-14 20:56:58.627: epoch 30:	0.06656868  	0.05463645  	0.12011883  	0.19362693  	0.10435019  	0.13311964  	0.05319409  	0.06092980  	0.19032803  	0.19927731  
2021-12-14 20:57:03.830: iteration 31 finished in 5.202088 seconds
2021-12-14 20:57:03.920: epoch 31:	0.06667619  	0.05469021  	0.12070131  	0.19401158  	0.10455171  	0.13322814  	0.05324951  	0.06093204  	0.19053763  	0.19942611  
2021-12-14 20:57:09.085: iteration 32 finished in 5.165187 seconds
2021-12-14 20:57:09.176: epoch 32:	0.06686431  	0.05477083  	0.12080070  	0.19487010  	0.10473104  	0.13355075  	0.05329835  	0.06101942  	0.19099858  	0.19988342  
2021-12-14 20:57:14.341: iteration 33 finished in 5.164846 seconds
2021-12-14 20:57:14.426: epoch 33:	0.06705245  	0.05491865  	0.12097404  	0.19550768  	0.10454326  	0.13346194  	0.05307213  	0.06081599  	0.18998654  	0.19883355  
2021-12-14 20:57:19.586: iteration 34 finished in 5.160469 seconds
2021-12-14 20:57:19.680: epoch 34:	0.06675681  	0.05493207  	0.12035049  	0.19522470  	0.10411736  	0.13326754  	0.05283147  	0.06065183  	0.18937373  	0.19839239  
2021-12-14 20:57:24.887: iteration 35 finished in 5.206949 seconds
2021-12-14 20:57:24.975: epoch 35:	0.06670307  	0.05470365  	0.11968198  	0.19439375  	0.10390230  	0.13290650  	0.05280453  	0.06055077  	0.18897927  	0.19802910  
2021-12-14 20:57:30.158: iteration 36 finished in 5.182141 seconds
2021-12-14 20:57:30.251: epoch 36:	0.06678369  	0.05471708  	0.11969679  	0.19457477  	0.10397010  	0.13298446  	0.05289732  	0.06063310  	0.18882629  	0.19787726  
2021-12-14 20:57:35.435: iteration 37 finished in 5.184136 seconds
2021-12-14 20:57:35.527: epoch 37:	0.06686431  	0.05464990  	0.11990498  	0.19449984  	0.10414716  	0.13301620  	0.05295318  	0.06065277  	0.18954954  	0.19858019  
2021-12-14 20:57:40.724: iteration 38 finished in 5.197101 seconds
2021-12-14 20:57:40.815: epoch 38:	0.06689118  	0.05454239  	0.12005269  	0.19469582  	0.10448241  	0.13327155  	0.05337264  	0.06104824  	0.18986844  	0.19885060  
2021-12-14 20:57:46.000: iteration 39 finished in 5.184136 seconds
2021-12-14 20:57:46.090: epoch 39:	0.06683743  	0.05456927  	0.11996251  	0.19460261  	0.10471517  	0.13357688  	0.05361661  	0.06131034  	0.19091478  	0.19994894  
2021-12-14 20:57:51.274: iteration 40 finished in 5.184136 seconds
2021-12-14 20:57:51.368: epoch 40:	0.06713305  	0.05459614  	0.12039122  	0.19420820  	0.10486821  	0.13341464  	0.05365662  	0.06125580  	0.19063374  	0.19950104  
2021-12-14 20:57:56.559: iteration 41 finished in 5.191117 seconds
2021-12-14 20:57:56.652: epoch 41:	0.06705242  	0.05456928  	0.12022572  	0.19440305  	0.10481177  	0.13344601  	0.05364639  	0.06128036  	0.19061989  	0.19958310  
2021-12-14 20:58:01.856: iteration 42 finished in 5.204082 seconds
2021-12-14 20:58:01.947: epoch 42:	0.06672991  	0.05462304  	0.11947612  	0.19444627  	0.10450899  	0.13350825  	0.05352830  	0.06125147  	0.19092025  	0.20007104  
2021-12-14 20:58:07.155: iteration 43 finished in 5.208072 seconds
2021-12-14 20:58:07.244: epoch 43:	0.06664929  	0.05469022  	0.12042435  	0.19485421  	0.10455592  	0.13351001  	0.05345918  	0.06120529  	0.19040261  	0.19948953  
2021-12-14 20:58:12.418: iteration 44 finished in 5.173092 seconds
2021-12-14 20:58:12.512: epoch 44:	0.06670303  	0.05473052  	0.12032438  	0.19437781  	0.10458741  	0.13347664  	0.05355378  	0.06126152  	0.19004507  	0.19916645  
2021-12-14 20:58:17.681: iteration 45 finished in 5.169425 seconds
2021-12-14 20:58:17.757: epoch 45:	0.06662239  	0.05463645  	0.11992742  	0.19360936  	0.10429315  	0.13311073  	0.05336099  	0.06106868  	0.18946448  	0.19864450  
2021-12-14 20:58:22.957: iteration 46 finished in 5.184380 seconds
2021-12-14 20:58:23.050: epoch 46:	0.06632677  	0.05462302  	0.11992625  	0.19333853  	0.10423436  	0.13312054  	0.05339270  	0.06112603  	0.18973906  	0.19899359  
2021-12-14 20:58:28.253: iteration 47 finished in 5.203085 seconds
2021-12-14 20:58:28.346: epoch 47:	0.06638055  	0.05474394  	0.11978498  	0.19340529  	0.10424457  	0.13323678  	0.05331802  	0.06112432  	0.19021805  	0.19937789  
2021-12-14 20:58:33.531: iteration 48 finished in 5.185133 seconds
2021-12-14 20:58:33.624: epoch 48:	0.06616554  	0.05464988  	0.11921268  	0.19292478  	0.10408756  	0.13314034  	0.05338331  	0.06122676  	0.18999590  	0.19926402  
2021-12-14 20:58:38.821: iteration 49 finished in 5.197101 seconds
2021-12-14 20:58:38.912: epoch 49:	0.06635367  	0.05471708  	0.11972923  	0.19307891  	0.10429490  	0.13319728  	0.05347466  	0.06125073  	0.19001764  	0.19920462  
2021-12-14 20:58:44.099: iteration 50 finished in 5.187128 seconds
2021-12-14 20:58:44.192: epoch 50:	0.06635367  	0.05470363  	0.11989810  	0.19298466  	0.10424098  	0.13306071  	0.05338976  	0.06110645  	0.18980321  	0.19902615  
