2021-12-14 21:35:19.368: Dataset name: u1
The number of users: 6558
The number of items: 6558
The number of ratings: 103122
Average actions of users: 15.72
Average actions of items: 15.72
The sparsity of the dataset: 99.760222%
2021-12-14 21:35:19.368: 

NeuRec hyperparameters:
recommender=WRMF
config_dir=./conf
gpu_id=0
gpu_mem=0.5
data.input.path=D:\hsyoo\Workingon_210628/_Data/wiki-vote/random-barrier/u1/
data.input.dataset=u1
data.output.path=D:\hsyoo\Workingon_210628/_Emb/wiki-vote/random-barrier/wrmf/u1_wrmf_directed_dim16_uniform_send.emb
data.column.format=UI
data.convert.separator='\t'
user_min=0
item_min=0
splitter=given
ratio=0.8
by_time=False
metric=["Precision", "Recall", "NDCG", "MAP", "MRR"]
topk=[10, 20]
group_view=None
rec.evaluate.neg=0
test_batch_size=128
num_thread=8
data.index.remap=False

WRMF's hyperparameters:
epochs=50
embedding_size=16
reg_mf=0.1
alpha=10
init_method=uniform
stddev=0.01
verbose=1
weight=uniform

2021-12-14 21:37:11.599: metrics:	Precision@10	Precision@20	Recall@10   	Recall@20   	NDCG@10     	NDCG@20     	MAP@10      	MAP@20      	MRR@10      	MRR@20      
2021-12-14 21:37:17.496: iteration 1 finished in 5.897093 seconds
2021-12-14 21:37:17.590: epoch 1:	0.02678302  	0.02316220  	0.03044990  	0.05235211  	0.03634595  	0.04083028  	0.01750571  	0.01604364  	0.07235073  	0.07747922  
2021-12-14 21:37:22.266: iteration 2 finished in 4.675895 seconds
2021-12-14 21:37:22.336: epoch 2:	0.07088821  	0.05895248  	0.10858580  	0.17533235  	0.10801321  	0.12450407  	0.05921016  	0.05923820  	0.17780812  	0.18539025  
2021-12-14 21:37:26.985: iteration 3 finished in 4.649566 seconds
2021-12-14 21:37:27.059: epoch 3:	0.07944006  	0.06595763  	0.12655134  	0.20684110  	0.12392864  	0.14407970  	0.06973717  	0.07078813  	0.19879575  	0.20654547  
2021-12-14 21:37:31.754: iteration 4 finished in 4.694445 seconds
2021-12-14 21:37:31.826: epoch 4:	0.08173270  	0.06783176  	0.12997693  	0.21849555  	0.12672347  	0.14862394  	0.07090824  	0.07208940  	0.20233414  	0.21104658  
2021-12-14 21:37:36.523: iteration 5 finished in 4.696441 seconds
2021-12-14 21:37:36.596: epoch 5:	0.08216938  	0.06843219  	0.13236675  	0.21548748  	0.12947199  	0.15059446  	0.07348352  	0.07479835  	0.20705678  	0.21531504  
2021-12-14 21:37:41.286: iteration 6 finished in 4.689459 seconds
2021-12-14 21:37:41.359: epoch 6:	0.08213300  	0.06883252  	0.13382193  	0.21564299  	0.13012390  	0.15119663  	0.07407746  	0.07540911  	0.20724650  	0.21513164  
2021-12-14 21:37:46.062: iteration 7 finished in 4.703422 seconds
2021-12-14 21:37:46.135: epoch 7:	0.08140518  	0.06950571  	0.13068928  	0.21705478  	0.12957141  	0.15235324  	0.07440013  	0.07621770  	0.20792970  	0.21636733  
2021-12-14 21:37:50.838: iteration 8 finished in 4.703422 seconds
2021-12-14 21:37:50.912: epoch 8:	0.08165986  	0.06966950  	0.13017203  	0.21797895  	0.13030899  	0.15333337  	0.07524303  	0.07710078  	0.21004914  	0.21868981  
2021-12-14 21:37:55.618: iteration 9 finished in 4.705416 seconds
2021-12-14 21:37:55.693: epoch 9:	0.08220575  	0.06974227  	0.13143910  	0.21750835  	0.13095538  	0.15332170  	0.07564386  	0.07727261  	0.20965318  	0.21805592  
2021-12-14 21:38:00.393: iteration 10 finished in 4.699432 seconds
2021-12-14 21:38:00.465: epoch 10:	0.08256961  	0.06968769  	0.13107932  	0.21685633  	0.13088389  	0.15296412  	0.07544888  	0.07694713  	0.20956723  	0.21818887  
2021-12-14 21:38:05.135: iteration 11 finished in 4.670510 seconds
2021-12-14 21:38:05.209: epoch 11:	0.08344301  	0.06948753  	0.13097535  	0.21428534  	0.13142055  	0.15242781  	0.07587520  	0.07686499  	0.20965181  	0.21812285  
2021-12-14 21:38:09.883: iteration 12 finished in 4.674499 seconds
2021-12-14 21:38:09.954: epoch 12:	0.08373414  	0.06932378  	0.13322225  	0.21251273  	0.13205063  	0.15197472  	0.07610501  	0.07677067  	0.20924060  	0.21741977  
2021-12-14 21:38:14.604: iteration 13 finished in 4.648479 seconds
2021-12-14 21:38:14.666: epoch 13:	0.08398890  	0.06959667  	0.13506468  	0.21207230  	0.13184306  	0.15132827  	0.07521728  	0.07593454  	0.20835525  	0.21622184  
2021-12-14 21:38:19.323: iteration 14 finished in 4.657073 seconds
2021-12-14 21:38:19.401: epoch 14:	0.08435280  	0.06966947  	0.13521698  	0.21366754  	0.13189536  	0.15159597  	0.07512326  	0.07590037  	0.20784265  	0.21563989  
2021-12-14 21:38:24.090: iteration 15 finished in 4.689099 seconds
2021-12-14 21:38:24.161: epoch 15:	0.08435279  	0.06965128  	0.13582392  	0.21553610  	0.13219738  	0.15221375  	0.07521404  	0.07623981  	0.20829293  	0.21603426  
2021-12-14 21:38:28.855: iteration 16 finished in 4.693448 seconds
2021-12-14 21:38:28.926: epoch 16:	0.08402529  	0.06981505  	0.13673656  	0.21708626  	0.13215539  	0.15263037  	0.07522476  	0.07649875  	0.20710927  	0.21482427  
2021-12-14 21:38:33.637: iteration 17 finished in 4.710403 seconds
2021-12-14 21:38:33.708: epoch 17:	0.08391613  	0.07001521  	0.13714243  	0.21787536  	0.13210383  	0.15278384  	0.07519083  	0.07644258  	0.20675927  	0.21450520  
2021-12-14 21:38:38.394: iteration 18 finished in 4.686467 seconds
2021-12-14 21:38:38.467: epoch 18:	0.08384337  	0.07039728  	0.13801159  	0.21892849  	0.13256271  	0.15352097  	0.07559046  	0.07688659  	0.20737751  	0.21516541  
2021-12-14 21:38:43.187: iteration 19 finished in 4.719379 seconds
2021-12-14 21:38:43.264: epoch 19:	0.08366142  	0.07025171  	0.13727902  	0.21798326  	0.13240130  	0.15340354  	0.07556432  	0.07695765  	0.20767471  	0.21563305  
2021-12-14 21:38:47.952: iteration 20 finished in 4.687464 seconds
2021-12-14 21:38:48.023: epoch 20:	0.08424370  	0.07047004  	0.13800827  	0.21931155  	0.13293438  	0.15389816  	0.07580996  	0.07711778  	0.20832489  	0.21620041  
2021-12-14 21:38:52.716: iteration 21 finished in 4.692451 seconds
2021-12-14 21:38:52.790: epoch 21:	0.08442567  	0.07065200  	0.13884625  	0.21876502  	0.13337724  	0.15406998  	0.07599569  	0.07727918  	0.20915675  	0.21680547  
2021-12-14 21:38:57.479: iteration 22 finished in 4.689459 seconds
2021-12-14 21:38:57.553: epoch 22:	0.08457122  	0.07054281  	0.13960314  	0.21861631  	0.13345562  	0.15383701  	0.07594286  	0.07712605  	0.20889473  	0.21642622  
2021-12-14 21:39:02.243: iteration 23 finished in 4.690456 seconds
2021-12-14 21:39:02.317: epoch 23:	0.08497150  	0.07065198  	0.13896543  	0.21908402  	0.13354477  	0.15408094  	0.07602389  	0.07727233  	0.20881441  	0.21645999  
2021-12-14 21:39:07.013: iteration 24 finished in 4.695443 seconds
2021-12-14 21:39:07.084: epoch 24:	0.08497148  	0.07079753  	0.13938713  	0.22020514  	0.13352187  	0.15435047  	0.07591233  	0.07720686  	0.20887829  	0.21667565  
2021-12-14 21:39:11.738: iteration 25 finished in 4.653265 seconds
2021-12-14 21:39:11.816: epoch 25:	0.08478953  	0.07096129  	0.13860437  	0.22266503  	0.13332725  	0.15507483  	0.07590551  	0.07740045  	0.20920743  	0.21721397  
2021-12-14 21:39:16.489: iteration 26 finished in 4.672780 seconds
2021-12-14 21:39:16.567: epoch 26:	0.08453479  	0.07108866  	0.13834204  	0.22251083  	0.13321233  	0.15518107  	0.07589125  	0.07745411  	0.20958462  	0.21768044  
2021-12-14 21:39:21.224: iteration 27 finished in 4.657372 seconds
2021-12-14 21:39:21.302: epoch 27:	0.08453480  	0.07103407  	0.13816674  	0.22201882  	0.13316342  	0.15506534  	0.07592503  	0.07745759  	0.20917985  	0.21726386  
2021-12-14 21:39:26.005: iteration 28 finished in 4.703134 seconds
2021-12-14 21:39:26.078: epoch 28:	0.08453479  	0.07105228  	0.13824369  	0.22096643  	0.13303803  	0.15473895  	0.07576028  	0.07725811  	0.20882910  	0.21688531  
2021-12-14 21:39:30.761: iteration 29 finished in 4.682478 seconds
2021-12-14 21:39:30.831: epoch 29:	0.08442562  	0.07103408  	0.13812882  	0.22122386  	0.13283642  	0.15464026  	0.07558839  	0.07712157  	0.20850167  	0.21654469  
2021-12-14 21:39:35.532: iteration 30 finished in 4.700429 seconds
2021-12-14 21:39:35.603: epoch 30:	0.08431644  	0.07077936  	0.13756663  	0.22016045  	0.13275667  	0.15436526  	0.07568282  	0.07712378  	0.20858243  	0.21665543  
2021-12-14 21:39:40.292: iteration 31 finished in 4.689458 seconds
2021-12-14 21:39:40.365: epoch 31:	0.08449839  	0.07087032  	0.13783799  	0.22037494  	0.13299911  	0.15452506  	0.07592912  	0.07731812  	0.20848578  	0.21660246  
2021-12-14 21:39:45.058: iteration 32 finished in 4.693448 seconds
2021-12-14 21:39:45.128: epoch 32:	0.08468034  	0.07076117  	0.13807940  	0.22009680  	0.13302401  	0.15427200  	0.07580563  	0.07707249  	0.20856628  	0.21658523  
2021-12-14 21:39:49.837: iteration 33 finished in 4.708408 seconds
2021-12-14 21:39:49.907: epoch 33:	0.08471672  	0.07067018  	0.13838822  	0.21949735  	0.13325934  	0.15425709  	0.07603237  	0.07721013  	0.20867643  	0.21664053  
2021-12-14 21:39:54.617: iteration 34 finished in 4.708409 seconds
2021-12-14 21:39:54.690: epoch 34:	0.08493507  	0.07065199  	0.13896115  	0.21931209  	0.13373183  	0.15444984  	0.07636328  	0.07745047  	0.20936240  	0.21721040  
2021-12-14 21:39:59.401: iteration 35 finished in 4.711400 seconds
2021-12-14 21:39:59.472: epoch 35:	0.08511700  	0.07061559  	0.13901392  	0.21953209  	0.13375153  	0.15439865  	0.07625620  	0.07729260  	0.20953611  	0.21736366  
2021-12-14 21:40:04.191: iteration 36 finished in 4.719379 seconds
2021-12-14 21:40:04.263: epoch 36:	0.08518978  	0.07067018  	0.13947986  	0.22019614  	0.13378151  	0.15447468  	0.07615188  	0.07720955  	0.20928240  	0.21708517  
2021-12-14 21:40:08.965: iteration 37 finished in 4.702424 seconds
2021-12-14 21:40:09.037: epoch 37:	0.08522617  	0.07074296  	0.13958381  	0.22063959  	0.13373974  	0.15452543  	0.07609260  	0.07716258  	0.20904452  	0.21688978  
2021-12-14 21:40:13.716: iteration 38 finished in 4.678413 seconds
2021-12-14 21:40:13.794: epoch 38:	0.08518978  	0.07068839  	0.13962375  	0.22092336  	0.13363889  	0.15448380  	0.07602516  	0.07709680  	0.20868817  	0.21659774  
2021-12-14 21:40:18.472: iteration 39 finished in 4.678108 seconds
2021-12-14 21:40:18.534: epoch 39:	0.08515339  	0.07072478  	0.13920870  	0.22164419  	0.13363431  	0.15474440  	0.07602180  	0.07719101  	0.20941596  	0.21727931  
2021-12-14 21:40:23.239: iteration 40 finished in 4.704270 seconds
2021-12-14 21:40:23.309: epoch 40:	0.08508060  	0.07063381  	0.13928220  	0.22150400  	0.13364339  	0.15468968  	0.07600989  	0.07716361  	0.20960152  	0.21743271  
2021-12-14 21:40:27.998: iteration 41 finished in 4.688462 seconds
2021-12-14 21:40:28.070: epoch 41:	0.08511700  	0.07063380  	0.13872464  	0.22193618  	0.13331915  	0.15457627  	0.07576276  	0.07696353  	0.20888296  	0.21678156  
2021-12-14 21:40:32.775: iteration 42 finished in 4.705416 seconds
2021-12-14 21:40:32.846: epoch 42:	0.08504422  	0.07057921  	0.13797385  	0.22158904  	0.13306992  	0.15442769  	0.07563303  	0.07688072  	0.20883146  	0.21679890  
2021-12-14 21:40:37.541: iteration 43 finished in 4.695443 seconds
2021-12-14 21:40:37.614: epoch 43:	0.08471670  	0.07065200  	0.13730423  	0.22207057  	0.13270947  	0.15450962  	0.07546286  	0.07684451  	0.20871519  	0.21689345  
2021-12-14 21:40:42.329: iteration 44 finished in 4.714392 seconds
2021-12-14 21:40:42.399: epoch 44:	0.08457115  	0.07067019  	0.13704324  	0.22250848  	0.13259122  	0.15463161  	0.07545906  	0.07689705  	0.20854436  	0.21677351  
2021-12-14 21:40:47.085: iteration 45 finished in 4.685470 seconds
2021-12-14 21:40:47.159: epoch 45:	0.08431641  	0.07057922  	0.13652994  	0.22262917  	0.13231432  	0.15457404  	0.07536177  	0.07687088  	0.20825742  	0.21661435  
2021-12-14 21:40:51.847: iteration 46 finished in 4.688083 seconds
2021-12-14 21:40:51.918: epoch 46:	0.08435279  	0.07056102  	0.13659061  	0.22274587  	0.13231383  	0.15456432  	0.07535870  	0.07682415  	0.20819199  	0.21662195  
2021-12-14 21:40:56.575: iteration 47 finished in 4.656643 seconds
2021-12-14 21:40:56.653: epoch 47:	0.08442558  	0.07057922  	0.13667287  	0.22266752  	0.13219102  	0.15439904  	0.07515884  	0.07661427  	0.20797610  	0.21638525  
2021-12-14 21:41:01.338: iteration 48 finished in 4.685242 seconds
2021-12-14 21:41:01.416: epoch 48:	0.08442558  	0.07061560  	0.13675725  	0.22275107  	0.13225444  	0.15448715  	0.07515338  	0.07663514  	0.20850158  	0.21687037  
2021-12-14 21:41:06.094: iteration 49 finished in 4.677797 seconds
2021-12-14 21:41:06.157: epoch 49:	0.08449836  	0.07057922  	0.13718848  	0.22275120  	0.13237551  	0.15445983  	0.07515182  	0.07661480  	0.20857085  	0.21691900  
2021-12-14 21:41:10.855: iteration 50 finished in 4.698564 seconds
2021-12-14 21:41:10.933: epoch 50:	0.08457115  	0.07061560  	0.13705999  	0.22245970  	0.13239369  	0.15442079  	0.07516976  	0.07659119  	0.20865220  	0.21700783  
