2020-07-18 22:15:12.007: Dataset name: u1
The number of users: 2445
The number of items: 5829
The number of ratings: 20336
Average actions of users: 8.32
Average actions of items: 3.49
The sparsity of the dataset: 99.857310%
2020-07-18 22:15:12.007: 

NeuRec hyperparameters:
recommender=WRMF
config_dir=./conf
gpu_id=0
gpu_mem=0.5
data.input.path=C:\Users\tensorflow\LYC\INP/_Data/p2p-Gnutella08/5-Fold/u1/
data.input.dataset=u1
data.output.path=C:\Users\tensorflow\LYC\INP/_Data/p2p-Gnutella08/5-Fold/u1/
data.column.format=UI
data.convert.separator='\t'
user_min=0
item_min=0
splitter=given
ratio=0.8
by_time=False
metric=["Precision", "Recall", "NDCG", "MAP", "MRR"]
topk=[10, 20]
group_view=None
rec.evaluate.neg=0
test_batch_size=128
num_thread=8

WRMF's hyperparameters:
epochs=100
embedding_size=16
reg_mf=0.1
alpha=10
init_method=uniform
stddev=0.01
verbose=1

2020-07-18 22:15:12.163: metrics:	Precision@10	Precision@20	Recall@10   	Recall@20   	NDCG@10     	NDCG@20     	MAP@10      	MAP@20      	MRR@10      	MRR@20      
2020-07-18 22:15:15.162: iteration 1 finished in 2.999274 seconds
2020-07-18 22:15:15.209: epoch 1:	0.00892525  	0.00773366  	0.04626168  	0.08107477  	0.02711759  	0.03759798  	0.01603054  	0.01898815  	0.02800623  	0.03126941  
2020-07-18 22:15:18.052: iteration 2 finished in 2.843080 seconds
2020-07-18 22:15:18.099: epoch 2:	0.01233647  	0.01042056  	0.06425234  	0.10911215  	0.03704326  	0.05057034  	0.02184320  	0.02602293  	0.03719959  	0.04066419  
2020-07-18 22:15:20.817: iteration 3 finished in 2.718110 seconds
2020-07-18 22:15:20.864: epoch 3:	0.01406545  	0.01158878  	0.07383177  	0.12149533  	0.04177481  	0.05628468  	0.02440987  	0.02906498  	0.04119345  	0.04474964  
2020-07-18 22:15:23.457: iteration 4 finished in 2.593140 seconds
2020-07-18 22:15:23.504: epoch 4:	0.01415891  	0.01189251  	0.07476635  	0.12453271  	0.04335210  	0.05866029  	0.02610843  	0.03098939  	0.04315143  	0.04714666  
2020-07-18 22:15:26.019: iteration 5 finished in 2.515032 seconds
2020-07-18 22:15:26.066: epoch 5:	0.01471966  	0.01240653  	0.07733645  	0.13037384  	0.04516539  	0.06130701  	0.02726876  	0.03241232  	0.04541166  	0.04947527  
2020-07-18 22:15:28.581: iteration 6 finished in 2.515032 seconds
2020-07-18 22:15:28.628: epoch 6:	0.01528040  	0.01266354  	0.08060747  	0.13317756  	0.04617845  	0.06206680  	0.02755914  	0.03253631  	0.04560432  	0.04955631  
2020-07-18 22:15:31.127: iteration 7 finished in 2.499412 seconds
2020-07-18 22:15:31.174: epoch 7:	0.01537386  	0.01282709  	0.08107477  	0.13481309  	0.04650352  	0.06271718  	0.02771529  	0.03279547  	0.04603730  	0.05001127  
2020-07-18 22:15:33.689: iteration 8 finished in 2.515033 seconds
2020-07-18 22:15:33.736: epoch 8:	0.01514022  	0.01275700  	0.07943925  	0.13411215  	0.04625452  	0.06280778  	0.02787690  	0.03307626  	0.04631267  	0.05050305  
2020-07-18 22:15:36.251: iteration 9 finished in 2.515033 seconds
2020-07-18 22:15:36.298: epoch 9:	0.01523368  	0.01280372  	0.08014019  	0.13504674  	0.04697556  	0.06355104  	0.02845100  	0.03369444  	0.04739895  	0.05147783  
2020-07-18 22:15:38.813: iteration 10 finished in 2.515033 seconds
2020-07-18 22:15:38.844: epoch 10:	0.01532713  	0.01280372  	0.08060747  	0.13528037  	0.04719621  	0.06364208  	0.02851322  	0.03373404  	0.04754600  	0.05149066  
2020-07-18 22:15:41.359: iteration 11 finished in 2.515033 seconds
2020-07-18 22:15:41.406: epoch 11:	0.01537386  	0.01271027  	0.08130841  	0.13457943  	0.04732888  	0.06337157  	0.02854455  	0.03364646  	0.04737261  	0.05120406  
2020-07-18 22:15:43.921: iteration 12 finished in 2.515033 seconds
2020-07-18 22:15:43.968: epoch 12:	0.01542059  	0.01282709  	0.08177570  	0.13574766  	0.04755828  	0.06381559  	0.02872015  	0.03388778  	0.04751875  	0.05136886  
2020-07-18 22:15:46.467: iteration 13 finished in 2.499411 seconds
2020-07-18 22:15:46.514: epoch 13:	0.01556078  	0.01285046  	0.08247664  	0.13598131  	0.04791665  	0.06398279  	0.02898977  	0.03410780  	0.04765169  	0.05135535  
2020-07-18 22:15:49.045: iteration 14 finished in 2.530654 seconds
2020-07-18 22:15:49.092: epoch 14:	0.01542059  	0.01282709  	0.08177570  	0.13574766  	0.04772326  	0.06392626  	0.02894545  	0.03406442  	0.04766653  	0.05148096  
2020-07-18 22:15:51.669: iteration 15 finished in 2.577518 seconds
2020-07-18 22:15:51.701: epoch 15:	0.01551405  	0.01275700  	0.08247664  	0.13504674  	0.04780858  	0.06360327  	0.02882649  	0.03384396  	0.04762704  	0.05128914  
2020-07-18 22:15:54.231: iteration 16 finished in 2.530655 seconds
2020-07-18 22:15:54.278: epoch 16:	0.01542059  	0.01285046  	0.08177570  	0.13621496  	0.04789116  	0.06418186  	0.02913487  	0.03428487  	0.04813883  	0.05191789  
2020-07-18 22:15:56.809: iteration 17 finished in 2.530654 seconds
2020-07-18 22:15:56.856: epoch 17:	0.01537386  	0.01292055  	0.08130841  	0.13691589  	0.04810243  	0.06471561  	0.02951788  	0.03471901  	0.04868566  	0.05262148  
2020-07-18 22:15:59.386: iteration 18 finished in 2.530655 seconds
2020-07-18 22:15:59.433: epoch 18:	0.01537386  	0.01285046  	0.08130841  	0.13621496  	0.04840115  	0.06481475  	0.02982968  	0.03498681  	0.04945669  	0.05332542  
2020-07-18 22:16:01.964: iteration 19 finished in 2.530654 seconds
2020-07-18 22:16:02.011: epoch 19:	0.01523368  	0.01282709  	0.08060747  	0.13598131  	0.04812403  	0.06471881  	0.02972324  	0.03496509  	0.04920599  	0.05313276  
2020-07-18 22:16:04.541: iteration 20 finished in 2.530654 seconds
2020-07-18 22:16:04.588: epoch 20:	0.01514022  	0.01292055  	0.08014019  	0.13691589  	0.04803591  	0.06507423  	0.02976432  	0.03510338  	0.04929073  	0.05343561  
2020-07-18 22:16:07.119: iteration 21 finished in 2.530654 seconds
2020-07-18 22:16:07.150: epoch 21:	0.01509349  	0.01289719  	0.07990655  	0.13668224  	0.04771572  	0.06477803  	0.02946392  	0.03482208  	0.04883383  	0.05299827  
2020-07-18 22:16:09.681: iteration 22 finished in 2.530653 seconds
2020-07-18 22:16:09.728: epoch 22:	0.01500003  	0.01294392  	0.07920561  	0.13714953  	0.04737877  	0.06480134  	0.02927125  	0.03472979  	0.04846852  	0.05278818  
2020-07-18 22:16:12.243: iteration 23 finished in 2.515033 seconds
2020-07-18 22:16:12.289: epoch 23:	0.01509349  	0.01306074  	0.07990655  	0.13831776  	0.04762078  	0.06515706  	0.02937028  	0.03480173  	0.04863393  	0.05302198  
2020-07-18 22:16:14.820: iteration 24 finished in 2.530655 seconds
2020-07-18 22:16:14.851: epoch 24:	0.01495331  	0.01303737  	0.07920561  	0.13808411  	0.04735091  	0.06506860  	0.02918837  	0.03474462  	0.04865173  	0.05301008  
2020-07-18 22:16:17.382: iteration 25 finished in 2.530654 seconds
2020-07-18 22:16:17.429: epoch 25:	0.01504676  	0.01303737  	0.07990655  	0.13808411  	0.04741268  	0.06493301  	0.02911698  	0.03458588  	0.04836468  	0.05271523  
2020-07-18 22:16:19.944: iteration 26 finished in 2.515033 seconds
2020-07-18 22:16:19.991: epoch 26:	0.01528040  	0.01303737  	0.08107477  	0.13808411  	0.04785355  	0.06497242  	0.02923900  	0.03458640  	0.04869216  	0.05285544  
2020-07-18 22:16:22.521: iteration 27 finished in 2.530654 seconds
2020-07-18 22:16:22.553: epoch 27:	0.01542059  	0.01299064  	0.08200935  	0.13761683  	0.04819791  	0.06491663  	0.02938410  	0.03464960  	0.04890447  	0.05289616  
2020-07-18 22:16:25.083: iteration 28 finished in 2.530655 seconds
2020-07-18 22:16:25.130: epoch 28:	0.01537386  	0.01301401  	0.08177570  	0.13785046  	0.04818586  	0.06504158  	0.02942776  	0.03471824  	0.04897699  	0.05303133  
2020-07-18 22:16:27.645: iteration 29 finished in 2.515033 seconds
2020-07-18 22:16:27.692: epoch 29:	0.01537386  	0.01301401  	0.08177570  	0.13785046  	0.04827113  	0.06512270  	0.02950119  	0.03475235  	0.04905356  	0.05317817  
2020-07-18 22:16:30.223: iteration 30 finished in 2.530655 seconds
2020-07-18 22:16:30.270: epoch 30:	0.01546732  	0.01299064  	0.08224299  	0.13761683  	0.04832718  	0.06494552  	0.02942804  	0.03460363  	0.04891468  	0.05295218  
2020-07-18 22:16:32.785: iteration 31 finished in 2.515032 seconds
2020-07-18 22:16:32.832: epoch 31:	0.01546732  	0.01296728  	0.08224299  	0.13738318  	0.04819542  	0.06474777  	0.02927858  	0.03442811  	0.04865136  	0.05269283  
2020-07-18 22:16:35.347: iteration 32 finished in 2.515033 seconds
2020-07-18 22:16:35.393: epoch 32:	0.01537386  	0.01299064  	0.08154206  	0.13761683  	0.04772920  	0.06455661  	0.02892784  	0.03415519  	0.04805927  	0.05220707  
2020-07-18 22:16:37.924: iteration 33 finished in 2.530654 seconds
2020-07-18 22:16:37.955: epoch 33:	0.01532713  	0.01301401  	0.08130841  	0.13785046  	0.04777559  	0.06474566  	0.02903520  	0.03429059  	0.04820596  	0.05241916  
2020-07-18 22:16:40.486: iteration 34 finished in 2.530654 seconds
2020-07-18 22:16:40.533: epoch 34:	0.01546732  	0.01303737  	0.08200935  	0.13808411  	0.04814853  	0.06495015  	0.02926644  	0.03445177  	0.04856199  	0.05272431  
2020-07-18 22:16:43.063: iteration 35 finished in 2.530653 seconds
2020-07-18 22:16:43.110: epoch 35:	0.01556078  	0.01301401  	0.08271028  	0.13785046  	0.04855147  	0.06508347  	0.02952771  	0.03464204  	0.04906117  	0.05312349  
2020-07-18 22:16:45.625: iteration 36 finished in 2.515033 seconds
2020-07-18 22:16:45.672: epoch 36:	0.01565423  	0.01299064  	0.08317757  	0.13738318  	0.04882960  	0.06509160  	0.02968273  	0.03473811  	0.04936009  	0.05329496  
2020-07-18 22:16:48.203: iteration 37 finished in 2.530654 seconds
2020-07-18 22:16:48.234: epoch 37:	0.01560751  	0.01303737  	0.08294392  	0.13785046  	0.04904228  	0.06550987  	0.02997303  	0.03506928  	0.04993234  	0.05395333  
2020-07-18 22:16:50.765: iteration 38 finished in 2.530654 seconds
2020-07-18 22:16:50.812: epoch 38:	0.01560751  	0.01306073  	0.08294392  	0.13808411  	0.04901146  	0.06554424  	0.02994864  	0.03505582  	0.04984463  	0.05388973  
2020-07-18 22:16:53.342: iteration 39 finished in 2.530654 seconds
2020-07-18 22:16:53.374: epoch 39:	0.01560751  	0.01306073  	0.08317757  	0.13808411  	0.04914917  	0.06563617  	0.03003653  	0.03514787  	0.05004248  	0.05405082  
2020-07-18 22:16:55.904: iteration 40 finished in 2.530655 seconds
2020-07-18 22:16:55.951: epoch 40:	0.01565423  	0.01308410  	0.08341122  	0.13855140  	0.04931800  	0.06583760  	0.03017617  	0.03527372  	0.05022828  	0.05426469  
2020-07-18 22:16:58.482: iteration 41 finished in 2.530654 seconds
2020-07-18 22:16:58.513: epoch 41:	0.01560751  	0.01308410  	0.08317757  	0.13831776  	0.04921296  	0.06578533  	0.03012897  	0.03524696  	0.05013463  	0.05422559  
2020-07-18 22:17:01.044: iteration 42 finished in 2.530655 seconds
2020-07-18 22:17:01.090: epoch 42:	0.01560750  	0.01315419  	0.08317757  	0.13925233  	0.04926325  	0.06607324  	0.03017968  	0.03537457  	0.05022048  	0.05432177  
2020-07-18 22:17:03.621: iteration 43 finished in 2.530654 seconds
2020-07-18 22:17:03.652: epoch 43:	0.01565423  	0.01315419  	0.08341122  	0.13948599  	0.04917558  	0.06595232  	0.03003356  	0.03520088  	0.04981922  	0.05392643  
2020-07-18 22:17:06.199: iteration 44 finished in 2.546275 seconds
2020-07-18 22:17:06.230: epoch 44:	0.01570096  	0.01313083  	0.08364486  	0.13901868  	0.04960249  	0.06619649  	0.03050457  	0.03561107  	0.05041872  	0.05450187  
2020-07-18 22:17:08.761: iteration 45 finished in 2.530654 seconds
2020-07-18 22:17:08.807: epoch 45:	0.01570096  	0.01313083  	0.08364486  	0.13901868  	0.04957228  	0.06617659  	0.03048111  	0.03559445  	0.05029392  	0.05439072  
2020-07-18 22:17:11.338: iteration 46 finished in 2.530655 seconds
2020-07-18 22:17:11.369: epoch 46:	0.01570096  	0.01313083  	0.08364486  	0.13925233  	0.04962214  	0.06625631  	0.03052506  	0.03563726  	0.05039016  	0.05448329  
2020-07-18 22:17:13.900: iteration 47 finished in 2.530654 seconds
2020-07-18 22:17:13.947: epoch 47:	0.01574769  	0.01313083  	0.08387850  	0.13925233  	0.04959753  	0.06615337  	0.03043002  	0.03551275  	0.05020009  	0.05426934  
2020-07-18 22:17:16.477: iteration 48 finished in 2.530654 seconds
2020-07-18 22:17:16.509: epoch 48:	0.01574769  	0.01313083  	0.08387850  	0.13925233  	0.04958534  	0.06614698  	0.03042344  	0.03551034  	0.05018063  	0.05425628  
2020-07-18 22:17:19.039: iteration 49 finished in 2.530655 seconds
2020-07-18 22:17:19.086: epoch 49:	0.01574769  	0.01313083  	0.08387850  	0.13925233  	0.04961555  	0.06618228  	0.03044439  	0.03553574  	0.05024404  	0.05432393  
2020-07-18 22:17:21.617: iteration 50 finished in 2.530655 seconds
2020-07-18 22:17:21.664: epoch 50:	0.01574769  	0.01313083  	0.08387850  	0.13925233  	0.04965093  	0.06622054  	0.03047842  	0.03557366  	0.05031209  	0.05439235  
2020-07-18 22:17:24.179: iteration 51 finished in 2.515032 seconds
2020-07-18 22:17:24.226: epoch 51:	0.01574769  	0.01313083  	0.08387850  	0.13925233  	0.04957392  	0.06615697  	0.03040452  	0.03550882  	0.05016430  	0.05426097  
2020-07-18 22:17:26.756: iteration 52 finished in 2.530655 seconds
2020-07-18 22:17:26.803: epoch 52:	0.01584115  	0.01313083  	0.08434580  	0.13925233  	0.04975137  	0.06617872  	0.03046349  	0.03552758  	0.05026555  	0.05428357  
2020-07-18 22:17:29.334: iteration 53 finished in 2.530655 seconds
2020-07-18 22:17:29.381: epoch 53:	0.01579442  	0.01310746  	0.08411215  	0.13901868  	0.04979533  	0.06623670  	0.03056659  	0.03564068  	0.05050550  	0.05453963  
2020-07-18 22:17:31.911: iteration 54 finished in 2.530654 seconds
2020-07-18 22:17:31.943: epoch 54:	0.01570096  	0.01315419  	0.08364486  	0.13948599  	0.04963864  	0.06637175  	0.03048705  	0.03566686  	0.05051626  	0.05460542  
2020-07-18 22:17:34.489: iteration 55 finished in 2.546276 seconds
2020-07-18 22:17:34.536: epoch 55:	0.01570096  	0.01315419  	0.08364486  	0.13948599  	0.04953264  	0.06626365  	0.03037004  	0.03554812  	0.05028224  	0.05436821  
2020-07-18 22:17:37.066: iteration 56 finished in 2.530654 seconds
2020-07-18 22:17:37.098: epoch 56:	0.01574769  	0.01313083  	0.08387850  	0.13925233  	0.04965212  	0.06622931  	0.03042678  	0.03556537  	0.05039573  	0.05440614  
2020-07-18 22:17:39.644: iteration 57 finished in 2.530654 seconds
2020-07-18 22:17:39.675: epoch 57:	0.01574769  	0.01315419  	0.08387850  	0.13971962  	0.04973576  	0.06641889  	0.03052024  	0.03567164  	0.05056707  	0.05462061  
2020-07-18 22:17:42.221: iteration 58 finished in 2.546276 seconds
2020-07-18 22:17:42.268: epoch 58:	0.01579442  	0.01310746  	0.08434580  	0.13925233  	0.04995060  	0.06637085  	0.03065978  	0.03574500  	0.05079941  	0.05475835  
2020-07-18 22:17:44.799: iteration 59 finished in 2.530654 seconds
2020-07-18 22:17:44.846: epoch 59:	0.01574769  	0.01308410  	0.08411215  	0.13901868  	0.04990036  	0.06633317  	0.03067683  	0.03575887  	0.05081128  	0.05480902  
2020-07-18 22:17:47.376: iteration 60 finished in 2.530654 seconds
2020-07-18 22:17:47.423: epoch 60:	0.01574769  	0.01313083  	0.08411215  	0.13948599  	0.04991511  	0.06647800  	0.03069770  	0.03580197  	0.05083075  	0.05487841  
2020-07-18 22:17:49.954: iteration 61 finished in 2.530655 seconds
2020-07-18 22:17:50.001: epoch 61:	0.01579442  	0.01317756  	0.08434580  	0.14042056  	0.04999873  	0.06670380  	0.03072570  	0.03586393  	0.05084800  	0.05490348  
2020-07-18 22:17:52.532: iteration 62 finished in 2.530655 seconds
2020-07-18 22:17:52.578: epoch 62:	0.01579442  	0.01313083  	0.08434580  	0.13995327  	0.04999704  	0.06657219  	0.03069658  	0.03580797  	0.05089992  	0.05491738  
2020-07-18 22:17:55.109: iteration 63 finished in 2.530655 seconds
2020-07-18 22:17:55.156: epoch 63:	0.01588788  	0.01317756  	0.08481308  	0.14042056  	0.05006342  	0.06660767  	0.03064170  	0.03574429  	0.05079015  	0.05474574  
2020-07-18 22:17:57.687: iteration 64 finished in 2.530654 seconds
2020-07-18 22:17:57.733: epoch 64:	0.01584115  	0.01317756  	0.08457944  	0.14042056  	0.05003062  	0.06665613  	0.03066785  	0.03579189  	0.05082019  	0.05482114  
2020-07-18 22:18:00.264: iteration 65 finished in 2.530654 seconds
2020-07-18 22:18:00.311: epoch 65:	0.01584115  	0.01313083  	0.08457944  	0.13995327  	0.05006403  	0.06657351  	0.03070428  	0.03581588  	0.05087748  	0.05484394  
2020-07-18 22:18:02.857: iteration 66 finished in 2.546276 seconds
2020-07-18 22:18:02.904: epoch 66:	0.01584115  	0.01315419  	0.08457944  	0.14018692  	0.04996818  	0.06655110  	0.03057550  	0.03572709  	0.05071338  	0.05466847  
2020-07-18 22:18:05.435: iteration 67 finished in 2.530655 seconds
2020-07-18 22:18:05.466: epoch 67:	0.01588788  	0.01315419  	0.08481308  	0.14018692  	0.05002360  	0.06652609  	0.03056874  	0.03569805  	0.05071653  	0.05462861  
2020-07-18 22:18:07.997: iteration 68 finished in 2.515033 seconds
2020-07-18 22:18:08.043: epoch 68:	0.01593460  	0.01317756  	0.08504673  	0.14042056  	0.05016671  	0.06664864  	0.03064773  	0.03577096  	0.05089120  	0.05476243  
2020-07-18 22:18:10.574: iteration 69 finished in 2.530654 seconds
2020-07-18 22:18:10.621: epoch 69:	0.01593460  	0.01320092  	0.08504673  	0.14088786  	0.05020080  	0.06679519  	0.03068834  	0.03583855  	0.05092236  	0.05482581  
2020-07-18 22:18:13.167: iteration 70 finished in 2.546275 seconds
2020-07-18 22:18:13.199: epoch 70:	0.01593460  	0.01317756  	0.08504673  	0.14065421  	0.05002571  	0.06655809  	0.03048955  	0.03561599  	0.05058599  	0.05449843  
2020-07-18 22:18:15.745: iteration 71 finished in 2.546276 seconds
2020-07-18 22:18:15.776: epoch 71:	0.01598133  	0.01315419  	0.08528037  	0.14042056  	0.05012429  	0.06650971  	0.03054954  	0.03561905  	0.05061251  	0.05450476  
2020-07-18 22:18:18.322: iteration 72 finished in 2.546276 seconds
2020-07-18 22:18:18.369: epoch 72:	0.01593460  	0.01310746  	0.08504673  	0.13995327  	0.04993159  	0.06626605  	0.03040379  	0.03545943  	0.05033214  	0.05424417  
2020-07-18 22:18:20.900: iteration 73 finished in 2.530654 seconds
2020-07-18 22:18:20.947: epoch 73:	0.01593460  	0.01310746  	0.08504673  	0.13995327  	0.04992956  	0.06626627  	0.03039924  	0.03545467  	0.05034901  	0.05426565  
2020-07-18 22:18:23.477: iteration 74 finished in 2.530654 seconds
2020-07-18 22:18:23.509: epoch 74:	0.01602806  	0.01310746  	0.08551402  	0.13995327  	0.05012077  	0.06629398  	0.03047713  	0.03548577  	0.05048141  	0.05431119  
2020-07-18 22:18:26.055: iteration 75 finished in 2.546276 seconds
2020-07-18 22:18:26.102: epoch 75:	0.01602806  	0.01310746  	0.08551402  	0.13995327  	0.05018719  	0.06636555  	0.03055789  	0.03557101  	0.05064291  	0.05447722  
2020-07-18 22:18:28.648: iteration 76 finished in 2.546276 seconds
2020-07-18 22:18:28.679: epoch 76:	0.01607479  	0.01320092  	0.08574767  	0.14088786  	0.05041982  	0.06677809  	0.03074257  	0.03578078  	0.05101229  	0.05489600  
2020-07-18 22:18:31.210: iteration 77 finished in 2.530653 seconds
2020-07-18 22:18:31.257: epoch 77:	0.01607479  	0.01322428  	0.08574767  	0.14112149  	0.05025782  	0.06668162  	0.03052228  	0.03558385  	0.05079237  	0.05467913  
2020-07-18 22:18:33.803: iteration 78 finished in 2.546276 seconds
2020-07-18 22:18:33.850: epoch 78:	0.01612152  	0.01320092  	0.08598131  	0.14088786  	0.05024001  	0.06652618  	0.03043299  	0.03546646  	0.05061380  	0.05444437  
2020-07-18 22:18:36.381: iteration 79 finished in 2.530654 seconds
2020-07-18 22:18:36.427: epoch 79:	0.01607479  	0.01322428  	0.08574767  	0.14112149  	0.05016666  	0.06659907  	0.03041195  	0.03549109  	0.05064959  	0.05452205  
2020-07-18 22:18:38.958: iteration 80 finished in 2.530653 seconds
2020-07-18 22:18:38.989: epoch 80:	0.01612152  	0.01315419  	0.08598131  	0.14042056  	0.05016910  	0.06632575  	0.03035224  	0.03537580  	0.05053017  	0.05428706  
2020-07-18 22:18:41.536: iteration 81 finished in 2.546276 seconds
2020-07-18 22:18:41.567: epoch 81:	0.01607479  	0.01315419  	0.08574767  	0.14042056  	0.05008832  	0.06632759  	0.03032470  	0.03536977  	0.05047510  	0.05428045  
2020-07-18 22:18:44.113: iteration 82 finished in 2.546276 seconds
2020-07-18 22:18:44.144: epoch 82:	0.01602806  	0.01317755  	0.08551402  	0.14065421  	0.04994063  	0.06633499  	0.03022383  	0.03530930  	0.05026685  	0.05414668  
2020-07-18 22:18:46.691: iteration 83 finished in 2.546276 seconds
2020-07-18 22:18:46.738: epoch 83:	0.01598133  	0.01317755  	0.08528037  	0.14065421  	0.04981997  	0.06629371  	0.03016448  	0.03527201  	0.05007029  	0.05399022  
2020-07-18 22:18:49.268: iteration 84 finished in 2.530655 seconds
2020-07-18 22:18:49.315: epoch 84:	0.01593460  	0.01315419  	0.08504673  	0.14042056  	0.04976197  	0.06624878  	0.03017069  	0.03527662  	0.05005156  	0.05400875  
2020-07-18 22:18:51.846: iteration 85 finished in 2.530654 seconds
2020-07-18 22:18:51.893: epoch 85:	0.01598133  	0.01313083  	0.08528037  	0.14018692  	0.04984026  	0.06618060  	0.03019054  	0.03526175  	0.05008085  	0.05397135  
2020-07-18 22:18:54.423: iteration 86 finished in 2.530655 seconds
2020-07-18 22:18:54.454: epoch 86:	0.01598133  	0.01313083  	0.08528037  	0.14018692  	0.04983809  	0.06617845  	0.03019350  	0.03526646  	0.05005823  	0.05394448  
2020-07-18 22:18:57.001: iteration 87 finished in 2.546275 seconds
2020-07-18 22:18:57.048: epoch 87:	0.01598133  	0.01313083  	0.08528037  	0.14018692  	0.05005468  	0.06639834  	0.03043493  	0.03551003  	0.05054110  	0.05443038  
2020-07-18 22:18:59.594: iteration 88 finished in 2.546275 seconds
2020-07-18 22:18:59.641: epoch 88:	0.01598133  	0.01313083  	0.08528037  	0.14018692  	0.05005468  	0.06639177  	0.03043493  	0.03550491  	0.05054110  	0.05442443  
2020-07-18 22:19:02.187: iteration 89 finished in 2.546275 seconds
2020-07-18 22:19:02.218: epoch 89:	0.01598133  	0.01313083  	0.08528037  	0.14018692  	0.05010241  	0.06644095  	0.03048213  	0.03555257  	0.05063733  	0.05452348  
2020-07-18 22:19:04.765: iteration 90 finished in 2.546275 seconds
2020-07-18 22:19:04.811: epoch 90:	0.01598133  	0.01313083  	0.08528037  	0.14018692  	0.05011804  	0.06646468  	0.03049511  	0.03557185  	0.05066329  	0.05455821  
2020-07-18 22:19:07.342: iteration 91 finished in 2.530655 seconds
2020-07-18 22:19:07.389: epoch 91:	0.01598133  	0.01313083  	0.08528037  	0.14018692  	0.05010926  	0.06645675  	0.03048732  	0.03556507  	0.05064771  	0.05454207  
2020-07-18 22:19:09.951: iteration 92 finished in 2.561898 seconds
2020-07-18 22:19:09.982: epoch 92:	0.01598133  	0.01313083  	0.08528037  	0.14018692  	0.05007111  	0.06641824  	0.03044811  	0.03552557  	0.05059264  	0.05448644  
2020-07-18 22:19:12.544: iteration 93 finished in 2.561896 seconds
2020-07-18 22:19:12.575: epoch 93:	0.01598133  	0.01308410  	0.08528037  	0.13971962  	0.05006085  	0.06627489  	0.03044653  	0.03548449  	0.05056668  	0.05444066  
2020-07-18 22:19:15.121: iteration 94 finished in 2.546276 seconds
2020-07-18 22:19:15.168: epoch 94:	0.01598133  	0.01308410  	0.08528037  	0.13971962  	0.04997338  	0.06618456  	0.03034528  	0.03538145  	0.05043429  	0.05430467  
2020-07-18 22:19:17.730: iteration 95 finished in 2.561897 seconds
2020-07-18 22:19:17.777: epoch 95:	0.01598133  	0.01308410  	0.08528037  	0.13971962  	0.04990905  	0.06612241  	0.03028297  	0.03532064  	0.05032525  	0.05419863  
2020-07-18 22:19:20.323: iteration 96 finished in 2.546276 seconds
2020-07-18 22:19:20.370: epoch 96:	0.01598133  	0.01308410  	0.08528037  	0.13995327  	0.04986659  	0.06612003  	0.03024070  	0.03528896  	0.05023290  	0.05410452  
2020-07-18 22:19:22.932: iteration 97 finished in 2.561897 seconds
2020-07-18 22:19:22.979: epoch 97:	0.01598133  	0.01308410  	0.08528037  	0.13995327  	0.04987577  	0.06612015  	0.03024904  	0.03529118  	0.05026072  	0.05412145  
2020-07-18 22:19:25.525: iteration 98 finished in 2.546275 seconds
2020-07-18 22:19:25.557: epoch 98:	0.01598133  	0.01308410  	0.08528037  	0.13995327  	0.04991794  	0.06615546  	0.03029633  	0.03533050  	0.05034694  	0.05420675  
2020-07-18 22:19:28.118: iteration 99 finished in 2.561897 seconds
2020-07-18 22:19:28.165: epoch 99:	0.01598133  	0.01310746  	0.08528037  	0.14018692  	0.04995403  	0.06625547  	0.03037699  	0.03542107  	0.05033582  	0.05421975  
2020-07-18 22:19:30.727: iteration 100 finished in 2.561897 seconds
2020-07-18 22:19:30.758: epoch 100:	0.01598133  	0.01310746  	0.08528037  	0.14018692  	0.04995107  	0.06624490  	0.03037542  	0.03541421  	0.05032748  	0.05420350  
