2021-12-14 19:08:18.067: Dataset name: u1
The number of users: 5860
The number of items: 5860
The number of ratings: 20291
Average actions of users: 3.46
Average actions of items: 3.46
The sparsity of the dataset: 99.940911%
2021-12-14 19:08:18.067: 

NeuRec hyperparameters:
recommender=WRMF
config_dir=./conf
gpu_id=0
gpu_mem=0.5
data.input.path=D:\hsyoo\Workingon_210628/_Data/p2p-Gnutella08/noniid-out-barrier/u1/
data.input.dataset=u1
data.output.path=D:\hsyoo\Workingon_210628/_Emb/p2p-Gnutella08/noniid-out-barrier/wrmf/u1_wrmf_directed_dim16_uniform_send.emb
data.column.format=UI
data.convert.separator='\t'
user_min=0
item_min=0
splitter=given
ratio=0.8
by_time=False
metric=["Precision", "Recall", "NDCG", "MAP", "MRR"]
topk=[10, 20]
group_view=None
rec.evaluate.neg=0
test_batch_size=128
num_thread=8
data.index.remap=False

WRMF's hyperparameters:
epochs=50
embedding_size=16
reg_mf=0.1
alpha=10
init_method=uniform
stddev=0.01
verbose=1
weight=uniform

2021-12-14 19:09:46.306: metrics:	Precision@10	Precision@20	Recall@10   	Recall@20   	NDCG@10     	NDCG@20     	MAP@10      	MAP@20      	MRR@10      	MRR@20      
2021-12-14 19:09:51.401: iteration 1 finished in 5.095373 seconds
2021-12-14 19:09:51.459: epoch 1:	0.00990696  	0.00883964  	0.04601350  	0.08335156  	0.02598166  	0.03746043  	0.01441121  	0.01785311  	0.02708273  	0.03027070  
2021-12-14 19:09:55.467: iteration 2 finished in 4.008281 seconds
2021-12-14 19:09:55.509: epoch 2:	0.01406680  	0.01267103  	0.06669926  	0.11750722  	0.03889276  	0.05478503  	0.02301533  	0.02811043  	0.04019774  	0.04396245  
2021-12-14 19:09:59.526: iteration 3 finished in 4.017256 seconds
2021-12-14 19:09:59.567: epoch 3:	0.01565411  	0.01392992  	0.07300807  	0.12500195  	0.04339440  	0.06014289  	0.02614069  	0.03174761  	0.04484715  	0.04891769  
2021-12-14 19:10:03.576: iteration 4 finished in 4.009278 seconds
2021-12-14 19:10:03.614: epoch 4:	0.01746035  	0.01453200  	0.08119086  	0.13292541  	0.04638196  	0.06249086  	0.02709229  	0.03241640  	0.04610126  	0.04955903  
2021-12-14 19:10:07.615: iteration 5 finished in 4.000302 seconds
2021-12-14 19:10:07.655: epoch 5:	0.01751509  	0.01469620  	0.08012875  	0.13418953  	0.04593030  	0.06266899  	0.02663724  	0.03203014  	0.04611863  	0.04994577  
2021-12-14 19:10:11.628: iteration 6 finished in 3.972478 seconds
2021-12-14 19:10:11.675: epoch 6:	0.01811716  	0.01494250  	0.08203143  	0.13671644  	0.04663238  	0.06335745  	0.02666457  	0.03204335  	0.04687297  	0.05047805  
2021-12-14 19:10:15.660: iteration 7 finished in 3.985236 seconds
2021-12-14 19:10:15.707: epoch 7:	0.01778876  	0.01499724  	0.08050799  	0.13644275  	0.04620540  	0.06352560  	0.02653720  	0.03213005  	0.04735471  	0.05127098  
2021-12-14 19:10:19.708: iteration 8 finished in 4.001191 seconds
2021-12-14 19:10:19.739: epoch 8:	0.01735088  	0.01507934  	0.07909402  	0.13664345  	0.04643503  	0.06443485  	0.02720780  	0.03306251  	0.04857603  	0.05283632  
2021-12-14 19:10:23.760: iteration 9 finished in 4.020255 seconds
2021-12-14 19:10:23.801: epoch 9:	0.01735088  	0.01513407  	0.07941330  	0.13687152  	0.04662384  	0.06471697  	0.02728449  	0.03327573  	0.04862816  	0.05284284  
2021-12-14 19:10:27.811: iteration 10 finished in 4.010275 seconds
2021-12-14 19:10:27.849: epoch 10:	0.01756982  	0.01510671  	0.07920349  	0.13666171  	0.04675202  	0.06467563  	0.02727595  	0.03326406  	0.04903782  	0.05300403  
2021-12-14 19:10:31.849: iteration 11 finished in 4.000302 seconds
2021-12-14 19:10:31.891: epoch 11:	0.01762455  	0.01510670  	0.07970522  	0.13620557  	0.04712192  	0.06479866  	0.02757076  	0.03346323  	0.04947765  	0.05344405  
2021-12-14 19:10:35.918: iteration 12 finished in 4.027230 seconds
2021-12-14 19:10:35.957: epoch 12:	0.01756982  	0.01510671  	0.07934032  	0.13620558  	0.04720424  	0.06498837  	0.02783755  	0.03377862  	0.04951696  	0.05351025  
2021-12-14 19:10:39.968: iteration 13 finished in 4.011272 seconds
2021-12-14 19:10:40.008: epoch 13:	0.01767929  	0.01496987  	0.07977819  	0.13524774  	0.04733495  	0.06463424  	0.02781460  	0.03365014  	0.04963685  	0.05335559  
2021-12-14 19:10:44.020: iteration 14 finished in 4.012270 seconds
2021-12-14 19:10:44.059: epoch 14:	0.01746035  	0.01505197  	0.07895718  	0.13606875  	0.04738294  	0.06516878  	0.02804089  	0.03398733  	0.05061468  	0.05446533  
2021-12-14 19:10:48.081: iteration 15 finished in 4.020249 seconds
2021-12-14 19:10:48.119: epoch 15:	0.01735088  	0.01516144  	0.07822738  	0.13649750  	0.04708329  	0.06523237  	0.02784947  	0.03387288  	0.05058471  	0.05459408  
2021-12-14 19:10:52.175: iteration 16 finished in 4.055834 seconds
2021-12-14 19:10:52.207: epoch 16:	0.01735088  	0.01499724  	0.07813615  	0.13526598  	0.04696757  	0.06475758  	0.02777028  	0.03371851  	0.05040357  	0.05431474  
2021-12-14 19:10:56.255: iteration 17 finished in 4.048320 seconds
2021-12-14 19:10:56.302: epoch 17:	0.01735088  	0.01499724  	0.07818176  	0.13517475  	0.04712766  	0.06489358  	0.02800583  	0.03386522  	0.05056365  	0.05461117  
2021-12-14 19:11:00.378: iteration 18 finished in 4.076332 seconds
2021-12-14 19:11:00.409: epoch 18:	0.01740562  	0.01496987  	0.07818177  	0.13476424  	0.04771244  	0.06533512  	0.02863958  	0.03446210  	0.05177975  	0.05572782  
2021-12-14 19:11:04.442: iteration 19 finished in 4.032935 seconds
2021-12-14 19:11:04.473: epoch 19:	0.01746035  	0.01494251  	0.07838245  	0.13439932  	0.04794717  	0.06539749  	0.02887210  	0.03463053  	0.05202084  	0.05598077  
2021-12-14 19:11:08.536: iteration 20 finished in 4.062262 seconds
2021-12-14 19:11:08.583: epoch 20:	0.01740562  	0.01499724  	0.07817265  	0.13434461  	0.04781808  	0.06537427  	0.02879187  	0.03456778  	0.05191918  	0.05595057  
2021-12-14 19:11:12.646: iteration 21 finished in 4.063293 seconds
2021-12-14 19:11:12.693: epoch 21:	0.01751509  	0.01505197  	0.07885683  	0.13475510  	0.04784522  	0.06532206  	0.02869775  	0.03445337  	0.05152041  	0.05552915  
2021-12-14 19:11:16.745: iteration 22 finished in 4.052590 seconds
2021-12-14 19:11:16.792: epoch 22:	0.01751509  	0.01505197  	0.07885683  	0.13470951  	0.04771233  	0.06519753  	0.02856450  	0.03433615  	0.05128083  	0.05529842  
2021-12-14 19:11:20.840: iteration 23 finished in 4.047691 seconds
2021-12-14 19:11:20.887: epoch 23:	0.01735088  	0.01507934  	0.07776213  	0.13484633  	0.04730994  	0.06520886  	0.02836454  	0.03428328  	0.05111794  	0.05530097  
2021-12-14 19:11:24.964: iteration 24 finished in 4.076835 seconds
2021-12-14 19:11:25.003: epoch 24:	0.01729615  	0.01516144  	0.07726040  	0.13521123  	0.04703311  	0.06523076  	0.02814986  	0.03416775  	0.05088402  	0.05513705  
2021-12-14 19:11:29.079: iteration 25 finished in 4.076099 seconds
2021-12-14 19:11:29.118: epoch 25:	0.01735088  	0.01516144  	0.07707795  	0.13534807  	0.04718554  	0.06543016  	0.02828254  	0.03430996  	0.05141681  	0.05566413  
2021-12-14 19:11:33.198: iteration 26 finished in 4.080089 seconds
2021-12-14 19:11:33.236: epoch 26:	0.01729615  	0.01518881  	0.07680427  	0.13539368  	0.04716116  	0.06553260  	0.02825685  	0.03433381  	0.05181495  	0.05611264  
2021-12-14 19:11:37.309: iteration 27 finished in 4.072110 seconds
2021-12-14 19:11:37.346: epoch 27:	0.01718668  	0.01518881  	0.07612009  	0.13539368  	0.04689459  	0.06547706  	0.02810318  	0.03426522  	0.05173306  	0.05608469  
2021-12-14 19:11:41.409: iteration 28 finished in 4.062136 seconds
2021-12-14 19:11:41.448: epoch 28:	0.01718668  	0.01518881  	0.07612009  	0.13539368  	0.04704180  	0.06561618  	0.02823752  	0.03439565  	0.05212966  	0.05646597  
2021-12-14 19:11:45.535: iteration 29 finished in 4.087070 seconds
2021-12-14 19:11:45.573: epoch 29:	0.01718668  	0.01516144  	0.07584643  	0.13530245  	0.04694635  	0.06553606  	0.02819555  	0.03435127  	0.05198545  	0.05631763  
2021-12-14 19:11:49.662: iteration 30 finished in 4.088067 seconds
2021-12-14 19:11:49.700: epoch 30:	0.01718668  	0.01516144  	0.07584643  	0.13525684  	0.04697094  	0.06554639  	0.02821241  	0.03436382  	0.05210947  	0.05643515  
2021-12-14 19:11:53.798: iteration 31 finished in 4.097043 seconds
2021-12-14 19:11:53.835: epoch 31:	0.01729615  	0.01518881  	0.07622956  	0.13511999  	0.04708865  	0.06551566  	0.02824786  	0.03434823  	0.05201064  	0.05628775  
2021-12-14 19:11:57.924: iteration 32 finished in 4.088067 seconds
2021-12-14 19:11:57.963: epoch 32:	0.01724141  	0.01518881  	0.07609273  	0.13537543  	0.04706728  	0.06557824  	0.02823383  	0.03436098  	0.05209818  	0.05637731  
2021-12-14 19:12:02.079: iteration 33 finished in 4.114995 seconds
2021-12-14 19:12:02.119: epoch 33:	0.01718668  	0.01518881  	0.07591029  	0.13510175  	0.04692716  	0.06545196  	0.02812393  	0.03427920  	0.05198502  	0.05622054  
2021-12-14 19:12:06.194: iteration 34 finished in 4.075102 seconds
2021-12-14 19:12:06.232: epoch 34:	0.01724141  	0.01527091  	0.07609273  	0.13610521  	0.04694914  	0.06567100  	0.02812192  	0.03428753  	0.05184602  	0.05616687  
2021-12-14 19:12:10.303: iteration 35 finished in 4.070791 seconds
2021-12-14 19:12:10.350: epoch 35:	0.01735088  	0.01527091  	0.07645763  	0.13633329  	0.04705647  	0.06568430  	0.02811419  	0.03427109  	0.05190032  	0.05609963  
2021-12-14 19:12:14.413: iteration 36 finished in 4.063491 seconds
2021-12-14 19:12:14.445: epoch 36:	0.01746035  	0.01529828  	0.07676388  	0.13660695  	0.04724433  	0.06581355  	0.02824397  	0.03435240  	0.05209341  	0.05624861  
2021-12-14 19:12:18.534: iteration 37 finished in 4.089326 seconds
2021-12-14 19:12:18.581: epoch 37:	0.01746035  	0.01532564  	0.07676388  	0.13688062  	0.04714567  	0.06580297  	0.02813164  	0.03426203  	0.05195223  	0.05615017  
2021-12-14 19:12:22.651: iteration 38 finished in 4.069694 seconds
2021-12-14 19:12:22.688: epoch 38:	0.01746035  	0.01532564  	0.07676388  	0.13692623  	0.04730466  	0.06598729  	0.02831908  	0.03446732  	0.05228215  	0.05649759  
2021-12-14 19:12:26.788: iteration 39 finished in 4.100035 seconds
2021-12-14 19:12:26.826: epoch 39:	0.01740562  	0.01532564  	0.07668568  	0.13701746  	0.04733518  	0.06608443  	0.02836904  	0.03455713  	0.05248674  	0.05672583  
2021-12-14 19:12:30.919: iteration 40 finished in 4.093054 seconds
2021-12-14 19:12:30.958: epoch 40:	0.01735088  	0.01532564  	0.07677691  	0.13701746  	0.04741604  	0.06618477  	0.02847367  	0.03467108  	0.05269374  	0.05696391  
2021-12-14 19:12:35.070: iteration 41 finished in 4.112003 seconds
2021-12-14 19:12:35.109: epoch 41:	0.01735088  	0.01532564  	0.07677691  	0.13692623  	0.04741207  	0.06614800  	0.02845264  	0.03463053  	0.05271871  	0.05698301  
2021-12-14 19:12:39.206: iteration 42 finished in 4.097043 seconds
2021-12-14 19:12:39.243: epoch 42:	0.01746035  	0.01532564  	0.07716005  	0.13685325  	0.04777852  	0.06636638  	0.02881015  	0.03494565  	0.05308361  	0.05728806  
2021-12-14 19:12:43.363: iteration 43 finished in 4.119982 seconds
2021-12-14 19:12:43.401: epoch 43:	0.01746035  	0.01538038  	0.07716005  	0.13726376  	0.04767868  	0.06639692  	0.02868823  	0.03487390  	0.05289639  	0.05709613  
2021-12-14 19:12:47.433: iteration 44 finished in 4.030222 seconds
2021-12-14 19:12:47.471: epoch 44:	0.01746035  	0.01535301  	0.07716005  	0.13756479  	0.04769887  	0.06646091  	0.02869551  	0.03490333  	0.05296567  	0.05716424  
2021-12-14 19:12:51.499: iteration 45 finished in 4.027231 seconds
2021-12-14 19:12:51.540: epoch 45:	0.01746035  	0.01532564  	0.07716005  	0.13729112  	0.04774141  	0.06643162  	0.02872999  	0.03492487  	0.05308513  	0.05727082  
2021-12-14 19:12:55.569: iteration 46 finished in 4.029225 seconds
2021-12-14 19:12:55.608: epoch 46:	0.01746035  	0.01532564  	0.07708707  	0.13715430  	0.04773795  	0.06643198  	0.02876889  	0.03495558  	0.05301518  	0.05725406  
2021-12-14 19:12:59.640: iteration 47 finished in 4.031220 seconds
2021-12-14 19:12:59.677: epoch 47:	0.01751509  	0.01527091  	0.07736074  	0.13677114  	0.04785872  	0.06634491  	0.02882055  	0.03495015  	0.05309338  	0.05725806  
2021-12-14 19:13:03.716: iteration 48 finished in 4.038201 seconds
2021-12-14 19:13:03.753: epoch 48:	0.01751509  	0.01521617  	0.07736074  	0.13640626  	0.04789415  	0.06626207  	0.02885878  	0.03495510  	0.05315420  	0.05728131  
2021-12-14 19:13:07.772: iteration 49 finished in 4.019251 seconds
2021-12-14 19:13:07.810: epoch 49:	0.01756982  	0.01521617  	0.07790808  	0.13640626  	0.04802054  	0.06625631  	0.02887637  	0.03493820  	0.05316115  	0.05726215  
2021-12-14 19:13:11.819: iteration 50 finished in 4.009256 seconds
2021-12-14 19:13:11.850: epoch 50:	0.01762455  	0.01521617  	0.07845543  	0.13604137  	0.04815219  	0.06616704  	0.02889875  	0.03490106  	0.05317788  	0.05719638  
