2020-08-05 14:27:14.638: Dataset name: u1
The number of users: 34094
The number of items: 34033
The number of ratings: 421133
Average actions of users: 12.35
Average actions of items: 12.37
The sparsity of the dataset: 99.963705%
2020-08-05 14:27:14.638: 

NeuRec hyperparameters:
recommender=WRMF
config_dir=./conf
gpu_id=0
gpu_mem=0.5
data.input.path=C:\Users\HyunsikYoo\Desktop\VNE_directed_networks/_Data/cit-hepph/5-fold/u1/
data.input.dataset=u1
data.output.path=C:\Users\HyunsikYoo\Desktop\VNE_directed_networks/_Data/cit-hepph/5-fold/u1/relevance_WRMF_directed_False_user_oriented
data.column.format=UI
data.convert.separator='\t'
user_min=0
item_min=0
splitter=given
ratio=0.8
by_time=False
metric=["Precision", "Recall", "NDCG", "MAP", "MRR"]
topk=[10, 20]
group_view=None
rec.evaluate.neg=0
test_batch_size=128
num_thread=8
data.index.remap=False

WRMF's hyperparameters:
epochs=50
embedding_size=16
reg_mf=0.1
alpha=10
init_method=uniform
stddev=0.01
verbose=1
weight=user_oriented

2020-08-05 15:17:36.563: metrics:	Precision@10	Precision@20	Recall@10   	Recall@20   	NDCG@10     	NDCG@20     	MAP@10      	MAP@20      	MRR@10      	MRR@20      
2020-08-05 15:20:20.334: iteration 1 finished in 163.771011 seconds
2020-08-05 15:20:21.954: epoch 1:	0.00965579  	0.00768484  	0.02719349  	0.04247580  	0.02104287  	0.02635655  	0.01181600  	0.01303430  	0.03348389  	0.03601113  
2020-08-05 15:23:06.443: iteration 2 finished in 164.488794 seconds
2020-08-05 15:23:08.034: epoch 2:	0.04026685  	0.02816049  	0.11498067  	0.15729289  	0.09747288  	0.11182868  	0.06124817  	0.06517649  	0.15345256  	0.15790735  
2020-08-05 15:25:52.263: iteration 3 finished in 164.228931 seconds
2020-08-05 15:25:53.864: epoch 3:	0.04317103  	0.03026954  	0.12654084  	0.17393579  	0.10579268  	0.12167882  	0.06672066  	0.07105114  	0.16374788  	0.16851676  
2020-08-05 15:28:34.904: iteration 4 finished in 161.040468 seconds
2020-08-05 15:28:36.467: epoch 4:	0.04228894  	0.02989857  	0.12501039  	0.17293419  	0.10400682  	0.12008015  	0.06545325  	0.06979722  	0.16078202  	0.16571920  
2020-08-05 15:31:17.114: iteration 5 finished in 160.646764 seconds
2020-08-05 15:31:18.677: epoch 5:	0.04153976  	0.02947780  	0.12305878  	0.17064209  	0.10163469  	0.11764004  	0.06354138  	0.06782983  	0.15709864  	0.16212593  
2020-08-05 15:33:59.454: iteration 6 finished in 160.776722 seconds
2020-08-05 15:34:01.024: epoch 6:	0.04079428  	0.02915116  	0.12111986  	0.16915284  	0.09903517  	0.11517857  	0.06142967  	0.06572905  	0.15280439  	0.15793353  
2020-08-05 15:36:43.588: iteration 7 finished in 162.562539 seconds
2020-08-05 15:36:45.175: epoch 7:	0.04024069  	0.02882267  	0.11915904  	0.16744053  	0.09728266  	0.11346847  	0.06021159  	0.06450505  	0.15004297  	0.15523049  
2020-08-05 15:39:28.101: iteration 8 finished in 162.925827 seconds
2020-08-05 15:39:29.699: epoch 8:	0.03973510  	0.02852740  	0.11751626  	0.16600108  	0.09582039  	0.11203863  	0.05915637  	0.06344809  	0.14785512  	0.15313049  
2020-08-05 15:42:11.761: iteration 9 finished in 162.062004 seconds
2020-08-05 15:42:13.362: epoch 9:	0.03934761  	0.02832627  	0.11642571  	0.16455416  	0.09447213  	0.11061084  	0.05804487  	0.06231645  	0.14567110  	0.15092151  
2020-08-05 15:44:56.651: iteration 10 finished in 163.289643 seconds
2020-08-05 15:44:58.254: epoch 10:	0.03912249  	0.02815652  	0.11596835  	0.16335620  	0.09376784  	0.10967839  	0.05747296  	0.06167603  	0.14444071  	0.14960364  
2020-08-05 15:47:42.223: iteration 11 finished in 163.969601 seconds
2020-08-05 15:47:43.825: epoch 11:	0.03877560  	0.02802918  	0.11465862  	0.16253069  	0.09300745  	0.10908698  	0.05705399  	0.06131480  	0.14354947  	0.14878714  
2020-08-05 15:50:26.189: iteration 12 finished in 162.363827 seconds
2020-08-05 15:50:27.774: epoch 12:	0.03865381  	0.02789263  	0.11448621  	0.16173387  	0.09268848  	0.10857307  	0.05680326  	0.06101098  	0.14308953  	0.14824364  
2020-08-05 15:53:09.806: iteration 13 finished in 162.031141 seconds
2020-08-05 15:53:11.393: epoch 13:	0.03848774  	0.02778929  	0.11387058  	0.16118774  	0.09215691  	0.10805062  	0.05643811  	0.06064861  	0.14221846  	0.14738955  
2020-08-05 15:55:53.302: iteration 14 finished in 161.908812 seconds
2020-08-05 15:55:54.906: epoch 14:	0.03842134  	0.02770625  	0.11362594  	0.16079073  	0.09188297  	0.10771485  	0.05623512  	0.06041641  	0.14176032  	0.14696163  
2020-08-05 15:58:36.432: iteration 15 finished in 161.526007 seconds
2020-08-05 15:58:38.041: epoch 15:	0.03831802  	0.02768227  	0.11332265  	0.16067155  	0.09164021  	0.10753882  	0.05609137  	0.06029008  	0.14143349  	0.14666082  
2020-08-05 16:01:23.097: iteration 16 finished in 165.056261 seconds
2020-08-05 16:01:24.700: epoch 16:	0.03819254  	0.02761954  	0.11303277  	0.16038527  	0.09138722  	0.10728867  	0.05594286  	0.06014495  	0.14101622  	0.14624259  
2020-08-05 16:04:08.365: iteration 17 finished in 163.664535 seconds
2020-08-05 16:04:09.952: epoch 17:	0.03814456  	0.02755679  	0.11300789  	0.16004138  	0.09131551  	0.10712025  	0.05589585  	0.06007301  	0.14091285  	0.14611301  
2020-08-05 16:06:52.008: iteration 18 finished in 162.055663 seconds
2020-08-05 16:06:53.596: epoch 18:	0.03808920  	0.02753834  	0.11276484  	0.15985349  	0.09115505  	0.10697966  	0.05579463  	0.05998378  	0.14069228  	0.14588198  
2020-08-05 16:09:35.774: iteration 19 finished in 162.178312 seconds
2020-08-05 16:09:37.376: epoch 19:	0.03805231  	0.02748481  	0.11276685  	0.15953539  	0.09113282  	0.10685501  	0.05579403  	0.05994780  	0.14064340  	0.14580941  
2020-08-05 16:12:19.164: iteration 20 finished in 161.787615 seconds
2020-08-05 16:12:20.775: epoch 20:	0.03800064  	0.02748482  	0.11262991  	0.15965463  	0.09100968  	0.10680071  	0.05571535  	0.05988699  	0.14041139  	0.14559057  
2020-08-05 16:15:02.064: iteration 21 finished in 161.287397 seconds
2020-08-05 16:15:03.683: epoch 21:	0.03797850  	0.02745714  	0.11234843  	0.15942559  	0.09092395  	0.10672729  	0.05569439  	0.05987621  	0.14034496  	0.14552383  
2020-08-05 16:17:46.130: iteration 22 finished in 162.447149 seconds
2020-08-05 16:17:47.747: epoch 22:	0.03794528  	0.02745160  	0.11232078  	0.15929596  	0.09085616  	0.10664199  	0.05565313  	0.05981908  	0.14020284  	0.14539008  
2020-08-05 16:20:25.644: iteration 23 finished in 157.896679 seconds
2020-08-05 16:20:27.200: epoch 23:	0.03786042  	0.02742577  	0.11212525  	0.15927553  	0.09076945  	0.10661117  	0.05562453  	0.05980444  	0.14017728  	0.14539264  
2020-08-05 16:23:06.200: iteration 24 finished in 158.999520 seconds
2020-08-05 16:23:07.765: epoch 24:	0.03780505  	0.02741840  	0.11207224  	0.15917322  	0.09073237  	0.10658323  	0.05562550  	0.05980814  	0.14013621  	0.14535892  
2020-08-05 16:25:46.086: iteration 25 finished in 158.321414 seconds
2020-08-05 16:25:47.642: epoch 25:	0.03775339  	0.02740364  	0.11194344  	0.15907592  	0.09063284  	0.10650555  	0.05556275  	0.05975397  	0.14002503  	0.14525539  
2020-08-05 16:28:26.547: iteration 26 finished in 158.904630 seconds
2020-08-05 16:28:28.103: epoch 26:	0.03769433  	0.02740733  	0.11180717  	0.15914080  	0.09056967  	0.10651414  	0.05553415  	0.05975163  	0.13998763  	0.14522316  
2020-08-05 16:31:06.344: iteration 27 finished in 158.240713 seconds
2020-08-05 16:31:07.893: epoch 27:	0.03769064  	0.02739441  	0.11180640  	0.15913264  	0.09054292  	0.10647360  	0.05551497  	0.05973219  	0.13992979  	0.14514886  
2020-08-05 16:33:46.555: iteration 28 finished in 158.661594 seconds
2020-08-05 16:33:48.111: epoch 28:	0.03769433  	0.02739809  	0.11179256  	0.15925199  	0.09050394  	0.10645799  	0.05548289  	0.05969466  	0.13982566  	0.14507341  
2020-08-05 16:36:26.380: iteration 29 finished in 158.268328 seconds
2020-08-05 16:36:27.939: epoch 29:	0.03770540  	0.02741654  	0.11177386  	0.15943050  	0.09053999  	0.10653821  	0.05552281  	0.05973901  	0.13992439  	0.14518416  
2020-08-05 16:39:06.804: iteration 30 finished in 158.865273 seconds
2020-08-05 16:39:08.369: epoch 30:	0.03768324  	0.02741284  	0.11178019  	0.15941128  	0.09053383  	0.10653880  	0.05550410  	0.05973035  	0.14003307  	0.14529307  
2020-08-05 16:41:46.908: iteration 31 finished in 158.538939 seconds
2020-08-05 16:41:48.463: epoch 31:	0.03770169  	0.02740731  	0.11178456  	0.15937777  	0.09051844  	0.10649709  	0.05547666  	0.05969737  	0.13998148  	0.14521216  
2020-08-05 16:44:27.337: iteration 32 finished in 158.874253 seconds
2020-08-05 16:44:28.908: epoch 32:	0.03769062  	0.02741654  	0.11175204  	0.15946540  	0.09045113  	0.10646057  	0.05542993  	0.05964567  	0.13979878  	0.14505740  
2020-08-05 16:47:07.502: iteration 33 finished in 158.593740 seconds
2020-08-05 16:47:09.051: epoch 33:	0.03766846  	0.02741101  	0.11175773  	0.15932210  	0.09046211  	0.10644752  	0.05546120  	0.05967582  	0.13980643  	0.14504507  
2020-08-05 16:49:48.119: iteration 34 finished in 159.068286 seconds
2020-08-05 16:49:49.686: epoch 34:	0.03763156  	0.02739255  	0.11165120  	0.15933010  	0.09041177  	0.10642859  	0.05544857  	0.05966504  	0.13977739  	0.14505078  
2020-08-05 16:52:28.377: iteration 35 finished in 158.690775 seconds
2020-08-05 16:52:29.934: epoch 35:	0.03765002  	0.02738332  	0.11166062  	0.15929592  	0.09037685  	0.10636732  	0.05540375  	0.05960933  	0.13966331  	0.14493833  
2020-08-05 16:55:08.835: iteration 36 finished in 158.900885 seconds
2020-08-05 16:55:10.395: epoch 36:	0.03759097  	0.02740546  	0.11149862  	0.15939978  	0.09026693  	0.10636353  	0.05534923  	0.05958733  	0.13948964  	0.14480361  
2020-08-05 16:57:48.813: iteration 37 finished in 158.418201 seconds
2020-08-05 16:57:50.378: epoch 37:	0.03760573  	0.02739439  	0.11155498  	0.15937476  	0.09028687  	0.10634789  	0.05535215  	0.05958079  	0.13950029  	0.14478779  
2020-08-05 17:00:29.562: iteration 38 finished in 159.184004 seconds
2020-08-05 17:00:31.117: epoch 38:	0.03759835  	0.02740915  	0.11150817  	0.15943724  	0.09031796  	0.10641103  	0.05539154  	0.05962922  	0.13962018  	0.14491066  
2020-08-05 17:03:09.668: iteration 39 finished in 158.550241 seconds
2020-08-05 17:03:11.224: epoch 39:	0.03757251  	0.02740178  	0.11147209  	0.15940538  	0.09029730  	0.10639878  	0.05539719  	0.05963470  	0.13958086  	0.14488588  
2020-08-05 17:05:49.847: iteration 40 finished in 158.623297 seconds
2020-08-05 17:05:51.410: epoch 40:	0.03759097  	0.02739071  	0.11151823  	0.15938428  	0.09033003  	0.10639089  	0.05541050  	0.05962790  	0.13964380  	0.14493626  
2020-08-05 17:08:30.163: iteration 41 finished in 158.752523 seconds
2020-08-05 17:08:31.713: epoch 41:	0.03758359  	0.02737410  	0.11150052  	0.15929492  	0.09030551  	0.10634571  	0.05539597  	0.05961024  	0.13957082  	0.14486223  
2020-08-05 17:11:10.817: iteration 42 finished in 159.104244 seconds
2020-08-05 17:11:12.379: epoch 42:	0.03759097  	0.02737041  	0.11147417  	0.15930934  	0.09030363  	0.10634412  	0.05539316  	0.05960667  	0.13957129  	0.14485912  
2020-08-05 17:13:51.880: iteration 43 finished in 159.498802 seconds
2020-08-05 17:13:53.457: epoch 43:	0.03759835  	0.02735565  	0.11153489  	0.15932491  	0.09032832  	0.10633814  	0.05540086  	0.05960743  	0.13958858  	0.14484853  
2020-08-05 17:16:31.990: iteration 44 finished in 158.533444 seconds
2020-08-05 17:16:33.546: epoch 44:	0.03759466  	0.02734643  	0.11147507  	0.15928330  	0.09029069  	0.10629793  	0.05537670  	0.05958167  	0.13951148  	0.14476886  
2020-08-05 17:19:13.267: iteration 45 finished in 159.706043 seconds
2020-08-05 17:19:14.837: epoch 45:	0.03758359  	0.02733721  	0.11143895  	0.15925673  	0.09026780  	0.10627726  	0.05536797  	0.05956978  	0.13947394  	0.14475757  
2020-08-05 17:21:53.927: iteration 46 finished in 159.089737 seconds
2020-08-05 17:21:55.483: epoch 46:	0.03760205  	0.02732244  	0.11147922  	0.15915382  	0.09029974  	0.10625987  	0.05538123  	0.05956707  	0.13952775  	0.14480290  
2020-08-05 17:24:34.082: iteration 47 finished in 158.598487 seconds
2020-08-05 17:24:35.631: epoch 47:	0.03757622  	0.02730399  	0.11140013  	0.15905167  	0.09031608  	0.10627327  	0.05542454  	0.05961078  	0.13960671  	0.14488564  
2020-08-05 17:27:13.565: iteration 48 finished in 157.934232 seconds
2020-08-05 17:27:15.133: epoch 48:	0.03758360  	0.02729476  	0.11142457  	0.15904462  	0.09031384  	0.10625412  	0.05540934  	0.05959054  	0.13960831  	0.14487579  
2020-08-05 17:29:53.649: iteration 49 finished in 158.515658 seconds
2020-08-05 17:29:55.213: epoch 49:	0.03757253  	0.02728738  	0.11131820  	0.15899372  	0.09029021  	0.10624414  	0.05540623  	0.05958742  	0.13961145  	0.14489131  
2020-08-05 17:32:34.004: iteration 50 finished in 158.790694 seconds
2020-08-05 17:32:35.560: epoch 50:	0.03759098  	0.02729292  	0.11141370  	0.15905857  	0.09032111  	0.10625874  	0.05541256  	0.05958581  	0.13963354  	0.14490099  
