2020-07-20 20:15:39.835: Dataset name: u1
The number of users: 1335
The number of items: 1777
The number of ratings: 20192
Average actions of users: 15.13
Average actions of items: 11.36
The sparsity of the dataset: 99.148841%
2020-07-20 20:15:39.835: 

NeuRec hyperparameters:
recommender=WRMF
config_dir=./conf
gpu_id=0
gpu_mem=0.5
data.input.path=C:\Users\HyunsikYoo\Desktop\VNE_directed_networks/_Data/uci/5-fold/u1/
data.input.dataset=u1
data.output.path=C:\Users\HyunsikYoo\Desktop\VNE_directed_networks/_Data/uci/5-fold/u1/relevance_WRMF_directed.dir
data.column.format=UI
data.convert.separator='\t'
user_min=0
item_min=0
splitter=given
ratio=0.8
by_time=False
metric=["Precision", "Recall", "NDCG", "MAP", "MRR"]
topk=[10, 20]
group_view=None
rec.evaluate.neg=0
test_batch_size=128
num_thread=8

WRMF's hyperparameters:
epochs=50
embedding_size=16
reg_mf=0.1
alpha=10
init_method=uniform
stddev=0.01
verbose=1

2020-07-20 20:15:39.976: metrics:	Precision@10	Precision@20	Recall@10   	Recall@20   	NDCG@10     	NDCG@20     	MAP@10      	MAP@20      	MRR@10      	MRR@20      
2020-07-20 20:15:40.892: iteration 1 finished in 0.914962 seconds
2020-07-20 20:15:40.922: epoch 1:	0.01457087  	0.01302398  	0.03677098  	0.06340566  	0.02654305  	0.03517830  	0.01289137  	0.01446512  	0.04343613  	0.04839125  
2020-07-20 20:15:41.767: iteration 2 finished in 0.844741 seconds
2020-07-20 20:15:41.790: epoch 2:	0.02455095  	0.02185626  	0.06810717  	0.11310804  	0.04865034  	0.06400494  	0.02513026  	0.02834929  	0.07476949  	0.08247632  
2020-07-20 20:15:42.641: iteration 3 finished in 0.850730 seconds
2020-07-20 20:15:42.664: epoch 3:	0.03133739  	0.02549895  	0.08420645  	0.13293047  	0.06099544  	0.07656970  	0.03153104  	0.03469618  	0.09434859  	0.10140973  
2020-07-20 20:15:43.515: iteration 4 finished in 0.850756 seconds
2020-07-20 20:15:43.538: epoch 4:	0.03363278  	0.02769454  	0.08791848  	0.14506304  	0.06506999  	0.08302451  	0.03405032  	0.03786621  	0.10064277  	0.10820977  
2020-07-20 20:15:44.377: iteration 5 finished in 0.839753 seconds
2020-07-20 20:15:44.399: epoch 5:	0.03512976  	0.02819354  	0.08845686  	0.15219052  	0.06755225  	0.08677372  	0.03609660  	0.04032122  	0.10418413  	0.11174585  
2020-07-20 20:15:45.242: iteration 6 finished in 0.842745 seconds
2020-07-20 20:15:45.264: epoch 6:	0.03592816  	0.02944104  	0.09091026  	0.15845430  	0.06917437  	0.08988933  	0.03737968  	0.04197054  	0.10478926  	0.11308814  
2020-07-20 20:15:46.107: iteration 7 finished in 0.842747 seconds
2020-07-20 20:15:46.136: epoch 7:	0.03612776  	0.02974044  	0.09268392  	0.16291586  	0.06998447  	0.09158041  	0.03776229  	0.04258284  	0.10549300  	0.11455492  
2020-07-20 20:15:46.976: iteration 8 finished in 0.840916 seconds
2020-07-20 20:15:46.998: epoch 8:	0.03652695  	0.03028934  	0.09591015  	0.16533238  	0.07128622  	0.09292701  	0.03788327  	0.04291954  	0.10877849  	0.11711394  
2020-07-20 20:15:47.840: iteration 9 finished in 0.841749 seconds
2020-07-20 20:15:47.862: epoch 9:	0.03672656  	0.03048894  	0.09840423  	0.16560739  	0.07231697  	0.09341946  	0.03813518  	0.04294438  	0.11147266  	0.11941507  
2020-07-20 20:15:48.700: iteration 10 finished in 0.837790 seconds
2020-07-20 20:15:48.721: epoch 10:	0.03752495  	0.03043903  	0.10065280  	0.16081439  	0.07293759  	0.09222379  	0.03808915  	0.04229954  	0.11076616  	0.11851298  
2020-07-20 20:15:49.560: iteration 11 finished in 0.838756 seconds
2020-07-20 20:15:49.581: epoch 11:	0.03812375  	0.03133724  	0.09903819  	0.16334201  	0.07219721  	0.09279419  	0.03729077  	0.04185501  	0.10955072  	0.11760043  
2020-07-20 20:15:50.414: iteration 12 finished in 0.832772 seconds
2020-07-20 20:15:50.437: epoch 12:	0.03922154  	0.03138713  	0.10394958  	0.16154249  	0.07377919  	0.09238612  	0.03779450  	0.04193212  	0.11012343  	0.11720984  
2020-07-20 20:15:51.228: iteration 13 finished in 0.790884 seconds
2020-07-20 20:15:51.249: epoch 13:	0.03902194  	0.03173643  	0.10130076  	0.16628402  	0.07407941  	0.09463255  	0.03868651  	0.04337682  	0.11268377  	0.12010679  
2020-07-20 20:15:52.047: iteration 14 finished in 0.797866 seconds
2020-07-20 20:15:52.069: epoch 14:	0.03942114  	0.03188614  	0.10146248  	0.16429426  	0.07482306  	0.09485240  	0.03943043  	0.04403670  	0.11420534  	0.12148073  
2020-07-20 20:15:52.909: iteration 15 finished in 0.839761 seconds
2020-07-20 20:15:52.931: epoch 15:	0.04051894  	0.03203584  	0.10528967  	0.16736472  	0.07682444  	0.09616725  	0.04038213  	0.04464774  	0.11735734  	0.12427373  
2020-07-20 20:15:53.775: iteration 16 finished in 0.844740 seconds
2020-07-20 20:15:53.797: epoch 16:	0.04011973  	0.03213564  	0.10277579  	0.16587174  	0.07576980  	0.09566192  	0.04001541  	0.04448901  	0.11537124  	0.12270571  
2020-07-20 20:15:54.648: iteration 17 finished in 0.849887 seconds
2020-07-20 20:15:54.670: epoch 17:	0.03922154  	0.03213564  	0.09905577  	0.16653597  	0.07431471  	0.09575520  	0.03954490  	0.04450780  	0.11432533  	0.12230957  
2020-07-20 20:15:55.514: iteration 18 finished in 0.843449 seconds
2020-07-20 20:15:55.536: epoch 18:	0.03972054  	0.03208574  	0.10212790  	0.16874833  	0.07548396  	0.09641048  	0.04020614  	0.04488624  	0.11442512  	0.12246906  
2020-07-20 20:15:56.386: iteration 19 finished in 0.848774 seconds
2020-07-20 20:15:56.408: epoch 19:	0.03942114  	0.03213563  	0.10074845  	0.17222001  	0.07474124  	0.09678219  	0.03971558  	0.04465746  	0.11387067  	0.12228245  
2020-07-20 20:15:57.250: iteration 20 finished in 0.841349 seconds
2020-07-20 20:15:57.272: epoch 20:	0.03892214  	0.03243503  	0.09845594  	0.17259292  	0.07373485  	0.09681609  	0.03933388  	0.04461568  	0.11207031  	0.12057389  
2020-07-20 20:15:58.117: iteration 21 finished in 0.845760 seconds
2020-07-20 20:15:58.140: epoch 21:	0.03842314  	0.03248493  	0.09660260  	0.17234090  	0.07348519  	0.09716211  	0.03960385  	0.04498053  	0.11251107  	0.12163839  
2020-07-20 20:15:58.990: iteration 22 finished in 0.849727 seconds
2020-07-20 20:15:59.013: epoch 22:	0.03782435  	0.03233523  	0.09605885  	0.17124952  	0.07315610  	0.09685449  	0.03952978  	0.04489638  	0.11249128  	0.12171168  
2020-07-20 20:15:59.860: iteration 23 finished in 0.846735 seconds
2020-07-20 20:15:59.882: epoch 23:	0.03772455  	0.03223543  	0.09560376  	0.16975622  	0.07349855  	0.09688836  	0.03983937  	0.04506772  	0.11474508  	0.12402063  
2020-07-20 20:16:00.728: iteration 24 finished in 0.845785 seconds
2020-07-20 20:16:00.750: epoch 24:	0.03752495  	0.03248493  	0.09456099  	0.17084076  	0.07280684  	0.09688298  	0.03951230  	0.04494200  	0.11319345  	0.12258518  
2020-07-20 20:16:01.600: iteration 25 finished in 0.848786 seconds
2020-07-20 20:16:01.623: epoch 25:	0.03772455  	0.03218554  	0.09674200  	0.16947632  	0.07312640  	0.09618255  	0.03941110  	0.04455015  	0.11333245  	0.12234791  
2020-07-20 20:16:02.469: iteration 26 finished in 0.845738 seconds
2020-07-20 20:16:02.492: epoch 26:	0.03842315  	0.03228534  	0.09864962  	0.16799879  	0.07362913  	0.09564908  	0.03940601  	0.04432011  	0.11283226  	0.12128817  
2020-07-20 20:16:03.335: iteration 27 finished in 0.843719 seconds
2020-07-20 20:16:03.358: epoch 27:	0.03862274  	0.03238514  	0.09880646  	0.16822742  	0.07378104  	0.09574564  	0.03940343  	0.04436313  	0.11300614  	0.12117732  
2020-07-20 20:16:04.198: iteration 28 finished in 0.839754 seconds
2020-07-20 20:16:04.221: epoch 28:	0.03852295  	0.03238513  	0.09888608  	0.16923468  	0.07354197  	0.09580606  	0.03926928  	0.04421652  	0.11239430  	0.12087039  
2020-07-20 20:16:05.050: iteration 29 finished in 0.828782 seconds
2020-07-20 20:16:05.073: epoch 29:	0.03802395  	0.03188613  	0.09773034  	0.16734062  	0.07344451  	0.09559758  	0.03955610  	0.04454964  	0.11309803  	0.12179451  
2020-07-20 20:16:05.922: iteration 30 finished in 0.849005 seconds
2020-07-20 20:16:05.944: epoch 30:	0.03762475  	0.03188614  	0.09606761  	0.16890241  	0.07276873  	0.09584051  	0.03939341  	0.04470173  	0.11211903  	0.12087886  
2020-07-20 20:16:06.776: iteration 31 finished in 0.831775 seconds
2020-07-20 20:16:06.797: epoch 31:	0.03752495  	0.03168654  	0.09608383  	0.16796781  	0.07267331  	0.09545191  	0.03929066  	0.04451196  	0.11220023  	0.12098097  
2020-07-20 20:16:07.642: iteration 32 finished in 0.844793 seconds
2020-07-20 20:16:07.665: epoch 32:	0.03802394  	0.03163664  	0.09685292  	0.16800044  	0.07305661  	0.09540387  	0.03938218  	0.04439193  	0.11252616  	0.12129602  
2020-07-20 20:16:08.502: iteration 33 finished in 0.836797 seconds
2020-07-20 20:16:08.524: epoch 33:	0.03762475  	0.03178633  	0.09625980  	0.16941059  	0.07307689  	0.09611613  	0.03958838  	0.04473921  	0.11347545  	0.12262279  
2020-07-20 20:16:09.362: iteration 34 finished in 0.837808 seconds
2020-07-20 20:16:09.385: epoch 34:	0.03792416  	0.03168653  	0.09719909  	0.16926567  	0.07382379  	0.09642943  	0.04012305  	0.04517622  	0.11440139  	0.12327335  
2020-07-20 20:16:10.223: iteration 35 finished in 0.838756 seconds
2020-07-20 20:16:10.244: epoch 35:	0.03832335  	0.03203583  	0.09816639  	0.17056629  	0.07403369  	0.09667587  	0.04018755  	0.04519685  	0.11337604  	0.12227888  
2020-07-20 20:16:11.087: iteration 36 finished in 0.841833 seconds
2020-07-20 20:16:11.109: epoch 36:	0.03822355  	0.03213563  	0.09788203  	0.17050661  	0.07388223  	0.09667780  	0.04008774  	0.04512961  	0.11315544  	0.12225018  
2020-07-20 20:16:11.955: iteration 37 finished in 0.844793 seconds
2020-07-20 20:16:11.978: epoch 37:	0.03852294  	0.03218553  	0.09863694  	0.17124519  	0.07436774  	0.09698911  	0.04028944  	0.04529957  	0.11381681  	0.12259072  
2020-07-20 20:16:12.817: iteration 38 finished in 0.838806 seconds
2020-07-20 20:16:12.840: epoch 38:	0.03892214  	0.03228533  	0.10063295  	0.17191316  	0.07502794  	0.09720200  	0.04050518  	0.04533355  	0.11413998  	0.12277311  
2020-07-20 20:16:13.682: iteration 39 finished in 0.842049 seconds
2020-07-20 20:16:13.704: epoch 39:	0.03912174  	0.03203584  	0.10154542  	0.17099278  	0.07536138  	0.09692699  	0.04061540  	0.04526829  	0.11419266  	0.12267154  
2020-07-20 20:16:14.548: iteration 40 finished in 0.844740 seconds
2020-07-20 20:16:14.575: epoch 40:	0.03922153  	0.03183624  	0.10215926  	0.17035425  	0.07583406  	0.09685619  	0.04100125  	0.04541767  	0.11470275  	0.12307692  
2020-07-20 20:16:15.441: iteration 41 finished in 0.865658 seconds
2020-07-20 20:16:15.464: epoch 41:	0.03922153  	0.03158674  	0.10143571  	0.16884904  	0.07599017  	0.09673360  	0.04122206  	0.04565229  	0.11555699  	0.12374990  
2020-07-20 20:16:16.314: iteration 42 finished in 0.849798 seconds
2020-07-20 20:16:16.336: epoch 42:	0.03932133  	0.03168654  	0.10324734  	0.16937560  	0.07665439  	0.09707106  	0.04135296  	0.04578618  	0.11705086  	0.12470025  
2020-07-20 20:16:17.180: iteration 43 finished in 0.844740 seconds
2020-07-20 20:16:17.203: epoch 43:	0.03912174  	0.03178633  	0.10267350  	0.17058150  	0.07628188  	0.09725752  	0.04106374  	0.04564431  	0.11677483  	0.12463019  
2020-07-20 20:16:18.015: iteration 44 finished in 0.810833 seconds
2020-07-20 20:16:18.038: epoch 44:	0.03952093  	0.03168653  	0.10318596  	0.16995776  	0.07688225  	0.09732933  	0.04140868  	0.04579212  	0.11828056  	0.12608774  
2020-07-20 20:16:18.890: iteration 45 finished in 0.851923 seconds
2020-07-20 20:16:18.913: epoch 45:	0.03952093  	0.03163664  	0.10322439  	0.16891125  	0.07709644  	0.09736709  	0.04164865  	0.04603737  	0.11881797  	0.12653758  
2020-07-20 20:16:19.764: iteration 46 finished in 0.849728 seconds
2020-07-20 20:16:19.786: epoch 46:	0.03922153  	0.03168653  	0.10207285  	0.16918172  	0.07679382  	0.09757503  	0.04147327  	0.04600302  	0.11988409  	0.12780136  
2020-07-20 20:16:20.627: iteration 47 finished in 0.841748 seconds
2020-07-20 20:16:20.649: epoch 47:	0.03922154  	0.03173643  	0.10327716  	0.16874407  	0.07733936  	0.09785660  	0.04185343  	0.04633788  	0.12043024  	0.12828195  
2020-07-20 20:16:21.498: iteration 48 finished in 0.847733 seconds
2020-07-20 20:16:21.520: epoch 48:	0.03912174  	0.03203584  	0.10166649  	0.17125852  	0.07697280  	0.09863768  	0.04180675  	0.04665386  	0.12003262  	0.12802532  
2020-07-20 20:16:22.364: iteration 49 finished in 0.843769 seconds
2020-07-20 20:16:22.386: epoch 49:	0.03912174  	0.03188614  	0.10166648  	0.17156672  	0.07696474  	0.09865266  	0.04195076  	0.04684538  	0.11948369  	0.12748513  
2020-07-20 20:16:23.236: iteration 50 finished in 0.849727 seconds
2020-07-20 20:16:23.258: epoch 50:	0.03942114  	0.03188615  	0.10365260  	0.17144714  	0.07750991  	0.09855167  	0.04207665  	0.04677308  	0.11926034  	0.12716141  
