2021-11-10 13:25:00.719: Dataset name: u1
The number of users: 6020
The number of items: 6020
The number of ratings: 50083
Average actions of users: 8.32
Average actions of items: 8.32
The sparsity of the dataset: 99.861803%
2021-11-10 13:25:00.719: 

NeuRec hyperparameters:
recommender=WRMF
config_dir=./conf
gpu_id=0
gpu_mem=0.5
data.input.path=D:\hsyoo\Workingon_210628/_Data/jung/5-noniid-in/u1/
data.input.dataset=u1
data.output.path=D:\hsyoo\Workingon_210628/_Emb/jung/5-noniid-in/wrmf/u1_wrmf_directed_dim16_uniform_send.emb
data.column.format=UI
data.convert.separator='\t'
user_min=0
item_min=0
splitter=given
ratio=0.8
by_time=False
metric=["Precision", "Recall", "NDCG", "MAP", "MRR"]
topk=[10, 20]
group_view=None
rec.evaluate.neg=0
test_batch_size=128
num_thread=8
data.index.remap=False

WRMF's hyperparameters:
epochs=50
embedding_size=16
reg_mf=0.1
alpha=10
init_method=uniform
stddev=0.01
verbose=1
weight=uniform

2021-11-10 13:28:07.534: metrics:	Precision@10	Precision@20	Recall@10   	Recall@20   	NDCG@10     	NDCG@20     	MAP@10      	MAP@20      	MRR@10      	MRR@20      
2021-11-10 13:28:16.251: iteration 1 finished in 8.701400 seconds
2021-11-10 13:28:16.735: epoch 1:	0.04233868  	0.02660110  	0.12612531  	0.16673011  	0.09947152  	0.11101830  	0.07245079  	0.07531352  	0.11749095  	0.12113763  
2021-11-10 13:28:25.679: iteration 2 finished in 8.927476 seconds
2021-11-10 13:28:26.538: epoch 2:	0.06318405  	0.03850161  	0.21175027  	0.26252457  	0.18088384  	0.19516777  	0.14449325  	0.14776275  	0.21591479  	0.22024360  
2021-11-10 13:28:35.468: iteration 3 finished in 8.929944 seconds
2021-11-10 13:28:35.827: epoch 3:	0.06756573  	0.04115918  	0.23004732  	0.28585449  	0.19717717  	0.21268687  	0.15778694  	0.16146934  	0.23728725  	0.24165784  
2021-11-10 13:28:44.858: iteration 4 finished in 9.031509 seconds
2021-11-10 13:28:45.880: epoch 4:	0.06886204  	0.04211849  	0.23798035  	0.29096630  	0.20243031  	0.21764173  	0.16164763  	0.16542038  	0.24402313  	0.24823368  
2021-11-10 13:28:54.907: iteration 5 finished in 9.026204 seconds
2021-11-10 13:28:55.703: epoch 5:	0.07002874  	0.04300000  	0.24254888  	0.29682833  	0.20513052  	0.22064622  	0.16337445  	0.16722229  	0.24707532  	0.25136441  
2021-11-10 13:29:04.673: iteration 6 finished in 8.969502 seconds
2021-11-10 13:29:05.220: epoch 6:	0.07039172  	0.04293518  	0.24378663  	0.29492730  	0.20543198  	0.22025616  	0.16326734  	0.16714108  	0.24715772  	0.25121707  
2021-11-10 13:29:14.345: iteration 7 finished in 9.125669 seconds
2021-11-10 13:29:14.970: epoch 7:	0.07046952  	0.04344076  	0.24462849  	0.29836464  	0.20571370  	0.22140360  	0.16318946  	0.16739626  	0.24727741  	0.25148016  
2021-11-10 13:29:24.191: iteration 8 finished in 9.220683 seconds
2021-11-10 13:29:24.862: epoch 8:	0.07096213  	0.04360929  	0.24843863  	0.29854503  	0.20577133  	0.22062866  	0.16230848  	0.16637360  	0.24539962  	0.24931015  
2021-11-10 13:29:33.756: iteration 9 finished in 8.893633 seconds
2021-11-10 13:29:34.584: epoch 9:	0.07096212  	0.04380374  	0.24810842  	0.30117628  	0.20534796  	0.22091228  	0.16184564  	0.16611141  	0.24480957  	0.24879034  
2021-11-10 13:29:43.462: iteration 10 finished in 8.878185 seconds
2021-11-10 13:29:44.524: epoch 10:	0.07080656  	0.04388154  	0.24823940  	0.30139378  	0.20508416  	0.22084035  	0.16151826  	0.16594487  	0.24412028  	0.24808639  
2021-11-10 13:29:53.278: iteration 11 finished in 8.753407 seconds
2021-11-10 13:29:53.715: epoch 11:	0.07046951  	0.04399822  	0.24484879  	0.30288863  	0.20360108  	0.22067712  	0.16063170  	0.16544740  	0.24268538  	0.24707495  
2021-11-10 13:30:02.560: iteration 12 finished in 8.845134 seconds
2021-11-10 13:30:03.125: epoch 12:	0.07044359  	0.04402414  	0.24482654  	0.30427521  	0.20341071  	0.22080714  	0.16038191  	0.16526914  	0.24221206  	0.24664015  
2021-11-10 13:30:12.251: iteration 13 finished in 9.125237 seconds
2021-11-10 13:30:12.547: epoch 13:	0.07044358  	0.04393340  	0.24441996  	0.30241680  	0.20341286  	0.22050592  	0.16050553  	0.16534062  	0.24213564  	0.24655604  
2021-11-10 13:30:21.441: iteration 14 finished in 8.893222 seconds
2021-11-10 13:30:21.909: epoch 14:	0.07057321  	0.04394636  	0.24486823  	0.30308685  	0.20330068  	0.22039224  	0.16021705  	0.16503401  	0.24183364  	0.24631883  
2021-11-10 13:30:30.707: iteration 15 finished in 8.797534 seconds
2021-11-10 13:30:32.206: epoch 15:	0.07049543  	0.04372599  	0.24495471  	0.29915383  	0.20281503  	0.21901362  	0.15962891  	0.16429821  	0.24094082  	0.24514237  
2021-11-10 13:30:41.101: iteration 16 finished in 8.894433 seconds
2021-11-10 13:30:42.210: epoch 16:	0.07052135  	0.04382970  	0.24487695  	0.29942191  	0.20305595  	0.21935859  	0.15995188  	0.16464989  	0.24122538  	0.24543260  
2021-11-10 13:30:51.012: iteration 17 finished in 8.801879 seconds
2021-11-10 13:30:52.077: epoch 17:	0.07046951  	0.04385563  	0.24471617  	0.29905763  	0.20302011  	0.21936604  	0.15997753  	0.16472101  	0.24111563  	0.24536766  
2021-11-10 13:31:01.218: iteration 18 finished in 9.141232 seconds
2021-11-10 13:31:02.140: epoch 18:	0.07044359  	0.04389451  	0.24481072  	0.29906645  	0.20310560  	0.21943814  	0.16007403  	0.16482073  	0.24137561  	0.24557573  
2021-11-10 13:31:10.986: iteration 19 finished in 8.845693 seconds
2021-11-10 13:31:11.314: epoch 19:	0.07023616  	0.04389451  	0.24415976  	0.29843351  	0.20296903  	0.21940792  	0.16012536  	0.16493088  	0.24139813  	0.24565530  
2021-11-10 13:31:20.254: iteration 20 finished in 8.940347 seconds
2021-11-10 13:31:21.191: epoch 20:	0.07026209  	0.04390747  	0.24444266  	0.29844722  	0.20294696  	0.21933429  	0.16001990  	0.16481361  	0.24126549  	0.24552323  
2021-11-10 13:31:30.007: iteration 21 finished in 8.816033 seconds
2021-11-10 13:31:30.335: epoch 21:	0.07028802  	0.04403711  	0.24440242  	0.29992574  	0.20299053  	0.21972978  	0.16011079  	0.16497241  	0.24129184  	0.24560376  
2021-11-10 13:31:39.124: iteration 22 finished in 8.788882 seconds
2021-11-10 13:31:39.827: epoch 22:	0.07028802  	0.04401118  	0.24476171  	0.29983446  	0.20278333  	0.21939255  	0.15974630  	0.16460261  	0.24092510  	0.24516597  
2021-11-10 13:31:48.625: iteration 23 finished in 8.798111 seconds
2021-11-10 13:31:49.188: epoch 23:	0.07031395  	0.04406302  	0.24485171  	0.30025974  	0.20296261  	0.21965921  	0.15992185  	0.16480263  	0.24122263  	0.24548043  
2021-11-10 13:31:58.595: iteration 24 finished in 9.407702 seconds
2021-11-10 13:31:59.189: epoch 24:	0.07015840  	0.04405006  	0.24412864  	0.30025718  	0.20274976  	0.21969308  	0.15978256  	0.16479686  	0.24133793  	0.24557176  
2021-11-10 13:32:08.115: iteration 25 finished in 8.925981 seconds
2021-11-10 13:32:08.505: epoch 25:	0.07005470  	0.04397228  	0.24369654  	0.29934651  	0.20267728  	0.21957009  	0.15980335  	0.16484523  	0.24152024  	0.24574652  
2021-11-10 13:32:17.397: iteration 26 finished in 8.892001 seconds
2021-11-10 13:32:18.134: epoch 26:	0.06997693  	0.04397228  	0.24367493  	0.29982248  	0.20266424  	0.21971729  	0.15973696  	0.16483292  	0.24171567  	0.24600278  
2021-11-10 13:32:27.105: iteration 27 finished in 8.970875 seconds
2021-11-10 13:32:27.723: epoch 27:	0.07005470  	0.04393340  	0.24387763  	0.29970646  	0.20277512  	0.21970397  	0.15979226  	0.16484462  	0.24184686  	0.24611895  
2021-11-10 13:32:36.501: iteration 28 finished in 8.777719 seconds
2021-11-10 13:32:36.910: epoch 28:	0.07010656  	0.04390746  	0.24380201  	0.29939681  	0.20272765  	0.21959029  	0.15976836  	0.16478150  	0.24168894  	0.24600159  
2021-11-10 13:32:45.723: iteration 29 finished in 8.813514 seconds
2021-11-10 13:32:45.942: epoch 29:	0.07033990  	0.04398525  	0.24652433  	0.30005798  	0.20352259  	0.21981966  	0.16003822  	0.16485131  	0.24209657  	0.24619481  
2021-11-10 13:32:54.695: iteration 30 finished in 8.753533 seconds
2021-11-10 13:32:55.445: epoch 30:	0.07039175  	0.04408895  	0.24617323  	0.30073419  	0.20329626  	0.21982008  	0.15982059  	0.16465428  	0.24181239  	0.24593848  
2021-11-10 13:33:04.218: iteration 31 finished in 8.772835 seconds
2021-11-10 13:33:04.608: epoch 31:	0.07036582  	0.04399821  	0.24591397  	0.29966688  	0.20316629  	0.21948375  	0.15969616  	0.16448975  	0.24177267  	0.24584554  
2021-11-10 13:33:13.532: iteration 32 finished in 8.923834 seconds
2021-11-10 13:33:14.001: epoch 32:	0.07036582  	0.04382968  	0.24595717  	0.29808995  	0.20327216  	0.21910569  	0.15979339  	0.16449748  	0.24210058  	0.24595448  
2021-11-10 13:33:22.672: iteration 33 finished in 8.671387 seconds
2021-11-10 13:33:23.736: epoch 33:	0.07041768  	0.04388153  	0.24608681  	0.29827338  	0.20290793  	0.21875660  	0.15929578  	0.16400841  	0.24157266  	0.24541391  
2021-11-10 13:33:32.485: iteration 34 finished in 8.749371 seconds
2021-11-10 13:33:32.735: epoch 34:	0.07044361  	0.04392042  	0.24615595  	0.29883227  	0.20294186  	0.21890378  	0.15930901  	0.16403754  	0.24163069  	0.24551272  
2021-11-10 13:33:41.552: iteration 35 finished in 8.816822 seconds
2021-11-10 13:33:42.021: epoch 35:	0.07041768  	0.04386857  	0.24613434  	0.29840013  	0.20300858  	0.21885160  	0.15940930  	0.16410591  	0.24167173  	0.24555430  
2021-11-10 13:33:50.787: iteration 36 finished in 8.766160 seconds
2021-11-10 13:33:51.146: epoch 36:	0.07046954  	0.04388153  	0.24622077  	0.29845104  	0.20312437  	0.21893826  	0.15950096  	0.16417804  	0.24186538  	0.24575360  
2021-11-10 13:34:00.025: iteration 37 finished in 8.878577 seconds
2021-11-10 13:34:01.210: epoch 37:	0.07054731  	0.04385561  	0.24682572  	0.29872110  	0.20329428  	0.21896298  	0.15954868  	0.16416241  	0.24191475  	0.24576160  
2021-11-10 13:34:10.069: iteration 38 finished in 8.859564 seconds
2021-11-10 13:34:10.756: epoch 38:	0.07021026  	0.04380375  	0.24345523  	0.29829520  	0.20239700  	0.21888207  	0.15929608  	0.16416948  	0.24174714  	0.24589173  
2021-11-10 13:34:19.604: iteration 39 finished in 8.847619 seconds
2021-11-10 13:34:19.963: epoch 39:	0.07015841  	0.04375190  	0.24339041  	0.29813087  	0.20235129  	0.21879454  	0.15925854  	0.16410503  	0.24174486  	0.24588186  
2021-11-10 13:34:28.933: iteration 40 finished in 8.969602 seconds
2021-11-10 13:34:29.214: epoch 40:	0.07023619  	0.04371300  	0.24357945  	0.29749998  	0.20245215  	0.21865322  	0.15936199  	0.16414528  	0.24175313  	0.24578752  
2021-11-10 13:34:38.050: iteration 41 finished in 8.836307 seconds
2021-11-10 13:34:39.027: epoch 41:	0.07026211  	0.04362226  	0.24383871  	0.29655549  	0.20250235  	0.21838546  	0.15935852  	0.16405542  	0.24175097  	0.24571131  
2021-11-10 13:34:47.772: iteration 42 finished in 8.744166 seconds
2021-11-10 13:34:48.591: epoch 42:	0.07026212  	0.04362226  	0.24403316  	0.29651573  	0.20262876  	0.21841410  	0.15942918  	0.16411072  	0.24199183  	0.24585401  
2021-11-10 13:34:57.232: iteration 43 finished in 8.640970 seconds
2021-11-10 13:34:58.110: epoch 43:	0.07026212  	0.04364819  	0.24403316  	0.29687887  	0.20263857  	0.21851470  	0.15943608  	0.16412710  	0.24207702  	0.24597377  
2021-11-10 13:35:06.833: iteration 44 finished in 8.723126 seconds
2021-11-10 13:35:07.426: epoch 44:	0.07033990  	0.04366115  	0.24429242  	0.29690149  	0.20269121  	0.21847729  	0.15940464  	0.16407835  	0.24209586  	0.24593998  
2021-11-10 13:35:16.726: iteration 45 finished in 9.299972 seconds
2021-11-10 13:35:17.476: epoch 45:	0.07039176  	0.04366115  	0.24439064  	0.29691574  	0.20272943  	0.21846494  	0.15941203  	0.16405377  	0.24209844  	0.24593566  
2021-11-10 13:35:26.493: iteration 46 finished in 9.016900 seconds
2021-11-10 13:35:26.806: epoch 46:	0.07033990  	0.04368708  	0.24428879  	0.29689035  	0.20258212  	0.21837835  	0.15929469  	0.16395862  	0.24187374  	0.24573521  
2021-11-10 13:35:35.964: iteration 47 finished in 9.158686 seconds
2021-11-10 13:35:36.339: epoch 47:	0.07033990  	0.04375189  	0.24431041  	0.29792744  	0.20246002  	0.21851094  	0.15918919  	0.16391963  	0.24145006  	0.24536747  
2021-11-10 13:35:45.187: iteration 48 finished in 8.848303 seconds
2021-11-10 13:35:45.562: epoch 48:	0.07033990  	0.04377782  	0.24427439  	0.29814354  	0.20250803  	0.21863258  	0.15926041  	0.16400981  	0.24151275  	0.24545874  
2021-11-10 13:35:54.362: iteration 49 finished in 8.799270 seconds
2021-11-10 13:35:54.674: epoch 49:	0.07046954  	0.04377782  	0.24513285  	0.29814783  	0.20279279  	0.21866909  	0.15936735  	0.16403641  	0.24163517  	0.24549569  
2021-11-10 13:36:03.724: iteration 50 finished in 9.050109 seconds
2021-11-10 13:36:04.177: epoch 50:	0.07039176  	0.04376486  	0.24435505  	0.29786325  	0.20257762  	0.21863048  	0.15929084  	0.16404842  	0.24167848  	0.24561653  
