2020-09-16 20:30:33.420: Dataset name: u1
The number of users: 68293
The number of items: 68288
The number of ratings: 500678
Average actions of users: 7.33
Average actions of items: 7.33
The sparsity of the dataset: 99.989264%
2020-09-16 20:30:33.421: 

NeuRec hyperparameters:
recommender=WRMF
config_dir=./conf
gpu_id=0
gpu_mem=0.5
data.input.path=C:\Users\HyunsikYoo\Desktop\VNE_directed_networks/_Data/Epinions/5-fold/u1/
data.input.dataset=u1
data.output.path=C:\Users\HyunsikYoo\Desktop\VNE_directed_networks/_Data/Epinions/5-fold/u1/relevance_WRMF_directed_uni_False_uniform
data.column.format=UI
data.convert.separator='\t'
user_min=0
item_min=0
splitter=given
ratio=0.8
by_time=False
metric=["Precision", "Recall", "NDCG", "MAP", "MRR"]
topk=[10, 20]
group_view=None
rec.evaluate.neg=0
test_batch_size=128
num_thread=8
data.index.remap=False

WRMF's hyperparameters:
epochs=50
embedding_size=16
reg_mf=0.1
alpha=10
init_method=uniform
stddev=0.01
verbose=1
weight=uniform

2020-09-16 23:51:16.118: metrics:	Precision@10	Precision@20	Recall@10   	Recall@20   	NDCG@10     	NDCG@20     	MAP@10      	MAP@20      	MRR@10      	MRR@20      
2020-09-17 00:07:06.074: iteration 1 finished in 949.955462 seconds
2020-09-17 00:07:09.567: epoch 1:	0.00855565  	0.00730199  	0.01561895  	0.02484545  	0.01424681  	0.01665314  	0.00732557  	0.00733108  	0.02603566  	0.02818436  
2020-09-17 00:25:20.903: iteration 2 finished in 1091.334390 seconds
2020-09-17 00:25:24.216: epoch 2:	0.02157917  	0.01751887  	0.04278089  	0.06494735  	0.03644738  	0.04245061  	0.01955676  	0.02006047  	0.05945865  	0.06281228  
2020-09-17 00:39:52.222: iteration 3 finished in 868.003681 seconds
2020-09-17 00:39:54.778: epoch 3:	0.02612781  	0.02064265  	0.05267919  	0.07996865  	0.04504683  	0.05214784  	0.02475323  	0.02533436  	0.07230976  	0.07592892  
2020-09-17 00:54:59.756: iteration 4 finished in 904.972786 seconds
2020-09-17 00:55:02.833: epoch 4:	0.02801427  	0.02194932  	0.05692007  	0.08614593  	0.04878754  	0.05629644  	0.02719259  	0.02774666  	0.07724593  	0.08095172  
2020-09-17 01:09:15.846: iteration 5 finished in 853.011777 seconds
2020-09-17 01:09:18.485: epoch 5:	0.02870026  	0.02255364  	0.05855942  	0.08834778  	0.05014226  	0.05779256  	0.02796639  	0.02849403  	0.07919083  	0.08296782  
2020-09-17 01:22:53.099: iteration 6 finished in 814.609451 seconds
2020-09-17 01:22:55.993: epoch 6:	0.02916167  	0.02274146  	0.05950416  	0.08879618  	0.05151583  	0.05893969  	0.02901921  	0.02945703  	0.08176482  	0.08541252  
2020-09-17 01:36:19.390: iteration 7 finished in 803.393446 seconds
2020-09-17 01:36:22.657: epoch 7:	0.02924738  	0.02290889  	0.06003612  	0.08934327  	0.05231297  	0.05977435  	0.02966579  	0.03009645  	0.08367120  	0.08732251  
2020-09-17 01:49:37.020: iteration 8 finished in 794.360602 seconds
2020-09-17 01:49:40.050: epoch 8:	0.02938215  	0.02300894  	0.06044890  	0.08963905  	0.05282325  	0.06025012  	0.03015425  	0.03056273  	0.08417681  	0.08784752  
2020-09-17 02:04:51.215: iteration 9 finished in 911.158245 seconds
2020-09-17 02:04:53.983: epoch 9:	0.02952507  	0.02311511  	0.06085732  	0.08985411  	0.05320553  	0.06059742  	0.03042329  	0.03082034  	0.08471266  	0.08838821  
2020-09-17 02:19:13.085: iteration 10 finished in 859.098471 seconds
2020-09-17 02:19:16.445: epoch 10:	0.02967615  	0.02313349  	0.06134531  	0.08967037  	0.05336345  	0.06059270  	0.03045367  	0.03081881  	0.08466549  	0.08827375  
2020-09-17 02:34:03.016: iteration 11 finished in 886.567010 seconds
2020-09-17 02:34:06.039: epoch 11:	0.02965983  	0.02314573  	0.06125431  	0.09006862  	0.05338682  	0.06076327  	0.03048948  	0.03088896  	0.08476403  	0.08845689  
2020-09-17 02:47:42.931: iteration 12 finished in 816.889378 seconds
2020-09-17 02:47:46.037: epoch 12:	0.02969250  	0.02313755  	0.06109408  	0.09038916  	0.05337788  	0.06084784  	0.03048789  	0.03092082  	0.08478507  	0.08852699  
2020-09-17 03:01:16.282: iteration 13 finished in 810.241157 seconds
2020-09-17 03:01:19.672: epoch 13:	0.02965983  	0.02312326  	0.06130902  	0.09050722  	0.05339259  	0.06084670  	0.03049400  	0.03091259  	0.08465751  	0.08839495  
2020-09-17 03:16:06.343: iteration 14 finished in 886.664749 seconds
2020-09-17 03:16:09.466: epoch 14:	0.02956592  	0.02314368  	0.06121598  	0.09058855  	0.05337194  	0.06091088  	0.03055189  	0.03098964  	0.08459304  	0.08839299  
2020-09-17 03:30:36.653: iteration 15 finished in 867.183848 seconds
2020-09-17 03:30:39.280: epoch 15:	0.02949650  	0.02314165  	0.06120727  	0.09069441  	0.05336136  	0.06094300  	0.03054056  	0.03099276  	0.08479892  	0.08858120  
2020-09-17 03:45:16.074: iteration 16 finished in 876.789186 seconds
2020-09-17 03:45:19.062: epoch 16:	0.02943116  	0.02315798  	0.06116295  	0.09097289  	0.05336779  	0.06107083  	0.03058614  	0.03106535  	0.08487883  	0.08869615  
2020-09-17 03:58:28.014: iteration 17 finished in 788.946083 seconds
2020-09-17 03:58:31.278: epoch 17:	0.02956183  	0.02316817  	0.06158890  	0.09134295  	0.05346432  	0.06109160  	0.03055420  	0.03099701  	0.08479536  	0.08858521  
2020-09-17 04:13:55.495: iteration 18 finished in 924.210339 seconds
2020-09-17 04:13:58.294: epoch 18:	0.02953324  	0.02314776  	0.06173588  	0.09125270  	0.05350325  	0.06108940  	0.03057760  	0.03102585  	0.08482187  	0.08858316  
2020-09-17 04:27:49.583: iteration 19 finished in 831.281862 seconds
2020-09-17 04:27:52.363: epoch 19:	0.02954549  	0.02316817  	0.06169244  	0.09156732  	0.05352388  	0.06120500  	0.03060395  	0.03105906  	0.08494357  	0.08876066  
2020-09-17 04:41:05.293: iteration 20 finished in 792.925466 seconds
2020-09-17 04:41:08.252: epoch 20:	0.02954958  	0.02318449  	0.06172803  	0.09181237  	0.05353978  	0.06128300  	0.03062538  	0.03111517  	0.08484825  	0.08867092  
2020-09-17 04:54:10.797: iteration 21 finished in 782.539242 seconds
2020-09-17 04:54:13.439: epoch 21:	0.02965166  	0.02320081  	0.06201965  	0.09205255  	0.05372931  	0.06141478  	0.03071719  	0.03118667  	0.08518910  	0.08897054  
2020-09-17 05:07:34.089: iteration 22 finished in 800.641829 seconds
2020-09-17 05:07:37.043: epoch 22:	0.02969249  	0.02320489  	0.06209613  	0.09187420  	0.05378459  	0.06139323  	0.03076025  	0.03121312  	0.08516394  	0.08894017  
2020-09-17 05:20:53.292: iteration 23 finished in 796.240614 seconds
2020-09-17 05:20:56.552: epoch 23:	0.02967614  	0.02320693  	0.06180191  	0.09187859  	0.05376099  	0.06144622  	0.03077620  	0.03126059  	0.08527464  	0.08906239  
2020-09-17 05:34:16.083: iteration 24 finished in 799.525817 seconds
2020-09-17 05:34:19.103: epoch 24:	0.02959039  	0.02318243  	0.06168304  	0.09181805  	0.05367622  	0.06140378  	0.03072002  	0.03123297  	0.08529462  	0.08908687  
2020-09-17 05:47:34.294: iteration 25 finished in 795.186421 seconds
2020-09-17 05:47:37.215: epoch 25:	0.02965163  	0.02317018  	0.06162841  	0.09176438  	0.05371665  	0.06140643  	0.03074900  	0.03124541  	0.08538061  	0.08916190  
2020-09-17 06:00:42.607: iteration 26 finished in 785.386627 seconds
2020-09-17 06:00:45.995: epoch 26:	0.02968430  	0.02319264  	0.06186217  	0.09194266  	0.05382236  	0.06148787  	0.03082680  	0.03130272  	0.08542021  	0.08919817  
2020-09-17 06:15:46.113: iteration 27 finished in 900.113808 seconds
2020-09-17 06:15:49.007: epoch 27:	0.02969657  	0.02317426  	0.06182722  	0.09181371  	0.05389917  	0.06152928  	0.03094250  	0.03141380  	0.08552644  	0.08931384  
2020-09-17 06:29:07.271: iteration 28 finished in 798.255215 seconds
2020-09-17 06:29:10.194: epoch 28:	0.02976598  	0.02319263  	0.06198796  	0.09199455  	0.05393178  	0.06154825  	0.03092114  	0.03138185  	0.08550978  	0.08928187  
2020-09-17 06:42:10.264: iteration 29 finished in 780.065857 seconds
2020-09-17 06:42:13.216: epoch 29:	0.02977415  	0.02315996  	0.06205088  	0.09196141  	0.05403563  	0.06161044  	0.03101273  	0.03146402  	0.08571392  	0.08949605  
2020-09-17 06:55:29.723: iteration 30 finished in 796.502874 seconds
2020-09-17 06:55:32.854: epoch 30:	0.02983948  	0.02320692  	0.06227833  	0.09208741  	0.05416244  	0.06169934  	0.03111314  	0.03153985  	0.08564866  	0.08941840  
2020-09-17 07:09:07.807: iteration 31 finished in 814.945551 seconds
2020-09-17 07:09:11.272: epoch 31:	0.02978231  	0.02319672  	0.06217105  	0.09213002  	0.05417360  	0.06177192  	0.03119037  	0.03162970  	0.08565232  	0.08947200  
2020-09-17 07:22:24.561: iteration 32 finished in 793.280518 seconds
2020-09-17 07:22:27.401: epoch 32:	0.02973739  	0.02319467  	0.06221665  	0.09214933  	0.05423691  	0.06185254  	0.03126340  	0.03170475  	0.08579281  	0.08963408  
2020-09-17 07:35:44.633: iteration 33 finished in 797.223979 seconds
2020-09-17 07:35:47.448: epoch 33:	0.02972923  	0.02319262  	0.06205821  	0.09211390  	0.05418638  	0.06184909  	0.03124374  	0.03170432  	0.08572347  	0.08960090  
2020-09-17 07:50:07.919: iteration 34 finished in 860.461824 seconds
2020-09-17 07:50:10.927: epoch 34:	0.02970473  	0.02319670  	0.06195617  	0.09228422  	0.05423361  	0.06197451  	0.03131609  	0.03180707  	0.08593600  	0.08983352  
2020-09-17 08:03:31.391: iteration 35 finished in 800.454333 seconds
2020-09-17 08:03:34.566: epoch 35:	0.02971697  	0.02321304  	0.06197559  	0.09237445  	0.05416303  	0.06192568  	0.03121217  	0.03171045  	0.08580194  	0.08968270  
2020-09-17 08:17:21.211: iteration 36 finished in 826.636311 seconds
2020-09-17 08:17:24.587: epoch 36:	0.02973738  	0.02320896  	0.06214342  	0.09219837  	0.05421628  	0.06188412  	0.03123467  	0.03169311  	0.08586530  	0.08972435  
2020-09-17 08:30:53.557: iteration 37 finished in 808.961580 seconds
2020-09-17 08:30:56.360: epoch 37:	0.02979046  	0.02319876  	0.06248537  	0.09215923  	0.05439520  	0.06194121  	0.03135115  	0.03176973  	0.08603261  	0.08986077  
2020-09-17 08:44:18.967: iteration 38 finished in 802.598571 seconds
2020-09-17 08:44:22.024: epoch 38:	0.02975780  	0.02317834  	0.06237976  	0.09205820  	0.05436644  	0.06191540  	0.03137104  	0.03177548  	0.08597446  	0.08984443  
2020-09-17 08:57:43.261: iteration 39 finished in 801.227264 seconds
2020-09-17 08:57:46.499: epoch 39:	0.02981087  	0.02317833  	0.06254108  	0.09226044  	0.05452717  	0.06205707  	0.03150700  	0.03189228  	0.08621807  	0.09008225  
2020-09-17 09:12:09.314: iteration 40 finished in 862.805583 seconds
2020-09-17 09:12:12.629: epoch 40:	0.02982721  	0.02317425  	0.06257144  	0.09220992  	0.05454028  	0.06203613  	0.03150056  	0.03188372  	0.08620758  	0.09004211  
2020-09-17 09:25:28.227: iteration 41 finished in 795.588650 seconds
2020-09-17 09:25:31.219: epoch 41:	0.02984353  	0.02316813  	0.06261497  	0.09216381  	0.05460496  	0.06206556  	0.03153845  	0.03190709  	0.08642458  	0.09022819  
2020-09-17 09:40:07.688: iteration 42 finished in 876.461063 seconds
2020-09-17 09:40:10.413: epoch 42:	0.02987620  	0.02316404  	0.06282030  	0.09220351  	0.05470194  	0.06209982  	0.03159007  	0.03193551  	0.08653370  	0.09031110  
2020-09-17 09:53:34.485: iteration 43 finished in 804.063083 seconds
2020-09-17 09:53:37.900: epoch 43:	0.02987211  	0.02313138  	0.06282127  	0.09180893  	0.05475905  	0.06205171  	0.03166680  	0.03197763  	0.08659846  	0.09037814  
2020-09-17 10:07:07.136: iteration 44 finished in 809.225438 seconds
2020-09-17 10:07:10.128: epoch 44:	0.02991702  	0.02320692  	0.06287632  	0.09228320  	0.05479819  	0.06219652  	0.03168923  	0.03201548  	0.08663692  	0.09043527  
2020-09-17 10:20:31.596: iteration 45 finished in 801.450538 seconds
2020-09-17 10:20:34.410: epoch 45:	0.02989254  	0.02321100  	0.06275427  	0.09219203  	0.05476615  	0.06219291  	0.03168437  	0.03200967  	0.08667419  	0.09050421  
2020-09-17 10:34:02.166: iteration 46 finished in 807.746729 seconds
2020-09-17 10:34:05.098: epoch 46:	0.02993338  	0.02321712  	0.06297532  	0.09234871  	0.05481799  	0.06220686  	0.03167336  	0.03198771  	0.08667932  	0.09048387  
2020-09-17 10:47:31.838: iteration 47 finished in 806.731454 seconds
2020-09-17 10:47:35.382: epoch 47:	0.02997829  	0.02320896  	0.06293605  	0.09243882  	0.05480045  	0.06219395  	0.03163456  	0.03194859  	0.08666607  	0.09047136  
2020-09-17 11:01:03.226: iteration 48 finished in 807.830609 seconds
2020-09-17 11:01:06.303: epoch 48:	0.03000279  	0.02321713  	0.06294109  	0.09256633  	0.05482403  	0.06223525  	0.03164278  	0.03195412  	0.08670846  	0.09051809  
2020-09-17 11:14:26.110: iteration 49 finished in 799.793642 seconds
2020-09-17 11:14:28.891: epoch 49:	0.03001503  	0.02324572  	0.06311983  	0.09266192  	0.05490566  	0.06230802  	0.03168212  	0.03198881  	0.08687061  	0.09067473  
2020-09-17 11:28:51.850: iteration 50 finished in 862.954610 seconds
2020-09-17 11:28:55.030: epoch 50:	0.03003952  	0.02323346  	0.06349420  	0.09275915  	0.05505949  	0.06238483  	0.03178650  	0.03206530  	0.08698583  	0.09076364  
