2020-08-31 17:52:25.193: Dataset name: u1
The number of users: 1738
The number of items: 1729
The number of ratings: 3275
Average actions of users: 1.88
Average actions of items: 1.89
The sparsity of the dataset: 99.891015%
2020-08-31 17:52:25.193: 

NeuRec hyperparameters:
recommender=WRMF
config_dir=./conf
gpu_id=0
gpu_mem=0.5
data.input.path=C:\Users\HyunsikYoo\Desktop\VNE_directed_networks/_Data/citeseer/5-fold/u1/
data.input.dataset=u1
data.output.path=C:\Users\HyunsikYoo\Desktop\VNE_directed_networks/_Data/citeseer/5-fold/u1/relevance_WRMF_directed_False_uniform
data.column.format=UI
data.convert.separator='\t'
user_min=0
item_min=0
splitter=given
ratio=0.8
by_time=False
metric=["Precision", "Recall", "NDCG", "MAP", "MRR"]
topk=[10, 20]
group_view=None
rec.evaluate.neg=0
test_batch_size=128
num_thread=8
data.index.remap=False

WRMF's hyperparameters:
epochs=50
embedding_size=16
reg_mf=0.1
alpha=10
init_method=uniform
stddev=0.01
verbose=1
weight=uniform

2020-08-31 17:52:33.249: metrics:	Precision@10	Precision@20	Recall@10   	Recall@20   	NDCG@10     	NDCG@20     	MAP@10      	MAP@20      	MRR@10      	MRR@20      
2020-08-31 17:52:34.269: iteration 1 finished in 1.020302 seconds
2020-08-31 17:52:34.283: epoch 1:	0.01273209  	0.00994694  	0.09432235  	0.14421499  	0.05924081  	0.07271624  	0.04434786  	0.04796296  	0.05520188  	0.05891208  
2020-08-31 17:52:35.238: iteration 2 finished in 0.954191 seconds
2020-08-31 17:52:35.246: epoch 2:	0.03289126  	0.02068967  	0.24024065  	0.30885696  	0.16312508  	0.18146731  	0.12983982  	0.13542975  	0.15420823  	0.15878104  
2020-08-31 17:52:36.208: iteration 3 finished in 0.962427 seconds
2020-08-31 17:52:36.216: epoch 3:	0.04137935  	0.02427058  	0.30781490  	0.35855460  	0.20430948  	0.21801279  	0.16101438  	0.16504900  	0.19110671  	0.19482231  
2020-08-31 17:52:37.176: iteration 4 finished in 0.960432 seconds
2020-08-31 17:52:37.184: epoch 4:	0.04323611  	0.02612735  	0.32587543  	0.38355839  	0.22011003  	0.23597611  	0.17479609  	0.17973107  	0.20838811  	0.21236178  
2020-08-31 17:52:38.141: iteration 5 finished in 0.955439 seconds
2020-08-31 17:52:38.149: epoch 5:	0.04535813  	0.02732099  	0.34017822  	0.39792624  	0.23107126  	0.24694955  	0.18468985  	0.18960577  	0.21742979  	0.22119448  
2020-08-31 17:52:39.104: iteration 6 finished in 0.955446 seconds
2020-08-31 17:52:39.113: epoch 6:	0.04615389  	0.02851462  	0.34908313  	0.41876751  	0.23682535  	0.25567365  	0.18930966  	0.19482666  	0.22398426  	0.22860855  
2020-08-31 17:52:40.083: iteration 7 finished in 0.970047 seconds
2020-08-31 17:52:40.092: epoch 7:	0.04588864  	0.02851462  	0.34775686  	0.41876751  	0.23685589  	0.25647807  	0.18953463  	0.19540986  	0.22481686  	0.22998375  
2020-08-31 17:52:41.060: iteration 8 finished in 0.967802 seconds
2020-08-31 17:52:41.072: epoch 8:	0.04641914  	0.02877988  	0.35040939  	0.42142004  	0.23710647  	0.25665867  	0.18906011  	0.19492041  	0.22435687  	0.22940384  
2020-08-31 17:52:42.041: iteration 9 finished in 0.969159 seconds
2020-08-31 17:52:42.050: epoch 9:	0.04588864  	0.02877988  	0.34172371  	0.42142004  	0.23313262  	0.25489420  	0.18619025  	0.19272575  	0.22162752  	0.22730327  
2020-08-31 17:52:43.017: iteration 10 finished in 0.966417 seconds
2020-08-31 17:52:43.026: epoch 10:	0.04641914  	0.02877988  	0.34702873  	0.42009377  	0.23743601  	0.25746101  	0.19025986  	0.19621639  	0.22592944  	0.23110901  
2020-08-31 17:52:43.966: iteration 11 finished in 0.939487 seconds
2020-08-31 17:52:43.974: epoch 11:	0.04562338  	0.02877988  	0.34039745  	0.42009377  	0.23649399  	0.25843719  	0.19098493  	0.19752303  	0.22741045  	0.23331219  
2020-08-31 17:52:44.931: iteration 12 finished in 0.956443 seconds
2020-08-31 17:52:44.940: epoch 12:	0.04509288  	0.02851462  	0.33774492  	0.41728523  	0.23024128  	0.25228786  	0.18358576  	0.19029050  	0.21970762  	0.22543600  
2020-08-31 17:52:45.901: iteration 13 finished in 0.959424 seconds
2020-08-31 17:52:45.909: epoch 13:	0.04535814  	0.02838200  	0.33907118  	0.41595897  	0.22973633  	0.25094643  	0.18238790  	0.18881847  	0.21952654  	0.22502872  
2020-08-31 17:52:46.868: iteration 14 finished in 0.959435 seconds
2020-08-31 17:52:46.876: epoch 14:	0.04588864  	0.02851462  	0.34304994  	0.41927460  	0.22887726  	0.24956901  	0.18008958  	0.18620387  	0.21654455  	0.22179458  
2020-08-31 17:52:47.833: iteration 15 finished in 0.956442 seconds
2020-08-31 17:52:47.842: epoch 15:	0.04641915  	0.02864725  	0.34835500  	0.42325339  	0.22868796  	0.24877013  	0.17854805  	0.18440613  	0.21379207  	0.21872842  
2020-08-31 17:52:48.799: iteration 16 finished in 0.956903 seconds
2020-08-31 17:52:48.807: epoch 16:	0.04694965  	0.02851462  	0.35100752  	0.42046824  	0.22953577  	0.24808922  	0.17882250  	0.18426768  	0.21459623  	0.21907568  
2020-08-31 17:52:49.747: iteration 17 finished in 0.939488 seconds
2020-08-31 17:52:49.755: epoch 17:	0.04668440  	0.02851462  	0.34835500  	0.42046824  	0.22894941  	0.24828441  	0.17878145  	0.18447544  	0.21458253  	0.21937853  
2020-08-31 17:52:50.715: iteration 18 finished in 0.959442 seconds
2020-08-31 17:52:50.723: epoch 18:	0.04588864  	0.02851462  	0.34039745  	0.42046824  	0.22515170  	0.24671777  	0.17614943  	0.18259454  	0.21187738  	0.21737491  
2020-08-31 17:52:51.689: iteration 19 finished in 0.964427 seconds
2020-08-31 17:52:51.698: epoch 19:	0.04588864  	0.02838200  	0.34039745  	0.41781569  	0.22491239  	0.24584739  	0.17586841  	0.18215948  	0.21141955  	0.21676250  
2020-08-31 17:52:52.663: iteration 20 finished in 0.965086 seconds
2020-08-31 17:52:52.673: epoch 20:	0.04588864  	0.02851462  	0.34039745  	0.42046824  	0.22329953  	0.24478574  	0.17369933  	0.18007055  	0.20940806  	0.21484911  
2020-08-31 17:52:53.640: iteration 21 finished in 0.967414 seconds
2020-08-31 17:52:53.649: epoch 21:	0.04588864  	0.02851462  	0.34172371  	0.42046824  	0.22421902  	0.24528351  	0.17463928  	0.18077403  	0.21015856  	0.21550871  
2020-08-31 17:52:54.609: iteration 22 finished in 0.959435 seconds
2020-08-31 17:52:54.617: epoch 22:	0.04588864  	0.02824937  	0.34172371  	0.41516316  	0.22318511  	0.24295187  	0.17331114  	0.17911588  	0.20869650  	0.21368374  
2020-08-31 17:52:55.578: iteration 23 finished in 0.960609 seconds
2020-08-31 17:52:55.586: epoch 23:	0.04588864  	0.02811674  	0.34172371  	0.41251063  	0.22360429  	0.24267815  	0.17394482  	0.17954041  	0.20899861  	0.21379033  
2020-08-31 17:52:56.551: iteration 24 finished in 0.963424 seconds
2020-08-31 17:52:56.559: epoch 24:	0.04588864  	0.02811674  	0.34172371  	0.41251063  	0.22248164  	0.24164154  	0.17264065  	0.17830789  	0.20647870  	0.21132907  
2020-08-31 17:52:57.524: iteration 25 finished in 0.964422 seconds
2020-08-31 17:52:57.533: epoch 25:	0.04562339  	0.02824937  	0.33907118  	0.41516316  	0.22052713  	0.24095528  	0.17099755  	0.17697625  	0.20455562  	0.20972443  
2020-08-31 17:52:58.506: iteration 26 finished in 0.972399 seconds
2020-08-31 17:52:58.516: epoch 26:	0.04588864  	0.02798412  	0.34172371  	0.40985811  	0.22071381  	0.23910360  	0.17078704  	0.17616831  	0.20315884  	0.20778888  
2020-08-31 17:52:59.496: iteration 27 finished in 0.978384 seconds
2020-08-31 17:52:59.506: epoch 27:	0.04535814  	0.02785149  	0.33774492  	0.40720561  	0.21937399  	0.23838347  	0.17020601  	0.17585006  	0.20264412  	0.20763415  
2020-08-31 17:53:00.400: iteration 28 finished in 0.894607 seconds
2020-08-31 17:53:00.408: epoch 28:	0.04588864  	0.02798412  	0.34172371  	0.40985811  	0.22003497  	0.23844174  	0.16991091  	0.17530259  	0.20248626  	0.20714013  
2020-08-31 17:53:01.256: iteration 29 finished in 0.846711 seconds
2020-08-31 17:53:01.264: epoch 29:	0.04588864  	0.02811675  	0.34172371  	0.41383690  	0.21934101  	0.23868464  	0.16897938  	0.17458121  	0.20151052  	0.20651416  
2020-08-31 17:53:02.166: iteration 30 finished in 0.901590 seconds
2020-08-31 17:53:02.175: epoch 30:	0.04562339  	0.02811675  	0.33907118  	0.41383690  	0.21876487  	0.23881702  	0.16891728  	0.17473024  	0.20147786  	0.20669945  
2020-08-31 17:53:03.072: iteration 31 finished in 0.897564 seconds
2020-08-31 17:53:03.081: epoch 31:	0.04562339  	0.02811675  	0.33907118  	0.41383690  	0.21808228  	0.23818389  	0.16817521  	0.17401727  	0.20058843  	0.20585233  
2020-08-31 17:53:04.035: iteration 32 finished in 0.950437 seconds
2020-08-31 17:53:04.045: epoch 32:	0.04535814  	0.02838200  	0.33641866  	0.41781569  	0.21742533  	0.23913981  	0.16803783  	0.17430623  	0.20039262  	0.20594256  
2020-08-31 17:53:05.002: iteration 33 finished in 0.956442 seconds
2020-08-31 17:53:05.011: epoch 33:	0.04562339  	0.02798412  	0.33907118  	0.41118437  	0.21818435  	0.23761880  	0.16834466  	0.17400265  	0.20069578  	0.20576794  
2020-08-31 17:53:05.965: iteration 34 finished in 0.952649 seconds
2020-08-31 17:53:05.974: epoch 34:	0.04562339  	0.02824937  	0.33907118  	0.41516316  	0.21964665  	0.24007501  	0.17021616  	0.17615837  	0.20250097  	0.20770997  
2020-08-31 17:53:06.935: iteration 35 finished in 0.960433 seconds
2020-08-31 17:53:06.943: epoch 35:	0.04588864  	0.02811675  	0.34172371  	0.41383690  	0.22079055  	0.24013248  	0.17103770  	0.17661715  	0.20330410  	0.20830865  
2020-08-31 17:53:07.900: iteration 36 finished in 0.955445 seconds
2020-08-31 17:53:07.909: epoch 36:	0.04562339  	0.02811675  	0.34039745  	0.41383690  	0.22045955  	0.24017613  	0.17110826  	0.17674969  	0.20321991  	0.20838362  
2020-08-31 17:53:08.874: iteration 37 finished in 0.965381 seconds
2020-08-31 17:53:08.883: epoch 37:	0.04562339  	0.02811675  	0.34039745  	0.41383690  	0.21943095  	0.23916198  	0.16967145  	0.17532559  	0.20176838  	0.20693703  
2020-08-31 17:53:09.807: iteration 38 finished in 0.924527 seconds
2020-08-31 17:53:09.815: epoch 38:	0.04535814  	0.02811675  	0.33774492  	0.41383690  	0.21751891  	0.23790017  	0.16792308  	0.17375109  	0.19995478  	0.20529713  
2020-08-31 17:53:10.725: iteration 39 finished in 0.909569 seconds
2020-08-31 17:53:10.734: epoch 39:	0.04482763  	0.02824937  	0.33641866  	0.41399297  	0.21753071  	0.23869741  	0.16861990  	0.17468216  	0.20029058  	0.20616478  
2020-08-31 17:53:11.668: iteration 40 finished in 0.933085 seconds
2020-08-31 17:53:11.677: epoch 40:	0.04482763  	0.02824937  	0.33641866  	0.41399297  	0.21685497  	0.23793736  	0.16774309  	0.17374088  	0.19944324  	0.20524326  
2020-08-31 17:53:12.631: iteration 41 finished in 0.953450 seconds
2020-08-31 17:53:12.639: epoch 41:	0.04456238  	0.02824937  	0.33376613  	0.41399297  	0.21599664  	0.23783055  	0.16744837  	0.17369415  	0.19861801  	0.20467469  
2020-08-31 17:53:13.578: iteration 42 finished in 0.939488 seconds
2020-08-31 17:53:13.586: epoch 42:	0.04429713  	0.02824937  	0.33111361  	0.41399297  	0.21435609  	0.23693085  	0.16610843  	0.17260125  	0.19721173  	0.20349970  
2020-08-31 17:53:14.554: iteration 43 finished in 0.967413 seconds
2020-08-31 17:53:14.562: epoch 43:	0.04429713  	0.02824937  	0.33111361  	0.41399297  	0.21475981  	0.23730671  	0.16664210  	0.17312236  	0.19774541  	0.20400763  
2020-08-31 17:53:15.516: iteration 44 finished in 0.953450 seconds
2020-08-31 17:53:15.524: epoch 44:	0.04403187  	0.02811675  	0.32846111  	0.41134045  	0.21393776  	0.23657644  	0.16628894  	0.17284058  	0.19740014  	0.20374347  
2020-08-31 17:53:16.440: iteration 45 finished in 0.916550 seconds
2020-08-31 17:53:16.449: epoch 45:	0.04376661  	0.02798412  	0.32713485  	0.40868792  	0.21320942  	0.23562337  	0.16587213  	0.17235316  	0.19685070  	0.20323141  
2020-08-31 17:53:17.362: iteration 46 finished in 0.908571 seconds
2020-08-31 17:53:17.370: epoch 46:	0.04376661  	0.02785149  	0.32580858  	0.40830901  	0.21302089  	0.23554644  	0.16585003  	0.17242840  	0.19696119  	0.20319636  
2020-08-31 17:53:18.266: iteration 47 finished in 0.896603 seconds
2020-08-31 17:53:18.274: epoch 47:	0.04403187  	0.02798412  	0.32846111  	0.41096154  	0.21354574  	0.23596656  	0.16563950  	0.17212987  	0.19719279  	0.20334126  
2020-08-31 17:53:19.179: iteration 48 finished in 0.903584 seconds
2020-08-31 17:53:19.186: epoch 48:	0.04429713  	0.02798412  	0.33111361  	0.41096154  	0.21314155  	0.23475902  	0.16438691  	0.17058969  	0.19616123  	0.20201346  
2020-08-31 17:53:20.081: iteration 49 finished in 0.893919 seconds
2020-08-31 17:53:20.089: epoch 49:	0.04429713  	0.02798412  	0.33111361  	0.41096154  	0.21222080  	0.23381968  	0.16312698  	0.16931885  	0.19485706  	0.20067942  
2020-08-31 17:53:20.961: iteration 50 finished in 0.871668 seconds
2020-08-31 17:53:20.969: epoch 50:	0.04403187  	0.02785149  	0.32846111  	0.40830901  	0.21146850  	0.23318243  	0.16288804  	0.16917324  	0.19460340  	0.20051904  
