2020-08-04 11:18:11.971: Dataset name: u1
The number of users: 2235
The number of items: 2234
The number of ratings: 4830
Average actions of users: 2.16
Average actions of items: 2.16
The sparsity of the dataset: 99.903264%
2020-08-04 11:18:11.971: 

NeuRec hyperparameters:
recommender=WRMF
config_dir=./conf
gpu_id=0
gpu_mem=0.5
data.input.path=C:\Users\HyunsikYoo\Desktop\VNE_directed_networks/_Data/cora/5-fold/u1/
data.input.dataset=u1
data.output.path=C:\Users\HyunsikYoo\Desktop\VNE_directed_networks/_Data/cora/5-fold/u1/relevance_WRMF_directed_False_user_oriented
data.column.format=UI
data.convert.separator='\t'
user_min=0
item_min=0
splitter=given
ratio=0.8
by_time=False
metric=["Precision", "Recall", "NDCG", "MAP", "MRR"]
topk=[10, 20]
group_view=None
rec.evaluate.neg=0
test_batch_size=128
num_thread=8
data.index.remap=False

WRMF's hyperparameters:
epochs=50
embedding_size=16
reg_mf=0.1
alpha=10
init_method=uniform
stddev=0.01
verbose=1
weight=user_oriented

2020-08-04 11:18:25.628: metrics:	Precision@10	Precision@20	Recall@10   	Recall@20   	NDCG@10     	NDCG@20     	MAP@10      	MAP@20      	MRR@10      	MRR@20      
2020-08-04 11:18:26.786: iteration 1 finished in 1.156905 seconds
2020-08-04 11:18:26.800: epoch 1:	0.00235690  	0.00193603  	0.01219460  	0.02225819  	0.00880172  	0.01156092  	0.00648382  	0.00720151  	0.01003086  	0.01110871  
2020-08-04 11:18:27.926: iteration 2 finished in 1.125988 seconds
2020-08-04 11:18:27.938: epoch 2:	0.01363636  	0.00984849  	0.09589916  	0.14025009  	0.06272157  	0.07441747  	0.04848959  	0.05160290  	0.06025733  	0.06393988  
2020-08-04 11:18:29.089: iteration 3 finished in 1.150922 seconds
2020-08-04 11:18:29.100: epoch 3:	0.01851853  	0.01296298  	0.13509671  	0.18652624  	0.07865471  	0.09236719  	0.05581491  	0.05952931  	0.07097228  	0.07501172  
2020-08-04 11:18:30.213: iteration 4 finished in 1.113023 seconds
2020-08-04 11:18:30.222: epoch 4:	0.02020203  	0.01430978  	0.14886400  	0.20196371  	0.08405830  	0.09865402  	0.05798355  	0.06198298  	0.07588517  	0.08027274  
2020-08-04 11:18:31.368: iteration 5 finished in 1.145903 seconds
2020-08-04 11:18:31.377: epoch 5:	0.02121213  	0.01582494  	0.15350637  	0.22136480  	0.08623987  	0.10454685  	0.05920555  	0.06419665  	0.07667948  	0.08174671  
2020-08-04 11:18:32.485: iteration 6 finished in 1.107038 seconds
2020-08-04 11:18:32.495: epoch 6:	0.02138049  	0.01607747  	0.15422058  	0.22417997  	0.08823916  	0.10723551  	0.06141090  	0.06667976  	0.07924816  	0.08450984  
2020-08-04 11:18:33.596: iteration 7 finished in 1.101055 seconds
2020-08-04 11:18:33.606: epoch 7:	0.02121214  	0.01607747  	0.15156780  	0.22137415  	0.08775476  	0.10691524  	0.06175404  	0.06706035  	0.07899629  	0.08440916  
2020-08-04 11:18:34.706: iteration 8 finished in 1.100058 seconds
2020-08-04 11:18:34.716: epoch 8:	0.02171719  	0.01557241  	0.15465422  	0.21385449  	0.08955730  	0.10593328  	0.06333078  	0.06792457  	0.08052480  	0.08525816  
2020-08-04 11:18:35.826: iteration 9 finished in 1.110317 seconds
2020-08-04 11:18:35.836: epoch 9:	0.02121214  	0.01574076  	0.15325131  	0.21577848  	0.08812886  	0.10569093  	0.06210434  	0.06697930  	0.07899497  	0.08444025  
2020-08-04 11:18:36.941: iteration 10 finished in 1.105079 seconds
2020-08-04 11:18:36.952: epoch 10:	0.02087544  	0.01582494  	0.15171888  	0.21690081  	0.08714873  	0.10549291  	0.06110861  	0.06634282  	0.07849393  	0.08391544  
2020-08-04 11:18:38.059: iteration 11 finished in 1.106041 seconds
2020-08-04 11:18:38.069: epoch 11:	0.02121214  	0.01582494  	0.15033200  	0.21605906  	0.08562993  	0.10396489  	0.05928578  	0.06461067  	0.07639690  	0.08160307  
2020-08-04 11:18:39.178: iteration 12 finished in 1.109033 seconds
2020-08-04 11:18:39.188: epoch 12:	0.02188554  	0.01624581  	0.15347452  	0.22279307  	0.08651694  	0.10535323  	0.05953173  	0.06479599  	0.07642028  	0.08160460  
2020-08-04 11:18:40.300: iteration 13 finished in 1.112025 seconds
2020-08-04 11:18:40.310: epoch 13:	0.02222224  	0.01632999  	0.15487745  	0.22303356  	0.08688036  	0.10541632  	0.05950275  	0.06478376  	0.07690664  	0.08185072  
2020-08-04 11:18:41.435: iteration 14 finished in 1.124991 seconds
2020-08-04 11:18:41.445: epoch 14:	0.02205389  	0.01658252  	0.15319395  	0.22808406  	0.08312545  	0.10322003  	0.05516158  	0.06071257  	0.07228769  	0.07774984  
2020-08-04 11:18:42.571: iteration 15 finished in 1.125989 seconds
2020-08-04 11:18:42.581: epoch 15:	0.02188554  	0.01624581  	0.15010753  	0.22135006  	0.08307864  	0.10248791  	0.05589991  	0.06139887  	0.07305262  	0.07850911  
2020-08-04 11:18:43.711: iteration 16 finished in 1.130070 seconds
2020-08-04 11:18:43.721: epoch 16:	0.02121214  	0.01641416  	0.14589877  	0.22471707  	0.08074988  	0.10217739  	0.05405969  	0.06025681  	0.07152345  	0.07725790  
2020-08-04 11:18:44.856: iteration 17 finished in 1.134964 seconds
2020-08-04 11:18:44.866: epoch 17:	0.02104379  	0.01632999  	0.14202672  	0.22443649  	0.07952288  	0.10174996  	0.05360839  	0.05994585  	0.07073180  	0.07681888  
2020-08-04 11:18:46.000: iteration 18 finished in 1.133967 seconds
2020-08-04 11:18:46.010: epoch 18:	0.02121214  	0.01632999  	0.14342965  	0.22387531  	0.07959648  	0.10127351  	0.05336032  	0.05955586  	0.07052337  	0.07641585  
2020-08-04 11:18:47.127: iteration 19 finished in 1.117012 seconds
2020-08-04 11:18:47.139: epoch 19:	0.02070709  	0.01666669  	0.13950147  	0.23195615  	0.07671610  	0.10125145  	0.05080600  	0.05767159  	0.06774759  	0.07444372  
2020-08-04 11:18:48.284: iteration 20 finished in 1.144914 seconds
2020-08-04 11:18:48.295: epoch 20:	0.02053873  	0.01666669  	0.13753739  	0.23055321  	0.07642817  	0.10118812  	0.05092292  	0.05785374  	0.06899417  	0.07579606  
2020-08-04 11:18:49.421: iteration 21 finished in 1.125988 seconds
2020-08-04 11:18:49.432: epoch 21:	0.02003368  	0.01649834  	0.13473155  	0.22802795  	0.07512955  	0.10011140  	0.05015384  	0.05716296  	0.06818115  	0.07516110  
2020-08-04 11:18:50.557: iteration 22 finished in 1.124989 seconds
2020-08-04 11:18:50.567: epoch 22:	0.02003368  	0.01649834  	0.13473155  	0.22802795  	0.07572325  	0.10073400  	0.05082181  	0.05786439  	0.06937163  	0.07637160  
2020-08-04 11:18:51.731: iteration 23 finished in 1.163887 seconds
2020-08-04 11:18:51.741: epoch 23:	0.02003368  	0.01675086  	0.13388979  	0.23223671  	0.07462832  	0.10083608  	0.04965004  	0.05692490  	0.06789121  	0.07527276  
2020-08-04 11:18:52.864: iteration 24 finished in 1.122996 seconds
2020-08-04 11:18:52.873: epoch 24:	0.02020203  	0.01658252  	0.13557330  	0.22971146  	0.07553943  	0.10065262  	0.05043347  	0.05738745  	0.06868821  	0.07582269  
2020-08-04 11:18:53.991: iteration 25 finished in 1.117012 seconds
2020-08-04 11:18:54.001: epoch 25:	0.02003368  	0.01649834  	0.13473155  	0.22802795  	0.07492012  	0.09983637  	0.04992637  	0.05686472  	0.06826332  	0.07523385  
2020-08-04 11:18:55.108: iteration 26 finished in 1.107038 seconds
2020-08-04 11:18:55.118: epoch 26:	0.01986533  	0.01658252  	0.13244680  	0.22971146  	0.07388366  	0.09977832  	0.04930271  	0.05647734  	0.06732137  	0.07465375  
2020-08-04 11:18:56.227: iteration 27 finished in 1.109033 seconds
2020-08-04 11:18:56.236: epoch 27:	0.02020203  	0.01666669  	0.13413030  	0.23139496  	0.07458924  	0.10026208  	0.04967802  	0.05668943  	0.06761997  	0.07485086  
2020-08-04 11:18:57.347: iteration 28 finished in 1.110031 seconds
2020-08-04 11:18:57.359: epoch 28:	0.01936028  	0.01649834  	0.13053884  	0.22943090  	0.07224686  	0.09859776  	0.04787173  	0.05513399  	0.06592312  	0.07331991  
2020-08-04 11:18:58.473: iteration 29 finished in 1.113023 seconds
2020-08-04 11:18:58.483: epoch 29:	0.01936028  	0.01649834  	0.13104388  	0.22802795  	0.07246657  	0.09835494  	0.04817009  	0.05528872  	0.06605539  	0.07331906  
2020-08-04 11:18:59.603: iteration 30 finished in 1.120004 seconds
2020-08-04 11:18:59.613: epoch 30:	0.01919193  	0.01632999  	0.12879921  	0.22718620  	0.07144344  	0.09766304  	0.04743102  	0.05473543  	0.06562584  	0.07289270  
2020-08-04 11:19:00.728: iteration 31 finished in 1.114072 seconds
2020-08-04 11:19:00.737: epoch 31:	0.01936028  	0.01632999  	0.12808697  	0.22578327  	0.07103878  	0.09697716  	0.04709216  	0.05424045  	0.06506266  	0.07232975  
2020-08-04 11:19:01.854: iteration 32 finished in 1.116922 seconds
2020-08-04 11:19:01.864: epoch 32:	0.01952863  	0.01599329  	0.12977046  	0.22339833  	0.07162729  	0.09634126  	0.04737286  	0.05412960  	0.06540938  	0.07242212  
2020-08-04 11:19:02.975: iteration 33 finished in 1.111028 seconds
2020-08-04 11:19:02.985: epoch 33:	0.01986533  	0.01599329  	0.13179067  	0.22311777  	0.07207322  	0.09607831  	0.04743032  	0.05390863  	0.06529248  	0.07213827  
2020-08-04 11:19:04.129: iteration 34 finished in 1.143940 seconds
2020-08-04 11:19:04.141: epoch 34:	0.01969698  	0.01590911  	0.13010718  	0.22255658  	0.06984307  	0.09405547  	0.04493047  	0.05145609  	0.06287947  	0.06973223  
2020-08-04 11:19:05.259: iteration 35 finished in 1.118010 seconds
2020-08-04 11:19:05.269: epoch 35:	0.01936028  	0.01582494  	0.12786250  	0.22171482  	0.06845576  	0.09315643  	0.04383051  	0.05055624  	0.06171771  	0.06880620  
2020-08-04 11:19:06.379: iteration 36 finished in 1.110031 seconds
2020-08-04 11:19:06.391: epoch 36:	0.01902358  	0.01582494  	0.12533724  	0.22171482  	0.06804402  	0.09349760  	0.04404095  	0.05106809  	0.06203104  	0.06926040  
2020-08-04 11:19:07.509: iteration 37 finished in 1.118009 seconds
2020-08-04 11:19:07.519: epoch 37:	0.01902358  	0.01590911  	0.12533724  	0.22227602  	0.06783499  	0.09341730  	0.04380446  	0.05081183  	0.06176649  	0.06904387  
2020-08-04 11:19:08.634: iteration 38 finished in 1.115018 seconds
2020-08-04 11:19:08.644: epoch 38:	0.01885523  	0.01599329  	0.12365375  	0.22255658  	0.06743564  	0.09359027  	0.04374501  	0.05100884  	0.06168699  	0.06899817  
2020-08-04 11:19:09.792: iteration 39 finished in 1.147929 seconds
2020-08-04 11:19:09.802: epoch 39:	0.01885523  	0.01599329  	0.12365375  	0.22395952  	0.06683736  	0.09323964  	0.04295416  	0.05017621  	0.06086595  	0.06834698  
2020-08-04 11:19:10.912: iteration 40 finished in 1.110031 seconds
2020-08-04 11:19:10.922: epoch 40:	0.01885523  	0.01599329  	0.12365375  	0.22274365  	0.06668898  	0.09281118  	0.04280986  	0.04999343  	0.06056398  	0.06784265  
2020-08-04 11:19:12.029: iteration 41 finished in 1.107039 seconds
2020-08-04 11:19:12.039: epoch 41:	0.01868688  	0.01599329  	0.12197024  	0.22274365  	0.06587039  	0.09242876  	0.04226593  	0.04958608  	0.06001483  	0.06740820  
2020-08-04 11:19:13.147: iteration 42 finished in 1.108036 seconds
2020-08-04 11:19:13.157: epoch 42:	0.01851853  	0.01607746  	0.12028674  	0.22246307  	0.06539656  	0.09241092  	0.04210759  	0.04961383  	0.05987655  	0.06732572  
2020-08-04 11:19:14.264: iteration 43 finished in 1.107039 seconds
2020-08-04 11:19:14.274: epoch 43:	0.01851853  	0.01607746  	0.12028674  	0.22246307  	0.06585814  	0.09287358  	0.04271185  	0.05021924  	0.06066819  	0.06812521  
2020-08-04 11:19:15.383: iteration 44 finished in 1.109034 seconds
2020-08-04 11:19:15.392: epoch 44:	0.01851853  	0.01616164  	0.12028674  	0.22302420  	0.06509738  	0.09225549  	0.04171667  	0.04921651  	0.05961734  	0.06713297  
2020-08-04 11:19:16.505: iteration 45 finished in 1.112025 seconds
2020-08-04 11:19:16.515: epoch 45:	0.01868688  	0.01590911  	0.12197024  	0.21909606  	0.06627277  	0.09194289  	0.04281379  	0.04990260  	0.06076306  	0.06782416  
2020-08-04 11:19:17.635: iteration 46 finished in 1.120005 seconds
2020-08-04 11:19:17.649: epoch 46:	0.01851853  	0.01582494  	0.12028674  	0.21741255  	0.06510217  	0.09082190  	0.04172886  	0.04885880  	0.05961267  	0.06670921  
2020-08-04 11:19:18.794: iteration 47 finished in 1.144937 seconds
2020-08-04 11:19:18.804: epoch 47:	0.01851853  	0.01574076  	0.12028674  	0.21713196  	0.06563661  	0.09118860  	0.04246439  	0.04949797  	0.06037024  	0.06742647  
2020-08-04 11:19:19.924: iteration 48 finished in 1.120004 seconds
2020-08-04 11:19:19.934: epoch 48:	0.01851853  	0.01548824  	0.12028674  	0.21208146  	0.06572406  	0.09011612  	0.04255725  	0.04933432  	0.06048314  	0.06727014  
2020-08-04 11:19:21.090: iteration 49 finished in 1.155908 seconds
2020-08-04 11:19:21.100: epoch 49:	0.01868688  	0.01548824  	0.12197024  	0.21208146  	0.06536590  	0.08927816  	0.04161463  	0.04822328  	0.05954051  	0.06617226  
2020-08-04 11:19:22.210: iteration 50 finished in 1.110031 seconds
2020-08-04 11:19:22.220: epoch 50:	0.01851853  	0.01548824  	0.12112849  	0.21208146  	0.06577557  	0.08992239  	0.04248234  	0.04911627  	0.06027938  	0.06703334  
