2021-11-10 13:55:26.157: Dataset name: u1
The number of users: 23132
The number of items: 23132
The number of ratings: 312310
Average actions of users: 13.50
Average actions of items: 13.50
The sparsity of the dataset: 99.941634%
2021-11-10 13:55:26.157: 

NeuRec hyperparameters:
recommender=WRMF
config_dir=./conf
gpu_id=0
gpu_mem=0.5
data.input.path=D:\hsyoo\Workingon_210628/_Data/eat/5-noniid-in-barrier/u1/
data.input.dataset=u1
data.output.path=D:\hsyoo\Workingon_210628/_Emb/eat/5-noniid-in-barrier/wrmf/u1_wrmf_directed_dim16_uniform_send.emb
data.column.format=UI
data.convert.separator='\t'
user_min=0
item_min=0
splitter=given
ratio=0.8
by_time=False
metric=["Precision", "Recall", "NDCG", "MAP", "MRR"]
topk=[10, 20]
group_view=None
rec.evaluate.neg=0
test_batch_size=128
num_thread=8
data.index.remap=False

WRMF's hyperparameters:
epochs=50
embedding_size=16
reg_mf=0.1
alpha=10
init_method=uniform
stddev=0.01
verbose=1
weight=uniform

2021-11-10 14:41:33.522: metrics:	Precision@10	Precision@20	Recall@10   	Recall@20   	NDCG@10     	NDCG@20     	MAP@10      	MAP@20      	MRR@10      	MRR@20      
2021-11-10 14:45:29.911: iteration 1 finished in 236.389914 seconds
2021-11-10 14:45:32.127: epoch 1:	0.00105186  	0.00095401  	0.00156102  	0.00282137  	0.00134177  	0.00188231  	0.00045740  	0.00052705  	0.00320484  	0.00376342  
2021-11-10 14:49:27.101: iteration 2 finished in 234.974880 seconds
2021-11-10 14:49:29.880: epoch 2:	0.00253181  	0.00209761  	0.00335571  	0.00546993  	0.00318306  	0.00409074  	0.00112965  	0.00122491  	0.00778770  	0.00882635  
2021-11-10 14:53:26.034: iteration 3 finished in 236.153588 seconds
2021-11-10 14:53:29.617: epoch 3:	0.00374267  	0.00335126  	0.00481240  	0.00902495  	0.00488150  	0.00664523  	0.00180011  	0.00200371  	0.01254567  	0.01442575  
2021-11-10 14:57:24.773: iteration 4 finished in 235.155812 seconds
2021-11-10 14:57:26.887: epoch 4:	0.00448875  	0.00391387  	0.00602758  	0.01050124  	0.00592170  	0.00782068  	0.00217790  	0.00237649  	0.01502442  	0.01713703  
2021-11-10 15:01:11.013: iteration 5 finished in 224.126001 seconds
2021-11-10 15:01:11.591: epoch 5:	0.00481898  	0.00409122  	0.00645959  	0.01096364  	0.00638832  	0.00830987  	0.00239356  	0.00260139  	0.01623092  	0.01835287  
2021-11-10 15:05:06.299: iteration 6 finished in 234.707299 seconds
2021-11-10 15:05:08.751: epoch 6:	0.00492906  	0.00430526  	0.00657169  	0.01165573  	0.00649017  	0.00865647  	0.00242141  	0.00267361  	0.01643166  	0.01870565  
2021-11-10 15:09:07.158: iteration 7 finished in 238.406853 seconds
2021-11-10 15:09:10.563: epoch 7:	0.00491683  	0.00443979  	0.00658358  	0.01211080  	0.00650907  	0.00887291  	0.00242689  	0.00270780  	0.01653431  	0.01899525  
2021-11-10 15:13:05.579: iteration 8 finished in 235.015385 seconds
2021-11-10 15:13:07.813: epoch 8:	0.00510029  	0.00451318  	0.00690922  	0.01222674  	0.00673958  	0.00903047  	0.00251032  	0.00277617  	0.01700442  	0.01941675  
2021-11-10 15:17:03.822: iteration 9 finished in 236.009299 seconds
2021-11-10 15:17:05.540: epoch 9:	0.00512475  	0.00454376  	0.00693102  	0.01233740  	0.00666526  	0.00899476  	0.00241380  	0.00269128  	0.01675554  	0.01918153  
2021-11-10 15:21:01.053: iteration 10 finished in 235.512624 seconds
2021-11-10 15:21:03.227: epoch 10:	0.00518590  	0.00456822  	0.00699510  	0.01254398  	0.00670986  	0.00907634  	0.00243132  	0.00271660  	0.01681572  	0.01929182  
2021-11-10 15:24:42.893: iteration 11 finished in 219.666183 seconds
2021-11-10 15:24:45.127: epoch 11:	0.00513698  	0.00454987  	0.00691986  	0.01232437  	0.00661475  	0.00896812  	0.00237271  	0.00265826  	0.01658857  	0.01910142  
2021-11-10 15:28:39.920: iteration 12 finished in 234.792895 seconds
2021-11-10 15:28:42.077: epoch 12:	0.00518590  	0.00454376  	0.00700842  	0.01224483  	0.00665290  	0.00894279  	0.00238237  	0.00265952  	0.01653873  	0.01900863  
2021-11-10 15:32:39.443: iteration 13 finished in 237.365962 seconds
2021-11-10 15:32:42.020: epoch 13:	0.00521036  	0.00461103  	0.00708242  	0.01262989  	0.00667451  	0.00906536  	0.00238641  	0.00268148  	0.01650990  	0.01900390  
2021-11-10 15:36:38.609: iteration 14 finished in 236.588444 seconds
2021-11-10 15:36:40.062: epoch 14:	0.00517367  	0.00460491  	0.00705091  	0.01249748  	0.00663342  	0.00900684  	0.00236527  	0.00265724  	0.01644200  	0.01893570  
2021-11-10 15:40:36.886: iteration 15 finished in 236.824679 seconds
2021-11-10 15:40:39.401: epoch 15:	0.00512475  	0.00461714  	0.00699149  	0.01256652  	0.00657409  	0.00900155  	0.00234513  	0.00264293  	0.01628475  	0.01883667  
2021-11-10 15:44:35.667: iteration 16 finished in 236.266115 seconds
2021-11-10 15:44:38.090: epoch 16:	0.00507583  	0.00457433  	0.00689208  	0.01244314  	0.00655294  	0.00896788  	0.00235915  	0.00265348  	0.01631285  	0.01887088  
2021-11-10 15:48:25.767: iteration 17 finished in 227.676829 seconds
2021-11-10 15:48:28.347: epoch 17:	0.00503913  	0.00458656  	0.00686409  	0.01248867  	0.00650978  	0.00896950  	0.00234036  	0.00264236  	0.01618307  	0.01880474  
2021-11-10 15:52:24.002: iteration 18 finished in 235.655280 seconds
2021-11-10 15:52:25.580: epoch 18:	0.00511252  	0.00454376  	0.00696504  	0.01239653  	0.00655551  	0.00891563  	0.00234266  	0.00263206  	0.01620064  	0.01871323  
2021-11-10 15:56:23.981: iteration 19 finished in 238.401496 seconds
2021-11-10 15:56:26.324: epoch 19:	0.00508806  	0.00458656  	0.00691891  	0.01250746  	0.00654656  	0.00897897  	0.00234871  	0.00264839  	0.01623928  	0.01881721  
2021-11-10 16:00:22.515: iteration 20 finished in 236.190995 seconds
2021-11-10 16:00:25.702: epoch 20:	0.00511252  	0.00457433  	0.00700633  	0.01240442  	0.00658720  	0.00895435  	0.00236028  	0.00264709  	0.01630650  	0.01885291  
2021-11-10 16:04:23.038: iteration 21 finished in 237.336001 seconds
2021-11-10 16:04:24.824: epoch 21:	0.00519813  	0.00458656  	0.00709705  	0.01241026  	0.00664382  	0.00896065  	0.00236882  	0.00264632  	0.01636848  	0.01884464  
2021-11-10 16:08:05.313: iteration 22 finished in 220.489278 seconds
2021-11-10 16:08:07.328: epoch 22:	0.00519813  	0.00461103  	0.00708371  	0.01247205  	0.00662315  	0.00897469  	0.00235308  	0.00263826  	0.01629009  	0.01878018  
2021-11-10 16:12:03.112: iteration 23 finished in 235.784044 seconds
2021-11-10 16:12:06.582: epoch 23:	0.00521036  	0.00462326  	0.00708149  	0.01247230  	0.00661094  	0.00896611  	0.00234123  	0.00262621  	0.01622389  	0.01872981  
2021-11-10 16:16:02.266: iteration 24 finished in 235.683221 seconds
2021-11-10 16:16:03.765: epoch 24:	0.00527152  	0.00461714  	0.00717478  	0.01247587  	0.00667925  	0.00898130  	0.00236098  	0.00263534  	0.01636950  	0.01882263  
2021-11-10 16:19:59.854: iteration 25 finished in 236.088258 seconds
2021-11-10 16:20:01.791: epoch 25:	0.00528375  	0.00462326  	0.00720342  	0.01250057  	0.00670067  	0.00899556  	0.00236781  	0.00264016  	0.01643080  	0.01885988  
2021-11-10 16:23:59.146: iteration 26 finished in 237.355576 seconds
2021-11-10 16:24:01.495: epoch 26:	0.00527152  	0.00463549  	0.00720234  	0.01252526  	0.00671376  	0.00902742  	0.00237994  	0.00265462  	0.01651456  	0.01896710  
2021-11-10 16:27:57.581: iteration 27 finished in 236.086446 seconds
2021-11-10 16:28:00.255: epoch 27:	0.00527152  	0.00465383  	0.00718399  	0.01257492  	0.00670958  	0.00905203  	0.00237415  	0.00265508  	0.01654844  	0.01902428  
2021-11-10 16:31:47.213: iteration 28 finished in 226.957600 seconds
2021-11-10 16:31:49.415: epoch 28:	0.00523482  	0.00464160  	0.00710517  	0.01267499  	0.00665072  	0.00904079  	0.00235107  	0.00264337  	0.01641783  	0.01890990  
2021-11-10 16:35:46.198: iteration 29 finished in 236.782683 seconds
2021-11-10 16:35:47.869: epoch 29:	0.00523482  	0.00464160  	0.00710735  	0.01272326  	0.00664439  	0.00904490  	0.00234670  	0.00264198  	0.01638711  	0.01887073  
2021-11-10 16:39:44.706: iteration 30 finished in 236.836287 seconds
2021-11-10 16:39:46.753: epoch 30:	0.00522259  	0.00461714  	0.00709383  	0.01268001  	0.00664874  	0.00903406  	0.00235141  	0.00264485  	0.01644642  	0.01891994  
2021-11-10 16:43:42.514: iteration 31 finished in 235.760317 seconds
2021-11-10 16:43:44.951: epoch 31:	0.00521036  	0.00461714  	0.00707636  	0.01269088  	0.00663858  	0.00903604  	0.00234933  	0.00264479  	0.01643812  	0.01892245  
2021-11-10 16:47:42.054: iteration 32 finished in 237.088125 seconds
2021-11-10 16:47:44.788: epoch 32:	0.00519813  	0.00461714  	0.00706695  	0.01270404  	0.00664759  	0.00905505  	0.00236233  	0.00265895  	0.01648156  	0.01897440  
2021-11-10 16:51:25.238: iteration 33 finished in 220.449722 seconds
2021-11-10 16:51:27.298: epoch 33:	0.00518590  	0.00461714  	0.00702511  	0.01270234  	0.00662885  	0.00905343  	0.00235936  	0.00265908  	0.01644860  	0.01896646  
2021-11-10 16:55:24.458: iteration 34 finished in 237.159985 seconds
2021-11-10 16:55:27.564: epoch 34:	0.00519813  	0.00461714  	0.00704855  	0.01270360  	0.00663499  	0.00904757  	0.00235928  	0.00265503  	0.01642627  	0.01894153  
2021-11-10 16:59:24.334: iteration 35 finished in 236.769077 seconds
2021-11-10 16:59:26.085: epoch 35:	0.00523482  	0.00462326  	0.00708107  	0.01274844  	0.00666216  	0.00906653  	0.00236618  	0.00265954  	0.01646345  	0.01896317  
2021-11-10 17:03:23.077: iteration 36 finished in 236.992433 seconds
2021-11-10 17:03:26.344: epoch 36:	0.00525929  	0.00461714  	0.00710204  	0.01262841  	0.00668882  	0.00905179  	0.00237681  	0.00266210  	0.01654232  	0.01901545  
2021-11-10 17:07:20.914: iteration 37 finished in 234.569884 seconds
2021-11-10 17:07:23.602: epoch 37:	0.00527152  	0.00461714  	0.00712650  	0.01263647  	0.00669519  	0.00904939  	0.00237437  	0.00265796  	0.01653776  	0.01900169  
2021-11-10 17:11:19.350: iteration 38 finished in 235.748177 seconds
2021-11-10 17:11:21.303: epoch 38:	0.00528375  	0.00462937  	0.00714688  	0.01271268  	0.00671899  	0.00908695  	0.00238442  	0.00266890  	0.01662236  	0.01908526  
2021-11-10 17:15:00.548: iteration 39 finished in 219.244645 seconds
2021-11-10 17:15:02.533: epoch 39:	0.00530821  	0.00464772  	0.00717899  	0.01274511  	0.00673154  	0.00909760  	0.00238301  	0.00266600  	0.01661726  	0.01907627  
2021-11-10 17:18:59.736: iteration 40 finished in 237.203300 seconds
2021-11-10 17:19:01.829: epoch 40:	0.00530821  	0.00465383  	0.00718423  	0.01276788  	0.00674225  	0.00911619  	0.00238910  	0.00267308  	0.01667346  	0.01914082  
2021-11-10 17:22:59.002: iteration 41 finished in 237.172669 seconds
2021-11-10 17:23:01.348: epoch 41:	0.00529598  	0.00465995  	0.00717064  	0.01277728  	0.00672709  	0.00911873  	0.00238341  	0.00267255  	0.01661110  	0.01909973  
2021-11-10 17:26:57.507: iteration 42 finished in 236.158771 seconds
2021-11-10 17:26:59.225: epoch 42:	0.00530821  	0.00465995  	0.00718423  	0.01277321  	0.00673781  	0.00912010  	0.00238530  	0.00267295  	0.01664420  	0.01912077  
2021-11-10 17:30:56.057: iteration 43 finished in 236.831882 seconds
2021-11-10 17:30:59.824: epoch 43:	0.00532044  	0.00466606  	0.00720171  	0.01279068  	0.00675430  	0.00913501  	0.00239129  	0.00267807  	0.01670618  	0.01917950  
2021-11-10 17:34:43.298: iteration 44 finished in 223.474432 seconds
2021-11-10 17:34:43.861: epoch 44:	0.00532044  	0.00466606  	0.00720171  	0.01278065  	0.00675824  	0.00913444  	0.00239335  	0.00267876  	0.01673710  	0.01920861  
2021-11-10 17:38:38.197: iteration 45 finished in 234.336311 seconds
2021-11-10 17:38:40.337: epoch 45:	0.00530821  	0.00467218  	0.00719297  	0.01280648  	0.00674625  	0.00913867  	0.00238943  	0.00267664  	0.01671025  	0.01919637  
2021-11-10 17:42:37.298: iteration 46 finished in 236.961171 seconds
2021-11-10 17:42:40.048: epoch 46:	0.00529598  	0.00465995  	0.00719375  	0.01277852  	0.00674960  	0.00913297  	0.00239383  	0.00267961  	0.01673811  	0.01922221  
2021-11-10 17:46:37.438: iteration 47 finished in 237.389947 seconds
2021-11-10 17:46:39.921: epoch 47:	0.00528375  	0.00465383  	0.00718434  	0.01276833  	0.00673673  	0.00912253  	0.00238849  	0.00267512  	0.01670457  	0.01919379  
2021-11-10 17:50:36.500: iteration 48 finished in 236.578773 seconds
2021-11-10 17:50:39.593: epoch 48:	0.00528375  	0.00466606  	0.00718434  	0.01280619  	0.00674204  	0.00914273  	0.00239195  	0.00267957  	0.01674433  	0.01924507  
2021-11-10 17:54:37.060: iteration 49 finished in 237.466594 seconds
2021-11-10 17:54:39.122: epoch 49:	0.00527152  	0.00467218  	0.00717382  	0.01281731  	0.00673523  	0.00914894  	0.00239170  	0.00268083  	0.01673525  	0.01925235  
2021-11-10 17:58:20.274: iteration 50 finished in 221.151922 seconds
2021-11-10 17:58:21.805: epoch 50:	0.00527152  	0.00467218  	0.00717382  	0.01280644  	0.00673476  	0.00914587  	0.00239165  	0.00268037  	0.01673219  	0.01925011  
