2021-11-07 01:50:16.830: Dataset name: u1
The number of users: 4525
The number of items: 4525
The number of ratings: 40034
Average actions of users: 8.85
Average actions of items: 8.85
The sparsity of the dataset: 99.804480%
2021-11-07 01:50:16.830: 

NeuRec hyperparameters:
recommender=WRMF
config_dir=./conf
gpu_id=0
gpu_mem=0.5
data.input.path=D:\hsyoo\Workingon_210628/_Data/ciaodvd/5-random-barrier/u1/
data.input.dataset=u1
data.output.path=D:\hsyoo\Workingon_210628/_Emb/ciaodvd/5-random-barrier/wrmf/u1_wrmf_directed_dim16_uniform_send.emb
data.column.format=UI
data.convert.separator='\t'
user_min=0
item_min=0
splitter=given
ratio=0.8
by_time=False
metric=["Precision", "Recall", "NDCG", "MAP", "MRR"]
topk=[10, 20]
group_view=None
rec.evaluate.neg=0
test_batch_size=128
num_thread=8
data.index.remap=False

WRMF's hyperparameters:
epochs=50
embedding_size=16
reg_mf=0.1
alpha=10
init_method=uniform
stddev=0.01
verbose=1
weight=uniform

2021-11-07 01:53:56.064: metrics:	Precision@10	Precision@20	Recall@10   	Recall@20   	NDCG@10     	NDCG@20     	MAP@10      	MAP@20      	MRR@10      	MRR@20      
2021-11-07 01:54:05.771: iteration 1 finished in 9.707380 seconds
2021-11-07 01:54:05.834: epoch 1:	0.04247099  	0.03764467  	0.04180181  	0.07513383  	0.05044528  	0.05881378  	0.02104410  	0.02019170  	0.10706662  	0.11466124  
2021-11-07 01:54:14.735: iteration 2 finished in 8.900797 seconds
2021-11-07 01:54:14.813: epoch 2:	0.08957496  	0.07461407  	0.10425528  	0.17243364  	0.11743465  	0.13410597  	0.05885474  	0.05854527  	0.21695049  	0.22414784  
2021-11-07 01:54:24.578: iteration 3 finished in 9.765016 seconds
2021-11-07 01:54:24.978: epoch 3:	0.09787609  	0.08084004  	0.11447871  	0.19049944  	0.12944812  	0.14781587  	0.06627607  	0.06606515  	0.23777920  	0.24541877  
2021-11-07 01:54:36.423: iteration 4 finished in 11.445533 seconds
2021-11-07 01:54:38.157: epoch 4:	0.10106140  	0.08407368  	0.12145076  	0.19759978  	0.13552047  	0.15450585  	0.06942126  	0.06929664  	0.24994059  	0.25756598  
2021-11-07 01:54:50.887: iteration 5 finished in 12.730132 seconds
2021-11-07 01:54:59.684: epoch 5:	0.10395713  	0.08494235  	0.12724577  	0.20135882  	0.13988790  	0.15780650  	0.07162693  	0.07121459  	0.25591943  	0.26292247  
2021-11-07 01:55:11.424: iteration 6 finished in 11.693010 seconds
2021-11-07 01:55:12.736: epoch 6:	0.10550150  	0.08537672  	0.12923419  	0.20499876  	0.14291655  	0.16073760  	0.07394185  	0.07342602  	0.26081577  	0.26751611  
2021-11-07 01:55:21.501: iteration 7 finished in 8.765030 seconds
2021-11-07 01:55:22.719: epoch 7:	0.10443974  	0.08658329  	0.12826358  	0.20609112  	0.14368150  	0.16320471  	0.07470283  	0.07512461  	0.26516601  	0.27202708  
2021-11-07 01:55:32.392: iteration 8 finished in 9.672248 seconds
2021-11-07 01:55:32.454: epoch 8:	0.10434322  	0.08672810  	0.12736510  	0.20653394  	0.14386949  	0.16378343  	0.07491096  	0.07554602  	0.26615533  	0.27305698  
2021-11-07 01:55:41.149: iteration 9 finished in 8.694498 seconds
2021-11-07 01:55:42.086: epoch 9:	0.10415015  	0.08663156  	0.12689586  	0.20626754  	0.14470294  	0.16464402  	0.07593383  	0.07672299  	0.26867723  	0.27559748  
2021-11-07 01:55:51.384: iteration 10 finished in 9.267319 seconds
2021-11-07 01:55:52.494: epoch 10:	0.10424666  	0.08653505  	0.12795272  	0.20726326  	0.14492978  	0.16484872  	0.07594383  	0.07667696  	0.26934212  	0.27630830  
2021-11-07 01:56:02.026: iteration 11 finished in 9.532546 seconds
2021-11-07 01:56:02.198: epoch 11:	0.10424666  	0.08677640  	0.13021185  	0.20875594  	0.14586106  	0.16564304  	0.07643820  	0.07719656  	0.27058291  	0.27758884  
2021-11-07 01:56:10.497: iteration 12 finished in 8.299229 seconds
2021-11-07 01:56:11.466: epoch 12:	0.10405362  	0.08639030  	0.12991938  	0.20857044  	0.14631458  	0.16593997  	0.07714942  	0.07763350  	0.27200466  	0.27970311  
2021-11-07 01:56:21.186: iteration 13 finished in 9.720735 seconds
2021-11-07 01:56:21.796: epoch 13:	0.10405364  	0.08619723  	0.13007818  	0.20740962  	0.14609955  	0.16532056  	0.07668185  	0.07709011  	0.27249566  	0.28019008  
2021-11-07 01:56:35.858: iteration 14 finished in 14.062388 seconds
2021-11-07 01:56:38.984: epoch 14:	0.10453627  	0.08590769  	0.13114677  	0.20721768  	0.14690661  	0.16540757  	0.07710706  	0.07713577  	0.27414465  	0.28166807  
2021-11-07 01:56:51.205: iteration 15 finished in 12.221132 seconds
2021-11-07 01:56:52.330: epoch 15:	0.10530850  	0.08571462  	0.13207766  	0.20607857  	0.14691272  	0.16458289  	0.07667062  	0.07671764  	0.27177057  	0.27885038  
2021-11-07 01:57:05.531: iteration 16 finished in 13.201567 seconds
2021-11-07 01:57:07.578: epoch 16:	0.10434324  	0.08619722  	0.13131441  	0.20707220  	0.14631914  	0.16507138  	0.07634370  	0.07686082  	0.27181691  	0.27902514  
2021-11-07 01:57:16.548: iteration 17 finished in 8.969783 seconds
2021-11-07 01:57:17.173: epoch 17:	0.10521194  	0.08663161  	0.13429987  	0.20971626  	0.14755860  	0.16599402  	0.07693619  	0.07719996  	0.27179280  	0.27869642  
2021-11-07 01:57:26.297: iteration 18 finished in 9.124312 seconds
2021-11-07 01:57:27.781: epoch 18:	0.10463278  	0.08706597  	0.13418965  	0.21170981  	0.14724746  	0.16671731  	0.07647861  	0.07719581  	0.27360803  	0.28059039  
2021-11-07 01:57:36.844: iteration 19 finished in 9.062795 seconds
2021-11-07 01:57:37.578: epoch 19:	0.10482583  	0.08711424  	0.13395411  	0.21169624  	0.14803760  	0.16758223  	0.07726203  	0.07793055  	0.27542898  	0.28287184  
2021-11-07 01:57:46.300: iteration 20 finished in 8.721687 seconds
2021-11-07 01:57:46.347: epoch 20:	0.10501888  	0.08701770  	0.13461906  	0.21067256  	0.14824834  	0.16730720  	0.07700048  	0.07765535  	0.27629191  	0.28349215  
2021-11-07 01:57:55.110: iteration 21 finished in 8.763563 seconds
2021-11-07 01:57:55.188: epoch 21:	0.10521194  	0.08725904  	0.13515119  	0.21319823  	0.14898455  	0.16857466  	0.07757010  	0.07846495  	0.27730733  	0.28442985  
2021-11-07 01:58:04.909: iteration 22 finished in 9.704956 seconds
2021-11-07 01:58:07.395: epoch 22:	0.10559804  	0.08769339  	0.13524109  	0.21502794  	0.14912045  	0.16925874  	0.07770489  	0.07871336  	0.27643326  	0.28362241  
2021-11-07 01:58:19.359: iteration 23 finished in 11.963881 seconds
2021-11-07 01:58:22.673: epoch 23:	0.10627372  	0.08827258  	0.13687345  	0.21781218  	0.14947291  	0.16980679  	0.07758925  	0.07865823  	0.27538764  	0.28236592  
2021-11-07 01:58:35.298: iteration 24 finished in 12.625005 seconds
2021-11-07 01:58:40.174: epoch 24:	0.10579110  	0.08861041  	0.13593851  	0.21997306  	0.14913458  	0.17048319  	0.07739125  	0.07875457  	0.27635330  	0.28366914  
2021-11-07 01:58:52.212: iteration 25 finished in 12.038578 seconds
2021-11-07 01:58:53.478: epoch 25:	0.10617719  	0.08793473  	0.13584089  	0.21860313  	0.14953549  	0.17007869  	0.07763406  	0.07874358  	0.27714726  	0.28430322  
2021-11-07 01:59:03.291: iteration 26 finished in 9.813164 seconds
2021-11-07 01:59:05.946: epoch 26:	0.10694940  	0.08783818  	0.13668083  	0.21782210  	0.15009448  	0.16997719  	0.07779801  	0.07874057  	0.27713275  	0.28404739  
2021-11-07 01:59:13.777: iteration 27 finished in 7.830625 seconds
2021-11-07 01:59:13.824: epoch 27:	0.10685289  	0.08827257  	0.13564624  	0.22031036  	0.14973773  	0.17068051  	0.07767194  	0.07890304  	0.27625784  	0.28362253  
2021-11-07 01:59:23.168: iteration 28 finished in 9.344520 seconds
2021-11-07 01:59:23.215: epoch 28:	0.10752856  	0.08841735  	0.13620576  	0.22022243  	0.15016155  	0.17079508  	0.07789069  	0.07894998  	0.27583152  	0.28326732  
2021-11-07 01:59:32.919: iteration 29 finished in 9.703961 seconds
2021-11-07 01:59:33.513: epoch 29:	0.10762507  	0.08807952  	0.13728876  	0.22069995  	0.15043131  	0.17071488  	0.07809318  	0.07903637  	0.27524281  	0.28266510  
2021-11-07 01:59:43.093: iteration 30 finished in 9.579702 seconds
2021-11-07 01:59:43.155: epoch 30:	0.10743201  	0.08812779  	0.13727024  	0.22088733  	0.15026768  	0.17078492  	0.07801214  	0.07908150  	0.27481157  	0.28218922  
2021-11-07 01:59:51.828: iteration 31 finished in 8.673252 seconds
2021-11-07 01:59:51.875: epoch 31:	0.10752854  	0.08832082  	0.13745078  	0.22126724  	0.15020759  	0.17083287  	0.07791840  	0.07912777  	0.27441013  	0.28170580  
2021-11-07 02:00:00.953: iteration 32 finished in 9.078022 seconds
2021-11-07 02:00:06.939: epoch 32:	0.10781813  	0.08822430  	0.13667442  	0.22005324  	0.14995223  	0.17030384  	0.07752139  	0.07858294  	0.27524516  	0.28260943  
2021-11-07 02:00:19.236: iteration 33 finished in 12.296970 seconds
2021-11-07 02:00:21.532: epoch 33:	0.10801117  	0.08856213  	0.13709268  	0.22111312  	0.15023312  	0.17077176  	0.07769464  	0.07882597  	0.27482799  	0.28214166  
2021-11-07 02:00:33.486: iteration 34 finished in 11.953521 seconds
2021-11-07 02:00:34.798: epoch 34:	0.10868685  	0.08875518  	0.13748251  	0.22155216  	0.15067945  	0.17110318  	0.07795563  	0.07904404  	0.27456674  	0.28161716  
2021-11-07 02:00:47.424: iteration 35 finished in 12.610636 seconds
2021-11-07 02:00:49.112: epoch 35:	0.10849380  	0.08856212  	0.13712709  	0.22044259  	0.15025263  	0.17062914  	0.07780539  	0.07896250  	0.27242255  	0.27945808  
2021-11-07 02:00:57.931: iteration 36 finished in 8.819385 seconds
2021-11-07 02:00:58.415: epoch 36:	0.10859030  	0.08832079  	0.13790815  	0.21782507  	0.15068194  	0.17010775  	0.07811626  	0.07903443  	0.27271485  	0.27948242  
2021-11-07 02:01:07.932: iteration 37 finished in 9.516366 seconds
2021-11-07 02:01:09.337: epoch 37:	0.10868683  	0.08832079  	0.13690899  	0.21760838  	0.15081346  	0.17031449  	0.07843111  	0.07935565  	0.27313849  	0.28001580  
2021-11-07 02:01:18.369: iteration 38 finished in 9.031562 seconds
2021-11-07 02:01:18.588: epoch 38:	0.10878336  	0.08832078  	0.13621305  	0.21725966  	0.15082934  	0.17026965  	0.07853140  	0.07930692  	0.27364945  	0.28070009  
2021-11-07 02:01:28.168: iteration 39 finished in 9.517641 seconds
2021-11-07 02:01:28.215: epoch 39:	0.10839725  	0.08836905  	0.13544858  	0.21864308  	0.15072046  	0.17077737  	0.07863113  	0.07949162  	0.27452502  	0.28181499  
2021-11-07 02:01:37.028: iteration 40 finished in 8.813279 seconds
2021-11-07 02:01:37.075: epoch 40:	0.10830073  	0.08846559  	0.13461679  	0.21867676  	0.15105082  	0.17133214  	0.07912535  	0.07990962  	0.27635401  	0.28390533  
2021-11-07 02:01:46.795: iteration 41 finished in 9.719761 seconds
2021-11-07 02:01:46.841: epoch 41:	0.10820419  	0.08846559  	0.13509181  	0.21842431  	0.15113720  	0.17126517  	0.07918722  	0.07991850  	0.27662483  	0.28417841  
2021-11-07 02:01:58.503: iteration 42 finished in 11.661353 seconds
2021-11-07 02:01:59.487: epoch 42:	0.10820420  	0.08817600  	0.13747217  	0.21830927  	0.15157053  	0.17098989  	0.07939368  	0.07976167  	0.27574539  	0.28346109  
2021-11-07 02:02:10.625: iteration 43 finished in 11.138008 seconds
2021-11-07 02:02:15.980: epoch 43:	0.10849377  	0.08812773  	0.13787921  	0.21736325  	0.15161894  	0.17060825  	0.07936320  	0.07963589  	0.27469209  	0.28229374  
2021-11-07 02:02:28.720: iteration 44 finished in 12.552768 seconds
2021-11-07 02:02:32.017: epoch 44:	0.10820420  	0.08812775  	0.13707714  	0.21743523  	0.15123549  	0.17057873  	0.07922100  	0.07962193  	0.27459893  	0.28224108  
2021-11-07 02:02:42.142: iteration 45 finished in 10.125612 seconds
2021-11-07 02:02:43.517: epoch 45:	0.10849377  	0.08817600  	0.13760959  	0.21744718  	0.15151572  	0.17063166  	0.07937147  	0.07973704  	0.27434537  	0.28182361  
2021-11-07 02:02:54.092: iteration 46 finished in 10.575640 seconds
2021-11-07 02:02:56.735: epoch 46:	0.10878335  	0.08812773  	0.13820180  	0.21680297  	0.15182281  	0.17047998  	0.07949740  	0.07969420  	0.27478319  	0.28200147  
2021-11-07 02:03:07.773: iteration 47 finished in 11.037475 seconds
2021-11-07 02:03:08.335: epoch 47:	0.10878334  	0.08812772  	0.13873236  	0.21712947  	0.15226603  	0.17079461  	0.07980515  	0.07992957  	0.27593347  	0.28304076  
2021-11-07 02:03:18.659: iteration 48 finished in 10.323892 seconds
2021-11-07 02:03:19.643: epoch 48:	0.10849378  	0.08817597  	0.13741156  	0.21703294  	0.15172078  	0.17069593  	0.07967676  	0.07989875  	0.27477509  	0.28219855  
2021-11-07 02:03:29.721: iteration 49 finished in 10.078319 seconds
2021-11-07 02:03:30.143: epoch 49:	0.10878335  	0.08803119  	0.13767639  	0.21681349  	0.15211470  	0.17080499  	0.07986693  	0.07999701  	0.27610773  	0.28344783  
2021-11-07 02:03:40.397: iteration 50 finished in 10.238447 seconds
2021-11-07 02:03:41.444: epoch 50:	0.10839725  	0.08793467  	0.13636555  	0.21666050  	0.15164693  	0.17072996  	0.07972784  	0.08002500  	0.27572581  	0.28312635  
