2021-12-15 13:10:57.291: Dataset name: u1
The number of users: 28278
The number of items: 28278
The number of ratings: 84329
Average actions of users: 2.98
Average actions of items: 2.98
The sparsity of the dataset: 99.989454%
2021-12-15 13:10:57.291: 

NeuRec hyperparameters:
recommender=WRMF
config_dir=./conf
gpu_id=0
gpu_mem=0.5
data.input.path=D:\hsyoo\Workingon_210628/_Data/digg/noniid-out-barrier/u1/
data.input.dataset=u1
data.output.path=D:\hsyoo\Workingon_210628/_Emb/digg/noniid-out-barrier/wrmf/u1_wrmf_directed_dim16_uniform_send.emb
data.column.format=UI
data.convert.separator='\t'
user_min=0
item_min=0
splitter=given
ratio=0.8
by_time=False
metric=["Precision", "Recall", "NDCG", "MAP", "MRR"]
topk=[10, 20]
group_view=None
rec.evaluate.neg=0
test_batch_size=128
num_thread=8
data.index.remap=False

WRMF's hyperparameters:
epochs=50
embedding_size=16
reg_mf=0.1
alpha=10
init_method=uniform
stddev=0.01
verbose=1
weight=uniform

2021-12-15 13:44:56.837: metrics:	Precision@10	Precision@20	Recall@10   	Recall@20   	NDCG@10     	NDCG@20     	MAP@10      	MAP@20      	MRR@10      	MRR@20      
2021-12-15 13:46:50.861: iteration 1 finished in 114.023944 seconds
2021-12-15 13:46:51.320: epoch 1:	0.00171360  	0.00141297  	0.01125626  	0.01890565  	0.00623848  	0.00834361  	0.00396879  	0.00449145  	0.00591059  	0.00665768  
2021-12-15 13:48:46.451: iteration 2 finished in 115.131494 seconds
2021-12-15 13:48:46.904: epoch 2:	0.00216455  	0.00178876  	0.01386340  	0.02337837  	0.00800255  	0.01063078  	0.00515342  	0.00579532  	0.00790819  	0.00885225  
2021-12-15 13:50:41.069: iteration 3 finished in 114.164256 seconds
2021-12-15 13:50:41.531: epoch 3:	0.00228480  	0.00199920  	0.01499482  	0.02610409  	0.00811078  	0.01118564  	0.00502059  	0.00575514  	0.00752743  	0.00864101  
2021-12-15 13:52:36.924: iteration 4 finished in 115.392239 seconds
2021-12-15 13:52:37.375: epoch 4:	0.00222468  	0.00193406  	0.01467248  	0.02546848  	0.00777049  	0.01077284  	0.00473866  	0.00546190  	0.00703752  	0.00814143  
2021-12-15 13:54:30.840: iteration 5 finished in 113.464869 seconds
2021-12-15 13:54:31.300: epoch 5:	0.00215453  	0.00186391  	0.01448041  	0.02453652  	0.00754501  	0.01038054  	0.00454071  	0.00523818  	0.00682767  	0.00788437  
2021-12-15 13:56:27.188: iteration 6 finished in 115.887985 seconds
2021-12-15 13:56:27.647: epoch 6:	0.00208438  	0.00184888  	0.01405953  	0.02420249  	0.00745644  	0.01030969  	0.00455503  	0.00524787  	0.00683427  	0.00788718  
2021-12-15 13:58:20.616: iteration 7 finished in 112.969021 seconds
2021-12-15 13:58:21.069: epoch 7:	0.00203428  	0.00184387  	0.01346661  	0.02414403  	0.00728673  	0.01027748  	0.00448141  	0.00522251  	0.00682484  	0.00791520  
2021-12-15 14:00:14.056: iteration 8 finished in 112.986342 seconds
2021-12-15 14:00:14.524: epoch 8:	0.00206434  	0.00185890  	0.01370378  	0.02408057  	0.00736088  	0.01028173  	0.00451496  	0.00522552  	0.00681773  	0.00790609  
2021-12-15 14:02:07.835: iteration 9 finished in 113.310571 seconds
2021-12-15 14:02:08.296: epoch 9:	0.00201423  	0.00190901  	0.01328123  	0.02463172  	0.00723817  	0.01043545  	0.00448933  	0.00526667  	0.00674142  	0.00793448  
2021-12-15 14:04:01.940: iteration 10 finished in 113.644419 seconds
2021-12-15 14:04:02.405: epoch 10:	0.00206434  	0.00189899  	0.01332298  	0.02462672  	0.00730696  	0.01046212  	0.00453699  	0.00531396  	0.00685801  	0.00800646  
2021-12-15 14:05:55.568: iteration 11 finished in 113.162215 seconds
2021-12-15 14:05:56.022: epoch 11:	0.00200421  	0.00184387  	0.01302569  	0.02376323  	0.00729702  	0.01034356  	0.00462980  	0.00538982  	0.00693273  	0.00809034  
2021-12-15 14:07:49.557: iteration 12 finished in 113.534566 seconds
2021-12-15 14:07:50.020: epoch 12:	0.00205432  	0.00184387  	0.01310085  	0.02361626  	0.00742807  	0.01038213  	0.00473008  	0.00546134  	0.00715304  	0.00824810  
2021-12-15 14:09:43.904: iteration 13 finished in 113.883996 seconds
2021-12-15 14:09:44.374: epoch 13:	0.00211444  	0.00183385  	0.01329960  	0.02336573  	0.00766144  	0.01047945  	0.00491741  	0.00561430  	0.00749681  	0.00852329  
2021-12-15 14:11:37.705: iteration 14 finished in 113.330963 seconds
2021-12-15 14:11:38.164: epoch 14:	0.00217457  	0.00186391  	0.01363029  	0.02364465  	0.00773481  	0.01051637  	0.00490288  	0.00557684  	0.00747729  	0.00848065  
2021-12-15 14:13:31.413: iteration 15 finished in 113.248531 seconds
2021-12-15 14:13:31.871: epoch 15:	0.00219461  	0.00189398  	0.01366704  	0.02411564  	0.00769503  	0.01058140  	0.00482930  	0.00553096  	0.00741036  	0.00844399  
2021-12-15 14:15:24.800: iteration 16 finished in 112.929061 seconds
2021-12-15 14:15:25.275: epoch 16:	0.00226476  	0.00189398  	0.01419314  	0.02434111  	0.00782820  	0.01060054  	0.00483765  	0.00550474  	0.00744572  	0.00841984  
2021-12-15 14:17:18.702: iteration 17 finished in 113.426357 seconds
2021-12-15 14:17:19.155: epoch 17:	0.00221466  	0.00185890  	0.01390921  	0.02373985  	0.00768373  	0.01041663  	0.00475743  	0.00542560  	0.00730912  	0.00831051  
2021-12-15 14:19:11.850: iteration 18 finished in 112.695202 seconds
2021-12-15 14:19:12.309: epoch 18:	0.00222468  	0.00185890  	0.01415473  	0.02350602  	0.00772411  	0.01035689  	0.00475227  	0.00538682  	0.00727249  	0.00826360  
2021-12-15 14:21:07.013: iteration 19 finished in 114.704559 seconds
2021-12-15 14:21:07.451: epoch 19:	0.00228480  	0.00186892  	0.01447206  	0.02347262  	0.00785853  	0.01039936  	0.00480918  	0.00542106  	0.00739672  	0.00835266  
2021-12-15 14:23:02.674: iteration 20 finished in 115.223372 seconds
2021-12-15 14:23:03.134: epoch 20:	0.00228480  	0.00187895  	0.01447206  	0.02364298  	0.00783283  	0.01042284  	0.00478221  	0.00541031  	0.00732463  	0.00829775  
2021-12-15 14:24:58.113: iteration 21 finished in 114.978780 seconds
2021-12-15 14:24:58.558: epoch 21:	0.00225474  	0.00190400  	0.01446371  	0.02420249  	0.00782946  	0.01056135  	0.00478010  	0.00543623  	0.00734216  	0.00836403  
2021-12-15 14:26:51.099: iteration 22 finished in 112.540800 seconds
2021-12-15 14:26:51.550: epoch 22:	0.00226476  	0.00190400  	0.01456392  	0.02422754  	0.00783564  	0.01054711  	0.00474897  	0.00540002  	0.00734948  	0.00836089  
2021-12-15 14:28:43.508: iteration 23 finished in 111.956935 seconds
2021-12-15 14:28:43.961: epoch 23:	0.00227478  	0.00189899  	0.01464743  	0.02378494  	0.00787321  	0.01049030  	0.00476548  	0.00539762  	0.00739978  	0.00841280  
2021-12-15 14:30:35.312: iteration 24 finished in 111.350632 seconds
2021-12-15 14:30:35.760: epoch 24:	0.00230485  	0.00189899  	0.01483115  	0.02375154  	0.00794419  	0.01050630  	0.00480408  	0.00542522  	0.00743931  	0.00843420  
2021-12-15 14:32:28.244: iteration 25 finished in 112.484115 seconds
2021-12-15 14:32:28.695: epoch 25:	0.00233491  	0.00189899  	0.01505662  	0.02375989  	0.00797682  	0.01048055  	0.00478109  	0.00538550  	0.00741100  	0.00839379  
2021-12-15 14:34:21.924: iteration 26 finished in 113.228985 seconds
2021-12-15 14:34:22.401: epoch 26:	0.00231487  	0.00191402  	0.01496476  	0.02402378  	0.00798847  	0.01060130  	0.00482297  	0.00546251  	0.00749658  	0.00852265  
2021-12-15 14:36:17.787: iteration 27 finished in 115.386395 seconds
2021-12-15 14:36:18.236: epoch 27:	0.00234493  	0.00190400  	0.01520360  	0.02399538  	0.00811194  	0.01065093  	0.00490141  	0.00552933  	0.00760995  	0.00860115  
2021-12-15 14:38:13.360: iteration 28 finished in 115.124062 seconds
2021-12-15 14:38:13.807: epoch 28:	0.00236497  	0.00189899  	0.01530047  	0.02407889  	0.00821329  	0.01073167  	0.00499220  	0.00561744  	0.00776973  	0.00874388  
2021-12-15 14:40:05.726: iteration 29 finished in 111.918664 seconds
2021-12-15 14:40:06.166: epoch 29:	0.00241508  	0.00188897  	0.01553763  	0.02396198  	0.00837400  	0.01078072  	0.00509668  	0.00569663  	0.00800840  	0.00892616  
2021-12-15 14:41:58.725: iteration 30 finished in 112.559339 seconds
2021-12-15 14:41:59.186: epoch 30:	0.00240506  	0.00191402  	0.01541237  	0.02424591  	0.00832268  	0.01083816  	0.00506368  	0.00569091  	0.00798272  	0.00892892  
2021-12-15 14:43:49.972: iteration 31 finished in 110.785584 seconds
2021-12-15 14:43:50.431: epoch 31:	0.00240506  	0.00191903  	0.01547083  	0.02444633  	0.00826612  	0.01081062  	0.00497316  	0.00560316  	0.00788477  	0.00884205  
2021-12-15 14:45:45.542: iteration 32 finished in 115.110514 seconds
2021-12-15 14:45:46.012: epoch 32:	0.00241508  	0.00192905  	0.01559275  	0.02455489  	0.00830402  	0.01084492  	0.00499494  	0.00562063  	0.00786079  	0.00882113  
2021-12-15 14:47:40.521: iteration 33 finished in 114.509157 seconds
2021-12-15 14:47:40.967: epoch 33:	0.00242510  	0.00194909  	0.01566791  	0.02475531  	0.00834900  	0.01092355  	0.00502565  	0.00565368  	0.00796041  	0.00893166  
2021-12-15 14:49:37.858: iteration 34 finished in 116.891119 seconds
2021-12-15 14:49:38.341: epoch 34:	0.00242510  	0.00194909  	0.01553429  	0.02477536  	0.00832233  	0.01093134  	0.00501675  	0.00565998  	0.00795158  	0.00892754  
2021-12-15 14:51:32.588: iteration 35 finished in 114.247344 seconds
2021-12-15 14:51:33.072: epoch 35:	0.00242510  	0.00194408  	0.01549254  	0.02457494  	0.00832742  	0.01090293  	0.00502794  	0.00566315  	0.00797556  	0.00894215  
2021-12-15 14:53:25.716: iteration 36 finished in 112.644675 seconds
2021-12-15 14:53:26.165: epoch 36:	0.00243512  	0.00193907  	0.01556769  	0.02455823  	0.00834703  	0.01088826  	0.00503113  	0.00565726  	0.00796649  	0.00891151  
2021-12-15 14:55:17.935: iteration 37 finished in 111.770025 seconds
2021-12-15 14:55:18.388: epoch 37:	0.00242510  	0.00191402  	0.01558440  	0.02432107  	0.00835647  	0.01083470  	0.00504299  	0.00565746  	0.00798415  	0.00890941  
2021-12-15 14:57:09.892: iteration 38 finished in 111.504208 seconds
2021-12-15 14:57:10.343: epoch 38:	0.00244514  	0.00190400  	0.01560945  	0.02429602  	0.00836960  	0.01082147  	0.00504373  	0.00565112  	0.00797512  	0.00889287  
2021-12-15 14:59:01.598: iteration 39 finished in 111.254131 seconds
2021-12-15 14:59:02.048: epoch 39:	0.00244514  	0.00192905  	0.01577313  	0.02461001  	0.00852054  	0.01101735  	0.00521115  	0.00582134  	0.00813025  	0.00906465  
2021-12-15 15:00:53.299: iteration 40 finished in 111.251300 seconds
2021-12-15 15:00:53.737: epoch 40:	0.00244514  	0.00192905  	0.01586499  	0.02449309  	0.00847016  	0.01092368  	0.00511907  	0.00571407  	0.00805442  	0.00898592  
2021-12-15 15:02:44.409: iteration 41 finished in 110.672348 seconds
2021-12-15 15:02:44.859: epoch 41:	0.00245516  	0.00194909  	0.01604537  	0.02476032  	0.00851465  	0.01098565  	0.00512964  	0.00571639  	0.00805573  	0.00899750  
2021-12-15 15:04:36.473: iteration 42 finished in 111.614547 seconds
2021-12-15 15:04:36.927: epoch 42:	0.00247520  	0.00194408  	0.01609547  	0.02480208  	0.00851422  	0.01096628  	0.00510658  	0.00569128  	0.00804527  	0.00896686  
2021-12-15 15:06:29.228: iteration 43 finished in 112.300821 seconds
2021-12-15 15:06:29.685: epoch 43:	0.00246518  	0.00195911  	0.01595351  	0.02507766  	0.00845640  	0.01100951  	0.00506968  	0.00568223  	0.00798936  	0.00893658  
2021-12-15 15:08:20.899: iteration 44 finished in 111.213779 seconds
2021-12-15 15:08:21.336: epoch 44:	0.00241508  	0.00192905  	0.01560277  	0.02467681  	0.00832744  	0.01088624  	0.00501380  	0.00563678  	0.00790919  	0.00887138  
2021-12-15 15:10:13.251: iteration 45 finished in 111.914567 seconds
2021-12-15 15:10:13.704: epoch 45:	0.00239504  	0.00195410  	0.01535558  	0.02504759  	0.00827136  	0.01098713  	0.00500597  	0.00566957  	0.00792116  	0.00892443  
2021-12-15 15:12:06.012: iteration 46 finished in 112.308380 seconds
2021-12-15 15:12:06.454: epoch 46:	0.00242510  	0.00194909  	0.01553095  	0.02503089  	0.00835508  	0.01100772  	0.00505276  	0.00570049  	0.00799568  	0.00896685  
2021-12-15 15:13:58.740: iteration 47 finished in 112.286636 seconds
2021-12-15 15:13:59.193: epoch 47:	0.00242510  	0.00194408  	0.01550590  	0.02498079  	0.00834812  	0.01099919  	0.00503713  	0.00568891  	0.00800952  	0.00898161  
2021-12-15 15:15:51.792: iteration 48 finished in 112.598639 seconds
2021-12-15 15:15:52.237: epoch 48:	0.00242510  	0.00194909  	0.01558941  	0.02491398  	0.00833331  	0.01096619  	0.00500412  	0.00565082  	0.00797023  	0.00895513  
2021-12-15 15:17:44.781: iteration 49 finished in 112.544257 seconds
2021-12-15 15:17:45.225: epoch 49:	0.00241508  	0.00195911  	0.01559442  	0.02506430  	0.00831530  	0.01099845  	0.00499195  	0.00565271  	0.00794323  	0.00895323  
2021-12-15 15:19:37.729: iteration 50 finished in 112.504267 seconds
2021-12-15 15:19:38.185: epoch 50:	0.00243512  	0.00196412  	0.01582824  	0.02522296  	0.00839055  	0.01104492  	0.00502220  	0.00567021  	0.00801509  	0.00900957  
