2021-11-17 01:02:08.080: Dataset name: u1
The number of users: 4054
The number of items: 4054
The number of ratings: 39501
Average actions of users: 9.74
Average actions of items: 9.74
The sparsity of the dataset: 99.759652%
2021-11-17 01:02:08.080: 

NeuRec hyperparameters:
recommender=WRMF
config_dir=./conf
gpu_id=0
gpu_mem=0.5
data.input.path=D:\hsyoo\Workingon_210628/_Data/ciaodvd/5-noniid-out-barrier/u1/
data.input.dataset=u1
data.output.path=D:\hsyoo\Workingon_210628/_Emb/ciaodvd/5-noniid-out-barrier/wrmf/u1_wrmf_directed_dim16_uniform_send.emb
data.column.format=UI
data.convert.separator='\t'
user_min=0
item_min=0
splitter=given
ratio=0.8
by_time=False
metric=["Precision", "Recall", "NDCG", "MAP", "MRR"]
topk=[10, 20]
group_view=None
rec.evaluate.neg=0
test_batch_size=128
num_thread=8
data.index.remap=False

WRMF's hyperparameters:
epochs=50
embedding_size=16
reg_mf=0.1
alpha=10
init_method=uniform
stddev=0.01
verbose=1
weight=uniform

2021-11-17 01:02:59.383: metrics:	Precision@10	Precision@20	Recall@10   	Recall@20   	NDCG@10     	NDCG@20     	MAP@10      	MAP@20      	MRR@10      	MRR@20      
2021-11-17 01:03:02.588: iteration 1 finished in 3.204875 seconds
2021-11-17 01:03:02.635: epoch 1:	0.02416948  	0.02039032  	0.03318406  	0.05573481  	0.03145180  	0.04142136  	0.01264480  	0.01441770  	0.07222945  	0.07870743  
2021-11-17 01:03:05.934: iteration 2 finished in 3.298950 seconds
2021-11-17 01:03:05.981: epoch 2:	0.06602965  	0.05473408  	0.09233876  	0.15125255  	0.08868694  	0.11499523  	0.04022468  	0.04703551  	0.17970523  	0.18980862  
2021-11-17 01:03:09.027: iteration 3 finished in 3.046157 seconds
2021-11-17 01:03:09.058: epoch 3:	0.07516580  	0.06129580  	0.10352185  	0.17075267  	0.10091385  	0.13017845  	0.04655299  	0.05464427  	0.20336477  	0.21252584  
2021-11-17 01:03:11.701: iteration 4 finished in 2.642401 seconds
2021-11-17 01:03:11.732: epoch 4:	0.07782357  	0.06411974  	0.10988708  	0.18029009  	0.10555371  	0.13648920  	0.04900526  	0.05758251  	0.21089555  	0.22024497  
2021-11-17 01:03:14.412: iteration 5 finished in 2.679772 seconds
2021-11-17 01:03:14.443: epoch 5:	0.07915248  	0.06536558  	0.11327745  	0.18503630  	0.10736762  	0.13913074  	0.04923018  	0.05817108  	0.21516405  	0.22446802  
2021-11-17 01:03:17.155: iteration 6 finished in 2.711715 seconds
2021-11-17 01:03:17.186: epoch 6:	0.07989997  	0.06611311  	0.11504429  	0.18767600  	0.10882641  	0.14100711  	0.04992292  	0.05888174  	0.21796583  	0.22809745  
2021-11-17 01:03:19.881: iteration 7 finished in 2.695124 seconds
2021-11-17 01:03:19.912: epoch 7:	0.08255776  	0.06690218  	0.12117871  	0.18998748  	0.11209127  	0.14276977  	0.05114021  	0.05972801  	0.22115128  	0.23007590  
2021-11-17 01:03:23.205: iteration 8 finished in 3.292446 seconds
2021-11-17 01:03:23.236: epoch 8:	0.08214249  	0.06677759  	0.12118956  	0.19149591  	0.11264901  	0.14382456  	0.05182023  	0.06029051  	0.22171824  	0.23159972  
2021-11-17 01:03:26.616: iteration 9 finished in 3.379780 seconds
2021-11-17 01:03:26.663: epoch 9:	0.08280697  	0.06698525  	0.12121419  	0.19346115  	0.11273874  	0.14417358  	0.05178600  	0.06022773  	0.22040915  	0.23063830  
2021-11-17 01:03:30.054: iteration 10 finished in 3.391170 seconds
2021-11-17 01:03:30.085: epoch 10:	0.08230863  	0.06715136  	0.12028335  	0.19473407  	0.11313978  	0.14543627  	0.05237322  	0.06110075  	0.22400130  	0.23475386  
2021-11-17 01:03:33.453: iteration 11 finished in 3.367959 seconds
2021-11-17 01:03:33.500: epoch 11:	0.08197640  	0.06735898  	0.11972283  	0.19597578  	0.11285896  	0.14586914  	0.05227598  	0.06124177  	0.22370271  	0.23445451  
2021-11-17 01:03:36.423: iteration 12 finished in 2.923419 seconds
2021-11-17 01:03:36.455: epoch 12:	0.08272389  	0.06748354  	0.12069909  	0.19547607  	0.11405936  	0.14653017  	0.05304911  	0.06193007  	0.22527945  	0.23544471  
2021-11-17 01:03:39.157: iteration 13 finished in 2.702069 seconds
2021-11-17 01:03:39.172: epoch 13:	0.08255778  	0.06710979  	0.11967378  	0.19320844  	0.11413356  	0.14617030  	0.05323084  	0.06215705  	0.22646430  	0.23629396  
2021-11-17 01:03:41.877: iteration 14 finished in 2.704878 seconds
2021-11-17 01:03:41.908: epoch 14:	0.08322223  	0.06740050  	0.12059561  	0.19507556  	0.11454453  	0.14670993  	0.05339308  	0.06240695  	0.22542974  	0.23523119  
2021-11-17 01:03:44.611: iteration 15 finished in 2.702489 seconds
2021-11-17 01:03:44.627: epoch 15:	0.08305611  	0.06727589  	0.12200043  	0.19318271  	0.11469635  	0.14621599  	0.05335782  	0.06227718  	0.22503163  	0.23458587  
2021-11-17 01:03:47.316: iteration 16 finished in 2.689079 seconds
2021-11-17 01:03:47.347: epoch 16:	0.08347139  	0.06727590  	0.12325614  	0.19322330  	0.11548243  	0.14649962  	0.05385438  	0.06264117  	0.22574492  	0.23511992  
2021-11-17 01:03:50.739: iteration 17 finished in 3.392511 seconds
2021-11-17 01:03:50.786: epoch 17:	0.08380362  	0.06727590  	0.12295894  	0.19332716  	0.11580817  	0.14678341  	0.05400981  	0.06285302  	0.22763878  	0.23641917  
2021-11-17 01:03:54.176: iteration 18 finished in 3.389826 seconds
2021-11-17 01:03:54.223: epoch 18:	0.08363751  	0.06744203  	0.12231851  	0.19443637  	0.11614703  	0.14763483  	0.05446234  	0.06344039  	0.22962232  	0.23855335  
2021-11-17 01:03:57.600: iteration 19 finished in 3.377046 seconds
2021-11-17 01:03:57.647: epoch 19:	0.08388667  	0.06731745  	0.12315773  	0.19346508  	0.11701083  	0.14793180  	0.05503090  	0.06379449  	0.23235556  	0.24124543  
2021-11-17 01:04:01.037: iteration 20 finished in 3.389828 seconds
2021-11-17 01:04:01.084: epoch 20:	0.08322223  	0.06777427  	0.12147835  	0.19557592  	0.11624547  	0.14856967  	0.05461758  	0.06385580  	0.23230672  	0.24167129  
2021-11-17 01:04:03.913: iteration 21 finished in 2.829695 seconds
2021-11-17 01:04:03.929: epoch 21:	0.08388667  	0.06764968  	0.12245961  	0.19533645  	0.11669441  	0.14837264  	0.05466410  	0.06373107  	0.23229951  	0.24126066  
2021-11-17 01:04:06.649: iteration 22 finished in 2.720381 seconds
2021-11-17 01:04:06.665: epoch 22:	0.08405278  	0.06781580  	0.12287585  	0.19532928  	0.11698461  	0.14858942  	0.05480038  	0.06379362  	0.23294453  	0.24199215  
2021-11-17 01:04:09.351: iteration 23 finished in 2.670842 seconds
2021-11-17 01:04:09.383: epoch 23:	0.08405278  	0.06789884  	0.12333142  	0.19570298  	0.11711488  	0.14875370  	0.05480799  	0.06382136  	0.23313658  	0.24220605  
2021-11-17 01:04:12.087: iteration 24 finished in 2.704683 seconds
2021-11-17 01:04:12.103: epoch 24:	0.08421890  	0.06760814  	0.12356519  	0.19473293  	0.11652322  	0.14768484  	0.05435128  	0.06330130  	0.22939314  	0.23823091  
2021-11-17 01:04:15.031: iteration 25 finished in 2.912834 seconds
2021-11-17 01:04:15.078: epoch 25:	0.08413584  	0.06777426  	0.12362881  	0.19580872  	0.11670929  	0.14823465  	0.05444217  	0.06346393  	0.23053318  	0.23950903  
2021-11-17 01:04:18.437: iteration 26 finished in 3.358585 seconds
2021-11-17 01:04:18.484: epoch 26:	0.08421889  	0.06748355  	0.12396032  	0.19498025  	0.11685340  	0.14792687  	0.05444173  	0.06338628  	0.23062676  	0.23928818  
2021-11-17 01:04:21.860: iteration 27 finished in 3.376479 seconds
2021-11-17 01:04:21.907: epoch 27:	0.08438500  	0.06764966  	0.12369496  	0.19592384  	0.11689255  	0.14828080  	0.05440661  	0.06343742  	0.23103543  	0.23967993  
2021-11-17 01:04:25.281: iteration 28 finished in 3.374207 seconds
2021-11-17 01:04:25.328: epoch 28:	0.08446805  	0.06740049  	0.12375485  	0.19500960  	0.11676777  	0.14772873  	0.05428790  	0.06324355  	0.23017131  	0.23861665  
2021-11-17 01:04:28.721: iteration 29 finished in 3.392870 seconds
2021-11-17 01:04:28.768: epoch 29:	0.08455110  	0.06781580  	0.12320646  	0.19594163  	0.11670987  	0.14821471  	0.05429291  	0.06344941  	0.22999363  	0.23847270  
2021-11-17 01:04:31.486: iteration 30 finished in 2.718108 seconds
2021-11-17 01:04:31.517: epoch 30:	0.08446805  	0.06794039  	0.12298828  	0.19696823  	0.11655805  	0.14844356  	0.05420170  	0.06342668  	0.22991155  	0.23863684  
2021-11-17 01:04:34.206: iteration 31 finished in 2.689067 seconds
2021-11-17 01:04:34.237: epoch 31:	0.08421888  	0.06764969  	0.12264038  	0.19635271  	0.11666878  	0.14845039  	0.05434444  	0.06353284  	0.23127836  	0.24017619  
2021-11-17 01:04:36.958: iteration 32 finished in 2.720431 seconds
2021-11-17 01:04:36.989: epoch 32:	0.08372055  	0.06773276  	0.12198026  	0.19671097  	0.11633961  	0.14867343  	0.05422111  	0.06353373  	0.23195732  	0.24134505  
2021-11-17 01:04:39.723: iteration 33 finished in 2.733732 seconds
2021-11-17 01:04:39.754: epoch 33:	0.08338833  	0.06773276  	0.12158118  	0.19719027  	0.11616877  	0.14880884  	0.05421463  	0.06363940  	0.23190597  	0.24122435  
2021-11-17 01:04:42.865: iteration 34 finished in 3.111209 seconds
2021-11-17 01:04:42.912: epoch 34:	0.08413582  	0.06773276  	0.12255166  	0.19704089  	0.11708785  	0.14910725  	0.05465462  	0.06384818  	0.23404004  	0.24311557  
2021-11-17 01:04:46.302: iteration 35 finished in 3.389828 seconds
2021-11-17 01:04:46.333: epoch 35:	0.08455110  	0.06769124  	0.12314528  	0.19682592  	0.11755162  	0.14920422  	0.05476427  	0.06388094  	0.23560561  	0.24432819  
2021-11-17 01:04:49.725: iteration 36 finished in 3.392144 seconds
2021-11-17 01:04:49.757: epoch 36:	0.08471721  	0.06777430  	0.12327055  	0.19680095  	0.11770603  	0.14931475  	0.05490118  	0.06398843  	0.23565996  	0.24415421  
2021-11-17 01:04:53.133: iteration 37 finished in 3.376793 seconds
2021-11-17 01:04:53.180: epoch 37:	0.08413582  	0.06748359  	0.12213840  	0.19583960  	0.11726309  	0.14901027  	0.05475730  	0.06387967  	0.23632936  	0.24501051  
2021-11-17 01:04:56.366: iteration 38 finished in 3.186053 seconds
2021-11-17 01:04:56.398: epoch 38:	0.08388666  	0.06773277  	0.12182134  	0.19639961  	0.11709020  	0.14926748  	0.05472857  	0.06388783  	0.23615828  	0.24515072  
2021-11-17 01:04:59.087: iteration 39 finished in 2.689050 seconds
2021-11-17 01:04:59.118: epoch 39:	0.08396972  	0.06773274  	0.12219502  	0.19673748  	0.11741372  	0.14953507  	0.05484845  	0.06400812  	0.23728907  	0.24614072  
2021-11-17 01:05:01.854: iteration 40 finished in 2.735693 seconds
2021-11-17 01:05:01.869: epoch 40:	0.08421888  	0.06769123  	0.12260728  	0.19597514  	0.11763994  	0.14938000  	0.05500935  	0.06400716  	0.23678839  	0.24569106  
2021-11-17 01:05:04.619: iteration 41 finished in 2.749353 seconds
2021-11-17 01:05:04.650: epoch 41:	0.08421887  	0.06798191  	0.12252890  	0.19707137  	0.11793961  	0.15012608  	0.05521418  	0.06436715  	0.23817042  	0.24708945  
2021-11-17 01:05:07.355: iteration 42 finished in 2.704853 seconds
2021-11-17 01:05:07.386: epoch 42:	0.08446804  	0.06769120  	0.12310337  	0.19600877  	0.11812153  	0.14962049  	0.05521784  	0.06414499  	0.23842816  	0.24708633  
2021-11-17 01:05:10.698: iteration 43 finished in 3.311724 seconds
2021-11-17 01:05:10.744: epoch 43:	0.08455110  	0.06756662  	0.12251475  	0.19473256  	0.11780168  	0.14908187  	0.05502537  	0.06391945  	0.23727290  	0.24592294  
2021-11-17 01:05:14.137: iteration 44 finished in 3.392406 seconds
2021-11-17 01:05:14.184: epoch 44:	0.08421888  	0.06748357  	0.12165228  	0.19418018  	0.11724913  	0.14868477  	0.05469802  	0.06362433  	0.23662291  	0.24541824  
2021-11-17 01:05:17.575: iteration 45 finished in 3.391360 seconds
2021-11-17 01:05:17.622: epoch 45:	0.08438499  	0.06756663  	0.12242684  	0.19483571  	0.11751023  	0.14889371  	0.05475491  	0.06367245  	0.23698154  	0.24559647  
2021-11-17 01:05:20.999: iteration 46 finished in 3.376941 seconds
2021-11-17 01:05:21.061: epoch 46:	0.08421888  	0.06806499  	0.12229968  	0.19648401  	0.11731349  	0.14944136  	0.05464987  	0.06372797  	0.23654416  	0.24547501  
2021-11-17 01:05:24.014: iteration 47 finished in 2.952430 seconds
2021-11-17 01:05:24.045: epoch 47:	0.08421888  	0.06785735  	0.12220079  	0.19535221  	0.11746003  	0.14923681  	0.05474434  	0.06376383  	0.23736915  	0.24613111  
2021-11-17 01:05:26.750: iteration 48 finished in 2.704807 seconds
2021-11-17 01:05:26.781: epoch 48:	0.08430194  	0.06756663  	0.12246168  	0.19458818  	0.11769693  	0.14901194  	0.05477457  	0.06364936  	0.23821627  	0.24700241  
2021-11-17 01:05:29.499: iteration 49 finished in 2.718111 seconds
2021-11-17 01:05:29.515: epoch 49:	0.08413582  	0.06723440  	0.12214661  	0.19361952  	0.11738559  	0.14844304  	0.05457505  	0.06344516  	0.23726469  	0.24599244  
2021-11-17 01:05:32.204: iteration 50 finished in 2.689053 seconds
2021-11-17 01:05:32.235: epoch 50:	0.08405276  	0.06731746  	0.12194590  	0.19369636  	0.11738232  	0.14864126  	0.05462391  	0.06351688  	0.23763222  	0.24661505  
