2020-11-05 14:59:13.829: Dataset name: u1
The number of users: 5907
The number of items: 5907
The number of ratings: 20336
Average actions of users: 3.44
Average actions of items: 3.44
The sparsity of the dataset: 99.941718%
2020-11-05 14:59:13.829: 

NeuRec hyperparameters:
recommender=WRMF
config_dir=./conf
gpu_id=0
gpu_mem=0.5
data.input.path=C:\Users\HyunsikYoo\Desktop\VNE_directed_networks/_Data/p2p-Gnutella08/5-fold/u1/
data.input.dataset=u1
data.output.path=C:\Users\HyunsikYoo\Desktop\VNE_directed_networks/_Emb/p2p-Gnutella08/5-fold/wrmf/u1_wrmf_directed_dim8.emb
data.column.format=UI
data.convert.separator='\t'
user_min=0
item_min=0
splitter=given
ratio=0.8
by_time=False
metric=["Precision", "Recall", "NDCG", "MAP", "MRR"]
topk=[10, 20]
group_view=None
rec.evaluate.neg=0
test_batch_size=128
num_thread=8
data.index.remap=False

WRMF's hyperparameters:
epochs=50
embedding_size=8
reg_mf=0.1
alpha=10
init_method=uniform
stddev=0.01
verbose=1
weight=uniform

2020-11-05 15:00:40.615: metrics:	Precision@10	Precision@20	Recall@10   	Recall@20   	NDCG@10     	NDCG@20     	MAP@10      	MAP@20      	MRR@10      	MRR@20      
2020-11-05 15:00:44.559: iteration 1 finished in 3.944450 seconds
2020-11-05 15:00:44.602: epoch 1:	0.00747665  	0.00607478  	0.03925234  	0.06401869  	0.02244202  	0.02986813  	0.01289729  	0.01497987  	0.02312731  	0.02540810  
2020-11-05 15:00:48.024: iteration 2 finished in 3.421848 seconds
2020-11-05 15:00:48.060: epoch 2:	0.01102806  	0.00990654  	0.05747664  	0.10542575  	0.03127438  	0.04553810  	0.01777546  	0.02200481  	0.02930407  	0.03325126  
2020-11-05 15:00:51.601: iteration 3 finished in 3.540531 seconds
2020-11-05 15:00:51.638: epoch 3:	0.01341124  	0.01140186  	0.07032710  	0.12056075  	0.03895011  	0.05400840  	0.02283090  	0.02742968  	0.03649180  	0.04041759  
2020-11-05 15:00:55.153: iteration 4 finished in 3.515598 seconds
2020-11-05 15:00:55.189: epoch 4:	0.01434583  	0.01172897  	0.07570093  	0.12422119  	0.04260804  	0.05720285  	0.02521362  	0.02984476  	0.04056371  	0.04407556  
2020-11-05 15:00:58.609: iteration 5 finished in 3.419853 seconds
2020-11-05 15:00:58.648: epoch 5:	0.01448601  	0.01200934  	0.07640187  	0.12819315  	0.04424696  	0.05971453  	0.02676616  	0.03166297  	0.04371033  	0.04741925  
2020-11-05 15:01:02.119: iteration 6 finished in 3.470742 seconds
2020-11-05 15:01:02.157: epoch 6:	0.01434583  	0.01235981  	0.07593458  	0.13239875  	0.04421047  	0.06100510  	0.02679341  	0.03207576  	0.04401944  	0.04802555  
2020-11-05 15:01:05.611: iteration 7 finished in 3.452765 seconds
2020-11-05 15:01:05.646: epoch 7:	0.01443928  	0.01235980  	0.07686916  	0.13216512  	0.04443923  	0.06097998  	0.02678822  	0.03199679  	0.04390818  	0.04790038  
2020-11-05 15:01:09.091: iteration 8 finished in 3.443789 seconds
2020-11-05 15:01:09.128: epoch 8:	0.01485985  	0.01221962  	0.07967290  	0.13076325  	0.04588453  	0.06120471  	0.02763611  	0.03249361  	0.04540110  	0.04903070  
2020-11-05 15:01:12.678: iteration 9 finished in 3.550529 seconds
2020-11-05 15:01:12.717: epoch 9:	0.01509349  	0.01226635  	0.08107477  	0.13099688  	0.04646929  	0.06145402  	0.02785760  	0.03267110  	0.04588748  	0.04927135  
2020-11-05 15:01:16.256: iteration 10 finished in 3.538561 seconds
2020-11-05 15:01:16.294: epoch 10:	0.01504676  	0.01238317  	0.08076324  	0.13216512  	0.04664811  	0.06207645  	0.02811619  	0.03312774  	0.04650646  	0.04987963  
2020-11-05 15:01:19.758: iteration 11 finished in 3.464733 seconds
2020-11-05 15:01:19.799: epoch 11:	0.01509349  	0.01252336  	0.08099689  	0.13385904  	0.04706517  	0.06287459  	0.02846916  	0.03358827  	0.04729065  	0.05073672  
2020-11-05 15:01:23.241: iteration 12 finished in 3.441794 seconds
2020-11-05 15:01:23.277: epoch 12:	0.01500004  	0.01257009  	0.08014019  	0.13432632  	0.04667689  	0.06287436  	0.02822856  	0.03345534  	0.04703216  	0.05063461  
2020-11-05 15:01:26.809: iteration 13 finished in 3.532552 seconds
2020-11-05 15:01:26.847: epoch 13:	0.01514022  	0.01266354  	0.08076324  	0.13502726  	0.04655785  	0.06273796  	0.02791231  	0.03310358  	0.04652983  	0.05008627  
2020-11-05 15:01:30.393: iteration 14 finished in 3.544519 seconds
2020-11-05 15:01:30.430: epoch 14:	0.01504676  	0.01266354  	0.08037383  	0.13479362  	0.04622813  	0.06251529  	0.02760106  	0.03282769  	0.04617065  	0.04980754  
2020-11-05 15:01:33.946: iteration 15 finished in 3.516594 seconds
2020-11-05 15:01:33.984: epoch 15:	0.01509349  	0.01280373  	0.08060747  	0.13628896  	0.04646245  	0.06309448  	0.02778936  	0.03309729  	0.04643952  	0.05017113  
2020-11-05 15:01:37.599: iteration 16 finished in 3.613336 seconds
2020-11-05 15:01:37.637: epoch 16:	0.01523368  	0.01275700  	0.08130841  	0.13582166  	0.04674504  	0.06300721  	0.02791092  	0.03311483  	0.04662236  	0.05021504  
2020-11-05 15:01:41.172: iteration 17 finished in 3.534547 seconds
2020-11-05 15:01:41.209: epoch 17:	0.01532713  	0.01282709  	0.08200935  	0.13652259  	0.04704980  	0.06332222  	0.02806334  	0.03323458  	0.04686435  	0.05051647  
2020-11-05 15:01:44.739: iteration 18 finished in 3.528591 seconds
2020-11-05 15:01:44.776: epoch 18:	0.01542059  	0.01285046  	0.08247664  	0.13675624  	0.04740739  	0.06360124  	0.02829754  	0.03346356  	0.04729195  	0.05087936  
2020-11-05 15:01:48.309: iteration 19 finished in 3.532552 seconds
2020-11-05 15:01:48.345: epoch 19:	0.01551405  	0.01278037  	0.08294392  	0.13605531  	0.04757538  	0.06343205  	0.02833750  	0.03344921  	0.04728491  	0.05071948  
2020-11-05 15:01:51.813: iteration 20 finished in 3.467726 seconds
2020-11-05 15:01:51.850: epoch 20:	0.01546732  	0.01280373  	0.08271028  	0.13652259  	0.04739833  	0.06343955  	0.02819167  	0.03333345  	0.04703997  	0.05056482  
2020-11-05 15:01:55.394: iteration 21 finished in 3.543523 seconds
2020-11-05 15:01:55.430: epoch 21:	0.01542059  	0.01282709  	0.08224299  	0.13683411  	0.04739651  	0.06364147  	0.02828049  	0.03347427  	0.04722650  	0.05081060  
2020-11-05 15:01:58.975: iteration 22 finished in 3.544521 seconds
2020-11-05 15:01:59.011: epoch 22:	0.01537386  	0.01273363  	0.08200935  	0.13589954  	0.04739761  	0.06346104  	0.02831452  	0.03346319  	0.04741398  	0.05098775  
2020-11-05 15:02:02.469: iteration 23 finished in 3.456755 seconds
2020-11-05 15:02:02.505: epoch 23:	0.01528041  	0.01275700  	0.08154206  	0.13613318  	0.04713690  	0.06344012  	0.02815551  	0.03337132  	0.04714157  	0.05083716  
2020-11-05 15:02:05.958: iteration 24 finished in 3.452765 seconds
2020-11-05 15:02:05.995: epoch 24:	0.01528041  	0.01278036  	0.08154206  	0.13636683  	0.04718124  	0.06356274  	0.02820288  	0.03343892  	0.04722593  	0.05095936  
2020-11-05 15:02:09.402: iteration 25 finished in 3.405891 seconds
2020-11-05 15:02:09.440: epoch 25:	0.01528041  	0.01275700  	0.08177570  	0.13613318  	0.04731562  	0.06358610  	0.02832221  	0.03353035  	0.04741137  	0.05112223  
2020-11-05 15:02:13.142: iteration 26 finished in 3.701102 seconds
2020-11-05 15:02:13.177: epoch 26:	0.01518695  	0.01275700  	0.08107477  	0.13613318  	0.04723343  	0.06371431  	0.02839119  	0.03367096  	0.04764093  	0.05142083  
2020-11-05 15:02:16.720: iteration 27 finished in 3.542573 seconds
2020-11-05 15:02:16.758: epoch 27:	0.01514022  	0.01273363  	0.08084112  	0.13589954  	0.04714380  	0.06365157  	0.02837348  	0.03367868  	0.04750242  	0.05130155  
2020-11-05 15:02:20.302: iteration 28 finished in 3.544520 seconds
2020-11-05 15:02:20.339: epoch 28:	0.01514022  	0.01275700  	0.08107477  	0.13613318  	0.04708760  	0.06361917  	0.02829550  	0.03360709  	0.04730900  	0.05112262  
2020-11-05 15:02:23.860: iteration 29 finished in 3.519641 seconds
2020-11-05 15:02:23.897: epoch 29:	0.01500004  	0.01280373  	0.08037383  	0.13660048  	0.04664263  	0.06355083  	0.02801030  	0.03341161  	0.04675566  	0.05074847  
2020-11-05 15:02:27.368: iteration 30 finished in 3.470718 seconds
2020-11-05 15:02:27.404: epoch 30:	0.01485985  	0.01278036  	0.07967290  	0.13636683  	0.04623794  	0.06332660  	0.02777536  	0.03323274  	0.04627465  	0.05037971  
2020-11-05 15:02:30.862: iteration 31 finished in 3.457752 seconds
2020-11-05 15:02:30.899: epoch 31:	0.01490658  	0.01278036  	0.07990655  	0.13636683  	0.04644989  	0.06345889  	0.02796366  	0.03337942  	0.04653444  	0.05063745  
2020-11-05 15:02:34.425: iteration 32 finished in 3.525596 seconds
2020-11-05 15:02:34.463: epoch 32:	0.01495331  	0.01285046  	0.08037383  	0.13706776  	0.04652194  	0.06361514  	0.02792417  	0.03336311  	0.04645953  	0.05057916  
2020-11-05 15:02:37.864: iteration 33 finished in 3.401901 seconds
2020-11-05 15:02:37.901: epoch 33:	0.01495331  	0.01285046  	0.08037383  	0.13706776  	0.04668237  	0.06376748  	0.02809653  	0.03353163  	0.04679646  	0.05090219  
2020-11-05 15:02:41.345: iteration 34 finished in 3.442793 seconds
2020-11-05 15:02:41.385: epoch 34:	0.01500004  	0.01278036  	0.08060747  	0.13654207  	0.04670606  	0.06355333  	0.02805545  	0.03344316  	0.04673749  	0.05072777  
2020-11-05 15:02:44.910: iteration 35 finished in 3.524574 seconds
2020-11-05 15:02:44.948: epoch 35:	0.01504676  	0.01275700  	0.08084112  	0.13630842  	0.04655648  	0.06325937  	0.02785713  	0.03320003  	0.04621290  	0.05016575  
2020-11-05 15:02:48.479: iteration 36 finished in 3.530064 seconds
2020-11-05 15:02:48.517: epoch 36:	0.01518695  	0.01282709  	0.08154206  	0.13706776  	0.04677956  	0.06344043  	0.02793761  	0.03324595  	0.04624924  	0.05016056  
2020-11-05 15:02:52.051: iteration 37 finished in 3.532552 seconds
2020-11-05 15:02:52.089: epoch 37:	0.01518695  	0.01289718  	0.08154206  	0.13776870  	0.04683103  	0.06369327  	0.02799212  	0.03333878  	0.04634140  	0.05033063  
2020-11-05 15:02:55.616: iteration 38 finished in 3.527566 seconds
2020-11-05 15:02:55.653: epoch 38:	0.01528041  	0.01296728  	0.08200935  	0.13846964  	0.04675673  	0.06365310  	0.02778008  	0.03312904  	0.04589395  	0.04984263  
2020-11-05 15:02:59.175: iteration 39 finished in 3.522114 seconds
2020-11-05 15:02:59.212: epoch 39:	0.01532713  	0.01289718  	0.08247664  	0.13767524  	0.04678607  	0.06335796  	0.02771556  	0.03298136  	0.04570834  	0.04958303  
2020-11-05 15:03:02.738: iteration 40 finished in 3.525571 seconds
2020-11-05 15:03:02.774: epoch 40:	0.01546732  	0.01287382  	0.08341122  	0.13744159  	0.04716205  	0.06337619  	0.02789190  	0.03304792  	0.04599205  	0.04973716  
2020-11-05 15:03:06.249: iteration 41 finished in 3.475492 seconds
2020-11-05 15:03:06.287: epoch 41:	0.01551405  	0.01285045  	0.08346963  	0.13720794  	0.04728001  	0.06339204  	0.02797376  	0.03310388  	0.04625184  	0.04994065  
2020-11-05 15:03:09.902: iteration 42 finished in 3.614838 seconds
2020-11-05 15:03:09.940: epoch 42:	0.01556078  	0.01285045  	0.08370327  	0.13720794  	0.04725593  	0.06329703  	0.02788708  	0.03298280  	0.04605769  	0.04975628  
2020-11-05 15:03:13.443: iteration 43 finished in 3.501635 seconds
2020-11-05 15:03:13.481: epoch 43:	0.01560751  	0.01280373  	0.08393691  	0.13674065  	0.04741980  	0.06325466  	0.02804655  	0.03309800  	0.04616171  	0.04978077  
2020-11-05 15:03:17.020: iteration 44 finished in 3.539534 seconds
2020-11-05 15:03:17.056: epoch 44:	0.01560751  	0.01271027  	0.08393691  	0.13580607  	0.04733726  	0.06291449  	0.02794345  	0.03294843  	0.04603006  	0.04956159  
2020-11-05 15:03:20.680: iteration 45 finished in 3.624332 seconds
2020-11-05 15:03:20.717: epoch 45:	0.01565423  	0.01271027  	0.08417056  	0.13580607  	0.04745193  	0.06295063  	0.02802161  	0.03298612  	0.04612222  	0.04965324  
2020-11-05 15:03:24.166: iteration 46 finished in 3.448776 seconds
2020-11-05 15:03:24.205: epoch 46:	0.01546732  	0.01275700  	0.08300234  	0.13603972  	0.04702242  	0.06299479  	0.02783469  	0.03294954  	0.04588857  	0.04960863  
2020-11-05 15:03:27.764: iteration 47 finished in 3.558483 seconds
2020-11-05 15:03:27.801: epoch 47:	0.01546732  	0.01275700  	0.08300234  	0.13603972  	0.04681518  	0.06278843  	0.02758751  	0.03273727  	0.04550899  	0.04915996  
2020-11-05 15:03:31.333: iteration 48 finished in 3.530557 seconds
2020-11-05 15:03:31.373: epoch 48:	0.01551405  	0.01278036  	0.08323598  	0.13627337  	0.04688260  	0.06284462  	0.02761018  	0.03273100  	0.04550825  	0.04918759  
2020-11-05 15:03:34.902: iteration 49 finished in 3.529560 seconds
2020-11-05 15:03:34.938: epoch 49:	0.01551405  	0.01278036  	0.08323598  	0.13627337  	0.04686990  	0.06282254  	0.02760369  	0.03271632  	0.04549528  	0.04916691  
2020-11-05 15:03:38.523: iteration 50 finished in 3.583416 seconds
2020-11-05 15:03:38.559: epoch 50:	0.01551405  	0.01275700  	0.08323598  	0.13580607  	0.04692186  	0.06278040  	0.02765288  	0.03275399  	0.04562490  	0.04928198  
