2020-11-05 15:04:53.573: Dataset name: u1
The number of users: 5907
The number of items: 5907
The number of ratings: 20336
Average actions of users: 3.44
Average actions of items: 3.44
The sparsity of the dataset: 99.941718%
2020-11-05 15:04:53.573: 

NeuRec hyperparameters:
recommender=WRMF
config_dir=./conf
gpu_id=0
gpu_mem=0.5
data.input.path=C:\Users\HyunsikYoo\Desktop\VNE_directed_networks/_Data/p2p-Gnutella08/5-fold/u1/
data.input.dataset=u1
data.output.path=C:\Users\HyunsikYoo\Desktop\VNE_directed_networks/_Emb/p2p-Gnutella08/5-fold/wrmf/u1_wrmf_directed_dim32.emb
data.column.format=UI
data.convert.separator='\t'
user_min=0
item_min=0
splitter=given
ratio=0.8
by_time=False
metric=["Precision", "Recall", "NDCG", "MAP", "MRR"]
topk=[10, 20]
group_view=None
rec.evaluate.neg=0
test_batch_size=128
num_thread=8
data.index.remap=False

WRMF's hyperparameters:
epochs=50
embedding_size=32
reg_mf=0.1
alpha=10
init_method=uniform
stddev=0.01
verbose=1
weight=uniform

2020-11-05 15:06:19.938: metrics:	Precision@10	Precision@20	Recall@10   	Recall@20   	NDCG@10     	NDCG@20     	MAP@10      	MAP@20      	MRR@10      	MRR@20      
2020-11-05 15:06:25.832: iteration 1 finished in 5.893237 seconds
2020-11-05 15:06:25.873: epoch 1:	0.00827104  	0.00745329  	0.04369159  	0.07920561  	0.02582917  	0.03646680  	0.01556464  	0.01837516  	0.02677347  	0.03040942  
2020-11-05 15:06:31.665: iteration 2 finished in 5.791510 seconds
2020-11-05 15:06:31.704: epoch 2:	0.01233647  	0.01105139  	0.06542056  	0.11728972  	0.03842210  	0.05400378  	0.02320790  	0.02784453  	0.03906190  	0.04337416  
2020-11-05 15:06:37.395: iteration 3 finished in 5.690779 seconds
2020-11-05 15:06:37.433: epoch 3:	0.01420564  	0.01235980  	0.07546729  	0.13084112  	0.04292719  	0.05970709  	0.02537393  	0.03065884  	0.04230366  	0.04653929  
2020-11-05 15:06:43.190: iteration 4 finished in 5.756603 seconds
2020-11-05 15:06:43.231: epoch 4:	0.01537386  	0.01282708  	0.08130841  	0.13551402  	0.04636370  	0.06269133  	0.02748757  	0.03264040  	0.04580738  	0.04974762  
2020-11-05 15:06:48.926: iteration 5 finished in 5.694769 seconds
2020-11-05 15:06:48.964: epoch 5:	0.01574769  	0.01266353  	0.08411215  	0.13364486  	0.04736061  	0.06235167  	0.02780086  	0.03258514  	0.04642615  	0.04991715  
2020-11-05 15:06:54.734: iteration 6 finished in 5.769569 seconds
2020-11-05 15:06:54.773: epoch 6:	0.01551405  	0.01282709  	0.08224299  	0.13644859  	0.04712277  	0.06339180  	0.02796098  	0.03314190  	0.04673138  	0.05058422  
2020-11-05 15:07:00.501: iteration 7 finished in 5.728028 seconds
2020-11-05 15:07:00.540: epoch 7:	0.01542059  	0.01292054  	0.08177570  	0.13714953  	0.04724658  	0.06398167  	0.02827585  	0.03359341  	0.04705960  	0.05119438  
2020-11-05 15:07:06.305: iteration 8 finished in 5.763585 seconds
2020-11-05 15:07:06.344: epoch 8:	0.01584115  	0.01313082  	0.08387850  	0.13948599  	0.04828176  	0.06492887  	0.02883020  	0.03409630  	0.04798156  	0.05190220  
2020-11-05 15:07:12.068: iteration 9 finished in 5.722694 seconds
2020-11-05 15:07:12.107: epoch 9:	0.01598133  	0.01315419  	0.08481308  	0.13995327  	0.04834912  	0.06486513  	0.02863012  	0.03383398  	0.04771826  	0.05166690  
2020-11-05 15:07:17.856: iteration 10 finished in 5.749622 seconds
2020-11-05 15:07:17.893: epoch 10:	0.01584115  	0.01313082  	0.08387850  	0.13971962  	0.04793010  	0.06467724  	0.02837162  	0.03362336  	0.04736835  	0.05148699  
2020-11-05 15:07:23.608: iteration 11 finished in 5.713718 seconds
2020-11-05 15:07:23.647: epoch 11:	0.01607479  	0.01313082  	0.08504673  	0.13948599  	0.04860802  	0.06489107  	0.02880600  	0.03389561  	0.04809543  	0.05203302  
2020-11-05 15:07:29.410: iteration 12 finished in 5.763585 seconds
2020-11-05 15:07:29.451: epoch 12:	0.01612152  	0.01317755  	0.08528037  	0.13995327  	0.04879737  	0.06515084  	0.02892153  	0.03403205  	0.04833055  	0.05229209  
2020-11-05 15:07:35.183: iteration 13 finished in 5.731670 seconds
2020-11-05 15:07:35.226: epoch 13:	0.01607479  	0.01313082  	0.08481308  	0.13901868  	0.04863001  	0.06487449  	0.02882334  	0.03390359  	0.04825174  	0.05219765  
2020-11-05 15:07:40.967: iteration 14 finished in 5.740646 seconds
2020-11-05 15:07:41.006: epoch 14:	0.01588788  	0.01320091  	0.08387850  	0.13971962  	0.04798579  	0.06478070  	0.02837339  	0.03361107  	0.04741878  	0.05161753  
2020-11-05 15:07:46.731: iteration 15 finished in 5.724688 seconds
2020-11-05 15:07:46.770: epoch 15:	0.01602806  	0.01313082  	0.08457944  	0.13901868  	0.04839037  	0.06473166  	0.02859517  	0.03370627  	0.04787624  	0.05188689  
2020-11-05 15:07:52.559: iteration 16 finished in 5.788822 seconds
2020-11-05 15:07:52.598: epoch 16:	0.01584115  	0.01308409  	0.08364486  	0.13855140  	0.04820721  	0.06474687  	0.02863374  	0.03385516  	0.04818258  	0.05224432  
2020-11-05 15:07:58.329: iteration 17 finished in 5.730673 seconds
2020-11-05 15:07:58.368: epoch 17:	0.01584115  	0.01315418  	0.08364486  	0.13948599  	0.04817350  	0.06495771  	0.02860453  	0.03387836  	0.04811639  	0.05225537  
2020-11-05 15:08:04.219: iteration 18 finished in 5.850353 seconds
2020-11-05 15:08:04.260: epoch 18:	0.01598133  	0.01317755  	0.08457944  	0.13971962  	0.04849068  	0.06507365  	0.02874936  	0.03394859  	0.04820354  	0.05230198  
2020-11-05 15:08:10.109: iteration 19 finished in 5.847360 seconds
2020-11-05 15:08:10.148: epoch 19:	0.01602806  	0.01327101  	0.08481308  	0.14112149  	0.04884430  	0.06570160  	0.02905708  	0.03430110  	0.04877857  	0.05296388  
2020-11-05 15:08:15.889: iteration 20 finished in 5.741644 seconds
2020-11-05 15:08:15.927: epoch 20:	0.01612152  	0.01322428  	0.08528037  	0.14065421  	0.04893018  	0.06551139  	0.02903372  	0.03422176  	0.04864618  	0.05271164  
2020-11-05 15:08:21.683: iteration 21 finished in 5.754608 seconds
2020-11-05 15:08:21.723: epoch 21:	0.01598133  	0.01320091  	0.08411215  	0.14042056  	0.04849197  	0.06534688  	0.02881658  	0.03407756  	0.04834801  	0.05255441  
2020-11-05 15:08:27.534: iteration 22 finished in 5.810459 seconds
2020-11-05 15:08:27.576: epoch 22:	0.01607479  	0.01320091  	0.08481308  	0.14042056  	0.04874789  	0.06538820  	0.02887388  	0.03406129  	0.04855438  	0.05268215  
2020-11-05 15:08:33.381: iteration 23 finished in 5.804476 seconds
2020-11-05 15:08:33.421: epoch 23:	0.01598133  	0.01320091  	0.08411215  	0.14042056  	0.04837404  	0.06522444  	0.02865339  	0.03390247  	0.04815477  	0.05236847  
2020-11-05 15:08:39.238: iteration 24 finished in 5.816427 seconds
2020-11-05 15:08:39.277: epoch 24:	0.01598133  	0.01320091  	0.08411215  	0.14018692  	0.04843777  	0.06525507  	0.02873267  	0.03397448  	0.04830571  	0.05252873  
2020-11-05 15:08:45.017: iteration 25 finished in 5.740646 seconds
2020-11-05 15:08:45.057: epoch 25:	0.01602806  	0.01320091  	0.08434580  	0.14018692  	0.04841317  	0.06515879  	0.02865024  	0.03387929  	0.04809673  	0.05228089  
2020-11-05 15:08:50.879: iteration 26 finished in 5.821430 seconds
2020-11-05 15:08:50.918: epoch 26:	0.01588788  	0.01320091  	0.08364486  	0.14018692  	0.04828208  	0.06524556  	0.02870865  	0.03399386  	0.04820576  	0.05247641  
2020-11-05 15:08:56.824: iteration 27 finished in 5.905087 seconds
2020-11-05 15:08:56.864: epoch 27:	0.01584115  	0.01315418  	0.08341122  	0.13971962  	0.04825449  	0.06515890  	0.02874620  	0.03401182  	0.04830088  	0.05258318  
2020-11-05 15:09:02.638: iteration 28 finished in 5.774967 seconds
2020-11-05 15:09:02.681: epoch 28:	0.01574769  	0.01317755  	0.08271028  	0.13995327  	0.04819749  	0.06536099  	0.02887962  	0.03422072  	0.04842753  	0.05277856  
2020-11-05 15:09:08.510: iteration 29 finished in 5.827415 seconds
2020-11-05 15:09:08.549: epoch 29:	0.01574769  	0.01315418  	0.08271028  	0.13971962  	0.04817807  	0.06527229  	0.02886988  	0.03419593  	0.04837431  	0.05270099  
2020-11-05 15:09:14.362: iteration 30 finished in 5.813452 seconds
2020-11-05 15:09:14.400: epoch 30:	0.01579442  	0.01310746  	0.08294392  	0.13878505  	0.04828145  	0.06506872  	0.02890669  	0.03415511  	0.04847018  	0.05269291  
2020-11-05 15:09:20.151: iteration 31 finished in 5.750689 seconds
2020-11-05 15:09:20.191: epoch 31:	0.01579442  	0.01313082  	0.08294392  	0.13901868  	0.04831452  	0.06515347  	0.02891903  	0.03417254  	0.04855715  	0.05278663  
2020-11-05 15:09:26.001: iteration 32 finished in 5.810460 seconds
2020-11-05 15:09:26.042: epoch 32:	0.01584115  	0.01313082  	0.08317757  	0.13901868  	0.04837156  	0.06512874  	0.02892774  	0.03415988  	0.04852007  	0.05270297  
2020-11-05 15:09:31.814: iteration 33 finished in 5.771563 seconds
2020-11-05 15:09:31.855: epoch 33:	0.01584115  	0.01308409  	0.08317757  	0.13831776  	0.04841312  	0.06499601  	0.02898347  	0.03416904  	0.04862707  	0.05278160  
2020-11-05 15:09:37.666: iteration 34 finished in 5.810459 seconds
2020-11-05 15:09:37.709: epoch 34:	0.01579442  	0.01308409  	0.08294392  	0.13831776  	0.04845712  	0.06512357  	0.02909778  	0.03429773  	0.04880119  	0.05302118  
2020-11-05 15:09:43.456: iteration 35 finished in 5.746630 seconds
2020-11-05 15:09:43.495: epoch 35:	0.01579442  	0.01306073  	0.08294392  	0.13808411  	0.04844590  	0.06506997  	0.02907646  	0.03428405  	0.04878079  	0.05299781  
2020-11-05 15:09:49.321: iteration 36 finished in 5.824422 seconds
2020-11-05 15:09:49.362: epoch 36:	0.01584115  	0.01308409  	0.08317757  	0.13855140  	0.04865588  	0.06529526  	0.02924584  	0.03444631  	0.04910807  	0.05329404  
2020-11-05 15:09:55.180: iteration 37 finished in 5.817441 seconds
2020-11-05 15:09:55.220: epoch 37:	0.01574769  	0.01306073  	0.08271028  	0.13831776  	0.04877760  	0.06552033  	0.02957888  	0.03483738  	0.04937695  	0.05359180  
2020-11-05 15:10:01.041: iteration 38 finished in 5.821430 seconds
2020-11-05 15:10:01.084: epoch 38:	0.01574769  	0.01313082  	0.08271028  	0.13925233  	0.04882909  	0.06580877  	0.02963089  	0.03494642  	0.04948097  	0.05374562  
2020-11-05 15:10:06.910: iteration 39 finished in 5.825419 seconds
2020-11-05 15:10:06.951: epoch 39:	0.01574769  	0.01310745  	0.08271028  	0.13901868  	0.04885771  	0.06576867  	0.02966177  	0.03496672  	0.04954272  	0.05377357  
2020-11-05 15:10:12.788: iteration 40 finished in 5.836390 seconds
2020-11-05 15:10:12.831: epoch 40:	0.01579442  	0.01315418  	0.08294392  	0.13971962  	0.04892778  	0.06592075  	0.02966093  	0.03497191  	0.04955106  	0.05377565  
2020-11-05 15:10:18.649: iteration 41 finished in 5.818438 seconds
2020-11-05 15:10:18.689: epoch 41:	0.01579442  	0.01322428  	0.08294392  	0.14042056  	0.04904387  	0.06623032  	0.02978425  	0.03512614  	0.04978211  	0.05407834  
2020-11-05 15:10:24.464: iteration 42 finished in 5.774555 seconds
2020-11-05 15:10:24.502: epoch 42:	0.01584115  	0.01322428  	0.08317757  	0.14042056  	0.04901411  	0.06612711  	0.02968930  	0.03501740  	0.04957776  	0.05383315  
2020-11-05 15:10:30.333: iteration 43 finished in 5.831403 seconds
2020-11-05 15:10:30.372: epoch 43:	0.01579442  	0.01329437  	0.08294392  	0.14112149  	0.04895053  	0.06634664  	0.02968151  	0.03508316  	0.04958555  	0.05393846  
2020-11-05 15:10:36.204: iteration 44 finished in 5.830929 seconds
2020-11-05 15:10:36.243: epoch 44:	0.01584115  	0.01324764  	0.08317757  	0.14065421  	0.04910761  	0.06627943  	0.02978582  	0.03512119  	0.04978637  	0.05405883  
2020-11-05 15:10:42.071: iteration 45 finished in 5.828411 seconds
2020-11-05 15:10:42.110: epoch 45:	0.01579442  	0.01329437  	0.08294392  	0.14112149  	0.04917090  	0.06657071  	0.02993064  	0.03533809  	0.05008436  	0.05443618  
2020-11-05 15:10:47.936: iteration 46 finished in 5.826416 seconds
2020-11-05 15:10:47.974: epoch 46:	0.01579442  	0.01327101  	0.08294392  	0.14088786  	0.04923259  	0.06657555  	0.03000546  	0.03542142  	0.05015501  	0.05446469  
2020-11-05 15:10:53.792: iteration 47 finished in 5.816443 seconds
2020-11-05 15:10:53.834: epoch 47:	0.01574769  	0.01327101  	0.08271028  	0.14088786  	0.04924829  	0.06668315  	0.03010281  	0.03554808  	0.05031597  	0.05468356  
2020-11-05 15:10:59.648: iteration 48 finished in 5.813451 seconds
2020-11-05 15:10:59.686: epoch 48:	0.01584115  	0.01324764  	0.08317757  	0.14065421  	0.04914838  	0.06635326  	0.02981623  	0.03520223  	0.04995975  	0.05421721  
2020-11-05 15:11:05.508: iteration 49 finished in 5.821430 seconds
2020-11-05 15:11:05.551: epoch 49:	0.01584115  	0.01324764  	0.08317757  	0.14065421  	0.04914043  	0.06634232  	0.02981076  	0.03519633  	0.04995716  	0.05421014  
2020-11-05 15:11:11.370: iteration 50 finished in 5.818438 seconds
2020-11-05 15:11:11.411: epoch 50:	0.01579442  	0.01327101  	0.08294392  	0.14112149  	0.04906568  	0.06646140  	0.02979621  	0.03524230  	0.04992156  	0.05422854  
