2020-09-09 14:03:35.207: Dataset name: u1
The number of users: 2521
The number of items: 2509
The number of ratings: 12945
Average actions of users: 5.13
Average actions of items: 5.16
The sparsity of the dataset: 99.795342%
2020-09-09 14:03:35.207: 

NeuRec hyperparameters:
recommender=WRMF
config_dir=./conf
gpu_id=0
gpu_mem=0.5
data.input.path=C:\Users\HyunsikYoo\Desktop\VNE_directed_networks/_Data/moreno_health/5-fold/u1/
data.input.dataset=u1
data.output.path=C:\Users\HyunsikYoo\Desktop\VNE_directed_networks/_Data/moreno_health/5-fold/u1/relevance_WRMF_directed_uni_False_uniform
data.column.format=UI
data.convert.separator='\t'
user_min=0
item_min=0
splitter=given
ratio=0.8
by_time=False
metric=["Precision", "Recall", "NDCG", "MAP", "MRR"]
topk=[10, 20]
group_view=None
rec.evaluate.neg=0
test_batch_size=128
num_thread=8
data.index.remap=False

WRMF's hyperparameters:
epochs=50
embedding_size=16
reg_mf=0.1
alpha=10
init_method=uniform
stddev=0.01
verbose=1
weight=uniform

2020-09-09 14:03:53.255: metrics:	Precision@10	Precision@20	Recall@10   	Recall@20   	NDCG@10     	NDCG@20     	MAP@10      	MAP@20      	MRR@10      	MRR@20      
2020-09-09 14:03:54.639: iteration 1 finished in 1.383054 seconds
2020-09-09 14:03:54.680: epoch 1:	0.00344296  	0.00295478  	0.02286742  	0.04008222  	0.01369675  	0.01840043  	0.00938872  	0.01056216  	0.01275816  	0.01431309  
2020-09-09 14:03:56.033: iteration 2 finished in 1.352831 seconds
2020-09-09 14:03:56.068: epoch 2:	0.01197330  	0.00873588  	0.08581706  	0.12281603  	0.05380441  	0.06415059  	0.03910230  	0.04183789  	0.05133037  	0.05470198  
2020-09-09 14:03:57.438: iteration 3 finished in 1.368145 seconds
2020-09-09 14:03:57.477: epoch 3:	0.01798563  	0.01205034  	0.12821172  	0.17060637  	0.08212994  	0.09390328  	0.06076672  	0.06405534  	0.07840605  	0.08192500  
2020-09-09 14:03:58.849: iteration 4 finished in 1.370964 seconds
2020-09-09 14:03:58.886: epoch 4:	0.02076052  	0.01390026  	0.14799589  	0.19809866  	0.09553576  	0.10923092  	0.07126319  	0.07498445  	0.09150350  	0.09556923  
2020-09-09 14:04:00.245: iteration 5 finished in 1.359000 seconds
2020-09-09 14:04:00.281: epoch 5:	0.02158271  	0.01521063  	0.15390545  	0.21659815  	0.09898256  	0.11617480  	0.07336163  	0.07810447  	0.09556536  	0.10059796  
2020-09-09 14:04:01.652: iteration 6 finished in 1.369806 seconds
2020-09-09 14:04:01.687: epoch 6:	0.02214797  	0.01572450  	0.15750258  	0.22482014  	0.10069112  	0.11918581  	0.07421423  	0.07938265  	0.09665494  	0.10213514  
2020-09-09 14:04:03.060: iteration 7 finished in 1.371971 seconds
2020-09-09 14:04:03.103: epoch 7:	0.02281600  	0.01603282  	0.16366906  	0.22995889  	0.10283875  	0.12099507  	0.07535289  	0.08035769  	0.09751971  	0.10287365  
2020-09-09 14:04:04.615: iteration 8 finished in 1.511426 seconds
2020-09-09 14:04:04.658: epoch 8:	0.02261045  	0.01626406  	0.16187051  	0.23278520  	0.10174745  	0.12122409  	0.07450654  	0.07989072  	0.09627662  	0.10205783  
2020-09-09 14:04:06.123: iteration 9 finished in 1.464290 seconds
2020-09-09 14:04:06.163: epoch 9:	0.02235351  	0.01626406  	0.16109969  	0.23252827  	0.09981172  	0.11965367  	0.07249995  	0.07813151  	0.09334203  	0.09916528  
2020-09-09 14:04:07.696: iteration 10 finished in 1.532042 seconds
2020-09-09 14:04:07.732: epoch 10:	0.02209658  	0.01631545  	0.15930113  	0.23355602  	0.09838635  	0.11908610  	0.07126532  	0.07719400  	0.09180088  	0.09792417  
2020-09-09 14:04:09.099: iteration 11 finished in 1.366476 seconds
2020-09-09 14:04:09.136: epoch 11:	0.02235351  	0.01644391  	0.16161357  	0.23535457  	0.09884766  	0.11939948  	0.07127227  	0.07714345  	0.09163772  	0.09768662  
2020-09-09 14:04:10.517: iteration 12 finished in 1.380697 seconds
2020-09-09 14:04:10.554: epoch 12:	0.02173687  	0.01654669  	0.15673175  	0.23741007  	0.09653829  	0.11901437  	0.06965346  	0.07614533  	0.08993785  	0.09652820  
2020-09-09 14:04:11.923: iteration 13 finished in 1.369591 seconds
2020-09-09 14:04:11.959: epoch 13:	0.02189103  	0.01670085  	0.15775950  	0.23843782  	0.09686803  	0.11932373  	0.06977927  	0.07626073  	0.09014401  	0.09658001  
2020-09-09 14:04:13.324: iteration 14 finished in 1.364890 seconds
2020-09-09 14:04:13.361: epoch 14:	0.02178826  	0.01685501  	0.15647481  	0.24075025  	0.09632678  	0.11971941  	0.06945054  	0.07620590  	0.08967151  	0.09634961  
2020-09-09 14:04:14.745: iteration 15 finished in 1.383377 seconds
2020-09-09 14:04:14.784: epoch 15:	0.02225074  	0.01670085  	0.15930113  	0.23818089  	0.09684937  	0.11875911  	0.06924674  	0.07562844  	0.08949596  	0.09565048  
2020-09-09 14:04:16.174: iteration 16 finished in 1.389647 seconds
2020-09-09 14:04:16.210: epoch 16:	0.02214796  	0.01677793  	0.15853032  	0.23946556  	0.09661881  	0.11909354  	0.06916639  	0.07569599  	0.08975533  	0.09613302  
2020-09-09 14:04:17.574: iteration 17 finished in 1.363604 seconds
2020-09-09 14:04:17.612: epoch 17:	0.02219935  	0.01677793  	0.15904419  	0.23946556  	0.09575856  	0.11800711  	0.06799510  	0.07436864  	0.08833241  	0.09467267  
2020-09-09 14:04:18.984: iteration 18 finished in 1.372589 seconds
2020-09-09 14:04:19.025: epoch 18:	0.02199380  	0.01677793  	0.15698870  	0.23920864  	0.09485791  	0.11758845  	0.06741556  	0.07393350  	0.08778243  	0.09426470  
2020-09-09 14:04:20.403: iteration 19 finished in 1.378548 seconds
2020-09-09 14:04:20.439: epoch 19:	0.02204519  	0.01682932  	0.15698870  	0.23946556  	0.09391668  	0.11666927  	0.06612498  	0.07263029  	0.08659340  	0.09302982  
2020-09-09 14:04:21.830: iteration 20 finished in 1.390327 seconds
2020-09-09 14:04:21.866: epoch 20:	0.02214796  	0.01677793  	0.15750258  	0.23920864  	0.09379175  	0.11621132  	0.06586682  	0.07222932  	0.08612988  	0.09244113  
2020-09-09 14:04:23.239: iteration 21 finished in 1.372805 seconds
2020-09-09 14:04:23.276: epoch 21:	0.02225073  	0.01672654  	0.15775950  	0.23792395  	0.09359983  	0.11557666  	0.06554350  	0.07174579  	0.08563127  	0.09183101  
2020-09-09 14:04:24.647: iteration 22 finished in 1.371496 seconds
2020-09-09 14:04:24.689: epoch 22:	0.02214796  	0.01662377  	0.15698870  	0.23612538  	0.09350970  	0.11524311  	0.06562077  	0.07178716  	0.08590229  	0.09200355  
2020-09-09 14:04:26.134: iteration 23 finished in 1.445871 seconds
2020-09-09 14:04:26.174: epoch 23:	0.02204519  	0.01680362  	0.15596095  	0.23946556  	0.09335424  	0.11612622  	0.06571662  	0.07213032  	0.08602383  	0.09237061  
2020-09-09 14:04:27.555: iteration 24 finished in 1.378428 seconds
2020-09-09 14:04:27.596: epoch 24:	0.02209657  	0.01664946  	0.15673175  	0.23715313  	0.09349196  	0.11548959  	0.06571825  	0.07192691  	0.08599488  	0.09216019  
2020-09-09 14:04:28.958: iteration 25 finished in 1.362129 seconds
2020-09-09 14:04:28.993: epoch 25:	0.02194241  	0.01670085  	0.15570401  	0.23766701  	0.09290288  	0.11532324  	0.06530694  	0.07164067  	0.08545407  	0.09169582  
2020-09-09 14:04:30.378: iteration 26 finished in 1.383528 seconds
2020-09-09 14:04:30.413: epoch 26:	0.02199380  	0.01664946  	0.15621789  	0.23689620  	0.09288213  	0.11493008  	0.06514616  	0.07133990  	0.08522426  	0.09138218  
2020-09-09 14:04:31.787: iteration 27 finished in 1.372994 seconds
2020-09-09 14:04:31.824: epoch 27:	0.02189103  	0.01654669  	0.15493320  	0.23509763  	0.09259864  	0.11453833  	0.06510159  	0.07130061  	0.08522936  	0.09135552  
2020-09-09 14:04:33.204: iteration 28 finished in 1.380288 seconds
2020-09-09 14:04:33.241: epoch 28:	0.02183964  	0.01657238  	0.15467626  	0.23586845  	0.09254541  	0.11473279  	0.06514413  	0.07140470  	0.08529177  	0.09148481  
2020-09-09 14:04:34.624: iteration 29 finished in 1.383248 seconds
2020-09-09 14:04:34.661: epoch 29:	0.02199380  	0.01659808  	0.15519014  	0.23638232  	0.09266718  	0.11475071  	0.06512913  	0.07135607  	0.08523468  	0.09130417  
2020-09-09 14:04:36.040: iteration 30 finished in 1.379699 seconds
2020-09-09 14:04:36.076: epoch 30:	0.02194242  	0.01659808  	0.15467626  	0.23612538  	0.09272368  	0.11490915  	0.06533886  	0.07160042  	0.08554769  	0.09167460  
2020-09-09 14:04:37.454: iteration 31 finished in 1.376587 seconds
2020-09-09 14:04:37.491: epoch 31:	0.02194242  	0.01664946  	0.15467626  	0.23689620  	0.09275150  	0.11513643  	0.06535741  	0.07165443  	0.08553932  	0.09175071  
2020-09-09 14:04:38.875: iteration 32 finished in 1.383491 seconds
2020-09-09 14:04:38.911: epoch 32:	0.02194242  	0.01654669  	0.15441932  	0.23561151  	0.09271304  	0.11481307  	0.06538524  	0.07160188  	0.08549444  	0.09166892  
2020-09-09 14:04:40.290: iteration 33 finished in 1.379025 seconds
2020-09-09 14:04:40.331: epoch 33:	0.02199381  	0.01662377  	0.15493320  	0.23689620  	0.09280189  	0.11508641  	0.06533160  	0.07159597  	0.08552177  	0.09171735  
2020-09-09 14:04:41.717: iteration 34 finished in 1.383754 seconds
2020-09-09 14:04:41.753: epoch 34:	0.02199381  	0.01652100  	0.15493320  	0.23535457  	0.09288040  	0.11477604  	0.06542470  	0.07160433  	0.08561946  	0.09169448  
2020-09-09 14:04:43.128: iteration 35 finished in 1.374585 seconds
2020-09-09 14:04:43.165: epoch 35:	0.02189103  	0.01652100  	0.15390545  	0.23509763  	0.09255875  	0.11469848  	0.06528604  	0.07155041  	0.08549690  	0.09166285  
2020-09-09 14:04:44.552: iteration 36 finished in 1.387816 seconds
2020-09-09 14:04:44.590: epoch 36:	0.02189103  	0.01646961  	0.15390545  	0.23406988  	0.09287522  	0.11477042  	0.06569102  	0.07189594  	0.08587761  	0.09198368  
2020-09-09 14:04:45.968: iteration 37 finished in 1.377647 seconds
2020-09-09 14:04:46.003: epoch 37:	0.02178826  	0.01646961  	0.15339157  	0.23406988  	0.09292936  	0.11498853  	0.06588515  	0.07212944  	0.08623549  	0.09242155  
2020-09-09 14:04:47.383: iteration 38 finished in 1.379642 seconds
2020-09-09 14:04:47.420: epoch 38:	0.02173687  	0.01641822  	0.15313463  	0.23355602  	0.09318075  	0.11518478  	0.06627995  	0.07250778  	0.08673121  	0.09294101  
2020-09-09 14:04:48.802: iteration 39 finished in 1.381964 seconds
2020-09-09 14:04:48.838: epoch 39:	0.02183964  	0.01639253  	0.15416238  	0.23329908  	0.09347998  	0.11510623  	0.06639007  	0.07249545  	0.08678647  	0.09285834  
2020-09-09 14:04:50.223: iteration 40 finished in 1.384710 seconds
2020-09-09 14:04:50.260: epoch 40:	0.02183964  	0.01641822  	0.15416238  	0.23355602  	0.09356130  	0.11524410  	0.06648844  	0.07259796  	0.08690985  	0.09298949  
2020-09-09 14:04:51.652: iteration 41 finished in 1.391494 seconds
2020-09-09 14:04:51.689: epoch 41:	0.02173687  	0.01641822  	0.15364851  	0.23355602  	0.09341016  	0.11526075  	0.06648243  	0.07262991  	0.08683214  	0.09300031  
2020-09-09 14:04:53.068: iteration 42 finished in 1.378624 seconds
2020-09-09 14:04:53.104: epoch 42:	0.02178825  	0.01641822  	0.15390545  	0.23355602  	0.09360309  	0.11535975  	0.06671204  	0.07280894  	0.08684398  	0.09300610  
2020-09-09 14:04:54.493: iteration 43 finished in 1.388969 seconds
2020-09-09 14:04:54.529: epoch 43:	0.02183964  	0.01636684  	0.15416238  	0.23252827  	0.09398613  	0.11539995  	0.06710010  	0.07309400  	0.08729240  	0.09336200  
2020-09-09 14:04:55.919: iteration 44 finished in 1.388117 seconds
2020-09-09 14:04:55.954: epoch 44:	0.02178825  	0.01623837  	0.15364851  	0.23072970  	0.09377290  	0.11486690  	0.06698253  	0.07292117  	0.08711703  	0.09309420  
2020-09-09 14:04:57.331: iteration 45 finished in 1.376005 seconds
2020-09-09 14:04:57.370: epoch 45:	0.02173687  	0.01626406  	0.15313463  	0.23098664  	0.09364887  	0.11495303  	0.06695990  	0.07295457  	0.08708970  	0.09313697  
2020-09-09 14:04:58.767: iteration 46 finished in 1.397874 seconds
2020-09-09 14:04:58.810: epoch 46:	0.02173687  	0.01621268  	0.15339157  	0.23047276  	0.09360838  	0.11469891  	0.06685386  	0.07280000  	0.08691189  	0.09287175  
2020-09-09 14:05:00.190: iteration 47 finished in 1.379241 seconds
2020-09-09 14:05:00.226: epoch 47:	0.02173687  	0.01628976  	0.15339157  	0.23175745  	0.09365728  	0.11505373  	0.06690280  	0.07291511  	0.08695778  	0.09298921  
2020-09-09 14:05:01.607: iteration 48 finished in 1.380976 seconds
2020-09-09 14:05:01.645: epoch 48:	0.02163409  	0.01626406  	0.15262076  	0.23150052  	0.09341792  	0.11497334  	0.06679207  	0.07288504  	0.08682134  	0.09287362  
2020-09-09 14:05:03.019: iteration 49 finished in 1.374563 seconds
2020-09-09 14:05:03.055: epoch 49:	0.02178825  	0.01626406  	0.15390545  	0.23175745  	0.09369199  	0.11491558  	0.06682000  	0.07278427  	0.08677913  	0.09273665  
2020-09-09 14:05:04.437: iteration 50 finished in 1.381422 seconds
2020-09-09 14:05:04.475: epoch 50:	0.02183964  	0.01634114  	0.15416238  	0.23278520  	0.09391087  	0.11528161  	0.06702831  	0.07300120  	0.08701955  	0.09298469  
