2020-07-20 20:50:08.092: Dataset name: u1
The number of users: 5648
The number of items: 2354
The number of ratings: 103224
Average actions of users: 18.28
Average actions of items: 43.85
The sparsity of the dataset: 99.223611%
2020-07-20 20:50:08.093: 

NeuRec hyperparameters:
recommender=WRMF
config_dir=./conf
gpu_id=0
gpu_mem=0.5
data.input.path=C:\Users\HyunsikYoo\Desktop\VNE_directed_networks/_Data/wiki-vote/5-fold/u1/
data.input.dataset=u1
data.output.path=C:\Users\HyunsikYoo\Desktop\VNE_directed_networks/_Data/wiki-vote/5-fold/u1/relevance_WRMF_directed.dir
data.column.format=UI
data.convert.separator='\t'
user_min=0
item_min=0
splitter=given
ratio=0.8
by_time=False
metric=["Precision", "Recall", "NDCG", "MAP", "MRR"]
topk=[10, 20]
group_view=None
rec.evaluate.neg=0
test_batch_size=128
num_thread=8

WRMF's hyperparameters:
epochs=50
embedding_size=16
reg_mf=0.1
alpha=10
init_method=uniform
stddev=0.01
verbose=1

2020-07-20 20:50:08.419: metrics:	Precision@10	Precision@20	Recall@10   	Recall@20   	NDCG@10     	NDCG@20     	MAP@10      	MAP@20      	MRR@10      	MRR@20      
2020-07-20 20:50:10.932: iteration 1 finished in 2.513519 seconds
2020-07-20 20:50:11.013: epoch 1:	0.02468849  	0.02131900  	0.03227875  	0.05397281  	0.03416148  	0.03891116  	0.01638610  	0.01557921  	0.06286979  	0.06726341  
2020-07-20 20:50:13.558: iteration 2 finished in 2.544252 seconds
2020-07-20 20:50:13.640: epoch 2:	0.05927843  	0.05062332  	0.10951724  	0.17681000  	0.09785274  	0.11571971  	0.05444897  	0.05626345  	0.15255094  	0.15991095  
2020-07-20 20:50:16.190: iteration 3 finished in 2.550184 seconds
2020-07-20 20:50:16.268: epoch 3:	0.06809380  	0.05749025  	0.13010837  	0.20404276  	0.11662644  	0.13628106  	0.06765042  	0.06955499  	0.17621835  	0.18402399  
2020-07-20 20:50:18.813: iteration 4 finished in 2.544264 seconds
2020-07-20 20:50:18.891: epoch 4:	0.07221398  	0.06017314  	0.14250308  	0.21644355  	0.12596798  	0.14551145  	0.07356939  	0.07546791  	0.18950044  	0.19710037  
2020-07-20 20:50:21.457: iteration 5 finished in 2.564245 seconds
2020-07-20 20:50:21.535: epoch 5:	0.07425807  	0.06114731  	0.14403859  	0.22158019  	0.12840109  	0.14848582  	0.07524890  	0.07719582  	0.19216266  	0.20001492  
2020-07-20 20:50:24.075: iteration 6 finished in 2.539335 seconds
2020-07-20 20:50:24.153: epoch 6:	0.07521624  	0.06220130  	0.14753629  	0.22810893  	0.13124883  	0.15219110  	0.07715670  	0.07930016  	0.19654489  	0.20442775  
2020-07-20 20:50:26.702: iteration 7 finished in 2.549216 seconds
2020-07-20 20:50:26.781: epoch 7:	0.07505652  	0.06284005  	0.14611812  	0.23022121  	0.13136756  	0.15356852  	0.07749690  	0.08002225  	0.19779307  	0.20608152  
2020-07-20 20:50:29.328: iteration 8 finished in 2.547162 seconds
2020-07-20 20:50:29.409: epoch 8:	0.07579114  	0.06287201  	0.14826378  	0.23004195  	0.13235185  	0.15364806  	0.07774034  	0.07999016  	0.19901697  	0.20694821  
2020-07-20 20:50:31.962: iteration 9 finished in 2.553526 seconds
2020-07-20 20:50:32.041: epoch 9:	0.07595083  	0.06303170  	0.14891747  	0.23017642  	0.13252740  	0.15369897  	0.07777023  	0.07994651  	0.19873363  	0.20623611  
2020-07-20 20:50:34.612: iteration 10 finished in 2.570132 seconds
2020-07-20 20:50:34.691: epoch 10:	0.07617441  	0.06291991  	0.15017419  	0.22922413  	0.13302186  	0.15351251  	0.07789814  	0.07986978  	0.19894432  	0.20636052  
2020-07-20 20:50:37.265: iteration 11 finished in 2.572318 seconds
2020-07-20 20:50:37.344: epoch 11:	0.07607858  	0.06315944  	0.14884435  	0.22966744  	0.13277549  	0.15384209  	0.07800776  	0.08009308  	0.19842310  	0.20605659  
2020-07-20 20:50:39.909: iteration 12 finished in 2.565163 seconds
2020-07-20 20:50:39.990: epoch 12:	0.07607859  	0.06352675  	0.14878845  	0.23022527  	0.13241813  	0.15386426  	0.07756685  	0.07986946  	0.19832234  	0.20604549  
2020-07-20 20:50:42.546: iteration 13 finished in 2.556229 seconds
2020-07-20 20:50:42.626: epoch 13:	0.07585502  	0.06336704  	0.14808784  	0.22957096  	0.13243897  	0.15390384  	0.07766008  	0.08000477  	0.19994040  	0.20757128  
2020-07-20 20:50:45.135: iteration 14 finished in 2.508421 seconds
2020-07-20 20:50:45.215: epoch 14:	0.07547177  	0.06341495  	0.14775841  	0.22990109  	0.13186948  	0.15377282  	0.07720524  	0.07988377  	0.19858259  	0.20617813  
2020-07-20 20:50:47.776: iteration 15 finished in 2.561471 seconds
2020-07-20 20:50:47.852: epoch 15:	0.07563148  	0.06311154  	0.14819254  	0.22925568  	0.13217215  	0.15361634  	0.07738029  	0.07990157  	0.19897646  	0.20670906  
2020-07-20 20:50:50.403: iteration 16 finished in 2.550261 seconds
2020-07-20 20:50:50.482: epoch 16:	0.07566343  	0.06319138  	0.14820245  	0.22908346  	0.13197339  	0.15345971  	0.07715886  	0.07972435  	0.19858038  	0.20619863  
2020-07-20 20:50:53.055: iteration 17 finished in 2.572203 seconds
2020-07-20 20:50:53.131: epoch 17:	0.07540790  	0.06330316  	0.14746696  	0.22971670  	0.13147248  	0.15340489  	0.07677709  	0.07940986  	0.19861011  	0.20643425  
2020-07-20 20:50:55.698: iteration 18 finished in 2.566293 seconds
2020-07-20 20:50:55.773: epoch 18:	0.07521624  	0.06306362  	0.14745745  	0.22903149  	0.13147388  	0.15319245  	0.07689308  	0.07951568  	0.19829430  	0.20617759  
2020-07-20 20:50:58.361: iteration 19 finished in 2.587126 seconds
2020-07-20 20:50:58.441: epoch 19:	0.07512042  	0.06312750  	0.14736283  	0.23064838  	0.13137344  	0.15346767  	0.07667124  	0.07939290  	0.19917323  	0.20708367  
2020-07-20 20:51:00.818: iteration 20 finished in 2.376616 seconds
2020-07-20 20:51:00.898: epoch 20:	0.07489686  	0.06320735  	0.14693384  	0.23114014  	0.13103829  	0.15347680  	0.07636394  	0.07914697  	0.19949013  	0.20754339  
2020-07-20 20:51:03.481: iteration 21 finished in 2.583324 seconds
2020-07-20 20:51:03.564: epoch 21:	0.07502461  	0.06349480  	0.14774068  	0.23255247  	0.13123462  	0.15390766  	0.07650117  	0.07934251  	0.19870326  	0.20676018  
2020-07-20 20:51:06.130: iteration 22 finished in 2.566129 seconds
2020-07-20 20:51:06.212: epoch 22:	0.07489684  	0.06362256  	0.14641546  	0.23210210  	0.13089138  	0.15392105  	0.07651245  	0.07947826  	0.19799924  	0.20620091  
2020-07-20 20:51:08.790: iteration 23 finished in 2.578493 seconds
2020-07-20 20:51:08.872: epoch 23:	0.07505653  	0.06371838  	0.14662479  	0.23372786  	0.13112304  	0.15437965  	0.07664067  	0.07960938  	0.19854768  	0.20681110  
2020-07-20 20:51:11.403: iteration 24 finished in 2.531266 seconds
2020-07-20 20:51:11.486: epoch 24:	0.07531206  	0.06375031  	0.14719039  	0.23330134  	0.13165051  	0.15454948  	0.07708251  	0.07993244  	0.19903740  	0.20716648  
2020-07-20 20:51:14.064: iteration 25 finished in 2.578135 seconds
2020-07-20 20:51:14.148: epoch 25:	0.07553563  	0.06376629  	0.14734134  	0.23323575  	0.13197733  	0.15476286  	0.07745962  	0.08028924  	0.19903299  	0.20714167  
2020-07-20 20:51:16.711: iteration 26 finished in 2.563331 seconds
2020-07-20 20:51:16.792: epoch 26:	0.07550369  	0.06368645  	0.14607455  	0.23321845  	0.13167480  	0.15470625  	0.07741068  	0.08030067  	0.19875489  	0.20697825  
2020-07-20 20:51:19.366: iteration 27 finished in 2.574142 seconds
2020-07-20 20:51:19.448: epoch 27:	0.07569533  	0.06384613  	0.14674793  	0.23358823  	0.13220631  	0.15516624  	0.07787706  	0.08069073  	0.19940430  	0.20758341  
2020-07-20 20:51:22.012: iteration 28 finished in 2.564116 seconds
2020-07-20 20:51:22.094: epoch 28:	0.07591891  	0.06379823  	0.14731577  	0.23427452  	0.13231240  	0.15518233  	0.07779294  	0.08058983  	0.19934550  	0.20748784  
2020-07-20 20:51:24.602: iteration 29 finished in 2.508297 seconds
2020-07-20 20:51:24.682: epoch 29:	0.07604667  	0.06360661  	0.14712843  	0.23351677  	0.13233913  	0.15492329  	0.07784324  	0.08048514  	0.19924706  	0.20735192  
2020-07-20 20:51:27.256: iteration 30 finished in 2.572401 seconds
2020-07-20 20:51:27.336: epoch 30:	0.07617442  	0.06383019  	0.14717551  	0.23462753  	0.13210692  	0.15499233  	0.07760204  	0.08030353  	0.19846520  	0.20662814  
2020-07-20 20:51:29.916: iteration 31 finished in 2.580162 seconds
2020-07-20 20:51:29.997: epoch 31:	0.07607859  	0.06389406  	0.14678286  	0.23590080  	0.13194641  	0.15531118  	0.07760281  	0.08039694  	0.19834508  	0.20662825  
2020-07-20 20:51:32.587: iteration 32 finished in 2.589151 seconds
2020-07-20 20:51:32.668: epoch 32:	0.07601471  	0.06368646  	0.14706051  	0.23534098  	0.13233979  	0.15543821  	0.07811821  	0.08075765  	0.19896570  	0.20730440  
2020-07-20 20:51:35.248: iteration 33 finished in 2.578209 seconds
2020-07-20 20:51:35.327: epoch 33:	0.07614244  	0.06373436  	0.14596421  	0.23566633  	0.13186711  	0.15529692  	0.07777025  	0.08048934  	0.19843948  	0.20691948  
2020-07-20 20:51:37.916: iteration 34 finished in 2.589150 seconds
2020-07-20 20:51:37.997: epoch 34:	0.07598274  	0.06389405  	0.14616078  	0.23609765  	0.13177435  	0.15539525  	0.07768643  	0.08047090  	0.19839516  	0.20699167  
2020-07-20 20:51:40.582: iteration 35 finished in 2.584268 seconds
2020-07-20 20:51:40.664: epoch 35:	0.07591888  	0.06392600  	0.14602157  	0.23715006  	0.13155070  	0.15545113  	0.07753459  	0.08035524  	0.19789991  	0.20652373  
2020-07-20 20:51:43.245: iteration 36 finished in 2.581096 seconds
2020-07-20 20:51:43.325: epoch 36:	0.07585501  	0.06400586  	0.14606681  	0.23736160  	0.13158016  	0.15555470  	0.07756101  	0.08036494  	0.19815305  	0.20685428  
2020-07-20 20:51:45.914: iteration 37 finished in 2.589212 seconds
2020-07-20 20:51:45.991: epoch 37:	0.07579114  	0.06411765  	0.14644220  	0.23757224  	0.13177462  	0.15581040  	0.07765853  	0.08051544  	0.19878766  	0.20751137  
2020-07-20 20:51:48.565: iteration 38 finished in 2.573124 seconds
2020-07-20 20:51:48.646: epoch 38:	0.07566339  	0.06402183  	0.14611201  	0.23677824  	0.13192204  	0.15587689  	0.07794324  	0.08085747  	0.19922604  	0.20781587  
2020-07-20 20:51:51.227: iteration 39 finished in 2.580443 seconds
2020-07-20 20:51:51.306: epoch 39:	0.07572726  	0.06413363  	0.14648667  	0.23803295  	0.13200483  	0.15616107  	0.07793698  	0.08086391  	0.19939178  	0.20800593  
2020-07-20 20:51:53.864: iteration 40 finished in 2.558177 seconds
2020-07-20 20:51:53.947: epoch 40:	0.07566338  	0.06422945  	0.14609165  	0.23915587  	0.13186826  	0.15643173  	0.07792217  	0.08095381  	0.19912839  	0.20782058  
2020-07-20 20:51:56.440: iteration 41 finished in 2.493301 seconds
2020-07-20 20:51:56.521: epoch 41:	0.07537593  	0.06416557  	0.14658973  	0.23879270  	0.13184497  	0.15624467  	0.07785204  	0.08083556  	0.19928953  	0.20797235  
2020-07-20 20:51:59.068: iteration 42 finished in 2.545252 seconds
2020-07-20 20:51:59.147: epoch 42:	0.07563145  	0.06422945  	0.14678617  	0.23884226  	0.13213113  	0.15640987  	0.07814936  	0.08109544  	0.19905049  	0.20764114  
2020-07-20 20:52:01.726: iteration 43 finished in 2.578371 seconds
2020-07-20 20:52:01.806: epoch 43:	0.07582308  	0.06413363  	0.14684232  	0.23805779  	0.13220121  	0.15617292  	0.07811660  	0.08101252  	0.19908632  	0.20745173  
2020-07-20 20:52:04.350: iteration 44 finished in 2.543243 seconds
2020-07-20 20:52:04.429: epoch 44:	0.07598279  	0.06400587  	0.14736651  	0.23727106  	0.13253270  	0.15604737  	0.07827813  	0.08100615  	0.19955228  	0.20791252  
2020-07-20 20:52:06.981: iteration 45 finished in 2.552136 seconds
2020-07-20 20:52:07.054: epoch 45:	0.07588696  	0.06391005  	0.14779280  	0.23685980  	0.13252799  	0.15585937  	0.07822765  	0.08090091  	0.19955534  	0.20788069  
2020-07-20 20:52:09.615: iteration 46 finished in 2.561149 seconds
2020-07-20 20:52:09.696: epoch 46:	0.07585502  	0.06395796  	0.14823900  	0.23730229  	0.13267650  	0.15602295  	0.07824054  	0.08094827  	0.19987476  	0.20818192  
2020-07-20 20:52:12.255: iteration 47 finished in 2.559168 seconds
2020-07-20 20:52:12.332: epoch 47:	0.07566338  	0.06389409  	0.14808346  	0.23770279  	0.13256869  	0.15609212  	0.07829107  	0.08103453  	0.19962257  	0.20799543  
2020-07-20 20:52:14.895: iteration 48 finished in 2.562200 seconds
2020-07-20 20:52:14.972: epoch 48:	0.07543981  	0.06394200  	0.14713968  	0.23704611  	0.13225593  	0.15598920  	0.07809685  	0.08096618  	0.19989672  	0.20830230  
2020-07-20 20:52:17.536: iteration 49 finished in 2.564194 seconds
2020-07-20 20:52:17.614: epoch 49:	0.07575920  	0.06402185  	0.14836551  	0.23815647  	0.13273652  	0.15629949  	0.07830825  	0.08109108  	0.20006199  	0.20838831  
2020-07-20 20:52:20.172: iteration 50 finished in 2.558271 seconds
2020-07-20 20:52:20.250: epoch 50:	0.07588696  	0.06405379  	0.14734530  	0.23869233  	0.13266996  	0.15654521  	0.07844294  	0.08131916  	0.20007905  	0.20851474  
