2021-11-10 21:44:29.192: Dataset name: u1
The number of users: 23132
The number of items: 23132
The number of ratings: 312310
Average actions of users: 13.50
Average actions of items: 13.50
The sparsity of the dataset: 99.941634%
2021-11-10 21:44:29.192: 

NeuRec hyperparameters:
recommender=WRMF
config_dir=./conf
gpu_id=0
gpu_mem=0.5
data.input.path=D:\hsyoo\Workingon_210628/_Data/eat/5-random-barrier/u1/
data.input.dataset=u1
data.output.path=D:\hsyoo\Workingon_210628/_Emb/eat/5-random-barrier/wrmf/u1_wrmf_directed_dim16_uniform_send.emb
data.column.format=UI
data.convert.separator='\t'
user_min=0
item_min=0
splitter=given
ratio=0.8
by_time=False
metric=["Precision", "Recall", "NDCG", "MAP", "MRR"]
topk=[10, 20]
group_view=None
rec.evaluate.neg=0
test_batch_size=128
num_thread=8
data.index.remap=False

WRMF's hyperparameters:
epochs=50
embedding_size=16
reg_mf=0.1
alpha=10
init_method=uniform
stddev=0.01
verbose=1
weight=uniform

2021-11-10 22:19:18.919: metrics:	Precision@10	Precision@20	Recall@10   	Recall@20   	NDCG@10     	NDCG@20     	MAP@10      	MAP@20      	MRR@10      	MRR@20      
2021-11-10 22:21:53.549: iteration 1 finished in 154.629998 seconds
2021-11-10 22:21:54.220: epoch 1:	0.01281132  	0.01066200  	0.01612241  	0.02770654  	0.01650105  	0.02137482  	0.00612824  	0.00669443  	0.04269983  	0.04743069  
2021-11-10 22:24:30.949: iteration 2 finished in 156.728693 seconds
2021-11-10 22:24:31.730: epoch 2:	0.02684449  	0.02216099  	0.03535395  	0.05803057  	0.03584471  	0.04569209  	0.01433744  	0.01578188  	0.08709054  	0.09475616  
2021-11-10 22:27:07.642: iteration 3 finished in 155.912107 seconds
2021-11-10 22:27:08.423: epoch 3:	0.03874043  	0.03111957  	0.05171659  	0.08224327  	0.05315331  	0.06613481  	0.02214169  	0.02415893  	0.12759846  	0.13642475  
2021-11-10 22:29:45.271: iteration 4 finished in 156.831952 seconds
2021-11-10 22:29:46.024: epoch 4:	0.04578765  	0.03584545  	0.06125084  	0.09501012  	0.06249892  	0.07678495  	0.02619218  	0.02852938  	0.14809614  	0.15707347  
2021-11-10 22:32:15.339: iteration 5 finished in 149.314298 seconds
2021-11-10 22:32:16.120: epoch 5:	0.04881664  	0.03806796  	0.06493474  	0.10053636  	0.06733494  	0.08240476  	0.02850021  	0.03109675  	0.16057628  	0.16959800  
2021-11-10 22:34:52.536: iteration 6 finished in 156.415865 seconds
2021-11-10 22:34:53.223: epoch 6:	0.05027007  	0.03950896  	0.06648412  	0.10425891  	0.06956600  	0.08552178  	0.02957037  	0.03230704  	0.16658962  	0.17607649  
2021-11-10 22:37:29.000: iteration 7 finished in 155.776605 seconds
2021-11-10 22:37:29.687: epoch 7:	0.05158913  	0.04008291  	0.06851886  	0.10606801  	0.07119508  	0.08697416  	0.03018266  	0.03285434  	0.16990848  	0.17924672  
2021-11-10 22:40:06.159: iteration 8 finished in 156.472405 seconds
2021-11-10 22:40:06.878: epoch 8:	0.05246849  	0.04056527  	0.06964198  	0.10740440  	0.07233094  	0.08814631  	0.03075164  	0.03340812  	0.17197108  	0.18131673  
2021-11-10 22:42:43.197: iteration 9 finished in 156.319169 seconds
2021-11-10 22:42:43.931: epoch 9:	0.05317688  	0.04085837  	0.07094636  	0.10794502  	0.07337838  	0.08889093  	0.03120049  	0.03377688  	0.17410780  	0.18322484  
2021-11-10 22:45:06.049: iteration 10 finished in 142.117797 seconds
2021-11-10 22:45:06.814: epoch 10:	0.05355551  	0.04082780  	0.07129944  	0.10786409  	0.07372160  	0.08900831  	0.03131703  	0.03388247  	0.17442995  	0.18337901  
2021-11-10 22:47:43.955: iteration 11 finished in 157.140692 seconds
2021-11-10 22:47:44.814: epoch 11:	0.05370207  	0.04092554  	0.07137911  	0.10800423  	0.07380731  	0.08913870  	0.03136980  	0.03394462  	0.17402257  	0.18311957  
2021-11-10 22:50:20.769: iteration 12 finished in 155.954911 seconds
2021-11-10 22:50:21.488: epoch 12:	0.05377534  	0.04107818  	0.07159805  	0.10823119  	0.07386196  	0.08925154  	0.03135685  	0.03393408  	0.17385250  	0.18296649  
2021-11-10 22:52:57.946: iteration 13 finished in 156.458194 seconds
2021-11-10 22:52:58.620: epoch 13:	0.05399518  	0.04110263  	0.07173455  	0.10844526  	0.07397954  	0.08932999  	0.03134104  	0.03395696  	0.17401326  	0.18299682  
2021-11-10 22:55:34.233: iteration 14 finished in 155.613098 seconds
2021-11-10 22:55:35.108: epoch 14:	0.05403183  	0.04123084  	0.07186787  	0.10878982  	0.07405964  	0.08952627  	0.03137688  	0.03400298  	0.17407970  	0.18322229  
2021-11-10 22:58:11.481: iteration 15 finished in 156.373078 seconds
2021-11-10 22:58:12.169: epoch 15:	0.05415395  	0.04134075  	0.07197598  	0.10898738  	0.07424555  	0.08974604  	0.03148008  	0.03410063  	0.17460968  	0.18376794  
2021-11-10 23:00:33.241: iteration 16 finished in 141.071965 seconds
2021-11-10 23:00:33.897: epoch 16:	0.05441044  	0.04135295  	0.07220005  	0.10918923  	0.07450195  	0.08991344  	0.03157196  	0.03417475  	0.17523633  	0.18428813  
2021-11-10 23:03:09.326: iteration 17 finished in 155.429032 seconds
2021-11-10 23:03:10.013: epoch 17:	0.05449594  	0.04137128  	0.07223572  	0.10911141  	0.07466283  	0.09001691  	0.03164617  	0.03424124  	0.17588373  	0.18490420  
2021-11-10 23:05:45.094: iteration 18 finished in 155.080795 seconds
2021-11-10 23:05:45.812: epoch 18:	0.05436160  	0.04141402  	0.07207728  	0.10911737  	0.07465250  	0.09011886  	0.03169543  	0.03430190  	0.17615230  	0.18526530  
2021-11-10 23:08:21.286: iteration 19 finished in 155.474003 seconds
2021-11-10 23:08:22.083: epoch 19:	0.05439825  	0.04143846  	0.07219992  	0.10931226  	0.07479023  	0.09027191  	0.03177668  	0.03438308  	0.17651817  	0.18564327  
2021-11-10 23:10:59.236: iteration 20 finished in 157.153195 seconds
2021-11-10 23:10:59.924: epoch 20:	0.05437382  	0.04139571  	0.07212546  	0.10933889  	0.07474681  	0.09025939  	0.03176213  	0.03438909  	0.17637622  	0.18546124  
2021-11-10 23:13:37.882: iteration 21 finished in 157.958195 seconds
2021-11-10 23:13:38.600: epoch 21:	0.05439825  	0.04147509  	0.07238387  	0.10940248  	0.07494051  	0.09043452  	0.03188817  	0.03449750  	0.17682858  	0.18598419  
2021-11-10 23:16:08.712: iteration 22 finished in 150.111943 seconds
2021-11-10 23:16:09.493: epoch 22:	0.05444710  	0.04153615  	0.07244866  	0.10959168  	0.07491536  	0.09046513  	0.03185708  	0.03449232  	0.17654936  	0.18569376  
2021-11-10 23:18:48.800: iteration 23 finished in 159.306961 seconds
2021-11-10 23:18:49.628: epoch 23:	0.05443488  	0.04155447  	0.07229205  	0.10960180  	0.07483805  	0.09046157  	0.03183320  	0.03449393  	0.17636146  	0.18555962  
2021-11-10 23:21:26.986: iteration 24 finished in 157.358031 seconds
2021-11-10 23:21:27.767: epoch 24:	0.05442267  	0.04161553  	0.07231431  	0.11002389  	0.07475974  	0.09053013  	0.03177771  	0.03445942  	0.17611505  	0.18539405  
2021-11-10 23:24:05.993: iteration 25 finished in 158.225724 seconds
2021-11-10 23:24:06.759: epoch 25:	0.05428832  	0.04159109  	0.07210872  	0.10986961  	0.07463947  	0.09047106  	0.03175573  	0.03446131  	0.17589757  	0.18519814  
2021-11-10 23:26:45.237: iteration 26 finished in 158.478594 seconds
2021-11-10 23:26:45.940: epoch 26:	0.05430053  	0.04163994  	0.07202766  	0.10997450  	0.07469415  	0.09059560  	0.03180392  	0.03451827  	0.17623231  	0.18559541  
2021-11-10 23:29:08.819: iteration 27 finished in 142.878526 seconds
2021-11-10 23:29:09.537: epoch 27:	0.05443487  	0.04161550  	0.07221215  	0.10991300  	0.07476534  	0.09053092  	0.03180344  	0.03448356  	0.17619631  	0.18549415  
2021-11-10 23:31:46.493: iteration 28 finished in 156.955993 seconds
2021-11-10 23:31:47.368: epoch 28:	0.05443487  	0.04160328  	0.07226393  	0.10985643  	0.07483047  	0.09056023  	0.03184383  	0.03450760  	0.17646395  	0.18579790  
2021-11-10 23:34:24.563: iteration 29 finished in 157.194803 seconds
2021-11-10 23:34:25.281: epoch 29:	0.05443488  	0.04171929  	0.07224079  	0.11014783  	0.07480997  	0.09067298  	0.03183290  	0.03452292  	0.17633894  	0.18562579  
2021-11-10 23:37:02.487: iteration 30 finished in 157.205163 seconds
2021-11-10 23:37:03.252: epoch 30:	0.05455701  	0.04176814  	0.07238837  	0.11024217  	0.07493403  	0.09074387  	0.03188549  	0.03454101  	0.17656879  	0.18586476  
2021-11-10 23:39:39.570: iteration 31 finished in 156.317744 seconds
2021-11-10 23:39:40.542: epoch 31:	0.05449594  	0.04179255  	0.07239510  	0.11026663  	0.07488244  	0.09072512  	0.03186063  	0.03451613  	0.17642553  	0.18575884  
2021-11-10 23:42:16.612: iteration 32 finished in 156.070743 seconds
2021-11-10 23:42:17.331: epoch 32:	0.05431274  	0.04179254  	0.07220700  	0.11032521  	0.07476610  	0.09072315  	0.03182796  	0.03450400  	0.17636317  	0.18578112  
2021-11-10 23:44:39.486: iteration 33 finished in 142.155430 seconds
2021-11-10 23:44:40.177: epoch 33:	0.05445930  	0.04177422  	0.07232644  	0.11029962  	0.07481018  	0.09066864  	0.03182199  	0.03447427  	0.17618638  	0.18553033  
2021-11-10 23:47:17.433: iteration 34 finished in 157.255699 seconds
2021-11-10 23:47:18.182: epoch 34:	0.05454480  	0.04176812  	0.07247394  	0.11027071  	0.07496606  	0.09073146  	0.03189963  	0.03453236  	0.17666835  	0.18588610  
2021-11-10 23:49:54.302: iteration 35 finished in 156.119721 seconds
2021-11-10 23:49:55.052: epoch 35:	0.05452036  	0.04179253  	0.07249212  	0.11032509  	0.07499898  	0.09077874  	0.03192551  	0.03454557  	0.17682619  	0.18611811  
2021-11-10 23:52:31.988: iteration 36 finished in 156.935735 seconds
2021-11-10 23:52:32.831: epoch 36:	0.05445930  	0.04169484  	0.07237111  	0.11001850  	0.07496242  	0.09067537  	0.03191483  	0.03452802  	0.17699088  	0.18626028  
2021-11-10 23:55:08.546: iteration 37 finished in 155.714624 seconds
2021-11-10 23:55:09.249: epoch 37:	0.05442266  	0.04168874  	0.07231818  	0.11007674  	0.07500590  	0.09075217  	0.03195747  	0.03457723  	0.17728396  	0.18655215  
2021-11-10 23:57:41.650: iteration 38 finished in 152.401356 seconds
2021-11-10 23:57:42.072: epoch 38:	0.05445930  	0.04169485  	0.07236820  	0.11008827  	0.07500508  	0.09073667  	0.03194021  	0.03456241  	0.17718841  	0.18643714  
2021-11-11 00:00:13.362: iteration 39 finished in 151.289924 seconds
2021-11-11 00:00:14.143: epoch 39:	0.05447152  	0.04167042  	0.07239814  	0.11013719  	0.07502897  	0.09074584  	0.03195676  	0.03457369  	0.17719617  	0.18645994  
2021-11-11 00:02:50.039: iteration 40 finished in 155.895807 seconds
2021-11-11 00:02:50.772: epoch 40:	0.05448373  	0.04162768  	0.07247552  	0.10991746  	0.07504231  	0.09065549  	0.03193338  	0.03452719  	0.17726322  	0.18646656  
2021-11-11 00:05:25.055: iteration 41 finished in 154.282943 seconds
2021-11-11 00:05:25.883: epoch 41:	0.05445931  	0.04157882  	0.07246942  	0.10974694  	0.07499841  	0.09055501  	0.03189464  	0.03448458  	0.17714505  	0.18627872  
2021-11-11 00:08:00.241: iteration 42 finished in 154.343256 seconds
2021-11-11 00:08:00.950: epoch 42:	0.05441046  	0.04157270  	0.07232434  	0.10974400  	0.07488231  	0.09049368  	0.03183148  	0.03442390  	0.17690019  	0.18613954  
2021-11-11 00:10:35.040: iteration 43 finished in 154.090309 seconds
2021-11-11 00:10:35.964: epoch 43:	0.05443488  	0.04154829  	0.07228069  	0.10980368  	0.07484344  	0.09046448  	0.03180116  	0.03440329  	0.17673974  	0.18598330  
2021-11-11 00:12:56.625: iteration 44 finished in 140.660519 seconds
2021-11-11 00:12:57.375: epoch 44:	0.05444710  	0.04154828  	0.07234633  	0.10984717  	0.07491858  	0.09052929  	0.03184695  	0.03444190  	0.17698961  	0.18625492  
2021-11-11 00:15:33.071: iteration 45 finished in 155.696930 seconds
2021-11-11 00:15:33.858: epoch 45:	0.05445931  	0.04156049  	0.07236042  	0.10997270  	0.07497134  	0.09060497  	0.03188461  	0.03447490  	0.17720331  	0.18647793  
2021-11-11 00:18:09.847: iteration 46 finished in 155.989117 seconds
2021-11-11 00:18:10.613: epoch 46:	0.05452037  	0.04160323  	0.07239391  	0.11002600  	0.07496175  	0.09060435  	0.03186798  	0.03445624  	0.17703880  	0.18636623  
2021-11-11 00:20:46.495: iteration 47 finished in 155.882207 seconds
2021-11-11 00:20:47.339: epoch 47:	0.05459366  	0.04157880  	0.07243539  	0.11001256  	0.07491042  	0.09050835  	0.03180900  	0.03438992  	0.17669313  	0.18599597  
2021-11-11 00:23:23.976: iteration 48 finished in 156.637827 seconds
2021-11-11 00:23:24.664: epoch 48:	0.05458144  	0.04159101  	0.07250041  	0.11004940  	0.07493172  	0.09053264  	0.03180865  	0.03439341  	0.17688780  	0.18613954  
2021-11-11 00:26:00.309: iteration 49 finished in 155.645684 seconds
2021-11-11 00:26:01.012: epoch 49:	0.05456923  	0.04161544  	0.07250442  	0.11018740  	0.07493226  	0.09058172  	0.03179926  	0.03439667  	0.17701189  	0.18626536  
2021-11-11 00:28:23.690: iteration 50 finished in 142.677190 seconds
2021-11-11 00:28:24.393: epoch 50:	0.05452038  	0.04163377  	0.07243110  	0.11024684  	0.07489779  	0.09061261  	0.03178833  	0.03440889  	0.17709446  	0.18633369  
