2021-12-15 00:15:53.732: Dataset name: u1
The number of users: 4054
The number of items: 4054
The number of ratings: 39501
Average actions of users: 9.74
Average actions of items: 9.74
The sparsity of the dataset: 99.759652%
2021-12-15 00:15:53.732: 

NeuRec hyperparameters:
recommender=WRMF
config_dir=./conf
gpu_id=0
gpu_mem=0.5
data.input.path=D:\hsyoo\Workingon_210628/_Data/ciaodvd/noniid-out-barrier/u1/
data.input.dataset=u1
data.output.path=D:\hsyoo\Workingon_210628/_Emb/ciaodvd/noniid-out-barrier/wrmf/u1_wrmf_directed_dim16_uniform_send.emb
data.column.format=UI
data.convert.separator='\t'
user_min=0
item_min=0
splitter=given
ratio=0.8
by_time=False
metric=["Precision", "Recall", "NDCG", "MAP", "MRR"]
topk=[10, 20]
group_view=None
rec.evaluate.neg=0
test_batch_size=128
num_thread=8
data.index.remap=False

WRMF's hyperparameters:
epochs=50
embedding_size=16
reg_mf=0.1
alpha=10
init_method=uniform
stddev=0.01
verbose=1
weight=uniform

2021-12-15 00:16:36.496: metrics:	Precision@10	Precision@20	Recall@10   	Recall@20   	NDCG@10     	NDCG@20     	MAP@10      	MAP@20      	MRR@10      	MRR@20      
2021-12-15 00:16:39.532: iteration 1 finished in 3.035881 seconds
2021-12-15 00:16:39.573: epoch 1:	0.02416948  	0.02039032  	0.03318406  	0.05573481  	0.03145180  	0.04142136  	0.01264480  	0.01441770  	0.07222945  	0.07870743  
2021-12-15 00:16:41.999: iteration 2 finished in 2.426511 seconds
2021-12-15 00:16:42.028: epoch 2:	0.06602965  	0.05473408  	0.09233876  	0.15125255  	0.08868694  	0.11499523  	0.04022468  	0.04703551  	0.17970523  	0.18980862  
2021-12-15 00:16:44.436: iteration 3 finished in 2.407562 seconds
2021-12-15 00:16:44.463: epoch 3:	0.07516580  	0.06129580  	0.10352185  	0.17075267  	0.10091385  	0.13017845  	0.04655299  	0.05464427  	0.20336477  	0.21252584  
2021-12-15 00:16:46.878: iteration 4 finished in 2.414543 seconds
2021-12-15 00:16:46.906: epoch 4:	0.07782357  	0.06411974  	0.10988708  	0.18029009  	0.10555371  	0.13648920  	0.04900526  	0.05758251  	0.21089555  	0.22024497  
2021-12-15 00:16:49.318: iteration 5 finished in 2.411551 seconds
2021-12-15 00:16:49.345: epoch 5:	0.07915248  	0.06536558  	0.11327745  	0.18503630  	0.10736762  	0.13913074  	0.04923018  	0.05817108  	0.21516405  	0.22446802  
2021-12-15 00:16:51.749: iteration 6 finished in 2.402575 seconds
2021-12-15 00:16:51.776: epoch 6:	0.07989997  	0.06611311  	0.11504429  	0.18767600  	0.10882641  	0.14100711  	0.04992292  	0.05888174  	0.21796583  	0.22809745  
2021-12-15 00:16:54.190: iteration 7 finished in 2.414543 seconds
2021-12-15 00:16:54.220: epoch 7:	0.08255776  	0.06690218  	0.12117871  	0.18998748  	0.11209127  	0.14276977  	0.05114021  	0.05972801  	0.22115128  	0.23007590  
2021-12-15 00:16:56.624: iteration 8 finished in 2.402575 seconds
2021-12-15 00:16:56.652: epoch 8:	0.08214249  	0.06677759  	0.12118956  	0.19149591  	0.11264901  	0.14382456  	0.05182023  	0.06029051  	0.22171824  	0.23159972  
2021-12-15 00:16:59.066: iteration 9 finished in 2.414544 seconds
2021-12-15 00:16:59.094: epoch 9:	0.08280697  	0.06698525  	0.12121419  	0.19346115  	0.11273874  	0.14417358  	0.05178600  	0.06022773  	0.22040915  	0.23063830  
2021-12-15 00:17:01.530: iteration 10 finished in 2.435487 seconds
2021-12-15 00:17:01.560: epoch 10:	0.08230863  	0.06715136  	0.12028335  	0.19473407  	0.11313978  	0.14543627  	0.05237322  	0.06110075  	0.22400130  	0.23475386  
2021-12-15 00:17:03.978: iteration 11 finished in 2.418532 seconds
2021-12-15 00:17:04.005: epoch 11:	0.08197640  	0.06735898  	0.11972283  	0.19597578  	0.11285896  	0.14586914  	0.05227598  	0.06124177  	0.22370271  	0.23445451  
2021-12-15 00:17:06.423: iteration 12 finished in 2.417535 seconds
2021-12-15 00:17:06.451: epoch 12:	0.08272389  	0.06748354  	0.12069909  	0.19547607  	0.11405936  	0.14653017  	0.05304911  	0.06193007  	0.22527945  	0.23544471  
2021-12-15 00:17:08.868: iteration 13 finished in 2.417535 seconds
2021-12-15 00:17:08.896: epoch 13:	0.08255778  	0.06710979  	0.11967378  	0.19320844  	0.11413356  	0.14617030  	0.05323084  	0.06215705  	0.22646430  	0.23629396  
2021-12-15 00:17:11.289: iteration 14 finished in 2.391634 seconds
2021-12-15 00:17:11.320: epoch 14:	0.08322223  	0.06740050  	0.12059561  	0.19507556  	0.11454453  	0.14670993  	0.05339308  	0.06240695  	0.22542974  	0.23523119  
2021-12-15 00:17:13.728: iteration 15 finished in 2.407677 seconds
2021-12-15 00:17:13.759: epoch 15:	0.08305611  	0.06727589  	0.12200043  	0.19318271  	0.11469635  	0.14621599  	0.05335782  	0.06227718  	0.22503163  	0.23458587  
2021-12-15 00:17:16.133: iteration 16 finished in 2.374441 seconds
2021-12-15 00:17:16.165: epoch 16:	0.08347139  	0.06727590  	0.12325614  	0.19322330  	0.11548243  	0.14649962  	0.05385438  	0.06264117  	0.22574492  	0.23511992  
2021-12-15 00:17:18.555: iteration 17 finished in 2.390038 seconds
2021-12-15 00:17:18.570: epoch 17:	0.08380362  	0.06727590  	0.12295894  	0.19332716  	0.11580817  	0.14678341  	0.05400981  	0.06285302  	0.22763878  	0.23641917  
2021-12-15 00:17:20.978: iteration 18 finished in 2.407871 seconds
2021-12-15 00:17:20.994: epoch 18:	0.08363751  	0.06744203  	0.12231851  	0.19443637  	0.11614703  	0.14763483  	0.05446234  	0.06344039  	0.22962232  	0.23855335  
2021-12-15 00:17:23.407: iteration 19 finished in 2.413615 seconds
2021-12-15 00:17:23.436: epoch 19:	0.08388667  	0.06731745  	0.12315773  	0.19346508  	0.11701083  	0.14793180  	0.05503090  	0.06379449  	0.23235556  	0.24124543  
2021-12-15 00:17:25.825: iteration 20 finished in 2.388613 seconds
2021-12-15 00:17:25.853: epoch 20:	0.08322223  	0.06777427  	0.12147835  	0.19557592  	0.11624547  	0.14856967  	0.05461758  	0.06385580  	0.23230672  	0.24167129  
2021-12-15 00:17:28.254: iteration 21 finished in 2.401577 seconds
2021-12-15 00:17:28.282: epoch 21:	0.08388667  	0.06764968  	0.12245961  	0.19533645  	0.11669441  	0.14837264  	0.05466410  	0.06373107  	0.23229951  	0.24126066  
2021-12-15 00:17:30.694: iteration 22 finished in 2.411551 seconds
2021-12-15 00:17:30.723: epoch 22:	0.08405278  	0.06781580  	0.12287585  	0.19532928  	0.11698461  	0.14858942  	0.05480038  	0.06379362  	0.23294453  	0.24199215  
2021-12-15 00:17:33.131: iteration 23 finished in 2.408559 seconds
2021-12-15 00:17:33.159: epoch 23:	0.08405278  	0.06789884  	0.12333142  	0.19570298  	0.11711488  	0.14875370  	0.05480799  	0.06382136  	0.23313658  	0.24220605  
2021-12-15 00:17:35.561: iteration 24 finished in 2.400581 seconds
2021-12-15 00:17:35.589: epoch 24:	0.08421890  	0.06760814  	0.12356519  	0.19473293  	0.11652322  	0.14768484  	0.05435128  	0.06330130  	0.22939314  	0.23823091  
2021-12-15 00:17:37.998: iteration 25 finished in 2.409556 seconds
2021-12-15 00:17:38.026: epoch 25:	0.08413584  	0.06777426  	0.12362881  	0.19580872  	0.11670929  	0.14823465  	0.05444217  	0.06346393  	0.23053318  	0.23950903  
2021-12-15 00:17:40.449: iteration 26 finished in 2.422522 seconds
2021-12-15 00:17:40.478: epoch 26:	0.08421889  	0.06748355  	0.12396032  	0.19498025  	0.11685340  	0.14792687  	0.05444173  	0.06338628  	0.23062676  	0.23928818  
2021-12-15 00:17:42.890: iteration 27 finished in 2.412548 seconds
2021-12-15 00:17:42.917: epoch 27:	0.08438500  	0.06764966  	0.12369496  	0.19592384  	0.11689255  	0.14828080  	0.05440661  	0.06343742  	0.23103543  	0.23967993  
2021-12-15 00:17:45.332: iteration 28 finished in 2.414543 seconds
2021-12-15 00:17:45.358: epoch 28:	0.08446805  	0.06740049  	0.12375485  	0.19500960  	0.11676777  	0.14772873  	0.05428790  	0.06324355  	0.23017131  	0.23861665  
2021-12-15 00:17:47.800: iteration 29 finished in 2.442468 seconds
2021-12-15 00:17:47.828: epoch 29:	0.08455110  	0.06781580  	0.12320646  	0.19594163  	0.11670987  	0.14821471  	0.05429291  	0.06344941  	0.22999363  	0.23847270  
2021-12-15 00:17:50.261: iteration 30 finished in 2.432495 seconds
2021-12-15 00:17:50.289: epoch 30:	0.08446805  	0.06794039  	0.12298828  	0.19696823  	0.11655805  	0.14844356  	0.05420170  	0.06342668  	0.22991155  	0.23863684  
2021-12-15 00:17:52.714: iteration 31 finished in 2.425513 seconds
2021-12-15 00:17:52.743: epoch 31:	0.08421888  	0.06764969  	0.12264038  	0.19635271  	0.11666878  	0.14845039  	0.05434444  	0.06353284  	0.23127836  	0.24017619  
2021-12-15 00:17:55.164: iteration 32 finished in 2.420527 seconds
2021-12-15 00:17:55.192: epoch 32:	0.08372055  	0.06773276  	0.12198026  	0.19671097  	0.11633961  	0.14867343  	0.05422111  	0.06353373  	0.23195732  	0.24134505  
2021-12-15 00:17:57.619: iteration 33 finished in 2.426511 seconds
2021-12-15 00:17:57.649: epoch 33:	0.08338833  	0.06773276  	0.12158118  	0.19719027  	0.11616877  	0.14880884  	0.05421463  	0.06363940  	0.23190597  	0.24122435  
2021-12-15 00:18:00.066: iteration 34 finished in 2.416538 seconds
2021-12-15 00:18:00.096: epoch 34:	0.08413582  	0.06773276  	0.12255166  	0.19704089  	0.11708785  	0.14910725  	0.05465462  	0.06384818  	0.23404004  	0.24311557  
2021-12-15 00:18:02.499: iteration 35 finished in 2.402575 seconds
2021-12-15 00:18:02.527: epoch 35:	0.08455110  	0.06769124  	0.12314528  	0.19682592  	0.11755162  	0.14920422  	0.05476427  	0.06388094  	0.23560561  	0.24432819  
2021-12-15 00:18:04.941: iteration 36 finished in 2.414543 seconds
2021-12-15 00:18:04.969: epoch 36:	0.08471721  	0.06777430  	0.12327055  	0.19680095  	0.11770603  	0.14931475  	0.05490118  	0.06398843  	0.23565996  	0.24415421  
2021-12-15 00:18:07.382: iteration 37 finished in 2.412548 seconds
2021-12-15 00:18:07.410: epoch 37:	0.08413582  	0.06748359  	0.12213840  	0.19583960  	0.11726309  	0.14901027  	0.05475730  	0.06387967  	0.23632936  	0.24501051  
2021-12-15 00:18:09.819: iteration 38 finished in 2.409557 seconds
2021-12-15 00:18:09.847: epoch 38:	0.08388666  	0.06773277  	0.12182134  	0.19639961  	0.11709020  	0.14926748  	0.05472857  	0.06388783  	0.23615828  	0.24515072  
2021-12-15 00:18:12.239: iteration 39 finished in 2.392170 seconds
2021-12-15 00:18:12.271: epoch 39:	0.08396972  	0.06773274  	0.12219502  	0.19673748  	0.11741372  	0.14953507  	0.05484845  	0.06400812  	0.23728907  	0.24614072  
2021-12-15 00:18:14.681: iteration 40 finished in 2.410008 seconds
2021-12-15 00:18:14.712: epoch 40:	0.08421888  	0.06769123  	0.12260728  	0.19597514  	0.11763994  	0.14938000  	0.05500935  	0.06400716  	0.23678839  	0.24569106  
2021-12-15 00:18:17.103: iteration 41 finished in 2.391165 seconds
2021-12-15 00:18:17.134: epoch 41:	0.08421887  	0.06798191  	0.12252890  	0.19707137  	0.11793961  	0.15012608  	0.05521418  	0.06436715  	0.23817042  	0.24708945  
2021-12-15 00:18:19.524: iteration 42 finished in 2.390063 seconds
2021-12-15 00:18:19.556: epoch 42:	0.08446804  	0.06769120  	0.12310337  	0.19600877  	0.11812153  	0.14962049  	0.05521784  	0.06414499  	0.23842816  	0.24708633  
2021-12-15 00:18:21.980: iteration 43 finished in 2.424034 seconds
2021-12-15 00:18:22.008: epoch 43:	0.08455110  	0.06756662  	0.12251475  	0.19473256  	0.11780168  	0.14908187  	0.05502537  	0.06391945  	0.23727290  	0.24592294  
2021-12-15 00:18:24.428: iteration 44 finished in 2.420527 seconds
2021-12-15 00:18:24.457: epoch 44:	0.08421888  	0.06748357  	0.12165228  	0.19418018  	0.11724913  	0.14868477  	0.05469802  	0.06362433  	0.23662291  	0.24541824  
2021-12-15 00:18:26.881: iteration 45 finished in 2.423519 seconds
2021-12-15 00:18:26.908: epoch 45:	0.08438499  	0.06756663  	0.12242684  	0.19483571  	0.11751023  	0.14889371  	0.05475491  	0.06367245  	0.23698154  	0.24559647  
2021-12-15 00:18:29.327: iteration 46 finished in 2.417534 seconds
2021-12-15 00:18:29.355: epoch 46:	0.08421888  	0.06806499  	0.12229968  	0.19648401  	0.11731349  	0.14944136  	0.05464987  	0.06372797  	0.23654416  	0.24547501  
2021-12-15 00:18:31.762: iteration 47 finished in 2.407562 seconds
2021-12-15 00:18:31.792: epoch 47:	0.08421888  	0.06785735  	0.12220079  	0.19535221  	0.11746003  	0.14923681  	0.05474434  	0.06376383  	0.23736915  	0.24613111  
2021-12-15 00:18:34.207: iteration 48 finished in 2.414542 seconds
2021-12-15 00:18:34.234: epoch 48:	0.08430194  	0.06756663  	0.12246168  	0.19458818  	0.11769693  	0.14901194  	0.05477457  	0.06364936  	0.23821627  	0.24700241  
2021-12-15 00:18:36.645: iteration 49 finished in 2.411551 seconds
2021-12-15 00:18:36.672: epoch 49:	0.08413582  	0.06723440  	0.12214661  	0.19361952  	0.11738559  	0.14844304  	0.05457505  	0.06344516  	0.23726469  	0.24599244  
2021-12-15 00:18:39.074: iteration 50 finished in 2.401577 seconds
2021-12-15 00:18:39.103: epoch 50:	0.08405276  	0.06731746  	0.12194590  	0.19369636  	0.11738232  	0.14864126  	0.05462391  	0.06351688  	0.23763222  	0.24661505  
