2020-09-08 16:35:19.489: Dataset name: u1
The number of users: 2235
The number of items: 2234
The number of ratings: 4830
Average actions of users: 2.16
Average actions of items: 2.16
The sparsity of the dataset: 99.903264%
2020-09-08 16:35:19.490: 

NeuRec hyperparameters:
recommender=WRMF
config_dir=./conf
gpu_id=0
gpu_mem=0.5
data.input.path=C:\Users\HyunsikYoo\Desktop\VNE_directed_networks/_Data/cora/5-fold/u1/
data.input.dataset=u1
data.output.path=C:\Users\HyunsikYoo\Desktop\VNE_directed_networks/_Data/cora/5-fold/u1/relevance_WRMF_directed_uni_False_uniform
data.column.format=UI
data.convert.separator='\t'
user_min=0
item_min=0
splitter=given
ratio=0.8
by_time=False
metric=["Precision", "Recall", "NDCG", "MAP", "MRR"]
topk=[10, 20]
group_view=None
rec.evaluate.neg=0
test_batch_size=128
num_thread=8
data.index.remap=False

WRMF's hyperparameters:
epochs=50
embedding_size=16
reg_mf=0.1
alpha=10
init_method=uniform
stddev=0.01
verbose=1
weight=uniform

2020-09-08 16:35:33.283: metrics:	Precision@10	Precision@20	Recall@10   	Recall@20   	NDCG@10     	NDCG@20     	MAP@10      	MAP@20      	MRR@10      	MRR@20      
2020-09-08 16:35:34.613: iteration 1 finished in 1.329446 seconds
2020-09-08 16:35:34.629: epoch 1:	0.00252525  	0.00218855  	0.01387810  	0.02796339  	0.00937548  	0.01305213  	0.00663346  	0.00755414  	0.01091938  	0.01217339  
2020-09-08 16:35:35.939: iteration 2 finished in 1.310496 seconds
2020-09-08 16:35:35.954: epoch 2:	0.01430976  	0.00984849  	0.10951826  	0.14720856  	0.07039861  	0.08024274  	0.05483022  	0.05734600  	0.06525440  	0.06826855  
2020-09-08 16:35:37.275: iteration 3 finished in 1.319473 seconds
2020-09-08 16:35:37.300: epoch 3:	0.02020204  	0.01355221  	0.15352169  	0.20039785  	0.09425159  	0.10686875  	0.07009198  	0.07349803  	0.08711851  	0.09089890  
2020-09-08 16:35:38.626: iteration 4 finished in 1.324459 seconds
2020-09-08 16:35:38.640: epoch 4:	0.02323235  	0.01565659  	0.17624895  	0.23299898  	0.10638557  	0.12140044  	0.07783904  	0.08187537  	0.09770589  	0.10187799  
2020-09-08 16:35:39.964: iteration 5 finished in 1.322464 seconds
2020-09-08 16:35:39.978: epoch 5:	0.02424245  	0.01675087  	0.18550822  	0.24770497  	0.10823460  	0.12501673  	0.07762114  	0.08212731  	0.09711933  	0.10212203  
2020-09-08 16:35:41.300: iteration 6 finished in 1.321467 seconds
2020-09-08 16:35:41.314: epoch 6:	0.02542090  	0.01708757  	0.19364515  	0.25173011  	0.11018322  	0.12590031  	0.07766894  	0.08195249  	0.09766781  	0.10213277  
2020-09-08 16:35:42.591: iteration 7 finished in 1.275590 seconds
2020-09-08 16:35:42.605: epoch 7:	0.02558926  	0.01767680  	0.19482359  	0.26198414  	0.10813485  	0.12594543  	0.07442506  	0.07923011  	0.09513320  	0.10002833  
2020-09-08 16:35:43.929: iteration 8 finished in 1.324459 seconds
2020-09-08 16:35:43.943: epoch 8:	0.02609431  	0.01776097  	0.19512968  	0.26020563  	0.10892362  	0.12632395  	0.07530472  	0.08001763  	0.09621277  	0.10113877  
2020-09-08 16:35:45.272: iteration 9 finished in 1.328448 seconds
2020-09-08 16:35:45.286: epoch 9:	0.02575761  	0.01792932  	0.19204326  	0.26357263  	0.10785426  	0.12699309  	0.07487349  	0.08016639  	0.09561886  	0.10094433  
2020-09-08 16:35:46.615: iteration 10 finished in 1.327451 seconds
2020-09-08 16:35:46.631: epoch 10:	0.02558926  	0.01767680  	0.18970507  	0.26277095  	0.10678440  	0.12618656  	0.07415881  	0.07958434  	0.09485194  	0.10025052  
2020-09-08 16:35:47.954: iteration 11 finished in 1.322464 seconds
2020-09-08 16:35:47.970: epoch 11:	0.02542091  	0.01801350  	0.18964896  	0.26738861  	0.10697780  	0.12762131  	0.07446872  	0.08023339  	0.09535433  	0.10094497  
2020-09-08 16:35:49.341: iteration 12 finished in 1.363355 seconds
2020-09-08 16:35:49.355: epoch 12:	0.02525256  	0.01784515  	0.18867770  	0.26374102  	0.10591582  	0.12610982  	0.07346886  	0.07918122  	0.09446914  	0.10010890  
2020-09-08 16:35:50.703: iteration 13 finished in 1.347398 seconds
2020-09-08 16:35:50.717: epoch 13:	0.02508421  	0.01818185  	0.18764891  	0.26823035  	0.10517714  	0.12672643  	0.07289501  	0.07892323  	0.09326530  	0.09909752  
2020-09-08 16:35:52.042: iteration 14 finished in 1.324459 seconds
2020-09-08 16:35:52.058: epoch 14:	0.02491586  	0.01826602  	0.18559128  	0.27086660  	0.10417326  	0.12696704  	0.07231658  	0.07874452  	0.09228058  	0.09854273  
2020-09-08 16:35:53.384: iteration 15 finished in 1.325456 seconds
2020-09-08 16:35:53.399: epoch 15:	0.02474751  	0.01818185  	0.18503012  	0.26985648  	0.10309117  	0.12594835  	0.07130047  	0.07779704  	0.09106205  	0.09753580  
2020-09-08 16:35:54.728: iteration 16 finished in 1.328448 seconds
2020-09-08 16:35:54.741: epoch 16:	0.02491586  	0.01809767  	0.18839712  	0.27036157  	0.10433351  	0.12638302  	0.07214422  	0.07840750  	0.09187641  	0.09806123  
2020-09-08 16:35:56.071: iteration 17 finished in 1.328448 seconds
2020-09-08 16:35:56.085: epoch 17:	0.02525256  	0.01809767  	0.19032112  	0.26783630  	0.10447822  	0.12540060  	0.07188290  	0.07772155  	0.09132861  	0.09731589  
2020-09-08 16:35:57.424: iteration 18 finished in 1.338423 seconds
2020-09-08 16:35:57.440: epoch 18:	0.02457915  	0.01818185  	0.18448231  	0.26839748  	0.10128632  	0.12407175  	0.06947222  	0.07587835  	0.08865239  	0.09530076  
2020-09-08 16:35:58.688: iteration 19 finished in 1.246667 seconds
2020-09-08 16:35:58.701: epoch 19:	0.02474750  	0.01809767  	0.18616582  	0.26937950  	0.10180774  	0.12420567  	0.06967342  	0.07589863  	0.08891159  	0.09545825  
2020-09-08 16:35:59.896: iteration 20 finished in 1.195803 seconds
2020-09-08 16:35:59.911: epoch 20:	0.02424245  	0.01835020  	0.18083473  	0.27064213  	0.09921253  	0.12355989  	0.06782056  	0.07466210  	0.08674908  	0.09378019  
2020-09-08 16:36:01.103: iteration 21 finished in 1.190817 seconds
2020-09-08 16:36:01.117: epoch 21:	0.02441080  	0.01835020  	0.18251823  	0.27064213  	0.10064659  	0.12448821  	0.06922949  	0.07586475  	0.08793021  	0.09480435  
2020-09-08 16:36:02.319: iteration 22 finished in 1.200790 seconds
2020-09-08 16:36:02.333: epoch 22:	0.02457915  	0.01818185  	0.18369667  	0.26839745  	0.10097320  	0.12386826  	0.06930608  	0.07567361  	0.08795025  	0.09455441  
2020-09-08 16:36:03.612: iteration 23 finished in 1.279659 seconds
2020-09-08 16:36:03.628: epoch 23:	0.02441080  	0.01809767  	0.18201317  	0.26559162  	0.09994170  	0.12272482  	0.06839851  	0.07478680  	0.08695952  	0.09363512  
2020-09-08 16:36:04.899: iteration 24 finished in 1.270603 seconds
2020-09-08 16:36:04.913: epoch 24:	0.02390575  	0.01818185  	0.17696266  	0.26727512  	0.09796250  	0.12249321  	0.06722441  	0.07412145  	0.08585858  	0.09304050  
2020-09-08 16:36:06.178: iteration 25 finished in 1.264619 seconds
2020-09-08 16:36:06.192: epoch 25:	0.02373740  	0.01809767  	0.17612091  	0.26403761  	0.09745487  	0.12158569  	0.06692445  	0.07375536  	0.08554126  	0.09273233  
2020-09-08 16:36:07.440: iteration 26 finished in 1.247664 seconds
2020-09-08 16:36:07.454: epoch 26:	0.02390575  	0.01818185  	0.17864616  	0.26572111  	0.09713468  	0.12103511  	0.06590432  	0.07261866  	0.08437281  	0.09153125  
2020-09-08 16:36:08.723: iteration 27 finished in 1.268609 seconds
2020-09-08 16:36:08.737: epoch 27:	0.02390575  	0.01792932  	0.17864616  	0.26263472  	0.09682479  	0.11984190  	0.06553794  	0.07202979  	0.08405682  	0.09087815  
2020-09-08 16:36:09.872: iteration 28 finished in 1.133133 seconds
2020-09-08 16:36:09.882: epoch 28:	0.02390575  	0.01792932  	0.17780441  	0.26263472  	0.09565698  	0.11876645  	0.06418682  	0.07067934  	0.08280155  	0.08955407  
2020-09-08 16:36:10.986: iteration 29 finished in 1.103051 seconds
2020-09-08 16:36:10.997: epoch 29:	0.02407410  	0.01809767  	0.17948791  	0.26459879  	0.09673050  	0.11984979  	0.06517822  	0.07160600  	0.08374483  	0.09048644  
2020-09-08 16:36:12.096: iteration 30 finished in 1.099061 seconds
2020-09-08 16:36:12.106: epoch 30:	0.02356905  	0.01826602  	0.17443740  	0.26684347  	0.09458805  	0.11960711  	0.06378132  	0.07072652  	0.08232589  	0.08963244  
2020-09-08 16:36:13.198: iteration 31 finished in 1.092080 seconds
2020-09-08 16:36:13.209: epoch 31:	0.02323235  	0.01818185  	0.17233303  	0.26515996  	0.09428500  	0.11949385  	0.06400444  	0.07107804  	0.08286568  	0.09016626  
2020-09-08 16:36:14.311: iteration 32 finished in 1.102054 seconds
2020-09-08 16:36:14.321: epoch 32:	0.02356905  	0.01826602  	0.17570004  	0.26684347  	0.09459057  	0.11919987  	0.06357088  	0.07038359  	0.08229315  	0.08932944  
2020-09-08 16:36:15.409: iteration 33 finished in 1.088091 seconds
2020-09-08 16:36:15.419: epoch 33:	0.02289565  	0.01809767  	0.16980778  	0.26586142  	0.09230100  	0.11814357  	0.06221138  	0.06938499  	0.08113808  	0.08860111  
2020-09-08 16:36:16.509: iteration 34 finished in 1.090086 seconds
2020-09-08 16:36:16.519: epoch 34:	0.02289565  	0.01809767  	0.16980778  	0.26586142  	0.09298885  	0.11884241  	0.06313664  	0.07032376  	0.08215085  	0.08962990  
2020-09-08 16:36:17.613: iteration 35 finished in 1.094075 seconds
2020-09-08 16:36:17.623: epoch 35:	0.02239059  	0.01784515  	0.16475728  	0.26165265  	0.09220895  	0.11828814  	0.06359192  	0.07088051  	0.08254167  	0.09006898  
2020-09-08 16:36:18.752: iteration 36 finished in 1.127984 seconds
2020-09-08 16:36:18.762: epoch 36:	0.02239059  	0.01784515  	0.16475728  	0.26165265  	0.09087766  	0.11688589  	0.06177582  	0.06900557  	0.08094435  	0.08841223  
2020-09-08 16:36:19.893: iteration 37 finished in 1.130425 seconds
2020-09-08 16:36:19.906: epoch 37:	0.02205389  	0.01759262  	0.16139027  	0.25660214  	0.08932636  	0.11501789  	0.06060071  	0.06779242  	0.07992490  	0.08738568  
2020-09-08 16:36:21.041: iteration 38 finished in 1.135965 seconds
2020-09-08 16:36:21.052: epoch 38:	0.02171719  	0.01750845  	0.15802327  	0.25491863  	0.08731890  	0.11349817  	0.05895006  	0.06630669  	0.07793543  	0.08555532  
2020-09-08 16:36:22.199: iteration 39 finished in 1.146934 seconds
2020-09-08 16:36:22.209: epoch 39:	0.02154884  	0.01759262  	0.15633976  	0.25660214  	0.08644061  	0.11338910  	0.05834247  	0.06586841  	0.07731346  	0.08510018  
2020-09-08 16:36:23.307: iteration 40 finished in 1.097068 seconds
2020-09-08 16:36:23.317: epoch 40:	0.02138049  	0.01750845  	0.15577860  	0.25576040  	0.08598097  	0.11277759  	0.05800990  	0.06538138  	0.07682244  	0.08466471  
2020-09-08 16:36:24.414: iteration 41 finished in 1.097067 seconds
2020-09-08 16:36:24.425: epoch 41:	0.02138049  	0.01750845  	0.15577860  	0.25576040  	0.08573373  	0.11246884  	0.05774735  	0.06506910  	0.07650177  	0.08428930  
2020-09-08 16:36:25.526: iteration 42 finished in 1.101057 seconds
2020-09-08 16:36:25.536: epoch 42:	0.02138049  	0.01742427  	0.15577860  	0.25407690  	0.08558669  	0.11189748  	0.05761608  	0.06481687  	0.07623321  	0.08390825  
2020-09-08 16:36:26.641: iteration 43 finished in 1.103051 seconds
2020-09-08 16:36:26.651: epoch 43:	0.02138049  	0.01750845  	0.15493685  	0.25491863  	0.08526778  	0.11198500  	0.05737892  	0.06468568  	0.07602411  	0.08377974  
2020-09-08 16:36:27.767: iteration 44 finished in 1.116016 seconds
2020-09-08 16:36:27.778: epoch 44:	0.02121214  	0.01742427  	0.15325335  	0.25323513  	0.08562551  	0.11233713  	0.05827812  	0.06558277  	0.07723798  	0.08499900  
2020-09-08 16:36:28.894: iteration 45 finished in 1.116017 seconds
2020-09-08 16:36:28.905: epoch 45:	0.02154884  	0.01750845  	0.15499295  	0.25407690  	0.08518938  	0.11153930  	0.05717824  	0.06434503  	0.07586312  	0.08343863  
2020-09-08 16:36:30.027: iteration 46 finished in 1.120148 seconds
2020-09-08 16:36:30.038: epoch 46:	0.02138049  	0.01734010  	0.15330945  	0.25281426  	0.08430407  	0.11060032  	0.05638926  	0.06347454  	0.07532065  	0.08294162  
2020-09-08 16:36:31.155: iteration 47 finished in 1.117014 seconds
2020-09-08 16:36:31.165: epoch 47:	0.02138049  	0.01725592  	0.15330945  	0.25113076  	0.08513961  	0.11102842  	0.05753618  	0.06451777  	0.07614771  	0.08365219  
2020-09-08 16:36:32.290: iteration 48 finished in 1.122998 seconds
2020-09-08 16:36:32.301: epoch 48:	0.02154884  	0.01717174  	0.15499295  	0.25070989  	0.08529077  	0.11052376  	0.05730214  	0.06401951  	0.07585778  	0.08317266  
2020-09-08 16:36:33.433: iteration 49 finished in 1.132971 seconds
2020-09-08 16:36:33.459: epoch 49:	0.02138049  	0.01725592  	0.15330945  	0.25239339  	0.08554486  	0.11156201  	0.05809979  	0.06499249  	0.07697810  	0.08449180  
2020-09-08 16:36:34.583: iteration 50 finished in 1.123995 seconds
2020-09-08 16:36:34.593: epoch 50:	0.02154884  	0.01717174  	0.15499295  	0.25070989  	0.08425222  	0.10938797  	0.05594765  	0.06258588  	0.07454906  	0.08179200  
