2020-08-03 20:06:22.240: Dataset name: u1
The number of users: 6417
The number of items: 6406
The number of ratings: 53871
Average actions of users: 8.40
Average actions of items: 8.41
The sparsity of the dataset: 99.868950%
2020-08-03 20:06:22.241: 

NeuRec hyperparameters:
recommender=WRMF
config_dir=./conf
gpu_id=0
gpu_mem=0.5
data.input.path=C:\Users\HyunsikYoo\Desktop\VNE_directed_networks/_Data/jdk/5-fold/u1/
data.input.dataset=u1
data.output.path=C:\Users\HyunsikYoo\Desktop\VNE_directed_networks/_Data/jdk/5-fold/u1/relevance_WRMF_directed_False_user_oriented
data.column.format=UI
data.convert.separator='\t'
user_min=0
item_min=0
splitter=given
ratio=0.8
by_time=False
metric=["Precision", "Recall", "NDCG", "MAP", "MRR"]
topk=[10, 20]
group_view=None
rec.evaluate.neg=0
test_batch_size=128
num_thread=8
data.index.remap=False

WRMF's hyperparameters:
epochs=50
embedding_size=16
reg_mf=0.1
alpha=10
init_method=uniform
stddev=0.01
verbose=1
weight=user_oriented

2020-08-03 20:08:14.235: metrics:	Precision@10	Precision@20	Recall@10   	Recall@20   	NDCG@10     	NDCG@20     	MAP@10      	MAP@20      	MRR@10      	MRR@20      
2020-08-03 20:08:19.449: iteration 1 finished in 5.214574 seconds
2020-08-03 20:08:19.593: epoch 1:	0.10207289  	0.06075741  	0.54747027  	0.61049908  	0.47116956  	0.48781705  	0.41558817  	0.42062482  	0.49709928  	0.50096679  
2020-08-03 20:08:24.836: iteration 2 finished in 5.242950 seconds
2020-08-03 20:08:24.980: epoch 2:	0.12918268  	0.07229410  	0.68781435  	0.73445648  	0.64507824  	0.65619594  	0.59872764  	0.60126477  	0.68779850  	0.69005650  
2020-08-03 20:08:29.448: iteration 3 finished in 4.467164 seconds
2020-08-03 20:08:29.590: epoch 3:	0.12921819  	0.07240040  	0.69232410  	0.74216121  	0.63680428  	0.64868575  	0.58737159  	0.58993787  	0.67133498  	0.67382348  
2020-08-03 20:08:34.453: iteration 4 finished in 4.863016 seconds
2020-08-03 20:08:34.589: epoch 4:	0.12776619  	0.07223219  	0.68942696  	0.74339277  	0.62058306  	0.63396698  	0.56742698  	0.57073659  	0.64595819  	0.64875728  
2020-08-03 20:08:39.783: iteration 5 finished in 5.194184 seconds
2020-08-03 20:08:39.928: epoch 5:	0.12601314  	0.07198430  	0.68928051  	0.74643743  	0.60718638  	0.62189001  	0.54952365  	0.55365658  	0.62858111  	0.63154829  
2020-08-03 20:08:44.934: iteration 6 finished in 5.005610 seconds
2020-08-03 20:08:45.073: epoch 6:	0.12427778  	0.07141770  	0.68327945  	0.74324334  	0.59806621  	0.61369467  	0.53886211  	0.54370958  	0.61785501  	0.62079382  
2020-08-03 20:08:49.995: iteration 7 finished in 4.921834 seconds
2020-08-03 20:08:50.134: epoch 7:	0.12279014  	0.07122291  	0.67672962  	0.74052846  	0.59093851  	0.60794991  	0.53105265  	0.53653520  	0.61115396  	0.61445111  
2020-08-03 20:08:54.644: iteration 8 finished in 4.508939 seconds
2020-08-03 20:08:54.785: epoch 8:	0.12195788  	0.07104585  	0.67198426  	0.74034178  	0.58139396  	0.59958661  	0.51980776  	0.52558148  	0.59992015  	0.60343653  
2020-08-03 20:08:59.750: iteration 9 finished in 4.964721 seconds
2020-08-03 20:08:59.897: epoch 9:	0.12109016  	0.07065629  	0.66955066  	0.73728132  	0.57393330  	0.59231526  	0.51109308  	0.51711458  	0.59052569  	0.59421754  
2020-08-03 20:09:04.533: iteration 10 finished in 4.636571 seconds
2020-08-03 20:09:04.685: epoch 10:	0.12043492  	0.07036413  	0.66507804  	0.73590475  	0.56516516  	0.58428764  	0.50098389  	0.50703800  	0.58048886  	0.58458799  
2020-08-03 20:09:09.313: iteration 11 finished in 4.625627 seconds
2020-08-03 20:09:09.450: epoch 11:	0.11999220  	0.07017821  	0.66521049  	0.73365319  	0.55551034  	0.57408267  	0.48815557  	0.49401009  	0.56873661  	0.57260728  
2020-08-03 20:09:14.366: iteration 12 finished in 4.915824 seconds
2020-08-03 20:09:14.507: epoch 12:	0.11933707  	0.07007197  	0.66056675  	0.73254138  	0.54430062  	0.56381744  	0.47489208  	0.48098570  	0.55471087  	0.55881321  
2020-08-03 20:09:19.186: iteration 13 finished in 4.679483 seconds
2020-08-03 20:09:19.329: epoch 13:	0.11868186  	0.06992145  	0.65506428  	0.73138392  	0.53234792  	0.55298048  	0.46079859  	0.46723270  	0.53993726  	0.54430270  
2020-08-03 20:09:24.111: iteration 14 finished in 4.782182 seconds
2020-08-03 20:09:24.250: epoch 14:	0.11800892  	0.06978862  	0.65088701  	0.73031849  	0.52666354  	0.54809552  	0.45483741  	0.46153891  	0.53333676  	0.53777909  
2020-08-03 20:09:28.903: iteration 15 finished in 4.652540 seconds
2020-08-03 20:09:29.034: epoch 15:	0.11753076  	0.06985945  	0.64766127  	0.73103994  	0.52247441  	0.54499841  	0.45054844  	0.45760202  	0.52869201  	0.53333896  
2020-08-03 20:09:34.357: iteration 16 finished in 5.321920 seconds
2020-08-03 20:09:34.487: epoch 16:	0.11671615  	0.06977092  	0.64279681  	0.72948450  	0.51802742  	0.54161447  	0.44618258  	0.45369729  	0.52468175  	0.52940249  
2020-08-03 20:09:39.416: iteration 17 finished in 4.928947 seconds
2020-08-03 20:09:39.558: epoch 17:	0.11648595  	0.06957609  	0.64120269  	0.72723019  	0.51908129  	0.54249835  	0.44793889  	0.45541760  	0.52714169  	0.53186065  
2020-08-03 20:09:44.043: iteration 18 finished in 4.485003 seconds
2020-08-03 20:09:44.174: epoch 18:	0.11652136  	0.06957607  	0.64104086  	0.72637010  	0.51875621  	0.54197872  	0.44760081  	0.45503417  	0.52668613  	0.53139883  
2020-08-03 20:09:48.862: iteration 19 finished in 4.688739 seconds
2020-08-03 20:09:49.000: epoch 19:	0.11673382  	0.06937239  	0.64254028  	0.72426456  	0.51786083  	0.54003102  	0.44595647  	0.45299637  	0.52536887  	0.52992702  
2020-08-03 20:09:53.812: iteration 20 finished in 4.810706 seconds
2020-08-03 20:09:53.950: epoch 20:	0.11666298  	0.06938124  	0.64198434  	0.72452259  	0.51742667  	0.53981709  	0.44566792  	0.45268863  	0.52480978  	0.52952629  
2020-08-03 20:09:58.798: iteration 21 finished in 4.847034 seconds
2020-08-03 20:09:58.936: epoch 21:	0.11653899  	0.06938123  	0.64151555  	0.72413975  	0.51576340  	0.53826249  	0.44363946  	0.45072818  	0.52259099  	0.52734071  
2020-08-03 20:10:03.583: iteration 22 finished in 4.646570 seconds
2020-08-03 20:10:03.723: epoch 22:	0.11655671  	0.06930154  	0.64141291  	0.72344810  	0.51479280  	0.53713250  	0.44234177  	0.44938013  	0.52134091  	0.52612418  
2020-08-03 20:10:08.557: iteration 23 finished in 4.834043 seconds
2020-08-03 20:10:08.697: epoch 23:	0.11639733  	0.06939007  	0.64019060  	0.72422224  	0.51481253  	0.53774112  	0.44266248  	0.44993401  	0.52186930  	0.52673912  
2020-08-03 20:10:13.428: iteration 24 finished in 4.730347 seconds
2020-08-03 20:10:13.566: epoch 24:	0.11641505  	0.06944319  	0.64037758  	0.72505182  	0.51453251  	0.53764248  	0.44218263  	0.44952863  	0.52155185  	0.52642739  
2020-08-03 20:10:18.117: iteration 25 finished in 4.550826 seconds
2020-08-03 20:10:18.253: epoch 25:	0.11666293  	0.06949631  	0.64172357  	0.72556502  	0.51502752  	0.53785598  	0.44242522  	0.44964507  	0.52176434  	0.52656078  
2020-08-03 20:10:23.010: iteration 26 finished in 4.756441 seconds
2020-08-03 20:10:23.149: epoch 26:	0.11666293  	0.06953172  	0.64183176  	0.72591478  	0.51552826  	0.53843367  	0.44303602  	0.45029968  	0.52250350  	0.52731240  
2020-08-03 20:10:27.967: iteration 27 finished in 4.818111 seconds
2020-08-03 20:10:28.105: epoch 27:	0.11668064  	0.06957600  	0.64199668  	0.72658110  	0.51532114  	0.53837413  	0.44265038  	0.44997263  	0.52220041  	0.52703154  
2020-08-03 20:10:32.726: iteration 28 finished in 4.620640 seconds
2020-08-03 20:10:32.885: epoch 28:	0.11668064  	0.06962913  	0.64238536  	0.72684169  	0.51528275  	0.53837401  	0.44244471  	0.44984701  	0.52220052  	0.52699965  
2020-08-03 20:10:37.718: iteration 29 finished in 4.832074 seconds
2020-08-03 20:10:37.855: epoch 29:	0.11660982  	0.06969997  	0.64184046  	0.72796333  	0.51521909  	0.53875029  	0.44252419  	0.45005682  	0.52221417  	0.52712309  
2020-08-03 20:10:42.657: iteration 30 finished in 4.801156 seconds
2020-08-03 20:10:42.795: epoch 30:	0.11662754  	0.06973538  	0.64201868  	0.72869641  	0.51526117  	0.53890252  	0.44255415  	0.45008326  	0.52212572  	0.52705926  
2020-08-03 20:10:47.784: iteration 31 finished in 4.987658 seconds
2020-08-03 20:10:47.914: epoch 31:	0.11659212  	0.06967340  	0.64195967  	0.72825599  	0.51512420  	0.53865999  	0.44239405  	0.44987556  	0.52200902  	0.52692407  
2020-08-03 20:10:52.436: iteration 32 finished in 4.521904 seconds
2020-08-03 20:10:52.576: epoch 32:	0.11650357  	0.06966455  	0.64192724  	0.72789174  	0.51500571  	0.53852469  	0.44222984  	0.44976833  	0.52187812  	0.52677405  
2020-08-03 20:10:57.310: iteration 33 finished in 4.734336 seconds
2020-08-03 20:10:57.456: epoch 33:	0.11655669  	0.06971766  	0.64243597  	0.72863036  	0.51499909  	0.53857207  	0.44203833  	0.44960427  	0.52185464  	0.52671999  
2020-08-03 20:11:02.228: iteration 34 finished in 4.772207 seconds
2020-08-03 20:11:02.368: epoch 34:	0.11653899  	0.06969111  	0.64265472  	0.72866821  	0.51483929  	0.53836149  	0.44174841  	0.44928628  	0.52162719  	0.52649367  
2020-08-03 20:11:07.286: iteration 35 finished in 4.917845 seconds
2020-08-03 20:11:07.423: epoch 35:	0.11643272  	0.06974424  	0.64236730  	0.72946745  	0.51537591  	0.53923017  	0.44254270  	0.45022187  	0.52258873  	0.52752137  
2020-08-03 20:11:12.303: iteration 36 finished in 4.878949 seconds
2020-08-03 20:11:12.441: epoch 36:	0.11655669  	0.06973539  	0.64315242  	0.72936440  	0.51545793  	0.53905767  	0.44237244  	0.44996843  	0.52264518  	0.52752793  
2020-08-03 20:11:17.229: iteration 37 finished in 4.786172 seconds
2020-08-03 20:11:17.365: epoch 37:	0.11659209  	0.06980622  	0.64340442  	0.73018551  	0.51525706  	0.53900117  	0.44205528  	0.44970825  	0.52230746  	0.52717102  
2020-08-03 20:11:22.206: iteration 38 finished in 4.840054 seconds
2020-08-03 20:11:22.343: epoch 38:	0.11659209  	0.06983277  	0.64364600  	0.73062909  	0.51526445  	0.53906149  	0.44202569  	0.44970030  	0.52216601  	0.52700168  
2020-08-03 20:11:26.772: iteration 39 finished in 4.428154 seconds
2020-08-03 20:11:26.914: epoch 39:	0.11660979  	0.06988590  	0.64410454  	0.73084611  	0.51524603  	0.53902233  	0.44189614  	0.44959989  	0.52191865  	0.52670127  
2020-08-03 20:11:31.489: iteration 40 finished in 4.574763 seconds
2020-08-03 20:11:31.645: epoch 40:	0.11659209  	0.06993017  	0.64404351  	0.73067015  	0.51491189  	0.53870225  	0.44150531  	0.44922999  	0.52151984  	0.52630854  
2020-08-03 20:11:36.221: iteration 41 finished in 4.575760 seconds
2020-08-03 20:11:36.362: epoch 41:	0.11657437  	0.06992131  	0.64419758  	0.73061109  	0.51483458  	0.53857923  	0.44137248  	0.44909713  	0.52141196  	0.52618122  
2020-08-03 20:11:41.106: iteration 42 finished in 4.743311 seconds
2020-08-03 20:11:41.242: epoch 42:	0.11660980  	0.06990360  	0.64437920  	0.73011976  	0.51470816  	0.53828824  	0.44110054  	0.44881228  	0.52127242  	0.52598596  
2020-08-03 20:11:46.227: iteration 43 finished in 4.985638 seconds
2020-08-03 20:11:46.365: epoch 43:	0.11666293  	0.06990360  	0.64424187  	0.73017883  	0.51457077  	0.53815949  	0.44096270  	0.44865087  	0.52104884  	0.52575815  
2020-08-03 20:11:50.960: iteration 44 finished in 4.593706 seconds
2020-08-03 20:11:51.098: epoch 44:	0.11671606  	0.06991246  	0.64453322  	0.73023790  	0.51453346  	0.53804904  	0.44081861  	0.44848543  	0.52086776  	0.52556115  
2020-08-03 20:11:56.024: iteration 45 finished in 4.924826 seconds
2020-08-03 20:11:56.163: epoch 45:	0.11664522  	0.06993017  	0.64438570  	0.73063755  	0.51335055  	0.53702962  	0.43933597  	0.44705561  	0.51924062  	0.52395546  
2020-08-03 20:12:01.318: iteration 46 finished in 5.155185 seconds
2020-08-03 20:12:01.461: epoch 46:	0.11664521  	0.06991246  	0.64466465  	0.73052377  	0.51343501  	0.53702253  	0.43936998  	0.44705728  	0.51929194  	0.52399510  
2020-08-03 20:12:06.384: iteration 47 finished in 4.922832 seconds
2020-08-03 20:12:06.525: epoch 47:	0.11668063  	0.06992133  	0.64487129  	0.73069227  	0.51363260  	0.53720021  	0.43954337  	0.44721428  	0.51947355  	0.52416182  
2020-08-03 20:12:11.540: iteration 48 finished in 5.014557 seconds
2020-08-03 20:12:11.682: epoch 48:	0.11669834  	0.06993018  	0.64488488  	0.73082620  	0.51349962  	0.53709233  	0.43935588  	0.44702360  	0.51926649  	0.52395749  
2020-08-03 20:12:16.821: iteration 49 finished in 5.138256 seconds
2020-08-03 20:12:16.963: epoch 49:	0.11662749  	0.06992131  	0.64444220  	0.73081356  	0.51343834  	0.53717047  	0.43938512  	0.44710246  	0.51945263  	0.52418971  
2020-08-03 20:12:22.131: iteration 50 finished in 5.167178 seconds
2020-08-03 20:12:22.277: epoch 50:	0.11669831  	0.06993017  	0.64507884  	0.73098540  	0.51364505  	0.53723705  	0.43946514  	0.44714120  	0.51955312  	0.52423924  
