2020-11-16 15:28:45.722: Dataset name: u1
The number of users: 4157
The number of items: 4157
The number of ratings: 39631
Average actions of users: 9.53
Average actions of items: 9.53
The sparsity of the dataset: 99.770663%
2020-11-16 15:28:45.723: 

NeuRec hyperparameters:
recommender=WRMF
config_dir=./conf
gpu_id=0
gpu_mem=0.5
data.input.path=C:\Users\HyunsikYoo\Desktop\VNE_directed_networks/_Data/ciaodvd/5-fold/u1/
data.input.dataset=u1
data.output.path=C:\Users\HyunsikYoo\Desktop\VNE_directed_networks/_Emb/ciaodvd/5-fold/wrmf/u1_wrmf_directed_dim16.emb
data.column.format=UI
data.convert.separator='\t'
user_min=0
item_min=0
splitter=given
ratio=0.8
by_time=False
metric=["Precision", "Recall", "NDCG", "MAP", "MRR"]
topk=[10, 20]
group_view=None
rec.evaluate.neg=0
test_batch_size=128
num_thread=8
data.index.remap=False

WRMF's hyperparameters:
epochs=50
embedding_size=16
reg_mf=0.1
alpha=10
init_method=uniform
stddev=0.01
verbose=1
weight=uniform

2020-11-16 15:29:29.761: metrics:	Precision@10	Precision@20	Recall@10   	Recall@20   	NDCG@10     	NDCG@20     	MAP@10      	MAP@20      	MRR@10      	MRR@20      
2020-11-16 15:29:32.366: iteration 1 finished in 2.591045 seconds
2020-11-16 15:29:32.395: epoch 1:	0.03547235  	0.03123877  	0.04091709  	0.07087068  	0.04520927  	0.05290657  	0.01978889  	0.01913202  	0.09427293  	0.10160664  
2020-11-16 15:29:34.741: iteration 2 finished in 2.345729 seconds
2020-11-16 15:29:34.766: epoch 2:	0.07967883  	0.06461688  	0.10827562  	0.17169616  	0.11304507  	0.12795520  	0.05854506  	0.05740802  	0.20640849  	0.21350189  
2020-11-16 15:29:37.112: iteration 3 finished in 2.345730 seconds
2020-11-16 15:29:37.137: epoch 3:	0.09028482  	0.07277209  	0.12588446  	0.19498585  	0.13083524  	0.14688005  	0.06922145  	0.06829435  	0.23536162  	0.24232163  
2020-11-16 15:29:39.488: iteration 4 finished in 2.351713 seconds
2020-11-16 15:29:39.511: epoch 4:	0.09295864  	0.07535681  	0.12900119  	0.19848470  	0.13630180  	0.15274340  	0.07365198  	0.07255472  	0.24470457  	0.25173882  
2020-11-16 15:29:41.875: iteration 5 finished in 2.362684 seconds
2020-11-16 15:29:41.900: epoch 5:	0.09447383  	0.07736217  	0.13006206  	0.20661913  	0.13721570  	0.15588754  	0.07355836  	0.07300002  	0.24834196  	0.25609216  
2020-11-16 15:29:44.270: iteration 6 finished in 2.369665 seconds
2020-11-16 15:29:44.294: epoch 6:	0.09768236  	0.07771869  	0.13569139  	0.20782016  	0.13957027  	0.15634629  	0.07427307  	0.07326461  	0.24547853  	0.25298464  
2020-11-16 15:29:46.646: iteration 7 finished in 2.351713 seconds
2020-11-16 15:29:46.670: epoch 7:	0.09910837  	0.07811974  	0.13847488  	0.20944738  	0.14062370  	0.15704703  	0.07422188  	0.07337895  	0.24604167  	0.25309390  
2020-11-16 15:29:49.023: iteration 8 finished in 2.352711 seconds
2020-11-16 15:29:49.047: epoch 8:	0.10008876  	0.07847626  	0.13875274  	0.21137802  	0.14043634  	0.15694588  	0.07293198  	0.07233769  	0.24760285  	0.25406942  
2020-11-16 15:29:51.405: iteration 9 finished in 2.357697 seconds
2020-11-16 15:29:51.427: epoch 9:	0.09964311  	0.07838713  	0.14053848  	0.21113995  	0.14188056  	0.15816982  	0.07384549  	0.07333028  	0.25291365  	0.25930911  
2020-11-16 15:29:53.760: iteration 10 finished in 2.332764 seconds
2020-11-16 15:29:53.785: epoch 10:	0.09937576  	0.07959037  	0.13850072  	0.21725810  	0.14127618  	0.16034992  	0.07339314  	0.07387445  	0.25332639  	0.26027557  
2020-11-16 15:29:56.123: iteration 11 finished in 2.337750 seconds
2020-11-16 15:29:56.147: epoch 11:	0.09999964  	0.07936754  	0.13985209  	0.21699263  	0.14223538  	0.16058412  	0.07397352  	0.07425240  	0.25359848  	0.26019934  
2020-11-16 15:29:58.468: iteration 12 finished in 2.320796 seconds
2020-11-16 15:29:58.491: epoch 12:	0.09928663  	0.07914473  	0.13956131  	0.21678510  	0.14222445  	0.16076325  	0.07422720  	0.07464236  	0.25379544  	0.26049832  
2020-11-16 15:30:00.856: iteration 13 finished in 2.365676 seconds
2020-11-16 15:30:00.881: epoch 13:	0.10017788  	0.07981320  	0.14245023  	0.22008780  	0.14429680  	0.16281764  	0.07541931  	0.07578674  	0.25750303  	0.26399741  
2020-11-16 15:30:03.185: iteration 14 finished in 2.303841 seconds
2020-11-16 15:30:03.209: epoch 14:	0.10035612  	0.07976867  	0.14224102  	0.21890637  	0.14455575  	0.16284536  	0.07585671  	0.07610076  	0.25788313  	0.26450035  
2020-11-16 15:30:05.566: iteration 15 finished in 2.356700 seconds
2020-11-16 15:30:05.591: epoch 15:	0.10026702  	0.08003607  	0.14152299  	0.21913809  	0.14386690  	0.16261591  	0.07566370  	0.07609894  	0.25520188  	0.26192501  
2020-11-16 15:30:07.939: iteration 16 finished in 2.348722 seconds
2020-11-16 15:30:07.963: epoch 16:	0.10008875  	0.07981323  	0.14167321  	0.22007559  	0.14385998  	0.16287139  	0.07587299  	0.07625356  	0.25475207  	0.26184928  
2020-11-16 15:30:10.268: iteration 17 finished in 2.304838 seconds
2020-11-16 15:30:10.292: epoch 17:	0.10035612  	0.07945670  	0.14200106  	0.21814129  	0.14343207  	0.16180156  	0.07535936  	0.07571621  	0.25185859  	0.25860840  
2020-11-16 15:30:12.617: iteration 18 finished in 2.324785 seconds
2020-11-16 15:30:12.641: epoch 18:	0.09999961  	0.07923388  	0.14179295  	0.21803138  	0.14378512  	0.16226935  	0.07586909  	0.07627816  	0.25326335  	0.25995627  
2020-11-16 15:30:14.984: iteration 19 finished in 2.342737 seconds
2020-11-16 15:30:15.007: epoch 19:	0.10080176  	0.07959037  	0.14286110  	0.22002150  	0.14454718  	0.16305488  	0.07646576  	0.07680496  	0.25272402  	0.25938791  
2020-11-16 15:30:17.370: iteration 20 finished in 2.362684 seconds
2020-11-16 15:30:17.393: epoch 20:	0.10062350  	0.07967951  	0.14368384  	0.22099939  	0.14427182  	0.16293530  	0.07630979  	0.07666348  	0.25096130  	0.25769281  
2020-11-16 15:30:19.770: iteration 21 finished in 2.375649 seconds
2020-11-16 15:30:19.795: epoch 21:	0.10044525  	0.07950125  	0.14194225  	0.22058176  	0.14401183  	0.16299646  	0.07671205  	0.07709344  	0.25041205  	0.25730109  
2020-11-16 15:30:22.206: iteration 22 finished in 2.411553 seconds
2020-11-16 15:30:22.230: epoch 22:	0.10062350  	0.07932301  	0.14041720  	0.22016948  	0.14409940  	0.16325739  	0.07690147  	0.07734628  	0.25170717  	0.25894621  
2020-11-16 15:30:24.576: iteration 23 finished in 2.345730 seconds
2020-11-16 15:30:24.600: epoch 23:	0.10115828  	0.07936756  	0.14252576  	0.21957095  	0.14477870  	0.16314118  	0.07713255  	0.07728405  	0.25172341  	0.25863180  
2020-11-16 15:30:26.982: iteration 24 finished in 2.382631 seconds
2020-11-16 15:30:27.007: epoch 24:	0.10080177  	0.07967950  	0.14509651  	0.22018100  	0.14493088  	0.16315201  	0.07707430  	0.07722380  	0.25030315  	0.25700033  
2020-11-16 15:30:29.354: iteration 25 finished in 2.345729 seconds
2020-11-16 15:30:29.379: epoch 25:	0.10035612  	0.08003601  	0.14487584  	0.22130136  	0.14458463  	0.16349359  	0.07668840  	0.07715492  	0.25055456  	0.25741911  
2020-11-16 15:30:31.753: iteration 26 finished in 2.372658 seconds
2020-11-16 15:30:31.777: epoch 26:	0.10062351  	0.07999144  	0.14442867  	0.22101256  	0.14431998  	0.16308658  	0.07648274  	0.07689499  	0.24922156  	0.25606722  
2020-11-16 15:30:34.153: iteration 27 finished in 2.375649 seconds
2020-11-16 15:30:34.177: epoch 27:	0.10026701  	0.07981319  	0.14395200  	0.22085981  	0.14363325  	0.16251913  	0.07594170  	0.07637088  	0.24810350  	0.25493556  
2020-11-16 15:30:36.521: iteration 28 finished in 2.343735 seconds
2020-11-16 15:30:36.546: epoch 28:	0.09964311  	0.08003600  	0.14319743  	0.22262417  	0.14289506  	0.16274510  	0.07557236  	0.07628158  	0.24722999  	0.25431195  
2020-11-16 15:30:38.955: iteration 29 finished in 2.409559 seconds
2020-11-16 15:30:38.979: epoch 29:	0.10017788  	0.07990233  	0.14438017  	0.22329272  	0.14361829  	0.16302185  	0.07585043  	0.07644970  	0.24796428  	0.25475746  
2020-11-16 15:30:41.377: iteration 30 finished in 2.396593 seconds
2020-11-16 15:30:41.402: epoch 30:	0.09991051  	0.08008058  	0.14421140  	0.22366983  	0.14316836  	0.16304366  	0.07560562  	0.07643896  	0.24614744  	0.25306419  
2020-11-16 15:30:43.843: iteration 31 finished in 2.441473 seconds
2020-11-16 15:30:43.868: epoch 31:	0.09955400  	0.08016971  	0.14390813  	0.22314252  	0.14330982  	0.16338629  	0.07595576  	0.07694154  	0.24674444  	0.25382575  
2020-11-16 15:30:46.295: iteration 32 finished in 2.426513 seconds
2020-11-16 15:30:46.321: epoch 32:	0.09919751  	0.07999144  	0.14299358  	0.22230291  	0.14344287  	0.16354410  	0.07627326  	0.07722347  	0.24837735  	0.25570840  
2020-11-16 15:30:48.717: iteration 33 finished in 2.396593 seconds
2020-11-16 15:30:48.741: epoch 33:	0.09893013  	0.08034795  	0.14179584  	0.22326858  	0.14266053  	0.16358127  	0.07574582  	0.07701278  	0.24712248  	0.25447127  
2020-11-16 15:30:51.134: iteration 34 finished in 2.392706 seconds
2020-11-16 15:30:51.159: epoch 34:	0.09919751  	0.08030340  	0.14195494  	0.22349307  	0.14285257  	0.16367488  	0.07570628  	0.07704457  	0.24771032  	0.25469857  
2020-11-16 15:30:53.543: iteration 35 finished in 2.382630 seconds
2020-11-16 15:30:53.567: epoch 35:	0.09946490  	0.08030339  	0.14216013  	0.22294085  	0.14289477  	0.16336238  	0.07567874  	0.07683286  	0.24760176  	0.25458172  
2020-11-16 15:30:55.961: iteration 36 finished in 2.393601 seconds
2020-11-16 15:30:55.984: epoch 36:	0.09937578  	0.08016971  	0.14225365  	0.22356921  	0.14306863  	0.16361362  	0.07581800  	0.07698938  	0.24820934  	0.25521907  
2020-11-16 15:30:58.389: iteration 37 finished in 2.404572 seconds
2020-11-16 15:30:58.414: epoch 37:	0.09955402  	0.08008058  	0.14252822  	0.22342269  	0.14331064  	0.16364239  	0.07602903  	0.07701246  	0.24860123  	0.25565365  
2020-11-16 15:31:00.831: iteration 38 finished in 2.417538 seconds
2020-11-16 15:31:00.856: epoch 38:	0.09875189  	0.08043709  	0.14159361  	0.22426201  	0.14241274  	0.16370586  	0.07553159  	0.07679305  	0.24784686  	0.25529012  
2020-11-16 15:31:03.253: iteration 39 finished in 2.396594 seconds
2020-11-16 15:31:03.277: epoch 39:	0.09893015  	0.08025885  	0.14177588  	0.22474661  	0.14260980  	0.16379964  	0.07562377  	0.07689358  	0.24757203  	0.25503197  
2020-11-16 15:31:05.690: iteration 40 finished in 2.413663 seconds
2020-11-16 15:31:05.714: epoch 40:	0.09821714  	0.08034796  	0.14083800  	0.22465186  	0.14204456  	0.16379175  	0.07542200  	0.07689679  	0.24709028  	0.25481716  
2020-11-16 15:31:08.104: iteration 41 finished in 2.389612 seconds
2020-11-16 15:31:08.127: epoch 41:	0.09777150  	0.08030340  	0.14047424  	0.22515710  	0.14222972  	0.16432077  	0.07584206  	0.07735977  	0.24813358  	0.25611708  
2020-11-16 15:31:10.548: iteration 42 finished in 2.421527 seconds
2020-11-16 15:31:10.572: epoch 42:	0.09794977  	0.08043709  	0.14059106  	0.22568014  	0.14232451  	0.16451533  	0.07596242  	0.07739504  	0.24774529  	0.25588486  
2020-11-16 15:31:12.981: iteration 43 finished in 2.407564 seconds
2020-11-16 15:31:13.005: epoch 43:	0.09812802  	0.08043709  	0.14138125  	0.22538663  	0.14256781  	0.16442801  	0.07604022  	0.07732932  	0.24812518  	0.25635907  
2020-11-16 15:31:15.440: iteration 44 finished in 2.435490 seconds
2020-11-16 15:31:15.465: epoch 44:	0.09839541  	0.08048164  	0.14088851  	0.22492489  	0.14276147  	0.16455725  	0.07624852  	0.07750550  	0.24877030  	0.25692835  
2020-11-16 15:31:17.866: iteration 45 finished in 2.400583 seconds
2020-11-16 15:31:17.889: epoch 45:	0.09821715  	0.08052620  	0.13921003  	0.22425547  	0.14212084  	0.16425383  	0.07598536  	0.07739384  	0.24823093  	0.25630450  
2020-11-16 15:31:20.289: iteration 46 finished in 2.399585 seconds
2020-11-16 15:31:20.315: epoch 46:	0.09848454  	0.08048163  	0.13944559  	0.22336295  	0.14225201  	0.16397329  	0.07607412  	0.07727233  	0.24773897  	0.25579563  
2020-11-16 15:31:22.687: iteration 47 finished in 2.371659 seconds
2020-11-16 15:31:22.712: epoch 47:	0.09812803  	0.08065989  	0.13923222  	0.22337940  	0.14165033  	0.16362783  	0.07556280  	0.07683744  	0.24686433  	0.25504240  
2020-11-16 15:31:25.131: iteration 48 finished in 2.419533 seconds
2020-11-16 15:31:25.155: epoch 48:	0.09803890  	0.08070446  	0.13907188  	0.22394317  	0.14105545  	0.16329408  	0.07496350  	0.07629877  	0.24540967  	0.25364220  
2020-11-16 15:31:27.638: iteration 49 finished in 2.482364 seconds
2020-11-16 15:31:27.664: epoch 49:	0.09794979  	0.08074901  	0.13844155  	0.22404000  	0.14114232  	0.16360810  	0.07511106  	0.07650770  	0.24640243  	0.25488818  
2020-11-16 15:31:30.098: iteration 50 finished in 2.433496 seconds
2020-11-16 15:31:30.122: epoch 50:	0.09830629  	0.08070446  	0.14043961  	0.22487243  	0.14157747  	0.16355154  	0.07518788  	0.07636154  	0.24563526  	0.25405693  
