2020-09-17 19:41:46.764: Dataset name: u1
The number of users: 13356
The number of items: 13356
The number of ratings: 120238
Average actions of users: 9.00
Average actions of items: 9.00
The sparsity of the dataset: 99.932595%
2020-09-17 19:41:46.764: 

NeuRec hyperparameters:
recommender=WRMF
config_dir=./conf
gpu_id=0
gpu_mem=0.5
data.input.path=C:\Users\HyunsikYoo\Desktop\VNE_directed_networks/_Data/foldoc/5-fold/u1/
data.input.dataset=u1
data.output.path=C:\Users\HyunsikYoo\Desktop\VNE_directed_networks/_Data/foldoc/5-fold/u1/relevance_WRMF_directed_uni_False_uniform
data.column.format=UI
data.convert.separator='\t'
user_min=0
item_min=0
splitter=given
ratio=0.8
by_time=False
metric=["Precision", "Recall", "NDCG", "MAP", "MRR"]
topk=[10, 20]
group_view=None
rec.evaluate.neg=0
test_batch_size=128
num_thread=8
data.index.remap=False

WRMF's hyperparameters:
epochs=50
embedding_size=16
reg_mf=0.1
alpha=10
init_method=uniform
stddev=0.01
verbose=1
weight=uniform

2020-09-17 19:49:37.681: metrics:	Precision@10	Precision@20	Recall@10   	Recall@20   	NDCG@10     	NDCG@20     	MAP@10      	MAP@20      	MRR@10      	MRR@20      
2020-09-17 19:49:55.468: iteration 1 finished in 17.785435 seconds
2020-09-17 19:49:55.904: epoch 1:	0.00394844  	0.00322542  	0.01551313  	0.02606648  	0.00984405  	0.01326091  	0.00517374  	0.00596634  	0.01256828  	0.01408986  
2020-09-17 19:50:13.698: iteration 2 finished in 17.793413 seconds
2020-09-17 19:50:14.121: epoch 2:	0.00754470  	0.00584026  	0.02954761  	0.04670713  	0.01959197  	0.02514719  	0.01076524  	0.01211258  	0.02560946  	0.02789853  
2020-09-17 19:50:32.807: iteration 3 finished in 18.686028 seconds
2020-09-17 19:50:33.239: epoch 3:	0.01062406  	0.00791947  	0.04214598  	0.06418675  	0.03046362  	0.03754211  	0.01811903  	0.01993021  	0.04179815  	0.04444037  
2020-09-17 19:50:51.966: iteration 4 finished in 18.727915 seconds
2020-09-17 19:50:52.405: epoch 4:	0.01233239  	0.00918573  	0.04949907  	0.07513239  	0.03673620  	0.04494869  	0.02238907  	0.02453587  	0.05113273  	0.05407463  
2020-09-17 19:51:11.090: iteration 5 finished in 18.684033 seconds
2020-09-17 19:51:11.519: epoch 5:	0.01348626  	0.00984133  	0.05441834  	0.08056466  	0.04061573  	0.04900173  	0.02503154  	0.02723700  	0.05634194  	0.05930705  
2020-09-17 19:51:29.696: iteration 6 finished in 18.175393 seconds
2020-09-17 19:51:30.127: epoch 6:	0.01416060  	0.01026467  	0.05733802  	0.08441635  	0.04308486  	0.05176157  	0.02679840  	0.02907309  	0.05966428  	0.06276232  
2020-09-17 19:51:48.286: iteration 7 finished in 18.158439 seconds
2020-09-17 19:51:48.719: epoch 7:	0.01471506  	0.01058686  	0.05960140  	0.08715048  	0.04498446  	0.05381818  	0.02811281  	0.03046543  	0.06228381  	0.06540821  
2020-09-17 19:52:06.969: iteration 8 finished in 18.249195 seconds
2020-09-17 19:52:07.401: epoch 8:	0.01514214  	0.01080416  	0.06152441  	0.08896936  	0.04623989  	0.05507155  	0.02890653  	0.03126515  	0.06371494  	0.06688279  
2020-09-17 19:52:26.206: iteration 9 finished in 18.804711 seconds
2020-09-17 19:52:26.633: epoch 9:	0.01544934  	0.01096525  	0.06267893  	0.09041238  	0.04733202  	0.05622048  	0.02965089  	0.03202358  	0.06549180  	0.06864120  
2020-09-17 19:52:44.754: iteration 10 finished in 18.120540 seconds
2020-09-17 19:52:45.189: epoch 10:	0.01576403  	0.01104392  	0.06401763  	0.09122637  	0.04822475  	0.05691572  	0.03020458  	0.03251690  	0.06662884  	0.06969631  
2020-09-17 19:53:03.971: iteration 11 finished in 18.781772 seconds
2020-09-17 19:53:04.402: epoch 11:	0.01583146  	0.01111510  	0.06411137  	0.09201247  	0.04850011  	0.05737628  	0.03041975  	0.03276962  	0.06715540  	0.07030455  
2020-09-17 19:53:22.711: iteration 12 finished in 18.309035 seconds
2020-09-17 19:53:23.143: epoch 12:	0.01592138  	0.01114133  	0.06450160  	0.09233589  	0.04878435  	0.05762976  	0.03058697  	0.03292365  	0.06749288  	0.07064135  
2020-09-17 19:53:42.016: iteration 13 finished in 18.872528 seconds
2020-09-17 19:53:42.451: epoch 13:	0.01593637  	0.01111510  	0.06468640  	0.09186386  	0.04900122  	0.05770614  	0.03074337  	0.03307311  	0.06794436  	0.07103569  
2020-09-17 19:54:00.735: iteration 14 finished in 18.284101 seconds
2020-09-17 19:54:01.164: epoch 14:	0.01604127  	0.01112634  	0.06521508  	0.09212485  	0.04931703  	0.05790443  	0.03091568  	0.03320706  	0.06834954  	0.07136705  
2020-09-17 19:54:19.990: iteration 15 finished in 18.825655 seconds
2020-09-17 19:54:20.422: epoch 15:	0.01610121  	0.01111885  	0.06557908  	0.09196252  	0.04954123  	0.05797887  	0.03102710  	0.03327933  	0.06871741  	0.07168033  
2020-09-17 19:54:38.621: iteration 16 finished in 18.198332 seconds
2020-09-17 19:54:39.057: epoch 16:	0.01607873  	0.01110386  	0.06543547  	0.09163158  	0.04972231  	0.05814170  	0.03125959  	0.03350160  	0.06920089  	0.07220978  
2020-09-17 19:54:57.941: iteration 17 finished in 18.883499 seconds
2020-09-17 19:54:58.388: epoch 17:	0.01614616  	0.01108139  	0.06567273  	0.09137557  	0.04990521  	0.05816625  	0.03138516  	0.03357669  	0.06940059  	0.07237659  
2020-09-17 19:55:16.576: iteration 18 finished in 18.186364 seconds
2020-09-17 19:55:17.018: epoch 18:	0.01613867  	0.01113758  	0.06569593  	0.09176002  	0.04999169  	0.05838337  	0.03148002  	0.03370154  	0.06958643  	0.07262623  
2020-09-17 19:55:35.922: iteration 19 finished in 18.904443 seconds
2020-09-17 19:55:36.353: epoch 19:	0.01618362  	0.01116006  	0.06582579  	0.09189186  	0.05009333  	0.05848736  	0.03156608  	0.03379134  	0.06967883  	0.07270792  
2020-09-17 19:55:54.558: iteration 20 finished in 18.204316 seconds
2020-09-17 19:55:54.996: epoch 20:	0.01616115  	0.01117130  	0.06574711  	0.09203219  	0.05000542  	0.05846093  	0.03149822  	0.03373136  	0.06950723  	0.07256949  
2020-09-17 19:56:13.903: iteration 21 finished in 18.906439 seconds
2020-09-17 19:56:14.334: epoch 21:	0.01621359  	0.01120876  	0.06594566  	0.09233067  	0.05012937  	0.05860779  	0.03155750  	0.03379817  	0.06973962  	0.07277819  
2020-09-17 19:56:32.610: iteration 22 finished in 18.276123 seconds
2020-09-17 19:56:33.046: epoch 22:	0.01617613  	0.01127245  	0.06593496  	0.09301499  	0.05014523  	0.05883338  	0.03159578  	0.03388063  	0.06980026  	0.07291893  
2020-09-17 19:56:51.496: iteration 23 finished in 18.448663 seconds
2020-09-17 19:56:51.926: epoch 23:	0.01628852  	0.01127245  	0.06645568  	0.09289386  	0.05043377  	0.05892501  	0.03175008  	0.03399090  	0.07012278  	0.07313729  
2020-09-17 19:57:10.334: iteration 24 finished in 18.406774 seconds
2020-09-17 19:57:10.767: epoch 24:	0.01632598  	0.01131740  	0.06652936  	0.09315861  	0.05053239  	0.05908211  	0.03182523  	0.03407741  	0.07026548  	0.07329761  
2020-09-17 19:57:29.045: iteration 25 finished in 18.277121 seconds
2020-09-17 19:57:29.474: epoch 25:	0.01638593  	0.01130617  	0.06678463  	0.09288264  	0.05060453  	0.05900076  	0.03183063  	0.03404893  	0.07022116  	0.07318632  
2020-09-17 19:57:48.461: iteration 26 finished in 18.986224 seconds
2020-09-17 19:57:48.894: epoch 26:	0.01634097  	0.01131740  	0.06654363  	0.09307245  	0.05060704  	0.05913046  	0.03190121  	0.03414755  	0.07034603  	0.07338287  
2020-09-17 19:58:07.228: iteration 27 finished in 18.333968 seconds
2020-09-17 19:58:07.661: epoch 27:	0.01630350  	0.01132115  	0.06633134  	0.09320357  	0.05055198  	0.05917337  	0.03189706  	0.03416835  	0.07034197  	0.07341482  
2020-09-17 19:58:26.127: iteration 28 finished in 18.464619 seconds
2020-09-17 19:58:26.570: epoch 28:	0.01630351  	0.01130991  	0.06634134  	0.09323603  	0.05068012  	0.05929624  	0.03201504  	0.03429136  	0.07067152  	0.07372299  
2020-09-17 19:58:45.081: iteration 29 finished in 18.511494 seconds
2020-09-17 19:58:45.516: epoch 29:	0.01632598  	0.01131366  	0.06636453  	0.09320231  	0.05077064  	0.05936667  	0.03208829  	0.03436336  	0.07089832  	0.07393419  
2020-09-17 19:59:03.952: iteration 30 finished in 18.434699 seconds
2020-09-17 19:59:04.403: epoch 30:	0.01631849  	0.01128743  	0.06629514  	0.09297130  	0.05079827  	0.05934794  	0.03213185  	0.03440128  	0.07097048  	0.07398852  
2020-09-17 19:59:22.959: iteration 31 finished in 18.555377 seconds
2020-09-17 19:59:23.412: epoch 31:	0.01631849  	0.01128369  	0.06626766  	0.09298377  	0.05084262  	0.05939782  	0.03217423  	0.03444393  	0.07114363  	0.07416634  
2020-09-17 19:59:42.010: iteration 32 finished in 18.598262 seconds
2020-09-17 19:59:42.454: epoch 32:	0.01632598  	0.01132115  	0.06647370  	0.09333593  	0.05093246  	0.05953802  	0.03222528  	0.03449760  	0.07125220  	0.07430064  
2020-09-17 20:00:00.971: iteration 33 finished in 18.517478 seconds
2020-09-17 20:00:01.415: epoch 33:	0.01631100  	0.01131366  	0.06647620  	0.09329864  	0.05082493  	0.05942945  	0.03211421  	0.03440006  	0.07101493  	0.07403695  
2020-09-17 20:00:19.865: iteration 34 finished in 18.449659 seconds
2020-09-17 20:00:20.311: epoch 34:	0.01631849  	0.01131740  	0.06651989  	0.09325118  	0.05078863  	0.05937525  	0.03205770  	0.03433706  	0.07091700  	0.07393455  
2020-09-17 20:00:38.663: iteration 35 finished in 18.350923 seconds
2020-09-17 20:00:39.098: epoch 35:	0.01632598  	0.01132865  	0.06653488  	0.09335358  	0.05079659  	0.05939718  	0.03206226  	0.03433994  	0.07090035  	0.07392415  
2020-09-17 20:00:57.636: iteration 36 finished in 18.537425 seconds
2020-09-17 20:00:58.078: epoch 36:	0.01633348  	0.01134738  	0.06656922  	0.09349594  	0.05078524  	0.05941994  	0.03205137  	0.03432671  	0.07081632  	0.07386908  
2020-09-17 20:01:16.506: iteration 37 finished in 18.426721 seconds
2020-09-17 20:01:16.944: epoch 37:	0.01633348  	0.01137735  	0.06649430  	0.09373676  	0.05081390  	0.05954123  	0.03209284  	0.03439175  	0.07091697  	0.07400458  
2020-09-17 20:01:35.660: iteration 38 finished in 18.715947 seconds
2020-09-17 20:01:36.109: epoch 38:	0.01636344  	0.01139233  	0.06660178  	0.09383872  	0.05082013  	0.05953514  	0.03207299  	0.03436264  	0.07084062  	0.07392096  
2020-09-17 20:01:55.325: iteration 39 finished in 19.216608 seconds
2020-09-17 20:01:55.784: epoch 39:	0.01633347  	0.01139233  	0.06644569  	0.09395110  	0.05081626  	0.05959870  	0.03211100  	0.03441586  	0.07089476  	0.07400269  
2020-09-17 20:02:14.597: iteration 40 finished in 18.812689 seconds
2020-09-17 20:02:15.042: epoch 40:	0.01632598  	0.01136611  	0.06640823  	0.09365766  	0.05080748  	0.05952417  	0.03211476  	0.03441120  	0.07085493  	0.07394598  
2020-09-17 20:02:33.681: iteration 41 finished in 18.639153 seconds
2020-09-17 20:02:34.129: epoch 41:	0.01634097  	0.01136986  	0.06650367  	0.09376379  	0.05086551  	0.05957342  	0.03214922  	0.03443595  	0.07094707  	0.07403804  
2020-09-17 20:02:53.366: iteration 42 finished in 19.237553 seconds
2020-09-17 20:02:53.813: epoch 42:	0.01632598  	0.01136611  	0.06638264  	0.09372009  	0.05085839  	0.05959414  	0.03217438  	0.03447110  	0.07100286  	0.07411382  
2020-09-17 20:03:12.474: iteration 43 finished in 18.661094 seconds
2020-09-17 20:03:12.919: epoch 43:	0.01634097  	0.01136986  	0.06655122  	0.09376378  	0.05093216  	0.05962960  	0.03221255  	0.03449410  	0.07109988  	0.07419740  
2020-09-17 20:03:31.723: iteration 44 finished in 18.802716 seconds
2020-09-17 20:03:32.168: epoch 44:	0.01631849  	0.01137735  	0.06638265  	0.09379376  	0.05093567  	0.05970139  	0.03225104  	0.03455531  	0.07121673  	0.07433786  
2020-09-17 20:03:50.856: iteration 45 finished in 18.688023 seconds
2020-09-17 20:03:51.299: epoch 45:	0.01632598  	0.01137735  	0.06642634  	0.09381998  	0.05091365  	0.05967161  	0.03221469  	0.03450841  	0.07115992  	0.07429622  
2020-09-17 20:04:09.995: iteration 46 finished in 18.696000 seconds
2020-09-17 20:04:10.440: epoch 46:	0.01633348  	0.01137735  	0.06653249  	0.09385119  	0.05099548  	0.05972963  	0.03227581  	0.03456476  	0.07131223  	0.07442720  
2020-09-17 20:04:29.381: iteration 47 finished in 18.941344 seconds
2020-09-17 20:04:29.840: epoch 47:	0.01631849  	0.01137360  	0.06653249  	0.09378251  	0.05100007  	0.05972731  	0.03228553  	0.03457034  	0.07132305  	0.07445098  
2020-09-17 20:04:48.902: iteration 48 finished in 19.061025 seconds
2020-09-17 20:04:49.343: epoch 48:	0.01629601  	0.01135487  	0.06643258  	0.09362017  	0.05096665  	0.05968253  	0.03227899  	0.03455945  	0.07131627  	0.07445902  
2020-09-17 20:05:08.308: iteration 49 finished in 18.965280 seconds
2020-09-17 20:05:08.756: epoch 49:	0.01627353  	0.01133614  	0.06633893  	0.09352651  	0.05092449  	0.05963983  	0.03227037  	0.03454730  	0.07125996  	0.07442051  
2020-09-17 20:05:28.415: iteration 50 finished in 19.657427 seconds
2020-09-17 20:05:28.973: epoch 50:	0.01624357  	0.01133614  	0.06618909  	0.09341394  	0.05091544  	0.05965781  	0.03229303  	0.03458419  	0.07134780  	0.07451290  
