2020-09-22 14:36:03.345: Dataset name: u1
The number of users: 6627
The number of items: 6627
The number of ratings: 103224
Average actions of users: 15.58
Average actions of items: 15.58
The sparsity of the dataset: 99.764957%
2020-09-22 14:36:03.345: 

NeuRec hyperparameters:
recommender=WRMF
config_dir=./conf
gpu_id=0
gpu_mem=0.5
data.input.path=C:\Users\HyunsikYoo\Desktop\VNE_directed_networks/_Data/wiki-vote/5-fold/u1/
data.input.dataset=u1
data.output.path=C:\Users\HyunsikYoo\Desktop\VNE_directed_networks/_Data/wiki-vote/5-fold/u1/relevance_WRMF_directed_outprop_False_uniform
data.column.format=UI
data.convert.separator='\t'
user_min=0
item_min=0
splitter=given
ratio=0.8
by_time=False
metric=["Precision", "Recall", "NDCG", "MAP", "MRR"]
topk=[10, 20]
group_view=None
rec.evaluate.neg=0
test_batch_size=128
num_thread=8
data.index.remap=False

WRMF's hyperparameters:
epochs=50
embedding_size=16
reg_mf=0.1
alpha=10
init_method=uniform
stddev=0.01
verbose=1
weight=uniform

2020-09-22 14:38:06.374: metrics:	Precision@10	Precision@20	Recall@10   	Recall@20   	NDCG@10     	NDCG@20     	MAP@10      	MAP@20      	MRR@10      	MRR@20      
2020-09-22 14:38:11.804: iteration 1 finished in 5.429480 seconds
2020-09-22 14:38:11.898: epoch 1:	0.02274753  	0.02003187  	0.02587693  	0.04271926  	0.03058090  	0.03440302  	0.01424560  	0.01344860  	0.06127720  	0.06527677  
2020-09-22 14:38:17.431: iteration 2 finished in 5.533202 seconds
2020-09-22 14:38:17.532: epoch 2:	0.06041564  	0.05238069  	0.09998062  	0.16962157  	0.09606263  	0.11494510  	0.05361241  	0.05572759  	0.15426262  	0.16181000  
2020-09-22 14:38:23.150: iteration 3 finished in 5.616979 seconds
2020-09-22 14:38:23.244: epoch 3:	0.06789190  	0.05787603  	0.12263182  	0.19998954  	0.11410705  	0.13457502  	0.06615373  	0.06824633  	0.17716174  	0.18516195  
2020-09-22 14:38:28.847: iteration 4 finished in 5.603014 seconds
2020-09-22 14:38:28.940: epoch 4:	0.07131052  	0.06057577  	0.13015379  	0.21218821  	0.12153997  	0.14342195  	0.07156982  	0.07434780  	0.18664092  	0.19469519  
2020-09-22 14:38:34.667: iteration 5 finished in 5.726684 seconds
2020-09-22 14:38:34.759: epoch 5:	0.07265239  	0.06174190  	0.13675033  	0.22036733  	0.12511352  	0.14738084  	0.07353673  	0.07628331  	0.19136232  	0.19934794  
2020-09-22 14:38:40.271: iteration 6 finished in 5.511261 seconds
2020-09-22 14:38:40.364: epoch 6:	0.07316359  	0.06217323  	0.13849579  	0.22189444  	0.12727119  	0.14957459  	0.07536816  	0.07813626  	0.19358519  	0.20160116  
2020-09-22 14:38:45.818: iteration 7 finished in 5.454413 seconds
2020-09-22 14:38:45.913: epoch 7:	0.07370675  	0.06233296  	0.14346953  	0.22386879  	0.12965675  	0.15123039  	0.07709399  	0.07970876  	0.19440165  	0.20218122  
2020-09-22 14:38:51.404: iteration 8 finished in 5.491314 seconds
2020-09-22 14:38:51.495: epoch 8:	0.07319555  	0.06218920  	0.14341229  	0.22562048  	0.13001864  	0.15211642  	0.07747008  	0.08032636  	0.19683883  	0.20442912  
2020-09-22 14:38:57.034: iteration 9 finished in 5.538188 seconds
2020-09-22 14:38:57.125: epoch 9:	0.07393042  	0.06223712  	0.14333469  	0.22660178  	0.12991422  	0.15186635  	0.07677884  	0.07942130  	0.19701208  	0.20473088  
2020-09-22 14:39:02.699: iteration 10 finished in 5.573094 seconds
2020-09-22 14:39:02.791: epoch 10:	0.07383457  	0.06230102  	0.14343165  	0.22821698  	0.13006651  	0.15250674  	0.07702506  	0.07966375  	0.19745466  	0.20540042  
2020-09-22 14:39:08.350: iteration 11 finished in 5.559133 seconds
2020-09-22 14:39:08.441: epoch 11:	0.07393045  	0.06249271  	0.14284059  	0.22996503  	0.13043539  	0.15343513  	0.07740454  	0.08016190  	0.19884740  	0.20679221  
2020-09-22 14:39:14.001: iteration 12 finished in 5.559132 seconds
2020-09-22 14:39:14.105: epoch 12:	0.07370678  	0.06249270  	0.14271043  	0.23195057  	0.13066299  	0.15425687  	0.07777941  	0.08062116  	0.19952545  	0.20785236  
2020-09-22 14:39:19.823: iteration 13 finished in 5.717794 seconds
2020-09-22 14:39:19.918: epoch 13:	0.07431380  	0.06258856  	0.14547627  	0.23232661  	0.13145180  	0.15436298  	0.07788984  	0.08056621  	0.19894777  	0.20713031  
2020-09-22 14:39:25.778: iteration 14 finished in 5.860294 seconds
2020-09-22 14:39:25.875: epoch 14:	0.07444162  	0.06260453  	0.14691801  	0.23181264  	0.13169679  	0.15409993  	0.07778658  	0.08032168  	0.19879980  	0.20680627  
2020-09-22 14:39:31.467: iteration 15 finished in 5.590598 seconds
2020-09-22 14:39:31.559: epoch 15:	0.07460135  	0.06263647  	0.14806700  	0.23165463  	0.13210076  	0.15411887  	0.07779115  	0.08015321  	0.19980006  	0.20776704  
2020-09-22 14:39:37.262: iteration 16 finished in 5.703551 seconds
2020-09-22 14:39:37.360: epoch 16:	0.07424991  	0.06263650  	0.14690444  	0.23146276  	0.13171479  	0.15411632  	0.07769048  	0.08008038  	0.19958156  	0.20788005  
2020-09-22 14:39:42.962: iteration 17 finished in 5.601021 seconds
2020-09-22 14:39:43.057: epoch 17:	0.07421795  	0.06271638  	0.14777587  	0.23239376  	0.13206758  	0.15463942  	0.07786755  	0.08039632  	0.20027244  	0.20855883  
2020-09-22 14:39:48.867: iteration 18 finished in 5.809538 seconds
2020-09-22 14:39:48.964: epoch 18:	0.07405821  	0.06276433  	0.14788386  	0.23318040  	0.13233522  	0.15521766  	0.07816778  	0.08082982  	0.20131810  	0.20964041  
2020-09-22 14:39:54.580: iteration 19 finished in 5.615982 seconds
2020-09-22 14:39:54.675: epoch 19:	0.07440966  	0.06279627  	0.14894886  	0.23404346  	0.13278717  	0.15548135  	0.07831367  	0.08094423  	0.20195287  	0.21009569  
2020-09-22 14:40:00.277: iteration 20 finished in 5.602017 seconds
2020-09-22 14:40:00.374: epoch 20:	0.07447358  	0.06281227  	0.14915763  	0.23366293  	0.13329318  	0.15582715  	0.07877218  	0.08145090  	0.20309488  	0.21105242  
2020-09-22 14:40:05.950: iteration 21 finished in 5.576088 seconds
2020-09-22 14:40:06.041: epoch 21:	0.07485696  	0.06282824  	0.14862536  	0.23339391  	0.13330056  	0.15577418  	0.07887999  	0.08145634  	0.20268589  	0.21077555  
2020-09-22 14:40:11.955: iteration 22 finished in 5.912189 seconds
2020-09-22 14:40:12.057: epoch 22:	0.07482502  	0.06279627  	0.14860947  	0.23228255  	0.13330553  	0.15551445  	0.07883719  	0.08134416  	0.20306790  	0.21110308  
2020-09-22 14:40:17.748: iteration 23 finished in 5.690781 seconds
2020-09-22 14:40:17.846: epoch 23:	0.07482503  	0.06284420  	0.14890176  	0.23270918  	0.13336183  	0.15564746  	0.07888579  	0.08148488  	0.20285653  	0.21084391  
2020-09-22 14:40:23.486: iteration 24 finished in 5.639917 seconds
2020-09-22 14:40:23.579: epoch 24:	0.07488891  	0.06289212  	0.14833482  	0.23392728  	0.13317986  	0.15582274  	0.07874285  	0.08139980  	0.20298788  	0.21109563  
2020-09-22 14:40:29.134: iteration 25 finished in 5.554147 seconds
2020-09-22 14:40:29.226: epoch 25:	0.07498477  	0.06290809  	0.14895685  	0.23399813  	0.13301586  	0.15552726  	0.07845674  	0.08105697  	0.20226502  	0.21031085  
2020-09-22 14:40:34.985: iteration 26 finished in 5.758600 seconds
2020-09-22 14:40:35.079: epoch 26:	0.07485699  	0.06313174  	0.14917617  	0.23485664  	0.13266343  	0.15554571  	0.07804779  	0.08084952  	0.20138785  	0.20934154  
2020-09-22 14:40:40.839: iteration 27 finished in 5.760594 seconds
2020-09-22 14:40:40.945: epoch 27:	0.07466529  	0.06311577  	0.14867051  	0.23558028  	0.13262522  	0.15591426  	0.07817269  	0.08113281  	0.20152433  	0.20960750  
2020-09-22 14:40:46.756: iteration 28 finished in 5.809464 seconds
2020-09-22 14:40:46.847: epoch 28:	0.07469723  	0.06322759  	0.14860132  	0.23621458  	0.13252218  	0.15604077  	0.07811838  	0.08116887  	0.20109569  	0.20932747  
2020-09-22 14:40:52.628: iteration 29 finished in 5.780541 seconds
2020-09-22 14:40:52.729: epoch 29:	0.07456943  	0.06337137  	0.14831159  	0.23680174  	0.13240516  	0.15622124  	0.07804306  	0.08118357  	0.20132554  	0.20961383  
2020-09-22 14:40:58.353: iteration 30 finished in 5.623958 seconds
2020-09-22 14:40:58.445: epoch 30:	0.07460138  	0.06357904  	0.14778455  	0.23746181  	0.13245673  	0.15661833  	0.07810955  	0.08137570  	0.20207869  	0.21036081  
2020-09-22 14:41:04.130: iteration 31 finished in 5.684815 seconds
2020-09-22 14:41:04.222: epoch 31:	0.07472918  	0.06362696  	0.14800242  	0.23825344  	0.13256939  	0.15685427  	0.07813480  	0.08147256  	0.20220134  	0.21040866  
2020-09-22 14:41:09.860: iteration 32 finished in 5.638009 seconds
2020-09-22 14:41:09.955: epoch 32:	0.07444163  	0.06348319  	0.14706105  	0.23704956  	0.13231501  	0.15665755  	0.07818063  	0.08153793  	0.20189679  	0.21022838  
2020-09-22 14:41:15.972: iteration 33 finished in 6.016908 seconds
2020-09-22 14:41:16.069: epoch 33:	0.07469723  	0.06338733  	0.14798774  	0.23596945  	0.13248657  	0.15621947  	0.07813578  	0.08128413  	0.20137203  	0.20959604  
2020-09-22 14:41:22.347: iteration 34 finished in 6.277546 seconds
2020-09-22 14:41:22.458: epoch 34:	0.07447359  	0.06346720  	0.14759433  	0.23667860  	0.13208354  	0.15621527  	0.07785670  	0.08115130  	0.20057127  	0.20889796  
2020-09-22 14:41:28.796: iteration 35 finished in 6.338051 seconds
2020-09-22 14:41:28.897: epoch 35:	0.07456944  	0.06356306  	0.14824098  	0.23686007  	0.13211168  	0.15613982  	0.07772893  	0.08094082  	0.20045462  	0.20882972  
2020-09-22 14:41:35.442: iteration 36 finished in 6.544360 seconds
2020-09-22 14:41:35.556: epoch 36:	0.07460139  	0.06353109  	0.14886007  	0.23679972  	0.13222969  	0.15605898  	0.07771929  	0.08089982  	0.20039326  	0.20869417  
2020-09-22 14:41:41.856: iteration 37 finished in 6.300015 seconds
2020-09-22 14:41:41.961: epoch 37:	0.07447360  	0.06353109  	0.14847729  	0.23650721  	0.13202876  	0.15594552  	0.07763162  	0.08084562  	0.20013562  	0.20842019  
2020-09-22 14:41:47.805: iteration 38 finished in 5.842402 seconds
2020-09-22 14:41:47.899: epoch 38:	0.07453750  	0.06353110  	0.14882800  	0.23619650  	0.13197486  	0.15572958  	0.07746631  	0.08063281  	0.19978760  	0.20804851  
2020-09-22 14:41:53.619: iteration 39 finished in 5.718871 seconds
2020-09-22 14:41:53.713: epoch 39:	0.07434581  	0.06356305  	0.14778352  	0.23633231  	0.13184275  	0.15596752  	0.07760644  	0.08088816  	0.20004635  	0.20839702  
2020-09-22 14:41:59.457: iteration 40 finished in 5.743138 seconds
2020-09-22 14:41:59.550: epoch 40:	0.07444166  	0.06351512  	0.14790931  	0.23570885  	0.13177405  	0.15565529  	0.07750199  	0.08068930  	0.19959728  	0.20789097  
2020-09-22 14:42:05.421: iteration 41 finished in 5.871327 seconds
2020-09-22 14:42:05.519: epoch 41:	0.07440970  	0.06357902  	0.14823307  	0.23602459  	0.13190517  	0.15582182  	0.07755381  	0.08078056  	0.19992994  	0.20815964  
2020-09-22 14:42:11.250: iteration 42 finished in 5.729953 seconds
2020-09-22 14:42:11.351: epoch 42:	0.07447361  	0.06357902  	0.14912441  	0.23607859  	0.13212354  	0.15580289  	0.07760074  	0.08075880  	0.20002288  	0.20814741  
2020-09-22 14:42:17.073: iteration 43 finished in 5.722173 seconds
2020-09-22 14:42:17.165: epoch 43:	0.07431386  	0.06354707  	0.14918898  	0.23605593  	0.13202101  	0.15574145  	0.07752971  	0.08070411  	0.19992828  	0.20810632  
2020-09-22 14:42:22.214: iteration 44 finished in 5.047500 seconds
2020-09-22 14:42:22.296: epoch 44:	0.07424997  	0.06364290  	0.14933991  	0.23647347  	0.13209191  	0.15596844  	0.07760053  	0.08081223  	0.20014614  	0.20843513  
2020-09-22 14:42:27.000: iteration 45 finished in 4.704419 seconds
2020-09-22 14:42:27.081: epoch 45:	0.07421801  	0.06367485  	0.14885256  	0.23689894  	0.13208663  	0.15619907  	0.07772785  	0.08101929  	0.20029308  	0.20862530  
2020-09-22 14:42:31.854: iteration 46 finished in 4.772238 seconds
2020-09-22 14:42:31.936: epoch 46:	0.07415411  	0.06370681  	0.14853697  	0.23714180  	0.13180728  	0.15609531  	0.07756114  	0.08089828  	0.19958766  	0.20796764  
2020-09-22 14:42:36.640: iteration 47 finished in 4.703421 seconds
2020-09-22 14:42:36.722: epoch 47:	0.07421802  	0.06367487  	0.14888372  	0.23716561  	0.13200788  	0.15617274  	0.07772873  	0.08102102  	0.19969276  	0.20806031  
2020-09-22 14:42:41.433: iteration 48 finished in 4.710403 seconds
2020-09-22 14:42:41.514: epoch 48:	0.07424996  	0.06373877  	0.14894509  	0.23734076  	0.13199104  	0.15617970  	0.07766929  	0.08095644  	0.19968972  	0.20809096  
2020-09-22 14:42:46.304: iteration 49 finished in 4.788195 seconds
2020-09-22 14:42:46.386: epoch 49:	0.07434580  	0.06373876  	0.14913891  	0.23731284  	0.13212293  	0.15620697  	0.07772182  	0.08097111  	0.20002031  	0.20835692  
2020-09-22 14:42:51.142: iteration 50 finished in 4.754286 seconds
2020-09-22 14:42:51.224: epoch 50:	0.07434580  	0.06369084  	0.14886776  	0.23667316  	0.13205297  	0.15603465  	0.07767004  	0.08092622  	0.19994667  	0.20821568  
