2020-07-20 20:20:17.740: Dataset name: u1
The number of users: 6360
The number of items: 2364
The number of ratings: 53871
Average actions of users: 8.47
Average actions of items: 22.79
The sparsity of the dataset: 99.641697%
2020-07-20 20:20:17.741: 

NeuRec hyperparameters:
recommender=WRMF
config_dir=./conf
gpu_id=0
gpu_mem=0.5
data.input.path=C:\Users\HyunsikYoo\Desktop\VNE_directed_networks/_Data/jdk/5-fold/u1/
data.input.dataset=u1
data.output.path=C:\Users\HyunsikYoo\Desktop\VNE_directed_networks/_Data/jdk/5-fold/u1/relevance_WRMF_directed.dir
data.column.format=UI
data.convert.separator='\t'
user_min=0
item_min=0
splitter=given
ratio=0.8
by_time=False
metric=["Precision", "Recall", "NDCG", "MAP", "MRR"]
topk=[10, 20]
group_view=None
rec.evaluate.neg=0
test_batch_size=128
num_thread=8

WRMF's hyperparameters:
epochs=50
embedding_size=16
reg_mf=0.1
alpha=10
init_method=uniform
stddev=0.01
verbose=1

2020-07-20 20:20:18.087: metrics:	Precision@10	Precision@20	Recall@10   	Recall@20   	NDCG@10     	NDCG@20     	MAP@10      	MAP@20      	MRR@10      	MRR@20      
2020-07-20 20:20:20.745: iteration 1 finished in 2.658889 seconds
2020-07-20 20:20:20.867: epoch 1:	0.10223384  	0.06108036  	0.58001232  	0.64111239  	0.50072181  	0.51771605  	0.44373715  	0.44935468  	0.52175713  	0.52515227  
2020-07-20 20:20:23.691: iteration 2 finished in 2.823423 seconds
2020-07-20 20:20:23.809: epoch 2:	0.13358635  	0.07526033  	0.72021538  	0.77411574  	0.67688143  	0.69011748  	0.63126028  	0.63482422  	0.71574962  	0.71842873  
2020-07-20 20:20:26.623: iteration 3 finished in 2.814475 seconds
2020-07-20 20:20:26.743: epoch 3:	0.13773146  	0.07713811  	0.74095631  	0.79335827  	0.69415426  	0.70694411  	0.64812130  	0.65161866  	0.73009068  	0.73262507  
2020-07-20 20:20:29.588: iteration 4 finished in 2.845755 seconds
2020-07-20 20:20:29.713: epoch 4:	0.13950278  	0.07813894  	0.75105560  	0.80463082  	0.70322269  	0.71638560  	0.65730518  	0.66101617  	0.73762655  	0.74008828  
2020-07-20 20:20:32.536: iteration 5 finished in 2.822690 seconds
2020-07-20 20:20:32.659: epoch 5:	0.14072503  	0.07846664  	0.75748605  	0.80756336  	0.70810121  	0.72031069  	0.66193652  	0.66533506  	0.74177593  	0.74397206  
2020-07-20 20:20:35.476: iteration 6 finished in 2.817554 seconds
2020-07-20 20:20:35.596: epoch 6:	0.14104384  	0.07875893  	0.75863701  	0.80959290  	0.71027124  	0.72276402  	0.66428208  	0.66784191  	0.74464715  	0.74678642  
2020-07-20 20:20:38.410: iteration 7 finished in 2.814499 seconds
2020-07-20 20:20:38.529: epoch 7:	0.14146899  	0.07890947  	0.75987822  	0.81123877  	0.71165383  	0.72415346  	0.66550517  	0.66895360  	0.74634004  	0.74855870  
2020-07-20 20:20:41.350: iteration 8 finished in 2.820146 seconds
2020-07-20 20:20:41.473: epoch 8:	0.14173464  	0.07904233  	0.76133317  	0.81189001  	0.71558088  	0.72788936  	0.67030793  	0.67368716  	0.75126487  	0.75336581  
2020-07-20 20:20:44.292: iteration 9 finished in 2.819682 seconds
2020-07-20 20:20:44.414: epoch 9:	0.14187638  	0.07913979  	0.76130050  	0.81182230  	0.71806842  	0.73046649  	0.67362767  	0.67705792  	0.75473636  	0.75689363  
2020-07-20 20:20:47.225: iteration 10 finished in 2.810539 seconds
2020-07-20 20:20:47.343: epoch 10:	0.14200041  	0.07917522  	0.76142848  	0.81252283  	0.71722502  	0.72969693  	0.67224348  	0.67567551  	0.75419730  	0.75631732  
2020-07-20 20:20:50.156: iteration 11 finished in 2.813483 seconds
2020-07-20 20:20:50.275: epoch 11:	0.14221299  	0.07913978  	0.76334143  	0.81317288  	0.71572739  	0.72778153  	0.66961175  	0.67280561  	0.75180066  	0.75379527  
2020-07-20 20:20:53.012: iteration 12 finished in 2.736927 seconds
2020-07-20 20:20:53.129: epoch 12:	0.14249642  	0.07916636  	0.76472354  	0.81299764  	0.71603870  	0.72753197  	0.66961765  	0.67250174  	0.75198668  	0.75386363  
2020-07-20 20:20:55.927: iteration 13 finished in 2.797044 seconds
2020-07-20 20:20:56.049: epoch 13:	0.14244327  	0.07908663  	0.76320320  	0.81205064  	0.71453130  	0.72616494  	0.66818941  	0.67103201  	0.74984938  	0.75185913  
2020-07-20 20:20:58.857: iteration 14 finished in 2.806626 seconds
2020-07-20 20:20:58.980: epoch 14:	0.14237238  	0.07911321  	0.76313835  	0.81208557  	0.71297354  	0.72470224  	0.66603494  	0.66900337  	0.74791420  	0.74987680  
2020-07-20 20:21:01.723: iteration 15 finished in 2.743688 seconds
2020-07-20 20:21:01.840: epoch 15:	0.14212441  	0.07914864  	0.76085913  	0.81262809  	0.71200001  	0.72451270  	0.66526496  	0.66850442  	0.74755573  	0.74975920  
2020-07-20 20:21:04.647: iteration 16 finished in 2.806467 seconds
2020-07-20 20:21:04.767: epoch 16:	0.14215983  	0.07916635  	0.76142001  	0.81303203  	0.71210897  	0.72457391  	0.66538316  	0.66861647  	0.74710155  	0.74923390  
2020-07-20 20:21:07.591: iteration 17 finished in 2.823698 seconds
2020-07-20 20:21:07.708: epoch 17:	0.14214215  	0.07914864  	0.76157951  	0.81319654  	0.71174759  	0.72420698  	0.66483235  	0.66806042  	0.74670172  	0.74881852  
2020-07-20 20:21:10.533: iteration 18 finished in 2.824603 seconds
2020-07-20 20:21:10.655: epoch 18:	0.14217757  	0.07919294  	0.76175803  	0.81356192  	0.71127146  	0.72377169  	0.66417599  	0.66742069  	0.74570787  	0.74785435  
2020-07-20 20:21:13.502: iteration 19 finished in 2.847469 seconds
2020-07-20 20:21:13.622: epoch 19:	0.14215985  	0.07912207  	0.76201856  	0.81227547  	0.71077251  	0.72292596  	0.66346270  	0.66666174  	0.74464554  	0.74674350  
2020-07-20 20:21:16.455: iteration 20 finished in 2.833507 seconds
2020-07-20 20:21:16.571: epoch 20:	0.14226612  	0.07912207  	0.76263702  	0.81236404  	0.71076453  	0.72274160  	0.66329181  	0.66639334  	0.74435318  	0.74643284  
2020-07-20 20:21:19.395: iteration 21 finished in 2.823066 seconds
2020-07-20 20:21:19.518: epoch 21:	0.14230156  	0.07910436  	0.76285100  	0.81208712  	0.71079630  	0.72265953  	0.66330212  	0.66636956  	0.74409121  	0.74616253  
2020-07-20 20:21:22.334: iteration 22 finished in 2.815521 seconds
2020-07-20 20:21:22.457: epoch 22:	0.14226612  	0.07911322  	0.76279199  	0.81226742  	0.71065575  	0.72259724  	0.66314405  	0.66624719  	0.74388897  	0.74594802  
2020-07-20 20:21:25.291: iteration 23 finished in 2.833426 seconds
2020-07-20 20:21:25.412: epoch 23:	0.14221300  	0.07913095  	0.76275879  	0.81244808  	0.71061856  	0.72262436  	0.66304708  	0.66620964  	0.74395424  	0.74604177  
2020-07-20 20:21:28.295: iteration 24 finished in 2.882338 seconds
2020-07-20 20:21:28.418: epoch 24:	0.14210671  	0.07914866  	0.76256144  	0.81271392  	0.71052474  	0.72269744  	0.66296071  	0.66620684  	0.74396580  	0.74609727  
2020-07-20 20:21:31.252: iteration 25 finished in 2.834516 seconds
2020-07-20 20:21:31.371: epoch 25:	0.14210673  	0.07916637  	0.76247716  	0.81302321  	0.71043527  	0.72269082  	0.66286218  	0.66611755  	0.74376833  	0.74595302  
2020-07-20 20:21:34.215: iteration 26 finished in 2.843395 seconds
2020-07-20 20:21:34.335: epoch 26:	0.14207131  	0.07916637  	0.76218092  	0.81293887  	0.71035302  	0.72267014  	0.66283774  	0.66610968  	0.74382281  	0.74603128  
2020-07-20 20:21:37.172: iteration 27 finished in 2.837489 seconds
2020-07-20 20:21:37.294: epoch 27:	0.14228387  	0.07917523  	0.76417667  	0.81302744  	0.71077442  	0.72254807  	0.66280895  	0.66590267  	0.74376523  	0.74579203  
2020-07-20 20:21:40.144: iteration 28 finished in 2.849737 seconds
2020-07-20 20:21:40.268: epoch 28:	0.14219530  	0.07918409  	0.76385421  	0.81311601  	0.71051759  	0.72244495  	0.66254681  	0.66572523  	0.74350393  	0.74557054  
2020-07-20 20:21:43.089: iteration 29 finished in 2.820483 seconds
2020-07-20 20:21:43.216: epoch 29:	0.14214215  	0.07920180  	0.76382029  	0.81324464  	0.71071976  	0.72270954  	0.66279852  	0.66601539  	0.74387664  	0.74593675  
2020-07-20 20:21:46.014: iteration 30 finished in 2.797564 seconds
2020-07-20 20:21:46.149: epoch 30:	0.14217758  	0.07919294  	0.76413912  	0.81306750  	0.71072054  	0.72257513  	0.66271049  	0.66588306  	0.74375260  	0.74579644  
2020-07-20 20:21:49.028: iteration 31 finished in 2.879323 seconds
2020-07-20 20:21:49.152: epoch 31:	0.14208899  	0.07920180  	0.76398104  	0.81327742  	0.71063477  	0.72261584  	0.66260940  	0.66584855  	0.74380833  	0.74586540  
2020-07-20 20:21:51.975: iteration 32 finished in 2.821518 seconds
2020-07-20 20:21:52.095: epoch 32:	0.14205357  	0.07923724  	0.76390821  	0.81367600  	0.71059179  	0.72271097  	0.66259754  	0.66589779  	0.74370003  	0.74576378  
2020-07-20 20:21:54.919: iteration 33 finished in 2.824471 seconds
2020-07-20 20:21:55.042: epoch 33:	0.14201815  	0.07922839  	0.76371038  	0.81372327  	0.71067190  	0.72285068  	0.66274315  	0.66604906  	0.74387145  	0.74596667  
2020-07-20 20:21:57.908: iteration 34 finished in 2.865378 seconds
2020-07-20 20:21:58.033: epoch 34:	0.14201815  	0.07921953  	0.76328593  	0.81363469  	0.71041745  	0.72265869  	0.66254836  	0.66583681  	0.74362761  	0.74576157  
2020-07-20 20:22:00.868: iteration 35 finished in 2.834465 seconds
2020-07-20 20:22:00.991: epoch 35:	0.14191185  	0.07923724  	0.76274842  	0.81395942  	0.71041286  	0.72291356  	0.66266143  	0.66605818  	0.74398923  	0.74616873  
2020-07-20 20:22:03.816: iteration 36 finished in 2.824458 seconds
2020-07-20 20:22:03.937: epoch 36:	0.14196500  	0.07923724  	0.76344526  	0.81404799  	0.71062547  	0.72295207  	0.66275245  	0.66609019  	0.74406111  	0.74620092  
2020-07-20 20:22:06.749: iteration 37 finished in 2.811633 seconds
2020-07-20 20:22:06.868: epoch 37:	0.14192957  	0.07925495  	0.76343054  	0.81431371  	0.71058244  	0.72299075  	0.66270804  	0.66607547  	0.74408466  	0.74622375  
2020-07-20 20:22:09.629: iteration 38 finished in 2.760117 seconds
2020-07-20 20:22:09.743: epoch 38:	0.14187641  	0.07924610  	0.76306432  	0.81436008  	0.71056861  	0.72308677  	0.66279525  	0.66618955  	0.74416196  	0.74634778  
2020-07-20 20:22:12.497: iteration 39 finished in 2.753823 seconds
2020-07-20 20:22:12.618: epoch 39:	0.14189413  	0.07924610  	0.76308972  	0.81436008  	0.71066082  	0.72316831  	0.66287988  	0.66627097  	0.74441266  	0.74659932  
2020-07-20 20:22:15.453: iteration 40 finished in 2.834461 seconds
2020-07-20 20:22:15.575: epoch 40:	0.14189412  	0.07921953  	0.76295847  	0.81408846  	0.71062136  	0.72308457  	0.66283071  	0.66620421  	0.74447018  	0.74664766  
2020-07-20 20:22:18.327: iteration 41 finished in 2.750722 seconds
2020-07-20 20:22:18.449: epoch 41:	0.14187640  	0.07920181  	0.76268858  	0.81382275  	0.70992869  	0.72239023  	0.66197044  	0.66533560  	0.74361074  	0.74579877  
2020-07-20 20:22:21.328: iteration 42 finished in 2.879390 seconds
2020-07-20 20:22:21.463: epoch 42:	0.14191182  	0.07922837  	0.76283616  	0.81410211  	0.71006191  	0.72253573  	0.66209358  	0.66546190  	0.74375987  	0.74593651  
2020-07-20 20:22:24.306: iteration 43 finished in 2.842949 seconds
2020-07-20 20:22:24.424: epoch 43:	0.14198269  	0.07924609  	0.76299423  	0.81428915  	0.71028537  	0.72272980  	0.66232252  	0.66564673  	0.74409747  	0.74627990  
2020-07-20 20:22:27.192: iteration 44 finished in 2.766606 seconds
2020-07-20 20:22:27.316: epoch 44:	0.14200039  	0.07923724  	0.76310807  	0.81422997  	0.71044862  	0.72283804  	0.66250098  	0.66581130  	0.74433154  	0.74648643  
2020-07-20 20:22:30.130: iteration 45 finished in 2.814586 seconds
2020-07-20 20:22:30.253: epoch 45:	0.14210668  	0.07922837  	0.76360148  	0.81414139  	0.71062523  	0.72282052  	0.66258824  	0.66579342  	0.74447632  	0.74659801  
2020-07-20 20:22:33.003: iteration 46 finished in 2.749627 seconds
2020-07-20 20:22:33.120: epoch 46:	0.14210668  	0.07923724  	0.76360148  	0.81396008  	0.71069068  	0.72286052  	0.66267222  	0.66588360  	0.74457306  	0.74668646  
2020-07-20 20:22:35.952: iteration 47 finished in 2.831482 seconds
2020-07-20 20:22:36.072: epoch 47:	0.14214212  	0.07925495  	0.76369739  	0.81415939  	0.71068841  	0.72286755  	0.66266078  	0.66587120  	0.74440485  	0.74651068  
2020-07-20 20:22:38.913: iteration 48 finished in 2.840714 seconds
2020-07-20 20:22:39.053: epoch 48:	0.14215985  	0.07926381  	0.76378596  	0.81424797  	0.71061796  	0.72279978  	0.66257077  	0.66578883  	0.74421424  	0.74631649  
2020-07-20 20:22:41.927: iteration 49 finished in 2.874327 seconds
2020-07-20 20:22:42.051: epoch 49:	0.14212441  	0.07926381  	0.76351911  	0.81423324  	0.71060222  	0.72286379  	0.66258466  	0.66584092  	0.74437565  	0.74649638  
2020-07-20 20:22:44.886: iteration 50 finished in 2.834418 seconds
2020-07-20 20:22:45.004: epoch 50:	0.14215985  	0.07923724  	0.76361805  	0.81390846  	0.71071142  	0.72284925  	0.66270077  	0.66589767  	0.74448919  	0.74660331  
