2020-09-22 10:14:16.609: Dataset name: u1
The number of users: 5905
The number of items: 5907
The number of ratings: 20336
Average actions of users: 3.44
Average actions of items: 3.44
The sparsity of the dataset: 99.941699%
2020-09-22 10:14:16.610: 

NeuRec hyperparameters:
recommender=WRMF
config_dir=./conf
gpu_id=0
gpu_mem=0.5
data.input.path=C:\Users\HyunsikYoo\Desktop\VNE_directed_networks/_Data/p2p-Gnutella08/5-fold/u1/
data.input.dataset=u1
data.output.path=C:\Users\HyunsikYoo\Desktop\VNE_directed_networks/_Data/p2p-Gnutella08/5-fold/u1/relevance_WRMF_directed_outprop_False_uniform
data.column.format=UI
data.convert.separator='\t'
user_min=0
item_min=0
splitter=given
ratio=0.8
by_time=False
metric=["Precision", "Recall", "NDCG", "MAP", "MRR"]
topk=[10, 20]
group_view=None
rec.evaluate.neg=0
test_batch_size=128
num_thread=8
data.index.remap=False

WRMF's hyperparameters:
epochs=2
embedding_size=16
reg_mf=0.1
alpha=10
init_method=uniform
stddev=0.01
verbose=1
weight=uniform

2020-09-22 10:15:50.568: metrics:	Precision@10	Precision@20	Recall@10   	Recall@20   	NDCG@10     	NDCG@20     	MAP@10      	MAP@20      	MRR@10      	MRR@20      
2020-09-22 10:15:54.737: iteration 1 finished in 4.168338 seconds
2020-09-22 10:15:54.786: epoch 1:	0.00808412  	0.00696263  	0.04322430  	0.07445484  	0.02511257  	0.03446786  	0.01461068  	0.01725509  	0.02633121  	0.02918909  
2020-09-22 10:15:58.861: iteration 2 finished in 4.075572 seconds
2020-09-22 10:15:58.912: epoch 2:	0.01107479  	0.01014019  	0.05934579  	0.10677570  	0.03603867  	0.05049970  	0.02219599  	0.02660125  	0.03868956  	0.04262453  
