2020-08-01 12:07:44.917: Dataset name: u1
The number of users: 5905
The number of items: 5907
The number of ratings: 20336
Average actions of users: 3.44
Average actions of items: 3.44
The sparsity of the dataset: 99.941699%
2020-08-01 12:07:44.917: 

NeuRec hyperparameters:
recommender=WRMF
config_dir=./conf
gpu_id=0
gpu_mem=0.5
data.input.path=C:\Users\HyunsikYoo\Desktop\VNE_directed_networks/_Data/p2p-Gnutella08/5-fold/u1/
data.input.dataset=u1
data.output.path=C:\Users\HyunsikYoo\Desktop\VNE_directed_networks/_Data/p2p-Gnutella08/5-fold/u1/relevance_WRMF_directed_False_user_oriented
data.column.format=UI
data.convert.separator='\t'
user_min=0
item_min=0
splitter=given
ratio=0.8
by_time=False
metric=["Precision", "Recall", "NDCG", "MAP", "MRR"]
topk=[10, 20]
group_view=None
rec.evaluate.neg=0
test_batch_size=128
num_thread=8
data.index.remap=False

WRMF's hyperparameters:
epochs=2
embedding_size=16
reg_mf=0.1
alpha=10
init_method=uniform
stddev=0.01
verbose=1
weight=user_oriented

2020-08-01 12:09:15.982: metrics:	Precision@10	Precision@20	Recall@10   	Recall@20   	NDCG@10     	NDCG@20     	MAP@10      	MAP@20      	MRR@10      	MRR@20      
2020-08-01 12:09:20.550: iteration 1 finished in 4.568053 seconds
2020-08-01 12:09:20.604: epoch 1:	0.00850468  	0.00724301  	0.04579439  	0.07757010  	0.02639965  	0.03601195  	0.01541295  	0.01817456  	0.02736797  	0.03034138  
2020-08-01 12:09:24.872: iteration 2 finished in 4.267558 seconds
2020-08-01 12:09:24.924: epoch 2:	0.01065423  	0.00939252  	0.05607476  	0.09929907  	0.03416153  	0.04718353  	0.02102164  	0.02481227  	0.03638982  	0.04022663  
