2020-09-08 16:31:15.848: Dataset name: u1
The number of users: 2235
The number of items: 2234
The number of ratings: 4830
Average actions of users: 2.16
Average actions of items: 2.16
The sparsity of the dataset: 99.903264%
2020-09-08 16:31:15.849: 

NeuRec hyperparameters:
recommender=WRMF
config_dir=./conf
gpu_id=0
gpu_mem=0.5
data.input.path=C:\Users\HyunsikYoo\Desktop\VNE_directed_networks/_Data/cora/5-fold/u1/
data.input.dataset=u1
data.output.path=C:\Users\HyunsikYoo\Desktop\VNE_directed_networks/_Data/cora/5-fold/u1/bi_relevance_WRMF_directed_uni_False_uniform
data.column.format=UI
data.convert.separator='\t'
user_min=0
item_min=0
splitter=given
ratio=0.8
by_time=False
metric=["Precision", "Recall", "NDCG", "MAP", "MRR"]
topk=[10, 20]
group_view=None
rec.evaluate.neg=0
test_batch_size=128
num_thread=8
data.index.remap=False

WRMF's hyperparameters:
epochs=50
embedding_size=16
reg_mf=0.1
alpha=10
init_method=uniform
stddev=0.01
verbose=1
weight=uniform

2020-09-08 16:31:30.103: metrics:	Precision@10	Precision@20	Recall@10   	Recall@20   	NDCG@10     	NDCG@20     	MAP@10      	MAP@20      	MRR@10      	MRR@20      
2020-09-08 16:31:31.447: iteration 1 finished in 1.344407 seconds
2020-09-08 16:31:31.466: epoch 1:	0.00252525  	0.00218855  	0.01387810  	0.02796339  	0.00937548  	0.01305213  	0.00663346  	0.00755414  	0.01091938  	0.01217339  
2020-09-08 16:31:32.782: iteration 2 finished in 1.314486 seconds
2020-09-08 16:31:32.791: epoch 2:	0.01430976  	0.00984849  	0.10951826  	0.14720856  	0.07039861  	0.08024274  	0.05483022  	0.05734600  	0.06525440  	0.06826855  
2020-09-08 16:31:33.971: iteration 3 finished in 1.178849 seconds
2020-09-08 16:31:33.985: epoch 3:	0.02020204  	0.01355221  	0.15352169  	0.20039785  	0.09425159  	0.10686875  	0.07009198  	0.07349803  	0.08711851  	0.09089890  
2020-09-08 16:31:35.287: iteration 4 finished in 1.302492 seconds
2020-09-08 16:31:35.301: epoch 4:	0.02323235  	0.01565659  	0.17624895  	0.23299898  	0.10638557  	0.12140044  	0.07783904  	0.08187537  	0.09770589  	0.10187799  
2020-09-08 16:31:36.613: iteration 5 finished in 1.311494 seconds
2020-09-08 16:31:36.628: epoch 5:	0.02424245  	0.01675087  	0.18550822  	0.24770497  	0.10823460  	0.12501673  	0.07762114  	0.08212731  	0.09711933  	0.10212203  
2020-09-08 16:31:37.943: iteration 6 finished in 1.315483 seconds
2020-09-08 16:31:37.957: epoch 6:	0.02542090  	0.01708757  	0.19364515  	0.25173011  	0.11018322  	0.12590031  	0.07766894  	0.08195249  	0.09766781  	0.10213277  
2020-09-08 16:31:39.276: iteration 7 finished in 1.317478 seconds
2020-09-08 16:31:39.289: epoch 7:	0.02558926  	0.01767680  	0.19482359  	0.26198414  	0.10813485  	0.12594543  	0.07442506  	0.07923011  	0.09513320  	0.10002833  
2020-09-08 16:31:40.604: iteration 8 finished in 1.313844 seconds
2020-09-08 16:31:40.618: epoch 8:	0.02609431  	0.01776097  	0.19512968  	0.26020563  	0.10892362  	0.12632395  	0.07530472  	0.08001763  	0.09621277  	0.10113877  
2020-09-08 16:31:41.922: iteration 9 finished in 1.303515 seconds
2020-09-08 16:31:41.935: epoch 9:	0.02575761  	0.01792932  	0.19204326  	0.26357263  	0.10785426  	0.12699309  	0.07487349  	0.08016639  	0.09561886  	0.10094433  
2020-09-08 16:31:43.243: iteration 10 finished in 1.307505 seconds
2020-09-08 16:31:43.257: epoch 10:	0.02558926  	0.01767680  	0.18970507  	0.26277095  	0.10678440  	0.12618656  	0.07415881  	0.07958434  	0.09485194  	0.10025052  
2020-09-08 16:31:44.569: iteration 11 finished in 1.311494 seconds
2020-09-08 16:31:44.583: epoch 11:	0.02542091  	0.01801350  	0.18964896  	0.26738861  	0.10697780  	0.12762131  	0.07446872  	0.08023339  	0.09535433  	0.10094497  
2020-09-08 16:31:45.895: iteration 12 finished in 1.312490 seconds
2020-09-08 16:31:45.908: epoch 12:	0.02525256  	0.01784515  	0.18867770  	0.26374102  	0.10591582  	0.12610982  	0.07346886  	0.07918122  	0.09446914  	0.10010890  
2020-09-08 16:31:47.223: iteration 13 finished in 1.313488 seconds
2020-09-08 16:31:47.237: epoch 13:	0.02508421  	0.01818185  	0.18764891  	0.26823035  	0.10517714  	0.12672643  	0.07289501  	0.07892323  	0.09326530  	0.09909752  
2020-09-08 16:31:48.549: iteration 14 finished in 1.312492 seconds
2020-09-08 16:31:48.563: epoch 14:	0.02491586  	0.01826602  	0.18559128  	0.27086660  	0.10417326  	0.12696704  	0.07231658  	0.07874452  	0.09228058  	0.09854273  
2020-09-08 16:31:49.873: iteration 15 finished in 1.309485 seconds
2020-09-08 16:31:49.886: epoch 15:	0.02474751  	0.01818185  	0.18503012  	0.26985648  	0.10309117  	0.12594835  	0.07130047  	0.07779704  	0.09106205  	0.09753580  
2020-09-08 16:31:51.199: iteration 16 finished in 1.311494 seconds
2020-09-08 16:31:51.212: epoch 16:	0.02491586  	0.01809767  	0.18839712  	0.27036157  	0.10433351  	0.12638302  	0.07214422  	0.07840750  	0.09187641  	0.09806123  
2020-09-08 16:31:52.525: iteration 17 finished in 1.312480 seconds
2020-09-08 16:31:52.539: epoch 17:	0.02525256  	0.01809767  	0.19032112  	0.26783630  	0.10447822  	0.12540060  	0.07188290  	0.07772155  	0.09132861  	0.09731589  
2020-09-08 16:31:53.734: iteration 18 finished in 1.193808 seconds
2020-09-08 16:31:53.747: epoch 18:	0.02457915  	0.01818185  	0.18448231  	0.26839748  	0.10128632  	0.12407175  	0.06947222  	0.07587835  	0.08865239  	0.09530076  
2020-09-08 16:31:55.060: iteration 19 finished in 1.311521 seconds
2020-09-08 16:31:55.074: epoch 19:	0.02474750  	0.01809767  	0.18616582  	0.26937950  	0.10180774  	0.12420567  	0.06967342  	0.07589863  	0.08891159  	0.09545825  
2020-09-08 16:31:56.388: iteration 20 finished in 1.313489 seconds
2020-09-08 16:31:56.402: epoch 20:	0.02424245  	0.01835020  	0.18083473  	0.27064213  	0.09921253  	0.12355989  	0.06782056  	0.07466210  	0.08674908  	0.09378019  
2020-09-08 16:31:57.712: iteration 21 finished in 1.308502 seconds
2020-09-08 16:31:57.727: epoch 21:	0.02441080  	0.01835020  	0.18251823  	0.27064213  	0.10064659  	0.12448821  	0.06922949  	0.07586475  	0.08793021  	0.09480435  
2020-09-08 16:31:59.022: iteration 22 finished in 1.295537 seconds
2020-09-08 16:31:59.036: epoch 22:	0.02457915  	0.01818185  	0.18369667  	0.26839745  	0.10097320  	0.12386826  	0.06930608  	0.07567361  	0.08795025  	0.09455441  
2020-09-08 16:32:00.347: iteration 23 finished in 1.309500 seconds
2020-09-08 16:32:00.360: epoch 23:	0.02441080  	0.01809767  	0.18201317  	0.26559162  	0.09994170  	0.12272482  	0.06839851  	0.07478680  	0.08695952  	0.09363512  
2020-09-08 16:32:01.669: iteration 24 finished in 1.307504 seconds
2020-09-08 16:32:01.683: epoch 24:	0.02390575  	0.01818185  	0.17696266  	0.26727512  	0.09796250  	0.12249321  	0.06722441  	0.07412145  	0.08585858  	0.09304050  
2020-09-08 16:32:02.992: iteration 25 finished in 1.309500 seconds
2020-09-08 16:32:03.008: epoch 25:	0.02373740  	0.01809767  	0.17612091  	0.26403761  	0.09745487  	0.12158569  	0.06692445  	0.07375536  	0.08554126  	0.09273233  
2020-09-08 16:32:04.181: iteration 26 finished in 1.172840 seconds
2020-09-08 16:32:04.194: epoch 26:	0.02390575  	0.01818185  	0.17864616  	0.26572111  	0.09713468  	0.12103511  	0.06590432  	0.07261866  	0.08437281  	0.09153125  
2020-09-08 16:32:05.392: iteration 27 finished in 1.197798 seconds
2020-09-08 16:32:05.405: epoch 27:	0.02390575  	0.01792932  	0.17864616  	0.26263472  	0.09682479  	0.11984190  	0.06553794  	0.07202979  	0.08405682  	0.09087815  
2020-09-08 16:32:06.606: iteration 28 finished in 1.199793 seconds
2020-09-08 16:32:06.620: epoch 28:	0.02390575  	0.01792932  	0.17780441  	0.26263472  	0.09565698  	0.11876645  	0.06418682  	0.07067934  	0.08280155  	0.08955407  
2020-09-08 16:32:07.819: iteration 29 finished in 1.198769 seconds
2020-09-08 16:32:07.837: epoch 29:	0.02407410  	0.01809767  	0.17948791  	0.26459879  	0.09673050  	0.11984979  	0.06517822  	0.07160600  	0.08374483  	0.09048644  
2020-09-08 16:32:09.156: iteration 30 finished in 1.318475 seconds
2020-09-08 16:32:09.171: epoch 30:	0.02356905  	0.01826602  	0.17443740  	0.26684347  	0.09458805  	0.11960711  	0.06378132  	0.07072652  	0.08232589  	0.08963244  
2020-09-08 16:32:10.476: iteration 31 finished in 1.304513 seconds
2020-09-08 16:32:10.490: epoch 31:	0.02323235  	0.01818185  	0.17233303  	0.26515996  	0.09428500  	0.11949385  	0.06400444  	0.07107804  	0.08286568  	0.09016626  
2020-09-08 16:32:11.800: iteration 32 finished in 1.309329 seconds
2020-09-08 16:32:11.813: epoch 32:	0.02356905  	0.01826602  	0.17570004  	0.26684347  	0.09459057  	0.11919987  	0.06357088  	0.07038359  	0.08229315  	0.08932944  
2020-09-08 16:32:13.127: iteration 33 finished in 1.313488 seconds
2020-09-08 16:32:13.141: epoch 33:	0.02289565  	0.01809767  	0.16980778  	0.26586142  	0.09230100  	0.11814357  	0.06221138  	0.06938499  	0.08113808  	0.08860111  
2020-09-08 16:32:14.456: iteration 34 finished in 1.314485 seconds
2020-09-08 16:32:14.470: epoch 34:	0.02289565  	0.01809767  	0.16980778  	0.26586142  	0.09298885  	0.11884241  	0.06313664  	0.07032376  	0.08215085  	0.08962990  
2020-09-08 16:32:15.784: iteration 35 finished in 1.312467 seconds
2020-09-08 16:32:15.799: epoch 35:	0.02239059  	0.01784515  	0.16475728  	0.26165265  	0.09220895  	0.11828814  	0.06359192  	0.07088051  	0.08254167  	0.09006898  
2020-09-08 16:32:17.113: iteration 36 finished in 1.312451 seconds
2020-09-08 16:32:17.126: epoch 36:	0.02239059  	0.01784515  	0.16475728  	0.26165265  	0.09087766  	0.11688589  	0.06177582  	0.06900557  	0.08094435  	0.08841223  
2020-09-08 16:32:18.436: iteration 37 finished in 1.308471 seconds
2020-09-08 16:32:18.452: epoch 37:	0.02205389  	0.01759262  	0.16139027  	0.25660214  	0.08932636  	0.11501789  	0.06060071  	0.06779242  	0.07992490  	0.08738568  
2020-09-08 16:32:19.770: iteration 38 finished in 1.317478 seconds
2020-09-08 16:32:19.784: epoch 38:	0.02171719  	0.01750845  	0.15802327  	0.25491863  	0.08731890  	0.11349817  	0.05895006  	0.06630669  	0.07793543  	0.08555532  
2020-09-08 16:32:21.072: iteration 39 finished in 1.287566 seconds
2020-09-08 16:32:21.085: epoch 39:	0.02154884  	0.01759262  	0.15633976  	0.25660214  	0.08644061  	0.11338910  	0.05834247  	0.06586841  	0.07731346  	0.08510018  
2020-09-08 16:32:22.349: iteration 40 finished in 1.262707 seconds
2020-09-08 16:32:22.376: epoch 40:	0.02138049  	0.01750845  	0.15577860  	0.25576040  	0.08598097  	0.11277759  	0.05800990  	0.06538138  	0.07682244  	0.08466471  
2020-09-08 16:32:23.579: iteration 41 finished in 1.203782 seconds
2020-09-08 16:32:23.592: epoch 41:	0.02138049  	0.01750845  	0.15577860  	0.25576040  	0.08573373  	0.11246884  	0.05774735  	0.06506910  	0.07650177  	0.08428930  
2020-09-08 16:32:24.808: iteration 42 finished in 1.214331 seconds
2020-09-08 16:32:24.823: epoch 42:	0.02138049  	0.01742427  	0.15577860  	0.25407690  	0.08558669  	0.11189748  	0.05761608  	0.06481687  	0.07623321  	0.08390825  
2020-09-08 16:32:26.019: iteration 43 finished in 1.195764 seconds
2020-09-08 16:32:26.032: epoch 43:	0.02138049  	0.01750845  	0.15493685  	0.25491863  	0.08526778  	0.11198500  	0.05737892  	0.06468568  	0.07602411  	0.08377974  
2020-09-08 16:32:27.230: iteration 44 finished in 1.197798 seconds
2020-09-08 16:32:27.243: epoch 44:	0.02121214  	0.01742427  	0.15325335  	0.25323513  	0.08562551  	0.11233713  	0.05827812  	0.06558277  	0.07723798  	0.08499900  
2020-09-08 16:32:28.437: iteration 45 finished in 1.193779 seconds
2020-09-08 16:32:28.452: epoch 45:	0.02154884  	0.01750845  	0.15499295  	0.25407690  	0.08518938  	0.11153930  	0.05717824  	0.06434503  	0.07586312  	0.08343863  
2020-09-08 16:32:29.755: iteration 46 finished in 1.303515 seconds
2020-09-08 16:32:29.769: epoch 46:	0.02138049  	0.01734010  	0.15330945  	0.25281426  	0.08430407  	0.11060032  	0.05638926  	0.06347454  	0.07532065  	0.08294162  
2020-09-08 16:32:31.083: iteration 47 finished in 1.312491 seconds
2020-09-08 16:32:31.097: epoch 47:	0.02138049  	0.01725592  	0.15330945  	0.25113076  	0.08513961  	0.11102842  	0.05753618  	0.06451777  	0.07614771  	0.08365219  
2020-09-08 16:32:32.409: iteration 48 finished in 1.312490 seconds
2020-09-08 16:32:32.422: epoch 48:	0.02154884  	0.01717174  	0.15499295  	0.25070989  	0.08529077  	0.11052376  	0.05730214  	0.06401951  	0.07585778  	0.08317266  
2020-09-08 16:32:33.731: iteration 49 finished in 1.307504 seconds
2020-09-08 16:32:33.744: epoch 49:	0.02138049  	0.01725592  	0.15330945  	0.25239339  	0.08554486  	0.11156201  	0.05809979  	0.06499249  	0.07697810  	0.08449180  
2020-09-08 16:32:35.048: iteration 50 finished in 1.303516 seconds
2020-09-08 16:32:35.062: epoch 50:	0.02154884  	0.01717174  	0.15499295  	0.25070989  	0.08425222  	0.10938797  	0.05594765  	0.06258588  	0.07454906  	0.08179200  
