2020-09-08 16:48:33.249: Dataset name: u1
The number of users: 34094
The number of items: 34033
The number of ratings: 421133
Average actions of users: 12.35
Average actions of items: 12.37
The sparsity of the dataset: 99.963705%
2020-09-08 16:48:33.250: 

NeuRec hyperparameters:
recommender=WRMF
config_dir=./conf
gpu_id=0
gpu_mem=0.5
data.input.path=C:\Users\HyunsikYoo\Desktop\VNE_directed_networks/_Data/cit-hepph/5-fold/u1/
data.input.dataset=u1
data.output.path=C:\Users\HyunsikYoo\Desktop\VNE_directed_networks/_Data/cit-hepph/5-fold/u1/relevance_WRMF_directed_uni_False_uniform
data.column.format=UI
data.convert.separator='\t'
user_min=0
item_min=0
splitter=given
ratio=0.8
by_time=False
metric=["Precision", "Recall", "NDCG", "MAP", "MRR"]
topk=[10, 20]
group_view=None
rec.evaluate.neg=0
test_batch_size=128
num_thread=8
data.index.remap=False

WRMF's hyperparameters:
epochs=50
embedding_size=16
reg_mf=0.1
alpha=10
init_method=uniform
stddev=0.01
verbose=1
weight=uniform

2020-09-08 17:40:32.987: metrics:	Precision@10	Precision@20	Recall@10   	Recall@20   	NDCG@10     	NDCG@20     	MAP@10      	MAP@20      	MRR@10      	MRR@20      
2020-09-08 17:43:51.285: iteration 1 finished in 198.296964 seconds
2020-09-08 17:43:53.056: epoch 1:	0.01040139  	0.00806871  	0.02796566  	0.04226027  	0.02199106  	0.02705163  	0.01235810  	0.01353486  	0.03511604  	0.03748466  
2020-09-08 17:47:03.814: iteration 2 finished in 190.758638 seconds
2020-09-08 17:47:05.498: epoch 2:	0.04515664  	0.03159093  	0.13018988  	0.17872064  	0.10854917  	0.12506400  	0.06828601  	0.07305624  	0.16644317  	0.17113915  
2020-09-08 17:50:19.352: iteration 3 finished in 193.853600 seconds
2020-09-08 17:50:21.000: epoch 3:	0.04786523  	0.03374611  	0.14274752  	0.19638664  	0.11802842  	0.13621235  	0.07476695  	0.07997935  	0.17938705  	0.18459679  
2020-09-08 17:53:43.724: iteration 4 finished in 202.723598 seconds
2020-09-08 17:53:45.535: epoch 4:	0.04660298  	0.03334562  	0.14042170  	0.19583689  	0.11566573  	0.13440220  	0.07319841  	0.07845762  	0.17588134  	0.18135475  
2020-09-08 17:56:42.985: iteration 5 finished in 177.450732 seconds
2020-09-08 17:56:44.552: epoch 5:	0.04536666  	0.03275689  	0.13693525  	0.19296029  	0.11256291  	0.13146083  	0.07098611  	0.07617921  	0.17171378  	0.17744221  
2020-09-08 17:59:35.549: iteration 6 finished in 170.996119 seconds
2020-09-08 17:59:37.130: epoch 6:	0.04457319  	0.03218664  	0.13471448  	0.18937029  	0.11008856  	0.12854916  	0.06900226  	0.07402215  	0.16791216  	0.17361161  
2020-09-08 18:02:28.811: iteration 7 finished in 171.681036 seconds
2020-09-08 18:02:30.389: epoch 7:	0.04399380  	0.03179725  	0.13325210  	0.18720599  	0.10825174  	0.12647441  	0.06755527  	0.07247319  	0.16492532  	0.17057358  
2020-09-08 18:05:21.886: iteration 8 finished in 171.496530 seconds
2020-09-08 18:05:23.454: epoch 8:	0.04334061  	0.03145955  	0.13101162  	0.18563987  	0.10647569  	0.12488240  	0.06637053  	0.07131895  	0.16244322  	0.16825844  
2020-09-08 18:08:15.336: iteration 9 finished in 171.882006 seconds
2020-09-08 18:08:16.908: epoch 9:	0.04305641  	0.03123995  	0.13008933  	0.18396667  	0.10533727  	0.12353575  	0.06544281  	0.07032433  	0.16064668  	0.16643721  
2020-09-08 18:11:07.481: iteration 10 finished in 170.572592 seconds
2020-09-08 18:11:09.046: epoch 10:	0.04280547  	0.03110524  	0.12931819  	0.18302734  	0.10441194  	0.12256536  	0.06473216  	0.06960259  	0.15905169  	0.16481793  
2020-09-08 18:13:57.756: iteration 11 finished in 168.708524 seconds
2020-09-08 18:13:59.317: epoch 11:	0.04255455  	0.03096132  	0.12856628  	0.18224728  	0.10351879  	0.12164873  	0.06404462  	0.06888510  	0.15748651  	0.16331363  
2020-09-08 18:16:48.379: iteration 12 finished in 169.061420 seconds
2020-09-08 18:16:49.941: epoch 12:	0.04240693  	0.03081923  	0.12818447  	0.18124062  	0.10309220  	0.12102887  	0.06373177  	0.06852179  	0.15677887  	0.16250436  
2020-09-08 18:19:38.778: iteration 13 finished in 168.836641 seconds
2020-09-08 18:19:40.341: epoch 13:	0.04227409  	0.03069928  	0.12764663  	0.18038902  	0.10266818  	0.12050486  	0.06345119  	0.06821550  	0.15612549  	0.16180666  
2020-09-08 18:22:29.172: iteration 14 finished in 168.830529 seconds
2020-09-08 18:22:30.735: epoch 14:	0.04217814  	0.03058119  	0.12721123  	0.17981167  	0.10233132  	0.12008252  	0.06320778  	0.06794422  	0.15567820  	0.16133854  
2020-09-08 18:25:19.429: iteration 15 finished in 168.693025 seconds
2020-09-08 18:25:20.996: epoch 15:	0.04212278  	0.03052399  	0.12706649  	0.17935337  	0.10206080  	0.11972055  	0.06297921  	0.06768742  	0.15518889  	0.16083786  
2020-09-08 18:28:08.738: iteration 16 finished in 167.741595 seconds
2020-09-08 18:28:10.297: epoch 16:	0.04206373  	0.03046492  	0.12702008  	0.17898221  	0.10190976  	0.11948084  	0.06284656  	0.06752834  	0.15495563  	0.16058354  
2020-09-08 18:31:00.126: iteration 17 finished in 169.829000 seconds
2020-09-08 18:31:01.689: epoch 17:	0.04197884  	0.03040034  	0.12664217  	0.17863503  	0.10170273  	0.11928000  	0.06275469  	0.06744122  	0.15458925  	0.16021666  
2020-09-08 18:33:50.072: iteration 18 finished in 168.382854 seconds
2020-09-08 18:33:51.634: epoch 18:	0.04196408  	0.03035051  	0.12655605  	0.17823038  	0.10164855  	0.11912097  	0.06272089  	0.06738252  	0.15449728  	0.16007830  
2020-09-08 18:36:40.783: iteration 19 finished in 169.149804 seconds
2020-09-08 18:36:42.346: epoch 19:	0.04193825  	0.03029884  	0.12665780  	0.17783768  	0.10163751  	0.11897039  	0.06271799  	0.06733860  	0.15438370  	0.15994757  
2020-09-08 18:39:30.240: iteration 20 finished in 167.894160 seconds
2020-09-08 18:39:31.804: epoch 20:	0.04193824  	0.03028778  	0.12665200  	0.17774756  	0.10157407  	0.11887535  	0.06263988  	0.06725611  	0.15429254  	0.15981530  
2020-09-08 18:42:21.661: iteration 21 finished in 169.855423 seconds
2020-09-08 18:42:23.227: epoch 21:	0.04187918  	0.03026932  	0.12654278  	0.17772703  	0.10149881  	0.11882296  	0.06260847  	0.06723048  	0.15419352  	0.15972035  
2020-09-08 18:45:11.753: iteration 22 finished in 168.525835 seconds
2020-09-08 18:45:13.314: epoch 22:	0.04184228  	0.03023056  	0.12636711  	0.17750673  	0.10131563  	0.11861722  	0.06243921  	0.06705789  	0.15396303  	0.15948513  
2020-09-08 18:48:02.493: iteration 23 finished in 169.178267 seconds
2020-09-08 18:48:04.057: epoch 23:	0.04179430  	0.03018259  	0.12627219  	0.17727228  	0.10126690  	0.11852536  	0.06243601  	0.06704955  	0.15390486  	0.15941131  
2020-09-08 18:50:52.337: iteration 24 finished in 168.280154 seconds
2020-09-08 18:50:53.898: epoch 24:	0.04177586  	0.03016229  	0.12620971  	0.17714913  	0.10121379  	0.11845175  	0.06239792  	0.06700435  	0.15386380  	0.15936379  
2020-09-08 18:53:42.697: iteration 25 finished in 168.798679 seconds
2020-09-08 18:53:44.250: epoch 25:	0.04182015  	0.03014938  	0.12638395  	0.17706357  	0.10125492  	0.11839189  	0.06240710  	0.06697899  	0.15378815  	0.15923965  
2020-09-08 18:56:34.307: iteration 26 finished in 170.056090 seconds
2020-09-08 18:56:35.875: epoch 26:	0.04181276  	0.03013646  	0.12639757  	0.17695831  	0.10122430  	0.11832567  	0.06236273  	0.06692497  	0.15375556  	0.15919714  
2020-09-08 18:59:25.200: iteration 27 finished in 169.325334 seconds
2020-09-08 18:59:26.766: epoch 27:	0.04180169  	0.03012539  	0.12638973  	0.17695872  	0.10113481  	0.11822571  	0.06227132  	0.06682922  	0.15355282  	0.15899153  
2020-09-08 19:02:48.322: iteration 28 finished in 201.555934 seconds
2020-09-08 19:02:50.098: epoch 28:	0.04179801  	0.03010693  	0.12631145  	0.17690466  	0.10100140  	0.11808354  	0.06214207  	0.06669688  	0.15329264  	0.15872292  
2020-09-08 19:06:09.983: iteration 29 finished in 199.885222 seconds
2020-09-08 19:06:11.812: epoch 29:	0.04179062  	0.03008847  	0.12627260  	0.17669061  	0.10092142  	0.11795194  	0.06205337  	0.06659461  	0.15321526  	0.15862715  
2020-09-08 19:09:44.271: iteration 30 finished in 212.459199 seconds
2020-09-08 19:09:46.063: epoch 30:	0.04178324  	0.03008110  	0.12616514  	0.17676330  	0.10083692  	0.11790271  	0.06198776  	0.06653544  	0.15307863  	0.15849558  
2020-09-08 19:13:05.230: iteration 31 finished in 199.166558 seconds
2020-09-08 19:13:07.032: epoch 31:	0.04177956  	0.03005896  	0.12618284  	0.17663082  	0.10081846  	0.11783441  	0.06197122  	0.06650607  	0.15298587  	0.15837863  
2020-09-08 19:16:27.186: iteration 32 finished in 200.153827 seconds
2020-09-08 19:16:28.753: epoch 32:	0.04176480  	0.03004419  	0.12609406  	0.17653537  	0.10074808  	0.11776181  	0.06191896  	0.06645782  	0.15287508  	0.15827121  
2020-09-08 19:19:15.583: iteration 33 finished in 166.829902 seconds
2020-09-08 19:19:17.162: epoch 33:	0.04175373  	0.03003865  	0.12607911  	0.17650414  	0.10068094  	0.11769120  	0.06185552  	0.06638821  	0.15273520  	0.15814385  
2020-09-08 19:22:00.984: iteration 34 finished in 163.821073 seconds
2020-09-08 19:22:02.551: epoch 34:	0.04173158  	0.03002758  	0.12603803  	0.17636575  	0.10058150  	0.11757510  	0.06176905  	0.06629404  	0.15252745  	0.15793952  
2020-09-08 19:24:48.171: iteration 35 finished in 165.619242 seconds
2020-09-08 19:24:49.728: epoch 35:	0.04172051  	0.02999805  	0.12603951  	0.17629139  	0.10058134  	0.11754618  	0.06177553  	0.06629658  	0.15253139  	0.15792097  
2020-09-08 19:27:37.159: iteration 36 finished in 167.430161 seconds
2020-09-08 19:27:38.725: epoch 36:	0.04170944  	0.03000358  	0.12601009  	0.17634189  	0.10051964  	0.11751200  	0.06171830  	0.06624818  	0.15242220  	0.15782122  
2020-09-08 19:30:25.802: iteration 37 finished in 167.076348 seconds
2020-09-08 19:30:27.364: epoch 37:	0.04167992  	0.02998698  	0.12592052  	0.17624778  	0.10048832  	0.11748465  	0.06171324  	0.06624259  	0.15238959  	0.15780114  
2020-09-08 19:33:12.808: iteration 38 finished in 165.444426 seconds
2020-09-08 19:33:14.357: epoch 38:	0.04167254  	0.03000358  	0.12586121  	0.17632970  	0.10042065  	0.11746411  	0.06165030  	0.06619200  	0.15227564  	0.15770343  
2020-09-08 19:36:00.222: iteration 39 finished in 165.863622 seconds
2020-09-08 19:36:01.773: epoch 39:	0.04166517  	0.02999436  	0.12582666  	0.17630142  	0.10036323  	0.11740445  	0.06160258  	0.06614424  	0.15212974  	0.15755823  
2020-09-08 19:38:46.834: iteration 40 finished in 165.060160 seconds
2020-09-08 19:38:48.392: epoch 40:	0.04165410  	0.03000174  	0.12572314  	0.17640142  	0.10032454  	0.11742019  	0.06157848  	0.06613490  	0.15213799  	0.15757926  
2020-09-08 19:41:33.970: iteration 41 finished in 165.577090 seconds
2020-09-08 19:41:35.532: epoch 41:	0.04162088  	0.02999990  	0.12568310  	0.17641741  	0.10031319  	0.11743746  	0.06158868  	0.06615393  	0.15214920  	0.15760259  
2020-09-08 19:44:22.478: iteration 42 finished in 166.946094 seconds
2020-09-08 19:44:24.044: epoch 42:	0.04157291  	0.03000175  	0.12550406  	0.17654271  	0.10024185  	0.11745357  	0.06155537  	0.06614781  	0.15213168  	0.15761384  
2020-09-08 19:47:08.119: iteration 43 finished in 164.074515 seconds
2020-09-08 19:47:09.683: epoch 43:	0.04156183  	0.02999990  	0.12546620  	0.17652926  	0.10020534  	0.11742765  	0.06152668  	0.06612679  	0.15207553  	0.15755515  
2020-09-08 19:49:54.733: iteration 44 finished in 165.048862 seconds
2020-09-08 19:49:56.283: epoch 44:	0.04156553  	0.03000174  	0.12548171  	0.17656551  	0.10017958  	0.11740457  	0.06149674  	0.06609953  	0.15203464  	0.15750378  
2020-09-08 19:52:41.965: iteration 45 finished in 165.681077 seconds
2020-09-08 19:52:43.526: epoch 45:	0.04154338  	0.03000543  	0.12534156  	0.17661805  	0.10015734  	0.11744179  	0.06150615  	0.06612585  	0.15207863  	0.15758036  
2020-09-08 19:55:30.331: iteration 46 finished in 166.804843 seconds
2020-09-08 19:55:31.910: epoch 46:	0.04154338  	0.03000543  	0.12533918  	0.17666277  	0.10014546  	0.11744174  	0.06149562  	0.06611960  	0.15204149  	0.15754898  
2020-09-08 19:58:19.111: iteration 47 finished in 167.201014 seconds
2020-09-08 19:58:20.671: epoch 47:	0.04153600  	0.02999067  	0.12536423  	0.17653602  	0.10012778  	0.11738409  	0.06146471  	0.06607887  	0.15203436  	0.15752752  
2020-09-08 20:01:08.141: iteration 48 finished in 167.468147 seconds
2020-09-08 20:01:09.704: epoch 48:	0.04155076  	0.02998882  	0.12547202  	0.17649734  	0.10016917  	0.11738309  	0.06148136  	0.06608343  	0.15207867  	0.15755722  
2020-09-08 20:03:54.918: iteration 49 finished in 165.212341 seconds
2020-09-08 20:03:56.481: epoch 49:	0.04153969  	0.03000174  	0.12545492  	0.17662454  	0.10017543  	0.11743180  	0.06149794  	0.06610796  	0.15212315  	0.15761699  
2020-09-08 20:06:42.245: iteration 50 finished in 165.764853 seconds
2020-09-08 20:06:43.801: epoch 50:	0.04151755  	0.02999805  	0.12539636  	0.17663489  	0.10011973  	0.11739697  	0.06145870  	0.06607026  	0.15204336  	0.15755393  
