2020-09-14 20:32:54.976: Dataset name: u1
The number of users: 6627
The number of items: 6537
The number of ratings: 103224
Average actions of users: 15.58
Average actions of items: 15.79
The sparsity of the dataset: 99.761721%
2020-09-14 20:32:54.976: 

NeuRec hyperparameters:
recommender=WRMF
config_dir=./conf
gpu_id=0
gpu_mem=0.5
data.input.path=C:\Users\HyunsikYoo\Desktop\VNE_directed_networks/_Data/wiki-vote/5-fold/u1/
data.input.dataset=u1
data.output.path=C:\Users\HyunsikYoo\Desktop\VNE_directed_networks/_Data/wiki-vote/5-fold/u1/bi_relevance_WRMF_directed_uni_False_uniform
data.column.format=UI
data.convert.separator='\t'
user_min=0
item_min=0
splitter=given
ratio=0.8
by_time=False
metric=["Precision", "Recall", "NDCG", "MAP", "MRR"]
topk=[10, 20]
group_view=None
rec.evaluate.neg=0
test_batch_size=128
num_thread=8
data.index.remap=False

WRMF's hyperparameters:
epochs=50
embedding_size=16
reg_mf=0.1
alpha=10
init_method=uniform
stddev=0.01
verbose=1
weight=uniform

2020-09-14 20:34:46.966: metrics:	Precision@10	Precision@20	Recall@10   	Recall@20   	NDCG@10     	NDCG@20     	MAP@10      	MAP@20      	MRR@10      	MRR@20      
2020-09-14 20:34:52.214: iteration 1 finished in 5.247760 seconds
2020-09-14 20:34:52.311: epoch 1:	0.02274753  	0.02001589  	0.02587693  	0.04270537  	0.03053081  	0.03435511  	0.01420922  	0.01342033  	0.06107942  	0.06506915  
2020-09-14 20:34:57.666: iteration 2 finished in 5.353851 seconds
2020-09-14 20:34:57.762: epoch 2:	0.06044759  	0.05234874  	0.10000343  	0.16933726  	0.09592035  	0.11469849  	0.05342568  	0.05552056  	0.15393743  	0.16145501  
2020-09-14 20:35:02.904: iteration 3 finished in 5.141967 seconds
2020-09-14 20:35:02.997: epoch 3:	0.06789190  	0.05789200  	0.12263182  	0.19999894  	0.11412807  	0.13460267  	0.06617925  	0.06827214  	0.17717808  	0.18518011  
2020-09-14 20:35:07.998: iteration 4 finished in 4.999892 seconds
2020-09-14 20:35:08.090: epoch 4:	0.07131052  	0.06060772  	0.13015379  	0.21220292  	0.12154709  	0.14344704  	0.07157827  	0.07436321  	0.18666185  	0.19470961  
2020-09-14 20:35:13.463: iteration 5 finished in 5.369352 seconds
2020-09-14 20:35:13.556: epoch 5:	0.07255655  	0.06172592  	0.13641179  	0.22036040  	0.12497475  	0.14736542  	0.07346359  	0.07627203  	0.19133037  	0.19935226  
2020-09-14 20:35:18.506: iteration 6 finished in 4.949339 seconds
2020-09-14 20:35:18.598: epoch 6:	0.07322749  	0.06210932  	0.13866068  	0.22167443  	0.12738575  	0.14952986  	0.07542551  	0.07814346  	0.19377814  	0.20173527  
2020-09-14 20:35:23.548: iteration 7 finished in 4.949328 seconds
2020-09-14 20:35:23.642: epoch 7:	0.07367480  	0.06238088  	0.14340562  	0.22421323  	0.12964301  	0.15134180  	0.07709634  	0.07976132  	0.19439799  	0.20219107  
2020-09-14 20:35:28.783: iteration 8 finished in 5.140357 seconds
2020-09-14 20:35:28.874: epoch 8:	0.07322750  	0.06217323  	0.14342259  	0.22544414  	0.13003606  	0.15206189  	0.07748710  	0.08030959  	0.19679181  	0.20436490  
2020-09-14 20:35:34.235: iteration 9 finished in 5.358158 seconds
2020-09-14 20:35:34.330: epoch 9:	0.07399431  	0.06223712  	0.14337535  	0.22660178  	0.13000953  	0.15191838  	0.07684431  	0.07946940  	0.19719134  	0.20487651  
2020-09-14 20:35:39.518: iteration 10 finished in 5.187968 seconds
2020-09-14 20:35:39.612: epoch 10:	0.07383458  	0.06228504  	0.14343165  	0.22815308  	0.13011742  	0.15252006  	0.07706553  	0.07968882  	0.19770709  	0.20563810  
2020-09-14 20:35:45.006: iteration 11 finished in 5.392660 seconds
2020-09-14 20:35:45.101: epoch 11:	0.07396240  	0.06252466  	0.14284879  	0.23002888  	0.13045572  	0.15347096  	0.07741234  	0.08017996  	0.19884826  	0.20679367  
2020-09-14 20:35:50.090: iteration 12 finished in 4.988612 seconds
2020-09-14 20:35:50.185: epoch 12:	0.07370678  	0.06249271  	0.14271043  	0.23197846  	0.13064644  	0.15424165  	0.07776415  	0.08059686  	0.19948374  	0.20782268  
2020-09-14 20:35:55.563: iteration 13 finished in 5.376475 seconds
2020-09-14 20:35:55.659: epoch 13:	0.07437771  	0.06258856  	0.14584140  	0.23232661  	0.13169979  	0.15448920  	0.07811168  	0.08074399  	0.19913857  	0.20725885  
2020-09-14 20:36:00.917: iteration 14 finished in 5.257003 seconds
2020-09-14 20:36:01.011: epoch 14:	0.07444162  	0.06258856  	0.14691389  	0.23173809  	0.13170479  	0.15408066  	0.07779287  	0.08031790  	0.19882248  	0.20682791  
2020-09-14 20:36:06.059: iteration 15 finished in 5.046194 seconds
2020-09-14 20:36:06.153: epoch 15:	0.07460135  	0.06266843  	0.14806700  	0.23175876  	0.13210821  	0.15416755  	0.07780219  	0.08017350  	0.19978864  	0.20776904  
2020-09-14 20:36:11.243: iteration 16 finished in 5.089526 seconds
2020-09-14 20:36:11.336: epoch 16:	0.07424990  	0.06260455  	0.14683487  	0.23142599  	0.13170771  	0.15409848  	0.07770212  	0.08007883  	0.19955721  	0.20788144  
2020-09-14 20:36:16.516: iteration 17 finished in 5.179901 seconds
2020-09-14 20:36:16.609: epoch 17:	0.07424989  	0.06270041  	0.14809535  	0.23244770  	0.13213821  	0.15462317  	0.07788397  	0.08037014  	0.20024049  	0.20849705  
2020-09-14 20:36:21.425: iteration 18 finished in 4.815861 seconds
2020-09-14 20:36:21.517: epoch 18:	0.07412211  	0.06276433  	0.14794067  	0.23322894  	0.13238400  	0.15523320  	0.07819422  	0.08084066  	0.20131367  	0.20963152  
2020-09-14 20:36:26.397: iteration 19 finished in 4.880036 seconds
2020-09-14 20:36:26.492: epoch 19:	0.07434576  	0.06276433  	0.14878024  	0.23400965  	0.13275717  	0.15549548  	0.07835315  	0.08098917  	0.20197366  	0.21014118  
2020-09-14 20:36:31.890: iteration 20 finished in 5.396589 seconds
2020-09-14 20:36:31.984: epoch 20:	0.07447358  	0.06278032  	0.14915763  	0.23349610  	0.13334051  	0.15581733  	0.07881355  	0.08147734  	0.20325464  	0.21119238  
2020-09-14 20:36:36.963: iteration 21 finished in 4.979140 seconds
2020-09-14 20:36:37.057: epoch 21:	0.07482501  	0.06287616  	0.14858988  	0.23405746  	0.13332058  	0.15597446  	0.07891154  	0.08152725  	0.20282520  	0.21096367  
2020-09-14 20:36:42.355: iteration 22 finished in 5.297341 seconds
2020-09-14 20:36:42.448: epoch 22:	0.07479307  	0.06282823  	0.14859267  	0.23236690  	0.13327762  	0.15554261  	0.07882849  	0.08135267  	0.20301643  	0.21107557  
2020-09-14 20:36:47.400: iteration 23 finished in 4.952148 seconds
2020-09-14 20:36:47.495: epoch 23:	0.07482503  	0.06284420  	0.14890176  	0.23278587  	0.13335620  	0.15566376  	0.07887864  	0.08147828  	0.20284891  	0.21084057  
2020-09-14 20:36:52.516: iteration 24 finished in 5.019900 seconds
2020-09-14 20:36:52.611: epoch 24:	0.07488891  	0.06289212  	0.14833482  	0.23392728  	0.13316561  	0.15580423  	0.07872746  	0.08137951  	0.20296748  	0.21107474  
2020-09-14 20:36:57.570: iteration 25 finished in 4.958818 seconds
2020-09-14 20:36:57.663: epoch 25:	0.07504867  	0.06289212  	0.14901011  	0.23367865  	0.13308151  	0.15547948  	0.07849418  	0.08106264  	0.20236711  	0.21036772  
2020-09-14 20:37:02.702: iteration 26 finished in 5.038336 seconds
2020-09-14 20:37:02.793: epoch 26:	0.07485699  	0.06313173  	0.14917617  	0.23483001  	0.13266835  	0.15554813  	0.07804974  	0.08085328  	0.20141803  	0.20937407  
2020-09-14 20:37:08.203: iteration 27 finished in 5.408244 seconds
2020-09-14 20:37:08.297: epoch 27:	0.07469725  	0.06309979  	0.14867717  	0.23542054  	0.13262673  	0.15585348  	0.07816302  	0.08111118  	0.20149240  	0.20956200  
2020-09-14 20:37:13.293: iteration 28 finished in 4.995153 seconds
2020-09-14 20:37:13.384: epoch 28:	0.07466529  	0.06324357  	0.14857469  	0.23624651  	0.13248625  	0.15604362  	0.07809842  	0.08116120  	0.20105307  	0.20929120  
2020-09-14 20:37:18.387: iteration 29 finished in 5.002111 seconds
2020-09-14 20:37:18.478: epoch 29:	0.07456943  	0.06338734  	0.14831159  	0.23657519  	0.13240764  	0.15619501  	0.07804438  	0.08118264  	0.20133618  	0.20962735  
2020-09-14 20:37:23.594: iteration 30 finished in 5.114948 seconds
2020-09-14 20:37:23.686: epoch 30:	0.07460138  	0.06357904  	0.14778455  	0.23746181  	0.13244899  	0.15661143  	0.07810228  	0.08136930  	0.20206271  	0.21034659  
2020-09-14 20:37:29.034: iteration 31 finished in 5.348485 seconds
2020-09-14 20:37:29.132: epoch 31:	0.07463332  	0.06359501  	0.14778720  	0.23822476  	0.13246340  	0.15681721  	0.07809061  	0.08144625  	0.20216368  	0.21038143  
2020-09-14 20:37:34.506: iteration 32 finished in 5.373817 seconds
2020-09-14 20:37:34.601: epoch 32:	0.07447357  	0.06346721  	0.14709300  	0.23701409  	0.13233109  	0.15663247  	0.07818633  	0.08153028  	0.20188919  	0.21020091  
2020-09-14 20:37:40.026: iteration 33 finished in 5.423517 seconds
2020-09-14 20:37:40.118: epoch 33:	0.07469723  	0.06338733  	0.14798774  	0.23596945  	0.13249259  	0.15622687  	0.07814012  	0.08128848  	0.20139420  	0.20962133  
2020-09-14 20:37:45.089: iteration 34 finished in 4.968655 seconds
2020-09-14 20:37:45.182: epoch 34:	0.07447359  	0.06346720  	0.14759433  	0.23667860  	0.13207349  	0.15620939  	0.07784427  	0.08114576  	0.20057127  	0.20889881  
2020-09-14 20:37:50.330: iteration 35 finished in 5.147295 seconds
2020-09-14 20:37:50.423: epoch 35:	0.07453749  	0.06357903  	0.14813448  	0.23689556  	0.13207325  	0.15615804  	0.07772429  	0.08094931  	0.20042054  	0.20882565  
2020-09-14 20:37:55.800: iteration 36 finished in 5.375556 seconds
2020-09-14 20:37:55.893: epoch 36:	0.07460139  	0.06356304  	0.14886007  	0.23681206  	0.13223214  	0.15608405  	0.07772122  	0.08091298  	0.20040567  	0.20870592  
2020-09-14 20:38:01.278: iteration 37 finished in 5.384082 seconds
2020-09-14 20:38:01.374: epoch 37:	0.07453750  	0.06351511  	0.14853036  	0.23647523  	0.13207303  	0.15593062  	0.07765131  	0.08083921  	0.20013246  	0.20841889  
2020-09-14 20:38:06.399: iteration 38 finished in 5.025105 seconds
2020-09-14 20:38:06.490: epoch 38:	0.07450555  	0.06349915  	0.14879251  	0.23616485  	0.13195758  	0.15571304  	0.07746874  	0.08063418  	0.19976011  	0.20803764  
2020-09-14 20:38:11.830: iteration 39 finished in 5.338987 seconds
2020-09-14 20:38:11.919: epoch 39:	0.07440971  	0.06353110  	0.14811045  	0.23596717  	0.13187684  	0.15580112  	0.07756639  	0.08078860  	0.19990790  	0.20821379  
2020-09-14 20:38:16.862: iteration 40 finished in 4.942211 seconds
2020-09-14 20:38:16.951: epoch 40:	0.07444166  	0.06351512  	0.14790931  	0.23570885  	0.13176547  	0.15564011  	0.07749401  	0.08067576  	0.19958131  	0.20786816  
2020-09-14 20:38:21.893: iteration 41 finished in 4.942337 seconds
2020-09-14 20:38:21.998: epoch 41:	0.07440970  	0.06356304  	0.14823307  	0.23600329  	0.13190788  	0.15581186  	0.07755633  	0.08077906  	0.19994591  	0.20817804  
2020-09-14 20:38:27.407: iteration 42 finished in 5.407957 seconds
2020-09-14 20:38:27.502: epoch 42:	0.07447361  	0.06357902  	0.14912441  	0.23607859  	0.13211440  	0.15579443  	0.07759220  	0.08075257  	0.19999623  	0.20812079  
2020-09-14 20:38:32.801: iteration 43 finished in 5.298774 seconds
2020-09-14 20:38:32.895: epoch 43:	0.07437776  	0.06357901  	0.14926887  	0.23615177  	0.13206924  	0.15578048  	0.07754609  	0.08071637  	0.19996025  	0.20810820  
2020-09-14 20:38:37.909: iteration 44 finished in 5.014347 seconds
2020-09-14 20:38:38.002: epoch 44:	0.07428192  	0.06364290  	0.14944641  	0.23647347  	0.13212894  	0.15596737  	0.07760771  	0.08081313  	0.20014651  	0.20840934  
2020-09-14 20:38:43.435: iteration 45 finished in 5.431423 seconds
2020-09-14 20:38:43.531: epoch 45:	0.07421801  	0.06367485  	0.14885256  	0.23689894  	0.13208663  	0.15620218  	0.07772891  	0.08102160  	0.20028242  	0.20861785  
2020-09-14 20:38:49.009: iteration 46 finished in 5.477818 seconds
2020-09-14 20:38:49.107: epoch 46:	0.07415411  	0.06370681  	0.14853697  	0.23684004  	0.13188562  	0.15610783  	0.07764857  	0.08097056  	0.19974171  	0.20810395  
2020-09-14 20:38:54.130: iteration 47 finished in 5.021780 seconds
2020-09-14 20:38:54.223: epoch 47:	0.07418606  	0.06370681  	0.14880385  	0.23720308  	0.13198414  	0.15620853  	0.07772322  	0.08104423  	0.19971760  	0.20808339  
2020-09-14 20:38:59.650: iteration 48 finished in 5.425780 seconds
2020-09-14 20:38:59.744: epoch 48:	0.07424996  	0.06372280  	0.14894509  	0.23730880  	0.13199288  	0.15616791  	0.07766942  	0.08095376  	0.19969542  	0.20809665  
2020-09-14 20:39:04.438: iteration 49 finished in 4.693125 seconds
2020-09-14 20:39:04.533: epoch 49:	0.07434580  	0.06372280  	0.14913891  	0.23730443  	0.13212341  	0.15619572  	0.07772176  	0.08096714  	0.20001461  	0.20835148  
2020-09-14 20:39:09.673: iteration 50 finished in 5.140361 seconds
2020-09-14 20:39:09.768: epoch 50:	0.07431386  	0.06369084  	0.14883225  	0.23666729  	0.13204560  	0.15604618  	0.07768245  	0.08094218  	0.19993374  	0.20823386  
