2020-08-03 20:55:02.399: Dataset name: u1
The number of users: 6360
The number of items: 2364
The number of ratings: 53871
Average actions of users: 8.47
Average actions of items: 22.79
The sparsity of the dataset: 99.641697%
2020-08-03 20:55:02.399: 

NeuRec hyperparameters:
recommender=WRMF
config_dir=./conf
gpu_id=0
gpu_mem=0.5
data.input.path=C:\Users\HyunsikYoo\Desktop\VNE_directed_networks/_Data/jdk/5-fold/u1/
data.input.dataset=u1
data.output.path=C:\Users\HyunsikYoo\Desktop\VNE_directed_networks/_Data/jdk/5-fold/u1/relevance_WRMF_directed_True_uniform
data.column.format=UI
data.convert.separator='\t'
user_min=0
item_min=0
splitter=given
ratio=0.8
by_time=False
metric=["Precision", "Recall", "NDCG", "MAP", "MRR"]
topk=[10, 20]
group_view=None
rec.evaluate.neg=0
test_batch_size=128
num_thread=8
data.index.remap=True

WRMF's hyperparameters:
epochs=50
embedding_size=16
reg_mf=0.1
alpha=10
init_method=uniform
stddev=0.01
verbose=1
weight=uniform

2020-08-03 20:55:44.255: metrics:	Precision@10	Precision@20	Recall@10   	Recall@20   	NDCG@10     	NDCG@20     	MAP@10      	MAP@20      	MRR@10      	MRR@20      
2020-08-03 20:55:47.223: iteration 1 finished in 2.967301 seconds
2020-08-03 20:55:47.354: epoch 1:	0.10235782  	0.06110692  	0.58122289  	0.64164388  	0.50129318  	0.51811314  	0.44408166  	0.44964671  	0.52210826  	0.52546936  
2020-08-03 20:55:50.320: iteration 2 finished in 2.965290 seconds
2020-08-03 20:55:50.448: epoch 2:	0.13379887  	0.07535775  	0.72233748  	0.77622890  	0.67857975  	0.69182670  	0.63278532  	0.63635910  	0.71734184  	0.72003269  
2020-08-03 20:55:53.354: iteration 3 finished in 2.905347 seconds
2020-08-03 20:55:53.471: epoch 3:	0.13794400  	0.07722667  	0.74308205  	0.79521829  	0.69612741  	0.70885235  	0.65002298  	0.65350878  	0.73196328  	0.73447984  
2020-08-03 20:55:56.207: iteration 4 finished in 2.735674 seconds
2020-08-03 20:55:56.325: epoch 4:	0.13975075  	0.07822750  	0.75329953  	0.80623782  	0.70540327  	0.71840054  	0.65939903  	0.66307044  	0.73994315  	0.74237168  
2020-08-03 20:55:59.077: iteration 5 finished in 2.751654 seconds
2020-08-03 20:55:59.195: epoch 5:	0.14097299  	0.07859062  	0.75955284  	0.80929059  	0.71006042  	0.72218978  	0.66383535  	0.66722107  	0.74372131  	0.74588710  
2020-08-03 20:56:01.950: iteration 6 finished in 2.755637 seconds
2020-08-03 20:56:02.070: epoch 6:	0.14129180  	0.07886519  	0.76074809  	0.81136447  	0.71215105  	0.72456682  	0.66605943  	0.66960049  	0.74645013  	0.74857467  
2020-08-03 20:56:04.823: iteration 7 finished in 2.751615 seconds
2020-08-03 20:56:04.940: epoch 7:	0.14164609  	0.07901575  	0.76170880  	0.81315798  	0.71436065  	0.72692043  	0.66839880  	0.67189372  	0.74946243  	0.75168973  
2020-08-03 20:56:07.699: iteration 8 finished in 2.758593 seconds
2020-08-03 20:56:07.813: epoch 8:	0.14201802  	0.07925491  	0.76384282  	0.81517780  	0.71788818  	0.73040313  	0.67249715  	0.67594731  	0.75375247  	0.75587589  
2020-08-03 20:56:10.613: iteration 9 finished in 2.800484 seconds
2020-08-03 20:56:10.735: epoch 9:	0.14217749  	0.07928149  	0.76397246  	0.81436729  	0.72034061  	0.73270214  	0.67571896  	0.67913485  	0.75716227  	0.75931418  
2020-08-03 20:56:13.561: iteration 10 finished in 2.826436 seconds
2020-08-03 20:56:13.737: epoch 10:	0.14224835  	0.07932577  	0.76385540  	0.81519485  	0.71940804  	0.73194951  	0.67433649  	0.67780775  	0.75642908  	0.75854266  
2020-08-03 20:56:16.338: iteration 11 finished in 2.597033 seconds
2020-08-03 20:56:16.448: epoch 11:	0.14249641  	0.07926377  	0.76584524  	0.81520265  	0.71812242  	0.73005021  	0.67198592  	0.67515862  	0.75413954  	0.75611019  
2020-08-03 20:56:19.275: iteration 12 finished in 2.827470 seconds
2020-08-03 20:56:19.399: epoch 12:	0.14265580  	0.07926378  	0.76602840  	0.81514114  	0.71754867  	0.72926366  	0.67112893  	0.67406768  	0.75358856  	0.75555784  
2020-08-03 20:56:22.143: iteration 13 finished in 2.744632 seconds
2020-08-03 20:56:22.265: epoch 13:	0.14272663  	0.07919291  	0.76622367  	0.81429750  	0.71670288  	0.72812682  	0.67007846  	0.67287576  	0.75188309  	0.75381213  
2020-08-03 20:56:25.084: iteration 14 finished in 2.818436 seconds
2020-08-03 20:56:25.206: epoch 14:	0.14244321  	0.07925491  	0.76367861  	0.81491995  	0.71451199  	0.72683144  	0.66780525  	0.67095023  	0.74972397  	0.75186527  
2020-08-03 20:56:27.946: iteration 15 finished in 2.739647 seconds
2020-08-03 20:56:28.137: epoch 15:	0.14233695  	0.07924605  	0.76298493  	0.81457675  	0.71365196  	0.72611600  	0.66683823  	0.67007720  	0.74878454  	0.75094515  
2020-08-03 20:56:31.013: iteration 16 finished in 2.874290 seconds
2020-08-03 20:56:31.134: epoch 16:	0.14240780  	0.07927262  	0.76372886  	0.81496370  	0.71403235  	0.72639126  	0.66717660  	0.67038518  	0.74900395  	0.75109792  
2020-08-03 20:56:33.864: iteration 17 finished in 2.730666 seconds
2020-08-03 20:56:33.982: epoch 17:	0.14247864  	0.07929034  	0.76425141  	0.81563747  	0.71380693  	0.72615516  	0.66670334  	0.66985798  	0.74850810  	0.75061846  
2020-08-03 20:56:36.637: iteration 18 finished in 2.653931 seconds
2020-08-03 20:56:36.757: epoch 18:	0.14242552  	0.07929033  	0.76411110  	0.81525737  	0.71316671  	0.72550422  	0.66592526  	0.66911912  	0.74747610  	0.74958265  
2020-08-03 20:56:39.381: iteration 19 finished in 2.624007 seconds
2020-08-03 20:56:39.500: epoch 19:	0.14247864  	0.07922834  	0.76462030  	0.81423670  	0.71285933  	0.72480237  	0.66537642  	0.66846943  	0.74675089  	0.74879664  
2020-08-03 20:56:42.256: iteration 20 finished in 2.754624 seconds
2020-08-03 20:56:42.463: epoch 20:	0.14242554  	0.07921062  	0.76436418  	0.81397098  	0.71242994  	0.72440737  	0.66491193  	0.66804528  	0.74605709  	0.74812627  
2020-08-03 20:56:45.097: iteration 21 finished in 2.632955 seconds
2020-08-03 20:56:45.214: epoch 21:	0.14249638  	0.07921948  	0.76482922  	0.81426251  	0.71269542  	0.72462314  	0.66515267  	0.66825062  	0.74609470  	0.74817681  
2020-08-03 20:56:47.959: iteration 22 finished in 2.745630 seconds
2020-08-03 20:56:48.167: epoch 22:	0.14242552  	0.07920177  	0.76433098  	0.81409806  	0.71255720  	0.72458315  	0.66511375  	0.66825867  	0.74589193  	0.74799526  
2020-08-03 20:56:51.033: iteration 23 finished in 2.864333 seconds
2020-08-03 20:56:51.151: epoch 23:	0.14247866  	0.07922835  	0.76544559  	0.81424928  	0.71270329  	0.72448826  	0.66495651  	0.66806012  	0.74594402  	0.74797726  
2020-08-03 20:56:53.897: iteration 24 finished in 2.745630 seconds
2020-08-03 20:56:54.017: epoch 24:	0.14239012  	0.07922835  	0.76471263  	0.81424928  	0.71235335  	0.72434509  	0.66467851  	0.66785741  	0.74557233  	0.74769855  
2020-08-03 20:56:56.772: iteration 25 finished in 2.755644 seconds
2020-08-03 20:56:56.888: epoch 25:	0.14235470  	0.07926378  	0.76443195  	0.81452900  	0.71225804  	0.72440064  	0.66461450  	0.66782838  	0.74562460  	0.74780029  
2020-08-03 20:56:59.480: iteration 26 finished in 2.592047 seconds
2020-08-03 20:56:59.601: epoch 26:	0.14228384  	0.07927264  	0.76418859  	0.81482852  	0.71216428  	0.72445327  	0.66456330  	0.66783345  	0.74553794  	0.74773479  
2020-08-03 20:57:02.428: iteration 27 finished in 2.827487 seconds
2020-08-03 20:57:02.551: epoch 27:	0.14251411  	0.07927264  	0.76636153  	0.81485802  	0.71277136  	0.72445434  	0.66474372  	0.66781706  	0.74566925  	0.74767172  
2020-08-03 20:57:05.332: iteration 28 finished in 2.780536 seconds
2020-08-03 20:57:05.448: epoch 28:	0.14237240  	0.07931693  	0.76579022  	0.81533045  	0.71243870  	0.72446066  	0.66443616  	0.66766608  	0.74549234  	0.74755919  
2020-08-03 20:57:08.280: iteration 29 finished in 2.831403 seconds
2020-08-03 20:57:08.396: epoch 29:	0.14237238  	0.07932577  	0.76611906  	0.81537050  	0.71244025  	0.72439629  	0.66435486  	0.66756397  	0.74536043  	0.74739838  
2020-08-03 20:57:11.171: iteration 30 finished in 2.774552 seconds
2020-08-03 20:57:11.358: epoch 30:	0.14233696  	0.07929035  	0.76600194  	0.81493503  	0.71257448  	0.72445768  	0.66455936  	0.66776091  	0.74556768  	0.74760652  
2020-08-03 20:57:13.997: iteration 31 finished in 2.637967 seconds
2020-08-03 20:57:14.106: epoch 31:	0.14224839  	0.07933465  	0.76597500  	0.81550652  	0.71245509  	0.72453731  	0.66439235  	0.66769290  	0.74551147  	0.74756873  
2020-08-03 20:57:16.830: iteration 32 finished in 2.723722 seconds
2020-08-03 20:57:16.943: epoch 32:	0.14221296  	0.07933465  	0.76585096  	0.81556547  	0.71252471  	0.72467250  	0.66452622  	0.66785729  	0.74562538  	0.74770200  
2020-08-03 20:57:19.755: iteration 33 finished in 2.811504 seconds
2020-08-03 20:57:19.869: epoch 33:	0.14228381  	0.07934351  	0.76585454  	0.81590801  	0.71266425  	0.72484118  	0.66470653  	0.66798192  	0.74579912  	0.74790084  
2020-08-03 20:57:22.637: iteration 34 finished in 2.768573 seconds
2020-08-03 20:57:22.759: epoch 34:	0.14221296  	0.07933465  	0.76519024  	0.81581944  	0.71248388  	0.72481060  	0.66461551  	0.66793638  	0.74590760  	0.74808103  
2020-08-03 20:57:25.580: iteration 35 finished in 2.820506 seconds
2020-08-03 20:57:25.700: epoch 35:	0.14212438  	0.07934351  	0.76487428  	0.81590801  	0.71238840  	0.72485954  	0.66459149  	0.66798204  	0.74591815  	0.74809897  
2020-08-03 20:57:28.529: iteration 36 finished in 2.827438 seconds
2020-08-03 20:57:28.647: epoch 36:	0.14219522  	0.07936122  	0.76565957  	0.81626225  	0.71266752  	0.72500253  	0.66473210  	0.66807806  	0.74607211  	0.74820620  
2020-08-03 20:57:31.209: iteration 37 finished in 2.561154 seconds
2020-08-03 20:57:31.327: epoch 37:	0.14208895  	0.07937007  	0.76519018  	0.81627268  	0.71247226  	0.72497451  	0.66460049  	0.66802615  	0.74609452  	0.74826694  
2020-08-03 20:57:34.114: iteration 38 finished in 2.785548 seconds
2020-08-03 20:57:34.236: epoch 38:	0.14210665  	0.07935236  	0.76536721  	0.81615460  	0.71282983  	0.72523624  	0.66501504  	0.66839755  	0.74660790  	0.74876195  
2020-08-03 20:57:37.085: iteration 39 finished in 2.847383 seconds
2020-08-03 20:57:37.207: epoch 39:	0.14212437  	0.07934351  	0.76539266  	0.81609553  	0.71290052  	0.72528327  	0.66506994  	0.66844529  	0.74676448  	0.74892551  
2020-08-03 20:57:40.066: iteration 40 finished in 2.857357 seconds
2020-08-03 20:57:40.184: epoch 40:	0.14212435  	0.07933465  	0.76514322  	0.81591839  	0.71289277  	0.72528923  	0.66510189  	0.66848058  	0.74692631  	0.74907774  
2020-08-03 20:57:42.804: iteration 41 finished in 2.618994 seconds
2020-08-03 20:57:42.924: epoch 41:	0.14208892  	0.07934351  	0.76481432  	0.81609553  	0.71294940  	0.72547561  	0.66526473  	0.66866869  	0.74714297  	0.74934816  
2020-08-03 20:57:45.783: iteration 42 finished in 2.859352 seconds
2020-08-03 20:57:45.905: epoch 42:	0.14217749  	0.07937893  	0.76509047  	0.81660140  	0.71243709  	0.72496605  	0.66444397  	0.66781896  	0.74646580  	0.74866492  
2020-08-03 20:57:48.757: iteration 43 finished in 2.851372 seconds
2020-08-03 20:57:48.879: epoch 43:	0.14221291  	0.07937007  	0.76529717  	0.81634927  	0.71246958  	0.72487473  	0.66444069  	0.66777384  	0.74643075  	0.74859542  
2020-08-03 20:57:51.734: iteration 44 finished in 2.853367 seconds
2020-08-03 20:57:51.857: epoch 44:	0.14221291  	0.07934351  	0.76522332  	0.81602454  	0.71260643  	0.72493649  	0.66463125  	0.66793436  	0.74672425  	0.74886292  
2020-08-03 20:57:54.718: iteration 45 finished in 2.860349 seconds
2020-08-03 20:57:54.843: epoch 45:	0.14226606  	0.07936122  	0.76543617  	0.81630135  	0.71258998  	0.72490996  	0.66455764  	0.66784132  	0.74658650  	0.74872845  
2020-08-03 20:57:57.689: iteration 46 finished in 2.844391 seconds
2020-08-03 20:57:57.811: epoch 46:	0.14228378  	0.07937893  	0.76552051  	0.81629711  	0.71253622  	0.72483897  	0.66445446  	0.66774070  	0.74645662  	0.74859917  
2020-08-03 20:58:00.614: iteration 47 finished in 2.801506 seconds
2020-08-03 20:58:00.736: epoch 47:	0.14235465  	0.07940549  	0.76573461  	0.81670314  	0.71256542  	0.72487831  	0.66448921  	0.66775113  	0.74626625  	0.74841684  
2020-08-03 20:58:03.234: iteration 48 finished in 2.497320 seconds
2020-08-03 20:58:03.352: epoch 48:	0.14233693  	0.07940550  	0.76571983  	0.81659973  	0.71255845  	0.72487062  	0.66448152  	0.66776490  	0.74624497  	0.74839056  
2020-08-03 20:58:06.199: iteration 49 finished in 2.845411 seconds
2020-08-03 20:58:06.317: epoch 49:	0.14237237  	0.07939664  	0.76574391  	0.81658709  	0.71271336  	0.72500110  	0.66467333  	0.66792864  	0.74649274  	0.74862736  
2020-08-03 20:58:08.938: iteration 50 finished in 2.620988 seconds
2020-08-03 20:58:09.058: epoch 50:	0.14237238  	0.07937007  	0.76581991  	0.81630528  	0.71272159  	0.72491491  	0.66465139  	0.66787946  	0.74646378  	0.74859041  
