2020-09-17 20:40:51.055: Dataset name: u1
The number of users: 4168
The number of items: 4070
The number of ratings: 57561
Average actions of users: 13.81
Average actions of items: 14.14
The sparsity of the dataset: 99.660683%
2020-09-17 20:40:51.056: 

NeuRec hyperparameters:
recommender=WRMF
config_dir=./conf
gpu_id=0
gpu_mem=0.5
data.input.path=C:\Users\HyunsikYoo\Desktop\VNE_directed_networks/_Data/wikispeedia/5-fold/u1/
data.input.dataset=u1
data.output.path=C:\Users\HyunsikYoo\Desktop\VNE_directed_networks/_Data/wikispeedia/5-fold/u1/relevance_WRMF_directed_uni_False_uniform
data.column.format=UI
data.convert.separator='\t'
user_min=0
item_min=0
splitter=given
ratio=0.8
by_time=False
metric=["Precision", "Recall", "NDCG", "MAP", "MRR"]
topk=[10, 20]
group_view=None
rec.evaluate.neg=0
test_batch_size=128
num_thread=8
data.index.remap=False

WRMF's hyperparameters:
epochs=50
embedding_size=16
reg_mf=0.1
alpha=10
init_method=uniform
stddev=0.01
verbose=1
weight=uniform

2020-09-17 20:41:36.956: metrics:	Precision@10	Precision@20	Recall@10   	Recall@20   	NDCG@10     	NDCG@20     	MAP@10      	MAP@20      	MRR@10      	MRR@20      
2020-09-17 20:41:39.408: iteration 1 finished in 2.451444 seconds
2020-09-17 20:41:39.487: epoch 1:	0.01625986  	0.01247100  	0.06390592  	0.09085068  	0.04228415  	0.05113581  	0.02422849  	0.02612244  	0.05802845  	0.06236175  
2020-09-17 20:41:41.928: iteration 2 finished in 2.440473 seconds
2020-09-17 20:41:42.006: epoch 2:	0.03154351  	0.02410764  	0.12063045  	0.17581728  	0.08304453  	0.10110983  	0.04924992  	0.05366987  	0.11250933  	0.11952196  
2020-09-17 20:41:44.463: iteration 3 finished in 2.456430 seconds
2020-09-17 20:41:44.541: epoch 3:	0.04217848  	0.03149297  	0.15965319  	0.22836383  	0.11414556  	0.13655120  	0.06991887  	0.07560955  	0.15603112  	0.16401565  
2020-09-17 20:41:46.995: iteration 4 finished in 2.454436 seconds
2020-09-17 20:41:47.074: epoch 4:	0.04685376  	0.03439569  	0.17608595  	0.25184125  	0.12821107  	0.15246396  	0.07951453  	0.08577252  	0.17540550  	0.18364938  
2020-09-17 20:41:49.525: iteration 5 finished in 2.449450 seconds
2020-09-17 20:41:49.604: epoch 5:	0.04921711  	0.03588559  	0.18443064  	0.26442447  	0.13464545  	0.16000032  	0.08383788  	0.09047380  	0.18418688  	0.19237058  
2020-09-17 20:41:52.059: iteration 6 finished in 2.454436 seconds
2020-09-17 20:41:52.138: epoch 6:	0.05042447  	0.03693880  	0.18930572  	0.27136016  	0.13807318  	0.16424154  	0.08614479  	0.09304164  	0.18811597  	0.19661894  
2020-09-17 20:41:54.604: iteration 7 finished in 2.466404 seconds
2020-09-17 20:41:54.685: epoch 7:	0.05158044  	0.03758100  	0.19224119  	0.27650452  	0.14084925  	0.16752550  	0.08815251  	0.09532531  	0.19202445  	0.20019700  
2020-09-17 20:41:57.159: iteration 8 finished in 2.474381 seconds
2020-09-17 20:41:57.238: epoch 8:	0.05204283  	0.03831314  	0.19519284  	0.28275940  	0.14230332  	0.17004316  	0.08890615  	0.09633187  	0.19395097  	0.20250872  
2020-09-17 20:41:59.705: iteration 9 finished in 2.467401 seconds
2020-09-17 20:41:59.785: epoch 9:	0.05235111  	0.03868562  	0.19581123  	0.28454313  	0.14241290  	0.17064266  	0.08851525  	0.09616230  	0.19499245  	0.20365255  
2020-09-17 20:42:02.264: iteration 10 finished in 2.478371 seconds
2020-09-17 20:42:02.345: epoch 10:	0.05304468  	0.03878837  	0.19943881  	0.28469926  	0.14435498  	0.17168084  	0.08962417  	0.09708367  	0.19755520  	0.20587146  
2020-09-17 20:42:04.828: iteration 11 finished in 2.482361 seconds
2020-09-17 20:42:04.909: epoch 11:	0.05350708  	0.03903241  	0.20064962  	0.28663251  	0.14514273  	0.17263882  	0.09012290  	0.09758334  	0.19827022  	0.20666701  
2020-09-17 20:42:07.382: iteration 12 finished in 2.472389 seconds
2020-09-17 20:42:07.459: epoch 12:	0.05386673  	0.03918653  	0.20082940  	0.28774634  	0.14507568  	0.17273165  	0.08983256  	0.09737143  	0.19778514  	0.20614851  
2020-09-17 20:42:09.989: iteration 13 finished in 2.529236 seconds
2020-09-17 20:42:10.067: epoch 13:	0.05435481  	0.03923791  	0.20235837  	0.28831691  	0.14560339  	0.17280398  	0.08990778  	0.09732316  	0.19811031  	0.20615132  
2020-09-17 20:42:12.579: iteration 14 finished in 2.512281 seconds
2020-09-17 20:42:12.660: epoch 14:	0.05432912  	0.03916084  	0.20185834  	0.28717753  	0.14593337  	0.17301942  	0.09029445  	0.09772493  	0.19927078  	0.20739348  
2020-09-17 20:42:15.132: iteration 15 finished in 2.472388 seconds
2020-09-17 20:42:15.216: epoch 15:	0.05435481  	0.03908378  	0.20098673  	0.28604284  	0.14612328  	0.17315438  	0.09067363  	0.09809367  	0.19993848  	0.20820515  
2020-09-17 20:42:17.701: iteration 16 finished in 2.484356 seconds
2020-09-17 20:42:17.780: epoch 16:	0.05427773  	0.03941773  	0.20008598  	0.28854185  	0.14620663  	0.17428656  	0.09093663  	0.09867951  	0.20045227  	0.20898767  
2020-09-17 20:42:20.255: iteration 17 finished in 2.475380 seconds
2020-09-17 20:42:20.333: epoch 17:	0.05445756  	0.03959755  	0.20130895  	0.29040018  	0.14671546  	0.17492726  	0.09108944  	0.09884587  	0.20119925  	0.20960237  
2020-09-17 20:42:22.821: iteration 18 finished in 2.486351 seconds
2020-09-17 20:42:22.898: epoch 18:	0.05445757  	0.03955902  	0.20110589  	0.29012924  	0.14685261  	0.17504576  	0.09135731  	0.09910575  	0.20131893  	0.20979606  
2020-09-17 20:42:25.385: iteration 19 finished in 2.485353 seconds
2020-09-17 20:42:25.463: epoch 19:	0.05445757  	0.03973884  	0.20199403  	0.29155388  	0.14719374  	0.17554997  	0.09142371  	0.09923415  	0.20212810  	0.21049406  
2020-09-17 20:42:27.947: iteration 20 finished in 2.483359 seconds
2020-09-17 20:42:28.026: epoch 20:	0.05448325  	0.03988013  	0.20219751  	0.29273242  	0.14733608  	0.17599353  	0.09161306  	0.09948555  	0.20208241  	0.21062179  
2020-09-17 20:42:30.504: iteration 21 finished in 2.478372 seconds
2020-09-17 20:42:30.582: epoch 21:	0.05448325  	0.03985444  	0.20201680  	0.29240993  	0.14729947  	0.17593162  	0.09161815  	0.09949291  	0.20195337  	0.21051623  
2020-09-17 20:42:33.066: iteration 22 finished in 2.483359 seconds
2020-09-17 20:42:33.144: epoch 22:	0.05458600  	0.03989298  	0.20312808  	0.29282698  	0.14754827  	0.17602208  	0.09163891  	0.09945124  	0.20187296  	0.21044494  
2020-09-17 20:42:35.629: iteration 23 finished in 2.485353 seconds
2020-09-17 20:42:35.708: epoch 23:	0.05468876  	0.03988014  	0.20391582  	0.29316124  	0.14755525  	0.17586257  	0.09144578  	0.09920968  	0.20149566  	0.20998834  
2020-09-17 20:42:38.196: iteration 24 finished in 2.487348 seconds
2020-09-17 20:42:38.275: epoch 24:	0.05476582  	0.04000857  	0.20333280  	0.29399049  	0.14769503  	0.17635015  	0.09162519  	0.09946525  	0.20232041  	0.21094213  
2020-09-17 20:42:40.763: iteration 25 finished in 2.487348 seconds
2020-09-17 20:42:40.840: epoch 25:	0.05476581  	0.04005995  	0.20298478  	0.29439372  	0.14773969  	0.17657226  	0.09176978  	0.09963438  	0.20244375  	0.21113455  
2020-09-17 20:42:43.329: iteration 26 finished in 2.488345 seconds
2020-09-17 20:42:43.408: epoch 26:	0.05468875  	0.04008564  	0.20307295  	0.29485440  	0.14758562  	0.17653483  	0.09155076  	0.09946290  	0.20228924  	0.21093622  
2020-09-17 20:42:45.891: iteration 27 finished in 2.482360 seconds
2020-09-17 20:42:45.972: epoch 27:	0.05456031  	0.03995720  	0.20258032  	0.29445246  	0.14731507  	0.17627344  	0.09139132  	0.09929859  	0.20197091  	0.21070233  
2020-09-17 20:42:48.462: iteration 28 finished in 2.489343 seconds
2020-09-17 20:42:48.539: epoch 28:	0.05466305  	0.03999573  	0.20205370  	0.29419410  	0.14748308  	0.17649311  	0.09162719  	0.09952786  	0.20264965  	0.21145426  
2020-09-17 20:42:51.042: iteration 29 finished in 2.503306 seconds
2020-09-17 20:42:51.121: epoch 29:	0.05461168  	0.04002142  	0.20228131  	0.29422650  	0.14742744  	0.17642850  	0.09152322  	0.09941050  	0.20253059  	0.21140115  
2020-09-17 20:42:53.631: iteration 30 finished in 2.510287 seconds
2020-09-17 20:42:53.709: epoch 30:	0.05471443  	0.03999573  	0.20226683  	0.29441628  	0.14732961  	0.17629921  	0.09140966  	0.09928717  	0.20214070  	0.21093205  
2020-09-17 20:42:56.199: iteration 31 finished in 2.490340 seconds
2020-09-17 20:42:56.282: epoch 31:	0.05486856  	0.04000857  	0.20313552  	0.29474807  	0.14736547  	0.17615785  	0.09120937  	0.09900079  	0.20194089  	0.21071774  
2020-09-17 20:42:58.781: iteration 32 finished in 2.499315 seconds
2020-09-17 20:42:58.860: epoch 32:	0.05486856  	0.04000857  	0.20349325  	0.29487652  	0.14738764  	0.17613058  	0.09125514  	0.09903672  	0.20145237  	0.21016823  
2020-09-17 20:43:01.349: iteration 33 finished in 2.487348 seconds
2020-09-17 20:43:01.442: epoch 33:	0.05489424  	0.04007280  	0.20334393  	0.29528263  	0.14740835  	0.17630695  	0.09130083  	0.09913039  	0.20148431  	0.21023965  
2020-09-17 20:43:03.929: iteration 34 finished in 2.485353 seconds
2020-09-17 20:43:04.008: epoch 34:	0.05499699  	0.04002142  	0.20384571  	0.29441193  	0.14753118  	0.17603663  	0.09128795  	0.09902208  	0.20133552  	0.20992753  
2020-09-17 20:43:06.502: iteration 35 finished in 2.492334 seconds
2020-09-17 20:43:06.582: epoch 35:	0.05502268  	0.03994435  	0.20396514  	0.29315293  	0.14738047  	0.17554852  	0.09110478  	0.09875711  	0.20075901  	0.20927750  
2020-09-17 20:43:09.068: iteration 36 finished in 2.486350 seconds
2020-09-17 20:43:09.148: epoch 36:	0.05489424  	0.03991866  	0.20361136  	0.29350719  	0.14740339  	0.17575620  	0.09123051  	0.09895660  	0.20117436  	0.20975472  
2020-09-17 20:43:11.642: iteration 37 finished in 2.494329 seconds
2020-09-17 20:43:11.722: epoch 37:	0.05479150  	0.03986729  	0.20353776  	0.29353404  	0.14722817  	0.17562182  	0.09104662  	0.09877779  	0.20121725  	0.20985022  
2020-09-17 20:43:14.219: iteration 38 finished in 2.497322 seconds
2020-09-17 20:43:14.299: epoch 38:	0.05481718  	0.03985445  	0.20379463  	0.29354954  	0.14704086  	0.17535800  	0.09075122  	0.09844495  	0.20080045  	0.20941928  
2020-09-17 20:43:16.796: iteration 39 finished in 2.496325 seconds
2020-09-17 20:43:16.874: epoch 39:	0.05489425  	0.03985444  	0.20414221  	0.29350275  	0.14716765  	0.17536585  	0.09080730  	0.09844937  	0.20085762  	0.20947035  
2020-09-17 20:43:19.371: iteration 40 finished in 2.497322 seconds
2020-09-17 20:43:19.451: epoch 40:	0.05476581  	0.03990582  	0.20393242  	0.29391417  	0.14709249  	0.17552333  	0.09082731  	0.09851844  	0.20083328  	0.20956896  
2020-09-17 20:43:21.958: iteration 41 finished in 2.507294 seconds
2020-09-17 20:43:22.036: epoch 41:	0.05463737  	0.03990582  	0.20352021  	0.29370224  	0.14699937  	0.17554551  	0.09083968  	0.09855685  	0.20104316  	0.20986351  
2020-09-17 20:43:24.539: iteration 42 finished in 2.502308 seconds
2020-09-17 20:43:24.622: epoch 42:	0.05471443  	0.03982876  	0.20360978  	0.29337192  	0.14709792  	0.17548522  	0.09090472  	0.09857672  	0.20120881  	0.20997718  
2020-09-17 20:43:27.172: iteration 43 finished in 2.549183 seconds
2020-09-17 20:43:27.254: epoch 43:	0.05479150  	0.03984160  	0.20376055  	0.29331771  	0.14713377  	0.17544168  	0.09086439  	0.09853452  	0.20116264  	0.20987028  
2020-09-17 20:43:29.786: iteration 44 finished in 2.531231 seconds
2020-09-17 20:43:29.864: epoch 44:	0.05481718  	0.03985444  	0.20413500  	0.29359412  	0.14707249  	0.17537215  	0.09074984  	0.09841639  	0.20070334  	0.20943244  
2020-09-17 20:43:32.396: iteration 45 finished in 2.530233 seconds
2020-09-17 20:43:32.476: epoch 45:	0.05486856  	0.03986729  	0.20422360  	0.29342225  	0.14701799  	0.17525107  	0.09064611  	0.09829853  	0.20049067  	0.20919004  
2020-09-17 20:43:35.012: iteration 46 finished in 2.534223 seconds
2020-09-17 20:43:35.090: epoch 46:	0.05486856  	0.03994435  	0.20388784  	0.29456136  	0.14683351  	0.17542875  	0.09047801  	0.09823812  	0.20031759  	0.20905407  
2020-09-17 20:43:37.626: iteration 47 finished in 2.535220 seconds
2020-09-17 20:43:37.704: epoch 47:	0.05484287  	0.04003426  	0.20336320  	0.29547328  	0.14666027  	0.17562954  	0.09039845  	0.09824832  	0.20026438  	0.20912372  
2020-09-17 20:43:40.224: iteration 48 finished in 2.519263 seconds
2020-09-17 20:43:40.302: epoch 48:	0.05484287  	0.04004710  	0.20383947  	0.29525527  	0.14658155  	0.17539950  	0.09020885  	0.09801462  	0.19992062  	0.20872980  
2020-09-17 20:43:42.823: iteration 49 finished in 2.520260 seconds
2020-09-17 20:43:42.901: epoch 49:	0.05474012  	0.04008564  	0.20384377  	0.29534420  	0.14657512  	0.17549987  	0.09024812  	0.09809239  	0.19990875  	0.20876211  
2020-09-17 20:43:45.418: iteration 50 finished in 2.515274 seconds
2020-09-17 20:43:45.497: epoch 50:	0.05466306  	0.04011132  	0.20371106  	0.29585290  	0.14645372  	0.17557757  	0.09015530  	0.09806311  	0.19980845  	0.20868517  
