2020-08-03 20:02:32.775: Dataset name: u1
The number of users: 1806
The number of items: 1801
The number of ratings: 20192
Average actions of users: 11.18
Average actions of items: 11.21
The sparsity of the dataset: 99.379205%
2020-08-03 20:02:32.776: 

NeuRec hyperparameters:
recommender=WRMF
config_dir=./conf
gpu_id=0
gpu_mem=0.5
data.input.path=C:\Users\HyunsikYoo\Desktop\VNE_directed_networks/_Data/uci/5-fold/u1/
data.input.dataset=u1
data.output.path=C:\Users\HyunsikYoo\Desktop\VNE_directed_networks/_Data/uci/5-fold/u1/relevance_WRMF_directed_False_uniform
data.column.format=UI
data.convert.separator='\t'
user_min=0
item_min=0
splitter=given
ratio=0.8
by_time=False
metric=["Precision", "Recall", "NDCG", "MAP", "MRR"]
topk=[10, 20]
group_view=None
rec.evaluate.neg=0
test_batch_size=128
num_thread=8
data.index.remap=False

WRMF's hyperparameters:
epochs=50
embedding_size=16
reg_mf=0.1
alpha=10
init_method=uniform
stddev=0.01
verbose=1
weight=uniform

2020-08-03 20:02:41.777: metrics:	Precision@10	Precision@20	Recall@10   	Recall@20   	NDCG@10     	NDCG@20     	MAP@10      	MAP@20      	MRR@10      	MRR@20      
2020-08-03 20:02:42.796: iteration 1 finished in 1.019273 seconds
2020-08-03 20:02:42.823: epoch 1:	0.01505485  	0.01350950  	0.04045473  	0.07295996  	0.02725335  	0.03740023  	0.01246738  	0.01456730  	0.04420548  	0.04932005  
2020-08-03 20:02:43.824: iteration 2 finished in 1.000325 seconds
2020-08-03 20:02:43.848: epoch 2:	0.02492527  	0.02253236  	0.06546359  	0.11691396  	0.04903178  	0.06598566  	0.02624308  	0.02987099  	0.07728244  	0.08531486  
2020-08-03 20:02:44.846: iteration 3 finished in 0.998330 seconds
2020-08-03 20:02:44.868: epoch 3:	0.03050853  	0.02562308  	0.07668447  	0.13283560  	0.05816877  	0.07631893  	0.03163449  	0.03586467  	0.08650081  	0.09402466  
2020-08-03 20:02:45.874: iteration 4 finished in 1.004313 seconds
2020-08-03 20:02:45.897: epoch 4:	0.03320044  	0.02716843  	0.08301551  	0.14461239  	0.06267740  	0.08162000  	0.03394447  	0.03819685  	0.09297504  	0.10051374  
2020-08-03 20:02:46.876: iteration 5 finished in 0.979380 seconds
2020-08-03 20:02:46.898: epoch 5:	0.03349954  	0.02821529  	0.08445978  	0.14127991  	0.06351630  	0.08234524  	0.03409773  	0.03834144  	0.09484880  	0.10338079  
2020-08-03 20:02:47.849: iteration 6 finished in 0.951456 seconds
2020-08-03 20:02:47.873: epoch 6:	0.03479565  	0.02941170  	0.08545884  	0.15047979  	0.06491483  	0.08575822  	0.03480209  	0.03952586  	0.09723093  	0.10584964  
2020-08-03 20:02:48.822: iteration 7 finished in 0.948460 seconds
2020-08-03 20:02:48.846: epoch 7:	0.03519444  	0.02986036  	0.08873346  	0.15112931  	0.06596165  	0.08639273  	0.03462596  	0.03930661  	0.10037313  	0.10862228  
2020-08-03 20:02:49.793: iteration 8 finished in 0.947466 seconds
2020-08-03 20:02:49.816: epoch 8:	0.03519443  	0.02956126  	0.08920461  	0.14793429  	0.06637894  	0.08591272  	0.03496303  	0.03956435  	0.10082930  	0.10875846  
2020-08-03 20:02:50.740: iteration 9 finished in 0.923530 seconds
2020-08-03 20:02:50.760: epoch 9:	0.03479563  	0.02941171  	0.08686433  	0.14506646  	0.06652965  	0.08607022  	0.03557323  	0.04009206  	0.10278928  	0.11101548  
2020-08-03 20:02:51.763: iteration 10 finished in 1.002320 seconds
2020-08-03 20:02:51.786: epoch 10:	0.03559324  	0.02981050  	0.09158772  	0.14737844  	0.06833956  	0.08699401  	0.03621806  	0.04040676  	0.10466575  	0.11208564  
2020-08-03 20:02:52.797: iteration 11 finished in 1.010296 seconds
2020-08-03 20:02:52.818: epoch 11:	0.03549355  	0.03050842  	0.09017808  	0.15413181  	0.06880143  	0.08965742  	0.03689221  	0.04176535  	0.10664476  	0.11419731  
2020-08-03 20:02:53.727: iteration 12 finished in 0.908569 seconds
2020-08-03 20:02:53.748: epoch 12:	0.03589234  	0.03110662  	0.09102630  	0.15906571  	0.06978223  	0.09186283  	0.03790389  	0.04305144  	0.10767104  	0.11578667  
2020-08-03 20:02:54.749: iteration 13 finished in 0.999327 seconds
2020-08-03 20:02:54.772: epoch 13:	0.03609174  	0.03145557  	0.09324782  	0.16041301  	0.06975311  	0.09186861  	0.03739699  	0.04248266  	0.10655928  	0.11490448  
2020-08-03 20:02:55.775: iteration 14 finished in 1.003315 seconds
2020-08-03 20:02:55.798: epoch 14:	0.03639084  	0.03130602  	0.09454592  	0.15809888  	0.06942416  	0.09063932  	0.03649898  	0.04154458  	0.10609762  	0.11398520  
2020-08-03 20:02:56.790: iteration 15 finished in 0.992307 seconds
2020-08-03 20:02:56.813: epoch 15:	0.03678964  	0.03175467  	0.09600831  	0.16361974  	0.07043279  	0.09266523  	0.03719554  	0.04245090  	0.10759310  	0.11564977  
2020-08-03 20:02:57.780: iteration 16 finished in 0.966415 seconds
2020-08-03 20:02:57.801: epoch 16:	0.03659025  	0.03185436  	0.09402334  	0.16441102  	0.07052666  	0.09364340  	0.03754482  	0.04305947  	0.10975406  	0.11837029  
2020-08-03 20:02:58.722: iteration 17 finished in 0.921535 seconds
2020-08-03 20:02:58.745: epoch 17:	0.03718844  	0.03175466  	0.09636822  	0.16441928  	0.07174624  	0.09398589  	0.03803939  	0.04335483  	0.11154670  	0.11970544  
2020-08-03 20:02:59.671: iteration 18 finished in 0.924487 seconds
2020-08-03 20:02:59.693: epoch 18:	0.03678965  	0.03190421  	0.09426931  	0.16769145  	0.07077736  	0.09445705  	0.03749385  	0.04310204  	0.11116372  	0.11998024  
2020-08-03 20:03:00.636: iteration 19 finished in 0.943476 seconds
2020-08-03 20:03:00.658: epoch 19:	0.03718845  	0.03215346  	0.09451834  	0.16877842  	0.07090274  	0.09468395  	0.03733110  	0.04299467  	0.11094770  	0.11949137  
2020-08-03 20:03:01.603: iteration 20 finished in 0.945471 seconds
2020-08-03 20:03:01.637: epoch 20:	0.03768695  	0.03220330  	0.09446122  	0.16898341  	0.07156903  	0.09518214  	0.03789326  	0.04342419  	0.11237006  	0.12085957  
2020-08-03 20:03:02.590: iteration 21 finished in 0.949460 seconds
2020-08-03 20:03:02.616: epoch 21:	0.03768695  	0.03225316  	0.09472100  	0.16991602  	0.07097548  	0.09474906  	0.03684538  	0.04233303  	0.11217696  	0.12099058  
2020-08-03 20:03:03.626: iteration 22 finished in 1.010297 seconds
2020-08-03 20:03:03.649: epoch 22:	0.03788635  	0.03230301  	0.09564993  	0.17072496  	0.07133961  	0.09496205  	0.03701224  	0.04237822  	0.11230910  	0.12106735  
2020-08-03 20:03:04.677: iteration 23 finished in 1.028250 seconds
2020-08-03 20:03:04.701: epoch 23:	0.03768696  	0.03200391  	0.09403689  	0.16994396  	0.07074443  	0.09453668  	0.03690506  	0.04243708  	0.11075384  	0.11925072  
2020-08-03 20:03:05.630: iteration 24 finished in 0.928598 seconds
2020-08-03 20:03:05.653: epoch 24:	0.03788635  	0.03195406  	0.09643996  	0.17066424  	0.07177985  	0.09506273  	0.03763685  	0.04294697  	0.11156645  	0.11997662  
2020-08-03 20:03:06.669: iteration 25 finished in 1.016306 seconds
2020-08-03 20:03:06.692: epoch 25:	0.03778665  	0.03195406  	0.09779941  	0.16933143  	0.07188088  	0.09463532  	0.03756892  	0.04278003  	0.11115541  	0.11954167  
2020-08-03 20:03:07.698: iteration 26 finished in 1.005310 seconds
2020-08-03 20:03:07.723: epoch 26:	0.03748756  	0.03195406  	0.09793659  	0.16890368  	0.07171840  	0.09452235  	0.03744708  	0.04264126  	0.11163376  	0.12011410  
2020-08-03 20:03:08.740: iteration 27 finished in 1.016093 seconds
2020-08-03 20:03:08.763: epoch 27:	0.03798606  	0.03200391  	0.09838087  	0.16893433  	0.07255404  	0.09502670  	0.03804152  	0.04308750  	0.11306121  	0.12158255  
2020-08-03 20:03:09.771: iteration 28 finished in 1.007374 seconds
2020-08-03 20:03:09.793: epoch 28:	0.03768696  	0.03210361  	0.09775954  	0.17068210  	0.07251669  	0.09568635  	0.03815259  	0.04343466  	0.11365070  	0.12212603  
2020-08-03 20:03:10.788: iteration 29 finished in 0.994339 seconds
2020-08-03 20:03:10.811: epoch 29:	0.03798606  	0.03210361  	0.09756251  	0.16963671  	0.07275295  	0.09564162  	0.03835852  	0.04357149  	0.11361708  	0.12200828  
2020-08-03 20:03:11.814: iteration 30 finished in 1.003316 seconds
2020-08-03 20:03:11.838: epoch 30:	0.03808575  	0.03200391  	0.09713858  	0.16881493  	0.07292985  	0.09562550  	0.03846684  	0.04370354  	0.11480914  	0.12282437  
2020-08-03 20:03:12.837: iteration 31 finished in 0.999290 seconds
2020-08-03 20:03:12.860: epoch 31:	0.03788636  	0.03180451  	0.09794318  	0.16645344  	0.07329705  	0.09530811  	0.03880948  	0.04390458  	0.11524117  	0.12308473  
2020-08-03 20:03:13.772: iteration 32 finished in 0.911562 seconds
2020-08-03 20:03:13.787: epoch 32:	0.03788636  	0.03180451  	0.09713250  	0.16552421  	0.07335391  	0.09541621  	0.03891722  	0.04404723  	0.11616974  	0.12416338  
2020-08-03 20:03:14.720: iteration 33 finished in 0.933503 seconds
2020-08-03 20:03:14.743: epoch 33:	0.03798605  	0.03180451  	0.09695997  	0.16593413  	0.07363059  	0.09579505  	0.03940609  	0.04451399  	0.11609856  	0.12434702  
2020-08-03 20:03:15.740: iteration 34 finished in 0.996335 seconds
2020-08-03 20:03:15.762: epoch 34:	0.03808575  	0.03190420  	0.09785016  	0.16851482  	0.07396261  	0.09638408  	0.03957979  	0.04468326  	0.11622397  	0.12464293  
2020-08-03 20:03:16.731: iteration 35 finished in 0.969407 seconds
2020-08-03 20:03:16.755: epoch 35:	0.03778665  	0.03180451  	0.09741057  	0.16626425  	0.07343415  	0.09561038  	0.03929575  	0.04439222  	0.11470470  	0.12318792  
2020-08-03 20:03:17.755: iteration 36 finished in 0.999327 seconds
2020-08-03 20:03:17.778: epoch 36:	0.03848455  	0.03225315  	0.09856872  	0.17185503  	0.07413517  	0.09714106  	0.03968665  	0.04492280  	0.11456227  	0.12317069  
2020-08-03 20:03:18.774: iteration 37 finished in 0.994340 seconds
2020-08-03 20:03:18.797: epoch 37:	0.03898305  	0.03220331  	0.10072059  	0.17143013  	0.07505349  	0.09718759  	0.04013966  	0.04514780  	0.11483920  	0.12305958  
2020-08-03 20:03:19.797: iteration 38 finished in 1.000333 seconds
2020-08-03 20:03:19.820: epoch 38:	0.03898305  	0.03215346  	0.10093888  	0.16945860  	0.07513975  	0.09683858  	0.04013388  	0.04515694  	0.11549199  	0.12342008  
2020-08-03 20:03:20.789: iteration 39 finished in 0.967412 seconds
2020-08-03 20:03:20.811: epoch 39:	0.03858425  	0.03215346  	0.09889383  	0.16873576  	0.07436218  	0.09659278  	0.03980148  	0.04495955  	0.11511219  	0.12343068  
2020-08-03 20:03:21.751: iteration 40 finished in 0.938489 seconds
2020-08-03 20:03:21.773: epoch 40:	0.03858425  	0.03225316  	0.09859711  	0.16950509  	0.07428285  	0.09677322  	0.03982187  	0.04508308  	0.11481943  	0.12303588  
2020-08-03 20:03:22.776: iteration 41 finished in 1.002318 seconds
2020-08-03 20:03:22.799: epoch 41:	0.03848455  	0.03215346  	0.09821492  	0.16888471  	0.07414907  	0.09664847  	0.03986652  	0.04510160  	0.11456068  	0.12302634  
2020-08-03 20:03:23.795: iteration 42 finished in 0.996335 seconds
2020-08-03 20:03:23.818: epoch 42:	0.03868395  	0.03235286  	0.09863034  	0.16936736  	0.07466453  	0.09719881  	0.04023686  	0.04546624  	0.11566412  	0.12403490  
2020-08-03 20:03:24.813: iteration 43 finished in 0.995337 seconds
2020-08-03 20:03:24.836: epoch 43:	0.03858425  	0.03240271  	0.09946017  	0.16953051  	0.07491774  	0.09739973  	0.04047751  	0.04564375  	0.11550190  	0.12403688  
2020-08-03 20:03:25.829: iteration 44 finished in 0.991385 seconds
2020-08-03 20:03:25.852: epoch 44:	0.03878365  	0.03215346  	0.09944187  	0.16849075  	0.07523104  	0.09727580  	0.04068827  	0.04582031  	0.11669871  	0.12481504  
2020-08-03 20:03:26.848: iteration 45 finished in 0.996334 seconds
2020-08-03 20:03:26.871: epoch 45:	0.03898305  	0.03215346  	0.10023610  	0.16759485  	0.07586356  	0.09742627  	0.04107647  	0.04601073  	0.11842371  	0.12650324  
2020-08-03 20:03:27.868: iteration 46 finished in 0.996336 seconds
2020-08-03 20:03:27.890: epoch 46:	0.03938184  	0.03200391  	0.10195713  	0.16700177  	0.07667310  	0.09746380  	0.04153891  	0.04628506  	0.11880271  	0.12655953  
2020-08-03 20:03:28.886: iteration 47 finished in 0.995337 seconds
2020-08-03 20:03:28.909: epoch 47:	0.03948154  	0.03210361  	0.10247365  	0.16707774  	0.07652285  	0.09722899  	0.04126094  	0.04595152  	0.11815941  	0.12597598  
2020-08-03 20:03:29.910: iteration 48 finished in 1.000325 seconds
2020-08-03 20:03:29.934: epoch 48:	0.03968095  	0.03230301  	0.10184815  	0.16861479  	0.07718360  	0.09836285  	0.04205100  	0.04681968  	0.11970597  	0.12767504  
2020-08-03 20:03:30.929: iteration 49 finished in 0.995337 seconds
2020-08-03 20:03:30.952: epoch 49:	0.04027915  	0.03210361  	0.10254886  	0.16698399  	0.07806434  	0.09837653  	0.04254237  	0.04707858  	0.12177437  	0.12942193  
2020-08-03 20:03:31.946: iteration 50 finished in 0.992337 seconds
2020-08-03 20:03:31.970: epoch 50:	0.04027915  	0.03205376  	0.10355892  	0.16654716  	0.07808174  	0.09803230  	0.04238892  	0.04684301  	0.12137754  	0.12887388  
