2020-11-19 14:03:47.630: Dataset name: u1
The number of users: 6107
The number of items: 6107
The number of ratings: 50522
Average actions of users: 8.27
Average actions of items: 8.27
The sparsity of the dataset: 99.864536%
2020-11-19 14:03:47.631: 

NeuRec hyperparameters:
recommender=WRMF
config_dir=./conf
gpu_id=0
gpu_mem=0.5
data.input.path=C:\Users\HyunsikYoo\Desktop\VNE_directed_networks/_Data/jung/5-fold/u1/
data.input.dataset=u1
data.output.path=C:\Users\HyunsikYoo\Desktop\VNE_directed_networks/_Emb/jung/5-fold/wrmf/u1_wrmf_bi_directed_dim16.emb
data.column.format=UI
data.convert.separator='\t'
user_min=0
item_min=0
splitter=given
ratio=0.8
by_time=False
metric=["Precision", "Recall", "NDCG", "MAP", "MRR"]
topk=[10, 20]
group_view=None
rec.evaluate.neg=0
test_batch_size=128
num_thread=8
data.index.remap=False

WRMF's hyperparameters:
epochs=50
embedding_size=16
reg_mf=0.1
alpha=10
init_method=uniform
stddev=0.01
verbose=1
weight=uniform

2020-11-19 14:05:21.040: metrics:	Precision@10	Precision@20	Recall@10   	Recall@20   	NDCG@10     	NDCG@20     	MAP@10      	MAP@20      	MRR@10      	MRR@20      
2020-11-19 14:05:25.511: iteration 1 finished in 4.471047 seconds
2020-11-19 14:05:25.616: epoch 1:	0.09453102  	0.05861909  	0.53880239  	0.61652476  	0.47030002  	0.49199089  	0.41768646  	0.42512116  	0.49561256  	0.50021893  
2020-11-19 14:05:29.530: iteration 2 finished in 3.912541 seconds
2020-11-19 14:05:29.629: epoch 2:	0.12928554  	0.07361744  	0.69922042  	0.75483811  	0.66438192  	0.67788607  	0.61997414  	0.62364244  	0.71023881  	0.71276224  
2020-11-19 14:05:33.486: iteration 3 finished in 3.856690 seconds
2020-11-19 14:05:33.586: epoch 3:	0.13614295  	0.07661540  	0.73646957  	0.78411317  	0.69663149  	0.70795918  	0.65213263  	0.65527195  	0.73822314  	0.74013513  
2020-11-19 14:05:37.473: iteration 4 finished in 3.887213 seconds
2020-11-19 14:05:37.578: epoch 4:	0.13839139  	0.07784270  	0.74641293  	0.79656267  	0.71319973  	0.72520220  	0.67072839  	0.67421913  	0.75778735  	0.75991839  
2020-11-19 14:05:41.413: iteration 5 finished in 3.835737 seconds
2020-11-19 14:05:41.515: epoch 5:	0.13927206  	0.07832985  	0.74975634  	0.80247915  	0.71804047  	0.73071438  	0.67616028  	0.67989701  	0.76337087  	0.76564991  
2020-11-19 14:05:45.420: iteration 6 finished in 3.904562 seconds
2020-11-19 14:05:45.520: epoch 6:	0.13989033  	0.07858284  	0.75253075  	0.80510873  	0.72123367  	0.73368561  	0.67923188  	0.68280458  	0.76795471  	0.77015650  
2020-11-19 14:05:49.369: iteration 7 finished in 3.848118 seconds
2020-11-19 14:05:49.469: epoch 7:	0.14007767  	0.07862969  	0.75403225  	0.80551010  	0.72267169  	0.73488051  	0.68056589  	0.68415421  	0.76969236  	0.77184314  
2020-11-19 14:05:53.319: iteration 8 finished in 3.848711 seconds
2020-11-19 14:05:53.420: epoch 8:	0.14024624  	0.07870466  	0.75457722  	0.80561119  	0.72348017  	0.73565018  	0.68107283  	0.68469810  	0.77149040  	0.77359706  
2020-11-19 14:05:57.303: iteration 9 finished in 3.883618 seconds
2020-11-19 14:05:57.405: epoch 9:	0.14033991  	0.07881708  	0.75580281  	0.80653512  	0.72390711  	0.73606718  	0.68122745  	0.68491793  	0.77186286  	0.77388066  
2020-11-19 14:06:01.286: iteration 10 finished in 3.880626 seconds
2020-11-19 14:06:01.385: epoch 10:	0.14056484  	0.07891076  	0.75830144  	0.80777895  	0.72509891  	0.73691702  	0.68203133  	0.68561858  	0.77312809  	0.77497077  
2020-11-19 14:06:05.315: iteration 11 finished in 3.929496 seconds
2020-11-19 14:06:05.417: epoch 11:	0.14060234  	0.07892948  	0.75853229  	0.80799085  	0.72533834  	0.73716348  	0.68229640  	0.68586969  	0.77330893  	0.77523500  
2020-11-19 14:06:09.333: iteration 12 finished in 3.916037 seconds
2020-11-19 14:06:09.432: epoch 12:	0.14063980  	0.07901382  	0.75915152  	0.80832648  	0.72577941  	0.73761821  	0.68262416  	0.68629259  	0.77371949  	0.77555913  
2020-11-19 14:06:13.302: iteration 13 finished in 3.868658 seconds
2020-11-19 14:06:13.404: epoch 13:	0.14077097  	0.07907941  	0.76005715  	0.80925596  	0.72571063  	0.73752546  	0.68229741  	0.68598676  	0.77273172  	0.77453202  
2020-11-19 14:06:17.302: iteration 14 finished in 3.898589 seconds
2020-11-19 14:06:17.403: epoch 14:	0.14108938  	0.07911687  	0.76166850  	0.80968970  	0.72620666  	0.73759413  	0.68247586  	0.68590134  	0.77293360  	0.77463180  
2020-11-19 14:06:21.302: iteration 15 finished in 3.898578 seconds
2020-11-19 14:06:21.401: epoch 15:	0.14097697  	0.07915436  	0.76145464  	0.81037998  	0.72569954  	0.73737752  	0.68186563  	0.68544418  	0.77215648  	0.77386940  
2020-11-19 14:06:25.333: iteration 16 finished in 3.930493 seconds
2020-11-19 14:06:25.432: epoch 16:	0.14123920  	0.07913561  	0.76231790  	0.81018144  	0.72599739  	0.73731327  	0.68204659  	0.68543518  	0.77193761  	0.77362782  
2020-11-19 14:06:29.377: iteration 17 finished in 3.944456 seconds
2020-11-19 14:06:29.475: epoch 17:	0.14116426  	0.07912625  	0.76175582  	0.80981678  	0.72539186  	0.73680437  	0.68140864  	0.68486887  	0.77125293  	0.77297282  
2020-11-19 14:06:33.390: iteration 18 finished in 3.913226 seconds
2020-11-19 14:06:33.489: epoch 18:	0.14120172  	0.07907003  	0.76114994  	0.80910277  	0.72533005  	0.73667997  	0.68152356  	0.68492186  	0.77126116  	0.77300477  
2020-11-19 14:06:37.464: iteration 19 finished in 3.974880 seconds
2020-11-19 14:06:37.564: epoch 19:	0.14122045  	0.07907940  	0.76150596  	0.80932587  	0.72529471  	0.73660856  	0.68138891  	0.68478841  	0.77103949  	0.77275509  
2020-11-19 14:06:41.459: iteration 20 finished in 3.894589 seconds
2020-11-19 14:06:41.560: epoch 20:	0.14114556  	0.07909814  	0.76155901  	0.80990589  	0.72499990  	0.73646569  	0.68100703  	0.68447024  	0.77059406  	0.77228653  
2020-11-19 14:06:45.437: iteration 21 finished in 3.877634 seconds
2020-11-19 14:06:45.537: epoch 21:	0.14108938  	0.07907942  	0.76140451  	0.80981743  	0.72495884  	0.73647952  	0.68102556  	0.68453562  	0.77070516  	0.77238828  
2020-11-19 14:06:49.414: iteration 22 finished in 3.876637 seconds
2020-11-19 14:06:49.517: epoch 22:	0.14110813  	0.07907941  	0.76160753  	0.80966520  	0.72499859  	0.73642230  	0.68098217  	0.68449396  	0.77080011  	0.77242917  
2020-11-19 14:06:53.452: iteration 23 finished in 3.935479 seconds
2020-11-19 14:06:53.556: epoch 23:	0.14125796  	0.07909815  	0.76220083  	0.80983680  	0.72530413  	0.73654830  	0.68120223  	0.68459541  	0.77111620  	0.77270961  
2020-11-19 14:06:57.408: iteration 24 finished in 3.852700 seconds
2020-11-19 14:06:57.509: epoch 24:	0.14114556  	0.07912625  	0.76158667  	0.81005538  	0.72514868  	0.73668253  	0.68118745  	0.68472344  	0.77113771  	0.77277166  
2020-11-19 14:07:01.359: iteration 25 finished in 3.850706 seconds
2020-11-19 14:07:01.460: epoch 25:	0.14123921  	0.07912626  	0.76202142  	0.81027514  	0.72546011  	0.73689979  	0.68147510  	0.68494618  	0.77154320  	0.77316648  
2020-11-19 14:07:05.327: iteration 26 finished in 3.867014 seconds
2020-11-19 14:07:05.426: epoch 26:	0.14123923  	0.07914499  	0.76224428  	0.81055182  	0.72550166  	0.73697448  	0.68141669  	0.68491548  	0.77180165  	0.77341235  
2020-11-19 14:07:09.315: iteration 27 finished in 3.888111 seconds
2020-11-19 14:07:09.416: epoch 27:	0.14120178  	0.07917309  	0.76203477  	0.81058949  	0.72528082  	0.73683792  	0.68120307  	0.68475431  	0.77152014  	0.77313328  
2020-11-19 14:07:13.334: iteration 28 finished in 3.918594 seconds
2020-11-19 14:07:13.436: epoch 28:	0.14110813  	0.07917309  	0.76143366  	0.81071448  	0.72499150  	0.73675334  	0.68096846  	0.68458676  	0.77132767  	0.77302718  
2020-11-19 14:07:17.306: iteration 29 finished in 3.869655 seconds
2020-11-19 14:07:17.405: epoch 29:	0.14114560  	0.07917309  	0.76153648  	0.81079370  	0.72496247  	0.73669720  	0.68093663  	0.68452120  	0.77112842  	0.77284366  
2020-11-19 14:07:21.274: iteration 30 finished in 3.868658 seconds
2020-11-19 14:07:21.375: epoch 30:	0.14112686  	0.07919183  	0.76132107  	0.81092983  	0.72488827  	0.73672575  	0.68090844  	0.68452221  	0.77109534  	0.77283895  
2020-11-19 14:07:25.235: iteration 31 finished in 3.860679 seconds
2020-11-19 14:07:25.335: epoch 31:	0.14112686  	0.07920119  	0.76139128  	0.81099224  	0.72480214  	0.73664099  	0.68075198  	0.68437856  	0.77105665  	0.77278215  
2020-11-19 14:07:29.232: iteration 32 finished in 3.896945 seconds
2020-11-19 14:07:29.335: epoch 32:	0.14107066  	0.07920119  	0.76111025  	0.81108594  	0.72479415  	0.73674470  	0.68084770  	0.68451053  	0.77115363  	0.77292049  
2020-11-19 14:07:33.212: iteration 33 finished in 3.877634 seconds
2020-11-19 14:07:33.317: epoch 33:	0.14103319  	0.07921993  	0.76093793  	0.81137943  	0.72479093  	0.73687083  	0.68088651  	0.68460947  	0.77126825  	0.77307200  
2020-11-19 14:07:37.179: iteration 34 finished in 3.861938 seconds
2020-11-19 14:07:37.278: epoch 34:	0.14099571  	0.07922930  	0.76077062  	0.81140625  	0.72454834  	0.73669267  	0.68061709  	0.68436855  	0.77096736  	0.77277029  
2020-11-19 14:07:41.272: iteration 35 finished in 3.993325 seconds
2020-11-19 14:07:41.374: epoch 35:	0.14099571  	0.07925741  	0.76060998  	0.81157017  	0.72437245  	0.73661381  	0.68044257  	0.68422842  	0.77074176  	0.77256477  
2020-11-19 14:07:45.345: iteration 36 finished in 3.969389 seconds
2020-11-19 14:07:45.446: epoch 36:	0.14107065  	0.07928552  	0.76076454  	0.81207752  	0.72459435  	0.73689681  	0.68069685  	0.68446654  	0.77100742  	0.77283907  
2020-11-19 14:07:49.389: iteration 37 finished in 3.942461 seconds
2020-11-19 14:07:49.489: epoch 37:	0.14108939  	0.07924804  	0.76085824  	0.81145757  	0.72466838  	0.73679650  	0.68076372  	0.68448037  	0.77106345  	0.77286744  
2020-11-19 14:07:53.434: iteration 38 finished in 3.944455 seconds
2020-11-19 14:07:53.533: epoch 38:	0.14110814  	0.07921056  	0.76092696  	0.81124789  	0.72463435  	0.73667717  	0.68064755  	0.68432963  	0.77105153  	0.77287090  
2020-11-19 14:07:57.440: iteration 39 finished in 3.906562 seconds
2020-11-19 14:07:57.542: epoch 39:	0.14116435  	0.07921993  	0.76120800  	0.81134158  	0.72474688  	0.73671836  	0.68071491  	0.68435502  	0.77110130  	0.77292836  
2020-11-19 14:08:01.490: iteration 40 finished in 3.948445 seconds
2020-11-19 14:08:01.590: epoch 40:	0.14114562  	0.07922930  	0.76117676  	0.81158155  	0.72505528  	0.73709494  	0.68113780  	0.68479252  	0.77154839  	0.77338588  
2020-11-19 14:08:05.553: iteration 41 finished in 3.963405 seconds
2020-11-19 14:08:05.653: epoch 41:	0.14112689  	0.07922930  	0.76108307  	0.81161273  	0.72501558  	0.73709381  	0.68111658  	0.68478847  	0.77152163  	0.77336931  
2020-11-19 14:08:09.654: iteration 42 finished in 3.999815 seconds
2020-11-19 14:08:09.753: epoch 42:	0.14112689  	0.07924804  	0.76108307  	0.81197757  	0.72501928  	0.73718673  	0.68110472  	0.68479794  	0.77155364  	0.77341217  
2020-11-19 14:08:13.697: iteration 43 finished in 3.944447 seconds
2020-11-19 14:08:13.801: epoch 43:	0.14114562  	0.07921993  	0.76105183  	0.81156379  	0.72505307  	0.73711085  	0.68117774  	0.68482178  	0.77153790  	0.77340841  
2020-11-19 14:08:17.727: iteration 44 finished in 3.925506 seconds
2020-11-19 14:08:17.828: epoch 44:	0.14112687  	0.07921993  	0.76103622  	0.81148183  	0.72518158  	0.73723918  	0.68134463  	0.68500412  	0.77177840  	0.77365303  
2020-11-19 14:08:21.801: iteration 45 finished in 3.973378 seconds
2020-11-19 14:08:21.901: epoch 45:	0.14120178  	0.07921993  	0.76151448  	0.81149757  	0.72518498  	0.73709732  	0.68122411  	0.68481916  	0.77158308  	0.77341700  
2020-11-19 14:08:25.863: iteration 46 finished in 3.961410 seconds
2020-11-19 14:08:25.963: epoch 46:	0.14118306  	0.07921056  	0.76144582  	0.81145191  	0.72514969  	0.73707074  	0.68120182  	0.68479621  	0.77149838  	0.77335042  
2020-11-19 14:08:29.958: iteration 47 finished in 3.993324 seconds
2020-11-19 14:08:30.057: epoch 47:	0.14120181  	0.07921993  	0.76150835  	0.81159240  	0.72529429  	0.73722833  	0.68135583  	0.68495208  	0.77166837  	0.77353191  
2020-11-19 14:08:33.964: iteration 48 finished in 3.905559 seconds
2020-11-19 14:08:34.064: epoch 48:	0.14116435  	0.07919182  	0.76129752  	0.81104475  	0.72528070  	0.73714876  	0.68138909  	0.68498415  	0.77174652  	0.77360874  
2020-11-19 14:08:38.020: iteration 49 finished in 3.955475 seconds
2020-11-19 14:08:38.119: epoch 49:	0.14114560  	0.07918245  	0.76127881  	0.81098229  	0.72529507  	0.73714846  	0.68142641  	0.68502194  	0.77175087  	0.77361095  
2020-11-19 14:08:42.076: iteration 50 finished in 3.956423 seconds
2020-11-19 14:08:42.177: epoch 50:	0.14110814  	0.07920119  	0.76122081  	0.81148189  	0.72526044  	0.73725355  	0.68138397  	0.68502629  	0.77176756  	0.77365559  
