2021-05-21 20:29:21.646: Dataset name: u1
The number of users: 5907
The number of items: 5907
The number of ratings: 20336
Average actions of users: 3.44
Average actions of items: 3.44
The sparsity of the dataset: 99.941718%
2021-05-21 20:29:21.647: 

NeuRec hyperparameters:
recommender=WRMF
config_dir=./conf
gpu_id=0
gpu_mem=0.5
data.input.path=C:\Users\HyunsikYoo\Desktop\210210_DIVINE/_Data/p2p-Gnutella08/5-fold/u1/
data.input.dataset=u1
data.output.path=C:\Users\HyunsikYoo\Desktop\210210_DIVINE/_Emb/p2p-Gnutella08/5-fold/wrmf/u1_wrmf_directed_dim16_uniform_send_weight_onebyten.emb
data.column.format=UI
data.convert.separator='\t'
user_min=0
item_min=0
splitter=given
ratio=0.8
by_time=False
metric=["Precision", "Recall", "NDCG", "MAP", "MRR"]
topk=[10, 20]
group_view=None
rec.evaluate.neg=0
test_batch_size=128
num_thread=8
data.index.remap=False

WRMF's hyperparameters:
epochs=50
embedding_size=16
reg_mf=0.1
alpha=10
init_method=uniform
stddev=0.01
verbose=1
weight=uniform

2021-05-21 20:30:51.822: metrics:	Precision@10	Precision@20	Recall@10   	Recall@20   	NDCG@10     	NDCG@20     	MAP@10      	MAP@20      	MRR@10      	MRR@20      
2021-05-21 20:30:56.571: iteration 1 finished in 4.749102 seconds
2021-05-21 20:30:56.613: epoch 1:	0.00813085  	0.00700936  	0.04345794  	0.07515576  	0.02501702  	0.03450181  	0.01446048  	0.01713322  	0.02590360  	0.02883287  
2021-05-21 20:31:00.623: iteration 2 finished in 4.009561 seconds
2021-05-21 20:31:00.660: epoch 2:	0.01102806  	0.01004673  	0.05911215  	0.10607477  	0.03575197  	0.05005438  	0.02197569  	0.02631564  	0.03812269  	0.04206347  
2021-05-21 20:31:04.733: iteration 3 finished in 4.072396 seconds
2021-05-21 20:31:04.776: epoch 3:	0.01303741  	0.01144859  	0.06892523  	0.12126168  	0.04034975  	0.05603468  	0.02432892  	0.02927094  	0.04096017  	0.04467987  
2021-05-21 20:31:08.854: iteration 4 finished in 4.077442 seconds
2021-05-21 20:31:08.893: epoch 4:	0.01350470  	0.01196261  	0.07126168  	0.12663551  	0.04244218  	0.05913273  	0.02601228  	0.03133508  	0.04381490  	0.04781613  
2021-05-21 20:31:12.970: iteration 5 finished in 4.077441 seconds
2021-05-21 20:31:13.009: epoch 5:	0.01387854  	0.01214952  	0.07336449  	0.12873831  	0.04360883  	0.06023845  	0.02672703  	0.03203011  	0.04505026  	0.04893362  
2021-05-21 20:31:16.938: iteration 6 finished in 3.927850 seconds
2021-05-21 20:31:16.976: epoch 6:	0.01415891  	0.01245326  	0.07500000  	0.13200934  	0.04485175  	0.06194379  	0.02755841  	0.03299935  	0.04679129  	0.05073798  
2021-05-21 20:31:20.950: iteration 7 finished in 3.974531 seconds
2021-05-21 20:31:20.990: epoch 7:	0.01429910  	0.01264018  	0.07570093  	0.13411215  	0.04509703  	0.06256092  	0.02759745  	0.03317975  	0.04680575  	0.05075058  
2021-05-21 20:31:24.959: iteration 8 finished in 3.968513 seconds
2021-05-21 20:31:25.000: epoch 8:	0.01453274  	0.01275700  	0.07640187  	0.13504674  	0.04603291  	0.06353410  	0.02834780  	0.03390725  	0.04820671  	0.05220670  
2021-05-21 20:31:29.087: iteration 9 finished in 4.086174 seconds
2021-05-21 20:31:29.124: epoch 9:	0.01490658  	0.01275700  	0.07850467  	0.13504674  	0.04642177  	0.06328387  	0.02831340  	0.03365461  	0.04754563  	0.05139216  
2021-05-21 20:31:33.106: iteration 10 finished in 3.982799 seconds
2021-05-21 20:31:33.144: epoch 10:	0.01500004  	0.01273363  	0.07897196  	0.13473521  	0.04688003  	0.06354075  	0.02870911  	0.03393363  	0.04809061  	0.05204744  
2021-05-21 20:31:37.101: iteration 11 finished in 3.956932 seconds
2021-05-21 20:31:37.141: epoch 11:	0.01485985  	0.01282709  	0.07850467  	0.13613708  	0.04694304  	0.06419976  	0.02886312  	0.03428381  	0.04854918  	0.05271829  
2021-05-21 20:31:41.197: iteration 12 finished in 4.055615 seconds
2021-05-21 20:31:41.236: epoch 12:	0.01504677  	0.01294391  	0.07943925  	0.13707165  	0.04738041  	0.06465620  	0.02913783  	0.03455894  	0.04875835  	0.05292906  
2021-05-21 20:31:45.314: iteration 13 finished in 4.078083 seconds
2021-05-21 20:31:45.355: epoch 13:	0.01514022  	0.01294391  	0.08014019  	0.13707165  	0.04777315  	0.06487180  	0.02939967  	0.03477485  	0.04917334  	0.05330881  
2021-05-21 20:31:49.562: iteration 14 finished in 4.207567 seconds
2021-05-21 20:31:49.602: epoch 14:	0.01514022  	0.01296727  	0.08014019  	0.13753894  	0.04786564  	0.06510767  	0.02955070  	0.03494108  	0.04930668  	0.05357311  
2021-05-21 20:31:53.680: iteration 15 finished in 4.077706 seconds
2021-05-21 20:31:53.719: epoch 15:	0.01532714  	0.01294391  	0.08130841  	0.13730530  	0.04842298  	0.06524940  	0.02983822  	0.03510980  	0.04982478  	0.05394989  
2021-05-21 20:31:57.860: iteration 16 finished in 4.139601 seconds
2021-05-21 20:31:57.899: epoch 16:	0.01537386  	0.01292054  	0.08154206  	0.13714953  	0.04859708  	0.06530848  	0.03002782  	0.03524594  	0.04994493  	0.05408728  
2021-05-21 20:32:02.029: iteration 17 finished in 4.130404 seconds
2021-05-21 20:32:02.091: epoch 17:	0.01537386  	0.01294391  	0.08130841  	0.13743509  	0.04825456  	0.06508612  	0.02972816  	0.03497567  	0.04922508  	0.05341605  
2021-05-21 20:32:06.200: iteration 18 finished in 4.108072 seconds
2021-05-21 20:32:06.237: epoch 18:	0.01532714  	0.01294391  	0.08107477  	0.13720146  	0.04828041  	0.06513733  	0.02987493  	0.03511369  	0.04922897  	0.05346565  
2021-05-21 20:32:10.330: iteration 19 finished in 4.092738 seconds
2021-05-21 20:32:10.368: epoch 19:	0.01542059  	0.01294391  	0.08154206  	0.13743509  	0.04859741  	0.06531192  	0.03009985  	0.03528497  	0.04957054  	0.05370921  
2021-05-21 20:32:14.516: iteration 20 finished in 4.147381 seconds
2021-05-21 20:32:14.553: epoch 20:	0.01546732  	0.01299063  	0.08200935  	0.13813603  	0.04841013  	0.06516370  	0.02974142  	0.03489283  	0.04903502  	0.05323128  
2021-05-21 20:32:18.700: iteration 21 finished in 4.146384 seconds
2021-05-21 20:32:18.737: epoch 21:	0.01560751  	0.01303736  	0.08252856  	0.13883696  	0.04863117  	0.06536569  	0.02987975  	0.03501070  	0.04906117  	0.05318934  
2021-05-21 20:32:22.855: iteration 22 finished in 4.116277 seconds
2021-05-21 20:32:22.893: epoch 22:	0.01560751  	0.01294391  	0.08252856  	0.13743509  	0.04852394  	0.06492561  	0.02974670  	0.03478922  	0.04880935  	0.05290384  
2021-05-21 20:32:26.929: iteration 23 finished in 4.036453 seconds
2021-05-21 20:32:26.968: epoch 23:	0.01556078  	0.01299063  	0.08229491  	0.13836968  	0.04852130  	0.06522008  	0.02981346  	0.03492889  	0.04886369  	0.05304645  
2021-05-21 20:32:31.037: iteration 24 finished in 4.068390 seconds
2021-05-21 20:32:31.075: epoch 24:	0.01556078  	0.01292054  	0.08229491  	0.13743509  	0.04840985  	0.06489854  	0.02963312  	0.03473643  	0.04875169  	0.05286271  
2021-05-21 20:32:35.157: iteration 25 finished in 4.080971 seconds
2021-05-21 20:32:35.194: epoch 25:	0.01560751  	0.01287381  	0.08252856  	0.13696781  	0.04852013  	0.06481653  	0.02973038  	0.03477290  	0.04882938  	0.05293039  
2021-05-21 20:32:39.254: iteration 26 finished in 4.058484 seconds
2021-05-21 20:32:39.291: epoch 26:	0.01579442  	0.01287381  	0.08369678  	0.13696781  	0.04903395  	0.06498527  	0.02996959  	0.03491060  	0.04936881  	0.05335320  
2021-05-21 20:32:43.318: iteration 27 finished in 4.026675 seconds
2021-05-21 20:32:43.356: epoch 27:	0.01570096  	0.01278036  	0.08322949  	0.13579959  	0.04882447  	0.06464335  	0.02986186  	0.03481885  	0.04918839  	0.05312688  
2021-05-21 20:32:47.435: iteration 28 finished in 4.079219 seconds
2021-05-21 20:32:47.474: epoch 28:	0.01570096  	0.01280372  	0.08322949  	0.13626687  	0.04890227  	0.06482125  	0.02993226  	0.03489549  	0.04934805  	0.05332667  
2021-05-21 20:32:51.469: iteration 29 finished in 3.993492 seconds
2021-05-21 20:32:51.507: epoch 29:	0.01565424  	0.01282708  	0.08299585  	0.13650052  	0.04868529  	0.06474418  	0.02976571  	0.03475788  	0.04899646  	0.05303383  
2021-05-21 20:32:55.603: iteration 30 finished in 4.096645 seconds
2021-05-21 20:32:55.642: epoch 30:	0.01574769  	0.01287381  	0.08369678  	0.13696781  	0.04879896  	0.06477647  	0.02974698  	0.03467429  	0.04888372  	0.05292694  
2021-05-21 20:32:59.697: iteration 31 finished in 4.055482 seconds
2021-05-21 20:32:59.735: epoch 31:	0.01574769  	0.01282708  	0.08346314  	0.13650052  	0.04840926  	0.06430075  	0.02931010  	0.03424284  	0.04826567  	0.05222858  
2021-05-21 20:33:03.776: iteration 32 finished in 4.040876 seconds
2021-05-21 20:33:03.814: epoch 32:	0.01579442  	0.01278035  	0.08369678  	0.13603324  	0.04855102  	0.06424296  	0.02938677  	0.03427178  	0.04842940  	0.05233691  
2021-05-21 20:33:07.821: iteration 33 finished in 4.006338 seconds
2021-05-21 20:33:07.858: epoch 33:	0.01579442  	0.01273363  	0.08369678  	0.13556594  	0.04870690  	0.06426797  	0.02953447  	0.03440377  	0.04879822  	0.05264158  
2021-05-21 20:33:11.997: iteration 34 finished in 4.138841 seconds
2021-05-21 20:33:12.037: epoch 34:	0.01579442  	0.01275699  	0.08346314  	0.13579959  	0.04868734  	0.06435640  	0.02955255  	0.03445165  	0.04884106  	0.05269399  
2021-05-21 20:33:16.153: iteration 35 finished in 4.116131 seconds
2021-05-21 20:33:16.194: epoch 35:	0.01579442  	0.01275699  	0.08346314  	0.13579959  	0.04884574  	0.06450846  	0.02971836  	0.03461571  	0.04918504  	0.05302524  
2021-05-21 20:33:20.240: iteration 36 finished in 4.046131 seconds
2021-05-21 20:33:20.278: epoch 36:	0.01579442  	0.01282708  	0.08346314  	0.13673417  	0.04903990  	0.06493797  	0.02993810  	0.03489195  	0.04956332  	0.05344931  
2021-05-21 20:33:24.331: iteration 37 finished in 4.052498 seconds
2021-05-21 20:33:24.372: epoch 37:	0.01574769  	0.01280372  	0.08322949  	0.13650052  	0.04893268  	0.06483945  	0.02989007  	0.03484998  	0.04943352  	0.05333124  
2021-05-21 20:33:28.499: iteration 38 finished in 4.127533 seconds
2021-05-21 20:33:28.542: epoch 38:	0.01574769  	0.01280372  	0.08322949  	0.13650052  	0.04890291  	0.06478767  	0.02982193  	0.03476606  	0.04944261  	0.05331764  
2021-05-21 20:33:32.620: iteration 39 finished in 4.077708 seconds
2021-05-21 20:33:32.662: epoch 39:	0.01570096  	0.01282708  	0.08299585  	0.13673417  	0.04879132  	0.06481718  	0.02976250  	0.03474713  	0.04934322  	0.05325950  
2021-05-21 20:33:36.770: iteration 40 finished in 4.108780 seconds
2021-05-21 20:33:36.810: epoch 40:	0.01574769  	0.01285045  	0.08322949  	0.13696781  	0.04879957  	0.06480685  	0.02972133  	0.03467407  	0.04915445  	0.05308971  
2021-05-21 20:33:40.887: iteration 41 finished in 4.075598 seconds
2021-05-21 20:33:40.927: epoch 41:	0.01579442  	0.01285045  	0.08369678  	0.13696781  	0.04875414  	0.06463151  	0.02953637  	0.03446735  	0.04892581  	0.05277852  
2021-05-21 20:33:45.071: iteration 42 finished in 4.143007 seconds
2021-05-21 20:33:45.108: epoch 42:	0.01570096  	0.01282708  	0.08299585  	0.13650052  	0.04860234  	0.06457495  	0.02952070  	0.03448536  	0.04899833  	0.05290651  
2021-05-21 20:33:49.240: iteration 43 finished in 4.131023 seconds
2021-05-21 20:33:49.279: epoch 43:	0.01565423  	0.01280372  	0.08299585  	0.13626687  	0.04855393  	0.06448642  	0.02946572  	0.03443647  	0.04894548  	0.05282487  
2021-05-21 20:33:53.445: iteration 44 finished in 4.166870 seconds
2021-05-21 20:33:53.484: epoch 44:	0.01570096  	0.01282708  	0.08322949  	0.13673417  	0.04860939  	0.06456786  	0.02944532  	0.03442093  	0.04889041  	0.05274488  
2021-05-21 20:33:57.549: iteration 45 finished in 4.064209 seconds
2021-05-21 20:33:57.586: epoch 45:	0.01560751  	0.01280372  	0.08276220  	0.13626687  	0.04846786  	0.06447692  	0.02942752  	0.03441815  	0.04882365  	0.05274039  
2021-05-21 20:34:01.685: iteration 46 finished in 4.098642 seconds
2021-05-21 20:34:01.725: epoch 46:	0.01556078  	0.01280372  	0.08252856  	0.13626687  	0.04837665  	0.06445991  	0.02936382  	0.03439301  	0.04882866  	0.05273755  
2021-05-21 20:34:05.821: iteration 47 finished in 4.096148 seconds
2021-05-21 20:34:05.861: epoch 47:	0.01556078  	0.01278036  	0.08252856  	0.13579959  	0.04838567  	0.06437137  	0.02937282  	0.03438799  	0.04883626  	0.05272581  
2021-05-21 20:34:09.994: iteration 48 finished in 4.131512 seconds
2021-05-21 20:34:10.032: epoch 48:	0.01556078  	0.01280372  	0.08252856  	0.13626687  	0.04839835  	0.06449736  	0.02939210  	0.03443645  	0.04883847  	0.05275670  
2021-05-21 20:34:14.128: iteration 49 finished in 4.095416 seconds
2021-05-21 20:34:14.167: epoch 49:	0.01560751  	0.01280372  	0.08299585  	0.13626687  	0.04836421  	0.06432861  	0.02924339  	0.03424216  	0.04851138  	0.05238127  
2021-05-21 20:34:18.226: iteration 50 finished in 4.058113 seconds
2021-05-21 20:34:18.264: epoch 50:	0.01565423  	0.01285045  	0.08322949  	0.13673417  	0.04848488  	0.06450681  	0.02930661  	0.03432553  	0.04863413  	0.05249093  
