2021-11-07 11:02:40.303: Dataset name: u1
The number of users: 26791
The number of items: 26791
The number of ratings: 81834
Average actions of users: 3.05
Average actions of items: 3.05
The sparsity of the dataset: 99.988599%
2021-11-07 11:02:40.303: 

NeuRec hyperparameters:
recommender=WRMF
config_dir=./conf
gpu_id=0
gpu_mem=0.5
data.input.path=D:\hsyoo\Workingon_210628/_Data/digg/5-noniid-in/u1/
data.input.dataset=u1
data.output.path=D:\hsyoo\Workingon_210628/_Emb/digg/5-noniid-in/wrmf/u1_wrmf_directed_dim16_uniform_send.emb
data.column.format=UI
data.convert.separator='\t'
user_min=0
item_min=0
splitter=given
ratio=0.8
by_time=False
metric=["Precision", "Recall", "NDCG", "MAP", "MRR"]
topk=[10, 20]
group_view=None
rec.evaluate.neg=0
test_batch_size=128
num_thread=8
data.index.remap=False

WRMF's hyperparameters:
epochs=50
embedding_size=16
reg_mf=0.1
alpha=10
init_method=uniform
stddev=0.01
verbose=1
weight=uniform

2021-11-07 12:11:16.181: metrics:	Precision@10	Precision@20	Recall@10   	Recall@20   	NDCG@10     	NDCG@20     	MAP@10      	MAP@20      	MRR@10      	MRR@20      
2021-11-07 12:17:11.131: iteration 1 finished in 354.949860 seconds
2021-11-07 12:17:31.429: epoch 1:	0.00023753  	0.00019794  	0.00111250  	0.00180757  	0.00068117  	0.00088841  	0.00038680  	0.00043123  	0.00089601  	0.00099971  
2021-11-07 12:24:09.766: iteration 2 finished in 398.337676 seconds
2021-11-07 12:24:11.237: epoch 2:	0.00026920  	0.00023753  	0.00128336  	0.00226622  	0.00068097  	0.00096963  	0.00036497  	0.00043351  	0.00067250  	0.00081828  
2021-11-07 12:30:38.892: iteration 3 finished in 387.655069 seconds
2021-11-07 12:30:40.485: epoch 3:	0.00020586  	0.00022169  	0.00094283  	0.00163665  	0.00057823  	0.00081184  	0.00034664  	0.00039093  	0.00064020  	0.00079706  
2021-11-07 12:37:08.236: iteration 4 finished in 387.750534 seconds
2021-11-07 12:37:13.017: epoch 4:	0.00020586  	0.00020586  	0.00094283  	0.00166342  	0.00064118  	0.00087294  	0.00042818  	0.00047540  	0.00075369  	0.00088979  
2021-11-07 12:43:42.715: iteration 5 finished in 389.635585 seconds
2021-11-07 12:44:02.325: epoch 5:	0.00020586  	0.00022169  	0.00116396  	0.00193394  	0.00062362  	0.00088305  	0.00038011  	0.00042980  	0.00059910  	0.00075708  
2021-11-07 12:50:36.111: iteration 6 finished in 393.785919 seconds
2021-11-07 12:50:37.376: epoch 6:	0.00019002  	0.00021378  	0.00094906  	0.00222795  	0.00057791  	0.00094613  	0.00037643  	0.00045776  	0.00061117  	0.00077343  
2021-11-07 12:57:10.855: iteration 7 finished in 393.479136 seconds
2021-11-07 12:57:11.339: epoch 7:	0.00020586  	0.00022961  	0.00100184  	0.00253146  	0.00061459  	0.00104321  	0.00040330  	0.00050365  	0.00064152  	0.00081719  
2021-11-07 13:03:42.594: iteration 8 finished in 391.255154 seconds
2021-11-07 13:03:43.128: epoch 8:	0.00025337  	0.00024545  	0.00127896  	0.00271997  	0.00071350  	0.00111379  	0.00043825  	0.00052960  	0.00069914  	0.00085375  
2021-11-07 13:10:11.124: iteration 9 finished in 387.995839 seconds
2021-11-07 13:10:11.640: epoch 9:	0.00023753  	0.00022961  	0.00116811  	0.00262496  	0.00069779  	0.00110350  	0.00044672  	0.00054610  	0.00070241  	0.00085655  
2021-11-07 13:16:37.528: iteration 10 finished in 385.888072 seconds
2021-11-07 13:16:38.106: epoch 10:	0.00023753  	0.00022961  	0.00119827  	0.00262496  	0.00075005  	0.00115975  	0.00049617  	0.00060251  	0.00079654  	0.00096290  
2021-11-07 13:23:04.577: iteration 11 finished in 386.471499 seconds
2021-11-07 13:23:05.061: epoch 11:	0.00026920  	0.00026920  	0.00149236  	0.00309342  	0.00091266  	0.00136590  	0.00061422  	0.00072383  	0.00098788  	0.00117672  
2021-11-07 13:29:34.344: iteration 12 finished in 389.282364 seconds
2021-11-07 13:29:34.812: epoch 12:	0.00025337  	0.00028504  	0.00143957  	0.00353681  	0.00088399  	0.00146121  	0.00060547  	0.00074806  	0.00090236  	0.00112484  
2021-11-07 13:36:02.189: iteration 13 finished in 387.376349 seconds
2021-11-07 13:36:03.829: epoch 13:	0.00031671  	0.00029295  	0.00174968  	0.00358959  	0.00099722  	0.00149087  	0.00064214  	0.00076104  	0.00098751  	0.00116223  
2021-11-07 13:42:30.683: iteration 14 finished in 386.854278 seconds
2021-11-07 13:42:31.152: epoch 14:	0.00030087  	0.00030879  	0.00159133  	0.00385729  	0.00096056  	0.00156755  	0.00063422  	0.00078395  	0.00098487  	0.00119096  
2021-11-07 13:49:04.322: iteration 15 finished in 393.169941 seconds
2021-11-07 13:49:29.373: epoch 15:	0.00028504  	0.00030879  	0.00157153  	0.00391384  	0.00094314  	0.00158665  	0.00062908  	0.00079382  	0.00093271  	0.00116458  
2021-11-07 13:55:56.096: iteration 16 finished in 386.723645 seconds
2021-11-07 13:56:00.548: epoch 16:	0.00031671  	0.00032462  	0.00199381  	0.00391504  	0.00106961  	0.00161406  	0.00068186  	0.00081040  	0.00097494  	0.00119878  
2021-11-07 14:02:33.142: iteration 17 finished in 392.593153 seconds
2021-11-07 14:02:34.657: epoch 17:	0.00033254  	0.00035629  	0.00201360  	0.00406830  	0.00102429  	0.00161715  	0.00060825  	0.00074665  	0.00089482  	0.00114496  
2021-11-07 14:09:00.859: iteration 18 finished in 386.202342 seconds
2021-11-07 14:09:02.468: epoch 18:	0.00033254  	0.00036421  	0.00198721  	0.00413021  	0.00099439  	0.00161407  	0.00056815  	0.00071413  	0.00090645  	0.00116948  
2021-11-07 14:15:33.205: iteration 19 finished in 390.736414 seconds
2021-11-07 14:15:34.829: epoch 19:	0.00033254  	0.00037213  	0.00198721  	0.00416188  	0.00098375  	0.00161735  	0.00055656  	0.00070501  	0.00089212  	0.00116742  
2021-11-07 14:22:02.179: iteration 20 finished in 387.350146 seconds
2021-11-07 14:22:04.226: epoch 20:	0.00030087  	0.00037213  	0.00195422  	0.00420146  	0.00098179  	0.00164825  	0.00057222  	0.00072726  	0.00089067  	0.00119839  
2021-11-07 14:28:31.782: iteration 21 finished in 387.556056 seconds
2021-11-07 14:28:32.438: epoch 21:	0.00031671  	0.00039588  	0.00203340  	0.00445219  	0.00102857  	0.00173919  	0.00060016  	0.00076330  	0.00094522  	0.00126785  
2021-11-07 14:34:10.690: iteration 22 finished in 338.251685 seconds
2021-11-07 14:34:29.891: epoch 22:	0.00031671  	0.00040380  	0.00189484  	0.00453137  	0.00100600  	0.00177674  	0.00059978  	0.00078309  	0.00096124  	0.00129766  
2021-11-07 14:40:16.705: iteration 23 finished in 346.813830 seconds
2021-11-07 14:40:18.111: epoch 23:	0.00033254  	0.00037213  	0.00205319  	0.00414868  	0.00106118  	0.00168943  	0.00062617  	0.00077373  	0.00098499  	0.00127576  
2021-11-07 14:46:00.984: iteration 24 finished in 342.872839 seconds
2021-11-07 14:46:01.452: epoch 24:	0.00033254  	0.00037213  	0.00191463  	0.00414868  	0.00100511  	0.00166496  	0.00058683  	0.00074572  	0.00096149  	0.00125139  
2021-11-07 14:51:59.928: iteration 25 finished in 358.475378 seconds
2021-11-07 14:52:07.115: epoch 25:	0.00030087  	0.00037213  	0.00175628  	0.00414868  	0.00095143  	0.00166730  	0.00057232  	0.00074724  	0.00093906  	0.00125959  
2021-11-07 14:57:57.007: iteration 26 finished in 349.892315 seconds
2021-11-07 14:57:58.116: epoch 26:	0.00033254  	0.00034046  	0.00185808  	0.00376072  	0.00099464  	0.00156869  	0.00058437  	0.00072729  	0.00097739  	0.00123604  
2021-11-07 15:03:46.545: iteration 27 finished in 348.429106 seconds
2021-11-07 15:04:08.609: epoch 27:	0.00033254  	0.00034046  	0.00185808  	0.00376072  	0.00100034  	0.00157097  	0.00058886  	0.00072969  	0.00099078  	0.00124367  
2021-11-07 15:09:25.776: iteration 28 finished in 317.166441 seconds
2021-11-07 15:09:28.229: epoch 28:	0.00033254  	0.00033254  	0.00193726  	0.00368154  	0.00102813  	0.00155457  	0.00060842  	0.00073477  	0.00100925  	0.00124786  
2021-11-07 15:14:54.137: iteration 29 finished in 325.908342 seconds
2021-11-07 15:14:55.626: epoch 29:	0.00033254  	0.00032462  	0.00193726  	0.00352319  	0.00103252  	0.00151990  	0.00061178  	0.00072801  	0.00101956  	0.00124622  
2021-11-07 15:20:37.533: iteration 30 finished in 341.906594 seconds
2021-11-07 15:20:38.595: epoch 30:	0.00033254  	0.00031671  	0.00193726  	0.00344401  	0.00102866  	0.00149171  	0.00060788  	0.00071887  	0.00101428  	0.00122999  
2021-11-07 15:26:20.035: iteration 31 finished in 341.440262 seconds
2021-11-07 15:26:22.065: epoch 31:	0.00031671  	0.00031671  	0.00177890  	0.00347040  	0.00098532  	0.00149669  	0.00059340  	0.00071941  	0.00101057  	0.00123994  
2021-11-07 15:31:55.476: iteration 32 finished in 333.410860 seconds
2021-11-07 15:31:56.837: epoch 32:	0.00031671  	0.00030879  	0.00177890  	0.00341762  	0.00098594  	0.00147423  	0.00059368  	0.00071277  	0.00101340  	0.00122648  
2021-11-07 15:37:40.176: iteration 33 finished in 343.339166 seconds
2021-11-07 15:37:40.645: epoch 33:	0.00033254  	0.00030879  	0.00193726  	0.00341762  	0.00102973  	0.00147254  	0.00060759  	0.00071154  	0.00102904  	0.00122562  
2021-11-07 15:43:25.516: iteration 34 finished in 344.871085 seconds
2021-11-07 15:43:29.689: epoch 34:	0.00031671  	0.00030879  	0.00177890  	0.00335604  	0.00098618  	0.00145819  	0.00059364  	0.00070809  	0.00101698  	0.00122574  
2021-11-07 15:49:14.518: iteration 35 finished in 344.828585 seconds
2021-11-07 15:49:24.331: epoch 35:	0.00030087  	0.00032462  	0.00169973  	0.00355398  	0.00096095  	0.00150849  	0.00058899  	0.00071918  	0.00100089  	0.00123783  
2021-11-07 15:55:02.548: iteration 36 finished in 338.217324 seconds
2021-11-07 15:55:14.341: epoch 36:	0.00030087  	0.00030879  	0.00169973  	0.00348680  	0.00095593  	0.00148073  	0.00058558  	0.00071356  	0.00098832  	0.00121084  
2021-11-07 16:00:51.020: iteration 37 finished in 336.678967 seconds
2021-11-07 16:00:52.834: epoch 37:	0.00028504  	0.00030879  	0.00166014  	0.00348680  	0.00093732  	0.00147523  	0.00058118  	0.00070934  	0.00097073  	0.00120415  
2021-11-07 16:06:36.226: iteration 38 finished in 343.391520 seconds
2021-11-07 16:06:37.507: epoch 38:	0.00028504  	0.00030087  	0.00166014  	0.00340762  	0.00093554  	0.00145346  	0.00058016  	0.00070655  	0.00096369  	0.00118972  
2021-11-07 16:12:19.966: iteration 39 finished in 342.459138 seconds
2021-11-07 16:12:21.718: epoch 39:	0.00028504  	0.00030087  	0.00166014  	0.00340762  	0.00093656  	0.00145122  	0.00058016  	0.00070418  	0.00097312  	0.00119418  
2021-11-07 16:18:03.619: iteration 40 finished in 341.900478 seconds
2021-11-07 16:18:07.509: epoch 40:	0.00026920  	0.00030879  	0.00150178  	0.00348680  	0.00088905  	0.00146737  	0.00056291  	0.00070305  	0.00095445  	0.00119603  
2021-11-07 16:23:42.671: iteration 41 finished in 335.162699 seconds
2021-11-07 16:23:44.001: epoch 41:	0.00026920  	0.00032462  	0.00150178  	0.00375072  	0.00088686  	0.00152770  	0.00056080  	0.00071352  	0.00095182  	0.00120775  
2021-11-07 16:29:28.501: iteration 42 finished in 344.500517 seconds
2021-11-07 16:29:30.282: epoch 42:	0.00026920  	0.00032462  	0.00150178  	0.00375072  	0.00088324  	0.00152532  	0.00055703  	0.00071063  	0.00094804  	0.00120535  
2021-11-07 16:35:10.157: iteration 43 finished in 339.859055 seconds
2021-11-07 16:35:16.958: epoch 43:	0.00023753  	0.00033254  	0.00129065  	0.00380350  	0.00082262  	0.00154883  	0.00054157  	0.00071865  	0.00093334  	0.00122985  
2021-11-07 16:40:56.393: iteration 44 finished in 339.435504 seconds
2021-11-07 16:40:58.143: epoch 44:	0.00023753  	0.00034046  	0.00129065  	0.00396186  	0.00082034  	0.00158452  	0.00053981  	0.00072643  	0.00092806  	0.00123360  
2021-11-07 16:46:46.485: iteration 45 finished in 348.342088 seconds
2021-11-07 16:46:46.969: epoch 45:	0.00025337  	0.00034046  	0.00144900  	0.00396186  	0.00086442  	0.00158540  	0.00055439  	0.00072733  	0.00094013  	0.00123170  
2021-11-07 16:52:38.361: iteration 46 finished in 351.392283 seconds
2021-11-07 16:52:39.064: epoch 46:	0.00026920  	0.00033254  	0.00150178  	0.00380350  	0.00088665  	0.00154996  	0.00055872  	0.00071880  	0.00097576  	0.00124330  
2021-11-07 16:58:20.180: iteration 47 finished in 341.115850 seconds
2021-11-07 16:58:28.196: epoch 47:	0.00026920  	0.00033254  	0.00150178  	0.00375600  	0.00088788  	0.00153883  	0.00055938  	0.00071542  	0.00098104  	0.00124647  
2021-11-07 17:04:10.525: iteration 48 finished in 342.328933 seconds
2021-11-07 17:04:21.635: epoch 48:	0.00026920  	0.00033254  	0.00150178  	0.00375600  	0.00089073  	0.00154316  	0.00056112  	0.00071827  	0.00099178  	0.00125903  
2021-11-07 17:09:34.737: iteration 49 finished in 313.102069 seconds
2021-11-07 17:09:35.832: epoch 49:	0.00026920  	0.00032462  	0.00150178  	0.00370321  	0.00089073  	0.00152831  	0.00056112  	0.00071712  	0.00099178  	0.00125406  
2021-11-07 17:14:51.191: iteration 50 finished in 315.358550 seconds
2021-11-07 17:15:01.378: epoch 50:	0.00028504  	0.00032462  	0.00158096  	0.00370321  	0.00094178  	0.00155146  	0.00059668  	0.00074474  	0.00104614  	0.00129335  
