2020-09-12 13:27:36.611: Dataset name: u1
The number of users: 4157
The number of items: 4156
The number of ratings: 39631
Average actions of users: 9.53
Average actions of items: 9.54
The sparsity of the dataset: 99.770607%
2020-09-12 13:27:36.612: 

NeuRec hyperparameters:
recommender=WRMF
config_dir=./conf
gpu_id=0
gpu_mem=0.5
data.input.path=C:\Users\HyunsikYoo\Desktop\VNE_directed_networks/_Data/ciaodvd/5-fold/u1/
data.input.dataset=u1
data.output.path=C:\Users\HyunsikYoo\Desktop\VNE_directed_networks/_Data/ciaodvd/5-fold/u1/bi_relevance_WRMF_directed_uni_False_uniform
data.column.format=UI
data.convert.separator='\t'
user_min=0
item_min=0
splitter=given
ratio=0.8
by_time=False
metric=["Precision", "Recall", "NDCG", "MAP", "MRR"]
topk=[10, 20]
group_view=None
rec.evaluate.neg=0
test_batch_size=128
num_thread=8
data.index.remap=False

WRMF's hyperparameters:
epochs=50
embedding_size=16
reg_mf=0.1
alpha=10
init_method=uniform
stddev=0.01
verbose=1
weight=uniform

2020-09-12 13:28:21.714: metrics:	Precision@10	Precision@20	Recall@10   	Recall@20   	NDCG@10     	NDCG@20     	MAP@10      	MAP@20      	MRR@10      	MRR@20      
2020-09-12 13:28:24.439: iteration 1 finished in 2.724713 seconds
2020-09-12 13:28:24.472: epoch 1:	0.03547235  	0.03123877  	0.04091709  	0.07087068  	0.04520644  	0.05290354  	0.01978517  	0.01912864  	0.09427293  	0.10160664  
2020-09-12 13:28:27.103: iteration 2 finished in 2.631231 seconds
2020-09-12 13:28:27.133: epoch 2:	0.07967883  	0.06461688  	0.10827562  	0.17169616  	0.11304507  	0.12795520  	0.05854506  	0.05740802  	0.20640849  	0.21350189  
2020-09-12 13:28:29.763: iteration 3 finished in 2.630077 seconds
2020-09-12 13:28:29.791: epoch 3:	0.09028482  	0.07277209  	0.12588446  	0.19498585  	0.13083524  	0.14687927  	0.06922145  	0.06829365  	0.23536162  	0.24232163  
2020-09-12 13:28:32.393: iteration 4 finished in 2.601047 seconds
2020-09-12 13:28:32.422: epoch 4:	0.09295864  	0.07535681  	0.12900119  	0.19848470  	0.13630180  	0.15274340  	0.07365198  	0.07255472  	0.24470457  	0.25173882  
2020-09-12 13:28:35.054: iteration 5 finished in 2.631095 seconds
2020-09-12 13:28:35.086: epoch 5:	0.09447383  	0.07736217  	0.13006206  	0.20661913  	0.13721570  	0.15588754  	0.07355836  	0.07300002  	0.24834196  	0.25609216  
2020-09-12 13:28:37.724: iteration 6 finished in 2.636948 seconds
2020-09-12 13:28:37.754: epoch 6:	0.09768236  	0.07771869  	0.13569139  	0.20782016  	0.13955353  	0.15632886  	0.07425822  	0.07324933  	0.24544880  	0.25295490  
2020-09-12 13:28:40.350: iteration 7 finished in 2.596057 seconds
2020-09-12 13:28:40.377: epoch 7:	0.09910837  	0.07811974  	0.13847488  	0.20944738  	0.14062370  	0.15704703  	0.07422188  	0.07337895  	0.24604167  	0.25309390  
2020-09-12 13:28:42.967: iteration 8 finished in 2.588452 seconds
2020-09-12 13:28:42.994: epoch 8:	0.10008876  	0.07847626  	0.13875274  	0.21137802  	0.14043634  	0.15694588  	0.07293198  	0.07233769  	0.24760285  	0.25406942  
2020-09-12 13:28:45.615: iteration 9 finished in 2.620991 seconds
2020-09-12 13:28:45.646: epoch 9:	0.09964311  	0.07838713  	0.14053848  	0.21113995  	0.14185312  	0.15814239  	0.07382898  	0.07331377  	0.25276512  	0.25916058  
2020-09-12 13:28:48.294: iteration 10 finished in 2.647377 seconds
2020-09-12 13:28:48.325: epoch 10:	0.09937576  	0.07959037  	0.13850072  	0.21725810  	0.14127618  	0.16034992  	0.07339314  	0.07387445  	0.25332639  	0.26027557  
2020-09-12 13:28:50.975: iteration 11 finished in 2.648951 seconds
2020-09-12 13:28:51.004: epoch 11:	0.09999964  	0.07936754  	0.13985209  	0.21699263  	0.14223538  	0.16058479  	0.07397352  	0.07425283  	0.25359848  	0.26019934  
2020-09-12 13:28:53.672: iteration 12 finished in 2.666867 seconds
2020-09-12 13:28:53.703: epoch 12:	0.09928663  	0.07914473  	0.13956131  	0.21678510  	0.14222445  	0.16076325  	0.07422720  	0.07464236  	0.25379544  	0.26049832  
2020-09-12 13:28:56.266: iteration 13 finished in 2.562683 seconds
2020-09-12 13:28:56.294: epoch 13:	0.10017788  	0.07981320  	0.14245023  	0.22008780  	0.14429680  	0.16281764  	0.07541931  	0.07578674  	0.25750303  	0.26399741  
2020-09-12 13:28:58.823: iteration 14 finished in 2.528354 seconds
2020-09-12 13:28:58.852: epoch 14:	0.10035612  	0.07976867  	0.14224102  	0.21890637  	0.14455575  	0.16284437  	0.07585671  	0.07609964  	0.25788313  	0.26450035  
2020-09-12 13:29:01.370: iteration 15 finished in 2.517268 seconds
2020-09-12 13:29:01.401: epoch 15:	0.10026702  	0.08003607  	0.14152299  	0.21913809  	0.14387040  	0.16261852  	0.07566689  	0.07610093  	0.25520188  	0.26192501  
2020-09-12 13:29:03.909: iteration 16 finished in 2.506918 seconds
2020-09-12 13:29:03.936: epoch 16:	0.10008875  	0.07981323  	0.14167321  	0.22007559  	0.14385998  	0.16287139  	0.07587299  	0.07625356  	0.25475207  	0.26184928  
2020-09-12 13:29:06.405: iteration 17 finished in 2.468606 seconds
2020-09-12 13:29:06.434: epoch 17:	0.10035612  	0.07945670  	0.14200106  	0.21814129  	0.14343207  	0.16180156  	0.07535936  	0.07571621  	0.25185859  	0.25860840  
2020-09-12 13:29:08.964: iteration 18 finished in 2.530343 seconds
2020-09-12 13:29:08.995: epoch 18:	0.09999961  	0.07923388  	0.14179295  	0.21803138  	0.14378512  	0.16226842  	0.07586909  	0.07627615  	0.25326335  	0.25995627  
2020-09-12 13:29:11.520: iteration 19 finished in 2.525247 seconds
2020-09-12 13:29:11.549: epoch 19:	0.10080176  	0.07959037  	0.14286110  	0.22002150  	0.14454718  	0.16305488  	0.07646576  	0.07680496  	0.25272402  	0.25938791  
2020-09-12 13:29:14.080: iteration 20 finished in 2.531206 seconds
2020-09-12 13:29:14.108: epoch 20:	0.10062350  	0.07967951  	0.14368384  	0.22099939  	0.14427182  	0.16293530  	0.07630979  	0.07666348  	0.25096130  	0.25769281  
2020-09-12 13:29:16.637: iteration 21 finished in 2.528239 seconds
2020-09-12 13:29:16.666: epoch 21:	0.10044525  	0.07950125  	0.14194225  	0.22058176  	0.14401183  	0.16299646  	0.07671205  	0.07709344  	0.25041205  	0.25730109  
2020-09-12 13:29:19.194: iteration 22 finished in 2.527241 seconds
2020-09-12 13:29:19.224: epoch 22:	0.10062350  	0.07932301  	0.14041720  	0.22016948  	0.14410174  	0.16325913  	0.07690345  	0.07734752  	0.25170717  	0.25894621  
2020-09-12 13:29:21.825: iteration 23 finished in 2.601017 seconds
2020-09-12 13:29:21.853: epoch 23:	0.10115828  	0.07936756  	0.14252576  	0.21957095  	0.14477870  	0.16314045  	0.07713255  	0.07728316  	0.25172341  	0.25863180  
2020-09-12 13:29:24.453: iteration 24 finished in 2.599205 seconds
2020-09-12 13:29:24.483: epoch 24:	0.10080177  	0.07967950  	0.14509651  	0.22018100  	0.14493088  	0.16315201  	0.07707430  	0.07722380  	0.25030315  	0.25700033  
2020-09-12 13:29:27.037: iteration 25 finished in 2.553570 seconds
2020-09-12 13:29:27.066: epoch 25:	0.10035612  	0.08003601  	0.14487584  	0.22130136  	0.14458463  	0.16349359  	0.07668840  	0.07715492  	0.25055456  	0.25741911  
2020-09-12 13:29:29.630: iteration 26 finished in 2.564143 seconds
2020-09-12 13:29:29.660: epoch 26:	0.10062351  	0.07999144  	0.14442867  	0.22101256  	0.14431998  	0.16308658  	0.07648274  	0.07689499  	0.24922156  	0.25606722  
2020-09-12 13:29:32.242: iteration 27 finished in 2.581280 seconds
2020-09-12 13:29:32.274: epoch 27:	0.10026701  	0.07981319  	0.14395200  	0.22085981  	0.14363325  	0.16251861  	0.07594170  	0.07637033  	0.24810350  	0.25493556  
2020-09-12 13:29:34.867: iteration 28 finished in 2.592634 seconds
2020-09-12 13:29:34.899: epoch 28:	0.09964311  	0.07999144  	0.14319743  	0.22256847  	0.14289506  	0.16271186  	0.07557236  	0.07627045  	0.24722999  	0.25431195  
2020-09-12 13:29:37.485: iteration 29 finished in 2.586167 seconds
2020-09-12 13:29:37.515: epoch 29:	0.10017788  	0.07990233  	0.14438017  	0.22329272  	0.14361829  	0.16302185  	0.07585043  	0.07644970  	0.24796428  	0.25475746  
2020-09-12 13:29:40.193: iteration 30 finished in 2.677860 seconds
2020-09-12 13:29:40.223: epoch 30:	0.09991051  	0.08008058  	0.14421140  	0.22366983  	0.14316836  	0.16304475  	0.07560562  	0.07643940  	0.24614744  	0.25306681  
2020-09-12 13:29:42.797: iteration 31 finished in 2.574090 seconds
2020-09-12 13:29:42.826: epoch 31:	0.09955400  	0.08016971  	0.14390813  	0.22314252  	0.14330480  	0.16338126  	0.07595266  	0.07693844  	0.24673206  	0.25381339  
2020-09-12 13:29:45.398: iteration 32 finished in 2.572159 seconds
2020-09-12 13:29:45.427: epoch 32:	0.09919751  	0.07999144  	0.14299358  	0.22230291  	0.14344287  	0.16354410  	0.07627326  	0.07722347  	0.24837735  	0.25570840  
2020-09-12 13:29:47.996: iteration 33 finished in 2.568314 seconds
2020-09-12 13:29:48.025: epoch 33:	0.09893013  	0.08034795  	0.14179584  	0.22326858  	0.14266053  	0.16358177  	0.07574582  	0.07701316  	0.24712248  	0.25447127  
2020-09-12 13:29:50.583: iteration 34 finished in 2.557162 seconds
2020-09-12 13:29:50.612: epoch 34:	0.09919751  	0.08030340  	0.14195494  	0.22349307  	0.14285257  	0.16367488  	0.07570628  	0.07704457  	0.24771032  	0.25469857  
2020-09-12 13:29:53.172: iteration 35 finished in 2.559157 seconds
2020-09-12 13:29:53.202: epoch 35:	0.09946490  	0.08030339  	0.14216013  	0.22294085  	0.14289477  	0.16336238  	0.07567874  	0.07683286  	0.24760176  	0.25458172  
2020-09-12 13:29:55.777: iteration 36 finished in 2.572254 seconds
2020-09-12 13:29:55.805: epoch 36:	0.09937578  	0.08016971  	0.14225365  	0.22356921  	0.14306863  	0.16361362  	0.07581800  	0.07698938  	0.24820934  	0.25521907  
2020-09-12 13:29:58.375: iteration 37 finished in 2.568131 seconds
2020-09-12 13:29:58.405: epoch 37:	0.09955402  	0.08008058  	0.14252822  	0.22342269  	0.14331064  	0.16364239  	0.07602903  	0.07701246  	0.24860123  	0.25565365  
2020-09-12 13:30:00.988: iteration 38 finished in 2.583091 seconds
2020-09-12 13:30:01.019: epoch 38:	0.09875189  	0.08043709  	0.14159361  	0.22426201  	0.14241274  	0.16370586  	0.07553159  	0.07679305  	0.24784686  	0.25529012  
2020-09-12 13:30:03.582: iteration 39 finished in 2.563525 seconds
2020-09-12 13:30:03.614: epoch 39:	0.09893015  	0.08030341  	0.14177588  	0.22481027  	0.14260980  	0.16383512  	0.07562377  	0.07690177  	0.24757203  	0.25503197  
2020-09-12 13:30:06.001: iteration 40 finished in 2.385620 seconds
2020-09-12 13:30:06.028: epoch 40:	0.09821714  	0.08034796  	0.14083800  	0.22465186  	0.14204456  	0.16379175  	0.07542200  	0.07689679  	0.24709028  	0.25481716  
2020-09-12 13:30:08.455: iteration 41 finished in 2.427508 seconds
2020-09-12 13:30:08.483: epoch 41:	0.09777150  	0.08030340  	0.14047424  	0.22515710  	0.14222370  	0.16431661  	0.07583316  	0.07735481  	0.24813358  	0.25611708  
2020-09-12 13:30:10.889: iteration 42 finished in 2.405694 seconds
2020-09-12 13:30:10.916: epoch 42:	0.09794977  	0.08043709  	0.14059106  	0.22568014  	0.14232451  	0.16451533  	0.07596242  	0.07739504  	0.24774529  	0.25588486  
2020-09-12 13:30:13.424: iteration 43 finished in 2.507295 seconds
2020-09-12 13:30:13.452: epoch 43:	0.09812802  	0.08043709  	0.14138125  	0.22538663  	0.14256781  	0.16442801  	0.07604022  	0.07732932  	0.24812518  	0.25635907  
2020-09-12 13:30:15.963: iteration 44 finished in 2.511284 seconds
2020-09-12 13:30:15.990: epoch 44:	0.09839541  	0.08048164  	0.14088851  	0.22492489  	0.14276147  	0.16455491  	0.07624852  	0.07750428  	0.24877030  	0.25692347  
2020-09-12 13:30:18.472: iteration 45 finished in 2.482361 seconds
2020-09-12 13:30:18.499: epoch 45:	0.09821715  	0.08052620  	0.13921003  	0.22425547  	0.14212084  	0.16425383  	0.07598536  	0.07739384  	0.24823093  	0.25630450  
2020-09-12 13:30:21.014: iteration 46 finished in 2.513278 seconds
2020-09-12 13:30:21.042: epoch 46:	0.09848454  	0.08048163  	0.13944559  	0.22336295  	0.14225201  	0.16397329  	0.07607412  	0.07727233  	0.24773897  	0.25579563  
2020-09-12 13:30:23.525: iteration 47 finished in 2.483358 seconds
2020-09-12 13:30:23.553: epoch 47:	0.09812803  	0.08065989  	0.13923222  	0.22337940  	0.14163470  	0.16361220  	0.07555351  	0.07682815  	0.24679005  	0.25496814  
2020-09-12 13:30:26.065: iteration 48 finished in 2.512544 seconds
2020-09-12 13:30:26.093: epoch 48:	0.09803890  	0.08070446  	0.13907188  	0.22394317  	0.14105545  	0.16329351  	0.07496350  	0.07629801  	0.24540967  	0.25364220  
2020-09-12 13:30:28.584: iteration 49 finished in 2.489342 seconds
2020-09-12 13:30:28.612: epoch 49:	0.09794979  	0.08074901  	0.13844155  	0.22404000  	0.14114232  	0.16360810  	0.07511106  	0.07650770  	0.24640243  	0.25488818  
2020-09-12 13:30:31.030: iteration 50 finished in 2.418532 seconds
2020-09-12 13:30:31.056: epoch 50:	0.09830629  	0.08070446  	0.14043961  	0.22487243  	0.14157395  	0.16354869  	0.07518151  	0.07635700  	0.24563526  	0.25405693  
