2020-09-24 15:55:17.071: Dataset name: u1
The number of users: 5788
The number of items: 5788
The number of ratings: 80866
Average actions of users: 13.97
Average actions of items: 13.97
The sparsity of the dataset: 99.758616%
2020-09-24 15:55:17.072: 

NeuRec hyperparameters:
recommender=WRMF
config_dir=./conf
gpu_id=0
gpu_mem=0.5
data.input.path=C:\Users\HyunsikYoo\Desktop\VNE_directed_networks/_Data/wikielec/5-fold/u1/
data.input.dataset=u1
data.output.path=C:\Users\HyunsikYoo\Desktop\VNE_directed_networks/_Data/wikielec/5-fold/u1/relevance_WRMF_directed_uni_False_uniform
data.column.format=UI
data.convert.separator='\t'
user_min=0
item_min=0
splitter=given
ratio=0.8
by_time=False
metric=["Precision", "Recall", "NDCG", "MAP", "MRR"]
topk=[10, 20]
group_view=None
rec.evaluate.neg=0
test_batch_size=128
num_thread=8
data.index.remap=False

WRMF's hyperparameters:
epochs=50
embedding_size=16
reg_mf=0.1
alpha=10
init_method=uniform
stddev=0.01
verbose=1
weight=uniform

2020-09-24 15:56:47.252: metrics:	Precision@10	Precision@20	Recall@10   	Recall@20   	NDCG@10     	NDCG@20     	MAP@10      	MAP@20      	MRR@10      	MRR@20      
2020-09-24 15:56:51.608: iteration 1 finished in 4.355225 seconds
2020-09-24 15:56:51.690: epoch 1:	0.02459713  	0.02141058  	0.03579625  	0.05735822  	0.03471115  	0.04038461  	0.01683186  	0.01666462  	0.06034514  	0.06456169  
2020-09-24 15:56:55.927: iteration 2 finished in 4.236011 seconds
2020-09-24 15:56:56.003: epoch 2:	0.05850359  	0.05003629  	0.11140096  	0.18927135  	0.09487873  	0.11664680  	0.05214513  	0.05556011  	0.14240754  	0.15024799  
2020-09-24 15:57:00.289: iteration 3 finished in 4.285538 seconds
2020-09-24 15:57:00.373: epoch 3:	0.06605837  	0.05644523  	0.13969417  	0.22160216  	0.11390146  	0.13775735  	0.06434870  	0.06877779  	0.16509512  	0.17293863  
2020-09-24 15:57:04.569: iteration 4 finished in 4.194722 seconds
2020-09-24 15:57:04.648: epoch 4:	0.06935238  	0.05896946  	0.14752090  	0.23310220  	0.12255412  	0.14743255  	0.07146592  	0.07633756  	0.17572334  	0.18390964  
2020-09-24 15:57:09.214: iteration 5 finished in 4.563868 seconds
2020-09-24 15:57:09.299: epoch 5:	0.07092774  	0.06058067  	0.14933911  	0.24264312  	0.12600404  	0.15284082  	0.07459994  	0.07990877  	0.18031564  	0.18885422  
2020-09-24 15:57:13.684: iteration 6 finished in 4.383030 seconds
2020-09-24 15:57:13.765: epoch 6:	0.07142904  	0.06167272  	0.15317655  	0.24742806  	0.12844180  	0.15582903  	0.07626697  	0.08146010  	0.18468425  	0.19333979  
2020-09-24 15:57:17.989: iteration 7 finished in 4.221622 seconds
2020-09-24 15:57:18.068: epoch 7:	0.07235997  	0.06190541  	0.15349390  	0.24758285  	0.12989374  	0.15710099  	0.07750404  	0.08269550  	0.18683855  	0.19561774  
2020-09-24 15:57:22.432: iteration 8 finished in 4.363377 seconds
2020-09-24 15:57:22.511: epoch 8:	0.07343409  	0.06219182  	0.15757443  	0.24774279  	0.13214682  	0.15820953  	0.07874817  	0.08367117  	0.18856925  	0.19698067  
2020-09-24 15:57:26.612: iteration 9 finished in 4.100605 seconds
2020-09-24 15:57:26.690: epoch 9:	0.07364892  	0.06271100  	0.15604532  	0.24829458  	0.13235976  	0.15902093  	0.07917158  	0.08407899  	0.18979849  	0.19831201  
2020-09-24 15:57:31.285: iteration 10 finished in 4.593506 seconds
2020-09-24 15:57:31.375: epoch 10:	0.07393534  	0.06276470  	0.15667908  	0.24658790  	0.13331515  	0.15932365  	0.08018902  	0.08478450  	0.19100234  	0.19973649  
2020-09-24 15:57:35.841: iteration 11 finished in 4.463580 seconds
2020-09-24 15:57:35.920: epoch 11:	0.07425759  	0.06247827  	0.15740918  	0.24602644  	0.13378066  	0.15914105  	0.08020435  	0.08455300  	0.19244498  	0.20089208  
2020-09-24 15:57:40.434: iteration 12 finished in 4.512048 seconds
2020-09-24 15:57:40.511: epoch 12:	0.07432922  	0.06231716  	0.15881811  	0.24538900  	0.13359703  	0.15836284  	0.07977781  	0.08387712  	0.19159457  	0.20008813  
2020-09-24 15:57:44.956: iteration 13 finished in 4.444536 seconds
2020-09-24 15:57:45.043: epoch 13:	0.07422180  	0.06229927  	0.15895662  	0.24624550  	0.13297388  	0.15798610  	0.07907340  	0.08325088  	0.19026911  	0.19875464  
2020-09-24 15:57:49.353: iteration 14 finished in 4.307458 seconds
2020-09-24 15:57:49.434: epoch 14:	0.07432923  	0.06249620  	0.15901299  	0.24890389  	0.13280211  	0.15844826  	0.07878844  	0.08319132  	0.19020629  	0.19854896  
2020-09-24 15:57:53.482: iteration 15 finished in 4.046519 seconds
2020-09-24 15:57:53.564: epoch 15:	0.07411443  	0.06220976  	0.15822135  	0.24814276  	0.13250545  	0.15805371  	0.07865575  	0.08312801  	0.18990083  	0.19803441  
2020-09-24 15:57:57.701: iteration 16 finished in 4.135123 seconds
2020-09-24 15:57:57.777: epoch 16:	0.07454410  	0.06229931  	0.15941027  	0.24905598  	0.13339107  	0.15861861  	0.07924680  	0.08354560  	0.19107664  	0.19907813  
2020-09-24 15:58:02.339: iteration 17 finished in 4.561381 seconds
2020-09-24 15:58:02.415: epoch 17:	0.07440086  	0.06217397  	0.16014762  	0.24929044  	0.13375035  	0.15883043  	0.07965819  	0.08388188  	0.19085042  	0.19895287  
2020-09-24 15:58:06.861: iteration 18 finished in 4.444667 seconds
2020-09-24 15:58:06.934: epoch 18:	0.07457988  	0.06228139  	0.16054882  	0.24996093  	0.13394228  	0.15902677  	0.07973064  	0.08385983  	0.19123739  	0.19946148  
2020-09-24 15:58:11.067: iteration 19 finished in 4.131139 seconds
2020-09-24 15:58:11.145: epoch 19:	0.07432924  	0.06237090  	0.15925564  	0.25007340  	0.13322686  	0.15886578  	0.07928468  	0.08359431  	0.19048524  	0.19884302  
2020-09-24 15:58:15.658: iteration 20 finished in 4.512015 seconds
2020-09-24 15:58:15.737: epoch 20:	0.07436506  	0.06215607  	0.16107160  	0.24924481  	0.13349760  	0.15839075  	0.07925906  	0.08333225  	0.19016685  	0.19821441  
2020-09-24 15:58:20.233: iteration 21 finished in 4.494610 seconds
2020-09-24 15:58:20.318: epoch 21:	0.07457989  	0.06208445  	0.16153896  	0.24862665  	0.13358061  	0.15811723  	0.07927517  	0.08321670  	0.18947653  	0.19759372  
2020-09-24 15:58:24.684: iteration 22 finished in 4.365237 seconds
2020-09-24 15:58:24.764: epoch 22:	0.07447246  	0.06206655  	0.16189027  	0.24837945  	0.13307840  	0.15753274  	0.07877260  	0.08260589  	0.18812226  	0.19640383  
2020-09-24 15:58:29.365: iteration 23 finished in 4.598793 seconds
2020-09-24 15:58:29.446: epoch 23:	0.07443666  	0.06228137  	0.16173179  	0.25113371  	0.13317153  	0.15842587  	0.07903790  	0.08304199  	0.18797648  	0.19646087  
2020-09-24 15:58:33.776: iteration 24 finished in 4.329176 seconds
2020-09-24 15:58:33.863: epoch 24:	0.07468730  	0.06229926  	0.16193998  	0.25114906  	0.13338602  	0.15854572  	0.07925562  	0.08320823  	0.18795595  	0.19644913  
2020-09-24 15:58:38.408: iteration 25 finished in 4.542972 seconds
2020-09-24 15:58:38.484: epoch 25:	0.07472310  	0.06229926  	0.16271307  	0.25105819  	0.13357016  	0.15853015  	0.07933950  	0.08328887  	0.18779589  	0.19612932  
2020-09-24 15:58:42.975: iteration 26 finished in 4.489336 seconds
2020-09-24 15:58:43.065: epoch 26:	0.07479471  	0.06231717  	0.16375989  	0.25140393  	0.13331506  	0.15804116  	0.07867002  	0.08251958  	0.18740277  	0.19568144  
2020-09-24 15:58:47.388: iteration 27 finished in 4.321652 seconds
2020-09-24 15:58:47.466: epoch 27:	0.07490213  	0.06220975  	0.16340481  	0.25135761  	0.13358022  	0.15828159  	0.07891650  	0.08270467  	0.18840003  	0.19669738  
2020-09-24 15:58:51.907: iteration 28 finished in 4.439479 seconds
2020-09-24 15:58:51.982: epoch 28:	0.07504536  	0.06226346  	0.16421461  	0.25185716  	0.13384694  	0.15847746  	0.07901112  	0.08278093  	0.18853398  	0.19678281  
2020-09-24 15:58:56.425: iteration 29 finished in 4.440723 seconds
2020-09-24 15:58:56.502: epoch 29:	0.07475892  	0.06237088  	0.16344623  	0.25219479  	0.13333623  	0.15842605  	0.07870927  	0.08263186  	0.18766737  	0.19603495  
2020-09-24 15:59:00.931: iteration 30 finished in 4.428423 seconds
2020-09-24 15:59:01.009: epoch 30:	0.07500954  	0.06229929  	0.16352460  	0.25202057  	0.13327892  	0.15812242  	0.07855004  	0.08231580  	0.18731160  	0.19566792  
2020-09-24 15:59:05.373: iteration 31 finished in 4.362335 seconds
2020-09-24 15:59:05.452: epoch 31:	0.07483051  	0.06235298  	0.16300596  	0.25211218  	0.13326102  	0.15837286  	0.07871474  	0.08261787  	0.18737487  	0.19575679  
2020-09-24 15:59:09.920: iteration 32 finished in 4.465693 seconds
2020-09-24 15:59:09.998: epoch 32:	0.07465149  	0.06260362  	0.16298586  	0.25299531  	0.13291831  	0.15840533  	0.07841984  	0.08234402  	0.18686800  	0.19529445  
2020-09-24 15:59:14.095: iteration 33 finished in 4.095623 seconds
2020-09-24 15:59:14.171: epoch 33:	0.07490211  	0.06254990  	0.16307335  	0.25166470  	0.13301992  	0.15807146  	0.07842902  	0.08225568  	0.18676628  	0.19498743  
2020-09-24 15:59:18.780: iteration 34 finished in 4.607710 seconds
2020-09-24 15:59:18.858: epoch 34:	0.07508115  	0.06258571  	0.16305773  	0.25157246  	0.13305439  	0.15805404  	0.07840656  	0.08227012  	0.18680651  	0.19498372  
2020-09-24 15:59:23.346: iteration 35 finished in 4.486648 seconds
2020-09-24 15:59:23.423: epoch 35:	0.07533178  	0.06249620  	0.16390276  	0.25138524  	0.13351075  	0.15811069  	0.07862542  	0.08236009  	0.18719202  	0.19536103  
2020-09-24 15:59:27.801: iteration 36 finished in 4.377124 seconds
2020-09-24 15:59:27.882: epoch 36:	0.07515276  	0.06258570  	0.16355257  	0.25125802  	0.13320829  	0.15800062  	0.07836428  	0.08219222  	0.18685381  	0.19509943  
2020-09-24 15:59:32.199: iteration 37 finished in 4.316123 seconds
2020-09-24 15:59:32.272: epoch 37:	0.07511696  	0.06254990  	0.16322790  	0.25106764  	0.13297996  	0.15774928  	0.07821770  	0.08200402  	0.18650106  	0.19472402  
2020-09-24 15:59:36.467: iteration 38 finished in 4.194619 seconds
2020-09-24 15:59:36.544: epoch 38:	0.07529598  	0.06253199  	0.16411652  	0.25137803  	0.13312817  	0.15765797  	0.07809307  	0.08177327  	0.18664765  	0.19484435  
2020-09-24 15:59:41.009: iteration 39 finished in 4.463175 seconds
2020-09-24 15:59:41.086: epoch 39:	0.07515275  	0.06247827  	0.16430879  	0.25118518  	0.13303551  	0.15749936  	0.07780953  	0.08154544  	0.18710896  	0.19522937  
2020-09-24 15:59:45.518: iteration 40 finished in 4.430223 seconds
2020-09-24 15:59:45.596: epoch 40:	0.07497373  	0.06251407  	0.16425186  	0.25085381  	0.13291742  	0.15742049  	0.07770934  	0.08150887  	0.18718696  	0.19533320  
2020-09-24 15:59:49.769: iteration 41 finished in 4.172117 seconds
2020-09-24 15:59:49.845: epoch 41:	0.07493793  	0.06253198  	0.16372286  	0.25077847  	0.13287048  	0.15751664  	0.07776526  	0.08158732  	0.18737222  	0.19559743  
2020-09-24 15:59:54.523: iteration 42 finished in 4.676488 seconds
2020-09-24 15:59:54.605: epoch 42:	0.07486632  	0.06269310  	0.16330494  	0.25172329  	0.13279410  	0.15785749  	0.07783577  	0.08175632  	0.18716453  	0.19546829  
2020-09-24 15:59:58.904: iteration 43 finished in 4.298019 seconds
2020-09-24 15:59:58.979: epoch 43:	0.07479472  	0.06267519  	0.16344881  	0.25110641  	0.13279216  	0.15772267  	0.07783783  	0.08177467  	0.18720376  	0.19542611  
2020-09-24 16:00:03.591: iteration 44 finished in 4.610145 seconds
2020-09-24 16:00:03.674: epoch 44:	0.07457987  	0.06258568  	0.16329406  	0.24989456  	0.13255832  	0.15734182  	0.07765815  	0.08159801  	0.18693209  	0.19512162  
2020-09-24 16:00:08.041: iteration 45 finished in 4.365394 seconds
2020-09-24 16:00:08.118: epoch 45:	0.07457987  	0.06265730  	0.16325216  	0.24978139  	0.13249870  	0.15733680  	0.07756705  	0.08151492  	0.18696561  	0.19519638  
2020-09-24 16:00:12.212: iteration 46 finished in 4.093460 seconds
2020-09-24 16:00:12.288: epoch 46:	0.07461567  	0.06271101  	0.16273908  	0.25080320  	0.13237676  	0.15758657  	0.07751478  	0.08157741  	0.18691936  	0.19523361  
2020-09-24 16:00:16.845: iteration 47 finished in 4.555818 seconds
2020-09-24 16:00:16.927: epoch 47:	0.07475889  	0.06274682  	0.16343768  	0.25093713  	0.13275497  	0.15778090  	0.07774471  	0.08171091  	0.18742289  	0.19569959  
2020-09-24 16:00:21.193: iteration 48 finished in 4.264644 seconds
2020-09-24 16:00:21.269: epoch 48:	0.07465147  	0.06276470  	0.16295762  	0.25108781  	0.13252726  	0.15776139  	0.07762129  	0.08166147  	0.18724941  	0.19555797  
2020-09-24 16:00:25.424: iteration 49 finished in 4.154049 seconds
2020-09-24 16:00:25.505: epoch 49:	0.07457987  	0.06280051  	0.16301624  	0.25107405  	0.13259098  	0.15785648  	0.07769327  	0.08174745  	0.18755855  	0.19587040  
2020-09-24 16:00:29.671: iteration 50 finished in 4.165288 seconds
2020-09-24 16:00:29.754: epoch 50:	0.07457988  	0.06272890  	0.16298938  	0.25120962  	0.13262634  	0.15788937  	0.07774249  	0.08174951  	0.18773824  	0.19610302  
