2021-11-07 00:20:12.187: Dataset name: u1
The number of users: 6061
The number of items: 6061
The number of ratings: 20276
Average actions of users: 3.35
Average actions of items: 3.35
The sparsity of the dataset: 99.944806%
2021-11-07 00:20:12.187: 

NeuRec hyperparameters:
recommender=WRMF
config_dir=./conf
gpu_id=0
gpu_mem=0.5
data.input.path=D:\hsyoo\Workingon_210628/_Data/p2p-Gnutella08/5-noniid-in/u1/
data.input.dataset=u1
data.output.path=D:\hsyoo\Workingon_210628/_Emb/p2p-Gnutella08/5-noniid-in/wrmf/u1_wrmf_directed_dim16_uniform_send.emb
data.column.format=UI
data.convert.separator='\t'
user_min=0
item_min=0
splitter=given
ratio=0.8
by_time=False
metric=["Precision", "Recall", "NDCG", "MAP", "MRR"]
topk=[10, 20]
group_view=None
rec.evaluate.neg=0
test_batch_size=128
num_thread=8
data.index.remap=False

WRMF's hyperparameters:
epochs=50
embedding_size=16
reg_mf=0.1
alpha=10
init_method=uniform
stddev=0.01
verbose=1
weight=uniform

2021-11-07 00:26:16.286: metrics:	Precision@10	Precision@20	Recall@10   	Recall@20   	NDCG@10     	NDCG@20     	MAP@10      	MAP@20      	MRR@10      	MRR@20      
2021-11-07 00:26:28.100: iteration 1 finished in 11.813990 seconds
2021-11-07 00:26:28.678: epoch 1:	0.00156250  	0.00108173  	0.01297075  	0.01717748  	0.00625274  	0.00738635  	0.00400796  	0.00431132  	0.00450125  	0.00480810  
2021-11-07 00:26:38.988: iteration 2 finished in 10.309728 seconds
2021-11-07 00:26:39.128: epoch 2:	0.00198317  	0.00171274  	0.01557492  	0.02483974  	0.00890512  	0.01145257  	0.00625747  	0.00692582  	0.00786568  	0.00862312  
2021-11-07 00:26:47.158: iteration 3 finished in 8.029601 seconds
2021-11-07 00:26:47.220: epoch 3:	0.00228365  	0.00195312  	0.01722756  	0.02879607  	0.00951423  	0.01264452  	0.00644742  	0.00729896  	0.00831235  	0.00922027  
2021-11-07 00:26:56.564: iteration 4 finished in 9.344001 seconds
2021-11-07 00:26:57.798: epoch 4:	0.00210336  	0.00216346  	0.01632612  	0.03154046  	0.00949786  	0.01361879  	0.00682819  	0.00789069  	0.00837650  	0.00965715  
2021-11-07 00:27:10.503: iteration 5 finished in 12.704175 seconds
2021-11-07 00:27:11.174: epoch 5:	0.00210336  	0.00219351  	0.01604567  	0.03259214  	0.00936638  	0.01381783  	0.00674909  	0.00790796  	0.00824677  	0.00964198  
2021-11-07 00:27:21.578: iteration 6 finished in 10.403799 seconds
2021-11-07 00:27:21.643: epoch 6:	0.00216346  	0.00219351  	0.01594551  	0.03214142  	0.00911992  	0.01349438  	0.00639245  	0.00754279  	0.00795654  	0.00933250  
2021-11-07 00:27:30.129: iteration 7 finished in 8.485578 seconds
2021-11-07 00:27:30.285: epoch 7:	0.00204327  	0.00231370  	0.01549479  	0.03374399  	0.00886736  	0.01384160  	0.00625008  	0.00754060  	0.00774096  	0.00938052  
2021-11-07 00:27:39.897: iteration 8 finished in 9.612125 seconds
2021-11-07 00:27:39.960: epoch 8:	0.00216346  	0.00240384  	0.01627604  	0.03489583  	0.00906902  	0.01411365  	0.00617886  	0.00748137  	0.00801067  	0.00962623  
2021-11-07 00:27:50.852: iteration 9 finished in 10.892549 seconds
2021-11-07 00:27:51.446: epoch 9:	0.00240385  	0.00246394  	0.01719752  	0.03581731  	0.00946182  	0.01441913  	0.00628082  	0.00756863  	0.00849884  	0.01000711  
2021-11-07 00:28:12.891: iteration 10 finished in 21.445016 seconds
2021-11-07 00:28:14.359: epoch 10:	0.00240385  	0.00249399  	0.01737780  	0.03611779  	0.00950071  	0.01451096  	0.00626479  	0.00758288  	0.00853294  	0.01005146  
2021-11-07 00:28:36.769: iteration 11 finished in 22.409367 seconds
2021-11-07 00:28:37.081: epoch 11:	0.00222356  	0.00255409  	0.01667668  	0.03651843  	0.00906655  	0.01448980  	0.00595699  	0.00737970  	0.00818071  	0.00993851  
2021-11-07 00:28:59.413: iteration 12 finished in 22.331598 seconds
2021-11-07 00:28:59.803: epoch 12:	0.00234375  	0.00249399  	0.01757812  	0.03619792  	0.00935250  	0.01441165  	0.00605763  	0.00739607  	0.00831521  	0.00992077  
2021-11-07 00:29:21.060: iteration 13 finished in 21.256660 seconds
2021-11-07 00:29:21.294: epoch 13:	0.00222356  	0.00243389  	0.01707732  	0.03547676  	0.00914194  	0.01419415  	0.00598458  	0.00732887  	0.00817761  	0.00982446  
2021-11-07 00:29:45.626: iteration 14 finished in 24.331763 seconds
2021-11-07 00:29:46.954: epoch 14:	0.00234375  	0.00255409  	0.01787861  	0.03707932  	0.00915537  	0.01435543  	0.00573724  	0.00708305  	0.00794891  	0.00959347  
2021-11-07 00:30:13.491: iteration 15 finished in 26.537003 seconds
2021-11-07 00:30:14.990: epoch 15:	0.00240385  	0.00258413  	0.01847957  	0.03755008  	0.00941065  	0.01458123  	0.00588342  	0.00721811  	0.00814064  	0.00978854  
2021-11-07 00:30:37.090: iteration 16 finished in 22.099233 seconds
2021-11-07 00:30:37.137: epoch 16:	0.00252404  	0.00261418  	0.01928085  	0.03803085  	0.00970944  	0.01477188  	0.00600254  	0.00730090  	0.00832236  	0.00990953  
2021-11-07 00:30:45.950: iteration 17 finished in 8.813240 seconds
2021-11-07 00:30:46.028: epoch 17:	0.00252404  	0.00264423  	0.01928085  	0.03815104  	0.00992202  	0.01502636  	0.00627679  	0.00757710  	0.00865623  	0.01027025  
2021-11-07 00:30:55.047: iteration 18 finished in 9.018713 seconds
2021-11-07 00:30:55.093: epoch 18:	0.00264423  	0.00267428  	0.01978165  	0.03875200  	0.01012391  	0.01518687  	0.00629086  	0.00758101  	0.00900536  	0.01053536  
2021-11-07 00:31:06.907: iteration 19 finished in 11.813549 seconds
2021-11-07 00:31:07.766: epoch 19:	0.00264423  	0.00258413  	0.01978165  	0.03813101  	0.01017579  	0.01506134  	0.00635914  	0.00763147  	0.00906975  	0.01052567  
2021-11-07 00:31:19.891: iteration 20 finished in 12.124805 seconds
2021-11-07 00:31:20.032: epoch 20:	0.00264423  	0.00255409  	0.01978165  	0.03783053  	0.01017602  	0.01500069  	0.00635318  	0.00761382  	0.00907714  	0.01055815  
2021-11-07 00:31:28.521: iteration 21 finished in 8.489492 seconds
2021-11-07 00:31:28.584: epoch 21:	0.00282452  	0.00261418  	0.02088341  	0.03833133  	0.01050614  	0.01513264  	0.00643442  	0.00764995  	0.00918565  	0.01050011  
2021-11-07 00:31:37.274: iteration 22 finished in 8.690567 seconds
2021-11-07 00:31:37.337: epoch 22:	0.00282452  	0.00255409  	0.02088341  	0.03801082  	0.01049706  	0.01500696  	0.00642882  	0.00762446  	0.00916085  	0.01040889  
2021-11-07 00:31:47.558: iteration 23 finished in 10.221025 seconds
2021-11-07 00:31:47.792: epoch 23:	0.00276442  	0.00258413  	0.02058293  	0.03861178  	0.01044010  	0.01520497  	0.00644547  	0.00771034  	0.00919161  	0.01053977  
2021-11-07 00:31:59.907: iteration 24 finished in 12.115122 seconds
2021-11-07 00:32:00.703: epoch 24:	0.00270433  	0.00255409  	0.02028245  	0.03753005  	0.01016733  	0.01481268  	0.00619757  	0.00743952  	0.00883103  	0.01020827  
2021-11-07 00:32:11.141: iteration 25 finished in 10.438426 seconds
2021-11-07 00:32:11.204: epoch 25:	0.00276442  	0.00255409  	0.02088341  	0.03722957  	0.01034105  	0.01476299  	0.00625767  	0.00742712  	0.00889113  	0.01021111  
2021-11-07 00:32:19.283: iteration 26 finished in 8.078714 seconds
2021-11-07 00:32:19.345: epoch 26:	0.00282452  	0.00258413  	0.02118389  	0.03783053  	0.01051405  	0.01496597  	0.00635139  	0.00752112  	0.00907547  	0.01036643  
2021-11-07 00:32:27.345: iteration 27 finished in 7.999478 seconds
2021-11-07 00:32:27.438: epoch 27:	0.00276442  	0.00255409  	0.02088341  	0.03753005  	0.01045369  	0.01494411  	0.00636379  	0.00756023  	0.00909121  	0.01042648  
2021-11-07 00:32:38.210: iteration 28 finished in 10.756000 seconds
2021-11-07 00:32:38.491: epoch 28:	0.00270433  	0.00255409  	0.02028245  	0.03753005  	0.01031577  	0.01498043  	0.00634201  	0.00759853  	0.00907547  	0.01046997  
2021-11-07 00:32:49.962: iteration 29 finished in 11.471120 seconds
2021-11-07 00:32:50.259: epoch 29:	0.00270433  	0.00258413  	0.02028245  	0.03783053  	0.01039553  	0.01514712  	0.00643049  	0.00770308  	0.00916395  	0.01059781  
2021-11-07 00:32:59.638: iteration 30 finished in 9.379061 seconds
2021-11-07 00:32:59.701: epoch 30:	0.00270433  	0.00261418  	0.02028245  	0.03803085  	0.01029098  	0.01512093  	0.00631793  	0.00762068  	0.00900512  	0.01045639  
2021-11-07 00:33:07.827: iteration 31 finished in 8.126318 seconds
2021-11-07 00:33:07.889: epoch 31:	0.00276442  	0.00264423  	0.02040264  	0.03833133  	0.01035867  	0.01521468  	0.00635244  	0.00766064  	0.00901108  	0.01043035  
2021-11-07 00:33:15.953: iteration 32 finished in 8.063743 seconds
2021-11-07 00:33:16.016: epoch 32:	0.00282452  	0.00261418  	0.02070313  	0.03803085  	0.01047255  	0.01515883  	0.00639217  	0.00767119  	0.00905282  	0.01040223  
2021-11-07 00:33:27.157: iteration 33 finished in 11.141849 seconds
2021-11-07 00:33:27.360: epoch 33:	0.00288461  	0.00261418  	0.02100361  	0.03803085  	0.01057195  	0.01516317  	0.00642150  	0.00768140  	0.00903541  	0.01033273  
2021-11-07 00:33:38.455: iteration 34 finished in 11.094040 seconds
2021-11-07 00:33:38.658: epoch 34:	0.00288461  	0.00261418  	0.02100361  	0.03803085  	0.01062959  	0.01522108  	0.00650481  	0.00776483  	0.00906808  	0.01036651  
2021-11-07 00:33:47.849: iteration 35 finished in 9.191266 seconds
2021-11-07 00:33:47.911: epoch 35:	0.00282452  	0.00264423  	0.02070313  	0.03813101  	0.01052438  	0.01526516  	0.00647826  	0.00777422  	0.00900703  	0.01039541  
2021-11-07 00:33:55.931: iteration 36 finished in 8.019389 seconds
2021-11-07 00:33:55.993: epoch 36:	0.00282452  	0.00264423  	0.02070313  	0.03813101  	0.01055229  	0.01529247  	0.00650915  	0.00780334  	0.00903851  	0.01042721  
2021-11-07 00:34:03.946: iteration 37 finished in 7.952374 seconds
2021-11-07 00:34:04.008: epoch 37:	0.00282452  	0.00264423  	0.02080329  	0.03813101  	0.01057906  	0.01529392  	0.00651296  	0.00779767  	0.00908215  	0.01046854  
2021-11-07 00:34:14.729: iteration 38 finished in 10.721386 seconds
2021-11-07 00:34:14.948: epoch 38:	0.00282452  	0.00270433  	0.02080329  	0.03885216  	0.01066493  	0.01556781  	0.00660067  	0.00792461  	0.00924312  	0.01069545  
2021-11-07 00:34:26.063: iteration 39 finished in 11.115061 seconds
2021-11-07 00:34:26.360: epoch 39:	0.00282452  	0.00267428  	0.02080329  	0.03875200  	0.01067159  	0.01553556  	0.00660946  	0.00792977  	0.00925815  	0.01068376  
2021-11-07 00:34:35.625: iteration 40 finished in 9.265289 seconds
2021-11-07 00:34:35.688: epoch 40:	0.00282452  	0.00270433  	0.02080329  	0.03885216  	0.01064525  	0.01555055  	0.00657942  	0.00790394  	0.00922810  	0.01068544  
2021-11-07 00:34:43.753: iteration 41 finished in 8.064934 seconds
2021-11-07 00:34:43.831: epoch 41:	0.00282452  	0.00264423  	0.02080329  	0.03855168  	0.01062199  	0.01542103  	0.00655994  	0.00785998  	0.00916633  	0.01059060  
2021-11-07 00:34:51.773: iteration 42 finished in 7.942359 seconds
2021-11-07 00:34:51.851: epoch 42:	0.00288461  	0.00261418  	0.02140425  	0.03835136  	0.01080313  	0.01537022  	0.00662695  	0.00786220  	0.00923668  	0.01057719  
2021-11-07 00:35:03.104: iteration 43 finished in 11.252428 seconds
2021-11-07 00:35:03.557: epoch 43:	0.00288461  	0.00261418  	0.02140425  	0.03835136  	0.01085892  	0.01543404  	0.00668705  	0.00792810  	0.00933684  	0.01068737  
2021-11-07 00:35:15.181: iteration 44 finished in 11.624593 seconds
2021-11-07 00:35:15.400: epoch 44:	0.00288461  	0.00261418  	0.02140425  	0.03835136  	0.01085024  	0.01542092  	0.00667870  	0.00791506  	0.00932850  	0.01068011  
2021-11-07 00:35:29.923: iteration 45 finished in 14.522547 seconds
2021-11-07 00:35:30.360: epoch 45:	0.00294471  	0.00264423  	0.02152444  	0.03850160  	0.01099314  	0.01555685  	0.00679700  	0.00802808  	0.00949042  	0.01081413  
2021-11-07 00:35:46.767: iteration 46 finished in 16.407123 seconds
2021-11-07 00:35:46.830: epoch 46:	0.00288461  	0.00264423  	0.02132412  	0.03850160  	0.01086435  	0.01551140  	0.00672656  	0.00798046  	0.00933851  	0.01071844  
2021-11-07 00:36:02.893: iteration 47 finished in 16.063089 seconds
2021-11-07 00:36:02.955: epoch 47:	0.00282452  	0.00264423  	0.02102364  	0.03850160  	0.01078452  	0.01552669  	0.00671654  	0.00799256  	0.00937858  	0.01080297  
2021-11-07 00:36:18.395: iteration 48 finished in 15.440036 seconds
2021-11-07 00:36:19.301: epoch 48:	0.00282452  	0.00261418  	0.02102364  	0.03830128  	0.01100632  	0.01568194  	0.00701702  	0.00827278  	0.00967906  	0.01109718  
2021-11-07 00:36:34.609: iteration 49 finished in 15.307539 seconds
2021-11-07 00:36:38.249: epoch 49:	0.00282452  	0.00261418  	0.02102364  	0.03830128  	0.01095617  	0.01562629  	0.00697338  	0.00822554  	0.00954813  	0.01095987  
2021-11-07 00:36:59.532: iteration 50 finished in 21.283409 seconds
2021-11-07 00:37:03.533: epoch 50:	0.00282452  	0.00261418  	0.02102364  	0.03830128  	0.01095312  	0.01563338  	0.00696615  	0.00822632  	0.00955648  	0.01097624  
