2020-09-17 20:38:37.261: Dataset name: u1
The number of users: 1196
The number of items: 1182
The number of ratings: 18998
Average actions of users: 15.88
Average actions of items: 16.07
The sparsity of the dataset: 98.656124%
2020-09-17 20:38:37.262: 

NeuRec hyperparameters:
recommender=WRMF
config_dir=./conf
gpu_id=0
gpu_mem=0.5
data.input.path=C:\Users\HyunsikYoo\Desktop\VNE_directed_networks/_Data/moreno_blogs/5-fold/u1/
data.input.dataset=u1
data.output.path=C:\Users\HyunsikYoo\Desktop\VNE_directed_networks/_Data/moreno_blogs/5-fold/u1/relevance_WRMF_directed_uni_False_uniform
data.column.format=UI
data.convert.separator='\t'
user_min=0
item_min=0
splitter=given
ratio=0.8
by_time=False
metric=["Precision", "Recall", "NDCG", "MAP", "MRR"]
topk=[10, 20]
group_view=None
rec.evaluate.neg=0
test_batch_size=128
num_thread=8
data.index.remap=False

WRMF's hyperparameters:
epochs=50
embedding_size=16
reg_mf=0.1
alpha=10
init_method=uniform
stddev=0.01
verbose=1
weight=uniform

2020-09-17 20:38:41.228: metrics:	Precision@10	Precision@20	Recall@10   	Recall@20   	NDCG@10     	NDCG@20     	MAP@10      	MAP@20      	MRR@10      	MRR@20      
2020-09-17 20:38:41.765: iteration 1 finished in 0.535568 seconds
2020-09-17 20:38:41.782: epoch 1:	0.05739425  	0.04642005  	0.12215228  	0.19612448  	0.10452471  	0.12820518  	0.05901171  	0.06443515  	0.17277694  	0.18079400  
2020-09-17 20:38:42.305: iteration 2 finished in 0.523600 seconds
2020-09-17 20:38:42.319: epoch 2:	0.10680711  	0.08080985  	0.24922413  	0.37321839  	0.20596622  	0.24540095  	0.12555145  	0.13744125  	0.29813865  	0.30603412  
2020-09-17 20:38:42.846: iteration 3 finished in 0.525594 seconds
2020-09-17 20:38:42.860: epoch 3:	0.11396669  	0.08579820  	0.28024730  	0.40307003  	0.23503989  	0.27539465  	0.14860198  	0.16182087  	0.34219855  	0.34967452  
2020-09-17 20:38:43.387: iteration 4 finished in 0.526592 seconds
2020-09-17 20:38:43.402: epoch 4:	0.11701830  	0.08796953  	0.28726476  	0.41051489  	0.24063617  	0.28174478  	0.15272486  	0.16615880  	0.34723988  	0.35508770  
2020-09-17 20:38:43.927: iteration 5 finished in 0.524597 seconds
2020-09-17 20:38:43.944: epoch 5:	0.11983520  	0.08978885  	0.29358184  	0.41748261  	0.24548861  	0.28701776  	0.15594393  	0.16999771  	0.35299590  	0.35991424  
2020-09-17 20:38:44.472: iteration 6 finished in 0.527589 seconds
2020-09-17 20:38:44.486: epoch 6:	0.12077412  	0.09119735  	0.29921928  	0.42830753  	0.24811347  	0.29131231  	0.15749675  	0.17232177  	0.35425106  	0.36115867  
2020-09-17 20:38:45.012: iteration 7 finished in 0.526592 seconds
2020-09-17 20:38:45.027: epoch 7:	0.12265202  	0.09154949  	0.30178854  	0.42992258  	0.24998330  	0.29260764  	0.15839341  	0.17306326  	0.35583138  	0.36262146  
2020-09-17 20:38:45.554: iteration 8 finished in 0.526592 seconds
2020-09-17 20:38:45.572: epoch 8:	0.12382577  	0.09248849  	0.30161130  	0.43410018  	0.25240639  	0.29633388  	0.16083364  	0.17571011  	0.36007863  	0.36753598  
2020-09-17 20:38:46.096: iteration 9 finished in 0.524597 seconds
2020-09-17 20:38:46.110: epoch 9:	0.12582107  	0.09237113  	0.30662352  	0.43602237  	0.25628379  	0.29862219  	0.16348071  	0.17754126  	0.36586094  	0.37334907  
2020-09-17 20:38:46.637: iteration 10 finished in 0.525594 seconds
2020-09-17 20:38:46.653: epoch 10:	0.12523419  	0.09289929  	0.30894294  	0.43772236  	0.25774646  	0.30051249  	0.16499314  	0.17933486  	0.36694986  	0.37462881  
2020-09-17 20:38:47.180: iteration 11 finished in 0.527590 seconds
2020-09-17 20:38:47.195: epoch 11:	0.12488207  	0.09301665  	0.30754092  	0.43740797  	0.25707430  	0.30050334  	0.16432674  	0.17915751  	0.36630955  	0.37409747  
2020-09-17 20:38:47.722: iteration 12 finished in 0.526592 seconds
2020-09-17 20:38:47.737: epoch 12:	0.12570369  	0.09331007  	0.31091350  	0.43593878  	0.25823224  	0.30019939  	0.16455975  	0.17908044  	0.36712503  	0.37427232  
2020-09-17 20:38:48.264: iteration 13 finished in 0.527590 seconds
2020-09-17 20:38:48.281: epoch 13:	0.12511681  	0.09313402  	0.31051758  	0.43600392  	0.25805786  	0.30036542  	0.16444105  	0.17923085  	0.36666852  	0.37363037  
2020-09-17 20:38:48.808: iteration 14 finished in 0.526591 seconds
2020-09-17 20:38:48.822: epoch 14:	0.12570368  	0.09307534  	0.31132707  	0.43303892  	0.25856206  	0.29968360  	0.16476792  	0.17925452  	0.36526051  	0.37184343  
2020-09-17 20:38:49.349: iteration 15 finished in 0.526592 seconds
2020-09-17 20:38:49.364: epoch 15:	0.12499946  	0.09336875  	0.30934873  	0.43327790  	0.25934586  	0.30142489  	0.16565025  	0.18062674  	0.37178305  	0.37842435  
2020-09-17 20:38:49.891: iteration 16 finished in 0.526592 seconds
2020-09-17 20:38:49.907: epoch 16:	0.12476473  	0.09342743  	0.30898616  	0.43320221  	0.25975949  	0.30200911  	0.16589896  	0.18114966  	0.37451798  	0.38100728  
2020-09-17 20:38:50.432: iteration 17 finished in 0.524597 seconds
2020-09-17 20:38:50.448: epoch 17:	0.12476473  	0.09319269  	0.30668625  	0.43197387  	0.25884768  	0.30126745  	0.16583233  	0.18108784  	0.37115055  	0.37804043  
2020-09-17 20:38:50.974: iteration 18 finished in 0.526592 seconds
2020-09-17 20:38:50.989: epoch 18:	0.12453000  	0.09284056  	0.30472648  	0.43070701  	0.25900179  	0.30137810  	0.16607286  	0.18142830  	0.37410399  	0.38091487  
2020-09-17 20:38:51.516: iteration 19 finished in 0.525594 seconds
2020-09-17 20:38:51.531: epoch 19:	0.12558633  	0.09278186  	0.30706507  	0.43198428  	0.25930882  	0.30098373  	0.16569951  	0.18069999  	0.37171841  	0.37832123  
2020-09-17 20:38:52.056: iteration 20 finished in 0.525594 seconds
2020-09-17 20:38:52.070: epoch 20:	0.12523423  	0.09225369  	0.30763310  	0.42890179  	0.25850335  	0.29931548  	0.16485938  	0.17975438  	0.36887816  	0.37537342  
2020-09-17 20:38:52.599: iteration 21 finished in 0.528588 seconds
2020-09-17 20:38:52.615: epoch 21:	0.12464739  	0.09172550  	0.30324975  	0.42589369  	0.25725737  	0.29840878  	0.16483745  	0.17958507  	0.36811516  	0.37518206  
2020-09-17 20:38:53.140: iteration 22 finished in 0.525594 seconds
2020-09-17 20:38:53.156: epoch 22:	0.12453001  	0.09201892  	0.30293226  	0.42871183  	0.25755760  	0.29951048  	0.16489357  	0.17987490  	0.37046456  	0.37759760  
2020-09-17 20:38:53.682: iteration 23 finished in 0.525594 seconds
2020-09-17 20:38:53.696: epoch 23:	0.12499950  	0.09225366  	0.30478808  	0.43139961  	0.25771898  	0.29964232  	0.16481578  	0.17946942  	0.36902726  	0.37598917  
2020-09-17 20:38:54.221: iteration 24 finished in 0.524597 seconds
2020-09-17 20:38:54.236: epoch 24:	0.12523423  	0.09201891  	0.30359873  	0.43023652  	0.25699010  	0.29878703  	0.16424347  	0.17894357  	0.36822474  	0.37511054  
2020-09-17 20:38:54.763: iteration 25 finished in 0.526592 seconds
2020-09-17 20:38:54.779: epoch 25:	0.12441266  	0.09178417  	0.30161422  	0.42889741  	0.25547913  	0.29756317  	0.16341159  	0.17814909  	0.36534491  	0.37251848  
2020-09-17 20:38:55.306: iteration 26 finished in 0.526591 seconds
2020-09-17 20:38:55.320: epoch 26:	0.12417792  	0.09207761  	0.30245399  	0.43024758  	0.25567549  	0.29803529  	0.16355789  	0.17824085  	0.36632442  	0.37353629  
2020-09-17 20:38:55.846: iteration 27 finished in 0.526592 seconds
2020-09-17 20:38:55.860: epoch 27:	0.12429527  	0.09207761  	0.30393490  	0.42916644  	0.25558963  	0.29732275  	0.16311547  	0.17754009  	0.36520329  	0.37217718  
2020-09-17 20:38:56.388: iteration 28 finished in 0.527589 seconds
2020-09-17 20:38:56.403: epoch 28:	0.12382581  	0.09242973  	0.30256838  	0.43169776  	0.25567913  	0.29876122  	0.16385835  	0.17881891  	0.36497608  	0.37230188  
2020-09-17 20:38:56.929: iteration 29 finished in 0.526592 seconds
2020-09-17 20:38:56.943: epoch 29:	0.12417793  	0.09225366  	0.30285013  	0.43051469  	0.25606322  	0.29856232  	0.16412312  	0.17878135  	0.36586705  	0.37308240  
2020-09-17 20:38:57.468: iteration 30 finished in 0.524597 seconds
2020-09-17 20:38:57.482: epoch 30:	0.12499950  	0.09201891  	0.30505633  	0.42992291  	0.25685692  	0.29820627  	0.16435371  	0.17858662  	0.36581299  	0.37272072  
2020-09-17 20:38:58.008: iteration 31 finished in 0.526592 seconds
2020-09-17 20:38:58.023: epoch 31:	0.12453003  	0.09219498  	0.30578703  	0.43075547  	0.25733000  	0.29890239  	0.16479172  	0.17921481  	0.36765933  	0.37452683  
2020-09-17 20:38:58.549: iteration 32 finished in 0.524597 seconds
2020-09-17 20:38:58.564: epoch 32:	0.12406056  	0.09219498  	0.30544978  	0.42942381  	0.25656116  	0.29814008  	0.16404200  	0.17851985  	0.36693886  	0.37373811  
2020-09-17 20:38:59.093: iteration 33 finished in 0.528587 seconds
2020-09-17 20:38:59.107: epoch 33:	0.12406056  	0.09213629  	0.30480197  	0.42942253  	0.25636795  	0.29811439  	0.16395235  	0.17846087  	0.36736637  	0.37415025  
2020-09-17 20:38:59.636: iteration 34 finished in 0.527589 seconds
2020-09-17 20:38:59.651: epoch 34:	0.12335635  	0.09207758  	0.30381998  	0.43050611  	0.25534904  	0.29783571  	0.16312774  	0.17775522  	0.36701801  	0.37418687  
2020-09-17 20:39:00.178: iteration 35 finished in 0.526591 seconds
2020-09-17 20:39:00.192: epoch 35:	0.12288685  	0.09219497  	0.30246925  	0.43061930  	0.25544807  	0.29851225  	0.16354010  	0.17842019  	0.36874178  	0.37596273  
2020-09-17 20:39:00.719: iteration 36 finished in 0.527589 seconds
2020-09-17 20:39:00.733: epoch 36:	0.12265211  	0.09213629  	0.30247140  	0.43355441  	0.25551501  	0.29927796  	0.16363637  	0.17865258  	0.36968544  	0.37724566  
2020-09-17 20:39:01.260: iteration 37 finished in 0.525594 seconds
2020-09-17 20:39:01.274: epoch 37:	0.12335633  	0.09196021  	0.30379331  	0.43179718  	0.25617710  	0.29887968  	0.16401687  	0.17859429  	0.36983165  	0.37730530  
2020-09-17 20:39:01.802: iteration 38 finished in 0.527589 seconds
2020-09-17 20:39:01.818: epoch 38:	0.12312159  	0.09196021  	0.30341771  	0.43248290  	0.25588045  	0.29896122  	0.16388842  	0.17860670  	0.36910689  	0.37662572  
2020-09-17 20:39:02.345: iteration 39 finished in 0.525594 seconds
2020-09-17 20:39:02.359: epoch 39:	0.12347370  	0.09201889  	0.30550265  	0.43375018  	0.25631076  	0.29896763  	0.16408522  	0.17851281  	0.36774266  	0.37528849  
2020-09-17 20:39:02.884: iteration 40 finished in 0.525594 seconds
2020-09-17 20:39:02.899: epoch 40:	0.12382580  	0.09201889  	0.30732429  	0.43490434  	0.25624096  	0.29857305  	0.16348122  	0.17784059  	0.36680421  	0.37408060  
2020-09-17 20:39:03.425: iteration 41 finished in 0.525594 seconds
2020-09-17 20:39:03.441: epoch 41:	0.12347370  	0.09225367  	0.30494657  	0.43584332  	0.25552544  	0.29887208  	0.16332935  	0.17799997  	0.36631370  	0.37403122  
2020-09-17 20:39:03.968: iteration 42 finished in 0.527590 seconds
2020-09-17 20:39:03.982: epoch 42:	0.12230002  	0.09213629  	0.30160111  	0.43474808  	0.25360766  	0.29788849  	0.16217726  	0.17717044  	0.36481348  	0.37287214  
2020-09-17 20:39:04.511: iteration 43 finished in 0.528587 seconds
2020-09-17 20:39:04.526: epoch 43:	0.12183052  	0.09184284  	0.30042952  	0.43416360  	0.25234455  	0.29682600  	0.16102120  	0.17607714  	0.36341113  	0.37157887  
2020-09-17 20:39:05.054: iteration 44 finished in 0.528587 seconds
2020-09-17 20:39:05.068: epoch 44:	0.12171315  	0.09172547  	0.30074024  	0.43392098  	0.25294665  	0.29723793  	0.16154669  	0.17656817  	0.36501193  	0.37305751  
2020-09-17 20:39:05.599: iteration 45 finished in 0.530581 seconds
2020-09-17 20:39:05.614: epoch 45:	0.12136103  	0.09172548  	0.30012828  	0.43398622  	0.25263271  	0.29719707  	0.16124287  	0.17640649  	0.36516470  	0.37323070  
2020-09-17 20:39:06.144: iteration 46 finished in 0.529584 seconds
2020-09-17 20:39:06.158: epoch 46:	0.12124365  	0.09154941  	0.30006588  	0.43414041  	0.25246325  	0.29703388  	0.16114059  	0.17632353  	0.36444929  	0.37242517  
2020-09-17 20:39:06.688: iteration 47 finished in 0.530581 seconds
2020-09-17 20:39:06.704: epoch 47:	0.12124365  	0.09149073  	0.30035540  	0.43360955  	0.25250611  	0.29686236  	0.16102175  	0.17627266  	0.36430913  	0.37213632  
2020-09-17 20:39:07.238: iteration 48 finished in 0.533573 seconds
2020-09-17 20:39:07.253: epoch 48:	0.12136102  	0.09190156  	0.30064741  	0.43433666  	0.25276208  	0.29735139  	0.16132292  	0.17680684  	0.36441815  	0.37210727  
2020-09-17 20:39:07.789: iteration 49 finished in 0.535568 seconds
2020-09-17 20:39:07.806: epoch 49:	0.12194788  	0.09166680  	0.30138323  	0.43107682  	0.25316897  	0.29646802  	0.16144289  	0.17661545  	0.36443633  	0.37155813  
2020-09-17 20:39:08.345: iteration 50 finished in 0.537563 seconds
2020-09-17 20:39:08.359: epoch 50:	0.12218262  	0.09207763  	0.30117077  	0.43619692  	0.25301284  	0.29761818  	0.16139497  	0.17701511  	0.36304888  	0.37030664  
