2020-09-12 11:30:24.984: Dataset name: u1
The number of users: 6107
The number of items: 6105
The number of ratings: 50522
Average actions of users: 8.27
Average actions of items: 8.28
The sparsity of the dataset: 99.864491%
2020-09-12 11:30:24.985: 

NeuRec hyperparameters:
recommender=WRMF
config_dir=./conf
gpu_id=0
gpu_mem=0.5
data.input.path=C:\Users\HyunsikYoo\Desktop\VNE_directed_networks/_Data/jung/5-fold/u1/
data.input.dataset=u1
data.output.path=C:\Users\HyunsikYoo\Desktop\VNE_directed_networks/_Data/jung/5-fold/u1/bi_relevance_WRMF_directed_uni_False_uniform
data.column.format=UI
data.convert.separator='\t'
user_min=0
item_min=0
splitter=given
ratio=0.8
by_time=False
metric=["Precision", "Recall", "NDCG", "MAP", "MRR"]
topk=[10, 20]
group_view=None
rec.evaluate.neg=0
test_batch_size=128
num_thread=8
data.index.remap=False

WRMF's hyperparameters:
epochs=50
embedding_size=16
reg_mf=0.1
alpha=10
init_method=uniform
stddev=0.01
verbose=1
weight=uniform

2020-09-12 11:32:02.107: metrics:	Precision@10	Precision@20	Recall@10   	Recall@20   	NDCG@10     	NDCG@20     	MAP@10      	MAP@20      	MRR@10      	MRR@20      
2020-09-12 11:32:06.423: iteration 1 finished in 4.315459 seconds
2020-09-12 11:32:06.552: epoch 1:	0.09453102  	0.05861909  	0.53880239  	0.61652476  	0.47029778  	0.49198866  	0.41768435  	0.42511910  	0.49561051  	0.50021684  
2020-09-12 11:32:10.964: iteration 2 finished in 4.411182 seconds
2020-09-12 11:32:11.092: epoch 2:	0.12928554  	0.07362681  	0.69922042  	0.75490057  	0.66438192  	0.67790610  	0.61997414  	0.62365186  	0.71023881  	0.71276224  
2020-09-12 11:32:15.384: iteration 3 finished in 4.291523 seconds
2020-09-12 11:32:15.500: epoch 3:	0.13614295  	0.07661540  	0.73646957  	0.78411317  	0.69662356  	0.70795280  	0.65211701  	0.65525794  	0.73822314  	0.74013609  
2020-09-12 11:32:19.624: iteration 4 finished in 4.122974 seconds
2020-09-12 11:32:19.745: epoch 4:	0.13839139  	0.07784270  	0.74641293  	0.79656267  	0.71319467  	0.72519720  	0.67071903  	0.67420977  	0.75778735  	0.75991839  
2020-09-12 11:32:23.963: iteration 5 finished in 4.216723 seconds
2020-09-12 11:32:24.088: epoch 5:	0.13927206  	0.07832985  	0.74975634  	0.80247915  	0.71805346  	0.73072737  	0.67617583  	0.67991263  	0.76338649  	0.76566553  
2020-09-12 11:32:28.298: iteration 6 finished in 4.209742 seconds
2020-09-12 11:32:28.420: epoch 6:	0.13989033  	0.07858284  	0.75253075  	0.80510873  	0.72123367  	0.73368561  	0.67923188  	0.68280458  	0.76795471  	0.77015650  
2020-09-12 11:32:32.636: iteration 7 finished in 4.214728 seconds
2020-09-12 11:32:32.762: epoch 7:	0.14007767  	0.07862969  	0.75403225  	0.80551010  	0.72267169  	0.73488218  	0.68056589  	0.68415564  	0.76969236  	0.77184457  
2020-09-12 11:32:36.995: iteration 8 finished in 4.232681 seconds
2020-09-12 11:32:37.130: epoch 8:	0.14024624  	0.07870466  	0.75457722  	0.80561119  	0.72348595  	0.73565334  	0.68107909  	0.68470073  	0.77149665  	0.77360326  
2020-09-12 11:32:41.446: iteration 9 finished in 4.315459 seconds
2020-09-12 11:32:41.569: epoch 9:	0.14033991  	0.07881708  	0.75580281  	0.80653512  	0.72390437  	0.73606396  	0.68122488  	0.68491447  	0.77186012  	0.77387810  
2020-09-12 11:32:45.764: iteration 10 finished in 4.193784 seconds
2020-09-12 11:32:45.886: epoch 10:	0.14056484  	0.07891076  	0.75830144  	0.80777895  	0.72509891  	0.73691702  	0.68203133  	0.68561858  	0.77312809  	0.77497077  
2020-09-12 11:32:50.221: iteration 11 finished in 4.333411 seconds
2020-09-12 11:32:50.346: epoch 11:	0.14060234  	0.07892948  	0.75853229  	0.80799085  	0.72533834  	0.73716348  	0.68229640  	0.68586969  	0.77330893  	0.77523500  
2020-09-12 11:32:54.558: iteration 12 finished in 4.211737 seconds
2020-09-12 11:32:54.686: epoch 12:	0.14063980  	0.07901382  	0.75915152  	0.80832648  	0.72577941  	0.73761821  	0.68262416  	0.68629259  	0.77371949  	0.77555913  
2020-09-12 11:32:59.136: iteration 13 finished in 4.449101 seconds
2020-09-12 11:32:59.270: epoch 13:	0.14077097  	0.07907941  	0.76005715  	0.80925596  	0.72573531  	0.73755008  	0.68232030  	0.68600965  	0.77275461  	0.77455497  
2020-09-12 11:33:03.685: iteration 14 finished in 4.414168 seconds
2020-09-12 11:33:03.817: epoch 14:	0.14108938  	0.07911687  	0.76166850  	0.80968970  	0.72620666  	0.73759478  	0.68247586  	0.68590254  	0.77293360  	0.77463180  
2020-09-12 11:33:08.176: iteration 15 finished in 4.359316 seconds
2020-09-12 11:33:08.302: epoch 15:	0.14097697  	0.07915436  	0.76145464  	0.81037998  	0.72569954  	0.73737752  	0.68186563  	0.68544418  	0.77215648  	0.77386940  
2020-09-12 11:33:12.555: iteration 16 finished in 4.252627 seconds
2020-09-12 11:33:12.685: epoch 16:	0.14123920  	0.07913561  	0.76231790  	0.81018144  	0.72599739  	0.73731363  	0.68204659  	0.68543565  	0.77193761  	0.77362782  
2020-09-12 11:33:16.909: iteration 17 finished in 4.222708 seconds
2020-09-12 11:33:17.033: epoch 17:	0.14116426  	0.07912625  	0.76175582  	0.80981678  	0.72539186  	0.73680437  	0.68140864  	0.68486887  	0.77125293  	0.77297282  
2020-09-12 11:33:21.202: iteration 18 finished in 4.167853 seconds
2020-09-12 11:33:21.327: epoch 18:	0.14120172  	0.07907003  	0.76114994  	0.80910277  	0.72533005  	0.73668045  	0.68152356  	0.68492270  	0.77126116  	0.77300477  
2020-09-12 11:33:25.514: iteration 19 finished in 4.187801 seconds
2020-09-12 11:33:25.642: epoch 19:	0.14122045  	0.07907940  	0.76150596  	0.80932587  	0.72529471  	0.73660856  	0.68138891  	0.68478841  	0.77103949  	0.77275509  
2020-09-12 11:33:30.042: iteration 20 finished in 4.399235 seconds
2020-09-12 11:33:30.174: epoch 20:	0.14114556  	0.07909814  	0.76155901  	0.80990589  	0.72499990  	0.73646623  	0.68100703  	0.68447095  	0.77059406  	0.77228653  
2020-09-12 11:33:34.487: iteration 21 finished in 4.312467 seconds
2020-09-12 11:33:34.618: epoch 21:	0.14108938  	0.07907942  	0.76140451  	0.80981743  	0.72495884  	0.73647934  	0.68102556  	0.68453485  	0.77070516  	0.77238828  
2020-09-12 11:33:38.780: iteration 22 finished in 4.159875 seconds
2020-09-12 11:33:38.904: epoch 22:	0.14110813  	0.07907941  	0.76160753  	0.80966520  	0.72499859  	0.73642230  	0.68098217  	0.68449396  	0.77080011  	0.77242917  
2020-09-12 11:33:43.127: iteration 23 finished in 4.222707 seconds
2020-09-12 11:33:43.251: epoch 23:	0.14125796  	0.07909815  	0.76220083  	0.80983680  	0.72532868  	0.73657286  	0.68123347  	0.68462664  	0.77114743  	0.77274072  
2020-09-12 11:33:47.355: iteration 24 finished in 4.103027 seconds
2020-09-12 11:33:47.486: epoch 24:	0.14114556  	0.07912625  	0.76158667  	0.81005538  	0.72514868  	0.73668253  	0.68118745  	0.68472344  	0.77113771  	0.77277166  
2020-09-12 11:33:51.756: iteration 25 finished in 4.269583 seconds
2020-09-12 11:33:51.878: epoch 25:	0.14123921  	0.07912626  	0.76202142  	0.81027514  	0.72546011  	0.73689979  	0.68147510  	0.68494618  	0.77154320  	0.77316648  
2020-09-12 11:33:56.097: iteration 26 finished in 4.218718 seconds
2020-09-12 11:33:56.226: epoch 26:	0.14123923  	0.07914499  	0.76224428  	0.81055182  	0.72550166  	0.73697448  	0.68141669  	0.68491548  	0.77180165  	0.77341235  
2020-09-12 11:34:00.468: iteration 27 finished in 4.240659 seconds
2020-09-12 11:34:00.599: epoch 27:	0.14120178  	0.07917309  	0.76203477  	0.81058949  	0.72528082  	0.73683780  	0.68120307  	0.68475366  	0.77152014  	0.77313328  
2020-09-12 11:34:04.889: iteration 28 finished in 4.289528 seconds
2020-09-12 11:34:05.019: epoch 28:	0.14110813  	0.07917309  	0.76143366  	0.81071448  	0.72499150  	0.73675334  	0.68096846  	0.68458676  	0.77132767  	0.77302718  
2020-09-12 11:34:09.288: iteration 29 finished in 4.268584 seconds
2020-09-12 11:34:09.418: epoch 29:	0.14114560  	0.07917309  	0.76153648  	0.81079370  	0.72496247  	0.73669720  	0.68093663  	0.68452120  	0.77112842  	0.77284366  
2020-09-12 11:34:13.633: iteration 30 finished in 4.213731 seconds
2020-09-12 11:34:13.760: epoch 30:	0.14112686  	0.07919183  	0.76132107  	0.81092983  	0.72488827  	0.73672575  	0.68090844  	0.68452221  	0.77109534  	0.77283895  
2020-09-12 11:34:18.027: iteration 31 finished in 4.265592 seconds
2020-09-12 11:34:18.156: epoch 31:	0.14112686  	0.07920119  	0.76139128  	0.81099224  	0.72480214  	0.73664099  	0.68075198  	0.68437856  	0.77105665  	0.77278215  
2020-09-12 11:34:22.475: iteration 32 finished in 4.318451 seconds
2020-09-12 11:34:22.601: epoch 32:	0.14107066  	0.07920119  	0.76111025  	0.81108594  	0.72479415  	0.73674470  	0.68084770  	0.68451053  	0.77115363  	0.77292049  
2020-09-12 11:34:26.911: iteration 33 finished in 4.309475 seconds
2020-09-12 11:34:27.038: epoch 33:	0.14103319  	0.07921993  	0.76093793  	0.81137943  	0.72479093  	0.73687083  	0.68088651  	0.68460947  	0.77126825  	0.77307200  
2020-09-12 11:34:31.376: iteration 34 finished in 4.337400 seconds
2020-09-12 11:34:31.502: epoch 34:	0.14099571  	0.07922930  	0.76077062  	0.81140625  	0.72454834  	0.73669267  	0.68061709  	0.68436855  	0.77096736  	0.77277029  
2020-09-12 11:34:35.849: iteration 35 finished in 4.346376 seconds
2020-09-12 11:34:35.983: epoch 35:	0.14099571  	0.07925741  	0.76060998  	0.81157017  	0.72437245  	0.73661393  	0.68044257  	0.68422896  	0.77074176  	0.77256477  
2020-09-12 11:34:40.426: iteration 36 finished in 4.443118 seconds
2020-09-12 11:34:40.554: epoch 36:	0.14107065  	0.07928552  	0.76076454  	0.81207752  	0.72459435  	0.73689681  	0.68069685  	0.68446654  	0.77100742  	0.77283907  
2020-09-12 11:34:44.887: iteration 37 finished in 4.332414 seconds
2020-09-12 11:34:45.015: epoch 37:	0.14108939  	0.07924804  	0.76085824  	0.81145757  	0.72466838  	0.73679692  	0.68076372  	0.68448085  	0.77106345  	0.77286744  
2020-09-12 11:34:49.350: iteration 38 finished in 4.334409 seconds
2020-09-12 11:34:49.476: epoch 38:	0.14110814  	0.07921056  	0.76092696  	0.81124789  	0.72463435  	0.73667717  	0.68064755  	0.68432963  	0.77105153  	0.77287090  
2020-09-12 11:34:53.733: iteration 39 finished in 4.255619 seconds
2020-09-12 11:34:53.854: epoch 39:	0.14116435  	0.07921993  	0.76120800  	0.81134158  	0.72474688  	0.73671836  	0.68071491  	0.68435502  	0.77110130  	0.77292836  
2020-09-12 11:34:57.963: iteration 40 finished in 4.108013 seconds
2020-09-12 11:34:58.080: epoch 40:	0.14114562  	0.07922930  	0.76117676  	0.81158155  	0.72505528  	0.73709428  	0.68113780  	0.68479222  	0.77154839  	0.77338499  
2020-09-12 11:35:02.235: iteration 41 finished in 4.154889 seconds
2020-09-12 11:35:02.358: epoch 41:	0.14112689  	0.07922930  	0.76108307  	0.81161273  	0.72501558  	0.73709381  	0.68111658  	0.68478847  	0.77152163  	0.77336931  
2020-09-12 11:35:06.536: iteration 42 finished in 4.177827 seconds
2020-09-12 11:35:06.660: epoch 42:	0.14112689  	0.07924804  	0.76108307  	0.81197757  	0.72501928  	0.73718673  	0.68110472  	0.68479794  	0.77155364  	0.77341217  
2020-09-12 11:35:10.797: iteration 43 finished in 4.135940 seconds
2020-09-12 11:35:10.920: epoch 43:	0.14114562  	0.07921993  	0.76105183  	0.81156379  	0.72505307  	0.73711085  	0.68117774  	0.68482178  	0.77153790  	0.77340841  
2020-09-12 11:35:15.162: iteration 44 finished in 4.242654 seconds
2020-09-12 11:35:15.291: epoch 44:	0.14112687  	0.07921993  	0.76103622  	0.81148183  	0.72518158  	0.73723918  	0.68134463  	0.68500412  	0.77177840  	0.77365303  
2020-09-12 11:35:19.540: iteration 45 finished in 4.248638 seconds
2020-09-12 11:35:19.664: epoch 45:	0.14120178  	0.07921993  	0.76151448  	0.81149757  	0.72518498  	0.73709732  	0.68122411  	0.68481916  	0.77158308  	0.77341700  
2020-09-12 11:35:23.932: iteration 46 finished in 4.266590 seconds
2020-09-12 11:35:24.059: epoch 46:	0.14118306  	0.07921056  	0.76144582  	0.81145191  	0.72514969  	0.73707074  	0.68120182  	0.68479621  	0.77149838  	0.77335042  
2020-09-12 11:35:28.521: iteration 47 finished in 4.458078 seconds
2020-09-12 11:35:28.649: epoch 47:	0.14120181  	0.07921993  	0.76150835  	0.81159240  	0.72529429  	0.73722726  	0.68135583  	0.68495131  	0.77166837  	0.77353120  
2020-09-12 11:35:32.998: iteration 48 finished in 4.347374 seconds
2020-09-12 11:35:33.123: epoch 48:	0.14116435  	0.07919182  	0.76129752  	0.81104475  	0.72528070  	0.73714876  	0.68138909  	0.68498415  	0.77174652  	0.77360874  
2020-09-12 11:35:37.483: iteration 49 finished in 4.358345 seconds
2020-09-12 11:35:37.609: epoch 49:	0.14114560  	0.07918245  	0.76127881  	0.81098229  	0.72529507  	0.73714846  	0.68142641  	0.68502194  	0.77175087  	0.77361095  
2020-09-12 11:35:41.993: iteration 50 finished in 4.382280 seconds
2020-09-12 11:35:42.120: epoch 50:	0.14110814  	0.07920119  	0.76122081  	0.81148189  	0.72525990  	0.73725307  	0.68138498  	0.68502736  	0.77176553  	0.77365363  
