2020-08-03 20:26:24.857: Dataset name: u1
The number of users: 6360
The number of items: 2364
The number of ratings: 53871
Average actions of users: 8.47
Average actions of items: 22.79
The sparsity of the dataset: 99.641697%
2020-08-03 20:26:24.858: 

NeuRec hyperparameters:
recommender=WRMF
config_dir=./conf
gpu_id=0
gpu_mem=0.5
data.input.path=C:\Users\HyunsikYoo\Desktop\VNE_directed_networks/_Data/jdk/5-fold/u1/
data.input.dataset=u1
data.output.path=C:\Users\HyunsikYoo\Desktop\VNE_directed_networks/_Data/jdk/5-fold/u1/relevance_WRMF_directed_True_user_oriented
data.column.format=UI
data.convert.separator='\t'
user_min=0
item_min=0
splitter=given
ratio=0.8
by_time=False
metric=["Precision", "Recall", "NDCG", "MAP", "MRR"]
topk=[10, 20]
group_view=None
rec.evaluate.neg=0
test_batch_size=128
num_thread=8
data.index.remap=True

WRMF's hyperparameters:
epochs=50
embedding_size=16
reg_mf=0.1
alpha=10
init_method=uniform
stddev=0.01
verbose=1
weight=user_oriented

2020-08-03 20:27:06.923: metrics:	Precision@10	Precision@20	Recall@10   	Recall@20   	NDCG@10     	NDCG@20     	MAP@10      	MAP@20      	MRR@10      	MRR@20      
2020-08-03 20:27:09.612: iteration 1 finished in 2.688770 seconds
2020-08-03 20:27:09.737: epoch 1:	0.10786577  	0.06224056  	0.57144582  	0.63122976  	0.50206894  	0.51641303  	0.45007005  	0.45268571  	0.52550602  	0.52904963  
2020-08-03 20:27:12.427: iteration 2 finished in 2.689780 seconds
2020-08-03 20:27:12.548: epoch 2:	0.12848446  	0.07202750  	0.69296145  	0.74346960  	0.62251878  	0.63459074  	0.56834012  	0.57083046  	0.65292758  	0.65552062  
2020-08-03 20:27:15.335: iteration 3 finished in 2.786521 seconds
2020-08-03 20:27:15.451: epoch 3:	0.12534901  	0.07148723  	0.67786056  	0.73443311  	0.60040313  	0.61467242  	0.54285181  	0.54667109  	0.62809259  	0.63089883  
2020-08-03 20:27:18.041: iteration 4 finished in 2.590071 seconds
2020-08-03 20:27:18.157: epoch 4:	0.12164667  	0.07111534  	0.66805977  	0.73532009  	0.57374781  	0.59210688  	0.51047355  	0.51640552  	0.59652829  	0.60007060  
2020-08-03 20:27:20.665: iteration 5 finished in 2.507294 seconds
2020-08-03 20:27:20.782: epoch 5:	0.11923737  	0.07101791  	0.65723842  	0.73809171  	0.55093825  	0.57302004  	0.48396865  	0.49112380  	0.56831503  	0.57224691  
2020-08-03 20:27:23.352: iteration 6 finished in 2.570125 seconds
2020-08-03 20:27:23.471: epoch 6:	0.11813907  	0.07077876  	0.65294671  	0.73797315  	0.53632051  	0.55968541  	0.46683648  	0.47450674  	0.54829383  	0.55261523  
2020-08-03 20:27:26.034: iteration 7 finished in 2.563144 seconds
2020-08-03 20:27:26.149: epoch 7:	0.11760758  	0.07033586  	0.65144116  	0.73636222  	0.52723742  	0.55050194  	0.45561901  	0.46309459  	0.53599668  	0.54036373  
2020-08-03 20:27:28.751: iteration 8 finished in 2.602012 seconds
2020-08-03 20:27:28.868: epoch 8:	0.11675712  	0.07021181  	0.64750767  	0.73752999  	0.51515430  	0.53974915  	0.44064939  	0.44841632  	0.52086455  	0.52543497  
2020-08-03 20:27:31.488: iteration 9 finished in 2.619992 seconds
2020-08-03 20:27:31.607: epoch 9:	0.11601317  	0.06984864  	0.64201486  	0.73543137  	0.50701100  	0.53251493  	0.43168223  	0.43969938  	0.51075423  	0.51565766  
2020-08-03 20:27:34.184: iteration 10 finished in 2.577081 seconds
2020-08-03 20:27:34.304: epoch 10:	0.11571202  	0.06951206  	0.64031070  	0.73405498  	0.50380868  	0.52924371  	0.42814910  	0.43594226  	0.50715941  	0.51217610  
2020-08-03 20:27:37.128: iteration 11 finished in 2.824445 seconds
2020-08-03 20:27:37.247: epoch 11:	0.11525149  	0.06912232  	0.64016265  	0.73041731  	0.50299025  	0.52764189  	0.42726317  	0.43485051  	0.50671846  	0.51163733  
2020-08-03 20:27:39.963: iteration 12 finished in 2.715704 seconds
2020-08-03 20:27:40.083: epoch 12:	0.11512762  	0.06912231  	0.63940829  	0.72841436  	0.50147229  	0.52588618  	0.42559862  	0.43308678  	0.50492448  	0.50984317  
2020-08-03 20:27:42.975: iteration 13 finished in 2.892240 seconds
2020-08-03 20:27:43.114: epoch 13:	0.11514542  	0.06911346  	0.63850391  	0.72837764  	0.50063491  	0.52517372  	0.42489204  	0.43230844  	0.50375026  	0.50880885  
2020-08-03 20:27:45.936: iteration 14 finished in 2.821428 seconds
2020-08-03 20:27:46.055: epoch 14:	0.11519857  	0.06909573  	0.63864756  	0.72819984  	0.50066400  	0.52506697  	0.42503360  	0.43237215  	0.50359774  	0.50866544  
2020-08-03 20:27:48.720: iteration 15 finished in 2.665852 seconds
2020-08-03 20:27:48.838: epoch 15:	0.11519857  	0.06906918  	0.63894051  	0.72760773  	0.50031155  	0.52448207  	0.42434537  	0.43163747  	0.50334793  	0.50831425  
2020-08-03 20:27:51.456: iteration 16 finished in 2.617000 seconds
2020-08-03 20:27:51.568: epoch 16:	0.11509230  	0.06905145  	0.63807052  	0.72789091  	0.50020087  	0.52463138  	0.42449802  	0.43185690  	0.50329179  	0.50840896  
2020-08-03 20:27:54.119: iteration 17 finished in 2.551224 seconds
2020-08-03 20:27:54.236: epoch 17:	0.11512773  	0.06898946  	0.63826078  	0.72770739  	0.50023270  	0.52452874  	0.42450738  	0.43178421  	0.50325191  	0.50839812  
2020-08-03 20:27:56.809: iteration 18 finished in 2.573117 seconds
2020-08-03 20:27:56.924: epoch 18:	0.11525172  	0.06906030  	0.63867891  	0.72836584  	0.50004953  	0.52438027  	0.42410925  	0.43134069  	0.50279164  	0.50800371  
2020-08-03 20:27:59.492: iteration 19 finished in 2.568131 seconds
2020-08-03 20:27:59.615: epoch 19:	0.11521630  	0.06911346  	0.63799405  	0.72877264  	0.49791527  	0.52256930  	0.42145225  	0.42879680  	0.49989578  	0.50519985  
2020-08-03 20:28:02.205: iteration 20 finished in 2.590072 seconds
2020-08-03 20:28:02.317: epoch 20:	0.11535802  	0.06906919  	0.63891059  	0.72831869  	0.49842408  	0.52268463  	0.42177597  	0.42903367  	0.50040400  	0.50557733  
2020-08-03 20:28:04.873: iteration 21 finished in 2.555165 seconds
2020-08-03 20:28:04.987: epoch 21:	0.11553515  	0.06909575  	0.63941598  	0.72907048  	0.49936810  	0.52360618  	0.42281917  	0.43009213  	0.50147456  	0.50653988  
2020-08-03 20:28:07.513: iteration 22 finished in 2.525245 seconds
2020-08-03 20:28:07.633: epoch 22:	0.11564142  	0.06911346  	0.64021015  	0.72929192  	0.49878159  	0.52284485  	0.42179939  	0.42902771  	0.50061458  	0.50559038  
2020-08-03 20:28:10.337: iteration 23 finished in 2.703768 seconds
2020-08-03 20:28:10.452: epoch 23:	0.11572997  	0.06903376  	0.64043325  	0.72833216  	0.49898836  	0.52274585  	0.42202675  	0.42916623  	0.50070781  	0.50563073  
2020-08-03 20:28:13.066: iteration 24 finished in 2.614008 seconds
2020-08-03 20:28:13.178: epoch 24:	0.11580084  	0.06908690  	0.64112502  	0.72858536  	0.49957621  	0.52323127  	0.42260149  	0.42971885  	0.50121987  	0.50615948  
2020-08-03 20:28:15.711: iteration 25 finished in 2.533224 seconds
2020-08-03 20:28:15.830: epoch 25:	0.11599568  	0.06914004  	0.64181846  	0.72893023  	0.49992225  	0.52342528  	0.42282012  	0.42987481  	0.50150526  	0.50637317  
2020-08-03 20:28:18.498: iteration 26 finished in 2.667863 seconds
2020-08-03 20:28:18.619: epoch 26:	0.11587168  	0.06919318  	0.64130270  	0.72909695  	0.50049007  	0.52424628  	0.42370379  	0.43086249  	0.50249004  	0.50746119  
2020-08-03 20:28:21.269: iteration 27 finished in 2.649912 seconds
2020-08-03 20:28:21.379: epoch 27:	0.11587167  	0.06919317  	0.64128721  	0.72921515  	0.50124669  	0.52501827  	0.42469952  	0.43185034  	0.50345045  	0.50841361  
2020-08-03 20:28:23.938: iteration 28 finished in 2.557159 seconds
2020-08-03 20:28:24.056: epoch 28:	0.11592481  	0.06919318  	0.64134270  	0.72843647  	0.50124210  	0.52481335  	0.42467713  	0.43181470  	0.50338608  	0.50827485  
2020-08-03 20:28:26.590: iteration 29 finished in 2.533225 seconds
2020-08-03 20:28:26.707: epoch 29:	0.11603107  	0.06919318  	0.64191312  	0.72833616  	0.50151724  	0.52489299  	0.42485201  	0.43192050  	0.50356007  	0.50841832  
2020-08-03 20:28:29.368: iteration 30 finished in 2.659885 seconds
2020-08-03 20:28:29.511: epoch 30:	0.11596023  	0.06931721  	0.64149797  	0.72911638  	0.50036979  	0.52413332  	0.42340156  	0.43064049  	0.50226557  	0.50713271  
2020-08-03 20:28:32.047: iteration 31 finished in 2.536216 seconds
2020-08-03 20:28:32.168: epoch 31:	0.11599567  	0.06939692  	0.64165223  	0.73012960  	0.50057632  	0.52454209  	0.42358094  	0.43089122  	0.50257736  	0.50744170  
2020-08-03 20:28:34.779: iteration 32 finished in 2.610114 seconds
2020-08-03 20:28:34.899: epoch 32:	0.11606652  	0.06937035  	0.64178807  	0.72994673  	0.50077522  	0.52462822  	0.42379478  	0.43103892  	0.50282401  	0.50768596  
2020-08-03 20:28:37.542: iteration 33 finished in 2.643029 seconds
2020-08-03 20:28:37.655: epoch 33:	0.11597794  	0.06940577  	0.64099300  	0.72998196  	0.50116026  	0.52526569  	0.42453063  	0.43189505  	0.50353962  	0.50845909  
2020-08-03 20:28:40.288: iteration 34 finished in 2.630560 seconds
2020-08-03 20:28:40.411: epoch 34:	0.11610195  	0.06939691  	0.64177841  	0.72978306  	0.50140077  	0.52523363  	0.42458537  	0.43187416  	0.50353914  	0.50840324  
2020-08-03 20:28:43.154: iteration 35 finished in 2.743661 seconds
2020-08-03 20:28:43.274: epoch 35:	0.11610195  	0.06935263  	0.64105570  	0.72908634  	0.50153351  	0.52534878  	0.42491359  	0.43216753  	0.50395638  	0.50887078  
2020-08-03 20:28:45.821: iteration 36 finished in 2.547163 seconds
2020-08-03 20:28:45.937: epoch 36:	0.11603111  	0.06933492  	0.64058834  	0.72889560  	0.50140470  	0.52532130  	0.42488742  	0.43216833  	0.50388098  	0.50884885  
2020-08-03 20:28:48.559: iteration 37 finished in 2.622112 seconds
2020-08-03 20:28:48.683: epoch 37:	0.11608425  	0.06930835  	0.64022237  	0.72860223  	0.50130635  	0.52519125  	0.42482728  	0.43208146  	0.50390267  	0.50886369  
2020-08-03 20:28:51.288: iteration 38 finished in 2.605149 seconds
2020-08-03 20:28:51.416: epoch 38:	0.11610196  	0.06931720  	0.64023346  	0.72862744  	0.50142270  	0.52530843  	0.42496657  	0.43223706  	0.50403607  	0.50898212  
2020-08-03 20:28:54.057: iteration 39 finished in 2.640785 seconds
2020-08-03 20:28:54.165: epoch 39:	0.11611967  	0.06928178  	0.64011425  	0.72836661  	0.50200164  	0.52583176  	0.42576268  	0.43301103  	0.50486737  	0.50979918  
2020-08-03 20:28:56.740: iteration 40 finished in 2.575112 seconds
2020-08-03 20:28:56.850: epoch 40:	0.11608425  	0.06930836  	0.64008290  	0.72844791  	0.50204760  	0.52594960  	0.42584997  	0.43316555  	0.50490201  	0.50981343  
2020-08-03 20:28:59.478: iteration 41 finished in 2.628391 seconds
2020-08-03 20:28:59.598: epoch 41:	0.11619052  	0.06933493  	0.64044690  	0.72856969  	0.50205487  	0.52586293  	0.42576522  	0.43301898  	0.50472444  	0.50961834  
2020-08-03 20:29:02.161: iteration 42 finished in 2.562146 seconds
2020-08-03 20:29:02.277: epoch 42:	0.11617281  	0.06932607  	0.64035833  	0.72863615  	0.50106114  	0.52491033  	0.42448148  	0.43174303  	0.50330001  	0.50819719  
2020-08-03 20:29:04.892: iteration 43 finished in 2.615005 seconds
2020-08-03 20:29:05.007: epoch 43:	0.11613739  	0.06937923  	0.64013690  	0.72901249  	0.50100023  	0.52502644  	0.42442039  	0.43174878  	0.50339448  	0.50832123  
2020-08-03 20:29:07.628: iteration 44 finished in 2.620224 seconds
2020-08-03 20:29:07.761: epoch 44:	0.11608421  	0.06942350  	0.64016628  	0.72960198  	0.50091994  	0.52511531  	0.42434132  	0.43171924  	0.50334054  	0.50825316  
2020-08-03 20:29:10.408: iteration 45 finished in 2.647000 seconds
2020-08-03 20:29:10.520: epoch 45:	0.11610191  	0.06944121  	0.64021921  	0.72969347  	0.50081307  	0.52501005  	0.42419541  	0.43156394  	0.50318033  	0.50806737  
2020-08-03 20:29:13.102: iteration 46 finished in 2.581922 seconds
2020-08-03 20:29:13.218: epoch 46:	0.11608419  	0.06951205  	0.64013064  	0.73003513  	0.50073695  	0.52507216  	0.42414615  	0.43157926  	0.50304717  	0.50795901  
2020-08-03 20:29:15.918: iteration 47 finished in 2.698614 seconds
2020-08-03 20:29:16.040: epoch 47:	0.11610192  	0.06952977  	0.64008635  	0.73010159  	0.50068688  	0.52505124  	0.42408589  	0.43153074  	0.50296974  	0.50789654  
2020-08-03 20:29:18.801: iteration 48 finished in 2.760987 seconds
2020-08-03 20:29:18.920: epoch 48:	0.11619049  	0.06952091  	0.64030850  	0.73004621  	0.50075126  	0.52499634  	0.42408836  	0.43146563  	0.50297892  	0.50787199  
2020-08-03 20:29:21.627: iteration 49 finished in 2.706734 seconds
2020-08-03 20:29:21.740: epoch 49:	0.11615507  	0.06952977  	0.63996691  	0.73015165  	0.50064516  	0.52501607  	0.42409834  	0.43149444  	0.50283754  	0.50777340  
2020-08-03 20:29:24.312: iteration 50 finished in 2.571236 seconds
2020-08-03 20:29:24.437: epoch 50:	0.11617279  	0.06955635  	0.63998169  	0.73020750  	0.50071365  	0.52510756  	0.42416418  	0.43157178  	0.50301862  	0.50795382  
