2020-08-04 11:26:33.367: Dataset name: u1
The number of users: 1293
The number of items: 1886
The number of ratings: 4830
Average actions of users: 3.74
Average actions of items: 2.56
The sparsity of the dataset: 99.801935%
2020-08-04 11:26:33.368: 

NeuRec hyperparameters:
recommender=WRMF
config_dir=./conf
gpu_id=0
gpu_mem=0.5
data.input.path=C:\Users\HyunsikYoo\Desktop\VNE_directed_networks/_Data/cora/5-fold/u1/
data.input.dataset=u1
data.output.path=C:\Users\HyunsikYoo\Desktop\VNE_directed_networks/_Data/cora/5-fold/u1/relevance_WRMF_directed_True_uniform
data.column.format=UI
data.convert.separator='\t'
user_min=0
item_min=0
splitter=given
ratio=0.8
by_time=False
metric=["Precision", "Recall", "NDCG", "MAP", "MRR"]
topk=[10, 20]
group_view=None
rec.evaluate.neg=0
test_batch_size=128
num_thread=8
data.index.remap=True

WRMF's hyperparameters:
epochs=50
embedding_size=16
reg_mf=0.1
alpha=10
init_method=uniform
stddev=0.01
verbose=1
weight=uniform

2020-08-04 11:26:40.007: metrics:	Precision@10	Precision@20	Recall@10   	Recall@20   	NDCG@10     	NDCG@20     	MAP@10      	MAP@20      	MRR@10      	MRR@20      
2020-08-04 11:26:40.803: iteration 1 finished in 0.795871 seconds
2020-08-04 11:26:40.817: epoch 1:	0.00202020  	0.00202020  	0.01409805  	0.03065249  	0.00842307  	0.01271153  	0.00598872  	0.00709048  	0.00811555  	0.00946589  
2020-08-04 11:26:41.580: iteration 2 finished in 0.761962 seconds
2020-08-04 11:26:41.591: epoch 2:	0.01481481  	0.01077442  	0.11517270  	0.16157043  	0.07413974  	0.08623412  	0.05762179  	0.06074578  	0.06923334  	0.07263247  
2020-08-04 11:26:42.358: iteration 3 finished in 0.766948 seconds
2020-08-04 11:26:42.369: epoch 3:	0.02188554  	0.01523571  	0.16833250  	0.22554545  	0.10194412  	0.11713426  	0.07636014  	0.08012265  	0.09038799  	0.09507525  
2020-08-04 11:26:43.133: iteration 4 finished in 0.763957 seconds
2020-08-04 11:26:43.144: epoch 4:	0.02441080  	0.01666670  	0.18143721  	0.24409996  	0.10982417  	0.12666675  	0.08085518  	0.08570354  	0.09978889  	0.10433199  
2020-08-04 11:26:43.877: iteration 5 finished in 0.733039 seconds
2020-08-04 11:26:43.887: epoch 5:	0.02575761  	0.01708757  	0.19153823  	0.25125486  	0.11193454  	0.12826250  	0.08042439  	0.08532441  	0.09914690  	0.10372099  
2020-08-04 11:26:44.613: iteration 6 finished in 0.726058 seconds
2020-08-04 11:26:44.623: epoch 6:	0.02676771  	0.01784515  	0.20163924  	0.26247820  	0.11482641  	0.13135034  	0.08115260  	0.08577887  	0.10032935  	0.10521752  
2020-08-04 11:26:45.348: iteration 7 finished in 0.724063 seconds
2020-08-04 11:26:45.357: epoch 7:	0.02727276  	0.01792933  	0.20534295  	0.26491928  	0.11575752  	0.13180599  	0.08104191  	0.08552769  	0.10188057  	0.10647267  
2020-08-04 11:26:46.081: iteration 8 finished in 0.723066 seconds
2020-08-04 11:26:46.090: epoch 8:	0.02659936  	0.01826603  	0.19945069  	0.26660946  	0.11168741  	0.12987198  	0.07770475  	0.08277795  	0.09792033  	0.10300864  
2020-08-04 11:26:46.820: iteration 9 finished in 0.729050 seconds
2020-08-04 11:26:46.828: epoch 9:	0.02626266  	0.01851855  	0.19748659  	0.27003255  	0.10988103  	0.12944913  	0.07606811  	0.08139445  	0.09600902  	0.10159850  
2020-08-04 11:26:47.541: iteration 10 finished in 0.713092 seconds
2020-08-04 11:26:47.550: epoch 10:	0.02491586  	0.01877108  	0.18435526  	0.27396074  	0.10543288  	0.12956662  	0.07433369  	0.08097829  	0.09325797  	0.10029548  
2020-08-04 11:26:48.266: iteration 11 finished in 0.716085 seconds
2020-08-04 11:26:48.276: epoch 11:	0.02441080  	0.01893943  	0.18147606  	0.27648601  	0.10354108  	0.12895970  	0.07280395  	0.07972091  	0.09177155  	0.09895527  
2020-08-04 11:26:48.999: iteration 12 finished in 0.723066 seconds
2020-08-04 11:26:49.008: epoch 12:	0.02356905  	0.01910778  	0.17390029  	0.27850616  	0.10203140  	0.13003200  	0.07310530  	0.08078118  	0.09169605  	0.09961224  
2020-08-04 11:26:49.732: iteration 13 finished in 0.724063 seconds
2020-08-04 11:26:49.742: epoch 13:	0.02323235  	0.01893943  	0.17249738  	0.27640179  	0.10189919  	0.12982278  	0.07341661  	0.08100763  	0.09257454  	0.10077278  
2020-08-04 11:26:50.467: iteration 14 finished in 0.725061 seconds
2020-08-04 11:26:50.475: epoch 14:	0.02323235  	0.01868691  	0.17193620  	0.26938722  	0.10001393  	0.12643066  	0.07107584  	0.07838575  	0.09047218  	0.09799523  
2020-08-04 11:26:51.204: iteration 15 finished in 0.728053 seconds
2020-08-04 11:26:51.214: epoch 15:	0.02356905  	0.01885525  	0.17446145  	0.27401686  	0.10004877  	0.12680840  	0.07048464  	0.07778556  	0.08984154  	0.09755151  
2020-08-04 11:26:51.935: iteration 16 finished in 0.721071 seconds
2020-08-04 11:26:51.944: epoch 16:	0.02356905  	0.01885526  	0.17217670  	0.27598092  	0.09958711  	0.12722205  	0.07038282  	0.07803411  	0.08947676  	0.09714701  
2020-08-04 11:26:52.666: iteration 17 finished in 0.722069 seconds
2020-08-04 11:26:52.674: epoch 17:	0.02306399  	0.01902361  	0.16909029  	0.27608112  	0.09853449  	0.12732984  	0.06990427  	0.07786738  	0.08934049  	0.09756339  
2020-08-04 11:26:53.399: iteration 18 finished in 0.723066 seconds
2020-08-04 11:26:53.408: epoch 18:	0.02356905  	0.01885526  	0.17245729  	0.27355587  	0.09998672  	0.12705527  	0.07088698  	0.07830884  	0.09017088  	0.09782575  
2020-08-04 11:26:54.134: iteration 19 finished in 0.726058 seconds
2020-08-04 11:26:54.144: epoch 19:	0.02306400  	0.01893943  	0.16909029  	0.27495879  	0.09782295  	0.12622693  	0.06909513  	0.07694189  	0.08850408  	0.09651180  
2020-08-04 11:26:54.866: iteration 20 finished in 0.722069 seconds
2020-08-04 11:26:54.876: epoch 20:	0.02340070  	0.01893943  	0.17026874  	0.27330336  	0.09878439  	0.12644167  	0.07007392  	0.07760455  	0.08916278  	0.09720557  
2020-08-04 11:26:55.596: iteration 21 finished in 0.720073 seconds
2020-08-04 11:26:55.605: epoch 21:	0.02323235  	0.01877108  	0.17026874  	0.27145150  	0.09787285  	0.12511882  	0.06891653  	0.07638092  	0.08815067  	0.09603400  
2020-08-04 11:26:56.331: iteration 22 finished in 0.726058 seconds
2020-08-04 11:26:56.340: epoch 22:	0.02255894  	0.01877108  	0.16549881  	0.27145150  	0.09598908  	0.12460200  	0.06793993  	0.07585465  	0.08707243  	0.09533368  
2020-08-04 11:26:57.065: iteration 23 finished in 0.725060 seconds
2020-08-04 11:26:57.073: epoch 23:	0.02255894  	0.01877108  	0.16405582  	0.27145150  	0.09634613  	0.12532420  	0.06876498  	0.07679537  	0.08780730  	0.09625935  
2020-08-04 11:26:57.794: iteration 24 finished in 0.720073 seconds
2020-08-04 11:26:57.803: epoch 24:	0.02255894  	0.01868691  	0.16405582  	0.27060974  	0.09579304  	0.12453237  	0.06803250  	0.07602030  	0.08685131  	0.09519859  
2020-08-04 11:26:58.529: iteration 25 finished in 0.726058 seconds
2020-08-04 11:26:58.538: epoch 25:	0.02239059  	0.01877108  	0.16237232  	0.27187237  	0.09551553  	0.12491971  	0.06809554  	0.07621009  	0.08692613  	0.09542654  
2020-08-04 11:26:59.275: iteration 26 finished in 0.737029 seconds
2020-08-04 11:26:59.284: epoch 26:	0.02255895  	0.01851855  	0.16321407  	0.26921761  	0.09536304  	0.12384544  	0.06763512  	0.07553903  	0.08667897  	0.09495845  
2020-08-04 11:27:00.021: iteration 27 finished in 0.737029 seconds
2020-08-04 11:27:00.029: epoch 27:	0.02272730  	0.01851855  	0.16489758  	0.26921761  	0.09461247  	0.12262641  	0.06631026  	0.07405097  	0.08478569  	0.09294409  
2020-08-04 11:27:00.760: iteration 28 finished in 0.730047 seconds
2020-08-04 11:27:00.769: epoch 28:	0.02272730  	0.01818185  	0.16489758  	0.26416713  	0.09396717  	0.12064761  	0.06541773  	0.07283153  	0.08416574  	0.09191500  
2020-08-04 11:27:01.492: iteration 29 finished in 0.723066 seconds
2020-08-04 11:27:01.500: epoch 29:	0.02323235  	0.01843438  	0.16798398  	0.26669237  	0.09499239  	0.12134368  	0.06583671  	0.07307410  	0.08481307  	0.09224173  
2020-08-04 11:27:02.225: iteration 30 finished in 0.725061 seconds
2020-08-04 11:27:02.233: epoch 30:	0.02323235  	0.01809767  	0.16798398  	0.26136130  	0.09369931  	0.11884878  	0.06408150  	0.07111254  	0.08283496  	0.09002161  
2020-08-04 11:27:02.956: iteration 31 finished in 0.723066 seconds
2020-08-04 11:27:02.966: epoch 31:	0.02306400  	0.01818185  	0.16658108  	0.26164186  	0.09291021  	0.11851703  	0.06335633  	0.07048345  	0.08221500  	0.08952775  
2020-08-04 11:27:03.688: iteration 32 finished in 0.722068 seconds
2020-08-04 11:27:03.697: epoch 32:	0.02289565  	0.01784515  	0.16573933  	0.25701225  	0.09303320  	0.11778926  	0.06389178  	0.07081880  	0.08251430  	0.08980034  
2020-08-04 11:27:04.420: iteration 33 finished in 0.723066 seconds
2020-08-04 11:27:04.429: epoch 33:	0.02323235  	0.01784515  	0.16910632  	0.25701225  	0.09302633  	0.11686312  	0.06296016  	0.06960470  	0.08152223  	0.08851858  
2020-08-04 11:27:05.154: iteration 34 finished in 0.724063 seconds
2020-08-04 11:27:05.162: epoch 34:	0.02356905  	0.01767680  	0.17247333  	0.25532877  	0.09393055  	0.11636543  	0.06318685  	0.06945923  	0.08182551  	0.08832642  
2020-08-04 11:27:05.893: iteration 35 finished in 0.730047 seconds
2020-08-04 11:27:05.903: epoch 35:	0.02340070  	0.01767680  	0.16994807  	0.25532877  	0.09300107  	0.11601600  	0.06249675  	0.06893770  	0.08169257  	0.08829317  
2020-08-04 11:27:06.631: iteration 36 finished in 0.728053 seconds
2020-08-04 11:27:06.640: epoch 36:	0.02323235  	0.01759262  	0.16742283  	0.25364527  	0.09249727  	0.11573854  	0.06240100  	0.06895333  	0.08231654  	0.08899420  
2020-08-04 11:27:07.368: iteration 37 finished in 0.728053 seconds
2020-08-04 11:27:07.377: epoch 37:	0.02289565  	0.01759262  	0.16405582  	0.25448701  	0.09198797  	0.11629626  	0.06266133  	0.06954682  	0.08285900  	0.08981464  
2020-08-04 11:27:08.118: iteration 38 finished in 0.741018 seconds
2020-08-04 11:27:08.130: epoch 38:	0.02323235  	0.01767680  	0.16854517  	0.25560933  	0.09370190  	0.11708732  	0.06358926  	0.07008296  	0.08437616  	0.09114397  
2020-08-04 11:27:08.867: iteration 39 finished in 0.737029 seconds
2020-08-04 11:27:08.878: epoch 39:	0.02306400  	0.01759262  	0.16686167  	0.25392583  	0.09335909  	0.11681584  	0.06377932  	0.07032707  	0.08386242  	0.09064815  
2020-08-04 11:27:09.606: iteration 40 finished in 0.728053 seconds
2020-08-04 11:27:09.616: epoch 40:	0.02323235  	0.01742427  	0.16854516  	0.25252289  	0.09315130  	0.11573350  	0.06304546  	0.06938721  	0.08302335  	0.08948907  
2020-08-04 11:27:10.339: iteration 41 finished in 0.723066 seconds
2020-08-04 11:27:10.347: epoch 41:	0.02306400  	0.01750845  	0.16686165  	0.25420639  	0.09228369  	0.11563272  	0.06237173  	0.06887433  	0.08242009  	0.08904845  
2020-08-04 11:27:11.070: iteration 42 finished in 0.722069 seconds
2020-08-04 11:27:11.079: epoch 42:	0.02323235  	0.01750845  	0.16854516  	0.25504816  	0.09309914  	0.11605176  	0.06285473  	0.06914357  	0.08377157  	0.09029251  
2020-08-04 11:27:11.813: iteration 43 finished in 0.734037 seconds
2020-08-04 11:27:11.822: epoch 43:	0.02306400  	0.01750845  	0.16686167  	0.25560933  	0.09239514  	0.11592684  	0.06247694  	0.06895340  	0.08257440  	0.08920620  
2020-08-04 11:27:12.555: iteration 44 finished in 0.733040 seconds
2020-08-04 11:27:12.563: epoch 44:	0.02272730  	0.01742427  	0.16433641  	0.25420639  	0.09175740  	0.11557924  	0.06234065  	0.06886330  	0.08323178  	0.09003705  
2020-08-04 11:27:13.283: iteration 45 finished in 0.719076 seconds
2020-08-04 11:27:13.292: epoch 45:	0.02272730  	0.01734010  	0.16517816  	0.25308406  	0.09145426  	0.11480659  	0.06188184  	0.06822360  	0.08253968  	0.08932023  
2020-08-04 11:27:14.017: iteration 46 finished in 0.725060 seconds
2020-08-04 11:27:14.027: epoch 46:	0.02239059  	0.01742427  	0.16181116  	0.25476757  	0.09068283  	0.11532064  	0.06189454  	0.06863784  	0.08246019  	0.08950860  
2020-08-04 11:27:14.752: iteration 47 finished in 0.725060 seconds
2020-08-04 11:27:14.761: epoch 47:	0.02239059  	0.01742427  	0.16181116  	0.25392583  	0.09009159  	0.11463499  	0.06107583  	0.06782646  	0.08175672  	0.08885215  
2020-08-04 11:27:15.487: iteration 48 finished in 0.726058 seconds
2020-08-04 11:27:15.495: epoch 48:	0.02222225  	0.01717175  	0.16012765  	0.24971707  	0.08991551  	0.11392260  	0.06150072  	0.06818597  	0.08109534  	0.08804956  
2020-08-04 11:27:16.222: iteration 49 finished in 0.726058 seconds
2020-08-04 11:27:16.230: epoch 49:	0.02222225  	0.01717175  	0.16012765  	0.24971707  	0.09032768  	0.11425208  	0.06190089  	0.06851657  	0.08239339  	0.08931528  
2020-08-04 11:27:16.956: iteration 50 finished in 0.725061 seconds
2020-08-04 11:27:16.966: epoch 50:	0.02222225  	0.01708757  	0.16012765  	0.24971707  	0.08937735  	0.11319215  	0.06062851  	0.06717782  	0.08127104  	0.08818510  
