2020-08-01 12:52:01.481: Dataset name: u1
The number of users: 6627
The number of items: 6537
The number of ratings: 103224
Average actions of users: 15.58
Average actions of items: 15.79
The sparsity of the dataset: 99.761721%
2020-08-01 12:52:01.481: 

NeuRec hyperparameters:
recommender=WRMF
config_dir=./conf
gpu_id=0
gpu_mem=0.5
data.input.path=C:\Users\HyunsikYoo\Desktop\VNE_directed_networks/_Data/wiki-vote/5-fold/u1/
data.input.dataset=u1
data.output.path=C:\Users\HyunsikYoo\Desktop\VNE_directed_networks/_Data/wiki-vote/5-fold/u1/relevance_WRMF_directed_False_uniform
data.column.format=UI
data.convert.separator='\t'
user_min=0
item_min=0
splitter=given
ratio=0.8
by_time=False
metric=["Precision", "Recall", "NDCG", "MAP", "MRR"]
topk=[10, 20]
group_view=None
rec.evaluate.neg=0
test_batch_size=128
num_thread=8
data.index.remap=False

WRMF's hyperparameters:
epochs=2
embedding_size=16
reg_mf=0.1
alpha=10
init_method=uniform
stddev=0.01
verbose=1
weight=uniform

2020-08-01 12:53:54.723: metrics:	Precision@10	Precision@20	Recall@10   	Recall@20   	NDCG@10     	NDCG@20     	MAP@10      	MAP@20      	MRR@10      	MRR@20      
2020-08-01 12:53:59.681: iteration 1 finished in 4.956765 seconds
2020-08-01 12:53:59.769: epoch 1:	0.02274753  	0.02001589  	0.02587693  	0.04270537  	0.03053081  	0.03435511  	0.01420922  	0.01342033  	0.06107942  	0.06506915  
2020-08-01 12:54:05.010: iteration 2 finished in 5.239983 seconds
2020-08-01 12:54:05.102: epoch 2:	0.06044759  	0.05234874  	0.10000343  	0.16933726  	0.09592035  	0.11469849  	0.05342568  	0.05552056  	0.15393743  	0.16145501  
