2020-08-03 20:00:51.383: Dataset name: u1
The number of users: 1335
The number of items: 1777
The number of ratings: 20192
Average actions of users: 15.13
Average actions of items: 11.36
The sparsity of the dataset: 99.148841%
2020-08-03 20:00:51.383: 

NeuRec hyperparameters:
recommender=WRMF
config_dir=./conf
gpu_id=0
gpu_mem=0.5
data.input.path=C:\Users\HyunsikYoo\Desktop\VNE_directed_networks/_Data/uci/5-fold/u1/
data.input.dataset=u1
data.output.path=C:\Users\HyunsikYoo\Desktop\VNE_directed_networks/_Data/uci/5-fold/u1/relevance_WRMF_directed_True_user_oriented
data.column.format=UI
data.convert.separator='\t'
user_min=0
item_min=0
splitter=given
ratio=0.8
by_time=False
metric=["Precision", "Recall", "NDCG", "MAP", "MRR"]
topk=[10, 20]
group_view=None
rec.evaluate.neg=0
test_batch_size=128
num_thread=8
data.index.remap=True

WRMF's hyperparameters:
epochs=50
embedding_size=16
reg_mf=0.1
alpha=10
init_method=uniform
stddev=0.01
verbose=1
weight=user_oriented

2020-08-03 20:00:57.951: metrics:	Precision@10	Precision@20	Recall@10   	Recall@20   	NDCG@10     	NDCG@20     	MAP@10      	MAP@20      	MRR@10      	MRR@20      
2020-08-03 20:00:58.806: iteration 1 finished in 0.854714 seconds
2020-08-03 20:00:58.831: epoch 1:	0.01706589  	0.01477049  	0.04404251  	0.07426640  	0.03182920  	0.04138979  	0.01550375  	0.01729490  	0.05296587  	0.05794466  
2020-08-03 20:00:59.677: iteration 2 finished in 0.846052 seconds
2020-08-03 20:00:59.700: epoch 2:	0.02784436  	0.02345306  	0.07261302  	0.11775701  	0.05251910  	0.06722192  	0.02602577  	0.02901223  	0.08474755  	0.09150182  
2020-08-03 20:01:00.544: iteration 3 finished in 0.843715 seconds
2020-08-03 20:01:00.566: epoch 3:	0.03213580  	0.02759475  	0.08353700  	0.13759646  	0.06176326  	0.07948004  	0.03165289  	0.03554761  	0.09820995  	0.10510790  
2020-08-03 20:01:01.412: iteration 4 finished in 0.844740 seconds
2020-08-03 20:01:01.434: epoch 4:	0.03532937  	0.03028934  	0.09056142  	0.15618972  	0.06530872  	0.08599243  	0.03279161  	0.03707977  	0.10071247  	0.10929351  
2020-08-03 20:01:02.279: iteration 5 finished in 0.845750 seconds
2020-08-03 20:01:02.302: epoch 5:	0.03722557  	0.03118755  	0.09318072  	0.15903756  	0.06917917  	0.08992523  	0.03526683  	0.03963275  	0.10909811  	0.11758216  
2020-08-03 20:01:03.147: iteration 6 finished in 0.844741 seconds
2020-08-03 20:01:03.169: epoch 6:	0.03682636  	0.03203584  	0.09207948  	0.15972574  	0.06930909  	0.09112766  	0.03554048  	0.04013045  	0.11127785  	0.12011278  
2020-08-03 20:01:04.015: iteration 7 finished in 0.845737 seconds
2020-08-03 20:01:04.038: epoch 7:	0.03652694  	0.03213564  	0.09099286  	0.16142866  	0.06994051  	0.09263957  	0.03642573  	0.04157721  	0.11355938  	0.12204415  
2020-08-03 20:01:04.852: iteration 8 finished in 0.813936 seconds
2020-08-03 20:01:04.874: epoch 8:	0.03752495  	0.03228534  	0.09230599  	0.16052923  	0.07040742  	0.09248322  	0.03642352  	0.04153384  	0.11277167  	0.12065744  
2020-08-03 20:01:05.718: iteration 9 finished in 0.843743 seconds
2020-08-03 20:01:05.740: epoch 9:	0.03832334  	0.03243504  	0.09599999  	0.16420104  	0.07325108  	0.09490640  	0.03862119  	0.04336968  	0.11722312  	0.12510967  
2020-08-03 20:01:06.582: iteration 10 finished in 0.841749 seconds
2020-08-03 20:01:06.605: epoch 10:	0.03802394  	0.03228534  	0.09446196  	0.16359824  	0.07258787  	0.09456465  	0.03812182  	0.04302129  	0.11670788  	0.12464039  
2020-08-03 20:01:07.451: iteration 11 finished in 0.845738 seconds
2020-08-03 20:01:07.473: epoch 11:	0.03872253  	0.03278434  	0.09441786  	0.16508055  	0.07350187  	0.09578434  	0.03905357  	0.04395971  	0.11750945  	0.12545712  
2020-08-03 20:01:08.318: iteration 12 finished in 0.845730 seconds
2020-08-03 20:01:08.340: epoch 12:	0.03842314  	0.03233524  	0.09580411  	0.16348279  	0.07362167  	0.09509836  	0.03874849  	0.04341633  	0.11885163  	0.12666084  
2020-08-03 20:01:09.189: iteration 13 finished in 0.847732 seconds
2020-08-03 20:01:09.211: epoch 13:	0.03892213  	0.03233524  	0.09912515  	0.16303167  	0.07650622  	0.09696301  	0.04128667  	0.04572587  	0.12261274  	0.12999450  
2020-08-03 20:01:10.053: iteration 14 finished in 0.841816 seconds
2020-08-03 20:01:10.076: epoch 14:	0.03952093  	0.03208574  	0.09900831  	0.15831608  	0.07729798  	0.09635247  	0.04195537  	0.04603309  	0.12415964  	0.13101521  
2020-08-03 20:01:10.882: iteration 15 finished in 0.806369 seconds
2020-08-03 20:01:10.903: epoch 15:	0.03912173  	0.03193605  	0.09974232  	0.15749557  	0.07699646  	0.09590048  	0.04172526  	0.04573179  	0.12301153  	0.13004963  
2020-08-03 20:01:11.733: iteration 16 finished in 0.829780 seconds
2020-08-03 20:01:11.754: epoch 16:	0.03912173  	0.03183625  	0.10131063  	0.15746924  	0.07727940  	0.09569844  	0.04188966  	0.04572161  	0.12214580  	0.12916949  
2020-08-03 20:01:12.608: iteration 17 finished in 0.853912 seconds
2020-08-03 20:01:12.633: epoch 17:	0.03972053  	0.03168655  	0.10291965  	0.15730599  	0.07777721  	0.09549658  	0.04206272  	0.04566952  	0.12159294  	0.12852091  
2020-08-03 20:01:13.484: iteration 18 finished in 0.851721 seconds
2020-08-03 20:01:13.507: epoch 18:	0.04011972  	0.03138715  	0.10317583  	0.15525711  	0.07864206  	0.09551325  	0.04274542  	0.04604902  	0.12359056  	0.13042830  
2020-08-03 20:01:14.363: iteration 19 finished in 0.855711 seconds
2020-08-03 20:01:14.386: epoch 19:	0.03962072  	0.03158675  	0.10247004  	0.15715051  	0.07806766  	0.09589942  	0.04263808  	0.04618622  	0.12197277  	0.12918036  
2020-08-03 20:01:15.231: iteration 20 finished in 0.844755 seconds
2020-08-03 20:01:15.255: epoch 20:	0.03982033  	0.03213565  	0.10325105  	0.15868065  	0.07790237  	0.09611399  	0.04226747  	0.04594893  	0.12055971  	0.12763315  
2020-08-03 20:01:16.112: iteration 21 finished in 0.857734 seconds
2020-08-03 20:01:16.135: epoch 21:	0.04001993  	0.03208575  	0.10483935  	0.15812142  	0.07874660  	0.09635975  	0.04274372  	0.04632979  	0.12156957  	0.12835039  
2020-08-03 20:01:16.986: iteration 22 finished in 0.850724 seconds
2020-08-03 20:01:17.009: epoch 22:	0.03982032  	0.03188615  	0.10410868  	0.15769896  	0.07771003  	0.09552302  	0.04207651  	0.04577025  	0.11833201  	0.12529950  
2020-08-03 20:01:17.868: iteration 23 finished in 0.858703 seconds
2020-08-03 20:01:17.890: epoch 23:	0.03912172  	0.03193604  	0.10172121  	0.15814354  	0.07676550  	0.09559120  	0.04181127  	0.04578530  	0.11773440  	0.12517741  
2020-08-03 20:01:18.741: iteration 24 finished in 0.850808 seconds
2020-08-03 20:01:18.766: epoch 24:	0.03892212  	0.03218554  	0.10154732  	0.15801501  	0.07617532  	0.09520549  	0.04129048  	0.04529007  	0.11659779  	0.12423632  
2020-08-03 20:01:19.590: iteration 25 finished in 0.823796 seconds
2020-08-03 20:01:19.612: epoch 25:	0.03892212  	0.03228534  	0.10143910  	0.15852922  	0.07650992  	0.09572601  	0.04174301  	0.04576762  	0.11707419  	0.12468229  
2020-08-03 20:01:20.465: iteration 26 finished in 0.852719 seconds
2020-08-03 20:01:20.487: epoch 26:	0.03922153  	0.03208574  	0.10377355  	0.15797617  	0.07727989  	0.09557279  	0.04198312  	0.04580895  	0.11748408  	0.12459716  
2020-08-03 20:01:21.349: iteration 27 finished in 0.861695 seconds
2020-08-03 20:01:21.371: epoch 27:	0.03902193  	0.03223544  	0.10321356  	0.15846588  	0.07697393  	0.09569618  	0.04174013  	0.04567719  	0.11763496  	0.12491304  
2020-08-03 20:01:22.230: iteration 28 finished in 0.858704 seconds
2020-08-03 20:01:22.252: epoch 28:	0.03952093  	0.03243504  	0.10390544  	0.15913619  	0.07757210  	0.09614135  	0.04204663  	0.04588190  	0.11874505  	0.12583458  
2020-08-03 20:01:23.108: iteration 29 finished in 0.855716 seconds
2020-08-03 20:01:23.133: epoch 29:	0.03952093  	0.03248494  	0.10386108  	0.16238089  	0.07681545  	0.09613774  	0.04108244  	0.04511681  	0.11719736  	0.12451063  
2020-08-03 20:01:23.941: iteration 30 finished in 0.808837 seconds
2020-08-03 20:01:23.963: epoch 30:	0.04001993  	0.03243504  	0.10417291  	0.16188788  	0.07687445  	0.09580334  	0.04080364  	0.04473832  	0.11692291  	0.12422425  
2020-08-03 20:01:24.822: iteration 31 finished in 0.857849 seconds
2020-08-03 20:01:24.845: epoch 31:	0.04011973  	0.03233524  	0.10416895  	0.16160597  	0.07690768  	0.09570739  	0.04085959  	0.04477296  	0.11646235  	0.12380017  
2020-08-03 20:01:25.692: iteration 32 finished in 0.846735 seconds
2020-08-03 20:01:25.716: epoch 32:	0.03992013  	0.03233525  	0.10389569  	0.16331841  	0.07659001  	0.09592473  	0.04069778  	0.04478743  	0.11589324  	0.12335841  
2020-08-03 20:01:26.565: iteration 33 finished in 0.849727 seconds
2020-08-03 20:01:26.589: epoch 33:	0.04001993  	0.03228534  	0.10385705  	0.16317646  	0.07688563  	0.09609617  	0.04090384  	0.04493074  	0.11723261  	0.12453701  
2020-08-03 20:01:27.453: iteration 34 finished in 0.862692 seconds
2020-08-03 20:01:27.476: epoch 34:	0.04051893  	0.03243504  	0.10362484  	0.16475734  	0.07673544  	0.09617501  	0.04063325  	0.04470326  	0.11627541  	0.12371718  
2020-08-03 20:01:28.321: iteration 35 finished in 0.844741 seconds
2020-08-03 20:01:28.344: epoch 35:	0.04051892  	0.03258475  	0.10422322  	0.16550742  	0.07698321  	0.09655795  	0.04077020  	0.04489280  	0.11657758  	0.12390844  
2020-08-03 20:01:29.189: iteration 36 finished in 0.845733 seconds
2020-08-03 20:01:29.213: epoch 36:	0.04051892  	0.03283425  	0.10356571  	0.16622746  	0.07685827  	0.09688191  	0.04069971  	0.04492208  	0.11692412  	0.12433045  
2020-08-03 20:01:30.059: iteration 37 finished in 0.845137 seconds
2020-08-03 20:01:30.081: epoch 37:	0.04111772  	0.03273445  	0.10586240  	0.16588612  	0.07792609  	0.09704909  	0.04118827  	0.04527335  	0.11773479  	0.12450358  
2020-08-03 20:01:30.934: iteration 38 finished in 0.852746 seconds
2020-08-03 20:01:30.957: epoch 38:	0.04121752  	0.03283425  	0.10570741  	0.16621047  	0.07744864  	0.09671956  	0.04057920  	0.04473872  	0.11648928  	0.12336716  
2020-08-03 20:01:31.774: iteration 39 finished in 0.816816 seconds
2020-08-03 20:01:31.798: epoch 39:	0.04101792  	0.03288414  	0.10508366  	0.16693918  	0.07680981  	0.09654477  	0.04011625  	0.04440131  	0.11523780  	0.12237610  
2020-08-03 20:01:32.666: iteration 40 finished in 0.867659 seconds
2020-08-03 20:01:32.689: epoch 40:	0.04111772  	0.03298395  	0.10508367  	0.16812326  	0.07685785  	0.09687556  	0.04009579  	0.04443778  	0.11540768  	0.12256829  
2020-08-03 20:01:33.542: iteration 41 finished in 0.853718 seconds
2020-08-03 20:01:33.564: epoch 41:	0.04101792  	0.03293405  	0.10387036  	0.16753830  	0.07606100  	0.09623750  	0.03939759  	0.04389181  	0.11465997  	0.12173255  
2020-08-03 20:01:34.422: iteration 42 finished in 0.857558 seconds
2020-08-03 20:01:34.445: epoch 42:	0.04081833  	0.03298394  	0.10263242  	0.16755426  	0.07536647  	0.09600139  	0.03897577  	0.04360523  	0.11376178  	0.12119779  
2020-08-03 20:01:35.272: iteration 43 finished in 0.825906 seconds
2020-08-03 20:01:35.293: epoch 43:	0.04031933  	0.03288414  	0.10161021  	0.16731516  	0.07494322  	0.09592474  	0.03890040  	0.04359318  	0.11381209  	0.12149614  
2020-08-03 20:01:36.100: iteration 44 finished in 0.806841 seconds
2020-08-03 20:01:36.122: epoch 44:	0.04011974  	0.03293404  	0.10036191  	0.16798051  	0.07462943  	0.09615833  	0.03882006  	0.04366108  	0.11390436  	0.12177678  
2020-08-03 20:01:36.963: iteration 45 finished in 0.840751 seconds
2020-08-03 20:01:36.985: epoch 45:	0.04011974  	0.03298395  	0.09970920  	0.16868401  	0.07441750  	0.09632292  	0.03878954  	0.04368144  	0.11329564  	0.12135557  
2020-08-03 20:01:37.841: iteration 46 finished in 0.854714 seconds
2020-08-03 20:01:37.864: epoch 46:	0.04001995  	0.03313364  	0.09840412  	0.16918781  	0.07393233  	0.09636477  	0.03854642  	0.04354730  	0.11295346  	0.12128044  
2020-08-03 20:01:38.689: iteration 47 finished in 0.823797 seconds
2020-08-03 20:01:38.711: epoch 47:	0.04011974  	0.03308375  	0.09854669  	0.16882956  	0.07409771  	0.09634120  	0.03865426  	0.04360677  	0.11328215  	0.12144177  
2020-08-03 20:01:39.560: iteration 48 finished in 0.848315 seconds
2020-08-03 20:01:39.582: epoch 48:	0.04011974  	0.03308375  	0.09854669  	0.16882956  	0.07411847  	0.09637833  	0.03868154  	0.04369393  	0.11302749  	0.12111212  
2020-08-03 20:01:40.437: iteration 49 finished in 0.854714 seconds
2020-08-03 20:01:40.461: epoch 49:	0.04031934  	0.03303385  	0.09937835  	0.16797017  	0.07428820  	0.09605295  	0.03869241  	0.04354786  	0.11270868  	0.12064867  
2020-08-03 20:01:41.308: iteration 50 finished in 0.847733 seconds
2020-08-03 20:01:41.331: epoch 50:	0.04021955  	0.03308374  	0.09889242  	0.16774032  	0.07449782  	0.09636587  	0.03895810  	0.04382991  	0.11416374  	0.12224288  
