2020-08-04 11:21:29.698: Dataset name: u1
The number of users: 1293
The number of items: 1886
The number of ratings: 4830
Average actions of users: 3.74
Average actions of items: 2.56
The sparsity of the dataset: 99.801935%
2020-08-04 11:21:29.699: 

NeuRec hyperparameters:
recommender=WRMF
config_dir=./conf
gpu_id=0
gpu_mem=0.5
data.input.path=C:\Users\HyunsikYoo\Desktop\VNE_directed_networks/_Data/cora/5-fold/u1/
data.input.dataset=u1
data.output.path=C:\Users\HyunsikYoo\Desktop\VNE_directed_networks/_Data/cora/5-fold/u1/relevance_WRMF_directed_True_user_oriented
data.column.format=UI
data.convert.separator='\t'
user_min=0
item_min=0
splitter=given
ratio=0.8
by_time=False
metric=["Precision", "Recall", "NDCG", "MAP", "MRR"]
topk=[10, 20]
group_view=None
rec.evaluate.neg=0
test_batch_size=128
num_thread=8
data.index.remap=True

WRMF's hyperparameters:
epochs=50
embedding_size=16
reg_mf=0.1
alpha=10
init_method=uniform
stddev=0.01
verbose=1
weight=user_oriented

2020-08-04 11:21:36.446: metrics:	Precision@10	Precision@20	Recall@10   	Recall@20   	NDCG@10     	NDCG@20     	MAP@10      	MAP@20      	MRR@10      	MRR@20      
2020-08-04 11:21:37.241: iteration 1 finished in 0.794874 seconds
2020-08-04 11:21:37.255: epoch 1:	0.00185185  	0.00218855  	0.01325630  	0.02971125  	0.00884518  	0.01323003  	0.00679881  	0.00784423  	0.00953450  	0.01100333  
2020-08-04 11:21:38.033: iteration 2 finished in 0.777920 seconds
2020-08-04 11:21:38.046: epoch 2:	0.01380471  	0.01094277  	0.09721731  	0.15863708  	0.06627836  	0.08198433  	0.05228405  	0.05616200  	0.06445339  	0.06898791  
2020-08-04 11:21:38.772: iteration 3 finished in 0.726058 seconds
2020-08-04 11:21:38.782: epoch 3:	0.01919193  	0.01380473  	0.13791274  	0.19263302  	0.08556801  	0.10040090  	0.06365006  	0.06772701  	0.08040591  	0.08467574  
2020-08-04 11:21:39.500: iteration 4 finished in 0.718079 seconds
2020-08-04 11:21:39.511: epoch 4:	0.02070709  	0.01557241  	0.14898500  	0.21863233  	0.08605523  	0.10509753  	0.06072649  	0.06613711  	0.07800156  	0.08352159  
2020-08-04 11:21:40.222: iteration 5 finished in 0.711097 seconds
2020-08-04 11:21:40.232: epoch 5:	0.02306400  	0.01590912  	0.16413651  	0.22494549  	0.09188380  	0.10816487  	0.06340128  	0.06800342  	0.08086153  	0.08537110  
2020-08-04 11:21:40.952: iteration 6 finished in 0.719076 seconds
2020-08-04 11:21:40.962: epoch 6:	0.02289565  	0.01607747  	0.16329476  	0.22614136  	0.09188411  	0.10905948  	0.06353485  	0.06839219  	0.08150554  	0.08662409  
2020-08-04 11:21:41.680: iteration 7 finished in 0.718079 seconds
2020-08-04 11:21:41.690: epoch 7:	0.02356905  	0.01616164  	0.16643731  	0.22642197  	0.09249911  	0.10888878  	0.06339692  	0.06799983  	0.08097377  	0.08604841  
2020-08-04 11:21:42.408: iteration 8 finished in 0.718079 seconds
2020-08-04 11:21:42.418: epoch 8:	0.02306399  	0.01658252  	0.16353793  	0.22938679  	0.09152762  	0.10959660  	0.06296939  	0.06800110  	0.08120292  	0.08650382  
2020-08-04 11:21:43.138: iteration 9 finished in 0.720074 seconds
2020-08-04 11:21:43.148: epoch 9:	0.02255894  	0.01641417  	0.15882413  	0.22835800  	0.08821178  	0.10712747  	0.05998547  	0.06531393  	0.07792075  	0.08322513  
2020-08-04 11:21:43.871: iteration 10 finished in 0.723066 seconds
2020-08-04 11:21:43.880: epoch 10:	0.02222225  	0.01649834  	0.15770181  	0.22774215  	0.08697210  	0.10619593  	0.05889468  	0.06417476  	0.07672827  	0.08226550  
2020-08-04 11:21:44.610: iteration 11 finished in 0.730047 seconds
2020-08-04 11:21:44.619: epoch 11:	0.02239059  	0.01666670  	0.15770181  	0.23005897  	0.08670432  	0.10644864  	0.05867422  	0.06398523  	0.07599274  	0.08188699  
2020-08-04 11:21:45.326: iteration 12 finished in 0.707109 seconds
2020-08-04 11:21:45.335: epoch 12:	0.02188554  	0.01683505  	0.15205005  	0.22916110  	0.08414904  	0.10522465  	0.05683302  	0.06258817  	0.07448427  	0.08051217  
2020-08-04 11:21:46.051: iteration 13 finished in 0.716084 seconds
2020-08-04 11:21:46.059: epoch 13:	0.02188554  	0.01675087  	0.15317237  	0.22719699  	0.08414093  	0.10451003  	0.05684347  	0.06229133  	0.07379214  	0.07993163  
2020-08-04 11:21:46.771: iteration 14 finished in 0.711098 seconds
2020-08-04 11:21:46.780: epoch 14:	0.02222224  	0.01683505  	0.15401413  	0.22888049  	0.08403030  	0.10430679  	0.05613701  	0.06155710  	0.07347016  	0.07925803  
2020-08-04 11:21:47.494: iteration 15 finished in 0.714090 seconds
2020-08-04 11:21:47.502: epoch 15:	0.02205389  	0.01658252  	0.15172936  	0.22467175  	0.08319319  	0.10304173  	0.05561794  	0.06099441  	0.07314748  	0.07888327  
2020-08-04 11:21:48.213: iteration 16 finished in 0.711097 seconds
2020-08-04 11:21:48.221: epoch 16:	0.02087544  	0.01641417  	0.14331186  	0.22298825  	0.08112865  	0.10306131  	0.05546829  	0.06159078  	0.07295908  	0.07946730  
2020-08-04 11:21:48.933: iteration 17 finished in 0.711098 seconds
2020-08-04 11:21:48.942: epoch 17:	0.02070709  	0.01632999  	0.14022544  	0.22298825  	0.07968820  	0.10236682  	0.05440094  	0.06074803  	0.07159156  	0.07843668  
2020-08-04 11:21:49.668: iteration 18 finished in 0.725061 seconds
2020-08-04 11:21:49.676: epoch 18:	0.02037038  	0.01641417  	0.13685845  	0.22467175  	0.07886338  	0.10285582  	0.05413339  	0.06095880  	0.07164837  	0.07862417  
2020-08-04 11:21:50.421: iteration 19 finished in 0.745008 seconds
2020-08-04 11:21:50.430: epoch 19:	0.02053874  	0.01649834  	0.13826135  	0.22719699  	0.07921752  	0.10332847  	0.05407825  	0.06092429  	0.07209463  	0.07892054  
2020-08-04 11:21:51.169: iteration 20 finished in 0.738209 seconds
2020-08-04 11:21:51.177: epoch 20:	0.02053873  	0.01641417  	0.13741960  	0.22551350  	0.07908043  	0.10296547  	0.05427345  	0.06101442  	0.07211599  	0.07898292  
2020-08-04 11:21:51.922: iteration 21 finished in 0.745008 seconds
2020-08-04 11:21:51.930: epoch 21:	0.02070709  	0.01624582  	0.13859804  	0.22326887  	0.07958107  	0.10250940  	0.05448703  	0.06100190  	0.07262038  	0.07913564  
2020-08-04 11:21:52.704: iteration 22 finished in 0.773930 seconds
2020-08-04 11:21:52.712: epoch 22:	0.02087544  	0.01632999  	0.14005709  	0.22495237  	0.07938077  	0.10225446  	0.05383935  	0.06022208  	0.07199708  	0.07857534  
2020-08-04 11:21:53.438: iteration 23 finished in 0.725061 seconds
2020-08-04 11:21:53.447: epoch 23:	0.02121214  	0.01632999  	0.14258234  	0.22495237  	0.08006003  	0.10214590  	0.05401772  	0.06008459  	0.07220484  	0.07856537  
2020-08-04 11:21:54.174: iteration 24 finished in 0.727056 seconds
2020-08-04 11:21:54.183: epoch 24:	0.02104379  	0.01649835  	0.14174059  	0.22718620  	0.07936072  	0.10214072  	0.05348575  	0.05963916  	0.07139650  	0.07796492  
2020-08-04 11:21:54.893: iteration 25 finished in 0.710101 seconds
2020-08-04 11:21:54.901: epoch 25:	0.02070709  	0.01641417  	0.13921534  	0.22550271  	0.07843769  	0.10157142  	0.05298026  	0.05932960  	0.07106914  	0.07770048  
2020-08-04 11:21:55.607: iteration 26 finished in 0.706111 seconds
2020-08-04 11:21:55.617: epoch 26:	0.02053874  	0.01632999  	0.13753183  	0.22466096  	0.07722212  	0.10050889  	0.05187870  	0.05827193  	0.06980386  	0.07644240  
2020-08-04 11:21:56.345: iteration 27 finished in 0.728099 seconds
2020-08-04 11:21:56.354: epoch 27:	0.02037038  	0.01649834  	0.13584833  	0.22718620  	0.07697247  	0.10127749  	0.05208914  	0.05871264  	0.07002632  	0.07691853  
2020-08-04 11:21:57.069: iteration 28 finished in 0.715087 seconds
2020-08-04 11:21:57.078: epoch 28:	0.02053873  	0.01666670  	0.13669008  	0.23055321  	0.07555108  	0.10031419  	0.04984747  	0.05646490  	0.06792662  	0.07496671  
2020-08-04 11:21:57.793: iteration 29 finished in 0.715172 seconds
2020-08-04 11:21:57.802: epoch 29:	0.02020204  	0.01675087  	0.13416483  	0.23223671  	0.07428963  	0.10015501  	0.04893992  	0.05591651  	0.06724453  	0.07449843  
2020-08-04 11:21:58.511: iteration 30 finished in 0.709027 seconds
2020-08-04 11:21:58.522: epoch 30:	0.02003369  	0.01666670  	0.13248132  	0.23167555  	0.07363883  	0.09979933  	0.04856848  	0.05567180  	0.06695326  	0.07428870  
2020-08-04 11:21:59.249: iteration 31 finished in 0.726830 seconds
2020-08-04 11:21:59.257: epoch 31:	0.02053874  	0.01658252  	0.13669008  	0.22999205  	0.07450190  	0.09905129  	0.04854421  	0.05517298  	0.06688178  	0.07367285  
2020-08-04 11:21:59.963: iteration 32 finished in 0.706531 seconds
2020-08-04 11:21:59.971: epoch 32:	0.02053874  	0.01649835  	0.13669008  	0.22915031  	0.07504991  	0.09933008  	0.04928629  	0.05585793  	0.06748304  	0.07413229  
2020-08-04 11:22:00.711: iteration 33 finished in 0.739350 seconds
2020-08-04 11:22:00.724: epoch 33:	0.02020204  	0.01641417  	0.13528717  	0.22872946  	0.07360023  	0.09820592  	0.04795732  	0.05456870  	0.06587903  	0.07281687  
2020-08-04 11:22:01.468: iteration 34 finished in 0.744057 seconds
2020-08-04 11:22:01.481: epoch 34:	0.02037038  	0.01666670  	0.13612892  	0.23111440  	0.07371143  	0.09868589  	0.04789372  	0.05452823  	0.06569866  	0.07271235  
2020-08-04 11:22:02.226: iteration 35 finished in 0.745777 seconds
2020-08-04 11:22:02.235: epoch 35:	0.02020204  	0.01666670  	0.13528717  	0.23111440  	0.07249909  	0.09770630  	0.04653750  	0.05328437  	0.06449015  	0.07144828  
2020-08-04 11:22:02.945: iteration 36 finished in 0.709722 seconds
2020-08-04 11:22:02.955: epoch 36:	0.02020204  	0.01666670  	0.13528717  	0.23027265  	0.07256521  	0.09761911  	0.04661787  	0.05332232  	0.06455362  	0.07151210  
2020-08-04 11:22:03.667: iteration 37 finished in 0.712878 seconds
2020-08-04 11:22:03.677: epoch 37:	0.02003368  	0.01666670  	0.13566272  	0.23027265  	0.07303225  	0.09805292  	0.04724718  	0.05394576  	0.06517758  	0.07212269  
2020-08-04 11:22:04.392: iteration 38 finished in 0.715619 seconds
2020-08-04 11:22:04.402: epoch 38:	0.01969698  	0.01658252  	0.13313746  	0.22858915  	0.07179490  	0.09715976  	0.04625444  	0.05314521  	0.06445273  	0.07144883  
2020-08-04 11:22:05.109: iteration 39 finished in 0.707808 seconds
2020-08-04 11:22:05.120: epoch 39:	0.01969698  	0.01658252  	0.13313746  	0.22858915  	0.07205956  	0.09738781  	0.04668381  	0.05355727  	0.06493174  	0.07189221  
2020-08-04 11:22:05.833: iteration 40 finished in 0.713052 seconds
2020-08-04 11:22:05.842: epoch 40:	0.01986533  	0.01649834  	0.13397922  	0.22802795  	0.07178355  	0.09658687  	0.04609772  	0.05273422  	0.06412338  	0.07096046  
2020-08-04 11:22:06.551: iteration 41 finished in 0.708706 seconds
2020-08-04 11:22:06.560: epoch 41:	0.01952863  	0.01658252  	0.13229571  	0.22971146  	0.07101391  	0.09682661  	0.04565346  	0.05264498  	0.06377132  	0.07087630  
2020-08-04 11:22:07.273: iteration 42 finished in 0.712805 seconds
2020-08-04 11:22:07.281: epoch 42:	0.01969698  	0.01666670  	0.13313746  	0.22999205  	0.07192466  	0.09753928  	0.04663618  	0.05349147  	0.06466184  	0.07172994  
2020-08-04 11:22:08.000: iteration 43 finished in 0.717801 seconds
2020-08-04 11:22:08.008: epoch 43:	0.01969698  	0.01649834  	0.13263242  	0.22746681  	0.07111920  	0.09620560  	0.04578640  	0.05254347  	0.06390426  	0.07078131  
2020-08-04 11:22:08.724: iteration 44 finished in 0.716323 seconds
2020-08-04 11:22:08.733: epoch 44:	0.01986533  	0.01658252  	0.13263242  	0.22830856  	0.07073581  	0.09594623  	0.04517527  	0.05189465  	0.06317007  	0.07013498  
2020-08-04 11:22:09.442: iteration 45 finished in 0.708954 seconds
2020-08-04 11:22:09.451: epoch 45:	0.01969698  	0.01658252  	0.13179067  	0.22830856  	0.07053110  	0.09600482  	0.04511614  	0.05196981  	0.06324622  	0.07019071  
2020-08-04 11:22:10.158: iteration 46 finished in 0.707040 seconds
2020-08-04 11:22:10.167: epoch 46:	0.01969698  	0.01649834  	0.13094892  	0.22746681  	0.07018623  	0.09558443  	0.04497685  	0.05176691  	0.06271779  	0.06970870  
2020-08-04 11:22:10.873: iteration 47 finished in 0.706017 seconds
2020-08-04 11:22:10.882: epoch 47:	0.01952863  	0.01649834  	0.13010716  	0.22662506  	0.06976675  	0.09532047  	0.04466620  	0.05158843  	0.06254743  	0.06954000  
2020-08-04 11:22:11.593: iteration 48 finished in 0.711263 seconds
2020-08-04 11:22:11.603: epoch 48:	0.01969698  	0.01649834  	0.13179067  	0.22746681  	0.06935249  	0.09458033  	0.04364529  	0.05045749  	0.06156539  	0.06839654  
2020-08-04 11:22:12.309: iteration 49 finished in 0.706118 seconds
2020-08-04 11:22:12.319: epoch 49:	0.01986533  	0.01649834  	0.13263242  	0.22746681  	0.06978374  	0.09466550  	0.04399138  	0.05060276  	0.06164556  	0.06843219  
2020-08-04 11:22:13.028: iteration 50 finished in 0.709440 seconds
2020-08-04 11:22:13.037: epoch 50:	0.01969698  	0.01649834  	0.13179067  	0.22662506  	0.06977281  	0.09472284  	0.04427329  	0.05092572  	0.06208247  	0.06882563  
