2021-11-10 19:51:11.137: Dataset name: u1
The number of users: 16605
The number of items: 16605
The number of ratings: 296664
Average actions of users: 17.87
Average actions of items: 17.87
The sparsity of the dataset: 99.892406%
2021-11-10 19:51:11.262: 

NeuRec hyperparameters:
recommender=WRMF
config_dir=./conf
gpu_id=0
gpu_mem=0.5
data.input.path=D:\hsyoo\Workingon_210628/_Data/eat/5-noniid-in/u1/
data.input.dataset=u1
data.output.path=D:\hsyoo\Workingon_210628/_Emb/eat/5-noniid-in/wrmf/u1_wrmf_directed_dim16_uniform_send.emb
data.column.format=UI
data.convert.separator='\t'
user_min=0
item_min=0
splitter=given
ratio=0.8
by_time=False
metric=["Precision", "Recall", "NDCG", "MAP", "MRR"]
topk=[10, 20]
group_view=None
rec.evaluate.neg=0
test_batch_size=128
num_thread=8
data.index.remap=False

WRMF's hyperparameters:
epochs=50
embedding_size=16
reg_mf=0.1
alpha=10
init_method=uniform
stddev=0.01
verbose=1
weight=uniform

2021-11-10 20:11:38.581: metrics:	Precision@10	Precision@20	Recall@10   	Recall@20   	NDCG@10     	NDCG@20     	MAP@10      	MAP@20      	MRR@10      	MRR@20      
2021-11-10 20:12:58.039: iteration 1 finished in 79.458118 seconds
2021-11-10 20:12:58.586: epoch 1:	0.00085028  	0.00081331  	0.00143622  	0.00285704  	0.00112591  	0.00171100  	0.00038812  	0.00047423  	0.00249631  	0.00299468  
2021-11-10 20:14:18.793: iteration 2 finished in 80.207213 seconds
2021-11-10 20:14:19.433: epoch 2:	0.00192237  	0.00182995  	0.00328370  	0.00631053  	0.00271188  	0.00397862  	0.00100331  	0.00118844  	0.00594285  	0.00703396  
2021-11-10 20:15:38.372: iteration 3 finished in 78.938565 seconds
2021-11-10 20:15:38.968: epoch 3:	0.00319163  	0.00282193  	0.00518550  	0.00959656  	0.00452938  	0.00632972  	0.00173842  	0.00200795  	0.01020964  	0.01174600  
2021-11-10 20:16:58.953: iteration 4 finished in 79.985505 seconds
2021-11-10 20:16:59.469: epoch 4:	0.00372151  	0.00345039  	0.00606210  	0.01171797  	0.00531287  	0.00764819  	0.00206488  	0.00241270  	0.01193449  	0.01390570  
2021-11-10 20:18:17.736: iteration 5 finished in 78.267075 seconds
2021-11-10 20:18:18.361: epoch 5:	0.00390636  	0.00357977  	0.00649974  	0.01218620  	0.00560143  	0.00796868  	0.00219096  	0.00254644  	0.01224834  	0.01428477  
2021-11-10 20:19:38.256: iteration 6 finished in 79.895572 seconds
2021-11-10 20:19:38.834: epoch 6:	0.00409120  	0.00360442  	0.00688974  	0.01221286  	0.00588716  	0.00813111  	0.00230645  	0.00264322  	0.01276384  	0.01474646  
2021-11-10 20:20:43.924: iteration 7 finished in 65.090105 seconds
2021-11-10 20:20:44.440: epoch 7:	0.00407887  	0.00372148  	0.00695232  	0.01259492  	0.00598477  	0.00838192  	0.00237660  	0.00273291  	0.01308776  	0.01519440  
2021-11-10 20:22:03.511: iteration 8 finished in 79.070994 seconds
2021-11-10 20:22:04.089: epoch 8:	0.00415281  	0.00372148  	0.00709360  	0.01272711  	0.00612274  	0.00849705  	0.00243287  	0.00279205  	0.01347950  	0.01553398  
2021-11-10 20:23:23.470: iteration 9 finished in 79.381209 seconds
2021-11-10 20:23:24.017: epoch 9:	0.00423907  	0.00379542  	0.00720322  	0.01306965  	0.00627057  	0.00871600  	0.00253633  	0.00290545  	0.01374019  	0.01582101  
2021-11-10 20:24:43.360: iteration 10 finished in 79.343493 seconds
2021-11-10 20:24:43.876: epoch 10:	0.00426371  	0.00380774  	0.00723122  	0.01313134  	0.00630516  	0.00876367  	0.00254560  	0.00292300  	0.01384938  	0.01591556  
2021-11-10 20:26:03.333: iteration 11 finished in 79.457305 seconds
2021-11-10 20:26:03.864: epoch 11:	0.00432533  	0.00383239  	0.00728863  	0.01349877  	0.00627154  	0.00880175  	0.00246966  	0.00287044  	0.01372415  	0.01577050  
2021-11-10 20:27:23.021: iteration 12 finished in 79.156332 seconds
2021-11-10 20:27:23.552: epoch 12:	0.00425139  	0.00378926  	0.00721660  	0.01322483  	0.00620967  	0.00870508  	0.00244604  	0.00284235  	0.01367955  	0.01573998  
2021-11-10 20:28:43.209: iteration 13 finished in 79.657247 seconds
2021-11-10 20:28:43.865: epoch 13:	0.00425139  	0.00378310  	0.00725762  	0.01331622  	0.00621449  	0.00871498  	0.00244482  	0.00284047  	0.01363525  	0.01568182  
2021-11-10 20:30:03.196: iteration 14 finished in 79.330634 seconds
2021-11-10 20:30:03.774: epoch 14:	0.00420210  	0.00377694  	0.00722544  	0.01317204  	0.00622999  	0.00872650  	0.00246899  	0.00286412  	0.01378772  	0.01587380  
2021-11-10 20:31:23.211: iteration 15 finished in 79.437629 seconds
2021-11-10 20:31:23.820: epoch 15:	0.00427604  	0.00382007  	0.00739757  	0.01337181  	0.00633493  	0.00883573  	0.00250454  	0.00289663  	0.01399193  	0.01608211  
2021-11-10 20:32:42.923: iteration 16 finished in 79.102627 seconds
2021-11-10 20:32:43.454: epoch 16:	0.00438694  	0.00385087  	0.00757141  	0.01347298  	0.00644670  	0.00890377  	0.00253348  	0.00291406  	0.01421931  	0.01627500  
2021-11-10 20:34:03.297: iteration 17 finished in 79.843099 seconds
2021-11-10 20:34:03.907: epoch 17:	0.00436230  	0.00383855  	0.00755654  	0.01341170  	0.00644182  	0.00889416  	0.00253650  	0.00291808  	0.01424122  	0.01630155  
2021-11-10 20:35:06.950: iteration 18 finished in 63.043275 seconds
2021-11-10 20:35:07.481: epoch 18:	0.00438694  	0.00383239  	0.00758617  	0.01338911  	0.00646575  	0.00889565  	0.00254638  	0.00292531  	0.01429280  	0.01633220  
2021-11-10 20:36:27.974: iteration 19 finished in 80.492877 seconds
2021-11-10 20:36:28.536: epoch 19:	0.00438694  	0.00387552  	0.00757155  	0.01354012  	0.00643821  	0.00893777  	0.00252652  	0.00291624  	0.01418757  	0.01628921  
2021-11-10 20:37:47.249: iteration 20 finished in 78.712816 seconds
2021-11-10 20:37:47.843: epoch 20:	0.00439926  	0.00391249  	0.00760876  	0.01365103  	0.00646441  	0.00900024  	0.00253709  	0.00293190  	0.01424576  	0.01637654  
2021-11-10 20:39:07.247: iteration 21 finished in 79.404163 seconds
2021-11-10 20:39:07.794: epoch 21:	0.00439926  	0.00390632  	0.00757371  	0.01366936  	0.00645124  	0.00899811  	0.00252594  	0.00292469  	0.01429852  	0.01641781  
2021-11-10 20:40:26.717: iteration 22 finished in 78.923427 seconds
2021-11-10 20:40:27.404: epoch 22:	0.00437462  	0.00391249  	0.00752256  	0.01366927  	0.00640924  	0.00898067  	0.00250828  	0.00291061  	0.01422371  	0.01637075  
2021-11-10 20:41:46.769: iteration 23 finished in 79.364866 seconds
2021-11-10 20:41:47.316: epoch 23:	0.00433765  	0.00392481  	0.00746863  	0.01366698  	0.00637162  	0.00898018  	0.00249906  	0.00290757  	0.01412786  	0.01632462  
2021-11-10 20:43:06.601: iteration 24 finished in 79.285271 seconds
2021-11-10 20:43:07.289: epoch 24:	0.00433765  	0.00392481  	0.00740623  	0.01364644  	0.00636572  	0.00898949  	0.00250151  	0.00291610  	0.01416385  	0.01636609  
2021-11-10 20:44:26.313: iteration 25 finished in 79.024645 seconds
2021-11-10 20:44:26.938: epoch 25:	0.00436230  	0.00392481  	0.00747591  	0.01365064  	0.00640315  	0.00899938  	0.00251823  	0.00292409  	0.01420166  	0.01639155  
2021-11-10 20:45:46.193: iteration 26 finished in 79.254524 seconds
2021-11-10 20:45:46.708: epoch 26:	0.00434997  	0.00391249  	0.00744099  	0.01360062  	0.00638908  	0.00897964  	0.00251412  	0.00292422  	0.01417530  	0.01634477  
2021-11-10 20:47:05.766: iteration 27 finished in 79.057597 seconds
2021-11-10 20:47:06.359: epoch 27:	0.00437462  	0.00391249  	0.00749112  	0.01356972  	0.00641913  	0.00897821  	0.00252299  	0.00292746  	0.01423070  	0.01636829  
2021-11-10 20:48:25.651: iteration 28 finished in 79.292032 seconds
2021-11-10 20:48:26.229: epoch 28:	0.00436230  	0.00393713  	0.00749650  	0.01368165  	0.00641752  	0.00902410  	0.00252485  	0.00293694  	0.01421535  	0.01639415  
2021-11-10 20:49:32.758: iteration 29 finished in 66.529066 seconds
2021-11-10 20:49:33.133: epoch 29:	0.00432533  	0.00393097  	0.00742307  	0.01366376  	0.00636495  	0.00899816  	0.00250622  	0.00292464  	0.01409941  	0.01630414  
2021-11-10 20:50:52.143: iteration 30 finished in 79.009285 seconds
2021-11-10 20:50:52.814: epoch 30:	0.00436230  	0.00395562  	0.00749495  	0.01379623  	0.00640418  	0.00904881  	0.00251421  	0.00293267  	0.01415124  	0.01635095  
2021-11-10 20:52:12.477: iteration 31 finished in 79.663117 seconds
2021-11-10 20:52:12.993: epoch 31:	0.00434997  	0.00394945  	0.00747735  	0.01379623  	0.00640235  	0.00905360  	0.00251844  	0.00293795  	0.01416484  	0.01637700  
2021-11-10 20:53:32.966: iteration 32 finished in 79.972799 seconds
2021-11-10 20:53:33.670: epoch 32:	0.00436230  	0.00395562  	0.00750576  	0.01379315  	0.00639193  	0.00903096  	0.00250363  	0.00291670  	0.01408357  	0.01630105  
2021-11-10 20:54:53.286: iteration 33 finished in 79.615313 seconds
2021-11-10 20:54:53.895: epoch 33:	0.00438694  	0.00395562  	0.00755779  	0.01379315  	0.00643325  	0.00904789  	0.00251877  	0.00292687  	0.01419080  	0.01638692  
2021-11-10 20:56:13.786: iteration 34 finished in 79.891165 seconds
2021-11-10 20:56:14.333: epoch 34:	0.00438694  	0.00394329  	0.00756307  	0.01374787  	0.00644171  	0.00903409  	0.00252343  	0.00292757  	0.01421657  	0.01639660  
2021-11-10 20:57:34.462: iteration 35 finished in 80.129268 seconds
2021-11-10 20:57:35.040: epoch 35:	0.00437462  	0.00395562  	0.00753842  	0.01373144  	0.00643548  	0.00904242  	0.00252525  	0.00293041  	0.01423614  	0.01643779  
2021-11-10 20:58:54.218: iteration 36 finished in 79.177442 seconds
2021-11-10 20:58:54.780: epoch 36:	0.00439926  	0.00394329  	0.00757334  	0.01370459  	0.00646211  	0.00903737  	0.00253324  	0.00293431  	0.01428733  	0.01645444  
2021-11-10 21:00:14.734: iteration 37 finished in 79.954152 seconds
2021-11-10 21:00:15.268: epoch 37:	0.00437462  	0.00393713  	0.00753250  	0.01368523  	0.00643273  	0.00902409  	0.00252502  	0.00293105  	0.01420313  	0.01639240  
2021-11-10 21:01:34.496: iteration 38 finished in 79.228797 seconds
2021-11-10 21:01:35.184: epoch 38:	0.00437462  	0.00394329  	0.00753250  	0.01370465  	0.00643144  	0.00903155  	0.00252380  	0.00293178  	0.01419609  	0.01638477  
2021-11-10 21:02:55.190: iteration 39 finished in 80.006314 seconds
2021-11-10 21:02:55.752: epoch 39:	0.00438694  	0.00393097  	0.00754482  	0.01367555  	0.00644148  	0.00902210  	0.00252613  	0.00293137  	0.01421848  	0.01639663  
2021-11-10 21:04:08.365: iteration 40 finished in 72.612163 seconds
2021-11-10 21:04:08.693: epoch 40:	0.00436230  	0.00392481  	0.00750897  	0.01362626  	0.00642034  	0.00900447  	0.00251891  	0.00292736  	0.01420396  	0.01638641  
2021-11-10 21:05:25.415: iteration 41 finished in 76.722054 seconds
2021-11-10 21:05:25.961: epoch 41:	0.00436230  	0.00392481  	0.00750897  	0.01362626  	0.00642844  	0.00901387  	0.00252656  	0.00293596  	0.01423408  	0.01641791  
2021-11-10 21:06:45.482: iteration 42 finished in 79.521013 seconds
2021-11-10 21:06:46.014: epoch 42:	0.00432533  	0.00394329  	0.00742888  	0.01369100  	0.00636775  	0.00901758  	0.00249981  	0.00292092  	0.01412185  	0.01636176  
2021-11-10 21:08:05.747: iteration 43 finished in 79.733159 seconds
2021-11-10 21:08:06.287: epoch 43:	0.00433765  	0.00396794  	0.00744428  	0.01378380  	0.00636747  	0.00904271  	0.00249325  	0.00291693  	0.01410982  	0.01635849  
2021-11-10 21:09:26.266: iteration 44 finished in 79.979797 seconds
2021-11-10 21:09:26.907: epoch 44:	0.00432533  	0.00396178  	0.00743548  	0.01378753  	0.00635215  	0.00903497  	0.00248631  	0.00291235  	0.01407388  	0.01633063  
2021-11-10 21:10:46.381: iteration 45 finished in 79.474370 seconds
2021-11-10 21:10:46.975: epoch 45:	0.00431300  	0.00396794  	0.00742711  	0.01379574  	0.00634456  	0.00904035  	0.00248453  	0.00291283  	0.01405882  	0.01633491  
2021-11-10 21:12:06.432: iteration 46 finished in 79.457017 seconds
2021-11-10 21:12:06.979: epoch 46:	0.00434997  	0.00396794  	0.00751183  	0.01380205  	0.00637712  	0.00903771  	0.00248799  	0.00290859  	0.01408087  	0.01632638  
2021-11-10 21:13:26.424: iteration 47 finished in 79.429476 seconds
2021-11-10 21:13:27.002: epoch 47:	0.00433765  	0.00396794  	0.00749465  	0.01380425  	0.00637069  	0.00904202  	0.00248805  	0.00291177  	0.01407540  	0.01632941  
2021-11-10 21:14:46.301: iteration 48 finished in 79.299883 seconds
2021-11-10 21:14:46.879: epoch 48:	0.00438694  	0.00397410  	0.00768087  	0.01386880  	0.00643890  	0.00906315  	0.00250913  	0.00291729  	0.01411144  	0.01633934  
2021-11-10 21:16:06.464: iteration 49 finished in 79.584493 seconds
2021-11-10 21:16:07.214: epoch 49:	0.00437462  	0.00398026  	0.00765329  	0.01388933  	0.00642254  	0.00906696  	0.00250575  	0.00291536  	0.01407799  	0.01633244  
2021-11-10 21:17:26.810: iteration 50 finished in 79.595920 seconds
2021-11-10 21:17:27.403: epoch 50:	0.00437462  	0.00398642  	0.00765329  	0.01391672  	0.00643025  	0.00908666  	0.00251238  	0.00292379  	0.01410122  	0.01637113  
