2020-11-06 15:31:04.803: Dataset name: u1
The number of users: 5907
The number of items: 5907
The number of ratings: 20336
Average actions of users: 3.44
Average actions of items: 3.44
The sparsity of the dataset: 99.941718%
2020-11-06 15:31:04.804: 

NeuRec hyperparameters:
recommender=WRMF
config_dir=./conf
gpu_id=0
gpu_mem=0.5
data.input.path=C:\Users\HyunsikYoo\Desktop\VNE_directed_networks/_Data/p2p-Gnutella08/5-fold/u1/
data.input.dataset=u1
data.output.path=C:\Users\HyunsikYoo\Desktop\VNE_directed_networks/_Data/p2p-Gnutella08/5-fold/u1/relevance_WRMF_d16_directed_uni_False_item_oriented
data.column.format=UI
data.convert.separator='\t'
user_min=0
item_min=0
splitter=given
ratio=0.8
by_time=False
metric=["Precision", "Recall", "NDCG", "MAP", "MRR"]
topk=[10, 20]
group_view=None
rec.evaluate.neg=0
test_batch_size=128
num_thread=8
data.index.remap=False

WRMF's hyperparameters:
epochs=50
embedding_size=16
reg_mf=0.1
alpha=10
init_method=uniform
stddev=0.01
verbose=1
weight=item_oriented

2020-11-06 15:32:31.141: metrics:	Precision@10	Precision@20	Recall@10   	Recall@20   	NDCG@10     	NDCG@20     	MAP@10      	MAP@20      	MRR@10      	MRR@20      
2020-11-06 15:32:35.810: iteration 1 finished in 4.668708 seconds
2020-11-06 15:32:35.853: epoch 1:	0.00584113  	0.00415888  	0.03107477  	0.04415888  	0.01764852  	0.02160079  	0.00993185  	0.01104677  	0.01859071  	0.01983031  
2020-11-06 15:32:39.794: iteration 2 finished in 3.941859 seconds
2020-11-06 15:32:39.833: epoch 2:	0.01177572  	0.01023364  	0.06308411  	0.10864486  	0.03734135  	0.05114959  	0.02279623  	0.02697997  	0.03836561  	0.04217356  
2020-11-06 15:32:43.814: iteration 3 finished in 3.980885 seconds
2020-11-06 15:32:43.851: epoch 3:	0.01303741  	0.01109812  	0.06915888  	0.11752336  	0.03984808  	0.05456081  	0.02383864  	0.02858735  	0.03931723  	0.04291879  
2020-11-06 15:32:47.853: iteration 4 finished in 4.002030 seconds
2020-11-06 15:32:47.892: epoch 4:	0.01387854  	0.01177569  	0.07313084  	0.12383178  	0.04142530  	0.05684944  	0.02428331  	0.02926151  	0.04073822  	0.04445155  
2020-11-06 15:32:51.858: iteration 5 finished in 3.965255 seconds
2020-11-06 15:32:51.897: epoch 5:	0.01397200  	0.01175233  	0.07313084  	0.12359813  	0.04222276  	0.05757440  	0.02487215  	0.02990270  	0.04245031  	0.04606910  
2020-11-06 15:32:55.868: iteration 6 finished in 3.971194 seconds
2020-11-06 15:32:55.905: epoch 6:	0.01457947  	0.01175233  	0.07663552  	0.12336449  	0.04361945  	0.05783483  	0.02554398  	0.03019322  	0.04326883  	0.04655397  
2020-11-06 15:32:59.845: iteration 7 finished in 3.940125 seconds
2020-11-06 15:32:59.884: epoch 7:	0.01439256  	0.01177569  	0.07593458  	0.12429906  	0.04394962  	0.05864697  	0.02610871  	0.03084465  	0.04436991  	0.04795580  
2020-11-06 15:33:03.841: iteration 8 finished in 3.956760 seconds
2020-11-06 15:33:03.879: epoch 8:	0.01439256  	0.01198597  	0.07593458  	0.12663551  	0.04446440  	0.05981363  	0.02657174  	0.03148146  	0.04556652  	0.04930243  
2020-11-06 15:33:07.934: iteration 9 finished in 4.055058 seconds
2020-11-06 15:33:07.974: epoch 9:	0.01467293  	0.01200933  	0.07780374  	0.12710281  	0.04513444  	0.06007215  	0.02686305  	0.03164726  	0.04592199  	0.04954000  
2020-11-06 15:33:12.037: iteration 10 finished in 4.061660 seconds
2020-11-06 15:33:12.074: epoch 10:	0.01467293  	0.01207942  	0.07780374  	0.12757009  	0.04558667  	0.06069878  	0.02735565  	0.03214135  	0.04680836  	0.05058731  
2020-11-06 15:33:16.043: iteration 11 finished in 3.969511 seconds
2020-11-06 15:33:16.081: epoch 11:	0.01481312  	0.01198597  	0.07850467  	0.12663551  	0.04594835  	0.06057724  	0.02747682  	0.03219081  	0.04728788  	0.05081904  
2020-11-06 15:33:20.043: iteration 12 finished in 3.962156 seconds
2020-11-06 15:33:20.081: epoch 12:	0.01495331  	0.01200933  	0.07897196  	0.12686916  	0.04608478  	0.06060133  	0.02744447  	0.03212162  	0.04721538  	0.05068637  
2020-11-06 15:33:24.046: iteration 13 finished in 3.965016 seconds
2020-11-06 15:33:24.084: epoch 13:	0.01509349  	0.01203270  	0.07967290  	0.12733644  	0.04634597  	0.06073136  	0.02755527  	0.03217121  	0.04723337  	0.05064985  
2020-11-06 15:33:28.038: iteration 14 finished in 3.953663 seconds
2020-11-06 15:33:28.076: epoch 14:	0.01523368  	0.01210279  	0.08037383  	0.12827103  	0.04652788  	0.06092100  	0.02756352  	0.03214160  	0.04714752  	0.05057980  
2020-11-06 15:33:32.183: iteration 15 finished in 4.106972 seconds
2020-11-06 15:33:32.224: epoch 15:	0.01523368  	0.01214952  	0.08037383  	0.12897196  	0.04660231  	0.06118161  	0.02767366  	0.03227418  	0.04721779  	0.05075699  
2020-11-06 15:33:36.172: iteration 16 finished in 3.947535 seconds
2020-11-06 15:33:36.210: epoch 16:	0.01518695  	0.01217288  	0.08014019  	0.12920561  	0.04662909  	0.06136874  	0.02776702  	0.03245424  	0.04736855  	0.05090003  
2020-11-06 15:33:40.159: iteration 17 finished in 3.949076 seconds
2020-11-06 15:33:40.199: epoch 17:	0.01546732  	0.01214952  	0.08177570  	0.12920561  	0.04728324  	0.06151628  	0.02806928  	0.03263154  	0.04787033  	0.05119363  
2020-11-06 15:33:44.110: iteration 18 finished in 3.909530 seconds
2020-11-06 15:33:44.149: epoch 18:	0.01551405  	0.01212615  	0.08224299  	0.12897196  	0.04742068  	0.06151032  	0.02810591  	0.03264270  	0.04793061  	0.05126491  
2020-11-06 15:33:48.319: iteration 19 finished in 4.170182 seconds
2020-11-06 15:33:48.357: epoch 19:	0.01546732  	0.01219625  	0.08224299  	0.12967290  	0.04735669  	0.06167926  	0.02807717  	0.03267234  	0.04784475  	0.05126409  
2020-11-06 15:33:52.479: iteration 20 finished in 4.122167 seconds
2020-11-06 15:33:52.518: epoch 20:	0.01551405  	0.01226634  	0.08271028  	0.13060747  	0.04750239  	0.06191824  	0.02812603  	0.03271452  	0.04789073  	0.05132268  
2020-11-06 15:33:56.590: iteration 21 finished in 4.072031 seconds
2020-11-06 15:33:56.629: epoch 21:	0.01565423  	0.01226634  	0.08364486  	0.13060747  	0.04769624  	0.06183960  	0.02811962  	0.03263536  	0.04781524  	0.05113905  
2020-11-06 15:34:00.676: iteration 22 finished in 4.046992 seconds
2020-11-06 15:34:00.715: epoch 22:	0.01551405  	0.01233643  	0.08294392  	0.13200934  	0.04756749  	0.06227802  	0.02818128  	0.03285355  	0.04782563  	0.05131997  
2020-11-06 15:34:04.815: iteration 23 finished in 4.099123 seconds
2020-11-06 15:34:04.855: epoch 23:	0.01546732  	0.01238316  	0.08271028  	0.13247664  	0.04757877  	0.06249232  	0.02825795  	0.03297783  	0.04799456  	0.05154874  
2020-11-06 15:34:09.019: iteration 24 finished in 4.162629 seconds
2020-11-06 15:34:09.058: epoch 24:	0.01542059  	0.01238316  	0.08224299  	0.13271028  	0.04753251  	0.06261481  	0.02831961  	0.03305471  	0.04814644  	0.05181383  
2020-11-06 15:34:13.234: iteration 25 finished in 4.175454 seconds
2020-11-06 15:34:13.274: epoch 25:	0.01546732  	0.01238316  	0.08271028  	0.13271028  	0.04769754  	0.06263745  	0.02842058  	0.03309363  	0.04821986  	0.05185251  
2020-11-06 15:34:17.368: iteration 26 finished in 4.092899 seconds
2020-11-06 15:34:17.410: epoch 26:	0.01537386  	0.01242989  	0.08224299  	0.13317756  	0.04739757  	0.06263279  	0.02822309  	0.03296775  	0.04784398  	0.05160743  
2020-11-06 15:34:21.491: iteration 27 finished in 4.080551 seconds
2020-11-06 15:34:21.535: epoch 27:	0.01546732  	0.01242989  	0.08271028  	0.13317756  	0.04756071  	0.06262548  	0.02826899  	0.03295606  	0.04795896  	0.05164128  
2020-11-06 15:34:25.641: iteration 28 finished in 4.105180 seconds
2020-11-06 15:34:25.679: epoch 28:	0.01546732  	0.01247662  	0.08271028  	0.13364486  	0.04757257  	0.06276899  	0.02828179  	0.03300335  	0.04797806  	0.05168352  
2020-11-06 15:34:29.768: iteration 29 finished in 4.087962 seconds
2020-11-06 15:34:29.808: epoch 29:	0.01542059  	0.01238316  	0.08247664  	0.13247664  	0.04773414  	0.06269098  	0.02850115  	0.03316862  	0.04853750  	0.05218584  
2020-11-06 15:34:33.965: iteration 30 finished in 4.156336 seconds
2020-11-06 15:34:34.002: epoch 30:	0.01523368  	0.01242989  	0.08130841  	0.13341121  	0.04732237  	0.06285077  	0.02835364  	0.03316586  	0.04832501  	0.05217500  
2020-11-06 15:34:38.178: iteration 31 finished in 4.175649 seconds
2020-11-06 15:34:38.217: epoch 31:	0.01518695  	0.01235980  	0.08060747  	0.13224299  	0.04696589  	0.06238594  	0.02810182  	0.03290884  	0.04791483  	0.05172917  
2020-11-06 15:34:42.280: iteration 32 finished in 4.062524 seconds
2020-11-06 15:34:42.320: epoch 32:	0.01514022  	0.01233643  	0.08037383  	0.13200934  	0.04685481  	0.06227033  	0.02805083  	0.03283812  	0.04783510  	0.05167964  
2020-11-06 15:34:46.485: iteration 33 finished in 4.164828 seconds
2020-11-06 15:34:46.527: epoch 33:	0.01514022  	0.01231307  	0.08037383  	0.13130841  	0.04691175  	0.06216649  	0.02810794  	0.03286004  	0.04794674  	0.05173712  
2020-11-06 15:34:50.549: iteration 34 finished in 4.021857 seconds
2020-11-06 15:34:50.588: epoch 34:	0.01514022  	0.01228970  	0.08037383  	0.13107477  	0.04692720  	0.06210010  	0.02810080  	0.03286303  	0.04806838  	0.05175453  
2020-11-06 15:34:54.633: iteration 35 finished in 4.045234 seconds
2020-11-06 15:34:54.670: epoch 35:	0.01514022  	0.01226634  	0.08037383  	0.13060747  	0.04702508  	0.06207943  	0.02824692  	0.03295496  	0.04822692  	0.05192299  
2020-11-06 15:34:58.763: iteration 36 finished in 4.091823 seconds
2020-11-06 15:34:58.800: epoch 36:	0.01504676  	0.01228970  	0.07967290  	0.13107477  	0.04681882  	0.06219124  	0.02816274  	0.03298124  	0.04821709  	0.05198069  
2020-11-06 15:35:02.927: iteration 37 finished in 4.125890 seconds
2020-11-06 15:35:02.965: epoch 37:	0.01504676  	0.01226634  	0.07967290  	0.13060747  	0.04676657  	0.06200673  	0.02811693  	0.03290228  	0.04812159  	0.05181731  
2020-11-06 15:35:07.097: iteration 38 finished in 4.131930 seconds
2020-11-06 15:35:07.136: epoch 38:	0.01490658  	0.01231307  	0.07897196  	0.13107477  	0.04649428  	0.06208730  	0.02803219  	0.03288940  	0.04789925  	0.05175599  
2020-11-06 15:35:11.290: iteration 39 finished in 4.152709 seconds
2020-11-06 15:35:11.332: epoch 39:	0.01490658  	0.01221961  	0.07897196  	0.13014019  	0.04651050  	0.06183007  	0.02804887  	0.03283720  	0.04794097  	0.05172081  
2020-11-06 15:35:15.483: iteration 40 finished in 4.149584 seconds
2020-11-06 15:35:15.525: epoch 40:	0.01504676  	0.01221961  	0.07967290  	0.13037384  	0.04662425  	0.06175365  	0.02796998  	0.03270186  	0.04778317  	0.05146946  
2020-11-06 15:35:19.661: iteration 41 finished in 4.134634 seconds
2020-11-06 15:35:19.698: epoch 41:	0.01504676  	0.01217288  	0.07967290  	0.12943925  	0.04666165  	0.06157618  	0.02800270  	0.03268636  	0.04786810  	0.05150567  
2020-11-06 15:35:23.799: iteration 42 finished in 4.101291 seconds
2020-11-06 15:35:23.838: epoch 42:	0.01500004  	0.01214951  	0.07943925  	0.12897196  	0.04634454  	0.06124603  	0.02772493  	0.03241577  	0.04731384  	0.05098694  
2020-11-06 15:35:28.024: iteration 43 finished in 4.184734 seconds
2020-11-06 15:35:28.062: epoch 43:	0.01495331  	0.01217288  	0.07920561  	0.12920561  	0.04634964  	0.06139654  	0.02779697  	0.03250892  	0.04741119  	0.05117476  
2020-11-06 15:35:32.317: iteration 44 finished in 4.254534 seconds
2020-11-06 15:35:32.361: epoch 44:	0.01509349  	0.01221961  	0.07990655  	0.12967290  	0.04659343  	0.06153049  	0.02785213  	0.03253230  	0.04751893  	0.05118323  
2020-11-06 15:35:36.596: iteration 45 finished in 4.233840 seconds
2020-11-06 15:35:36.635: epoch 45:	0.01504676  	0.01224297  	0.07943925  	0.12990654  	0.04645517  	0.06158941  	0.02780531  	0.03255297  	0.04747721  	0.05118359  
2020-11-06 15:35:40.752: iteration 46 finished in 4.115951 seconds
2020-11-06 15:35:40.791: epoch 46:	0.01500004  	0.01219624  	0.07920561  	0.12943925  	0.04627087  	0.06133395  	0.02766679  	0.03239362  	0.04720017  	0.05088893  
2020-11-06 15:35:44.961: iteration 47 finished in 4.169952 seconds
2020-11-06 15:35:45.000: epoch 47:	0.01509349  	0.01226634  	0.07967290  	0.13060747  	0.04640570  	0.06158166  	0.02767839  	0.03241976  	0.04724672  	0.05090974  
2020-11-06 15:35:49.173: iteration 48 finished in 4.173497 seconds
2020-11-06 15:35:49.212: epoch 48:	0.01500004  	0.01228970  	0.07920561  	0.13060747  	0.04618580  	0.06155477  	0.02757621  	0.03236658  	0.04704237  	0.05082447  
2020-11-06 15:35:53.313: iteration 49 finished in 4.101264 seconds
2020-11-06 15:35:53.385: epoch 49:	0.01495331  	0.01228970  	0.07897196  	0.13060747  	0.04608492  	0.06151965  	0.02750009  	0.03232122  	0.04703143  	0.05079857  
2020-11-06 15:35:57.511: iteration 50 finished in 4.110480 seconds
2020-11-06 15:35:57.550: epoch 50:	0.01490658  	0.01228970  	0.07873832  	0.13060747  	0.04585728  	0.06136009  	0.02731772  	0.03215276  	0.04666669  	0.05046236  
