2021-12-15 00:33:18.805: Dataset name: u1
The number of users: 4516
The number of items: 4516
The number of ratings: 40017
Average actions of users: 8.86
Average actions of items: 8.86
The sparsity of the dataset: 99.803783%
2021-12-15 00:33:18.805: 

NeuRec hyperparameters:
recommender=WRMF
config_dir=./conf
gpu_id=0
gpu_mem=0.5
data.input.path=D:\hsyoo\Workingon_210628/_Data/ciaodvd/random-barrier/u1/
data.input.dataset=u1
data.output.path=D:\hsyoo\Workingon_210628/_Emb/ciaodvd/random-barrier/wrmf/u1_wrmf_directed_dim16_uniform_send.emb
data.column.format=UI
data.convert.separator='\t'
user_min=0
item_min=0
splitter=given
ratio=0.8
by_time=False
metric=["Precision", "Recall", "NDCG", "MAP", "MRR"]
topk=[10, 20]
group_view=None
rec.evaluate.neg=0
test_batch_size=128
num_thread=8
data.index.remap=False

WRMF's hyperparameters:
epochs=50
embedding_size=16
reg_mf=0.1
alpha=10
init_method=uniform
stddev=0.01
verbose=1
weight=uniform

2021-12-15 00:34:11.724: metrics:	Precision@10	Precision@20	Recall@10   	Recall@20   	NDCG@10     	NDCG@20     	MAP@10      	MAP@20      	MRR@10      	MRR@20      
2021-12-15 00:34:15.312: iteration 1 finished in 3.588488 seconds
2021-12-15 00:34:15.343: epoch 1:	0.04122205  	0.03627536  	0.04554963  	0.07705955  	0.05190784  	0.05998140  	0.02216681  	0.02157545  	0.11212686  	0.11864984  
2021-12-15 00:34:18.157: iteration 2 finished in 2.813984 seconds
2021-12-15 00:34:18.189: epoch 2:	0.08709966  	0.07337552  	0.10385407  	0.16670094  	0.11454963  	0.13080734  	0.05636022  	0.05647647  	0.21690562  	0.22422320  
2021-12-15 00:34:21.018: iteration 3 finished in 2.829620 seconds
2021-12-15 00:34:21.034: epoch 3:	0.09835082  	0.08220208  	0.11934094  	0.18997400  	0.12976617  	0.14821336  	0.06586265  	0.06594624  	0.23254269  	0.24030028  
2021-12-15 00:34:23.863: iteration 4 finished in 2.829403 seconds
2021-12-15 00:34:23.891: epoch 4:	0.10426734  	0.08457843  	0.12561941  	0.19667548  	0.13870485  	0.15584840  	0.07196598  	0.07125825  	0.24716449  	0.25474769  
2021-12-15 00:34:26.689: iteration 5 finished in 2.797519 seconds
2021-12-15 00:34:26.715: epoch 5:	0.10455832  	0.08705176  	0.13055116  	0.20412575  	0.14123835  	0.16008428  	0.07318215  	0.07303441  	0.25233459  	0.25948679  
2021-12-15 00:34:29.522: iteration 6 finished in 2.807492 seconds
2021-12-15 00:34:29.549: epoch 6:	0.10601323  	0.08758522  	0.13185777  	0.20514750  	0.14279522  	0.16108169  	0.07359909  	0.07338021  	0.25629368  	0.26309508  
2021-12-15 00:34:32.347: iteration 7 finished in 2.798516 seconds
2021-12-15 00:34:32.374: epoch 7:	0.10591619  	0.08748825  	0.13081726  	0.20455569  	0.14288132  	0.16135262  	0.07358097  	0.07353494  	0.26036388  	0.26720425  
2021-12-15 00:34:35.174: iteration 8 finished in 2.799513 seconds
2021-12-15 00:34:35.200: epoch 8:	0.10484930  	0.08700331  	0.12986962  	0.20368955  	0.14220877  	0.16100043  	0.07320890  	0.07332243  	0.26041278  	0.26754215  
2021-12-15 00:34:38.008: iteration 9 finished in 2.808489 seconds
2021-12-15 00:34:38.035: epoch 9:	0.10533427  	0.08676080  	0.12622502  	0.20261286  	0.14111282  	0.16025834  	0.07304341  	0.07322775  	0.25645536  	0.26408616  
2021-12-15 00:34:40.845: iteration 10 finished in 2.809487 seconds
2021-12-15 00:34:40.870: epoch 10:	0.10446130  	0.08671225  	0.12587559  	0.19855879  	0.14065385  	0.15934204  	0.07314498  	0.07348249  	0.25378147  	0.26109251  
2021-12-15 00:34:43.685: iteration 11 finished in 2.815470 seconds
2021-12-15 00:34:43.710: epoch 11:	0.10349138  	0.08661525  	0.12659724  	0.19987297  	0.14004840  	0.15922685  	0.07279208  	0.07327111  	0.25249708  	0.26002276  
2021-12-15 00:34:46.529: iteration 12 finished in 2.818462 seconds
2021-12-15 00:34:46.555: epoch 12:	0.10455831  	0.08724570  	0.12654927  	0.20208602  	0.14022827  	0.15977049  	0.07276538  	0.07334889  	0.25228193  	0.25945359  
2021-12-15 00:34:49.371: iteration 13 finished in 2.815470 seconds
2021-12-15 00:34:49.398: epoch 13:	0.10514025  	0.08739121  	0.12711939  	0.20225345  	0.14029101  	0.15957664  	0.07218052  	0.07296384  	0.25297162  	0.26000029  
2021-12-15 00:34:52.222: iteration 14 finished in 2.824447 seconds
2021-12-15 00:34:52.248: epoch 14:	0.10591620  	0.08734272  	0.12927428  	0.20368911  	0.14112368  	0.15980205  	0.07257289  	0.07297391  	0.25227076  	0.25905821  
2021-12-15 00:34:55.070: iteration 15 finished in 2.821454 seconds
2021-12-15 00:34:55.096: epoch 15:	0.10533426  	0.08743971  	0.12917539  	0.20358750  	0.14050837  	0.15963362  	0.07227039  	0.07278126  	0.25002792  	0.25757259  
2021-12-15 00:34:57.911: iteration 16 finished in 2.815471 seconds
2021-12-15 00:34:57.937: epoch 16:	0.10504329  	0.08743972  	0.12977539  	0.20505726  	0.13993627  	0.15936933  	0.07168269  	0.07217485  	0.24882361  	0.25637966  
2021-12-15 00:35:00.760: iteration 17 finished in 2.823450 seconds
2021-12-15 00:35:00.786: epoch 17:	0.10533427  	0.08724573  	0.12925300  	0.20472910  	0.14015292  	0.15935931  	0.07191634  	0.07208855  	0.24986704  	0.25794786  
2021-12-15 00:35:03.599: iteration 18 finished in 2.812478 seconds
2021-12-15 00:35:03.627: epoch 18:	0.10504330  	0.08753671  	0.12767655  	0.20607574  	0.13928397  	0.15955150  	0.07135320  	0.07203830  	0.24875472  	0.25702122  
2021-12-15 00:35:06.436: iteration 19 finished in 2.809486 seconds
2021-12-15 00:35:06.462: epoch 19:	0.10494632  	0.08719723  	0.12755303  	0.20420976  	0.13980161  	0.15944785  	0.07172936  	0.07215806  	0.25143170  	0.25959688  
2021-12-15 00:35:09.276: iteration 20 finished in 2.813476 seconds
2021-12-15 00:35:09.302: epoch 20:	0.10484930  	0.08714873  	0.12867427  	0.20380947  	0.14060585  	0.15980220  	0.07247638  	0.07273947  	0.25269723  	0.26058361  
2021-12-15 00:35:12.113: iteration 21 finished in 2.811669 seconds
2021-12-15 00:35:12.129: epoch 21:	0.10455832  	0.08690622  	0.12664019  	0.20428456  	0.14032485  	0.16003186  	0.07257988  	0.07291986  	0.25398353  	0.26205578  
2021-12-15 00:35:14.941: iteration 22 finished in 2.811838 seconds
2021-12-15 00:35:14.972: epoch 22:	0.10514026  	0.08743969  	0.12866524  	0.20632374  	0.14095202  	0.16056883  	0.07283585  	0.07309344  	0.25303864  	0.26084292  
2021-12-15 00:35:17.766: iteration 23 finished in 2.794045 seconds
2021-12-15 00:35:17.797: epoch 23:	0.10514025  	0.08739121  	0.12956083  	0.20700783  	0.14093490  	0.16051462  	0.07257235  	0.07293272  	0.25290814  	0.26058286  
2021-12-15 00:35:20.614: iteration 24 finished in 2.816238 seconds
2021-12-15 00:35:20.641: epoch 24:	0.10514025  	0.08768218  	0.13007826  	0.20744583  	0.14068374  	0.16033141  	0.07219131  	0.07260033  	0.25217372  	0.25982136  
2021-12-15 00:35:23.460: iteration 25 finished in 2.818753 seconds
2021-12-15 00:35:23.485: epoch 25:	0.10504325  	0.08773067  	0.13073425  	0.20739172  	0.14144653  	0.16102780  	0.07304044  	0.07341469  	0.25374454  	0.26133859  
2021-12-15 00:35:26.300: iteration 26 finished in 2.814473 seconds
2021-12-15 00:35:26.324: epoch 26:	0.10484927  	0.08743968  	0.13017470  	0.20732655  	0.14141123  	0.16111991  	0.07337274  	0.07380982  	0.25284076  	0.26043493  
2021-12-15 00:35:29.131: iteration 27 finished in 2.805496 seconds
2021-12-15 00:35:29.158: epoch 27:	0.10455829  	0.08753670  	0.12885232  	0.20741570  	0.14009659  	0.16028793  	0.07218663  	0.07266735  	0.25129464  	0.25905588  
2021-12-15 00:35:31.978: iteration 28 finished in 2.820458 seconds
2021-12-15 00:35:32.005: epoch 28:	0.10484927  	0.08768217  	0.12870499  	0.20742287  	0.14030884  	0.16052435  	0.07234623  	0.07288275  	0.25136891  	0.25891429  
2021-12-15 00:35:34.823: iteration 29 finished in 2.818463 seconds
2021-12-15 00:35:34.849: epoch 29:	0.10523727  	0.08753669  	0.12882291  	0.20700337  	0.14041151  	0.16025238  	0.07226797  	0.07267150  	0.25180191  	0.25932404  
2021-12-15 00:35:37.668: iteration 30 finished in 2.818462 seconds
2021-12-15 00:35:37.695: epoch 30:	0.10523726  	0.08739118  	0.12887350  	0.20656577  	0.14057332  	0.16029029  	0.07262290  	0.07310402  	0.25081459  	0.25828212  
2021-12-15 00:35:40.511: iteration 31 finished in 2.816468 seconds
2021-12-15 00:35:40.536: epoch 31:	0.10562523  	0.08690622  	0.12992129  	0.20554155  	0.14119972  	0.15999334  	0.07292271  	0.07303804  	0.25140274  	0.25861734  
2021-12-15 00:35:43.354: iteration 32 finished in 2.816468 seconds
2021-12-15 00:35:43.380: epoch 32:	0.10552824  	0.08705171  	0.12990806  	0.20576194  	0.14141168  	0.16043958  	0.07319900  	0.07340790  	0.25214598  	0.25917265  
2021-12-15 00:35:46.195: iteration 33 finished in 2.814473 seconds
2021-12-15 00:35:46.220: epoch 33:	0.10494629  	0.08700322  	0.12910502  	0.20578063  	0.14084220  	0.16028814  	0.07289007  	0.07332231  	0.25199467  	0.25924909  
2021-12-15 00:35:49.046: iteration 34 finished in 2.825444 seconds
2021-12-15 00:35:49.071: epoch 34:	0.10514027  	0.08671225  	0.12963364  	0.20463680  	0.14103137  	0.15993901  	0.07306805  	0.07331520  	0.25149044  	0.25864020  
2021-12-15 00:35:51.878: iteration 35 finished in 2.806494 seconds
2021-12-15 00:35:51.904: epoch 35:	0.10552824  	0.08695474  	0.12999864  	0.20568351  	0.14149660  	0.16046727  	0.07337483  	0.07356055  	0.25221795  	0.25931433  
2021-12-15 00:35:54.718: iteration 36 finished in 2.814473 seconds
2021-12-15 00:35:54.743: epoch 36:	0.10601321  	0.08690624  	0.13094400  	0.20539331  	0.14188172  	0.16041239  	0.07355868  	0.07350772  	0.25127608  	0.25843376  
2021-12-15 00:35:57.564: iteration 37 finished in 2.820457 seconds
2021-12-15 00:35:57.588: epoch 37:	0.10611021  	0.08700322  	0.13237333  	0.20561805  	0.14246820  	0.16077234  	0.07387652  	0.07381498  	0.25143430  	0.25842255  
2021-12-15 00:36:00.412: iteration 38 finished in 2.823449 seconds
2021-12-15 00:36:00.438: epoch 38:	0.10601322  	0.08700322  	0.13139682  	0.20522645  	0.14214911  	0.16066852  	0.07378772  	0.07381514  	0.25068721  	0.25773787  
2021-12-15 00:36:03.240: iteration 39 finished in 2.802505 seconds
2021-12-15 00:36:03.265: epoch 39:	0.10572224  	0.08729421  	0.13099612  	0.20587282  	0.14187121  	0.16089049  	0.07380719  	0.07385061  	0.25010756  	0.25740141  
2021-12-15 00:36:06.074: iteration 40 finished in 2.807492 seconds
2021-12-15 00:36:06.098: epoch 40:	0.10581925  	0.08753669  	0.13149466  	0.20580098  	0.14228107  	0.16121207  	0.07410116  	0.07415958  	0.25059873  	0.25772440  
2021-12-15 00:36:08.899: iteration 41 finished in 2.801508 seconds
2021-12-15 00:36:08.925: epoch 41:	0.10581925  	0.08753669  	0.13133794  	0.20545208  	0.14246795  	0.16134901  	0.07432706  	0.07432147  	0.25140968  	0.25866011  
2021-12-15 00:36:11.724: iteration 42 finished in 2.799053 seconds
2021-12-15 00:36:11.755: epoch 42:	0.10572224  	0.08729421  	0.13126184  	0.20483556  	0.14239596  	0.16105810  	0.07427752  	0.07419027  	0.25151360  	0.25871429  
2021-12-15 00:36:14.552: iteration 43 finished in 2.796217 seconds
2021-12-15 00:36:14.567: epoch 43:	0.10552825  	0.08739120  	0.13122445  	0.20535591  	0.14225125  	0.16119136  	0.07420416  	0.07415097  	0.25165221  	0.25900340  
2021-12-15 00:36:17.364: iteration 44 finished in 2.796818 seconds
2021-12-15 00:36:17.395: epoch 44:	0.10543124  	0.08763369  	0.13210256  	0.20797887  	0.14227305  	0.16173849  	0.07410106  	0.07421029  	0.25115874  	0.25860265  
2021-12-15 00:36:20.178: iteration 45 finished in 2.782848 seconds
2021-12-15 00:36:20.194: epoch 45:	0.10611019  	0.08748821  	0.13280995  	0.20814931  	0.14306487  	0.16203912  	0.07459395  	0.07442287  	0.25173414  	0.25919208  
2021-12-15 00:36:23.022: iteration 46 finished in 2.827774 seconds
2021-12-15 00:36:23.048: epoch 46:	0.10640118  	0.08734273  	0.13415235  	0.20746054  	0.14363319  	0.16196297  	0.07487123  	0.07456369  	0.25226957  	0.25942075  
2021-12-15 00:36:25.852: iteration 47 finished in 2.804500 seconds
2021-12-15 00:36:25.879: epoch 47:	0.10640118  	0.08739122  	0.13318399  	0.20754029  	0.14342806  	0.16206947  	0.07480009  	0.07459796  	0.25226033  	0.25957456  
2021-12-15 00:36:28.695: iteration 48 finished in 2.816468 seconds
2021-12-15 00:36:28.722: epoch 48:	0.10649817  	0.08729422  	0.13278218  	0.20771787  	0.14330719  	0.16203365  	0.07470918  	0.07447837  	0.25196508  	0.25948420  
2021-12-15 00:36:31.542: iteration 49 finished in 2.819460 seconds
2021-12-15 00:36:31.569: epoch 49:	0.10649817  	0.08748822  	0.13325037  	0.20841646  	0.14339671  	0.16227677  	0.07469940  	0.07452205  	0.25172648  	0.25909707  
2021-12-15 00:36:34.374: iteration 50 finished in 2.804500 seconds
2021-12-15 00:36:34.399: epoch 50:	0.10620718  	0.08753671  	0.13288000  	0.20881617  	0.14274879  	0.16196562  	0.07405350  	0.07398973  	0.25125611  	0.25860536  
