2020-09-17 20:58:55.949: Dataset name: u1
The number of users: 26996
The number of items: 26902
The number of ratings: 83174
Average actions of users: 3.08
Average actions of items: 3.09
The sparsity of the dataset: 99.988547%
2020-09-17 20:58:55.950: 

NeuRec hyperparameters:
recommender=WRMF
config_dir=./conf
gpu_id=0
gpu_mem=0.5
data.input.path=C:\Users\HyunsikYoo\Desktop\VNE_directed_networks/_Data/digg/5-fold/u1/
data.input.dataset=u1
data.output.path=C:\Users\HyunsikYoo\Desktop\VNE_directed_networks/_Data/digg/5-fold/u1/relevance_WRMF_directed_uni_False_uniform
data.column.format=UI
data.convert.separator='\t'
user_min=0
item_min=0
splitter=given
ratio=0.8
by_time=False
metric=["Precision", "Recall", "NDCG", "MAP", "MRR"]
topk=[10, 20]
group_view=None
rec.evaluate.neg=0
test_batch_size=128
num_thread=8
data.index.remap=False

WRMF's hyperparameters:
epochs=50
embedding_size=16
reg_mf=0.1
alpha=10
init_method=uniform
stddev=0.01
verbose=1
weight=uniform

2020-09-17 21:30:55.014: metrics:	Precision@10	Precision@20	Recall@10   	Recall@20   	NDCG@10     	NDCG@20     	MAP@10      	MAP@20      	MRR@10      	MRR@20      
2020-09-17 21:32:58.558: iteration 1 finished in 123.542604 seconds
2020-09-17 21:32:59.017: epoch 1:	0.00186505  	0.00160371  	0.01082539  	0.01818539  	0.00586760  	0.00793869  	0.00351620  	0.00400248  	0.00601970  	0.00688872  
2020-09-17 21:34:59.163: iteration 2 finished in 120.143694 seconds
2020-09-17 21:34:59.595: epoch 2:	0.00185317  	0.00174626  	0.01005112  	0.01950685  	0.00610382  	0.00877384  	0.00391728  	0.00456546  	0.00697504  	0.00811030  
2020-09-17 21:36:51.914: iteration 3 finished in 112.318621 seconds
2020-09-17 21:36:52.382: epoch 3:	0.00218580  	0.00174032  	0.01248423  	0.01965440  	0.00692723  	0.00895554  	0.00418194  	0.00465917  	0.00753751  	0.00842425  
2020-09-17 21:38:55.979: iteration 4 finished in 123.597457 seconds
2020-09-17 21:38:56.431: epoch 4:	0.00205512  	0.00179972  	0.01151871  	0.02021723  	0.00693093  	0.00942458  	0.00446918  	0.00507916  	0.00784873  	0.00891728  
2020-09-17 21:41:00.774: iteration 5 finished in 124.342465 seconds
2020-09-17 21:41:01.225: epoch 5:	0.00212640  	0.00177002  	0.01232089  	0.02002473  	0.00715764  	0.00934873  	0.00450858  	0.00502178  	0.00788107  	0.00883835  
2020-09-17 21:43:03.524: iteration 6 finished in 122.297932 seconds
2020-09-17 21:43:03.939: epoch 6:	0.00224519  	0.00179378  	0.01249696  	0.02043159  	0.00724302  	0.00943010  	0.00449272  	0.00500654  	0.00807547  	0.00896231  
2020-09-17 21:44:56.309: iteration 7 finished in 112.370482 seconds
2020-09-17 21:44:56.762: epoch 7:	0.00216204  	0.00181160  	0.01200038  	0.02052289  	0.00703568  	0.00942613  	0.00438233  	0.00496288  	0.00793339  	0.00891543  
2020-09-17 21:47:00.149: iteration 8 finished in 123.387020 seconds
2020-09-17 21:47:00.596: epoch 8:	0.00219768  	0.00184130  	0.01232652  	0.02039837  	0.00714624  	0.00943833  	0.00443133  	0.00497642  	0.00804351  	0.00901480  
2020-09-17 21:49:05.218: iteration 9 finished in 124.621718 seconds
2020-09-17 21:49:05.691: epoch 9:	0.00226895  	0.00190069  	0.01273536  	0.02146044  	0.00717726  	0.00959721  	0.00433881  	0.00490435  	0.00790403  	0.00886321  
2020-09-17 21:51:09.495: iteration 10 finished in 123.804902 seconds
2020-09-17 21:51:09.916: epoch 10:	0.00223331  	0.00188288  	0.01241363  	0.02119259  	0.00703613  	0.00950915  	0.00425414  	0.00485718  	0.00786193  	0.00886476  
2020-09-17 21:53:03.958: iteration 11 finished in 114.042012 seconds
2020-09-17 21:53:04.409: epoch 11:	0.00226895  	0.00190663  	0.01263604  	0.02159252  	0.00712710  	0.00962258  	0.00427774  	0.00487538  	0.00809122  	0.00908196  
2020-09-17 21:55:08.162: iteration 12 finished in 123.753042 seconds
2020-09-17 21:55:08.617: epoch 12:	0.00230459  	0.00194227  	0.01321963  	0.02236293  	0.00721561  	0.00972723  	0.00425220  	0.00483235  	0.00801339  	0.00899654  
2020-09-17 21:57:12.907: iteration 13 finished in 124.287612 seconds
2020-09-17 21:57:13.356: epoch 13:	0.00222143  	0.00198385  	0.01261577  	0.02298659  	0.00707122  	0.00993243  	0.00425881  	0.00494094  	0.00795145  	0.00905807  
2020-09-17 21:59:12.764: iteration 14 finished in 119.406665 seconds
2020-09-17 21:59:13.185: epoch 14:	0.00215016  	0.00197197  	0.01209605  	0.02266379  	0.00690041  	0.00986882  	0.00420633  	0.00493866  	0.00779966  	0.00896908  
2020-09-17 22:01:06.294: iteration 15 finished in 113.109505 seconds
2020-09-17 22:01:06.750: epoch 15:	0.00219768  	0.00198385  	0.01239699  	0.02263678  	0.00701821  	0.00990260  	0.00427045  	0.00497277  	0.00789243  	0.00903267  
2020-09-17 22:03:10.143: iteration 16 finished in 123.393003 seconds
2020-09-17 22:03:10.611: epoch 16:	0.00219768  	0.00198979  	0.01219711  	0.02248581  	0.00694005  	0.00983889  	0.00419500  	0.00490367  	0.00789036  	0.00903201  
2020-09-17 22:05:14.291: iteration 17 finished in 123.680236 seconds
2020-09-17 22:05:14.752: epoch 17:	0.00223331  	0.00197791  	0.01260839  	0.02240120  	0.00700168  	0.00975752  	0.00417882  	0.00484202  	0.00777250  	0.00886129  
2020-09-17 22:07:16.600: iteration 18 finished in 121.848136 seconds
2020-09-17 22:07:17.023: epoch 18:	0.00219768  	0.00196603  	0.01234393  	0.02227291  	0.00698161  	0.00977174  	0.00422063  	0.00489181  	0.00779377  	0.00892045  
2020-09-17 22:09:03.343: iteration 19 finished in 106.319664 seconds
2020-09-17 22:09:03.750: epoch 19:	0.00220956  	0.00188881  	0.01251387  	0.02140350  	0.00706021  	0.00957388  	0.00427903  	0.00488808  	0.00781932  	0.00885501  
2020-09-17 22:10:46.789: iteration 20 finished in 103.039436 seconds
2020-09-17 22:10:47.190: epoch 20:	0.00223331  	0.00188881  	0.01285375  	0.02145747  	0.00719274  	0.00961376  	0.00436773  	0.00493642  	0.00788913  	0.00890477  
2020-09-17 22:12:29.982: iteration 21 finished in 102.791101 seconds
2020-09-17 22:12:30.382: epoch 21:	0.00226895  	0.00188287  	0.01330284  	0.02141738  	0.00737336  	0.00966848  	0.00446243  	0.00499132  	0.00807793  	0.00906204  
2020-09-17 22:14:13.444: iteration 22 finished in 103.062375 seconds
2020-09-17 22:14:13.865: epoch 22:	0.00226895  	0.00187694  	0.01341312  	0.02120895  	0.00747236  	0.00969668  	0.00455804  	0.00507109  	0.00821020  	0.00916515  
2020-09-17 22:15:56.605: iteration 23 finished in 102.739239 seconds
2020-09-17 22:15:57.012: epoch 23:	0.00224519  	0.00188287  	0.01307204  	0.02137153  	0.00745606  	0.00980937  	0.00462887  	0.00518533  	0.00825055  	0.00923862  
2020-09-17 22:17:40.019: iteration 24 finished in 103.006525 seconds
2020-09-17 22:17:40.419: epoch 24:	0.00226895  	0.00188287  	0.01311560  	0.02146557  	0.00748115  	0.00982998  	0.00463885  	0.00520127  	0.00821459  	0.00916047  
2020-09-17 22:19:22.959: iteration 25 finished in 102.539773 seconds
2020-09-17 22:19:23.362: epoch 25:	0.00223331  	0.00186506  	0.01295226  	0.02144398  	0.00743587  	0.00982039  	0.00463303  	0.00520933  	0.00819677  	0.00915081  
2020-09-17 22:21:06.324: iteration 26 finished in 102.961644 seconds
2020-09-17 22:21:06.745: epoch 26:	0.00222143  	0.00186506  	0.01291266  	0.02166821  	0.00738833  	0.00983419  	0.00458549  	0.00517702  	0.00812973  	0.00908693  
2020-09-17 22:22:49.305: iteration 27 finished in 102.559719 seconds
2020-09-17 22:22:49.706: epoch 27:	0.00223331  	0.00188881  	0.01309229  	0.02201103  	0.00749711  	0.00997879  	0.00470520  	0.00529267  	0.00805011  	0.00902560  
2020-09-17 22:24:32.356: iteration 28 finished in 102.649480 seconds
2020-09-17 22:24:32.756: epoch 28:	0.00223331  	0.00188287  	0.01298493  	0.02195163  	0.00748323  	0.00997436  	0.00472338  	0.00531886  	0.00804936  	0.00901700  
2020-09-17 22:26:15.585: iteration 29 finished in 102.828999 seconds
2020-09-17 22:26:15.986: epoch 29:	0.00215016  	0.00191257  	0.01256519  	0.02214467  	0.00730088  	0.00999705  	0.00464037  	0.00529084  	0.00786683  	0.00893461  
2020-09-17 22:27:58.666: iteration 30 finished in 102.680397 seconds
2020-09-17 22:27:59.084: epoch 30:	0.00215016  	0.00191257  	0.01263449  	0.02223660  	0.00740637  	0.01010089  	0.00475612  	0.00540190  	0.00798091  	0.00904551  
2020-09-17 22:29:41.908: iteration 31 finished in 102.824013 seconds
2020-09-17 22:29:42.310: epoch 31:	0.00212640  	0.00189475  	0.01265711  	0.02228100  	0.00739314  	0.01009102  	0.00477276  	0.00541992  	0.00782757  	0.00889735  
2020-09-17 22:31:24.852: iteration 32 finished in 102.541767 seconds
2020-09-17 22:31:25.252: epoch 32:	0.00210264  	0.00189475  	0.01253337  	0.02242152  	0.00728599  	0.01004470  	0.00468276  	0.00534555  	0.00766361  	0.00873219  
2020-09-17 22:33:07.994: iteration 33 finished in 102.742231 seconds
2020-09-17 22:33:08.392: epoch 33:	0.00206700  	0.00191257  	0.01231270  	0.02264524  	0.00724385  	0.01011869  	0.00470145  	0.00539380  	0.00761850  	0.00873171  
2020-09-17 22:34:51.046: iteration 34 finished in 102.654466 seconds
2020-09-17 22:34:51.453: epoch 34:	0.00206700  	0.00190069  	0.01234834  	0.02259283  	0.00720395  	0.01005258  	0.00465335  	0.00534507  	0.00751526  	0.00861910  
2020-09-17 22:36:34.380: iteration 35 finished in 102.926739 seconds
2020-09-17 22:36:34.792: epoch 35:	0.00206700  	0.00188881  	0.01260849  	0.02228331  	0.00726809  	0.00999522  	0.00468145  	0.00534231  	0.00750649  	0.00859908  
2020-09-17 22:38:17.268: iteration 36 finished in 102.475944 seconds
2020-09-17 22:38:17.671: epoch 36:	0.00204324  	0.00185318  	0.01245736  	0.02178536  	0.00713589  	0.00978094  	0.00456099  	0.00520751  	0.00737026  	0.00844963  
2020-09-17 22:40:00.437: iteration 37 finished in 102.765170 seconds
2020-09-17 22:40:00.855: epoch 37:	0.00204324  	0.00184724  	0.01249979  	0.02181339  	0.00711159  	0.00974389  	0.00451046  	0.00515525  	0.00736635  	0.00842830  
2020-09-17 22:41:43.113: iteration 38 finished in 102.257527 seconds
2020-09-17 22:41:43.516: epoch 38:	0.00203136  	0.00184130  	0.01243148  	0.02183370  	0.00712701  	0.00977611  	0.00454470  	0.00519237  	0.00742716  	0.00848677  
2020-09-17 22:43:26.459: iteration 39 finished in 102.942696 seconds
2020-09-17 22:43:26.878: epoch 39:	0.00207888  	0.00182348  	0.01284132  	0.02170647  	0.00727009  	0.00975537  	0.00460606  	0.00520809  	0.00751752  	0.00850904  
2020-09-17 22:45:09.171: iteration 40 finished in 102.293432 seconds
2020-09-17 22:45:09.577: epoch 40:	0.00206700  	0.00183536  	0.01280502  	0.02175913  	0.00725726  	0.00976935  	0.00460250  	0.00520650  	0.00753954  	0.00854283  
2020-09-17 22:46:52.401: iteration 41 finished in 102.824013 seconds
2020-09-17 22:46:52.799: epoch 41:	0.00207888  	0.00179972  	0.01279221  	0.02119025  	0.00706921  	0.00944592  	0.00436344  	0.00494344  	0.00725840  	0.00820956  
2020-09-17 22:48:35.426: iteration 42 finished in 102.625544 seconds
2020-09-17 22:48:35.826: epoch 42:	0.00205512  	0.00180566  	0.01266451  	0.02121312  	0.00703898  	0.00947129  	0.00436347  	0.00496241  	0.00729215  	0.00826858  
2020-09-17 22:50:18.577: iteration 43 finished in 102.751208 seconds
2020-09-17 22:50:18.980: epoch 43:	0.00206700  	0.00178190  	0.01267299  	0.02099084  	0.00701049  	0.00936865  	0.00432257  	0.00490283  	0.00725609  	0.00821101  
2020-09-17 22:52:01.992: iteration 44 finished in 103.011511 seconds
2020-09-17 22:52:02.395: epoch 44:	0.00206700  	0.00181160  	0.01267299  	0.02139064  	0.00702301  	0.00948190  	0.00434598  	0.00494702  	0.00725967  	0.00824783  
2020-09-17 22:53:45.674: iteration 45 finished in 103.277799 seconds
2020-09-17 22:53:46.077: epoch 45:	0.00209076  	0.00182942  	0.01289078  	0.02172855  	0.00708294  	0.00955330  	0.00436136  	0.00495362  	0.00727584  	0.00825814  
2020-09-17 22:55:28.990: iteration 46 finished in 102.912776 seconds
2020-09-17 22:55:29.396: epoch 46:	0.00210264  	0.00185318  	0.01292543  	0.02204250  	0.00710648  	0.00964959  	0.00436691  	0.00497477  	0.00735555  	0.00837775  
2020-09-17 22:57:12.709: iteration 47 finished in 103.312706 seconds
2020-09-17 22:57:13.122: epoch 47:	0.00206700  	0.00185912  	0.01273440  	0.02216426  	0.00700567  	0.00964079  	0.00431152  	0.00494476  	0.00722724  	0.00828955  
2020-09-17 22:58:56.209: iteration 48 finished in 103.086312 seconds
2020-09-17 22:58:56.621: epoch 48:	0.00207888  	0.00187694  	0.01276886  	0.02240680  	0.00701377  	0.00969584  	0.00430745  	0.00494792  	0.00723846  	0.00831655  
2020-09-17 23:00:40.087: iteration 49 finished in 103.465297 seconds
2020-09-17 23:00:40.491: epoch 49:	0.00207888  	0.00187694  	0.01305264  	0.02221730  	0.00707669  	0.00967054  	0.00433260  	0.00494662  	0.00722031  	0.00830594  
2020-09-17 23:02:23.487: iteration 50 finished in 102.995554 seconds
2020-09-17 23:02:23.889: epoch 50:	0.00209076  	0.00190069  	0.01311902  	0.02252616  	0.00711538  	0.00977227  	0.00436085  	0.00498840  	0.00724751  	0.00835497  
