2020-08-03 21:46:32.270: Dataset name: u1
The number of users: 2445
The number of items: 5829
The number of ratings: 20336
Average actions of users: 8.32
Average actions of items: 3.49
The sparsity of the dataset: 99.857310%
2020-08-03 21:46:32.271: 

NeuRec hyperparameters:
recommender=WRMF
config_dir=./conf
gpu_id=0
gpu_mem=0.5
data.input.path=C:\Users\HyunsikYoo\Desktop\VNE_directed_networks/_Data/p2p-Gnutella08/5-fold/u1/
data.input.dataset=u1
data.output.path=C:\Users\HyunsikYoo\Desktop\VNE_directed_networks/_Data/p2p-Gnutella08/5-fold/u1/relevance_WRMF_directed_True_uniform
data.column.format=UI
data.convert.separator='\t'
user_min=0
item_min=0
splitter=given
ratio=0.8
by_time=False
metric=["Precision", "Recall", "NDCG", "MAP", "MRR"]
topk=[10, 20]
group_view=None
rec.evaluate.neg=0
test_batch_size=128
num_thread=8
data.index.remap=True

WRMF's hyperparameters:
epochs=50
embedding_size=16
reg_mf=0.1
alpha=10
init_method=uniform
stddev=0.01
verbose=1
weight=uniform

2020-08-03 21:47:10.591: metrics:	Precision@10	Precision@20	Recall@10   	Recall@20   	NDCG@10     	NDCG@20     	MAP@10      	MAP@20      	MRR@10      	MRR@20      
2020-08-03 21:47:13.254: iteration 1 finished in 2.663875 seconds
2020-08-03 21:47:13.312: epoch 1:	0.00892525  	0.00771030  	0.04626168  	0.08084112  	0.02712271  	0.03753260  	0.01603471  	0.01896438  	0.02801458  	0.03127304  
2020-08-03 21:47:15.950: iteration 2 finished in 2.637944 seconds
2020-08-03 21:47:16.000: epoch 2:	0.01219629  	0.01035046  	0.06355140  	0.10841122  	0.03652748  	0.05008950  	0.02145991  	0.02566216  	0.03657060  	0.04008406  
2020-08-03 21:47:18.709: iteration 3 finished in 2.707746 seconds
2020-08-03 21:47:18.762: epoch 3:	0.01406545  	0.01156541  	0.07383177  	0.12126168  	0.04175071  	0.05618910  	0.02443342  	0.02901996  	0.04107330  	0.04470363  
2020-08-03 21:47:21.472: iteration 4 finished in 2.710749 seconds
2020-08-03 21:47:21.525: epoch 4:	0.01425237  	0.01198597  	0.07546729  	0.12570094  	0.04341424  	0.05881186  	0.02593913  	0.03082782  	0.04307393  	0.04703974  
2020-08-03 21:47:24.235: iteration 5 finished in 2.708730 seconds
2020-08-03 21:47:24.286: epoch 5:	0.01490658  	0.01238316  	0.07850467  	0.13014019  	0.04516206  	0.06085968  	0.02694045  	0.03197204  	0.04480529  	0.04864258  
2020-08-03 21:47:26.995: iteration 6 finished in 2.708763 seconds
2020-08-03 21:47:27.047: epoch 6:	0.01532713  	0.01273363  	0.08084112  	0.13434580  	0.04604140  	0.06211886  	0.02733320  	0.03233632  	0.04516689  	0.04914288  
2020-08-03 21:47:29.762: iteration 7 finished in 2.715710 seconds
2020-08-03 21:47:29.814: epoch 7:	0.01542059  	0.01280372  	0.08130841  	0.13481309  	0.04667484  	0.06280833  	0.02783350  	0.03290906  	0.04622700  	0.05016048  
2020-08-03 21:47:32.314: iteration 8 finished in 2.500312 seconds
2020-08-03 21:47:32.366: epoch 8:	0.01509349  	0.01282709  	0.07920561  	0.13504674  	0.04632081  	0.06322479  	0.02798435  	0.03329638  	0.04662104  	0.05092052  
2020-08-03 21:47:35.082: iteration 9 finished in 2.715709 seconds
2020-08-03 21:47:35.134: epoch 9:	0.01523368  	0.01289718  	0.08037383  	0.13621496  	0.04686886  	0.06371167  	0.02828022  	0.03360441  	0.04715195  	0.05127187  
2020-08-03 21:47:37.776: iteration 10 finished in 2.640963 seconds
2020-08-03 21:47:37.828: epoch 10:	0.01528040  	0.01287382  	0.08060747  	0.13644859  	0.04731324  	0.06409518  	0.02866462  	0.03398848  	0.04782805  	0.05186529  
2020-08-03 21:47:40.555: iteration 11 finished in 2.726764 seconds
2020-08-03 21:47:40.607: epoch 11:	0.01532713  	0.01275700  	0.08107477  	0.13528037  	0.04734977  	0.06367296  	0.02860194  	0.03381272  	0.04755973  	0.05144613  
2020-08-03 21:47:43.136: iteration 12 finished in 2.528237 seconds
2020-08-03 21:47:43.186: epoch 12:	0.01551405  	0.01285046  	0.08247664  	0.13621496  	0.04793996  	0.06410532  	0.02896835  	0.03409261  	0.04791501  	0.05173585  
2020-08-03 21:47:45.660: iteration 13 finished in 2.473357 seconds
2020-08-03 21:47:45.711: epoch 13:	0.01551405  	0.01282709  	0.08247664  	0.13598131  	0.04793050  	0.06401302  	0.02899450  	0.03412462  	0.04770139  	0.05142307  
2020-08-03 21:47:48.419: iteration 14 finished in 2.707757 seconds
2020-08-03 21:47:48.471: epoch 14:	0.01542059  	0.01287382  	0.08200935  	0.13644859  	0.04795125  	0.06429372  	0.02913543  	0.03430615  	0.04803794  	0.05186514  
2020-08-03 21:47:50.943: iteration 15 finished in 2.471394 seconds
2020-08-03 21:47:50.998: epoch 15:	0.01546732  	0.01282709  	0.08247664  	0.13598131  	0.04780306  	0.06389388  	0.02884365  	0.03395935  	0.04756158  	0.05130734  
2020-08-03 21:47:53.470: iteration 16 finished in 2.471395 seconds
2020-08-03 21:47:53.524: epoch 16:	0.01537386  	0.01287382  	0.08177570  	0.13691589  	0.04783139  	0.06433369  	0.02905272  	0.03427882  	0.04812919  	0.05197730  
2020-08-03 21:47:56.045: iteration 17 finished in 2.521256 seconds
2020-08-03 21:47:56.098: epoch 17:	0.01551405  	0.01287382  	0.08247664  	0.13668224  	0.04836318  	0.06457344  	0.02950406  	0.03463353  	0.04866268  	0.05239560  
2020-08-03 21:47:58.742: iteration 18 finished in 2.643927 seconds
2020-08-03 21:47:58.796: epoch 18:	0.01532713  	0.01287382  	0.08130841  	0.13668224  	0.04816813  	0.06474980  	0.02958259  	0.03481504  	0.04887314  	0.05278530  
2020-08-03 21:48:01.407: iteration 19 finished in 2.611115 seconds
2020-08-03 21:48:01.461: epoch 19:	0.01528040  	0.01289719  	0.08107477  	0.13714953  	0.04820572  	0.06499862  	0.02972028  	0.03501898  	0.04900944  	0.05300274  
2020-08-03 21:48:03.968: iteration 20 finished in 2.507293 seconds
2020-08-03 21:48:04.020: epoch 20:	0.01514022  	0.01299064  	0.08037383  	0.13808411  	0.04812736  	0.06543103  	0.02981633  	0.03524342  	0.04933505  	0.05353733  
2020-08-03 21:48:06.464: iteration 21 finished in 2.444489 seconds
2020-08-03 21:48:06.514: epoch 21:	0.01509349  	0.01299064  	0.08014019  	0.13785046  	0.04786636  	0.06521876  	0.02958362  	0.03503054  	0.04896420  	0.05321320  
2020-08-03 21:48:09.025: iteration 22 finished in 2.510286 seconds
2020-08-03 21:48:09.078: epoch 22:	0.01500003  	0.01306074  	0.07943925  	0.13878505  	0.04736173  	0.06517520  	0.02920098  	0.03478109  	0.04826418  	0.05265816  
2020-08-03 21:48:11.551: iteration 23 finished in 2.472386 seconds
2020-08-03 21:48:11.601: epoch 23:	0.01514022  	0.01310746  	0.08014019  	0.13948599  	0.04745796  	0.06521233  	0.02913580  	0.03464321  	0.04811823  	0.05254222  
2020-08-03 21:48:14.075: iteration 24 finished in 2.474381 seconds
2020-08-03 21:48:14.125: epoch 24:	0.01514022  	0.01310746  	0.08037383  	0.13948599  	0.04749319  	0.06520143  	0.02911605  	0.03462496  	0.04816961  	0.05255319  
2020-08-03 21:48:16.775: iteration 25 finished in 2.649921 seconds
2020-08-03 21:48:16.830: epoch 25:	0.01523368  	0.01310746  	0.08107477  	0.13948599  	0.04795635  	0.06545448  	0.02944464  	0.03488721  	0.04878006  	0.05308076  
2020-08-03 21:48:19.351: iteration 26 finished in 2.521255 seconds
2020-08-03 21:48:19.401: epoch 26:	0.01528041  	0.01301401  	0.08107477  	0.13831776  	0.04788267  	0.06506400  	0.02933301  	0.03468453  	0.04857237  	0.05284048  
2020-08-03 21:48:21.888: iteration 27 finished in 2.487347 seconds
2020-08-03 21:48:21.939: epoch 27:	0.01537386  	0.01301401  	0.08177570  	0.13831776  	0.04807031  	0.06504597  	0.02933588  	0.03465635  	0.04868567  	0.05281668  
2020-08-03 21:48:24.460: iteration 28 finished in 2.521267 seconds
2020-08-03 21:48:24.512: epoch 28:	0.01546732  	0.01308410  	0.08247664  	0.13901868  	0.04825487  	0.06521200  	0.02937362  	0.03463989  	0.04865136  	0.05280909  
2020-08-03 21:48:27.222: iteration 29 finished in 2.709789 seconds
2020-08-03 21:48:27.277: epoch 29:	0.01551405  	0.01306074  	0.08271028  	0.13878505  	0.04849043  	0.06530067  	0.02954227  	0.03475731  	0.04905876  	0.05318212  
2020-08-03 21:48:29.941: iteration 30 finished in 2.663936 seconds
2020-08-03 21:48:29.995: epoch 30:	0.01546732  	0.01303737  	0.08247664  	0.13855140  	0.04844367  	0.06525494  	0.02954588  	0.03475650  	0.04902316  	0.05315990  
2020-08-03 21:48:32.465: iteration 31 finished in 2.470359 seconds
2020-08-03 21:48:32.518: epoch 31:	0.01546732  	0.01299064  	0.08247664  	0.13808411  	0.04837282  	0.06507161  	0.02945956  	0.03463686  	0.04889521  	0.05305465  
2020-08-03 21:48:35.180: iteration 32 finished in 2.661876 seconds
2020-08-03 21:48:35.231: epoch 32:	0.01537386  	0.01308410  	0.08177570  	0.13901868  	0.04799948  	0.06514996  	0.02920478  	0.03450279  	0.04852582  	0.05279118  
2020-08-03 21:48:37.888: iteration 33 finished in 2.655877 seconds
2020-08-03 21:48:37.939: epoch 33:	0.01537386  	0.01313083  	0.08177570  	0.13948599  	0.04811670  	0.06541282  	0.02934867  	0.03465829  	0.04869011  	0.05306638  
2020-08-03 21:48:40.663: iteration 34 finished in 2.722717 seconds
2020-08-03 21:48:40.924: epoch 34:	0.01537386  	0.01310746  	0.08177570  	0.13925233  	0.04832191  	0.06554902  	0.02956275  	0.03485471  	0.04912106  	0.05347830  
2020-08-03 21:48:43.436: iteration 35 finished in 2.509260 seconds
2020-08-03 21:48:43.487: epoch 35:	0.01546732  	0.01310746  	0.08224299  	0.13925233  	0.04843882  	0.06549818  	0.02954690  	0.03479019  	0.04907822  	0.05334491  
2020-08-03 21:48:46.109: iteration 36 finished in 2.621987 seconds
2020-08-03 21:48:46.161: epoch 36:	0.01551405  	0.01308410  	0.08247664  	0.13855140  	0.04856611  	0.06539898  	0.02961060  	0.03480990  	0.04920562  	0.05338543  
2020-08-03 21:48:48.697: iteration 37 finished in 2.535194 seconds
2020-08-03 21:48:48.748: epoch 37:	0.01560751  	0.01308410  	0.08294392  	0.13855140  	0.04900252  	0.06568663  	0.02997831  	0.03512257  	0.04974097  	0.05389018  
2020-08-03 21:48:51.465: iteration 38 finished in 2.716732 seconds
2020-08-03 21:48:51.517: epoch 38:	0.01570096  	0.01310746  	0.08341122  	0.13878505  	0.04924426  	0.06583872  	0.03009986  	0.03521670  	0.04997572  	0.05406765  
2020-08-03 21:48:54.170: iteration 39 finished in 2.652904 seconds
2020-08-03 21:48:54.223: epoch 39:	0.01574769  	0.01313083  	0.08387850  	0.13925233  	0.04940481  	0.06596747  	0.03016930  	0.03525972  	0.05006787  	0.05413468  
2020-08-03 21:48:56.745: iteration 40 finished in 2.521255 seconds
2020-08-03 21:48:56.793: epoch 40:	0.01565423  	0.01313083  	0.08341122  	0.13925233  	0.04940824  	0.06613003  	0.03035520  	0.03548791  	0.05019249  	0.05434238  
2020-08-03 21:48:59.297: iteration 41 finished in 2.504302 seconds
2020-08-03 21:48:59.349: epoch 41:	0.01570096  	0.01313083  	0.08364486  	0.13925233  	0.04947368  	0.06612492  	0.03036169  	0.03548055  	0.05019508  	0.05431039  
2020-08-03 21:49:01.815: iteration 42 finished in 2.465405 seconds
2020-08-03 21:49:01.864: epoch 42:	0.01556078  	0.01322429  	0.08294392  	0.14042056  	0.04922939  	0.06644706  	0.03025886  	0.03557715  	0.05012962  	0.05437340  
2020-08-03 21:49:04.582: iteration 43 finished in 2.717767 seconds
2020-08-03 21:49:04.636: epoch 43:	0.01560751  	0.01322429  	0.08317757  	0.14042056  	0.04959286  	0.06673253  	0.03060191  	0.03587680  	0.05071707  	0.05496499  
2020-08-03 21:49:07.293: iteration 44 finished in 2.656924 seconds
2020-08-03 21:49:07.345: epoch 44:	0.01570096  	0.01322429  	0.08364486  	0.14065421  	0.04981259  	0.06682791  	0.03072615  	0.03594424  	0.05087209  	0.05507379  
2020-08-03 21:49:10.007: iteration 45 finished in 2.661907 seconds
2020-08-03 21:49:10.059: epoch 45:	0.01574769  	0.01317756  	0.08387850  	0.14018692  	0.04984049  	0.06664369  	0.03071048  	0.03585806  	0.05074099  	0.05490186  
2020-08-03 21:49:12.728: iteration 46 finished in 2.668835 seconds
2020-08-03 21:49:12.783: epoch 46:	0.01579442  	0.01317756  	0.08411215  	0.14042056  	0.04972009  	0.06648685  	0.03050437  	0.03564236  	0.05032877  	0.05445468  
2020-08-03 21:49:15.518: iteration 47 finished in 2.734674 seconds
2020-08-03 21:49:15.576: epoch 47:	0.01574769  	0.01320092  	0.08387850  	0.14065421  	0.04978660  	0.06670005  	0.03062574  	0.03580529  	0.05061824  	0.05479564  
2020-08-03 21:49:18.184: iteration 48 finished in 2.608023 seconds
2020-08-03 21:49:18.235: epoch 48:	0.01579442  	0.01320092  	0.08411215  	0.14065421  	0.04990266  	0.06673874  	0.03068053  	0.03584274  	0.05075119  	0.05488440  
2020-08-03 21:49:20.963: iteration 49 finished in 2.728702 seconds
2020-08-03 21:49:21.016: epoch 49:	0.01579442  	0.01320092  	0.08411215  	0.14042056  	0.04987669  	0.06668623  	0.03065828  	0.03581909  	0.05069556  	0.05484726  
2020-08-03 21:49:23.670: iteration 50 finished in 2.653900 seconds
2020-08-03 21:49:23.724: epoch 50:	0.01579442  	0.01322429  	0.08411215  	0.14065421  	0.04987442  	0.06675208  	0.03065467  	0.03582989  	0.05070131  	0.05487883  
