2020-07-18 21:41:48.188: Dataset name: u1
The number of users: 2445
The number of items: 5829
The number of ratings: 20336
Average actions of users: 8.32
Average actions of items: 3.49
The sparsity of the dataset: 99.857310%
2020-07-18 21:41:48.188: 

NeuRec hyperparameters:
recommender=WRMF
config_dir=./conf
gpu_id=0
gpu_mem=0.5
data.input.path=C:\Users\tensorflow\LYC\INP/_Data/p2p-Gnutella08/5-Fold/u1/
data.input.dataset=u1
data.output.path=C:\Users\tensorflow\LYC\INP/_Data/p2p-Gnutella08/5-Fold/u1/
data.column.format=UI
data.convert.separator='\t'
user_min=0
item_min=0
splitter=given
ratio=0.8
by_time=False
metric=["Precision", "Recall", "NDCG", "MAP", "MRR"]
topk=[10, 20]
group_view=None
rec.evaluate.neg=0
test_batch_size=128
num_thread=8

WRMF's hyperparameters:
epochs=2
embedding_size=128
reg_mf=0.1
alpha=10
init_method=uniform
stddev=0.01
verbose=1

2020-07-18 21:41:48.344: metrics:	Precision@10	Precision@20	Recall@10   	Recall@20   	NDCG@10     	NDCG@20     	MAP@10      	MAP@20      	MRR@10      	MRR@20      
2020-07-18 21:42:16.431: iteration 1 finished in 28.087119 seconds
2020-07-18 21:42:16.478: epoch 1:	0.00897198  	0.00754674  	0.04649533  	0.07855660  	0.02732443  	0.03710037  	0.01616461  	0.01889452  	0.02847259  	0.03173368  
2020-07-18 21:42:44.503: iteration 2 finished in 28.024657 seconds
2020-07-18 21:42:44.565: epoch 2:	0.01387854  	0.01184578  	0.07266355  	0.12383178  	0.04410946  	0.05970310  	0.02742991  	0.03225838  	0.04576270  	0.04993808  
