2020-08-03 21:54:30.002: Dataset name: u1
The number of users: 6627
The number of items: 6537
The number of ratings: 103224
Average actions of users: 15.58
Average actions of items: 15.79
The sparsity of the dataset: 99.761721%
2020-08-03 21:54:30.002: 

NeuRec hyperparameters:
recommender=WRMF
config_dir=./conf
gpu_id=0
gpu_mem=0.5
data.input.path=C:\Users\HyunsikYoo\Desktop\VNE_directed_networks/_Data/wiki-vote/5-fold/u1/
data.input.dataset=u1
data.output.path=C:\Users\HyunsikYoo\Desktop\VNE_directed_networks/_Data/wiki-vote/5-fold/u1/relevance_WRMF_directed_False_user_oriented
data.column.format=UI
data.convert.separator='\t'
user_min=0
item_min=0
splitter=given
ratio=0.8
by_time=False
metric=["Precision", "Recall", "NDCG", "MAP", "MRR"]
topk=[10, 20]
group_view=None
rec.evaluate.neg=0
test_batch_size=128
num_thread=8
data.index.remap=False

WRMF's hyperparameters:
epochs=50
embedding_size=16
reg_mf=0.1
alpha=10
init_method=uniform
stddev=0.01
verbose=1
weight=user_oriented

2020-08-03 21:56:25.677: metrics:	Precision@10	Precision@20	Recall@10   	Recall@20   	NDCG@10     	NDCG@20     	MAP@10      	MAP@20      	MRR@10      	MRR@20      
2020-08-03 21:56:30.723: iteration 1 finished in 5.046539 seconds
2020-08-03 21:56:30.814: epoch 1:	0.02584654  	0.02225237  	0.02945344  	0.05211360  	0.03489288  	0.03960951  	0.01696191  	0.01593725  	0.06683136  	0.07145874  
2020-08-03 21:56:35.998: iteration 2 finished in 5.184173 seconds
2020-08-03 21:56:36.090: epoch 2:	0.06316334  	0.05404208  	0.10438115  	0.17218477  	0.10020763  	0.11788581  	0.05659543  	0.05794421  	0.15796877  	0.16528372  
2020-08-03 21:56:40.878: iteration 3 finished in 4.788192 seconds
2020-08-03 21:56:40.972: epoch 3:	0.07083132  	0.05979298  	0.12599933  	0.20402506  	0.11882091  	0.13890839  	0.06974338  	0.07143138  	0.18325429  	0.19101818  
2020-08-03 21:56:46.198: iteration 4 finished in 5.226053 seconds
2020-08-03 21:56:46.290: epoch 4:	0.07488888  	0.06236488  	0.13674398  	0.21404821  	0.12787628  	0.14767562  	0.07608995  	0.07775012  	0.19463624  	0.20221420  
2020-08-03 21:56:51.206: iteration 5 finished in 4.915825 seconds
2020-08-03 21:56:51.296: epoch 5:	0.07734896  	0.06362689  	0.14329648  	0.21988469  	0.13255048  	0.15194397  	0.07909267  	0.08055416  	0.19985743  	0.20720306  
2020-08-03 21:56:56.217: iteration 6 finished in 4.920811 seconds
2020-08-03 21:56:56.306: epoch 6:	0.07770043  	0.06424993  	0.14399263  	0.22330773  	0.13306858  	0.15307985  	0.07916738  	0.08050796  	0.20155880  	0.20925860  
2020-08-03 21:57:01.208: iteration 7 finished in 4.901858 seconds
2020-08-03 21:57:01.300: epoch 7:	0.07859501  	0.06472915  	0.14467381  	0.22597264  	0.13461103  	0.15496349  	0.08017249  	0.08158196  	0.20477465  	0.21247962  
2020-08-03 21:57:06.597: iteration 8 finished in 5.296931 seconds
2020-08-03 21:57:06.688: epoch 8:	0.07821164  	0.06482502  	0.14468896  	0.22689733  	0.13444662  	0.15529215  	0.07996731  	0.08151450  	0.20509002  	0.21295601  
2020-08-03 21:57:11.818: iteration 9 finished in 5.129329 seconds
2020-08-03 21:57:11.911: epoch 9:	0.07843527  	0.06492085  	0.14635630  	0.22758517  	0.13522305  	0.15583925  	0.08059830  	0.08207460  	0.20537478  	0.21299210  
2020-08-03 21:57:16.971: iteration 10 finished in 5.059472 seconds
2020-08-03 21:57:17.309: epoch 10:	0.07897843  	0.06514449  	0.14828430  	0.22839090  	0.13611923  	0.15635018  	0.08086360  	0.08224704  	0.20705515  	0.21442893  
2020-08-03 21:57:22.395: iteration 11 finished in 5.085402 seconds
2020-08-03 21:57:22.829: epoch 11:	0.07891457  	0.06535216  	0.14891452  	0.23033082  	0.13644676  	0.15714484  	0.08113299  	0.08268190  	0.20750079  	0.21499841  
2020-08-03 21:57:27.773: iteration 12 finished in 4.941752 seconds
2020-08-03 21:57:27.868: epoch 12:	0.07853118  	0.06547996  	0.15009311  	0.23105724  	0.13688305  	0.15787295  	0.08146041  	0.08327498  	0.20810746  	0.21576275  
2020-08-03 21:57:33.077: iteration 13 finished in 5.209084 seconds
2020-08-03 21:57:33.166: epoch 13:	0.07942577  	0.06565569  	0.15097648  	0.23197591  	0.13708554  	0.15767759  	0.08133354  	0.08289810  	0.20709240  	0.21456657  
2020-08-03 21:57:38.096: iteration 14 finished in 4.927792 seconds
2020-08-03 21:57:38.187: epoch 14:	0.07929794  	0.06571958  	0.14956807  	0.23158464  	0.13704850  	0.15793397  	0.08160990  	0.08323130  	0.20748252  	0.21504463  
2020-08-03 21:57:43.078: iteration 15 finished in 4.890917 seconds
2020-08-03 21:57:43.168: epoch 15:	0.07926596  	0.06586338  	0.14815912  	0.23310880  	0.13645065  	0.15804240  	0.08122079  	0.08304063  	0.20640670  	0.21430844  
2020-08-03 21:57:48.480: iteration 16 finished in 5.311776 seconds
2020-08-03 21:57:48.573: epoch 16:	0.07952157  	0.06565570  	0.14963898  	0.23298687  	0.13675933  	0.15777820  	0.08118252  	0.08283984  	0.20611773  	0.21371949  
2020-08-03 21:57:53.577: iteration 17 finished in 5.003615 seconds
2020-08-03 21:57:53.668: epoch 17:	0.07939377  	0.06576752  	0.14944749  	0.23390794  	0.13667896  	0.15806781  	0.08122102  	0.08292066  	0.20616777  	0.21383491  
2020-08-03 21:57:58.595: iteration 18 finished in 4.926831 seconds
2020-08-03 21:57:58.806: epoch 18:	0.07945769  	0.06587934  	0.14965411  	0.23464841  	0.13687691  	0.15844999  	0.08136763  	0.08318661  	0.20636079  	0.21390048  
2020-08-03 21:58:03.776: iteration 19 finished in 4.967710 seconds
2020-08-03 21:58:03.867: epoch 19:	0.07984109  	0.06578349  	0.15038216  	0.23493727  	0.13704656  	0.15827219  	0.08122559  	0.08287643  	0.20650582  	0.21392134  
2020-08-03 21:58:08.938: iteration 20 finished in 5.071422 seconds
2020-08-03 21:58:09.029: epoch 20:	0.07948964  	0.06575154  	0.15006672  	0.23535517  	0.13703933  	0.15855497  	0.08135442  	0.08310951  	0.20717999  	0.21457830  
2020-08-03 21:58:14.193: iteration 21 finished in 5.164239 seconds
2020-08-03 21:58:14.287: epoch 21:	0.07990497  	0.06559179  	0.15132588  	0.23408441  	0.13785595  	0.15853180  	0.08192925  	0.08342763  	0.20791963  	0.21508725  
2020-08-03 21:58:19.413: iteration 22 finished in 5.126290 seconds
2020-08-03 21:58:19.506: epoch 22:	0.08009668  	0.06563972  	0.15251443  	0.23420647  	0.13870463  	0.15909506  	0.08264919  	0.08404322  	0.20859121  	0.21582101  
2020-08-03 21:58:24.190: iteration 23 finished in 4.684444 seconds
2020-08-03 21:58:24.283: epoch 23:	0.07984108  	0.06573556  	0.15268904  	0.23493664  	0.13843238  	0.15911396  	0.08224051  	0.08379360  	0.20864810  	0.21584104  
2020-08-03 21:58:29.325: iteration 24 finished in 5.041522 seconds
2020-08-03 21:58:29.415: epoch 24:	0.08000083  	0.06573556  	0.15295385  	0.23481263  	0.13840160  	0.15893739  	0.08219034  	0.08364444  	0.20815189  	0.21536791  
2020-08-03 21:58:34.318: iteration 25 finished in 4.902858 seconds
2020-08-03 21:58:34.804: epoch 25:	0.08006472  	0.06555986  	0.15310712  	0.23466885  	0.13883846  	0.15914448  	0.08263364  	0.08398017  	0.20910361  	0.21630763  
2020-08-03 21:58:39.818: iteration 26 finished in 5.011598 seconds
2020-08-03 21:58:39.906: epoch 26:	0.08006474  	0.06557585  	0.15301383  	0.23442116  	0.13877076  	0.15905952  	0.08256841  	0.08386064  	0.20935063  	0.21659657  
2020-08-03 21:58:45.048: iteration 27 finished in 5.141277 seconds
2020-08-03 21:58:45.137: epoch 27:	0.08006474  	0.06557583  	0.15288606  	0.23428008  	0.13870576  	0.15903352  	0.08251085  	0.08385478  	0.20946558  	0.21674778  
2020-08-03 21:58:49.969: iteration 28 finished in 4.831077 seconds
2020-08-03 21:58:50.060: epoch 28:	0.07996888  	0.06547999  	0.15337941  	0.23400183  	0.13903144  	0.15922576  	0.08276734  	0.08414508  	0.21012092  	0.21739192  
2020-08-03 21:58:54.944: iteration 29 finished in 4.883910 seconds
2020-08-03 21:58:55.038: epoch 29:	0.07987303  	0.06544803  	0.15312287  	0.23343907  	0.13904838  	0.15924679  	0.08285185  	0.08431906  	0.21032652  	0.21756271  
2020-08-03 21:58:59.816: iteration 30 finished in 4.778244 seconds
2020-08-03 21:58:59.906: epoch 30:	0.07980914  	0.06568766  	0.15262051  	0.23537584  	0.13879806  	0.15967798  	0.08268830  	0.08432061  	0.21007086  	0.21748577  
2020-08-03 21:59:04.723: iteration 31 finished in 4.817087 seconds
2020-08-03 21:59:04.814: epoch 31:	0.07974523  	0.06575156  	0.15192337  	0.23630784  	0.13831098  	0.15962815  	0.08235426  	0.08411208  	0.20925683  	0.21685669  
2020-08-03 21:59:10.142: iteration 32 finished in 5.327767 seconds
2020-08-03 21:59:10.232: epoch 32:	0.07990498  	0.06573559  	0.15188032  	0.23614357  	0.13869773  	0.15988670  	0.08275973  	0.08448156  	0.20996515  	0.21747400  
2020-08-03 21:59:15.060: iteration 33 finished in 4.828090 seconds
2020-08-03 21:59:15.152: epoch 33:	0.07974525  	0.06587935  	0.15176012  	0.23724967  	0.13849154  	0.16008803  	0.08261462  	0.08443946  	0.20969839  	0.21733619  
2020-08-03 21:59:19.835: iteration 34 finished in 4.681478 seconds
2020-08-03 21:59:19.925: epoch 34:	0.07974524  	0.06586337  	0.15186796  	0.23711331  	0.13854855  	0.16007933  	0.08263733  	0.08449198  	0.20981796  	0.21739167  
2020-08-03 21:59:25.223: iteration 35 finished in 5.297969 seconds
2020-08-03 21:59:25.314: epoch 35:	0.07984110  	0.06589532  	0.15237965  	0.23701566  	0.13869871  	0.16007805  	0.08259542  	0.08443784  	0.21005318  	0.21751830  
2020-08-03 21:59:30.015: iteration 36 finished in 4.700426 seconds
2020-08-03 21:59:30.104: epoch 36:	0.07990501  	0.06589533  	0.15270628  	0.23727810  	0.13884988  	0.16020469  	0.08268223  	0.08451869  	0.21018857  	0.21763380  
2020-08-03 21:59:34.927: iteration 37 finished in 4.823098 seconds
2020-08-03 21:59:35.019: epoch 37:	0.07993696  	0.06592727  	0.15280235  	0.23739089  	0.13911611  	0.16051131  	0.08305357  	0.08494324  	0.21024548  	0.21768682  
2020-08-03 21:59:39.777: iteration 38 finished in 4.758272 seconds
2020-08-03 21:59:39.872: epoch 38:	0.07993696  	0.06594326  	0.15294011  	0.23685573  	0.13899128  	0.16026887  	0.08289342  	0.08479264  	0.20998001  	0.21731721  
2020-08-03 21:59:44.932: iteration 39 finished in 5.059504 seconds
2020-08-03 21:59:45.023: epoch 39:	0.07990501  	0.06602313  	0.15328853  	0.23706119  	0.13920061  	0.16052996  	0.08309889  	0.08502124  	0.21023723  	0.21757537  
2020-08-03 21:59:49.893: iteration 40 finished in 4.868949 seconds
2020-08-03 21:59:49.981: epoch 40:	0.08000086  	0.06608702  	0.15345834  	0.23662160  	0.13911392  	0.16030273  	0.08291560  	0.08478696  	0.20996322  	0.21728820  
2020-08-03 21:59:54.831: iteration 41 finished in 4.849029 seconds
2020-08-03 21:59:54.922: epoch 41:	0.08006475  	0.06615093  	0.15388913  	0.23689950  	0.13925570  	0.16040306  	0.08298709  	0.08484310  	0.20987600  	0.21718867  
2020-08-03 21:59:59.717: iteration 42 finished in 4.795146 seconds
2020-08-03 21:59:59.807: epoch 42:	0.08000085  	0.06611897  	0.15362398  	0.23717099  	0.13908938  	0.16037375  	0.08288248  	0.08478525  	0.20952992  	0.21689518  
2020-08-03 22:00:04.670: iteration 43 finished in 4.862967 seconds
2020-08-03 22:00:04.834: epoch 43:	0.07996889  	0.06615093  	0.15331446  	0.23707286  	0.13874745  	0.16012190  	0.08257798  	0.08451963  	0.20887008  	0.21631721  
2020-08-03 22:00:09.927: iteration 44 finished in 5.091383 seconds
2020-08-03 22:00:10.016: epoch 44:	0.07984110  	0.06613495  	0.15356436  	0.23705898  	0.13869856  	0.16006276  	0.08254038  	0.08447863  	0.20862398  	0.21608903  
2020-08-03 22:00:15.194: iteration 45 finished in 5.178155 seconds
2020-08-03 22:00:15.287: epoch 45:	0.07990500  	0.06607106  	0.15296268  	0.23609142  	0.13849817  	0.15973842  	0.08240755  	0.08430632  	0.20846170  	0.21590056  
2020-08-03 22:00:20.063: iteration 46 finished in 4.776234 seconds
2020-08-03 22:00:20.154: epoch 46:	0.07993693  	0.06613495  	0.15272145  	0.23642214  	0.13853478  	0.15991902  	0.08249488  	0.08443455  	0.20872021  	0.21613385  
2020-08-03 22:00:24.952: iteration 47 finished in 4.798141 seconds
2020-08-03 22:00:25.045: epoch 47:	0.07980914  	0.06618287  	0.15245768  	0.23653425  	0.13852346  	0.16007379  	0.08257552  	0.08463829  	0.20860016  	0.21601138  
2020-08-03 22:00:30.048: iteration 48 finished in 5.003684 seconds
2020-08-03 22:00:30.141: epoch 48:	0.07984108  	0.06618287  	0.15269439  	0.23652367  	0.13868494  	0.16017741  	0.08267815  	0.08472953  	0.20889781  	0.21635547  
2020-08-03 22:00:35.116: iteration 49 finished in 4.974710 seconds
2020-08-03 22:00:35.209: epoch 49:	0.07974525  	0.06611899  	0.15272303  	0.23685439  	0.13863863  	0.16021654  	0.08264223  	0.08470662  	0.20883177  	0.21635464  
2020-08-03 22:00:40.244: iteration 50 finished in 5.035510 seconds
2020-08-03 22:00:40.333: epoch 50:	0.07980914  	0.06605508  	0.15287484  	0.23663250  	0.13871767  	0.16014659  	0.08267829  	0.08469974  	0.20882502  	0.21629673  
