2020-08-03 20:04:40.656: Dataset name: u1
The number of users: 1335
The number of items: 1777
The number of ratings: 20192
Average actions of users: 15.13
Average actions of items: 11.36
The sparsity of the dataset: 99.148841%
2020-08-03 20:04:40.657: 

NeuRec hyperparameters:
recommender=WRMF
config_dir=./conf
gpu_id=0
gpu_mem=0.5
data.input.path=C:\Users\HyunsikYoo\Desktop\VNE_directed_networks/_Data/uci/5-fold/u1/
data.input.dataset=u1
data.output.path=C:\Users\HyunsikYoo\Desktop\VNE_directed_networks/_Data/uci/5-fold/u1/relevance_WRMF_directed_True_uniform
data.column.format=UI
data.convert.separator='\t'
user_min=0
item_min=0
splitter=given
ratio=0.8
by_time=False
metric=["Precision", "Recall", "NDCG", "MAP", "MRR"]
topk=[10, 20]
group_view=None
rec.evaluate.neg=0
test_batch_size=128
num_thread=8
data.index.remap=True

WRMF's hyperparameters:
epochs=50
embedding_size=16
reg_mf=0.1
alpha=10
init_method=uniform
stddev=0.01
verbose=1
weight=uniform

2020-08-03 20:04:47.194: metrics:	Precision@10	Precision@20	Recall@10   	Recall@20   	NDCG@10     	NDCG@20     	MAP@10      	MAP@20      	MRR@10      	MRR@20      
2020-08-03 20:04:48.118: iteration 1 finished in 0.922533 seconds
2020-08-03 20:04:48.145: epoch 1:	0.01467067  	0.01297408  	0.03776899  	0.06240765  	0.02704923  	0.03514969  	0.01323675  	0.01464750  	0.04373553  	0.04852445  
2020-08-03 20:04:49.018: iteration 2 finished in 0.872664 seconds
2020-08-03 20:04:49.041: epoch 2:	0.02455095  	0.02195606  	0.06810717  	0.11510404  	0.04865980  	0.06439283  	0.02514065  	0.02839982  	0.07476950  	0.08251424  
2020-08-03 20:04:49.886: iteration 3 finished in 0.844741 seconds
2020-08-03 20:04:49.908: epoch 3:	0.03133739  	0.02554885  	0.08418269  	0.13392846  	0.06098126  	0.07670651  	0.03152808  	0.03467849  	0.09430028  	0.10134140  
2020-08-03 20:04:50.729: iteration 4 finished in 0.820804 seconds
2020-08-03 20:04:50.752: epoch 4:	0.03373258  	0.02769454  	0.08806105  	0.14506304  	0.06536731  	0.08316761  	0.03432746  	0.03806850  	0.10113742  	0.10855973  
2020-08-03 20:04:51.594: iteration 5 finished in 0.842746 seconds
2020-08-03 20:04:51.617: epoch 5:	0.03502996  	0.02819354  	0.08745886  	0.15268953  	0.06724437  	0.08685725  	0.03600239  	0.04035757  	0.10388076  	0.11155099  
2020-08-03 20:04:52.440: iteration 6 finished in 0.822799 seconds
2020-08-03 20:04:52.463: epoch 6:	0.03612776  	0.02949093  	0.09210786  	0.15945230  	0.06964543  	0.09025281  	0.03763268  	0.04219587  	0.10496707  	0.11315542  
2020-08-03 20:04:53.262: iteration 7 finished in 0.798864 seconds
2020-08-03 20:04:53.286: epoch 7:	0.03612776  	0.02979034  	0.09268392  	0.16391386  	0.06995538  	0.09177032  	0.03774479  	0.04261557  	0.10535558  	0.11443642  
2020-08-03 20:04:54.129: iteration 8 finished in 0.842745 seconds
2020-08-03 20:04:54.152: epoch 8:	0.03652695  	0.03028934  	0.09599332  	0.16539751  	0.07118107  	0.09286593  	0.03778378  	0.04287195  	0.10831276  	0.11662019  
2020-08-03 20:04:54.996: iteration 9 finished in 0.843743 seconds
2020-08-03 20:04:55.020: epoch 9:	0.03692615  	0.03043904  	0.09973490  	0.16463155  	0.07269048  	0.09314205  	0.03826039  	0.04291810  	0.11123305  	0.11888595  
2020-08-03 20:04:55.866: iteration 10 finished in 0.845737 seconds
2020-08-03 20:04:55.888: epoch 10:	0.03762475  	0.03063863  	0.10156169  	0.16304861  	0.07343647  	0.09302653  	0.03857369  	0.04281913  	0.11102752  	0.11883163  
2020-08-03 20:04:56.730: iteration 11 finished in 0.840715 seconds
2020-08-03 20:04:56.751: epoch 11:	0.03822355  	0.03133724  	0.10003620  	0.16387504  	0.07245293  	0.09289904  	0.03740490  	0.04194025  	0.10943826  	0.11736961  
2020-08-03 20:04:57.598: iteration 12 finished in 0.846735 seconds
2020-08-03 20:04:57.621: epoch 12:	0.03922154  	0.03143703  	0.10568653  	0.16261533  	0.07405894  	0.09253424  	0.03779297  	0.04183625  	0.10990164  	0.11710528  
2020-08-03 20:04:58.467: iteration 13 finished in 0.845712 seconds
2020-08-03 20:04:58.490: epoch 13:	0.03912174  	0.03168653  	0.10414602  	0.16529998  	0.07444639  	0.09409927  	0.03843601  	0.04286757  	0.11237171  	0.11955345  
2020-08-03 20:04:59.333: iteration 14 finished in 0.841748 seconds
2020-08-03 20:04:59.355: epoch 14:	0.03952094  	0.03188613  	0.10171198  	0.16615805  	0.07515138  	0.09548081  	0.03962469  	0.04430242  	0.11504216  	0.12236962  
2020-08-03 20:05:00.201: iteration 15 finished in 0.846735 seconds
2020-08-03 20:05:00.224: epoch 15:	0.04071853  	0.03218554  	0.10643905  	0.16829579  	0.07712629  	0.09643889  	0.04051176  	0.04471121  	0.11665558  	0.12374532  
2020-08-03 20:05:01.077: iteration 16 finished in 0.852718 seconds
2020-08-03 20:05:01.102: epoch 16:	0.04031933  	0.03238513  	0.10512866  	0.16770896  	0.07651745  	0.09639178  	0.04036191  	0.04481721  	0.11560372  	0.12290912  
2020-08-03 20:05:01.902: iteration 17 finished in 0.799860 seconds
2020-08-03 20:05:01.925: epoch 17:	0.03992014  	0.03228533  	0.10358956  	0.16768533  	0.07632694  	0.09676782  	0.04065592  	0.04523499  	0.11609045  	0.12381008  
2020-08-03 20:05:02.766: iteration 18 finished in 0.840751 seconds
2020-08-03 20:05:02.789: epoch 18:	0.04001994  	0.03228533  	0.10504632  	0.17025414  	0.07682189  	0.09742678  	0.04103269  	0.04557927  	0.11539619  	0.12343927  
2020-08-03 20:05:03.605: iteration 19 finished in 0.815817 seconds
2020-08-03 20:05:03.627: epoch 19:	0.03952093  	0.03228533  	0.10246925  	0.17342755  	0.07583216  	0.09778482  	0.04052968  	0.04543874  	0.11531539  	0.12365233  
2020-08-03 20:05:04.469: iteration 20 finished in 0.841722 seconds
2020-08-03 20:05:04.492: epoch 20:	0.03942113  	0.03243503  	0.10160321  	0.17447014  	0.07491116  	0.09748165  	0.03986876  	0.04497950  	0.11248259  	0.12084427  
2020-08-03 20:05:05.299: iteration 21 finished in 0.806842 seconds
2020-08-03 20:05:05.323: epoch 21:	0.03852294  	0.03253483  	0.09925208  	0.17331158  	0.07444689  	0.09776629  	0.04010630  	0.04541550  	0.11307623  	0.12208048  
2020-08-03 20:05:06.148: iteration 22 finished in 0.825791 seconds
2020-08-03 20:05:06.171: epoch 22:	0.03822355  	0.03228533  	0.09908849  	0.17256306  	0.07456507  	0.09766195  	0.04034874  	0.04551059  	0.11366750  	0.12270224  
2020-08-03 20:05:07.019: iteration 23 finished in 0.847732 seconds
2020-08-03 20:05:07.041: epoch 23:	0.03822355  	0.03248493  	0.09997004  	0.17257835  	0.07518426  	0.09811874  	0.04067346  	0.04577535  	0.11577360  	0.12471961  
2020-08-03 20:05:07.886: iteration 24 finished in 0.844741 seconds
2020-08-03 20:05:07.908: epoch 24:	0.03802394  	0.03253483  	0.09927379  	0.17196351  	0.07453404  	0.09761406  	0.04034602  	0.04547851  	0.11395662  	0.12301742  
2020-08-03 20:05:08.756: iteration 25 finished in 0.848729 seconds
2020-08-03 20:05:08.778: epoch 25:	0.03812375  	0.03218554  	0.09986076  	0.17119890  	0.07460716  	0.09722010  	0.04028452  	0.04533780  	0.11427183  	0.12317193  
2020-08-03 20:05:09.626: iteration 26 finished in 0.847732 seconds
2020-08-03 20:05:09.649: epoch 26:	0.03882235  	0.03233524  	0.10105617  	0.17003547  	0.07522069  	0.09700990  	0.04052136  	0.04534814  	0.11439304  	0.12273617  
2020-08-03 20:05:10.448: iteration 27 finished in 0.798862 seconds
2020-08-03 20:05:10.471: epoch 27:	0.03902194  	0.03228534  	0.10153081  	0.16825356  	0.07510269  	0.09633686  	0.04023223  	0.04503366  	0.11398631  	0.12183466  
2020-08-03 20:05:11.319: iteration 28 finished in 0.847733 seconds
2020-08-03 20:05:11.341: epoch 28:	0.03872254  	0.03248493  	0.10276444  	0.17236164  	0.07509188  	0.09715898  	0.04021923  	0.04506228  	0.11322910  	0.12178127  
2020-08-03 20:05:12.188: iteration 29 finished in 0.846725 seconds
2020-08-03 20:05:12.211: epoch 29:	0.03832335  	0.03208574  	0.10238013  	0.16935290  	0.07543686  	0.09694961  	0.04080479  	0.04551780  	0.11443938  	0.12297259  
2020-08-03 20:05:13.057: iteration 30 finished in 0.845738 seconds
2020-08-03 20:05:13.080: epoch 30:	0.03792415  	0.03203584  	0.10070834  	0.17072172  	0.07452251  	0.09687365  	0.04031565  	0.04531648  	0.11327306  	0.12195497  
2020-08-03 20:05:13.929: iteration 31 finished in 0.848729 seconds
2020-08-03 20:05:13.950: epoch 31:	0.03782435  	0.03188613  	0.09990238  	0.17013964  	0.07438809  	0.09681237  	0.04036766  	0.04541981  	0.11321210  	0.12200336  
2020-08-03 20:05:14.794: iteration 32 finished in 0.843761 seconds
2020-08-03 20:05:14.817: epoch 32:	0.03812375  	0.03208574  	0.10006316  	0.17289890  	0.07496100  	0.09791644  	0.04079796  	0.04590749  	0.11472652  	0.12370737  
2020-08-03 20:05:15.662: iteration 33 finished in 0.843743 seconds
2020-08-03 20:05:15.682: epoch 33:	0.03782435  	0.03198593  	0.09898649  	0.17179558  	0.07436892  	0.09736973  	0.04037485  	0.04552458  	0.11467069  	0.12370495  
2020-08-03 20:05:16.536: iteration 34 finished in 0.850724 seconds
2020-08-03 20:05:16.559: epoch 34:	0.03802395  	0.03203583  	0.10031030  	0.17186876  	0.07498991  	0.09767430  	0.04082910  	0.04586892  	0.11484258  	0.12396060  
2020-08-03 20:05:17.414: iteration 35 finished in 0.855711 seconds
2020-08-03 20:05:17.439: epoch 35:	0.03872254  	0.03198593  	0.10240035  	0.17175677  	0.07594198  	0.09773082  	0.04133216  	0.04607672  	0.11483584  	0.12353531  
2020-08-03 20:05:18.245: iteration 36 finished in 0.805843 seconds
2020-08-03 20:05:18.268: epoch 36:	0.03902194  	0.03223543  	0.10238201  	0.17248783  	0.07572172  	0.09767719  	0.04096626  	0.04573754  	0.11432850  	0.12316222  
2020-08-03 20:05:19.098: iteration 37 finished in 0.827786 seconds
2020-08-03 20:05:19.120: epoch 37:	0.03882234  	0.03233523  	0.10235526  	0.17345743  	0.07563283  	0.09790011  	0.04088612  	0.04578187  	0.11432850  	0.12303859  
2020-08-03 20:05:19.927: iteration 38 finished in 0.807839 seconds
2020-08-03 20:05:19.948: epoch 38:	0.03892214  	0.03223543  	0.10266222  	0.17315513  	0.07563027  	0.09765089  	0.04086062  	0.04566129  	0.11373324  	0.12235097  
2020-08-03 20:05:20.751: iteration 39 finished in 0.801855 seconds
2020-08-03 20:05:20.774: epoch 39:	0.03912174  	0.03228534  	0.10377667  	0.17386204  	0.07612305  	0.09797360  	0.04109235  	0.04578573  	0.11420295  	0.12276854  
2020-08-03 20:05:21.623: iteration 40 finished in 0.847733 seconds
2020-08-03 20:05:21.646: epoch 40:	0.03942113  	0.03188613  	0.10513347  	0.17214641  	0.07694323  	0.09769531  	0.04153791  	0.04591390  	0.11540335  	0.12369091  
2020-08-03 20:05:22.497: iteration 41 finished in 0.850697 seconds
2020-08-03 20:05:22.520: epoch 41:	0.03942113  	0.03183623  	0.10485031  	0.17097421  	0.07727693  	0.09773957  	0.04190782  	0.04625396  	0.11613480  	0.12410256  
2020-08-03 20:05:23.369: iteration 42 finished in 0.849727 seconds
2020-08-03 20:05:23.390: epoch 42:	0.04001993  	0.03183623  	0.10739976  	0.17159614  	0.07841177  	0.09816473  	0.04232604  	0.04646851  	0.11753560  	0.12510949  
2020-08-03 20:05:24.234: iteration 43 finished in 0.843743 seconds
2020-08-03 20:05:24.257: epoch 43:	0.03942113  	0.03168653  	0.10545366  	0.17187890  	0.07793646  	0.09840097  	0.04227100  	0.04667502  	0.11842035  	0.12625386  
2020-08-03 20:05:25.080: iteration 44 finished in 0.822877 seconds
2020-08-03 20:05:25.101: epoch 44:	0.03992013  	0.03178634  	0.10649656  	0.17234661  	0.07845925  	0.09862982  	0.04246430  	0.04680257  	0.11882985  	0.12643251  
2020-08-03 20:05:25.946: iteration 45 finished in 0.845737 seconds
2020-08-03 20:05:25.969: epoch 45:	0.03942113  	0.03163663  	0.10560104  	0.17043257  	0.07825340  	0.09841300  	0.04256654  	0.04692778  	0.11952925  	0.12720692  
2020-08-03 20:05:26.769: iteration 46 finished in 0.799860 seconds
2020-08-03 20:05:26.803: epoch 46:	0.03952093  	0.03168653  	0.10664704  	0.16964313  	0.07849099  	0.09822242  	0.04254252  	0.04676710  	0.12005834  	0.12763935  
2020-08-03 20:05:27.622: iteration 47 finished in 0.817813 seconds
2020-08-03 20:05:27.645: epoch 47:	0.03982033  	0.03198593  	0.10807198  	0.17295828  	0.07931703  	0.09952777  	0.04302594  	0.04732713  	0.12116446  	0.12889931  
2020-08-03 20:05:28.502: iteration 48 finished in 0.855917 seconds
2020-08-03 20:05:28.525: epoch 48:	0.03942113  	0.03203584  	0.10508627  	0.17398760  	0.07847738  	0.09981947  	0.04279784  	0.04746200  	0.12061397  	0.12861520  
2020-08-03 20:05:29.386: iteration 49 finished in 0.860701 seconds
2020-08-03 20:05:29.410: epoch 49:	0.03972053  	0.03193604  	0.10605814  	0.17284155  	0.07870504  	0.09944869  	0.04276039  	0.04731973  	0.12041043  	0.12822007  
2020-08-03 20:05:30.261: iteration 50 finished in 0.849728 seconds
2020-08-03 20:05:30.285: epoch 50:	0.03972053  	0.03178634  	0.10721257  	0.17152306  	0.07932349  	0.09943003  	0.04331141  	0.04773828  	0.12083180  	0.12839299  
