2020-08-01 11:51:48.460: Dataset name: u1
The number of users: 6417
The number of items: 6406
The number of ratings: 53871
Average actions of users: 8.40
Average actions of items: 8.41
The sparsity of the dataset: 99.868950%
2020-08-01 11:51:48.460: 

NeuRec hyperparameters:
recommender=WRMF
config_dir=./conf
gpu_id=0
gpu_mem=0.5
data.input.path=C:\Users\HyunsikYoo\Desktop\VNE_directed_networks/_Data/jdk/5-fold/u1/
data.input.dataset=u1
data.output.path=C:\Users\HyunsikYoo\Desktop\VNE_directed_networks/_Data/jdk/5-fold/u1/relevance_WRMF_directed_False_uniform
data.column.format=UI
data.convert.separator='\t'
user_min=0
item_min=0
splitter=given
ratio=0.8
by_time=False
metric=["Precision", "Recall", "NDCG", "MAP", "MRR"]
topk=[10, 20]
group_view=None
rec.evaluate.neg=0
test_batch_size=128
num_thread=8
data.index.remap=False

WRMF's hyperparameters:
epochs=2
embedding_size=16
reg_mf=0.1
alpha=10
init_method=uniform
stddev=0.01
verbose=1
weight=uniform

2020-08-01 11:53:37.123: metrics:	Precision@10	Precision@20	Recall@10   	Recall@20   	NDCG@10     	NDCG@20     	MAP@10      	MAP@20      	MRR@10      	MRR@20      
2020-08-01 11:53:42.208: iteration 1 finished in 5.084186 seconds
2020-08-01 11:53:42.357: epoch 1:	0.09304278  	0.05749040  	0.54065406  	0.60460120  	0.45277637  	0.47163928  	0.39196956  	0.39942732  	0.47575900  	0.47936594  
2020-08-01 11:53:47.203: iteration 2 finished in 4.845953 seconds
2020-08-01 11:53:47.353: epoch 2:	0.13562851  	0.07533111  	0.72630519  	0.76658142  	0.67977911  	0.68917996  	0.63244432  	0.63478953  	0.71895462  	0.72052777  
