2021-12-14 19:39:04.518: Dataset name: u1
The number of users: 6289
The number of items: 6289
The number of ratings: 20764
Average actions of users: 3.30
Average actions of items: 3.30
The sparsity of the dataset: 99.947501%
2021-12-14 19:39:04.519: 

NeuRec hyperparameters:
recommender=WRMF
config_dir=./conf
gpu_id=0
gpu_mem=0.5
data.input.path=D:\hsyoo\Workingon_210628/_Data/p2p-Gnutella08/random-barrier/u1/
data.input.dataset=u1
data.output.path=D:\hsyoo\Workingon_210628/_Emb/p2p-Gnutella08/random-barrier/wrmf/u1_wrmf_directed_dim16_uniform_send.emb
data.column.format=UI
data.convert.separator='\t'
user_min=0
item_min=0
splitter=given
ratio=0.8
by_time=False
metric=["Precision", "Recall", "NDCG", "MAP", "MRR"]
topk=[10, 20]
group_view=None
rec.evaluate.neg=0
test_batch_size=128
num_thread=8
data.index.remap=False

WRMF's hyperparameters:
epochs=50
embedding_size=16
reg_mf=0.1
alpha=10
init_method=uniform
stddev=0.01
verbose=1
weight=uniform

2021-12-14 19:40:47.225: metrics:	Precision@10	Precision@20	Recall@10   	Recall@20   	NDCG@10     	NDCG@20     	MAP@10      	MAP@20      	MRR@10      	MRR@20      
2021-12-14 19:40:52.805: iteration 1 finished in 5.580544 seconds
2021-12-14 19:40:52.868: epoch 1:	0.00876641  	0.00818899  	0.03615923  	0.06831147  	0.02294076  	0.03320123  	0.01353334  	0.01639663  	0.02620026  	0.02966503  
2021-12-14 19:40:57.244: iteration 2 finished in 4.375819 seconds
2021-12-14 19:40:57.291: epoch 2:	0.01370081  	0.01278214  	0.05794402  	0.10576553  	0.03542442  	0.05087484  	0.02064467  	0.02540501  	0.03847872  	0.04263937  
2021-12-14 19:41:01.672: iteration 3 finished in 4.381403 seconds
2021-12-14 19:41:01.719: epoch 3:	0.01685042  	0.01482938  	0.07144359  	0.12538059  	0.04274290  	0.06006986  	0.02493224  	0.03047659  	0.04530142  	0.04966083  
2021-12-14 19:41:06.074: iteration 4 finished in 4.355155 seconds
2021-12-14 19:41:06.121: epoch 4:	0.01816275  	0.01540680  	0.07760280  	0.13096240  	0.04649822  	0.06352604  	0.02711536  	0.03249055  	0.04964797  	0.05392855  
2021-12-14 19:41:10.483: iteration 5 finished in 4.361859 seconds
2021-12-14 19:41:10.514: epoch 5:	0.01874017  	0.01577426  	0.07954504  	0.13323712  	0.04751385  	0.06464975  	0.02752571  	0.03309615  	0.05042182  	0.05438234  
2021-12-14 19:41:14.905: iteration 6 finished in 4.391508 seconds
2021-12-14 19:41:14.937: epoch 6:	0.01826774  	0.01548555  	0.07696412  	0.13122489  	0.04657288  	0.06390874  	0.02738340  	0.03292909  	0.04895263  	0.05328986  
2021-12-14 19:41:19.305: iteration 7 finished in 4.368464 seconds
2021-12-14 19:41:19.352: epoch 7:	0.01863519  	0.01574801  	0.07961503  	0.13377959  	0.04730945  	0.06458921  	0.02765754  	0.03315509  	0.04874663  	0.05299415  
2021-12-14 19:41:23.749: iteration 8 finished in 4.396743 seconds
2021-12-14 19:41:23.791: epoch 8:	0.01858269  	0.01595799  	0.07895888  	0.13688542  	0.04756746  	0.06580462  	0.02814447  	0.03393669  	0.04927968  	0.05370631  
2021-12-14 19:41:28.176: iteration 9 finished in 4.385273 seconds
2021-12-14 19:41:28.220: epoch 9:	0.01858269  	0.01614171  	0.07859142  	0.13837270  	0.04738008  	0.06622989  	0.02788722  	0.03392646  	0.04930113  	0.05387726  
2021-12-14 19:41:32.624: iteration 10 finished in 4.404222 seconds
2021-12-14 19:41:32.666: epoch 10:	0.01889765  	0.01606297  	0.07971127  	0.13804901  	0.04771830  	0.06604113  	0.02805434  	0.03391237  	0.04887763  	0.05331811  
2021-12-14 19:41:37.059: iteration 11 finished in 4.393251 seconds
2021-12-14 19:41:37.103: epoch 11:	0.01916011  	0.01614171  	0.08029744  	0.13870516  	0.04803946  	0.06622990  	0.02822011  	0.03403399  	0.04900866  	0.05322246  
2021-12-14 19:41:41.516: iteration 12 finished in 4.413199 seconds
2021-12-14 19:41:41.558: epoch 12:	0.01916011  	0.01603672  	0.08016621  	0.13749783  	0.04809425  	0.06598600  	0.02830084  	0.03403729  	0.04918906  	0.05333809  
2021-12-14 19:41:45.944: iteration 13 finished in 4.386270 seconds
2021-12-14 19:41:45.987: epoch 13:	0.01910762  	0.01595798  	0.08016621  	0.13657920  	0.04837883  	0.06606957  	0.02850968  	0.03421697  	0.05018039  	0.05428004  
2021-12-14 19:41:50.390: iteration 14 finished in 4.402227 seconds
2021-12-14 19:41:50.432: epoch 14:	0.01910762  	0.01595798  	0.07944006  	0.13664046  	0.04829323  	0.06614225  	0.02860289  	0.03438458  	0.05011915  	0.05419266  
2021-12-14 19:41:54.813: iteration 15 finished in 4.380285 seconds
2021-12-14 19:41:54.855: epoch 15:	0.01916011  	0.01601048  	0.07996499  	0.13650922  	0.04775590  	0.06547551  	0.02777477  	0.03351679  	0.04907407  	0.05308721  
2021-12-14 19:41:59.257: iteration 16 finished in 4.402227 seconds
2021-12-14 19:41:59.299: epoch 16:	0.01910762  	0.01608922  	0.07996498  	0.13700792  	0.04786857  	0.06575877  	0.02795070  	0.03371797  	0.04927487  	0.05340131  
2021-12-14 19:42:03.698: iteration 17 finished in 4.399236 seconds
2021-12-14 19:42:03.743: epoch 17:	0.01905513  	0.01606297  	0.07965878  	0.13661422  	0.04814622  	0.06604011  	0.02831677  	0.03406739  	0.05012851  	0.05430425  
2021-12-14 19:42:08.135: iteration 18 finished in 4.392254 seconds
2021-12-14 19:42:08.178: epoch 18:	0.01889765  	0.01614171  	0.07891513  	0.13748911  	0.04763782  	0.06603692  	0.02788837  	0.03379665  	0.04972481  	0.05405128  
2021-12-14 19:42:12.562: iteration 19 finished in 4.384428 seconds
2021-12-14 19:42:12.594: epoch 19:	0.01889765  	0.01614171  	0.07885389  	0.13722664  	0.04753488  	0.06590477  	0.02782052  	0.03370673  	0.04943401  	0.05382539  
2021-12-14 19:42:16.986: iteration 20 finished in 4.392044 seconds
2021-12-14 19:42:17.033: epoch 20:	0.01879266  	0.01611547  	0.07848644  	0.13692042  	0.04736988  	0.06579528  	0.02769984  	0.03362296  	0.04942651  	0.05384449  
2021-12-14 19:42:21.408: iteration 21 finished in 4.375809 seconds
2021-12-14 19:42:21.455: epoch 21:	0.01863519  	0.01611547  	0.07717409  	0.13636924  	0.04678184  	0.06549923  	0.02736890  	0.03340850  	0.04893306  	0.05348800  
2021-12-14 19:42:25.874: iteration 22 finished in 4.418384 seconds
2021-12-14 19:42:25.915: epoch 22:	0.01863519  	0.01614171  	0.07717409  	0.13636924  	0.04642673  	0.06517901  	0.02691483  	0.03298809  	0.04837582  	0.05294287  
2021-12-14 19:42:30.343: iteration 23 finished in 4.428158 seconds
2021-12-14 19:42:30.384: epoch 23:	0.01879266  	0.01614171  	0.07831145  	0.13639550  	0.04667035  	0.06507896  	0.02686235  	0.03279084  	0.04852081  	0.05303258  
2021-12-14 19:42:34.814: iteration 24 finished in 4.430152 seconds
2021-12-14 19:42:34.856: epoch 24:	0.01889765  	0.01616796  	0.07861767  	0.13665795  	0.04691155  	0.06524882  	0.02707440  	0.03290596  	0.04872829  	0.05329414  
2021-12-14 19:42:39.292: iteration 25 finished in 4.436136 seconds
2021-12-14 19:42:39.333: epoch 25:	0.01905513  	0.01619421  	0.07931758  	0.13687669  	0.04724837  	0.06540337  	0.02719944  	0.03296221  	0.04919280  	0.05368244  
2021-12-14 19:42:43.766: iteration 26 finished in 4.433144 seconds
2021-12-14 19:42:43.806: epoch 26:	0.01905513  	0.01622045  	0.07944882  	0.13755910  	0.04702071  	0.06530304  	0.02690519  	0.03273332  	0.04871766  	0.05316610  
2021-12-14 19:42:48.240: iteration 27 finished in 4.434141 seconds
2021-12-14 19:42:48.280: epoch 27:	0.01900264  	0.01624670  	0.07918636  	0.13773407  	0.04682121  	0.06523093  	0.02675812  	0.03259070  	0.04849310  	0.05303807  
2021-12-14 19:42:52.722: iteration 28 finished in 4.442120 seconds
2021-12-14 19:42:52.763: epoch 28:	0.01900264  	0.01635169  	0.07918636  	0.13847771  	0.04679188  	0.06541262  	0.02673638  	0.03261041  	0.04837415  	0.05295577  
2021-12-14 19:42:57.190: iteration 29 finished in 4.427005 seconds
2021-12-14 19:42:57.237: epoch 29:	0.01900264  	0.01640418  	0.07879265  	0.13887142  	0.04662997  	0.06544662  	0.02664134  	0.03256040  	0.04822313  	0.05287114  
2021-12-14 19:43:01.627: iteration 30 finished in 4.389923 seconds
2021-12-14 19:43:01.673: epoch 30:	0.01905513  	0.01629919  	0.07905512  	0.13777781  	0.04669354  	0.06512597  	0.02666203  	0.03248198  	0.04808940  	0.05261585  
2021-12-14 19:43:06.035: iteration 31 finished in 4.361306 seconds
2021-12-14 19:43:06.082: epoch 31:	0.01895014  	0.01637793  	0.07868767  	0.13878393  	0.04658061  	0.06539207  	0.02665348  	0.03254560  	0.04804774  	0.05273270  
2021-12-14 19:43:10.489: iteration 32 finished in 4.407688 seconds
2021-12-14 19:43:10.520: epoch 32:	0.01900264  	0.01640418  	0.07886264  	0.13895890  	0.04653243  	0.06531575  	0.02654526  	0.03242120  	0.04785443  	0.05249454  
2021-12-14 19:43:14.897: iteration 33 finished in 4.376355 seconds
2021-12-14 19:43:14.944: epoch 33:	0.01895014  	0.01637793  	0.07881890  	0.13869643  	0.04647256  	0.06524497  	0.02651017  	0.03239884  	0.04771882  	0.05237899  
2021-12-14 19:43:19.343: iteration 34 finished in 4.399489 seconds
2021-12-14 19:43:19.374: epoch 34:	0.01900264  	0.01635169  	0.07921261  	0.13808401  	0.04659234  	0.06510267  	0.02657454  	0.03240126  	0.04757614  	0.05217089  
2021-12-14 19:43:23.765: iteration 35 finished in 4.390896 seconds
2021-12-14 19:43:23.807: epoch 35:	0.01900264  	0.01629920  	0.07908138  	0.13771658  	0.04663933  	0.06507873  	0.02659542  	0.03246227  	0.04789110  	0.05236929  
2021-12-14 19:43:28.220: iteration 36 finished in 4.411204 seconds
2021-12-14 19:43:28.258: epoch 36:	0.01905513  	0.01627295  	0.07916886  	0.13762908  	0.04663270  	0.06499907  	0.02652306  	0.03235352  	0.04794942  	0.05240906  
2021-12-14 19:43:32.644: iteration 37 finished in 4.385272 seconds
2021-12-14 19:43:32.682: epoch 37:	0.01910763  	0.01629920  	0.07978128  	0.13773407  	0.04681060  	0.06505886  	0.02661891  	0.03241026  	0.04794484  	0.05238036  
2021-12-14 19:43:37.092: iteration 38 finished in 4.409209 seconds
2021-12-14 19:43:37.132: epoch 38:	0.01921261  	0.01632544  	0.08043744  	0.13799652  	0.04697366  	0.06508261  	0.02660273  	0.03237987  	0.04803734  	0.05232757  
2021-12-14 19:43:41.534: iteration 39 finished in 4.402227 seconds
2021-12-14 19:43:41.574: epoch 39:	0.01921261  	0.01629920  	0.08043744  	0.13747160  	0.04695702  	0.06495511  	0.02661098  	0.03238207  	0.04793547  	0.05219291  
2021-12-14 19:43:45.987: iteration 40 finished in 4.413198 seconds
2021-12-14 19:43:46.027: epoch 40:	0.01916012  	0.01632544  	0.07991251  	0.13764659  	0.04678172  	0.06498530  	0.02651017  	0.03237603  	0.04793984  	0.05219182  
2021-12-14 19:43:50.441: iteration 41 finished in 4.413198 seconds
2021-12-14 19:43:50.484: epoch 41:	0.01916012  	0.01627295  	0.07943132  	0.13725288  	0.04669222  	0.06486140  	0.02648261  	0.03232498  	0.04798942  	0.05222052  
2021-12-14 19:43:54.905: iteration 42 finished in 4.421176 seconds
2021-12-14 19:43:54.945: epoch 42:	0.01916012  	0.01619421  	0.07940508  	0.13646547  	0.04679954  	0.06474892  	0.02660125  	0.03239570  	0.04825793  	0.05240114  
2021-12-14 19:43:59.354: iteration 43 finished in 4.408211 seconds
2021-12-14 19:43:59.392: epoch 43:	0.01910763  	0.01619421  	0.07914262  	0.13646547  	0.04662341  	0.06465795  	0.02647768  	0.03229081  	0.04802816  	0.05221874  
2021-12-14 19:44:03.824: iteration 44 finished in 4.432147 seconds
2021-12-14 19:44:03.865: epoch 44:	0.01900264  	0.01619421  	0.07888015  	0.13646547  	0.04639366  	0.06452798  	0.02634518  	0.03217151  	0.04764738  	0.05191505  
2021-12-14 19:44:08.276: iteration 45 finished in 4.410206 seconds
2021-12-14 19:44:08.315: epoch 45:	0.01910763  	0.01624670  	0.07953630  	0.13685918  	0.04660346  	0.06464496  	0.02641747  	0.03219907  	0.04772196  	0.05195433  
2021-12-14 19:44:12.725: iteration 46 finished in 4.410096 seconds
2021-12-14 19:44:12.772: epoch 46:	0.01910763  	0.01622045  	0.07953630  	0.13659671  	0.04662319  	0.06457580  	0.02644059  	0.03218632  	0.04773946  	0.05194844  
2021-12-14 19:44:17.148: iteration 47 finished in 4.376291 seconds
2021-12-14 19:44:17.195: epoch 47:	0.01905513  	0.01622045  	0.07901138  	0.13642173  	0.04642371  	0.06446610  	0.02633432  	0.03210918  	0.04760031  	0.05183743  
2021-12-14 19:44:21.623: iteration 48 finished in 4.427312 seconds
2021-12-14 19:44:21.664: epoch 48:	0.01900264  	0.01624670  	0.07888015  	0.13677168  	0.04634665  	0.06455170  	0.02629683  	0.03211547  	0.04754199  	0.05186584  
2021-12-14 19:44:26.092: iteration 49 finished in 4.427161 seconds
2021-12-14 19:44:26.131: epoch 49:	0.01905513  	0.01619421  	0.07901138  	0.13637798  	0.04652368  	0.06457004  	0.02644058  	0.03224259  	0.04784236  	0.05208053  
2021-12-14 19:44:30.571: iteration 50 finished in 4.440125 seconds
2021-12-14 19:44:30.610: epoch 50:	0.01900264  	0.01622045  	0.07888015  	0.13690291  	0.04639322  	0.06461755  	0.02632205  	0.03219030  	0.04775196  	0.05201291  
