2020-09-09 16:10:08.954: Dataset name: u1
The number of users: 4830
The number of items: 4829
The number of ratings: 49326
Average actions of users: 10.21
Average actions of items: 10.21
The sparsity of the dataset: 99.788519%
2020-09-09 16:10:08.955: 

NeuRec hyperparameters:
recommender=WRMF
config_dir=./conf
gpu_id=0
gpu_mem=0.5
data.input.path=C:\Users\HyunsikYoo\Desktop\VNE_directed_networks/_Data/advogato/5-fold/u1/
data.input.dataset=u1
data.output.path=C:\Users\HyunsikYoo\Desktop\VNE_directed_networks/_Data/advogato/5-fold/u1/relevance_WRMF_directed_uni_False_uniform
data.column.format=UI
data.convert.separator='\t'
user_min=0
item_min=0
splitter=given
ratio=0.8
by_time=False
metric=["Precision", "Recall", "NDCG", "MAP", "MRR"]
topk=[10, 20]
group_view=None
rec.evaluate.neg=0
test_batch_size=128
num_thread=8
data.index.remap=False

WRMF's hyperparameters:
epochs=50
embedding_size=16
reg_mf=0.1
alpha=10
init_method=uniform
stddev=0.01
verbose=1
weight=uniform

2020-09-09 16:11:12.406: metrics:	Precision@10	Precision@20	Recall@10   	Recall@20   	NDCG@10     	NDCG@20     	MAP@10      	MAP@20      	MRR@10      	MRR@20      
2020-09-09 16:11:15.414: iteration 1 finished in 3.006961 seconds
2020-09-09 16:11:15.479: epoch 1:	0.02132296  	0.01684008  	0.05665145  	0.08825149  	0.04167753  	0.05206336  	0.02277121  	0.02540907  	0.06331909  	0.06758079  
2020-09-09 16:11:18.515: iteration 2 finished in 3.035884 seconds
2020-09-09 16:11:18.578: epoch 2:	0.04711211  	0.03509098  	0.14269535  	0.21175848  	0.10770901  	0.12938040  	0.06780059  	0.07401578  	0.14554159  	0.15185679  
2020-09-09 16:11:21.596: iteration 3 finished in 3.017932 seconds
2020-09-09 16:11:21.659: epoch 3:	0.05627972  	0.04056451  	0.18066013  	0.25098610  	0.13548084  	0.15798692  	0.08712548  	0.09406713  	0.17968808  	0.18569227  
2020-09-09 16:11:24.670: iteration 4 finished in 3.009952 seconds
2020-09-09 16:11:24.733: epoch 4:	0.06017504  	0.04222675  	0.19529863  	0.25981769  	0.14571902  	0.16639893  	0.09413932  	0.10056401  	0.19114479  	0.19614151  
2020-09-09 16:11:27.812: iteration 5 finished in 3.078769 seconds
2020-09-09 16:11:27.876: epoch 5:	0.06098099  	0.04304945  	0.19504288  	0.26558906  	0.14744122  	0.16981913  	0.09562953  	0.10259099  	0.19452968  	0.20013471  
2020-09-09 16:11:30.895: iteration 6 finished in 3.017932 seconds
2020-09-09 16:11:30.959: epoch 6:	0.06178693  	0.04370426  	0.19566232  	0.26735529  	0.14977609  	0.17251201  	0.09794268  	0.10489841  	0.19923331  	0.20512575  
2020-09-09 16:11:33.977: iteration 7 finished in 3.017931 seconds
2020-09-09 16:11:34.040: epoch 7:	0.06222348  	0.04387217  	0.19742705  	0.26849565  	0.15188019  	0.17434464  	0.09987044  	0.10670513  	0.20209816  	0.20784999  
2020-09-09 16:11:37.081: iteration 8 finished in 3.040871 seconds
2020-09-09 16:11:37.144: epoch 8:	0.06235780  	0.04400649  	0.19811748  	0.27021626  	0.15297945  	0.17563440  	0.10063405  	0.10746443  	0.20530409  	0.21118464  
2020-09-09 16:11:40.152: iteration 9 finished in 3.007958 seconds
2020-09-09 16:11:40.217: epoch 9:	0.06272718  	0.04419117  	0.19867380  	0.26905769  	0.15295336  	0.17527342  	0.10047545  	0.10734885  	0.20388658  	0.20958947  
2020-09-09 16:11:43.254: iteration 10 finished in 3.036881 seconds
2020-09-09 16:11:43.317: epoch 10:	0.06266001  	0.04442624  	0.19820030  	0.27178526  	0.15288636  	0.17606917  	0.10042917  	0.10755016  	0.20393491  	0.20986235  
2020-09-09 16:11:46.329: iteration 11 finished in 3.010950 seconds
2020-09-09 16:11:46.392: epoch 11:	0.06309655  	0.04477883  	0.19998001  	0.27385670  	0.15393546  	0.17720738  	0.10124225  	0.10838646  	0.20418558  	0.21003173  
2020-09-09 16:11:49.407: iteration 12 finished in 3.014940 seconds
2020-09-09 16:11:49.472: epoch 12:	0.06363385  	0.04482921  	0.20069873  	0.27432775  	0.15445460  	0.17749049  	0.10151528  	0.10852309  	0.20482154  	0.21071596  
2020-09-09 16:11:52.489: iteration 13 finished in 3.016934 seconds
2020-09-09 16:11:52.555: epoch 13:	0.06346595  	0.04494674  	0.19981670  	0.27615529  	0.15417479  	0.17800833  	0.10128195  	0.10858057  	0.20485747  	0.21093102  
2020-09-09 16:11:55.605: iteration 14 finished in 3.049847 seconds
2020-09-09 16:11:55.668: epoch 14:	0.06373461  	0.04516501  	0.20138697  	0.27688384  	0.15470587  	0.17834958  	0.10149711  	0.10874505  	0.20511070  	0.21106018  
2020-09-09 16:11:58.681: iteration 15 finished in 3.012944 seconds
2020-09-09 16:11:58.744: epoch 15:	0.06393608  	0.04514822  	0.20102768  	0.27761921  	0.15506420  	0.17886730  	0.10196762  	0.10923101  	0.20556301  	0.21159585  
2020-09-09 16:12:01.757: iteration 16 finished in 3.011948 seconds
2020-09-09 16:12:01.822: epoch 16:	0.06393609  	0.04501389  	0.20077716  	0.27526242  	0.15513730  	0.17846996  	0.10204104  	0.10927447  	0.20598556  	0.21185817  
2020-09-09 16:12:04.852: iteration 17 finished in 3.028902 seconds
2020-09-09 16:12:04.916: epoch 17:	0.06410401  	0.04496352  	0.20140648  	0.27461433  	0.15531088  	0.17827146  	0.10197391  	0.10906488  	0.20628123  	0.21219483  
2020-09-09 16:12:07.927: iteration 18 finished in 3.011948 seconds
2020-09-09 16:12:07.990: epoch 18:	0.06423833  	0.04513143  	0.20083161  	0.27590287  	0.15566567  	0.17905882  	0.10233869  	0.10959996  	0.20742498  	0.21332519  
2020-09-09 16:12:10.996: iteration 19 finished in 3.005964 seconds
2020-09-09 16:12:11.061: epoch 19:	0.06420474  	0.04508106  	0.20120436  	0.27619457  	0.15601076  	0.17938943  	0.10272220  	0.10996322  	0.20775793  	0.21368754  
2020-09-09 16:12:14.076: iteration 20 finished in 3.014940 seconds
2020-09-09 16:12:14.142: epoch 20:	0.06417116  	0.04501389  	0.20058832  	0.27571809  	0.15613635  	0.17951024  	0.10304045  	0.11030887  	0.20819741  	0.21402888  
2020-09-09 16:12:17.155: iteration 21 finished in 3.011947 seconds
2020-09-09 16:12:17.217: epoch 21:	0.06427189  	0.04514822  	0.20095603  	0.27607390  	0.15645760  	0.17983977  	0.10333080  	0.11061546  	0.20843829  	0.21418712  
2020-09-09 16:12:20.237: iteration 22 finished in 3.019927 seconds
2020-09-09 16:12:20.302: epoch 22:	0.06447338  	0.04516501  	0.20162499  	0.27617252  	0.15687466  	0.18005250  	0.10363714  	0.11080274  	0.20892070  	0.21462609  
2020-09-09 16:12:23.323: iteration 23 finished in 3.019927 seconds
2020-09-09 16:12:23.386: epoch 23:	0.06386892  	0.04528254  	0.19992666  	0.27798852  	0.15624100  	0.18055411  	0.10346931  	0.11101430  	0.20874296  	0.21472795  
2020-09-09 16:12:26.421: iteration 24 finished in 3.033889 seconds
2020-09-09 16:12:26.485: epoch 24:	0.06407040  	0.04526575  	0.20074961  	0.27783790  	0.15687792  	0.18089703  	0.10394730  	0.11144867  	0.20962399  	0.21544366  
2020-09-09 16:12:29.513: iteration 25 finished in 3.027905 seconds
2020-09-09 16:12:29.579: epoch 25:	0.06427190  	0.04523217  	0.20135234  	0.27814278  	0.15711395  	0.18094520  	0.10401902  	0.11144421  	0.20978500  	0.21553764  
2020-09-09 16:12:32.611: iteration 26 finished in 3.032892 seconds
2020-09-09 16:12:32.679: epoch 26:	0.06443981  	0.04531612  	0.20213194  	0.27781218  	0.15721267  	0.18076849  	0.10388623  	0.11126447  	0.20980710  	0.21531822  
2020-09-09 16:12:35.715: iteration 27 finished in 3.033890 seconds
2020-09-09 16:12:35.779: epoch 27:	0.06454055  	0.04536648  	0.20213571  	0.27847543  	0.15722689  	0.18090062  	0.10387304  	0.11123774  	0.20974623  	0.21534775  
2020-09-09 16:12:38.804: iteration 28 finished in 3.024914 seconds
2020-09-09 16:12:38.867: epoch 28:	0.06464127  	0.04538327  	0.20225261  	0.27876806  	0.15760256  	0.18125747  	0.10426437  	0.11161208  	0.21009524  	0.21567072  
2020-09-09 16:12:41.899: iteration 29 finished in 3.031895 seconds
2020-09-09 16:12:41.962: epoch 29:	0.06447338  	0.04533290  	0.20159143  	0.27852723  	0.15735698  	0.18114725  	0.10415458  	0.11153474  	0.21001542  	0.21565025  
2020-09-09 16:12:44.992: iteration 30 finished in 3.029900 seconds
2020-09-09 16:12:45.057: epoch 30:	0.06474201  	0.04538329  	0.20207992  	0.27809700  	0.15769662  	0.18119520  	0.10436737  	0.11165410  	0.21032108  	0.21584685  
2020-09-09 16:12:48.111: iteration 31 finished in 3.052839 seconds
2020-09-09 16:12:48.175: epoch 31:	0.06494350  	0.04536649  	0.20305069  	0.27811790  	0.15836397  	0.18153541  	0.10495650  	0.11214846  	0.21081580  	0.21617752  
2020-09-09 16:12:51.244: iteration 32 finished in 3.067799 seconds
2020-09-09 16:12:51.313: epoch 32:	0.06487633  	0.04546724  	0.20312731  	0.27842560  	0.15862408  	0.18193942  	0.10534228  	0.11254685  	0.21105438  	0.21652167  
2020-09-09 16:12:54.407: iteration 33 finished in 3.094727 seconds
2020-09-09 16:12:54.476: epoch 33:	0.06487632  	0.04543366  	0.20262679  	0.27855235  	0.15855932  	0.18199751  	0.10528316  	0.11257002  	0.21132937  	0.21682826  
2020-09-09 16:12:57.558: iteration 34 finished in 3.080764 seconds
2020-09-09 16:12:57.622: epoch 34:	0.06480917  	0.04546723  	0.20282847  	0.27819073  	0.15841788  	0.18180953  	0.10508179  	0.11238202  	0.21104348  	0.21650879  
2020-09-09 16:13:00.723: iteration 35 finished in 3.100711 seconds
2020-09-09 16:13:00.789: epoch 35:	0.06484275  	0.04540007  	0.20276272  	0.27775174  	0.15858014  	0.18182792  	0.10520499  	0.11251967  	0.21177550  	0.21715979  
2020-09-09 16:13:03.875: iteration 36 finished in 3.084754 seconds
2020-09-09 16:13:03.942: epoch 36:	0.06504422  	0.04551760  	0.20326747  	0.27804923  	0.15900263  	0.18218976  	0.10547085  	0.11274375  	0.21265671  	0.21791640  
2020-09-09 16:13:07.029: iteration 37 finished in 3.086748 seconds
2020-09-09 16:13:07.094: epoch 37:	0.06494348  	0.04546724  	0.20291127  	0.27680627  	0.15886636  	0.18193182  	0.10548944  	0.11271488  	0.21239278  	0.21775252  
2020-09-09 16:13:10.195: iteration 38 finished in 3.100711 seconds
2020-09-09 16:13:10.258: epoch 38:	0.06487633  	0.04561835  	0.20215341  	0.27768585  	0.15864143  	0.18219082  	0.10540579  	0.11279106  	0.21232213  	0.21776646  
2020-09-09 16:13:13.360: iteration 39 finished in 3.101708 seconds
2020-09-09 16:13:13.423: epoch 39:	0.06504422  	0.04563514  	0.20299664  	0.27864906  	0.15889598  	0.18239124  	0.10543757  	0.11280555  	0.21259299  	0.21799743  
2020-09-09 16:13:16.518: iteration 40 finished in 3.094728 seconds
2020-09-09 16:13:16.585: epoch 40:	0.06490991  	0.04556797  	0.20267740  	0.27845001  	0.15888204  	0.18244168  	0.10546908  	0.11290767  	0.21289532  	0.21831352  
2020-09-09 16:13:19.678: iteration 41 finished in 3.091734 seconds
2020-09-09 16:13:19.743: epoch 41:	0.06464127  	0.04561834  	0.20234363  	0.27863145  	0.15875757  	0.18260172  	0.10550060  	0.11305142  	0.21286267  	0.21834870  
2020-09-09 16:13:22.837: iteration 42 finished in 3.093729 seconds
2020-09-09 16:13:22.903: epoch 42:	0.06474201  	0.04556797  	0.20299533  	0.27779949  	0.15907571  	0.18252365  	0.10573471  	0.11317806  	0.21291998  	0.21832766  
2020-09-09 16:13:26.000: iteration 43 finished in 3.096721 seconds
2020-09-09 16:13:26.065: epoch 43:	0.06477559  	0.04558477  	0.20366170  	0.27846724  	0.15912473  	0.18254222  	0.10563709  	0.11305135  	0.21262510  	0.21800645  
2020-09-09 16:13:29.158: iteration 44 finished in 3.092732 seconds
2020-09-09 16:13:29.222: epoch 44:	0.06464126  	0.04556799  	0.20386031  	0.27864531  	0.15894569  	0.18240662  	0.10546318  	0.11289867  	0.21219365  	0.21757084  
2020-09-09 16:13:32.326: iteration 45 finished in 3.103703 seconds
2020-09-09 16:13:32.389: epoch 45:	0.06457410  	0.04555119  	0.20358941  	0.27874422  	0.15894163  	0.18251882  	0.10555048  	0.11304266  	0.21215902  	0.21756589  
2020-09-09 16:13:35.483: iteration 46 finished in 3.093729 seconds
2020-09-09 16:13:35.548: epoch 46:	0.06450695  	0.04553441  	0.20377144  	0.27868909  	0.15898670  	0.18254820  	0.10557532  	0.11307683  	0.21221596  	0.21756408  
2020-09-09 16:13:38.651: iteration 47 finished in 3.100711 seconds
2020-09-09 16:13:38.718: epoch 47:	0.06450696  	0.04563515  	0.20433311  	0.27944529  	0.15902813  	0.18269175  	0.10546605  	0.11302841  	0.21224701  	0.21755041  
2020-09-09 16:13:41.810: iteration 48 finished in 3.091735 seconds
2020-09-09 16:13:41.877: epoch 48:	0.06440621  	0.04560157  	0.20422916  	0.27935019  	0.15894075  	0.18263149  	0.10543717  	0.11300937  	0.21202660  	0.21737082  
2020-09-09 16:13:45.006: iteration 49 finished in 3.127639 seconds
2020-09-09 16:13:45.070: epoch 49:	0.06420473  	0.04565194  	0.20316862  	0.27895218  	0.15859774  	0.18256904  	0.10529842  	0.11297080  	0.21212080  	0.21755135  
2020-09-09 16:13:48.193: iteration 50 finished in 3.123649 seconds
2020-09-09 16:13:48.257: epoch 50:	0.06437263  	0.04563515  	0.20357081  	0.27892122  	0.15893720  	0.18271126  	0.10549215  	0.11309782  	0.21275020  	0.21815263  
