2020-11-19 14:33:38.085: Dataset name: u1
The number of users: 22521
The number of items: 22521
The number of ratings: 311467
Average actions of users: 13.83
Average actions of items: 13.83
The sparsity of the dataset: 99.938590%
2020-11-19 14:33:38.086: 

NeuRec hyperparameters:
recommender=WRMF
config_dir=./conf
gpu_id=0
gpu_mem=0.5
data.input.path=C:\Users\HyunsikYoo\Desktop\VNE_directed_networks/_Data/eat/5-fold/u1/
data.input.dataset=u1
data.output.path=C:\Users\HyunsikYoo\Desktop\VNE_directed_networks/_Emb/eat/5-fold/wrmf/u1_wrmf_bi_directed_dim16.emb
data.column.format=UI
data.convert.separator='\t'
user_min=0
item_min=0
splitter=given
ratio=0.8
by_time=False
metric=["Precision", "Recall", "NDCG", "MAP", "MRR"]
topk=[10, 20]
group_view=None
rec.evaluate.neg=0
test_batch_size=128
num_thread=8
data.index.remap=False

WRMF's hyperparameters:
epochs=50
embedding_size=16
reg_mf=0.1
alpha=10
init_method=uniform
stddev=0.01
verbose=1
weight=uniform

2020-11-19 14:54:49.465: metrics:	Precision@10	Precision@20	Recall@10   	Recall@20   	NDCG@10     	NDCG@20     	MAP@10      	MAP@20      	MRR@10      	MRR@20      
2020-11-19 14:56:00.306: iteration 1 finished in 70.841094 seconds
2020-11-19 14:56:00.649: epoch 1:	0.01285163  	0.01094538  	0.01698469  	0.02870377  	0.01687695  	0.02244845  	0.00625227  	0.00708358  	0.04384993  	0.04877771  
2020-11-19 14:57:13.557: iteration 2 finished in 72.908945 seconds
2020-11-19 14:57:13.892: epoch 2:	0.02792096  	0.02249417  	0.03708435  	0.05978728  	0.03661087  	0.04732694  	0.01394889  	0.01585728  	0.09120931  	0.09885619  
2020-11-19 14:58:25.302: iteration 3 finished in 71.410256 seconds
2020-11-19 14:58:25.631: epoch 3:	0.04093165  	0.03188049  	0.05486651  	0.08521693  	0.05599660  	0.07027307  	0.02282753  	0.02551297  	0.13824481  	0.14755017  
2020-11-19 14:59:37.269: iteration 4 finished in 71.637046 seconds
2020-11-19 14:59:37.609: epoch 4:	0.04730298  	0.03653337  	0.06373505  	0.09760166  	0.06568959  	0.08167902  	0.02741747  	0.03053583  	0.16083506  	0.17084204  
2020-11-19 15:00:48.479: iteration 5 finished in 70.868507 seconds
2020-11-19 15:00:48.811: epoch 5:	0.05053130  	0.03861625  	0.06796630  	0.10355487  	0.07067554  	0.08730859  	0.02987301  	0.03316398  	0.17274335  	0.18256590  
2020-11-19 15:02:00.287: iteration 6 finished in 71.475240 seconds
2020-11-19 15:02:00.618: epoch 6:	0.05188355  	0.03972467  	0.06979229  	0.10654216  	0.07303971  	0.09022001  	0.03105171  	0.03448966  	0.17865907  	0.18861705  
2020-11-19 15:03:11.140: iteration 7 finished in 70.522500 seconds
2020-11-19 15:03:11.469: epoch 7:	0.05300431  	0.04038245  	0.07143005  	0.10855897  	0.07478702  	0.09210654  	0.03184810  	0.03534528  	0.18294530  	0.19294150  
2020-11-19 15:04:23.813: iteration 8 finished in 72.344599 seconds
2020-11-19 15:04:24.137: epoch 8:	0.05399106  	0.04095492  	0.07290018  	0.11009996  	0.07631778  	0.09368443  	0.03253280  	0.03605530  	0.18689761  	0.19684558  
2020-11-19 15:05:35.688: iteration 9 finished in 71.549724 seconds
2020-11-19 15:05:36.020: epoch 9:	0.05418599  	0.04128378  	0.07312857  	0.11095950  	0.07663390  	0.09432881  	0.03267567  	0.03628333  	0.18770008  	0.19794153  
2020-11-19 15:06:45.966: iteration 10 finished in 69.946011 seconds
2020-11-19 15:06:46.294: epoch 10:	0.05463673  	0.04156394  	0.07370038  	0.11173909  	0.07709195  	0.09486815  	0.03285947  	0.03647362  	0.18833975  	0.19862670  
2020-11-19 15:07:55.737: iteration 11 finished in 69.442358 seconds
2020-11-19 15:07:56.062: epoch 11:	0.05462454  	0.04157614  	0.07358723  	0.11187188  	0.07718592  	0.09506733  	0.03290923  	0.03656017  	0.18910182  	0.19939215  
2020-11-19 15:09:06.038: iteration 12 finished in 69.975932 seconds
2020-11-19 15:09:06.367: epoch 12:	0.05494129  	0.04165535  	0.07399933  	0.11198578  	0.07766492  	0.09541482  	0.03312194  	0.03676151  	0.19064420  	0.20064318  
2020-11-19 15:10:15.628: iteration 13 finished in 69.260844 seconds
2020-11-19 15:10:15.953: epoch 13:	0.05517273  	0.04173454  	0.07423247  	0.11217867  	0.07785158  	0.09555626  	0.03318079  	0.03680074  	0.19098677  	0.20099398  
2020-11-19 15:11:28.564: iteration 14 finished in 72.609993 seconds
2020-11-19 15:11:28.900: epoch 14:	0.05533111  	0.04192939  	0.07448767  	0.11265178  	0.07814123  	0.09594435  	0.03332485  	0.03695550  	0.19174583  	0.20169227  
2020-11-19 15:12:38.534: iteration 15 finished in 69.634556 seconds
2020-11-19 15:12:38.861: epoch 15:	0.05536767  	0.04191113  	0.07456070  	0.11261059  	0.07820401  	0.09596451  	0.03331473  	0.03695668  	0.19210890  	0.20197715  
2020-11-19 15:13:48.407: iteration 16 finished in 69.545083 seconds
2020-11-19 15:13:48.730: epoch 16:	0.05559913  	0.04183805  	0.07480060  	0.11220379  	0.07837126  	0.09586668  	0.03335444  	0.03694187  	0.19239292  	0.20219986  
2020-11-19 15:14:57.879: iteration 17 finished in 69.149142 seconds
2020-11-19 15:14:58.204: epoch 17:	0.05580623  	0.04189285  	0.07495030  	0.11236918  	0.07849015  	0.09596290  	0.03336143  	0.03695876  	0.19255763  	0.20230104  
2020-11-19 15:16:07.925: iteration 18 finished in 69.720614 seconds
2020-11-19 15:16:08.254: epoch 18:	0.05567221  	0.04202685  	0.07478160  	0.11284926  	0.07837462  	0.09613442  	0.03332528  	0.03697981  	0.19232740  	0.20227015  
2020-11-19 15:17:17.954: iteration 19 finished in 69.699670 seconds
2020-11-19 15:17:18.283: epoch 19:	0.05562350  	0.04207557  	0.07467325  	0.11302646  	0.07828835  	0.09617383  	0.03325791  	0.03694982  	0.19220062  	0.20215540  
2020-11-19 15:18:27.811: iteration 20 finished in 69.527133 seconds
2020-11-19 15:18:28.138: epoch 20:	0.05559913  	0.04211210  	0.07459389  	0.11315239  	0.07820717  	0.09617651  	0.03324089  	0.03695753  	0.19172615  	0.20173424  
2020-11-19 15:19:37.505: iteration 21 finished in 69.367558 seconds
2020-11-19 15:19:37.835: epoch 21:	0.05567222  	0.04207557  	0.07469469  	0.11313047  	0.07837056  	0.09626586  	0.03333263  	0.03703356  	0.19225176  	0.20222494  
2020-11-19 15:20:48.803: iteration 22 finished in 70.968019 seconds
2020-11-19 15:20:49.129: epoch 22:	0.05562349  	0.04214258  	0.07455555  	0.11323968  	0.07833591  	0.09635416  	0.03332468  	0.03705188  	0.19239509  	0.20241202  
2020-11-19 15:21:58.996: iteration 23 finished in 69.867056 seconds
2020-11-19 15:21:59.326: epoch 23:	0.05569659  	0.04204512  	0.07462301  	0.11295643  	0.07836477  	0.09622249  	0.03330482  	0.03701704  	0.19245788  	0.20234104  
2020-11-19 15:23:08.953: iteration 24 finished in 69.626865 seconds
2020-11-19 15:23:09.285: epoch 24:	0.05575750  	0.04205731  	0.07471126  	0.11282779  	0.07839470  	0.09619083  	0.03328696  	0.03699137  	0.19250895  	0.20235376  
2020-11-19 15:24:18.851: iteration 25 finished in 69.566027 seconds
2020-11-19 15:24:19.182: epoch 25:	0.05581841  	0.04213650  	0.07488061  	0.11307976  	0.07850400  	0.09632184  	0.03332689  	0.03701042  	0.19279793  	0.20266068  
2020-11-19 15:25:28.485: iteration 26 finished in 69.301733 seconds
2020-11-19 15:25:28.815: epoch 26:	0.05586713  	0.04212430  	0.07496632  	0.11304539  	0.07859119  	0.09636339  	0.03335973  	0.03703444  	0.19299230  	0.20284264  
2020-11-19 15:26:39.760: iteration 27 finished in 70.944115 seconds
2020-11-19 15:26:40.087: epoch 27:	0.05596457  	0.04213040  	0.07506111  	0.11313026  	0.07859282  	0.09633188  	0.03332323  	0.03699914  	0.19274211  	0.20255435  
2020-11-19 15:27:48.906: iteration 28 finished in 68.819024 seconds
2020-11-19 15:27:49.229: epoch 28:	0.05590366  	0.04209994  	0.07493694  	0.11307833  	0.07849430  	0.09626675  	0.03328036  	0.03696717  	0.19247326  	0.20236522  
2020-11-19 15:28:58.242: iteration 29 finished in 69.012507 seconds
2020-11-19 15:28:58.567: epoch 29:	0.05596457  	0.04214867  	0.07511942  	0.11331233  	0.07856788  	0.09634999  	0.03330020  	0.03699093  	0.19243568  	0.20227957  
2020-11-19 15:30:07.286: iteration 30 finished in 68.719316 seconds
2020-11-19 15:30:07.608: epoch 30:	0.05601330  	0.04210604  	0.07514411  	0.11318831  	0.07865962  	0.09636267  	0.03336007  	0.03702934  	0.19276716  	0.20258258  
2020-11-19 15:31:16.403: iteration 31 finished in 68.794611 seconds
2020-11-19 15:31:16.731: epoch 31:	0.05602548  	0.04210603  	0.07513319  	0.11320083  	0.07861953  	0.09632876  	0.03331939  	0.03698418  	0.19265091  	0.20248762  
2020-11-19 15:32:26.796: iteration 32 finished in 70.064701 seconds
2020-11-19 15:32:27.124: epoch 32:	0.05602547  	0.04209386  	0.07515100  	0.11326028  	0.07862548  	0.09633400  	0.03329695  	0.03696465  	0.19281276  	0.20260102  
2020-11-19 15:33:36.112: iteration 33 finished in 68.988571 seconds
2020-11-19 15:33:36.441: epoch 33:	0.05606202  	0.04213650  	0.07520703  	0.11335213  	0.07868760  	0.09640878  	0.03331907  	0.03698526  	0.19308835  	0.20286036  
2020-11-19 15:34:46.024: iteration 34 finished in 69.582982 seconds
2020-11-19 15:34:46.350: epoch 34:	0.05613511  	0.04218522  	0.07534724  	0.11350267  	0.07879318  	0.09651665  	0.03336903  	0.03703533  	0.19327955  	0.20302512  
2020-11-19 15:35:55.390: iteration 35 finished in 69.040432 seconds
2020-11-19 15:35:55.717: epoch 35:	0.05598893  	0.04217305  	0.07514210  	0.11357465  	0.07862147  	0.09647230  	0.03328816  	0.03699680  	0.19295101  	0.20277564  
2020-11-19 15:37:04.975: iteration 36 finished in 69.256854 seconds
2020-11-19 15:37:05.301: epoch 36:	0.05590365  	0.04224613  	0.07509435  	0.11376781  	0.07858673  	0.09655850  	0.03327218  	0.03700922  	0.19306344  	0.20288466  
2020-11-19 15:38:14.656: iteration 37 finished in 69.354592 seconds
2020-11-19 15:38:14.987: epoch 37:	0.05590365  	0.04220958  	0.07515976  	0.11370020  	0.07859948  	0.09650979  	0.03328988  	0.03699739  	0.19292682  	0.20277677  
2020-11-19 15:39:24.405: iteration 38 finished in 69.418422 seconds
2020-11-19 15:39:24.731: epoch 38:	0.05601329  	0.04224003  	0.07529192  	0.11374995  	0.07874215  	0.09660273  	0.03335175  	0.03704435  	0.19326003  	0.20309359  
2020-11-19 15:40:39.725: iteration 39 finished in 74.992226 seconds
2020-11-19 15:40:40.053: epoch 39:	0.05603765  	0.04226437  	0.07531154  	0.11378375  	0.07879803  	0.09666833  	0.03338071  	0.03707901  	0.19349867  	0.20332256  
2020-11-19 15:41:51.180: iteration 40 finished in 71.126855 seconds
2020-11-19 15:41:51.510: epoch 40:	0.05594020  	0.04225828  	0.07517459  	0.11378097  	0.07868738  	0.09663352  	0.03333782  	0.03706084  	0.19322354  	0.20310304  
2020-11-19 15:43:01.243: iteration 41 finished in 69.733579 seconds
2020-11-19 15:43:01.577: epoch 41:	0.05601329  	0.04231919  	0.07525148  	0.11392213  	0.07870807  	0.09667788  	0.03333269  	0.03705951  	0.19312873  	0.20298918  
2020-11-19 15:44:13.115: iteration 42 finished in 71.536759 seconds
2020-11-19 15:44:13.448: epoch 42:	0.05594020  	0.04233748  	0.07517882  	0.11399274  	0.07870933  	0.09675559  	0.03336694  	0.03711190  	0.19320525  	0.20312122  
2020-11-19 15:45:22.512: iteration 43 finished in 69.063370 seconds
2020-11-19 15:45:22.845: epoch 43:	0.05595239  	0.04228266  	0.07523421  	0.11380178  	0.07869738  	0.09665705  	0.03334907  	0.03708505  	0.19307372  	0.20295276  
2020-11-19 15:46:32.445: iteration 44 finished in 69.599936 seconds
2020-11-19 15:46:32.774: epoch 44:	0.05589147  	0.04231312  	0.07514463  	0.11389276  	0.07862328  	0.09667405  	0.03332124  	0.03708463  	0.19288522  	0.20280977  
2020-11-19 15:47:41.807: iteration 45 finished in 69.033451 seconds
2020-11-19 15:47:42.152: epoch 45:	0.05583057  	0.04236793  	0.07507465  	0.11402168  	0.07855006  	0.09669727  	0.03329474  	0.03708484  	0.19259524  	0.20254259  
2020-11-19 15:48:53.627: iteration 46 finished in 71.473734 seconds
2020-11-19 15:48:53.957: epoch 46:	0.05595239  	0.04233746  	0.07515910  	0.11391778  	0.07858583  	0.09662633  	0.03328645  	0.03705496  	0.19251969  	0.20237923  
2020-11-19 15:50:03.080: iteration 47 finished in 69.122214 seconds
2020-11-19 15:50:03.413: epoch 47:	0.05604985  	0.04233746  	0.07532648  	0.11382533  	0.07862659  	0.09655308  	0.03327935  	0.03701569  	0.19232081  	0.20208494  
2020-11-19 15:51:12.894: iteration 48 finished in 69.480282 seconds
2020-11-19 15:51:13.223: epoch 48:	0.05613514  	0.04238009  	0.07541360  	0.11392173  	0.07867622  	0.09659317  	0.03328185  	0.03701465  	0.19240309  	0.20213233  
2020-11-19 15:52:22.111: iteration 49 finished in 68.887840 seconds
2020-11-19 15:52:22.438: epoch 49:	0.05608641  	0.04230091  	0.07544033  	0.11370725  	0.07863584  	0.09646762  	0.03326143  	0.03696630  	0.19223882  	0.20201007  
2020-11-19 15:53:35.500: iteration 50 finished in 73.061267 seconds
2020-11-19 15:53:35.826: epoch 50:	0.05609860  	0.04238619  	0.07544963  	0.11397155  	0.07864949  	0.09659248  	0.03327779  	0.03700832  	0.19224964  	0.20206237  
