2021-12-14 23:48:49.214: Dataset name: u5
The number of users: 6110
The number of items: 6110
The number of ratings: 50507
Average actions of users: 8.27
Average actions of items: 8.27
The sparsity of the dataset: 99.864709%
2021-12-14 23:48:49.214: 

NeuRec hyperparameters:
recommender=WRMF
config_dir=./conf
gpu_id=0
gpu_mem=0.5
data.input.path=D:\hsyoo\Workingon_210628/_Data/jung/random-barrier/u5/
data.input.dataset=u5
data.output.path=D:\hsyoo\Workingon_210628/_Emb/jung/random-barrier/wrmf/u5_wrmf_directed_dim16_uniform_send.emb
data.column.format=UI
data.convert.separator='\t'
user_min=0
item_min=0
splitter=given
ratio=0.8
by_time=False
metric=["Precision", "Recall", "NDCG", "MAP", "MRR"]
topk=[10, 20]
group_view=None
rec.evaluate.neg=0
test_batch_size=128
num_thread=8
data.index.remap=False

WRMF's hyperparameters:
epochs=50
embedding_size=16
reg_mf=0.1
alpha=10
init_method=uniform
stddev=0.01
verbose=1
weight=uniform

2021-12-14 23:50:24.713: metrics:	Precision@10	Precision@20	Recall@10   	Recall@20   	NDCG@10     	NDCG@20     	MAP@10      	MAP@20      	MRR@10      	MRR@20      
2021-12-14 23:50:30.169: iteration 1 finished in 5.455411 seconds
2021-12-14 23:50:30.288: epoch 1:	0.12270021  	0.07513467  	0.56029844  	0.63890904  	0.48225734  	0.50463885  	0.41138399  	0.41917187  	0.52853560  	0.53270280  
2021-12-14 23:50:34.625: iteration 2 finished in 4.336404 seconds
2021-12-14 23:50:34.715: epoch 2:	0.16469859  	0.09397937  	0.71893382  	0.77572036  	0.67683810  	0.69123423  	0.61919379  	0.62388456  	0.73417825  	0.73648775  
2021-12-14 23:50:39.014: iteration 3 finished in 4.299502 seconds
2021-12-14 23:50:39.110: epoch 3:	0.17132764  	0.09676693  	0.74901164  	0.79867673  	0.71174496  	0.72417986  	0.65838349  	0.66264296  	0.76639414  	0.76809061  
2021-12-14 23:50:43.426: iteration 4 finished in 4.316457 seconds
2021-12-14 23:50:43.518: epoch 4:	0.17348269  	0.09802018  	0.75817162  	0.80976957  	0.72678101  	0.73970407  	0.67711109  	0.68150026  	0.78069395  	0.78258562  
2021-12-14 23:50:47.818: iteration 5 finished in 4.300499 seconds
2021-12-14 23:50:47.910: epoch 5:	0.17507561  	0.09896887  	0.76450521  	0.81856024  	0.73544991  	0.74898511  	0.68792152  	0.69251794  	0.78716552  	0.78907830  
2021-12-14 23:50:52.230: iteration 6 finished in 4.319351 seconds
2021-12-14 23:50:52.323: epoch 6:	0.17563774  	0.09942564  	0.76749766  	0.82216865  	0.73929238  	0.75313359  	0.69268835  	0.69752097  	0.78994250  	0.79197460  
2021-12-14 23:50:56.605: iteration 7 finished in 4.282064 seconds
2021-12-14 23:50:56.699: epoch 7:	0.17594220  	0.09953105  	0.76895106  	0.82227433  	0.74202168  	0.75551742  	0.69579065  	0.70058000  	0.79327369  	0.79520077  
2021-12-14 23:51:01.023: iteration 8 finished in 4.323722 seconds
2021-12-14 23:51:01.117: epoch 8:	0.17619984  	0.09957790  	0.77000332  	0.82279336  	0.74397153  	0.75727630  	0.69796199  	0.70271903  	0.79556572  	0.79739243  
2021-12-14 23:51:05.418: iteration 9 finished in 4.301459 seconds
2021-12-14 23:51:05.512: epoch 9:	0.17634034  	0.09964814  	0.77120590  	0.82356220  	0.74484646  	0.75802767  	0.69846076  	0.70322388  	0.79755884  	0.79925436  
2021-12-14 23:51:09.810: iteration 10 finished in 4.298210 seconds
2021-12-14 23:51:09.904: epoch 10:	0.17659795  	0.09964817  	0.77158141  	0.82403743  	0.74574667  	0.75881177  	0.69952989  	0.70411384  	0.79852468  	0.80027694  
2021-12-14 23:51:14.202: iteration 11 finished in 4.298245 seconds
2021-12-14 23:51:14.296: epoch 11:	0.17669167  	0.09964819  	0.77128232  	0.82369697  	0.74558210  	0.75863105  	0.69931567  	0.70390809  	0.79841840  	0.80017883  
2021-12-14 23:51:18.607: iteration 12 finished in 4.311486 seconds
2021-12-14 23:51:18.701: epoch 12:	0.17678539  	0.09965990  	0.77128088  	0.82365018  	0.74547589  	0.75850219  	0.69918716  	0.70375144  	0.79819602  	0.80002493  
2021-12-14 23:51:23.009: iteration 13 finished in 4.308433 seconds
2021-12-14 23:51:23.103: epoch 13:	0.17683223  	0.09971847  	0.77114993  	0.82482725  	0.74542946  	0.75872129  	0.69923389  	0.70376992  	0.79797238  	0.79993355  
2021-12-14 23:51:27.441: iteration 14 finished in 4.338397 seconds
2021-12-14 23:51:27.532: epoch 14:	0.17685567  	0.09978875  	0.77090430  	0.82549095  	0.74490178  	0.75843918  	0.69853652  	0.70315677  	0.79734808  	0.79932582  
2021-12-14 23:51:31.843: iteration 15 finished in 4.310473 seconds
2021-12-14 23:51:31.930: epoch 15:	0.17701964  	0.09976532  	0.77151459  	0.82491153  	0.74541289  	0.75863487  	0.69905216  	0.70356381  	0.79786348  	0.79980165  
2021-12-14 23:51:36.263: iteration 16 finished in 4.332413 seconds
2021-12-14 23:51:36.359: epoch 16:	0.17685570  	0.09978873  	0.77068496  	0.82516593  	0.74534923  	0.75893229  	0.69909441  	0.70377958  	0.79850280  	0.80051279  
2021-12-14 23:51:40.672: iteration 17 finished in 4.313465 seconds
2021-12-14 23:51:40.763: epoch 17:	0.17683227  	0.09981215  	0.77079451  	0.82503104  	0.74576652  	0.75935417  	0.69954848  	0.70429313  	0.79929698  	0.80131167  
2021-12-14 23:51:45.082: iteration 18 finished in 4.318451 seconds
2021-12-14 23:51:45.173: epoch 18:	0.17685571  	0.09980046  	0.77098966  	0.82530069  	0.74538648  	0.75895447  	0.69900095  	0.70371890  	0.79860103  	0.80060267  
2021-12-14 23:51:49.477: iteration 19 finished in 4.303491 seconds
2021-12-14 23:51:49.567: epoch 19:	0.17685570  	0.09981216  	0.77081245  	0.82541782  	0.74520963  	0.75885361  	0.69884604  	0.70357788  	0.79829943  	0.80031371  
2021-12-14 23:51:53.909: iteration 20 finished in 4.341380 seconds
2021-12-14 23:51:54.004: epoch 20:	0.17683230  	0.09983560  	0.77070475  	0.82554275  	0.74500495  	0.75873429  	0.69857013  	0.70334566  	0.79809737  	0.80016488  
2021-12-14 23:51:58.319: iteration 21 finished in 4.313464 seconds
2021-12-14 23:51:58.412: epoch 21:	0.17680888  	0.09985902  	0.77061659  	0.82582110  	0.74476725  	0.75859123  	0.69827998  	0.70312232  	0.79775059  	0.79981345  
2021-12-14 23:52:02.747: iteration 22 finished in 4.335406 seconds
2021-12-14 23:52:02.840: epoch 22:	0.17683230  	0.09984731  	0.77070701  	0.82609499  	0.74479234  	0.75861621  	0.69829804  	0.70311153  	0.79759568  	0.79961729  
2021-12-14 23:52:07.169: iteration 23 finished in 4.329422 seconds
2021-12-14 23:52:07.258: epoch 23:	0.17687917  	0.09988245  	0.77064848  	0.82649261  	0.74463642  	0.75855613  	0.69805813  	0.70290154  	0.79739147  	0.79943603  
2021-12-14 23:52:11.575: iteration 24 finished in 4.316659 seconds
2021-12-14 23:52:11.668: epoch 24:	0.17683232  	0.09997615  	0.77038497  	0.82722145  	0.74435878  	0.75857723  	0.69777209  	0.70273775  	0.79697025  	0.79907721  
2021-12-14 23:52:15.968: iteration 25 finished in 4.300042 seconds
2021-12-14 23:52:16.047: epoch 25:	0.17678548  	0.09997615  	0.77054399  	0.82792324  	0.74413145  	0.75847280  	0.69741017  	0.70241928  	0.79666078  	0.79874849  
2021-12-14 23:52:20.376: iteration 26 finished in 4.329091 seconds
2021-12-14 23:52:20.469: epoch 26:	0.17680891  	0.09988245  	0.77086681  	0.82630491  	0.74432248  	0.75819325  	0.69756526  	0.70246577  	0.79671240  	0.79868877  
2021-12-14 23:52:24.783: iteration 27 finished in 4.313524 seconds
2021-12-14 23:52:24.874: epoch 27:	0.17692602  	0.09994102  	0.77149153  	0.82722241  	0.74466282  	0.75855118  	0.69781131  	0.70267755  	0.79702443  	0.79900032  
2021-12-14 23:52:29.186: iteration 28 finished in 4.311470 seconds
2021-12-14 23:52:29.279: epoch 28:	0.17690261  	0.09990589  	0.77144217  	0.82676691  	0.74451911  	0.75831139  	0.69763613  	0.70250618  	0.79691523  	0.79883802  
2021-12-14 23:52:33.586: iteration 29 finished in 4.306484 seconds
2021-12-14 23:52:33.675: epoch 29:	0.17687915  	0.09994104  	0.77125412  	0.82695663  	0.74434626  	0.75825417  	0.69745618  	0.70235938  	0.79673386  	0.79870510  
2021-12-14 23:52:38.005: iteration 30 finished in 4.329422 seconds
2021-12-14 23:52:38.094: epoch 30:	0.17692599  	0.09998788  	0.77135175  	0.82708657  	0.74419343  	0.75810057  	0.69728726  	0.70216364  	0.79636240  	0.79833663  
2021-12-14 23:52:42.440: iteration 31 finished in 4.345379 seconds
2021-12-14 23:52:42.532: epoch 31:	0.17692600  	0.09997617  	0.77124238  	0.82695174  	0.74394798  	0.75785464  	0.69703054  	0.70190895  	0.79594707  	0.79793137  
2021-12-14 23:52:46.884: iteration 32 finished in 4.351363 seconds
2021-12-14 23:52:46.975: epoch 32:	0.17692600  	0.09989417  	0.77108222  	0.82565045  	0.74408782  	0.75771892  	0.69728321  	0.70210290  	0.79615456  	0.79808325  
2021-12-14 23:52:51.319: iteration 33 finished in 4.343385 seconds
2021-12-14 23:52:51.411: epoch 33:	0.17701972  	0.09990590  	0.77149212  	0.82551545  	0.74413329  	0.75759882  	0.69722563  	0.70199794  	0.79605299  	0.79794139  
2021-12-14 23:52:55.715: iteration 34 finished in 4.304489 seconds
2021-12-14 23:52:55.804: epoch 34:	0.17697287  	0.09991761  	0.77089286  	0.82518435  	0.74418980  	0.75777090  	0.69744593  	0.70229626  	0.79647058  	0.79838395  
2021-12-14 23:53:00.144: iteration 35 finished in 4.340392 seconds
2021-12-14 23:53:00.234: epoch 35:	0.17692600  	0.09994105  	0.77070355  	0.82539123  	0.74389184  	0.75761700  	0.69710493  	0.70202565  	0.79606992  	0.79803562  
2021-12-14 23:53:04.575: iteration 36 finished in 4.340393 seconds
2021-12-14 23:53:04.667: epoch 36:	0.17704310  	0.09997619  	0.77107102  	0.82578105  	0.74420875  	0.75789356  	0.69740224  	0.70226848  	0.79645956  	0.79842937  
2021-12-14 23:53:08.995: iteration 37 finished in 4.327426 seconds
2021-12-14 23:53:09.085: epoch 37:	0.17704310  	0.09996448  	0.77110076  	0.82590580  	0.74426502  	0.75796449  	0.69747329  	0.70233637  	0.79662180  	0.79860657  
2021-12-14 23:53:13.403: iteration 38 finished in 4.317270 seconds
2021-12-14 23:53:13.496: epoch 38:	0.17699625  	0.09996448  	0.77097577  	0.82580811  	0.74419290  	0.75791937  	0.69742161  	0.70231867  	0.79645920  	0.79842204  
2021-12-14 23:53:17.810: iteration 39 finished in 4.313485 seconds
2021-12-14 23:53:17.888: epoch 39:	0.17694940  	0.09997620  	0.77093756  	0.82536560  	0.74419349  	0.75788689  	0.69741297  	0.70235556  	0.79652447  	0.79842889  
2021-12-14 23:53:22.203: iteration 40 finished in 4.315430 seconds
2021-12-14 23:53:22.293: epoch 40:	0.17694940  	0.09996448  	0.77087283  	0.82502180  	0.74401414  	0.75763184  	0.69722265  	0.70215815  	0.79621947  	0.79808277  
2021-12-14 23:53:26.617: iteration 41 finished in 4.323438 seconds
2021-12-14 23:53:26.707: epoch 41:	0.17699623  	0.09998791  	0.77110058  	0.82516497  	0.74443102  	0.75801378  	0.69766462  	0.70256144  	0.79683423  	0.79868817  
2021-12-14 23:53:31.039: iteration 42 finished in 4.331416 seconds
2021-12-14 23:53:31.134: epoch 42:	0.17704308  	0.10003476  	0.77133483  	0.82551628  	0.74467492  	0.75827003  	0.69790578  	0.70278221  	0.79725915  	0.79911238  
2021-12-14 23:53:35.456: iteration 43 finished in 4.322440 seconds
2021-12-14 23:53:35.547: epoch 43:	0.17701966  	0.09998790  	0.77113312  	0.82517785  	0.74438238  	0.75792164  	0.69760436  	0.70244133  	0.79681408  	0.79868799  
2021-12-14 23:53:39.851: iteration 44 finished in 4.304488 seconds
2021-12-14 23:53:39.942: epoch 44:	0.17711337  	0.10002304  	0.77149683  	0.82553583  	0.74460351  	0.75809199  	0.69780982  	0.70257694  	0.79693848  	0.79882586  
2021-12-14 23:53:44.248: iteration 45 finished in 4.306484 seconds
2021-12-14 23:53:44.344: epoch 45:	0.17718361  	0.09999961  	0.77178532  	0.82490033  	0.74479437  	0.75803596  	0.69799811  	0.70269167  	0.79710609  	0.79894447  
2021-12-14 23:53:48.665: iteration 46 finished in 4.320446 seconds
2021-12-14 23:53:48.763: epoch 46:	0.17713676  	0.10003475  	0.77158356  	0.82523865  	0.74481052  	0.75821322  	0.69810468  	0.70287651  	0.79720175  	0.79904622  
2021-12-14 23:53:53.080: iteration 47 finished in 4.316457 seconds
2021-12-14 23:53:53.177: epoch 47:	0.17716019  	0.10002302  	0.77160925  	0.82527721  	0.74486572  	0.75823504  	0.69818419  	0.70292234  	0.79727036  	0.79914248  
2021-12-14 23:53:57.481: iteration 48 finished in 4.304489 seconds
2021-12-14 23:53:57.572: epoch 48:	0.17711335  	0.10001130  	0.77099431  	0.82529032  	0.74468648  	0.75822163  	0.69806558  	0.70285946  	0.79733026  	0.79925203  
2021-12-14 23:54:01.912: iteration 49 finished in 4.340393 seconds
2021-12-14 23:54:02.004: epoch 49:	0.17701964  	0.10001131  	0.77078152  	0.82527661  	0.74457496  	0.75818717  	0.69799173  	0.70286322  	0.79728377  	0.79919773  
2021-12-14 23:54:06.310: iteration 50 finished in 4.306484 seconds
2021-12-14 23:54:06.405: epoch 50:	0.17704307  	0.09998789  	0.77101988  	0.82499141  	0.74466866  	0.75815290  	0.69804299  	0.70287150  	0.79741001  	0.79928875  
