2021-12-14 23:15:05.163: Dataset name: u5
The number of users: 6114
The number of items: 6114
The number of ratings: 50529
Average actions of users: 8.26
Average actions of items: 8.26
The sparsity of the dataset: 99.864827%
2021-12-14 23:15:05.163: 

NeuRec hyperparameters:
recommender=WRMF
config_dir=./conf
gpu_id=0
gpu_mem=0.5
data.input.path=D:\hsyoo\Workingon_210628/_Data/jung/noniid-out-barrier/u5/
data.input.dataset=u5
data.output.path=D:\hsyoo\Workingon_210628/_Emb/jung/noniid-out-barrier/wrmf/u5_wrmf_directed_dim16_uniform_send.emb
data.column.format=UI
data.convert.separator='\t'
user_min=0
item_min=0
splitter=given
ratio=0.8
by_time=False
metric=["Precision", "Recall", "NDCG", "MAP", "MRR"]
topk=[10, 20]
group_view=None
rec.evaluate.neg=0
test_batch_size=128
num_thread=8
data.index.remap=False

WRMF's hyperparameters:
epochs=50
embedding_size=16
reg_mf=0.1
alpha=10
init_method=uniform
stddev=0.01
verbose=1
weight=uniform

2021-12-14 23:16:40.647: metrics:	Precision@10	Precision@20	Recall@10   	Recall@20   	NDCG@10     	NDCG@20     	MAP@10      	MAP@20      	MRR@10      	MRR@20      
2021-12-14 23:16:46.114: iteration 1 finished in 5.466389 seconds
2021-12-14 23:16:46.253: epoch 1:	0.08632194  	0.05079105  	0.46456146  	0.53720915  	0.38447773  	0.40727487  	0.31513634  	0.32236975  	0.43787524  	0.44442418  
2021-12-14 23:16:50.611: iteration 2 finished in 4.357347 seconds
2021-12-14 23:16:50.717: epoch 2:	0.12651318  	0.06880549  	0.66455454  	0.71940768  	0.61580300  	0.63262767  	0.54955101  	0.55587280  	0.69851506  	0.70112020  
2021-12-14 23:16:55.055: iteration 3 finished in 4.337399 seconds
2021-12-14 23:16:55.163: epoch 3:	0.12483686  	0.06831414  	0.65379000  	0.71206862  	0.59785765  	0.61579698  	0.52949792  	0.53606397  	0.67555559  	0.67871290  
2021-12-14 23:16:59.527: iteration 4 finished in 4.362335 seconds
2021-12-14 23:16:59.635: epoch 4:	0.12160007  	0.06697509  	0.63586128  	0.69689608  	0.56525177  	0.58399361  	0.49101973  	0.49797857  	0.63856256  	0.64161777  
2021-12-14 23:17:03.978: iteration 5 finished in 4.342387 seconds
2021-12-14 23:17:04.089: epoch 5:	0.11784294  	0.06577089  	0.61587900  	0.68306810  	0.52509278  	0.54584485  	0.44729775  	0.45492151  	0.58125377  	0.58491129  
2021-12-14 23:17:08.469: iteration 6 finished in 4.379287 seconds
2021-12-14 23:17:08.580: epoch 6:	0.11410519  	0.06524104  	0.59567022  	0.67679489  	0.47575995  	0.50078434  	0.38582671  	0.39507905  	0.52662706  	0.53096271  
2021-12-14 23:17:12.932: iteration 7 finished in 4.351674 seconds
2021-12-14 23:17:13.041: epoch 7:	0.11221706  	0.06490386  	0.58434266  	0.67164069  	0.44843933  	0.47522226  	0.35743564  	0.36721444  	0.48225248  	0.48704022  
2021-12-14 23:17:17.403: iteration 8 finished in 4.361911 seconds
2021-12-14 23:17:17.513: epoch 8:	0.11075276  	0.06454739  	0.57525158  	0.66733116  	0.42313024  	0.45126224  	0.33148953  	0.34171599  	0.43961263  	0.44487414  
2021-12-14 23:17:21.859: iteration 9 finished in 4.346604 seconds
2021-12-14 23:17:21.969: epoch 9:	0.10728476  	0.06440289  	0.55930555  	0.66449219  	0.41404796  	0.44681743  	0.32385749  	0.33625406  	0.43610561  	0.44168106  
2021-12-14 23:17:26.322: iteration 10 finished in 4.352361 seconds
2021-12-14 23:17:26.436: epoch 10:	0.10410596  	0.06454738  	0.54571533  	0.66541713  	0.40531266  	0.44317982  	0.31665859  	0.33159176  	0.43149385  	0.43705344  
2021-12-14 23:17:30.814: iteration 11 finished in 4.378292 seconds
2021-12-14 23:17:30.926: epoch 11:	0.10348942  	0.06465334  	0.54253501  	0.66732770  	0.40328315  	0.44167164  	0.31505904  	0.32935673  	0.42965546  	0.43535525  
2021-12-14 23:17:35.299: iteration 12 finished in 4.373304 seconds
2021-12-14 23:17:35.411: epoch 12:	0.10347020  	0.06436435  	0.54213029  	0.66516328  	0.39386761  	0.43116421  	0.30388293  	0.31739679  	0.41287646  	0.41850117  
2021-12-14 23:17:39.779: iteration 13 finished in 4.368319 seconds
2021-12-14 23:17:39.889: epoch 13:	0.10335458  	0.06300602  	0.54111862  	0.65382743  	0.39288861  	0.42709696  	0.30291012  	0.31519413  	0.41182065  	0.41776216  
2021-12-14 23:17:44.273: iteration 14 finished in 4.384273 seconds
2021-12-14 23:17:44.382: epoch 14:	0.10327753  	0.06304454  	0.53959978  	0.65413558  	0.39256087  	0.42719364  	0.30283818  	0.31524706  	0.41195974  	0.41796964  
2021-12-14 23:17:48.746: iteration 15 finished in 4.364328 seconds
2021-12-14 23:17:48.858: epoch 15:	0.10279591  	0.06302526  	0.53693444  	0.65395254  	0.38925931  	0.42467228  	0.29936031  	0.31202394  	0.40839377  	0.41464290  
2021-12-14 23:17:53.285: iteration 16 finished in 4.427279 seconds
2021-12-14 23:17:53.402: epoch 16:	0.10256471  	0.06297711  	0.53581047  	0.65282857  	0.38902155  	0.42453194  	0.29943618  	0.31220520  	0.40859836  	0.41478103  
2021-12-14 23:17:57.795: iteration 17 finished in 4.392668 seconds
2021-12-14 23:17:57.905: epoch 17:	0.10225648  	0.06297709  	0.53336978  	0.65347737  	0.38835597  	0.42460358  	0.29933274  	0.31225762  	0.40821287  	0.41461691  
2021-12-14 23:18:02.310: iteration 18 finished in 4.405394 seconds
2021-12-14 23:18:02.414: epoch 18:	0.10212161  	0.06277480  	0.53250921  	0.65157634  	0.38704970  	0.42294991  	0.29832578  	0.31105718  	0.40585575  	0.41232747  
2021-12-14 23:18:06.806: iteration 19 finished in 4.392200 seconds
2021-12-14 23:18:06.916: epoch 19:	0.10198674  	0.06426801  	0.53197277  	0.66435748  	0.38682938  	0.42661786  	0.29824239  	0.31233335  	0.40576971  	0.41230398  
2021-12-14 23:18:11.319: iteration 20 finished in 4.403129 seconds
2021-12-14 23:18:11.427: epoch 20:	0.10165926  	0.06410424  	0.53080064  	0.66268760  	0.38604274  	0.42576858  	0.29759756  	0.31166029  	0.40537396  	0.41199884  
2021-12-14 23:18:15.821: iteration 21 finished in 4.393518 seconds
2021-12-14 23:18:15.930: epoch 21:	0.10150515  	0.06412352  	0.52929139  	0.66341978  	0.38632074  	0.42667106  	0.29808709  	0.31234607  	0.40685785  	0.41369176  
2021-12-14 23:18:20.283: iteration 22 finished in 4.353539 seconds
2021-12-14 23:18:20.397: epoch 22:	0.10140883  	0.06410424  	0.52888995  	0.66297019  	0.38632259  	0.42677033  	0.29821956  	0.31260768  	0.40721670  	0.41401657  
2021-12-14 23:18:24.762: iteration 23 finished in 4.364909 seconds
2021-12-14 23:18:24.867: epoch 23:	0.10165926  	0.06404644  	0.52996564  	0.66276139  	0.39050075  	0.43050221  	0.30206934  	0.31626949  	0.41592976  	0.42264971  
2021-12-14 23:18:29.242: iteration 24 finished in 4.374302 seconds
2021-12-14 23:18:29.347: epoch 24:	0.10104278  	0.06395010  	0.52439404  	0.66168571  	0.38839981  	0.42968297  	0.30084002  	0.31546858  	0.41531697  	0.42249787  
2021-12-14 23:18:33.734: iteration 25 finished in 4.387268 seconds
2021-12-14 23:18:33.843: epoch 25:	0.10098500  	0.06394048  	0.52411467  	0.66142881  	0.39543656  	0.43667972  	0.30836076  	0.32293579  	0.43264255  	0.43976641  
2021-12-14 23:18:38.209: iteration 26 finished in 4.365325 seconds
2021-12-14 23:18:38.316: epoch 26:	0.10113912  	0.06389231  	0.52531892  	0.66062593  	0.39579061  	0.43651780  	0.30846116  	0.32292178  	0.43275774  	0.43970224  
2021-12-14 23:18:42.703: iteration 27 finished in 4.386271 seconds
2021-12-14 23:18:42.809: epoch 27:	0.10110057  	0.06382488  	0.52496386  	0.65977496  	0.39585131  	0.43640998  	0.30861557  	0.32301483  	0.43303561  	0.43993303  
2021-12-14 23:18:47.182: iteration 28 finished in 4.371309 seconds
2021-12-14 23:18:47.292: epoch 28:	0.10098497  	0.06376708  	0.52451432  	0.65924513  	0.39591378  	0.43651661  	0.30881786  	0.32329869  	0.43347028  	0.44035429  
2021-12-14 23:18:51.682: iteration 29 finished in 4.390258 seconds
2021-12-14 23:18:51.787: epoch 29:	0.10092718  	0.06368039  	0.52420914  	0.65845829  	0.39564466  	0.43617243  	0.30854303  	0.32308993  	0.43327016  	0.44010422  
2021-12-14 23:18:56.164: iteration 30 finished in 4.375300 seconds
2021-12-14 23:18:56.269: epoch 30:	0.10075378  	0.06364187  	0.52354437  	0.65802473  	0.39514917  	0.43577859  	0.30805445  	0.32268438  	0.43320665  	0.43999663  
2021-12-14 23:19:00.658: iteration 31 finished in 4.388264 seconds
2021-12-14 23:19:00.763: epoch 31:	0.10067672  	0.06361296  	0.52305621  	0.65807611  	0.39513564  	0.43584314  	0.30812326  	0.32275316  	0.43356928  	0.44036406  
2021-12-14 23:19:05.167: iteration 32 finished in 4.403225 seconds
2021-12-14 23:19:05.276: epoch 32:	0.10056113  	0.06359369  	0.52262723  	0.65781915  	0.39510807  	0.43586585  	0.30812809  	0.32279858  	0.43398786  	0.44074231  
2021-12-14 23:19:09.643: iteration 33 finished in 4.366321 seconds
2021-12-14 23:19:09.750: epoch 33:	0.10061892  	0.06363223  	0.52328551  	0.65791225  	0.39533648  	0.43594652  	0.30826664  	0.32289672  	0.43406358  	0.44073257  
2021-12-14 23:19:14.098: iteration 34 finished in 4.346866 seconds
2021-12-14 23:19:14.208: epoch 34:	0.10065746  	0.06364188  	0.52374476  	0.65818536  	0.39509460  	0.43561479  	0.30779046  	0.32238361  	0.43398970  	0.44059959  
2021-12-14 23:19:18.786: iteration 35 finished in 4.578172 seconds
2021-12-14 23:19:18.880: epoch 35:	0.10042627  	0.06337214  	0.52228355  	0.65315974  	0.39441788  	0.43421128  	0.30738884  	0.32184973  	0.43352973  	0.44003558  
2021-12-14 23:19:23.274: iteration 36 finished in 4.394226 seconds
2021-12-14 23:19:23.378: epoch 36:	0.10052259  	0.06329508  	0.52282953  	0.65197158  	0.39457577  	0.43387961  	0.30773905  	0.32205346  	0.43287605  	0.43922964  
2021-12-14 23:19:27.770: iteration 37 finished in 4.392254 seconds
2021-12-14 23:19:27.873: epoch 37:	0.10042626  	0.06316984  	0.52218717  	0.65075117  	0.39416587  	0.43331292  	0.30743453  	0.32168746  	0.43239573  	0.43879530  
2021-12-14 23:19:32.229: iteration 38 finished in 4.355349 seconds
2021-12-14 23:19:32.335: epoch 38:	0.10042627  	0.06314094  	0.52233171  	0.65046215  	0.39437175  	0.43342087  	0.30764633  	0.32189691  	0.43260285  	0.43894514  
2021-12-14 23:19:36.700: iteration 39 finished in 4.364328 seconds
2021-12-14 23:19:36.804: epoch 39:	0.10036847  	0.06312166  	0.52207476  	0.65055853  	0.39338955  	0.43251759  	0.30663919  	0.32090184  	0.43138281  	0.43774682  
2021-12-14 23:19:41.162: iteration 40 finished in 4.357347 seconds
2021-12-14 23:19:41.267: epoch 40:	0.10046478  	0.06311203  	0.52248591  	0.65039152  	0.39349180  	0.43242159  	0.30662450  	0.32078448  	0.43133873  	0.43769658  
2021-12-14 23:19:45.631: iteration 41 finished in 4.364327 seconds
2021-12-14 23:19:45.735: epoch 41:	0.10040698  	0.06312166  	0.52227718  	0.65020531  	0.39333388  	0.43229690  	0.30651245  	0.32067987  	0.43116689  	0.43752337  
2021-12-14 23:19:50.103: iteration 42 finished in 4.368318 seconds
2021-12-14 23:19:50.210: epoch 42:	0.10038773  	0.06310239  	0.52221298  	0.65009290  	0.39325336  	0.43212339  	0.30643505  	0.32051024  	0.43117470  	0.43751854  
2021-12-14 23:19:54.569: iteration 43 finished in 4.359342 seconds
2021-12-14 23:19:54.675: epoch 43:	0.10036846  	0.06311203  	0.52214873  	0.65007681  	0.39300588  	0.43189934  	0.30618033  	0.32026169  	0.43076929  	0.43713892  
2021-12-14 23:19:59.023: iteration 44 finished in 4.348372 seconds
2021-12-14 23:19:59.131: epoch 44:	0.10042625  	0.06310239  	0.52255011  	0.64990020  	0.39287069  	0.43159437  	0.30591828  	0.31996351  	0.43040073  	0.43668714  
2021-12-14 23:20:03.515: iteration 45 finished in 4.383279 seconds
2021-12-14 23:20:03.622: epoch 45:	0.10048404  	0.06309275  	0.52283913  	0.64986163  	0.39256883  	0.43124798  	0.30544963  	0.31954053  	0.42987105  	0.43610251  
2021-12-14 23:20:07.988: iteration 46 finished in 4.366323 seconds
2021-12-14 23:20:08.090: epoch 46:	0.10042623  	0.06307349  	0.52251798  	0.64970106  	0.39240363  	0.43121019  	0.30532470  	0.31954157  	0.42976648  	0.43599483  
2021-12-14 23:20:12.450: iteration 47 finished in 4.359066 seconds
2021-12-14 23:20:12.559: epoch 47:	0.10048402  	0.06298679  	0.52293545  	0.64871520  	0.39163479  	0.43004957  	0.30440342  	0.31851462  	0.42837352  	0.43447798  
2021-12-14 23:20:16.898: iteration 48 finished in 4.338517 seconds
2021-12-14 23:20:17.007: epoch 48:	0.10042625  	0.06300605  	0.52262074  	0.64895600  	0.39143163  	0.43001533  	0.30423591  	0.31840855  	0.42824924  	0.43440109  
2021-12-14 23:20:21.337: iteration 49 finished in 4.329447 seconds
2021-12-14 23:20:21.430: epoch 49:	0.10042623  	0.06298679  	0.52234137  	0.64876336  	0.39072415  	0.42930657  	0.30358970  	0.31776994  	0.42708871  	0.43322396  
2021-12-14 23:20:25.828: iteration 50 finished in 4.382435 seconds
2021-12-14 23:20:25.932: epoch 50:	0.10038770  	0.06294826  	0.52224505  	0.64843583  	0.39060140  	0.42910782  	0.30349290  	0.31763813  	0.42695284  	0.43307561  
