2021-12-14 22:41:18.741: Dataset name: u5
The number of users: 6109
The number of items: 6109
The number of ratings: 50508
Average actions of users: 8.27
Average actions of items: 8.27
The sparsity of the dataset: 99.864662%
2021-12-14 22:41:18.741: 

NeuRec hyperparameters:
recommender=WRMF
config_dir=./conf
gpu_id=0
gpu_mem=0.5
data.input.path=D:\hsyoo\Workingon_210628/_Data/jung/noniid-in-barrier/u5/
data.input.dataset=u5
data.output.path=D:\hsyoo\Workingon_210628/_Emb/jung/noniid-in-barrier/wrmf/u5_wrmf_directed_dim16_uniform_send.emb
data.column.format=UI
data.convert.separator='\t'
user_min=0
item_min=0
splitter=given
ratio=0.8
by_time=False
metric=["Precision", "Recall", "NDCG", "MAP", "MRR"]
topk=[10, 20]
group_view=None
rec.evaluate.neg=0
test_batch_size=128
num_thread=8
data.index.remap=False

WRMF's hyperparameters:
epochs=50
embedding_size=16
reg_mf=0.1
alpha=10
init_method=uniform
stddev=0.01
verbose=1
weight=uniform

2021-12-14 22:42:54.817: metrics:	Precision@10	Precision@20	Recall@10   	Recall@20   	NDCG@10     	NDCG@20     	MAP@10      	MAP@20      	MRR@10      	MRR@20      
2021-12-14 22:43:00.597: iteration 1 finished in 5.779544 seconds
2021-12-14 22:43:00.708: epoch 1:	0.04960204  	0.03240439  	0.15282097  	0.20906873  	0.11658853  	0.13259894  	0.08599372  	0.09062731  	0.12944415  	0.13388559  
2021-12-14 22:43:05.011: iteration 2 finished in 4.301497 seconds
2021-12-14 22:43:05.093: epoch 2:	0.07282324  	0.04343723  	0.23582745  	0.28878772  	0.20052932  	0.21438356  	0.16205567  	0.16467467  	0.23486440  	0.23887293  
2021-12-14 22:43:09.394: iteration 3 finished in 4.301496 seconds
2021-12-14 22:43:09.477: epoch 3:	0.07675342  	0.04717475  	0.24831659  	0.31462198  	0.21450762  	0.23271419  	0.17445722  	0.17880072  	0.25345230  	0.25833806  
2021-12-14 22:43:13.785: iteration 4 finished in 4.307002 seconds
2021-12-14 22:43:13.863: epoch 4:	0.08016989  	0.04857469  	0.26428202  	0.32275134  	0.22247675  	0.23845918  	0.17948060  	0.18319014  	0.25960609  	0.26359805  
2021-12-14 22:43:18.162: iteration 5 finished in 4.299376 seconds
2021-12-14 22:43:18.240: epoch 5:	0.08088914  	0.04952512  	0.26725516  	0.32865497  	0.22565056  	0.24282005  	0.18227446  	0.18650791  	0.26437259  	0.26871720  
2021-12-14 22:43:22.561: iteration 6 finished in 4.304483 seconds
2021-12-14 22:43:22.641: epoch 6:	0.08235339  	0.04962789  	0.27492461  	0.32856700  	0.22823700  	0.24329653  	0.18319845  	0.18684010  	0.26535821  	0.26914689  
2021-12-14 22:43:26.951: iteration 7 finished in 4.308478 seconds
2021-12-14 22:43:27.035: epoch 7:	0.08268735  	0.04993614  	0.27713037  	0.33009979  	0.22893694  	0.24398597  	0.18332843  	0.18707564  	0.26565832  	0.26932058  
2021-12-14 22:43:31.384: iteration 8 finished in 4.349368 seconds
2021-12-14 22:43:31.470: epoch 8:	0.08245613  	0.05025724  	0.27458608  	0.33427843  	0.22823979  	0.24504350  	0.18299538  	0.18727747  	0.26552215  	0.26952371  
2021-12-14 22:43:35.771: iteration 9 finished in 4.300499 seconds
2021-12-14 22:43:35.853: epoch 9:	0.08250749  	0.05041136  	0.27460256  	0.33542719  	0.22787464  	0.24509612  	0.18252307  	0.18704118  	0.26440832  	0.26845303  
2021-12-14 22:43:40.168: iteration 10 finished in 4.315459 seconds
2021-12-14 22:43:40.251: epoch 10:	0.08279009  	0.05050128  	0.27722600  	0.33449674  	0.22847150  	0.24490616  	0.18262963  	0.18693544  	0.26416677  	0.26796076  
2021-12-14 22:43:44.566: iteration 11 finished in 4.314462 seconds
2021-12-14 22:43:44.646: epoch 11:	0.08312405  	0.05056550  	0.27853745  	0.33545783  	0.22891577  	0.24513289  	0.18259574  	0.18680464  	0.26445866  	0.26814616  
2021-12-14 22:43:48.982: iteration 12 finished in 4.334408 seconds
2021-12-14 22:43:49.066: epoch 12:	0.08317542  	0.05057834  	0.27852210  	0.33584535  	0.22858235  	0.24486363  	0.18227190  	0.18648677  	0.26333511  	0.26704255  
2021-12-14 22:43:53.392: iteration 13 finished in 4.326430 seconds
2021-12-14 22:43:53.476: epoch 13:	0.08309835  	0.05061687  	0.27854747  	0.33551201  	0.22880894  	0.24512286  	0.18248284  	0.18679379  	0.26408306  	0.26773652  
2021-12-14 22:43:57.805: iteration 14 finished in 4.329422 seconds
2021-12-14 22:43:57.888: epoch 14:	0.08304699  	0.05066825  	0.27838588  	0.33511576  	0.22892173  	0.24530290  	0.18265854  	0.18706316  	0.26421636  	0.26789388  
2021-12-14 22:44:02.242: iteration 15 finished in 4.353358 seconds
2021-12-14 22:44:02.325: epoch 15:	0.08320112  	0.05068110  	0.27878258  	0.33546939  	0.22904311  	0.24535339  	0.18267226  	0.18702503  	0.26419428  	0.26785472  
2021-12-14 22:44:06.670: iteration 16 finished in 4.344382 seconds
2021-12-14 22:44:06.751: epoch 16:	0.08266162  	0.05084807  	0.27440444  	0.33869305  	0.22783880  	0.24614662  	0.18232091  	0.18724455  	0.26380098  	0.26806644  
2021-12-14 22:44:11.066: iteration 17 finished in 4.314074 seconds
2021-12-14 22:44:11.160: epoch 17:	0.08286715  	0.05083522  	0.27539459  	0.33884355  	0.22825553  	0.24622931  	0.18263042  	0.18739170  	0.26379487  	0.26796234  
2021-12-14 22:44:15.480: iteration 18 finished in 4.320149 seconds
2021-12-14 22:44:15.574: epoch 18:	0.08286715  	0.05080953  	0.27531078  	0.33866253  	0.22817896  	0.24612503  	0.18257971  	0.18732201  	0.26354659  	0.26774091  
2021-12-14 22:44:19.887: iteration 19 finished in 4.313380 seconds
2021-12-14 22:44:19.966: epoch 19:	0.08289286  	0.05089945  	0.27550346  	0.33981359  	0.22817284  	0.24636891  	0.18256164  	0.18736383  	0.26324707  	0.26753342  
2021-12-14 22:44:24.312: iteration 20 finished in 4.346245 seconds
2021-12-14 22:44:24.396: epoch 20:	0.08294423  	0.05096367  	0.27578169  	0.34105879  	0.22828704  	0.24669063  	0.18263082  	0.18747674  	0.26319394  	0.26755464  
2021-12-14 22:44:28.755: iteration 21 finished in 4.358345 seconds
2021-12-14 22:44:28.840: epoch 21:	0.08289285  	0.05091229  	0.27584448  	0.34031752  	0.22836159  	0.24664026  	0.18271041  	0.18757661  	0.26338252  	0.26773936  
2021-12-14 22:44:33.204: iteration 22 finished in 4.364328 seconds
2021-12-14 22:44:33.287: epoch 22:	0.08291855  	0.05089945  	0.27583838  	0.34009972  	0.22832105  	0.24653846  	0.18265809  	0.18749984  	0.26340094  	0.26774445  
2021-12-14 22:44:37.641: iteration 23 finished in 4.354354 seconds
2021-12-14 22:44:37.729: epoch 23:	0.08291855  	0.05100220  	0.27597496  	0.34126526  	0.22849938  	0.24698964  	0.18277413  	0.18771882  	0.26378018  	0.26813632  
2021-12-14 22:44:42.081: iteration 24 finished in 4.352360 seconds
2021-12-14 22:44:42.168: epoch 24:	0.08294424  	0.05101504  	0.27625644  	0.34145364  	0.22873148  	0.24716835  	0.18301404  	0.18787429  	0.26404166  	0.26840892  
2021-12-14 22:44:46.502: iteration 25 finished in 4.333411 seconds
2021-12-14 22:44:46.587: epoch 25:	0.08289286  	0.05098936  	0.27615371  	0.34139359  	0.22859815  	0.24706148  	0.18290181  	0.18778016  	0.26378855  	0.26817831  
2021-12-14 22:44:50.939: iteration 26 finished in 4.351363 seconds
2021-12-14 22:44:51.022: epoch 26:	0.08294424  	0.05102789  	0.27666745  	0.34180951  	0.22884509  	0.24726678  	0.18304898  	0.18791190  	0.26412374  	0.26844966  
2021-12-14 22:44:55.358: iteration 27 finished in 4.334409 seconds
2021-12-14 22:44:55.442: epoch 27:	0.08286717  	0.05102789  	0.27583262  	0.34177542  	0.22886468  	0.24752779  	0.18323465  	0.18818784  	0.26469037  	0.26910686  
2021-12-14 22:44:59.764: iteration 28 finished in 4.321444 seconds
2021-12-14 22:44:59.849: epoch 28:	0.08279010  	0.05098936  	0.27549011  	0.34151030  	0.22877303  	0.24746612  	0.18317546  	0.18816938  	0.26481736  	0.26916012  
2021-12-14 22:45:04.198: iteration 29 finished in 4.349368 seconds
2021-12-14 22:45:04.282: epoch 29:	0.08296993  	0.05092514  	0.27611092  	0.34072134  	0.22884852  	0.24709956  	0.18313505  	0.18795201  	0.26430753  	0.26862997  
2021-12-14 22:45:08.637: iteration 30 finished in 4.355353 seconds
2021-12-14 22:45:08.721: epoch 30:	0.08296993  	0.05093798  	0.27617514  	0.34072554  	0.22888915  	0.24712937  	0.18317184  	0.18797337  	0.26444137  	0.26879093  
2021-12-14 22:45:13.051: iteration 31 finished in 4.330328 seconds
2021-12-14 22:45:13.129: epoch 31:	0.08296993  	0.05092514  	0.27650946  	0.34090596  	0.22883721  	0.24703550  	0.18302771  	0.18782973  	0.26444399  	0.26874939  
2021-12-14 22:45:17.474: iteration 32 finished in 4.344640 seconds
2021-12-14 22:45:17.552: epoch 32:	0.08302131  	0.05091229  	0.27674493  	0.34086084  	0.22875918  	0.24684609  	0.18280290  	0.18758236  	0.26427364  	0.26850712  
2021-12-14 22:45:21.895: iteration 33 finished in 4.343052 seconds
2021-12-14 22:45:21.981: epoch 33:	0.08299562  	0.05091229  	0.27673420  	0.34088224  	0.22882617  	0.24693187  	0.18287419  	0.18765852  	0.26448780  	0.26871651  
2021-12-14 22:45:26.357: iteration 34 finished in 4.376297 seconds
2021-12-14 22:45:26.441: epoch 34:	0.08312406  	0.05091229  	0.27724221  	0.34088224  	0.22887103  	0.24678771  	0.18277565  	0.18747573  	0.26434541  	0.26852229  
2021-12-14 22:45:30.814: iteration 35 finished in 4.373304 seconds
2021-12-14 22:45:30.898: epoch 35:	0.08302131  	0.05088660  	0.27691400  	0.34082839  	0.22871895  	0.24673504  	0.18273386  	0.18744574  	0.26417613  	0.26842466  
2021-12-14 22:45:35.272: iteration 36 finished in 4.374302 seconds
2021-12-14 22:45:35.357: epoch 36:	0.08299562  	0.05091229  	0.27682841  	0.34121370  	0.22850233  	0.24665301  	0.18247688  	0.18723983  	0.26391822  	0.26818001  
2021-12-14 22:45:39.749: iteration 37 finished in 4.391256 seconds
2021-12-14 22:45:39.830: epoch 37:	0.08302131  	0.05087376  	0.27691400  	0.34109750  	0.22855353  	0.24663591  	0.18249553  	0.18724923  	0.26398450  	0.26821661  
2021-12-14 22:45:44.222: iteration 38 finished in 4.390259 seconds
2021-12-14 22:45:44.305: epoch 38:	0.08299562  	0.05087376  	0.27684388  	0.34109750  	0.22851482  	0.24659519  	0.18246585  	0.18720944  	0.26396981  	0.26820073  
2021-12-14 22:45:48.691: iteration 39 finished in 4.385273 seconds
2021-12-14 22:45:48.775: epoch 39:	0.08294424  	0.05080954  	0.27665120  	0.34069964  	0.22844946  	0.24647233  	0.18244469  	0.18716353  	0.26395330  	0.26818755  
2021-12-14 22:45:53.168: iteration 40 finished in 4.392254 seconds
2021-12-14 22:45:53.250: epoch 40:	0.08294424  	0.05080954  	0.27665120  	0.34069964  	0.22841677  	0.24643709  	0.18241674  	0.18713188  	0.26379600  	0.26802734  
2021-12-14 22:45:57.628: iteration 41 finished in 4.377293 seconds
2021-12-14 22:45:57.711: epoch 41:	0.08294424  	0.05084807  	0.27665120  	0.34097794  	0.22833090  	0.24642555  	0.18230391  	0.18704371  	0.26367429  	0.26789904  
2021-12-14 22:46:02.122: iteration 42 finished in 4.410206 seconds
2021-12-14 22:46:02.207: epoch 42:	0.08296993  	0.05080954  	0.27670261  	0.34081101  	0.22830777  	0.24631044  	0.18227202  	0.18697497  	0.26358774  	0.26778910  
2021-12-14 22:46:06.584: iteration 43 finished in 4.376296 seconds
2021-12-14 22:46:06.667: epoch 43:	0.08296993  	0.05080954  	0.27670261  	0.34083900  	0.22829333  	0.24629951  	0.18224683  	0.18694845  	0.26354524  	0.26774576  
2021-12-14 22:46:11.037: iteration 44 finished in 4.369656 seconds
2021-12-14 22:46:11.131: epoch 44:	0.08296993  	0.05082238  	0.27670261  	0.34089467  	0.22828954  	0.24630395  	0.18224008  	0.18693922  	0.26362246  	0.26781774  
2021-12-14 22:46:15.489: iteration 45 finished in 4.358349 seconds
2021-12-14 22:46:15.583: epoch 45:	0.08291855  	0.05079670  	0.27658701  	0.34083226  	0.22825722  	0.24628697  	0.18224379  	0.18694712  	0.26361993  	0.26782173  
2021-12-14 22:46:19.959: iteration 46 finished in 4.376093 seconds
2021-12-14 22:46:20.053: epoch 46:	0.08289286  	0.05075817  	0.27652279  	0.34071624  	0.22823679  	0.24625944  	0.18223594  	0.18694387  	0.26363918  	0.26785639  
2021-12-14 22:46:24.459: iteration 47 finished in 4.406067 seconds
2021-12-14 22:46:24.543: epoch 47:	0.08291855  	0.05079670  	0.27655277  	0.34083548  	0.22816707  	0.24620973  	0.18216065  	0.18686956  	0.26341879  	0.26763099  
2021-12-14 22:46:28.991: iteration 48 finished in 4.448104 seconds
2021-12-14 22:46:29.076: epoch 48:	0.08294424  	0.05080954  	0.27661696  	0.34085885  	0.22823678  	0.24629731  	0.18220657  	0.18694039  	0.26356933  	0.26779035  
2021-12-14 22:46:33.516: iteration 49 finished in 4.440126 seconds
2021-12-14 22:46:33.598: epoch 49:	0.08284149  	0.05079670  	0.27618885  	0.34073472  	0.22809537  	0.24627015  	0.18217705  	0.18693747  	0.26359218  	0.26788461  
2021-12-14 22:46:38.046: iteration 50 finished in 4.446110 seconds
2021-12-14 22:46:38.127: epoch 50:	0.08284149  	0.05079670  	0.27618885  	0.34076038  	0.22811992  	0.24629879  	0.18220434  	0.18696642  	0.26362756  	0.26791584  
