2021-01-18 20:18:22.593: Dataset name: u5
The number of users: 5924
The number of items: 5924
The number of ratings: 20357
Average actions of users: 3.44
Average actions of items: 3.44
The sparsity of the dataset: 99.941993%
2021-01-18 20:18:22.594: 

NeuRec hyperparameters:
recommender=WRMF
config_dir=./conf
gpu_id=0
gpu_mem=0.5
data.input.path=C:\Users\HyunsikYoo\Desktop\VNE_directed_networks/_Data/p2p-Gnutella08/5-fold/u5/
data.input.dataset=u5
data.output.path=C:\Users\HyunsikYoo\Desktop\VNE_directed_networks/_Emb/p2p-Gnutella08/5-fold/wrmf/u5_wrmf_directed_dim16.emb
data.column.format=UI
data.convert.separator='\t'
user_min=0
item_min=0
splitter=given
ratio=0.8
by_time=False
metric=["Precision", "Recall", "NDCG", "MAP", "MRR"]
topk=[10, 20]
group_view=None
rec.evaluate.neg=0
test_batch_size=128
num_thread=8
data.index.remap=False

WRMF's hyperparameters:
epochs=50
embedding_size=16
reg_mf=0.1
alpha=10
init_method=uniform
stddev=0.01
verbose=1
weight=uniform

2021-01-18 20:19:55.350: metrics:	Precision@10	Precision@20	Recall@10   	Recall@20   	NDCG@10     	NDCG@20     	MAP@10      	MAP@20      	MRR@10      	MRR@20      
2021-01-18 20:19:59.689: iteration 1 finished in 4.337147 seconds
2021-01-18 20:19:59.749: epoch 1:	0.00837211  	0.00737211  	0.04372093  	0.07640827  	0.02510289  	0.03493670  	0.01447776  	0.01727913  	0.02567903  	0.02853879  
2021-01-18 20:20:04.113: iteration 2 finished in 4.362847 seconds
2021-01-18 20:20:04.164: epoch 2:	0.01223258  	0.01032558  	0.06423773  	0.10888889  	0.03739692  	0.05090497  	0.02246686  	0.02669764  	0.03734551  	0.04081584  
2021-01-18 20:20:08.586: iteration 3 finished in 4.422168 seconds
2021-01-18 20:20:08.638: epoch 3:	0.01390701  	0.01162790  	0.07237726  	0.12175710  	0.04190648  	0.05683828  	0.02520746  	0.02997672  	0.04111795  	0.04473120  
2021-01-18 20:20:12.950: iteration 4 finished in 4.310841 seconds
2021-01-18 20:20:12.993: epoch 4:	0.01400003  	0.01216278  	0.07307494  	0.12733850  	0.04322944  	0.05963505  	0.02656470  	0.03176082  	0.04319030  	0.04721038  
2021-01-18 20:20:17.346: iteration 5 finished in 4.353060 seconds
2021-01-18 20:20:17.392: epoch 5:	0.01367445  	0.01246511  	0.07162791  	0.13098191  	0.04336884  	0.06132421  	0.02709164  	0.03270158  	0.04421372  	0.04883258  
2021-01-18 20:20:21.803: iteration 6 finished in 4.410329 seconds
2021-01-18 20:20:21.847: epoch 6:	0.01395352  	0.01267441  	0.07348837  	0.13348837  	0.04390786  	0.06201667  	0.02714055  	0.03282032  	0.04429365  	0.04879311  
2021-01-18 20:20:26.479: iteration 7 finished in 4.632680 seconds
2021-01-18 20:20:26.526: epoch 7:	0.01400003  	0.01272092  	0.07348837  	0.13441861  	0.04426364  	0.06264481  	0.02752852  	0.03328899  	0.04485384  	0.04951802  
2021-01-18 20:20:31.301: iteration 8 finished in 4.774831 seconds
2021-01-18 20:20:31.374: epoch 8:	0.01413957  	0.01281394  	0.07395349  	0.13534884  	0.04449866  	0.06294438  	0.02761194  	0.03329471  	0.04508584  	0.04986551  
2021-01-18 20:20:35.972: iteration 9 finished in 4.597937 seconds
2021-01-18 20:20:36.023: epoch 9:	0.01413957  	0.01279068  	0.07395349  	0.13534884  	0.04453692  	0.06300241  	0.02762145  	0.03336024  	0.04524549  	0.05000125  
2021-01-18 20:20:40.492: iteration 10 finished in 4.469338 seconds
2021-01-18 20:20:40.539: epoch 10:	0.01437212  	0.01288371  	0.07511628  	0.13651162  	0.04525567  	0.06362303  	0.02808131  	0.03377023  	0.04600131  	0.05063255  
2021-01-18 20:20:45.106: iteration 11 finished in 4.566649 seconds
2021-01-18 20:20:45.151: epoch 11:	0.01441864  	0.01288370  	0.07534884  	0.13651162  	0.04585929  	0.06414821  	0.02862440  	0.03433476  	0.04722852  	0.05173128  
2021-01-18 20:20:49.579: iteration 12 finished in 4.427740 seconds
2021-01-18 20:20:49.626: epoch 12:	0.01446515  	0.01281394  	0.07558139  	0.13581395  	0.04625968  	0.06433269  	0.02897545  	0.03469297  	0.04799263  	0.05241102  
2021-01-18 20:20:54.002: iteration 13 finished in 4.374969 seconds
2021-01-18 20:20:54.055: epoch 13:	0.01474422  	0.01290696  	0.07697675  	0.13697675  	0.04672282  	0.06461506  	0.02908324  	0.03469666  	0.04829071  	0.05260558  
2021-01-18 20:20:58.429: iteration 14 finished in 4.374203 seconds
2021-01-18 20:20:58.474: epoch 14:	0.01469771  	0.01293022  	0.07674418  	0.13697675  	0.04669802  	0.06474157  	0.02909985  	0.03477062  	0.04845720  	0.05289013  
2021-01-18 20:21:02.839: iteration 15 finished in 4.363227 seconds
2021-01-18 20:21:02.893: epoch 15:	0.01469771  	0.01299998  	0.07697675  	0.13767442  	0.04649900  	0.06467710  	0.02884376  	0.03452233  	0.04794724  	0.05244023  
2021-01-18 20:21:07.236: iteration 16 finished in 4.342170 seconds
2021-01-18 20:21:07.286: epoch 16:	0.01479073  	0.01302324  	0.07720930  	0.13790698  	0.04688761  	0.06500435  	0.02913880  	0.03483172  	0.04864915  	0.05299326  
2021-01-18 20:21:11.652: iteration 17 finished in 4.364155 seconds
2021-01-18 20:21:11.696: epoch 17:	0.01483724  	0.01295347  	0.07744186  	0.13697675  	0.04709280  	0.06487494  	0.02931249  	0.03488845  	0.04891236  	0.05319794  
2021-01-18 20:21:16.081: iteration 18 finished in 4.383892 seconds
2021-01-18 20:21:16.128: epoch 18:	0.01483724  	0.01293021  	0.07767442  	0.13674419  	0.04737449  	0.06503823  	0.02957236  	0.03511842  	0.04943063  	0.05368172  
2021-01-18 20:21:20.673: iteration 19 finished in 4.545065 seconds
2021-01-18 20:21:20.720: epoch 19:	0.01479073  	0.01295347  	0.07744186  	0.13656977  	0.04716462  	0.06489392  	0.02935595  	0.03491067  	0.04928112  	0.05360411  
2021-01-18 20:21:25.002: iteration 20 finished in 4.282644 seconds
2021-01-18 20:21:25.052: epoch 20:	0.01469771  	0.01293021  	0.07697675  	0.13610466  	0.04710462  	0.06489017  	0.02945616  	0.03501124  	0.04937303  	0.05380142  
2021-01-18 20:21:29.491: iteration 21 finished in 4.438182 seconds
2021-01-18 20:21:29.536: epoch 21:	0.01465120  	0.01293021  	0.07674418  	0.13610466  	0.04700348  	0.06488565  	0.02939137  	0.03495495  	0.04940366  	0.05394607  
2021-01-18 20:21:33.966: iteration 22 finished in 4.428468 seconds
2021-01-18 20:21:34.013: epoch 22:	0.01479073  	0.01297673  	0.07744186  	0.13656977  	0.04722764  	0.06500932  	0.02942828  	0.03496862  	0.04949040  	0.05394623  
2021-01-18 20:21:38.449: iteration 23 finished in 4.434655 seconds
2021-01-18 20:21:38.501: epoch 23:	0.01483724  	0.01304649  	0.07750000  	0.13726744  	0.04724897  	0.06521026  	0.02938778  	0.03500883  	0.04959672  	0.05402451  
2021-01-18 20:21:42.954: iteration 24 finished in 4.453123 seconds
2021-01-18 20:21:43.002: epoch 24:	0.01488375  	0.01306975  	0.07773256  	0.13750000  	0.04732068  	0.06526721  	0.02939940  	0.03501384  	0.04962385  	0.05402371  
2021-01-18 20:21:47.470: iteration 25 finished in 4.466939 seconds
2021-01-18 20:21:47.523: epoch 25:	0.01493027  	0.01302324  	0.07796512  	0.13703488  	0.04753647  	0.06528607  	0.02956873  	0.03515956  	0.04994298  	0.05424513  
2021-01-18 20:21:51.942: iteration 26 finished in 4.418882 seconds
2021-01-18 20:21:52.001: epoch 26:	0.01502329  	0.01299998  	0.07866279  	0.13680233  	0.04778383  	0.06528737  	0.02967116  	0.03519006  	0.05012460  	0.05438749  
2021-01-18 20:21:56.351: iteration 27 finished in 4.350234 seconds
2021-01-18 20:21:56.401: epoch 27:	0.01502329  	0.01302324  	0.07843024  	0.13726744  	0.04770342  	0.06536633  	0.02964645  	0.03518740  	0.05002456  	0.05436437  
2021-01-18 20:22:00.929: iteration 28 finished in 4.527747 seconds
2021-01-18 20:22:00.980: epoch 28:	0.01502329  	0.01304649  	0.07843024  	0.13750000  	0.04767623  	0.06542157  	0.02962864  	0.03519419  	0.04995959  	0.05434282  
2021-01-18 20:22:05.542: iteration 29 finished in 4.560596 seconds
2021-01-18 20:22:05.590: epoch 29:	0.01497678  	0.01309300  	0.07819767  	0.13819768  	0.04759856  	0.06558330  	0.02961886  	0.03523144  	0.04992341  	0.05438608  
2021-01-18 20:22:10.234: iteration 30 finished in 4.643370 seconds
2021-01-18 20:22:10.282: epoch 30:	0.01497678  	0.01302324  	0.07819767  	0.13703488  	0.04757075  	0.06527459  	0.02960400  	0.03517363  	0.04986269  	0.05421352  
2021-01-18 20:22:14.738: iteration 31 finished in 4.456800 seconds
2021-01-18 20:22:14.785: epoch 31:	0.01502329  	0.01299998  	0.07866279  	0.13656977  	0.04764593  	0.06513806  	0.02959432  	0.03513751  	0.04981230  	0.05408329  
2021-01-18 20:22:19.370: iteration 32 finished in 4.584422 seconds
2021-01-18 20:22:19.467: epoch 32:	0.01502329  	0.01299998  	0.07866279  	0.13656977  	0.04749612  	0.06499446  	0.02946161  	0.03497855  	0.04946549  	0.05380678  
2021-01-18 20:22:24.013: iteration 33 finished in 4.544863 seconds
2021-01-18 20:22:24.059: epoch 33:	0.01497678  	0.01299998  	0.07843024  	0.13656977  	0.04746931  	0.06503268  	0.02950609  	0.03503291  	0.04959709  	0.05396803  
2021-01-18 20:22:29.319: iteration 34 finished in 5.259930 seconds
2021-01-18 20:22:29.379: epoch 34:	0.01497678  	0.01295347  	0.07843024  	0.13610466  	0.04746776  	0.06490657  	0.02950295  	0.03500757  	0.04959082  	0.05392635  
2021-01-18 20:22:33.753: iteration 35 finished in 4.373739 seconds
2021-01-18 20:22:33.797: epoch 35:	0.01493027  	0.01302324  	0.07819767  	0.13703488  	0.04730223  	0.06506597  	0.02940504  	0.03500040  	0.04931488  	0.05374067  
2021-01-18 20:22:38.089: iteration 36 finished in 4.291311 seconds
2021-01-18 20:22:38.134: epoch 36:	0.01497678  	0.01299998  	0.07843024  	0.13680233  	0.04735689  	0.06498251  	0.02940458  	0.03495844  	0.04931396  	0.05371154  
2021-01-18 20:22:42.406: iteration 37 finished in 4.271362 seconds
2021-01-18 20:22:42.452: epoch 37:	0.01493027  	0.01299998  	0.07819767  	0.13656977  	0.04724746  	0.06491051  	0.02934007  	0.03493306  	0.04924826  	0.05362278  
2021-01-18 20:22:46.875: iteration 38 finished in 4.422783 seconds
2021-01-18 20:22:46.922: epoch 38:	0.01479073  	0.01297673  	0.07750000  	0.13633721  	0.04699561  	0.06482371  	0.02926597  	0.03490651  	0.04910005  	0.05356382  
2021-01-18 20:22:51.435: iteration 39 finished in 4.513000 seconds
2021-01-18 20:22:51.500: epoch 39:	0.01483724  	0.01297673  	0.07773256  	0.13633721  	0.04708654  	0.06482981  	0.02929578  	0.03491130  	0.04916354  	0.05357969  
2021-01-18 20:22:56.311: iteration 40 finished in 4.809608 seconds
2021-01-18 20:22:56.365: epoch 40:	0.01479073  	0.01299998  	0.07750000  	0.13656977  	0.04701183  	0.06491041  	0.02930002  	0.03496023  	0.04906350  	0.05354897  
2021-01-18 20:23:00.662: iteration 41 finished in 4.296589 seconds
2021-01-18 20:23:00.707: epoch 41:	0.01469771  	0.01306975  	0.07703488  	0.13726744  	0.04657062  	0.06481473  	0.02895986  	0.03470340  	0.04839610  	0.05300016  
2021-01-18 20:23:05.001: iteration 42 finished in 4.293037 seconds
2021-01-18 20:23:05.052: epoch 42:	0.01465120  	0.01304649  	0.07680233  	0.13703488  	0.04648407  	0.06473096  	0.02893338  	0.03466501  	0.04834313  	0.05297677  
2021-01-18 20:23:09.537: iteration 43 finished in 4.485618 seconds
2021-01-18 20:23:09.583: epoch 43:	0.01469771  	0.01302324  	0.07703488  	0.13680233  	0.04653118  	0.06463461  	0.02892821  	0.03462965  	0.04831212  	0.05287572  
2021-01-18 20:23:14.218: iteration 44 finished in 4.632431 seconds
2021-01-18 20:23:14.279: epoch 44:	0.01469771  	0.01297673  	0.07703488  	0.13633721  	0.04649263  	0.06447309  	0.02888751  	0.03455938  	0.04823073  	0.05278061  
2021-01-18 20:23:18.756: iteration 45 finished in 4.476565 seconds
2021-01-18 20:23:18.823: epoch 45:	0.01465120  	0.01295347  	0.07680233  	0.13610466  	0.04620018  	0.06419806  	0.02860734  	0.03430960  	0.04777447  	0.05230859  
2021-01-18 20:23:23.406: iteration 46 finished in 4.581750 seconds
2021-01-18 20:23:23.462: epoch 46:	0.01465120  	0.01293021  	0.07680233  	0.13587210  	0.04604384  	0.06397267  	0.02843809  	0.03413879  	0.04745146  	0.05193111  
2021-01-18 20:23:28.059: iteration 47 finished in 4.596166 seconds
2021-01-18 20:23:28.104: epoch 47:	0.01455817  	0.01293021  	0.07633721  	0.13587210  	0.04580936  	0.06390027  	0.02830760  	0.03405181  	0.04718144  	0.05175183  
2021-01-18 20:23:32.500: iteration 48 finished in 4.396751 seconds
2021-01-18 20:23:32.547: epoch 48:	0.01465120  	0.01293021  	0.07680233  	0.13587210  	0.04605874  	0.06399018  	0.02845331  	0.03415673  	0.04745996  	0.05193954  
2021-01-18 20:23:36.966: iteration 49 finished in 4.417679 seconds
2021-01-18 20:23:37.014: epoch 49:	0.01465120  	0.01290696  	0.07680233  	0.13563953  	0.04598308  	0.06382823  	0.02836629  	0.03402955  	0.04727760  	0.05173372  
2021-01-18 20:23:41.650: iteration 50 finished in 4.634648 seconds
2021-01-18 20:23:41.697: epoch 50:	0.01474422  	0.01293021  	0.07726744  	0.13587210  	0.04624768  	0.06399329  	0.02850998  	0.03413788  	0.04755390  	0.05194420  
