2021-12-14 22:06:31.529: Dataset name: u5
The number of users: 6599
The number of items: 6599
The number of ratings: 103172
Average actions of users: 15.63
Average actions of items: 15.63
The sparsity of the dataset: 99.763078%
2021-12-14 22:06:31.530: 

NeuRec hyperparameters:
recommender=WRMF
config_dir=./conf
gpu_id=0
gpu_mem=0.5
data.input.path=D:\hsyoo\Workingon_210628/_Data/wiki-vote/random-barrier/u5/
data.input.dataset=u5
data.output.path=D:\hsyoo\Workingon_210628/_Emb/wiki-vote/random-barrier/wrmf/u5_wrmf_directed_dim16_uniform_send.emb
data.column.format=UI
data.convert.separator='\t'
user_min=0
item_min=0
splitter=given
ratio=0.8
by_time=False
metric=["Precision", "Recall", "NDCG", "MAP", "MRR"]
topk=[10, 20]
group_view=None
rec.evaluate.neg=0
test_batch_size=128
num_thread=8
data.index.remap=False

WRMF's hyperparameters:
epochs=50
embedding_size=16
reg_mf=0.1
alpha=10
init_method=uniform
stddev=0.01
verbose=1
weight=uniform

2021-12-14 22:08:22.437: metrics:	Precision@10	Precision@20	Recall@10   	Recall@20   	NDCG@10     	NDCG@20     	MAP@10      	MAP@20      	MRR@10      	MRR@20      
2021-12-14 22:08:28.348: iteration 1 finished in 5.911178 seconds
2021-12-14 22:08:28.441: epoch 1:	0.02556952  	0.02209755  	0.03164225  	0.05269280  	0.03586185  	0.04063925  	0.01835532  	0.01766888  	0.06429286  	0.06888569  
2021-12-14 22:08:33.132: iteration 2 finished in 4.690457 seconds
2021-12-14 22:08:33.205: epoch 2:	0.06687187  	0.05705294  	0.10674116  	0.17034093  	0.10210388  	0.11880441  	0.05611213  	0.05708420  	0.16127078  	0.16836728  
2021-12-14 22:08:37.922: iteration 3 finished in 4.716386 seconds
2021-12-14 22:08:37.994: epoch 3:	0.07486489  	0.06321950  	0.12246748  	0.19686475  	0.11775291  	0.13693078  	0.06630811  	0.06755618  	0.18627149  	0.19442064  
2021-12-14 22:08:42.680: iteration 4 finished in 4.685469 seconds
2021-12-14 22:08:42.756: epoch 4:	0.07783058  	0.06558833  	0.12775992  	0.20623316  	0.12282021  	0.14305857  	0.06921298  	0.07051343  	0.19555971  	0.20348869  
2021-12-14 22:08:47.434: iteration 5 finished in 4.678488 seconds
2021-12-14 22:08:47.508: epoch 5:	0.08036230  	0.06755940  	0.13293679  	0.20848115  	0.12526409  	0.14501895  	0.07032477  	0.07133252  	0.19399895  	0.20208460  
2021-12-14 22:08:52.219: iteration 6 finished in 4.711400 seconds
2021-12-14 22:08:52.293: epoch 6:	0.08126649  	0.06792104  	0.13575657  	0.20923845  	0.12807386  	0.14727125  	0.07248512  	0.07334765  	0.19869164  	0.20656571  
2021-12-14 22:08:56.991: iteration 7 finished in 4.697437 seconds
2021-12-14 22:08:57.064: epoch 7:	0.08130267  	0.06848166  	0.13561261  	0.21178579  	0.12753437  	0.14771961  	0.07170757  	0.07301259  	0.19780825  	0.20574076  
2021-12-14 22:09:01.784: iteration 8 finished in 4.718381 seconds
2021-12-14 22:09:01.856: epoch 8:	0.08188132  	0.06884335  	0.13626100  	0.21384265  	0.12854668  	0.14910030  	0.07252035  	0.07394950  	0.19896041  	0.20677881  
2021-12-14 22:09:06.550: iteration 9 finished in 4.694489 seconds
2021-12-14 22:09:06.631: epoch 9:	0.08202593  	0.06896994  	0.13602294  	0.21433745  	0.12874702  	0.14939834  	0.07253890  	0.07391215  	0.20001779  	0.20810390  
2021-12-14 22:09:11.323: iteration 10 finished in 4.691620 seconds
2021-12-14 22:09:11.401: epoch 10:	0.08264072  	0.06895188  	0.13651498  	0.21543799  	0.12913290  	0.14961530  	0.07274576  	0.07400693  	0.19978704  	0.20767133  
2021-12-14 22:09:16.075: iteration 11 finished in 4.674315 seconds
2021-12-14 22:09:16.153: epoch 11:	0.08278539  	0.06947631  	0.13742284  	0.21773143  	0.12984762  	0.15071465  	0.07333112  	0.07452642  	0.20036089  	0.20834430  
2021-12-14 22:09:20.854: iteration 12 finished in 4.701307 seconds
2021-12-14 22:09:20.933: epoch 12:	0.08332790  	0.06985606  	0.13878107  	0.21799579  	0.13088873  	0.15150504  	0.07393449  	0.07501990  	0.20196909  	0.21022213  
2021-12-14 22:09:25.651: iteration 13 finished in 4.718125 seconds
2021-12-14 22:09:25.724: epoch 13:	0.08347259  	0.06945822  	0.13949396  	0.21774758  	0.13191223  	0.15196237  	0.07474871  	0.07546570  	0.20453526  	0.21275933  
2021-12-14 22:09:30.425: iteration 14 finished in 4.701427 seconds
2021-12-14 22:09:30.495: epoch 14:	0.08311091  	0.06963906  	0.13827232  	0.21708922  	0.13172027  	0.15217553  	0.07481205  	0.07572389  	0.20527232  	0.21355367  
2021-12-14 22:09:35.195: iteration 15 finished in 4.700429 seconds
2021-12-14 22:09:35.269: epoch 15:	0.08358108  	0.06974756  	0.14116235  	0.21906342  	0.13284057  	0.15291947  	0.07510819  	0.07596939  	0.20705152  	0.21495035  
2021-12-14 22:09:39.989: iteration 16 finished in 4.720376 seconds
2021-12-14 22:09:40.059: epoch 16:	0.08368959  	0.07005499  	0.14203687  	0.22022018  	0.13337149  	0.15370625  	0.07544641  	0.07647065  	0.20773479  	0.21559493  
2021-12-14 22:09:44.761: iteration 17 finished in 4.700430 seconds
2021-12-14 22:09:44.836: epoch 17:	0.08412361  	0.07001885  	0.14349954  	0.21975853  	0.13432147  	0.15404743  	0.07604321  	0.07695737  	0.20906179  	0.21664205  
2021-12-14 22:09:49.558: iteration 18 finished in 4.721373 seconds
2021-12-14 22:09:49.630: epoch 18:	0.08419594  	0.06983803  	0.14290522  	0.21760997  	0.13439786  	0.15374975  	0.07619481  	0.07710301  	0.20928033  	0.21691093  
2021-12-14 22:09:54.358: iteration 19 finished in 4.728355 seconds
2021-12-14 22:09:54.430: epoch 19:	0.08383427  	0.06998271  	0.14229555  	0.21860345  	0.13416679  	0.15418151  	0.07605258  	0.07734187  	0.20932508  	0.21689124  
2021-12-14 22:09:59.140: iteration 20 finished in 4.709406 seconds
2021-12-14 22:09:59.218: epoch 20:	0.08387043  	0.07021777  	0.14208136  	0.22164579  	0.13447191  	0.15528613  	0.07645410  	0.07786425  	0.21013837  	0.21785368  
2021-12-14 22:10:03.945: iteration 21 finished in 4.727358 seconds
2021-12-14 22:10:04.017: epoch 21:	0.08376195  	0.07016350  	0.14086106  	0.22204429  	0.13412163  	0.15533845  	0.07650933  	0.07793590  	0.20958330  	0.21757856  
2021-12-14 22:10:08.726: iteration 22 finished in 4.708409 seconds
2021-12-14 22:10:08.801: epoch 22:	0.08412366  	0.07032626  	0.14180496  	0.22372714  	0.13453712  	0.15582198  	0.07662998  	0.07800123  	0.20986886  	0.21792187  
2021-12-14 22:10:13.479: iteration 23 finished in 4.677672 seconds
2021-12-14 22:10:13.541: epoch 23:	0.08423214  	0.07036242  	0.14143857  	0.22437526  	0.13390714  	0.15542756  	0.07600081  	0.07750063  	0.20828071  	0.21635523  
2021-12-14 22:10:18.208: iteration 24 finished in 4.666830 seconds
2021-12-14 22:10:18.271: epoch 24:	0.08459379  	0.07052516  	0.14301127  	0.22545442  	0.13454922  	0.15588623  	0.07634951  	0.07770091  	0.20863774  	0.21672888  
2021-12-14 22:10:22.956: iteration 25 finished in 4.684833 seconds
2021-12-14 22:10:23.030: epoch 25:	0.08437681  	0.07041664  	0.14276737  	0.22505350  	0.13431469  	0.15570118  	0.07624376  	0.07767791  	0.20785643  	0.21594362  
2021-12-14 22:10:27.750: iteration 26 finished in 4.719380 seconds
2021-12-14 22:10:27.824: epoch 26:	0.08452149  	0.07056131  	0.14237687  	0.22577776  	0.13436845  	0.15601926  	0.07635006  	0.07781885  	0.20793766  	0.21611585  
2021-12-14 22:10:32.524: iteration 27 finished in 4.700430 seconds
2021-12-14 22:10:32.596: epoch 27:	0.08466616  	0.07066982  	0.14278252  	0.22603859  	0.13462918  	0.15628076  	0.07651294  	0.07804441  	0.20812897  	0.21625274  
2021-12-14 22:10:37.271: iteration 28 finished in 4.673884 seconds
2021-12-14 22:10:37.349: epoch 28:	0.08455767  	0.07066982  	0.14323308  	0.22637993  	0.13495448  	0.15666205  	0.07682119  	0.07839316  	0.20893140  	0.21702249  
2021-12-14 22:10:42.037: iteration 29 finished in 4.688496 seconds
2021-12-14 22:10:42.100: epoch 29:	0.08423214  	0.07066981  	0.14295711  	0.22648902  	0.13488072  	0.15680841  	0.07694048  	0.07859766  	0.20885901  	0.21706304  
2021-12-14 22:10:46.801: iteration 30 finished in 4.686028 seconds
2021-12-14 22:10:46.880: epoch 30:	0.08376200  	0.07057939  	0.14193243  	0.22684731  	0.13454053  	0.15693247  	0.07694125  	0.07867749  	0.20901532  	0.21738090  
2021-12-14 22:10:51.581: iteration 31 finished in 4.701309 seconds
2021-12-14 22:10:51.659: epoch 31:	0.08390667  	0.07048898  	0.14214455  	0.22596921  	0.13481216  	0.15684551  	0.07716376  	0.07882313  	0.20930198  	0.21754375  
2021-12-14 22:10:56.367: iteration 32 finished in 4.708199 seconds
2021-12-14 22:10:56.430: epoch 32:	0.08415984  	0.07039857  	0.14305709  	0.22553991  	0.13504992  	0.15661141  	0.07712595  	0.07865162  	0.20919582  	0.21717322  
2021-12-14 22:11:01.126: iteration 33 finished in 4.696833 seconds
2021-12-14 22:11:01.189: epoch 33:	0.08448534  	0.07048900  	0.14405274  	0.22622311  	0.13531734  	0.15662941  	0.07708056  	0.07846087  	0.20947038  	0.21733890  
2021-12-14 22:11:05.920: iteration 34 finished in 4.730839 seconds
2021-12-14 22:11:05.982: epoch 34:	0.08448533  	0.07063367  	0.14444308  	0.22710341  	0.13546655  	0.15696950  	0.07721444  	0.07866076  	0.20945142  	0.21739347  
2021-12-14 22:11:10.659: iteration 35 finished in 4.676335 seconds
2021-12-14 22:11:10.737: epoch 35:	0.08448531  	0.07056133  	0.14481211  	0.22646727  	0.13541196  	0.15667547  	0.07707113  	0.07849330  	0.20932370  	0.21712883  
2021-12-14 22:11:15.414: iteration 36 finished in 4.677099 seconds
2021-12-14 22:11:15.492: epoch 36:	0.08452149  	0.07068791  	0.14447942  	0.22639449  	0.13526225  	0.15661605  	0.07708248  	0.07846317  	0.20868343  	0.21665251  
2021-12-14 22:11:20.198: iteration 37 finished in 4.706491 seconds
2021-12-14 22:11:20.261: epoch 37:	0.08470231  	0.07065174  	0.14465049  	0.22600435  	0.13531215  	0.15642093  	0.07706283  	0.07836238  	0.20840974  	0.21638770  
2021-12-14 22:11:24.997: iteration 38 finished in 4.735991 seconds
2021-12-14 22:11:25.070: epoch 38:	0.08455765  	0.07043474  	0.14333165  	0.22446892  	0.13510107  	0.15612848  	0.07707920  	0.07841623  	0.20876452  	0.21681014  
2021-12-14 22:11:29.782: iteration 39 finished in 4.712398 seconds
2021-12-14 22:11:29.852: epoch 39:	0.08459380  	0.07036241  	0.14354202  	0.22410060  	0.13509206  	0.15594190  	0.07703956  	0.07832760  	0.20856386  	0.21660006  
2021-12-14 22:11:34.578: iteration 40 finished in 4.726360 seconds
2021-12-14 22:11:34.652: epoch 40:	0.08462996  	0.07039856  	0.14409998  	0.22410175  	0.13508412  	0.15580869  	0.07690848  	0.07819383  	0.20824023  	0.21620820  
2021-12-14 22:11:39.355: iteration 41 finished in 4.702424 seconds
2021-12-14 22:11:39.425: epoch 41:	0.08444913  	0.07039855  	0.14378403  	0.22421633  	0.13469478  	0.15559733  	0.07669310  	0.07797975  	0.20730923  	0.21538219  
2021-12-14 22:11:44.141: iteration 42 finished in 4.714392 seconds
2021-12-14 22:11:44.215: epoch 42:	0.08448532  	0.07054322  	0.14430223  	0.22429740  	0.13497059  	0.15583010  	0.07683593  	0.07810322  	0.20779920  	0.21590193  
2021-12-14 22:11:48.913: iteration 43 finished in 4.698435 seconds
2021-12-14 22:11:48.983: epoch 43:	0.08441299  	0.07056131  	0.14423731  	0.22432387  	0.13542166  	0.15629803  	0.07735651  	0.07858460  	0.20908394  	0.21718258  
2021-12-14 22:11:53.703: iteration 44 finished in 4.720376 seconds
2021-12-14 22:11:53.777: epoch 44:	0.08448531  	0.07057940  	0.14427871  	0.22451611  	0.13547945  	0.15631685  	0.07730624  	0.07853027  	0.20945783  	0.21753818  
2021-12-14 22:11:58.497: iteration 45 finished in 4.720376 seconds
2021-12-14 22:11:58.566: epoch 45:	0.08444915  	0.07076024  	0.14393100  	0.22524908  	0.13548961  	0.15669744  	0.07729662  	0.07867581  	0.21026295  	0.21840960  
2021-12-14 22:12:03.295: iteration 46 finished in 4.729351 seconds
2021-12-14 22:12:03.368: epoch 46:	0.08423216  	0.07065172  	0.14328434  	0.22501545  	0.13515271  	0.15649658  	0.07719447  	0.07853956  	0.20988564  	0.21818252  
2021-12-14 22:12:08.074: iteration 47 finished in 4.705417 seconds
2021-12-14 22:12:08.145: epoch 47:	0.08430449  	0.07072406  	0.14340693  	0.22496292  	0.13499297  	0.15631442  	0.07692676  	0.07829930  	0.20962727  	0.21782266  
2021-12-14 22:12:12.855: iteration 48 finished in 4.710120 seconds
2021-12-14 22:12:12.917: epoch 48:	0.08437682  	0.07059748  	0.14357682  	0.22519763  	0.13497066  	0.15623583  	0.07684362  	0.07826208  	0.20924227  	0.21734211  
2021-12-14 22:12:17.593: iteration 49 finished in 4.660382 seconds
2021-12-14 22:12:17.671: epoch 49:	0.08455767  	0.07052515  	0.14383966  	0.22533882  	0.13515550  	0.15626208  	0.07696019  	0.07825571  	0.20935324  	0.21743153  
2021-12-14 22:12:22.350: iteration 50 finished in 4.679010 seconds
2021-12-14 22:12:22.426: epoch 50:	0.08452149  	0.07047090  	0.14336357  	0.22495015  	0.13478754  	0.15592687  	0.07658385  	0.07793262  	0.20889445  	0.21700546  
