2021-12-14 19:01:29.922: Dataset name: u5
The number of users: 6295
The number of items: 6295
The number of ratings: 20770
Average actions of users: 3.30
Average actions of items: 3.30
The sparsity of the dataset: 99.947586%
2021-12-14 19:01:29.922: 

NeuRec hyperparameters:
recommender=WRMF
config_dir=./conf
gpu_id=0
gpu_mem=0.5
data.input.path=D:\hsyoo\Workingon_210628/_Data/p2p-Gnutella08/noniid-in-barrier/u5/
data.input.dataset=u5
data.output.path=D:\hsyoo\Workingon_210628/_Emb/p2p-Gnutella08/noniid-in-barrier/wrmf/u5_wrmf_directed_dim16_uniform_send.emb
data.column.format=UI
data.convert.separator='\t'
user_min=0
item_min=0
splitter=given
ratio=0.8
by_time=False
metric=["Precision", "Recall", "NDCG", "MAP", "MRR"]
topk=[10, 20]
group_view=None
rec.evaluate.neg=0
test_batch_size=128
num_thread=8
data.index.remap=False

WRMF's hyperparameters:
epochs=50
embedding_size=16
reg_mf=0.1
alpha=10
init_method=uniform
stddev=0.01
verbose=1
weight=uniform

2021-12-14 19:03:11.484: metrics:	Precision@10	Precision@20	Recall@10   	Recall@20   	NDCG@10     	NDCG@20     	MAP@10      	MAP@20      	MRR@10      	MRR@20      
2021-12-14 19:03:17.457: iteration 1 finished in 5.973096 seconds
2021-12-14 19:03:17.504: epoch 1:	0.00105386  	0.00105386  	0.00819672  	0.01512490  	0.00508265  	0.00704324  	0.00392550  	0.00446911  	0.00438041  	0.00502619  
2021-12-14 19:03:21.911: iteration 2 finished in 4.406917 seconds
2021-12-14 19:03:21.948: epoch 2:	0.00187354  	0.00175644  	0.01512490  	0.02665886  	0.00843742  	0.01157313  	0.00595354  	0.00679564  	0.00681666  	0.00776985  
2021-12-14 19:03:26.365: iteration 3 finished in 4.417186 seconds
2021-12-14 19:03:26.402: epoch 3:	0.00251756  	0.00193208  	0.02029664  	0.02900078  	0.01058673  	0.01302394  	0.00712599  	0.00776559  	0.00849016  	0.00930182  
2021-12-14 19:03:30.817: iteration 4 finished in 4.415192 seconds
2021-12-14 19:03:30.856: epoch 4:	0.00257611  	0.00201991  	0.02058938  	0.02973263  	0.01075819  	0.01335638  	0.00713577  	0.00782339  	0.00898665  	0.00989897  
2021-12-14 19:03:35.269: iteration 5 finished in 4.413197 seconds
2021-12-14 19:03:35.307: epoch 5:	0.00251756  	0.00210773  	0.02034543  	0.03080601  	0.01015712  	0.01309285  	0.00646502  	0.00722174  	0.00807056  	0.00904621  
2021-12-14 19:03:39.727: iteration 6 finished in 4.420178 seconds
2021-12-14 19:03:39.765: epoch 6:	0.00245902  	0.00210773  	0.01946721  	0.03153786  	0.00987091  	0.01317003  	0.00634832  	0.00719695  	0.00782801  	0.00896212  
2021-12-14 19:03:44.189: iteration 7 finished in 4.424168 seconds
2021-12-14 19:03:44.227: epoch 7:	0.00245902  	0.00213700  	0.01902810  	0.03212334  	0.00974549  	0.01331102  	0.00631993  	0.00726962  	0.00772137  	0.00888225  
2021-12-14 19:03:48.640: iteration 8 finished in 4.413199 seconds
2021-12-14 19:03:48.678: epoch 8:	0.00240047  	0.00222482  	0.01883294  	0.03275761  	0.00964333  	0.01348425  	0.00624547  	0.00726276  	0.00770580  	0.00895843  
2021-12-14 19:03:53.091: iteration 9 finished in 4.413197 seconds
2021-12-14 19:03:53.130: epoch 9:	0.00240047  	0.00219555  	0.01883294  	0.03261124  	0.00965285  	0.01347100  	0.00626065  	0.00729338  	0.00771556  	0.00896606  
2021-12-14 19:03:57.544: iteration 10 finished in 4.413198 seconds
2021-12-14 19:03:57.580: epoch 10:	0.00234192  	0.00222482  	0.01824746  	0.03300156  	0.00971821  	0.01379180  	0.00644655  	0.00754959  	0.00825992  	0.00960533  
2021-12-14 19:04:02.006: iteration 11 finished in 4.424167 seconds
2021-12-14 19:04:02.044: epoch 11:	0.00234192  	0.00231264  	0.01831577  	0.03402615  	0.00968395  	0.01401742  	0.00637778  	0.00752696  	0.00820206  	0.00965639  
2021-12-14 19:04:06.485: iteration 12 finished in 4.441122 seconds
2021-12-14 19:04:06.524: epoch 12:	0.00222482  	0.00234192  	0.01714481  	0.03385051  	0.00912741  	0.01379481  	0.00595192  	0.00721063  	0.00783056  	0.00942521  
2021-12-14 19:04:10.938: iteration 13 finished in 4.414079 seconds
2021-12-14 19:04:10.969: epoch 13:	0.00234192  	0.00237119  	0.01792545  	0.03414325  	0.00953990  	0.01404018  	0.00626441  	0.00746002  	0.00805337  	0.00956429  
2021-12-14 19:04:15.407: iteration 14 finished in 4.438110 seconds
2021-12-14 19:04:15.438: epoch 14:	0.00228337  	0.00234192  	0.01733997  	0.03409446  	0.00936064  	0.01399246  	0.00619935  	0.00744461  	0.00798832  	0.00953080  
2021-12-14 19:04:19.864: iteration 15 finished in 4.425739 seconds
2021-12-14 19:04:19.911: epoch 15:	0.00234192  	0.00234192  	0.01709602  	0.03461163  	0.00933626  	0.01410551  	0.00617201  	0.00747411  	0.00807777  	0.00959121  
2021-12-14 19:04:24.373: iteration 16 finished in 4.462059 seconds
2021-12-14 19:04:24.412: epoch 16:	0.00234192  	0.00237119  	0.01709602  	0.03436768  	0.00935508  	0.01412280  	0.00621337  	0.00751436  	0.00804919  	0.00961452  
2021-12-14 19:04:28.824: iteration 17 finished in 4.412201 seconds
2021-12-14 19:04:28.861: epoch 17:	0.00240047  	0.00240047  	0.01738876  	0.03448478  	0.00925689  	0.01399496  	0.00602034  	0.00731661  	0.00776621  	0.00934379  
2021-12-14 19:04:33.293: iteration 18 finished in 4.432146 seconds
2021-12-14 19:04:33.331: epoch 18:	0.00234192  	0.00242974  	0.01688134  	0.03463115  	0.00912631  	0.01406071  	0.00598510  	0.00733375  	0.00773693  	0.00940674  
2021-12-14 19:04:37.761: iteration 19 finished in 4.430153 seconds
2021-12-14 19:04:37.798: epoch 19:	0.00234192  	0.00248829  	0.01688134  	0.03531421  	0.00913731  	0.01423968  	0.00599269  	0.00736867  	0.00775807  	0.00948872  
2021-12-14 19:04:42.219: iteration 20 finished in 4.420179 seconds
2021-12-14 19:04:42.257: epoch 20:	0.00245902  	0.00245901  	0.01717408  	0.03529469  	0.00929707  	0.01424357  	0.00605074  	0.00740522  	0.00791188  	0.00947016  
2021-12-14 19:04:46.676: iteration 21 finished in 4.419181 seconds
2021-12-14 19:04:46.714: epoch 21:	0.00245902  	0.00240047  	0.01717408  	0.03490437  	0.00934456  	0.01417362  	0.00608988  	0.00742876  	0.00802061  	0.00952584  
2021-12-14 19:04:51.130: iteration 22 finished in 4.416190 seconds
2021-12-14 19:04:51.167: epoch 22:	0.00245902  	0.00242974  	0.01717408  	0.03500195  	0.00933850  	0.01419544  	0.00607376  	0.00740772  	0.00804175  	0.00956376  
2021-12-14 19:04:55.592: iteration 23 finished in 4.425166 seconds
2021-12-14 19:04:55.629: epoch 23:	0.00245902  	0.00248829  	0.01717408  	0.03578259  	0.00939347  	0.01443774  	0.00613381  	0.00750065  	0.00812493  	0.00969622  
2021-12-14 19:05:00.065: iteration 24 finished in 4.436136 seconds
2021-12-14 19:05:00.106: epoch 24:	0.00245902  	0.00245901  	0.01717408  	0.03568501  	0.00947592  	0.01447826  	0.00624011  	0.00760130  	0.00821670  	0.00976009  
2021-12-14 19:05:04.555: iteration 25 finished in 4.449101 seconds
2021-12-14 19:05:04.592: epoch 25:	0.00245902  	0.00242974  	0.01717408  	0.03490437  	0.00956250  	0.01438932  	0.00633449  	0.00765711  	0.00838398  	0.00989233  
2021-12-14 19:05:09.026: iteration 26 finished in 4.434141 seconds
2021-12-14 19:05:09.062: epoch 26:	0.00245902  	0.00240047  	0.01717408  	0.03480679  	0.00936763  	0.01416076  	0.00605947  	0.00738166  	0.00814584  	0.00963288  
2021-12-14 19:05:13.457: iteration 27 finished in 4.394129 seconds
2021-12-14 19:05:13.489: epoch 27:	0.00251756  	0.00240047  	0.01775956  	0.03480679  	0.00953960  	0.01417858  	0.00611978  	0.00739705  	0.00821577  	0.00965624  
2021-12-14 19:05:17.912: iteration 28 finished in 4.423261 seconds
2021-12-14 19:05:17.943: epoch 28:	0.00245902  	0.00240047  	0.01756440  	0.03480679  	0.00943613  	0.01416099  	0.00608109  	0.00738259  	0.00809449  	0.00959970  
2021-12-14 19:05:22.374: iteration 29 finished in 4.430308 seconds
2021-12-14 19:05:22.409: epoch 29:	0.00245902  	0.00240047  	0.01712529  	0.03480679  	0.00948136  	0.01430521  	0.00618355  	0.00752237  	0.00848481  	0.00999688  
2021-12-14 19:05:26.833: iteration 30 finished in 4.423170 seconds
2021-12-14 19:05:26.870: epoch 30:	0.00245902  	0.00248829  	0.01712529  	0.03529469  	0.00937291  	0.01436461  	0.00607854  	0.00744319  	0.00817906  	0.00978334  
2021-12-14 19:05:31.274: iteration 31 finished in 4.404223 seconds
2021-12-14 19:05:31.309: epoch 31:	0.00245902  	0.00248829  	0.01712529  	0.03529469  	0.00942892  	0.01441938  	0.00615399  	0.00751779  	0.00824342  	0.00984457  
2021-12-14 19:05:35.748: iteration 32 finished in 4.438131 seconds
2021-12-14 19:05:35.784: epoch 32:	0.00240047  	0.00248829  	0.01693013  	0.03529469  	0.00936173  	0.01442887  	0.00614284  	0.00752372  	0.00821833  	0.00987466  
2021-12-14 19:05:40.189: iteration 33 finished in 4.404221 seconds
2021-12-14 19:05:40.225: epoch 33:	0.00245902  	0.00251756  	0.01712529  	0.03548985  	0.00945455  	0.01450965  	0.00617438  	0.00754835  	0.00830615  	0.00994494  
2021-12-14 19:05:44.640: iteration 34 finished in 4.415193 seconds
2021-12-14 19:05:44.676: epoch 34:	0.00245902  	0.00248829  	0.01712529  	0.03490437  	0.00944884  	0.01437512  	0.00616322  	0.00751074  	0.00832009  	0.00993581  
2021-12-14 19:05:49.083: iteration 35 finished in 4.407215 seconds
2021-12-14 19:05:49.119: epoch 35:	0.00245902  	0.00248829  	0.01712529  	0.03490437  	0.00945213  	0.01438721  	0.00616539  	0.00751860  	0.00832660  	0.00995701  
2021-12-14 19:05:53.526: iteration 36 finished in 4.407214 seconds
2021-12-14 19:05:53.563: epoch 36:	0.00245902  	0.00242974  	0.01712529  	0.03451405  	0.00937547  	0.01418576  	0.00606781  	0.00740008  	0.00822902  	0.00979539  
2021-12-14 19:05:57.965: iteration 37 finished in 4.402227 seconds
2021-12-14 19:05:58.001: epoch 37:	0.00251756  	0.00240047  	0.01732045  	0.03422131  	0.00945368  	0.01410075  	0.00608597  	0.00738149  	0.00828756  	0.00976880  
2021-12-14 19:06:02.447: iteration 38 finished in 4.446110 seconds
2021-12-14 19:06:02.484: epoch 38:	0.00251756  	0.00240047  	0.01732045  	0.03422131  	0.00944028  	0.01408322  	0.00607203  	0.00736352  	0.00827362  	0.00975287  
2021-12-14 19:06:06.891: iteration 39 finished in 4.406217 seconds
2021-12-14 19:06:06.926: epoch 39:	0.00245902  	0.00240047  	0.01702771  	0.03422131  	0.00933128  	0.01407145  	0.00603927  	0.00735488  	0.00820114  	0.00973029  
2021-12-14 19:06:11.360: iteration 40 finished in 4.433893 seconds
2021-12-14 19:06:11.392: epoch 40:	0.00245902  	0.00245901  	0.01702771  	0.03446526  	0.00933212  	0.01417046  	0.00604249  	0.00737389  	0.00818905  	0.00978672  
2021-12-14 19:06:15.802: iteration 41 finished in 4.410200 seconds
2021-12-14 19:06:15.833: epoch 41:	0.00251756  	0.00248829  	0.01732045  	0.03466042  	0.00936425  	0.01416664  	0.00603192  	0.00733023  	0.00803293  	0.00963552  
2021-12-14 19:06:20.261: iteration 42 finished in 4.428120 seconds
2021-12-14 19:06:20.292: epoch 42:	0.00251756  	0.00248829  	0.01732045  	0.03466042  	0.00916244  	0.01396917  	0.00574378  	0.00704350  	0.00780524  	0.00942164  
2021-12-14 19:06:24.725: iteration 43 finished in 4.432362 seconds
2021-12-14 19:06:24.762: epoch 43:	0.00257611  	0.00251756  	0.01746682  	0.03524590  	0.00923371  	0.01410429  	0.00576222  	0.00707341  	0.00787355  	0.00946029  
2021-12-14 19:06:29.201: iteration 44 finished in 4.439129 seconds
2021-12-14 19:06:29.237: epoch 44:	0.00263466  	0.00248829  	0.01766198  	0.03514832  	0.00930710  	0.01406167  	0.00577650  	0.00705793  	0.00790421  	0.00944249  
2021-12-14 19:06:33.672: iteration 45 finished in 4.435139 seconds
2021-12-14 19:06:33.709: epoch 45:	0.00263466  	0.00248829  	0.01766198  	0.03514832  	0.00929819  	0.01405137  	0.00576977  	0.00705077  	0.00788075  	0.00941655  
2021-12-14 19:06:38.149: iteration 46 finished in 4.440126 seconds
2021-12-14 19:06:38.186: epoch 46:	0.00269321  	0.00248829  	0.01775956  	0.03514832  	0.00937065  	0.01407725  	0.00579497  	0.00706872  	0.00800110  	0.00948831  
2021-12-14 19:06:42.613: iteration 47 finished in 4.427159 seconds
2021-12-14 19:06:42.648: epoch 47:	0.00263466  	0.00245901  	0.01761319  	0.03495316  	0.00918780  	0.01388781  	0.00566460  	0.00693485  	0.00763842  	0.00914437  
2021-12-14 19:06:47.085: iteration 48 finished in 4.436136 seconds
2021-12-14 19:06:47.122: epoch 48:	0.00263466  	0.00245901  	0.01761319  	0.03503122  	0.00913956  	0.01385524  	0.00561883  	0.00689226  	0.00753852  	0.00903894  
2021-12-14 19:06:51.536: iteration 49 finished in 4.414196 seconds
2021-12-14 19:06:51.573: epoch 49:	0.00263466  	0.00245901  	0.01761319  	0.03503122  	0.00913897  	0.01385709  	0.00562274  	0.00689803  	0.00751505  	0.00901763  
2021-12-14 19:06:55.996: iteration 50 finished in 4.422174 seconds
2021-12-14 19:06:56.033: epoch 50:	0.00263466  	0.00245901  	0.01761319  	0.03503122  	0.00915679  	0.01387183  	0.00564183  	0.00691476  	0.00753852  	0.00903734  
