2021-12-15 00:49:49.069: Dataset name: u5
The number of users: 4516
The number of items: 4516
The number of ratings: 40017
Average actions of users: 8.86
Average actions of items: 8.86
The sparsity of the dataset: 99.803783%
2021-12-15 00:49:49.070: 

NeuRec hyperparameters:
recommender=WRMF
config_dir=./conf
gpu_id=0
gpu_mem=0.5
data.input.path=D:\hsyoo\Workingon_210628/_Data/ciaodvd/random-barrier/u5/
data.input.dataset=u5
data.output.path=D:\hsyoo\Workingon_210628/_Emb/ciaodvd/random-barrier/wrmf/u5_wrmf_directed_dim16_uniform_send.emb
data.column.format=UI
data.convert.separator='\t'
user_min=0
item_min=0
splitter=given
ratio=0.8
by_time=False
metric=["Precision", "Recall", "NDCG", "MAP", "MRR"]
topk=[10, 20]
group_view=None
rec.evaluate.neg=0
test_batch_size=128
num_thread=8
data.index.remap=False

WRMF's hyperparameters:
epochs=50
embedding_size=16
reg_mf=0.1
alpha=10
init_method=uniform
stddev=0.01
verbose=1
weight=uniform

2021-12-15 00:50:41.997: metrics:	Precision@10	Precision@20	Recall@10   	Recall@20   	NDCG@10     	NDCG@20     	MAP@10      	MAP@20      	MRR@10      	MRR@20      
2021-12-15 00:50:45.521: iteration 1 finished in 3.523577 seconds
2021-12-15 00:50:45.558: epoch 1:	0.03674057  	0.03404041  	0.03818083  	0.07676449  	0.04734836  	0.05772758  	0.02092988  	0.02106319  	0.10690872  	0.11434284  
2021-12-15 00:50:48.364: iteration 2 finished in 2.806493 seconds
2021-12-15 00:50:48.391: epoch 2:	0.08418486  	0.07155271  	0.09793757  	0.16499250  	0.10773402  	0.12525640  	0.05207134  	0.05242235  	0.19999762  	0.20866233  
2021-12-15 00:50:51.294: iteration 3 finished in 2.902787 seconds
2021-12-15 00:50:51.325: epoch 3:	0.09537092  	0.07892989  	0.11384666  	0.18429407  	0.12303745  	0.14096653  	0.06168471  	0.06184949  	0.21713273  	0.22538278  
2021-12-15 00:50:54.108: iteration 4 finished in 2.782835 seconds
2021-12-15 00:50:54.139: epoch 4:	0.09980679  	0.08196756  	0.12128353  	0.19057465  	0.13208245  	0.14939940  	0.06855407  	0.06852171  	0.23187494  	0.23918863  
2021-12-15 00:50:56.936: iteration 5 finished in 2.796217 seconds
2021-12-15 00:50:56.967: epoch 5:	0.10163902  	0.08413728  	0.12511212  	0.19968161  	0.13601342  	0.15496546  	0.07130260  	0.07187479  	0.23860462  	0.24588415  
2021-12-15 00:50:59.781: iteration 6 finished in 2.814209 seconds
2021-12-15 00:50:59.797: epoch 6:	0.10308549  	0.08437839  	0.12540096  	0.20502537  	0.13761444  	0.15731972  	0.07241945  	0.07304189  	0.24037507  	0.24856830  
2021-12-15 00:51:02.608: iteration 7 finished in 2.811838 seconds
2021-12-15 00:51:02.640: epoch 7:	0.10298906  	0.08524630  	0.12583433  	0.20806439  	0.13872367  	0.15931927  	0.07341626  	0.07408184  	0.24085993  	0.25000429  
2021-12-15 00:51:05.427: iteration 8 finished in 2.787018 seconds
2021-12-15 00:51:05.458: epoch 8:	0.10260332  	0.08572846  	0.12681755  	0.20687637  	0.13826451  	0.15886508  	0.07233693  	0.07327375  	0.24107462  	0.24985541  
2021-12-15 00:51:08.239: iteration 9 finished in 2.780596 seconds
2021-12-15 00:51:08.270: epoch 9:	0.10395339  	0.08563203  	0.12899448  	0.20470646  	0.14007981  	0.15899634  	0.07333332  	0.07350558  	0.24390711  	0.25232452  
2021-12-15 00:51:11.084: iteration 10 finished in 2.813903 seconds
2021-12-15 00:51:11.115: epoch 10:	0.10433911  	0.08592134  	0.12939994  	0.20663878  	0.14046176  	0.15951340  	0.07303867  	0.07313023  	0.24708018  	0.25547507  
2021-12-15 00:51:13.898: iteration 11 finished in 2.782788 seconds
2021-12-15 00:51:13.929: epoch 11:	0.10530339  	0.08601773  	0.13194816  	0.20730028  	0.14091104  	0.15933618  	0.07259185  	0.07261171  	0.24609107  	0.25394601  
2021-12-15 00:51:16.741: iteration 12 finished in 2.811838 seconds
2021-12-15 00:51:16.756: epoch 12:	0.10539982  	0.08601775  	0.13209014  	0.20847508  	0.14162372  	0.16014062  	0.07263242  	0.07283936  	0.25085101  	0.25840014  
2021-12-15 00:51:19.570: iteration 13 finished in 2.813426 seconds
2021-12-15 00:51:19.585: epoch 13:	0.10491766  	0.08601775  	0.13254924  	0.21011780  	0.14167498  	0.16069882  	0.07283491  	0.07300800  	0.25043076  	0.25840598  
2021-12-15 00:51:22.398: iteration 14 finished in 2.812143 seconds
2021-12-15 00:51:22.424: epoch 14:	0.10578555  	0.08698209  	0.13532339  	0.21220803  	0.14277720  	0.16174084  	0.07308266  	0.07331897  	0.25125164  	0.25870070  
2021-12-15 00:51:25.232: iteration 15 finished in 2.808490 seconds
2021-12-15 00:51:25.258: epoch 15:	0.10626771  	0.08760893  	0.13520432  	0.21430787  	0.14336230  	0.16302320  	0.07345868  	0.07394877  	0.25321931  	0.26036128  
2021-12-15 00:51:28.069: iteration 16 finished in 2.811481 seconds
2021-12-15 00:51:28.095: epoch 16:	0.10578554  	0.08746430  	0.13704583  	0.21436930  	0.14411892  	0.16359019  	0.07381856  	0.07430650  	0.25637022  	0.26333791  
2021-12-15 00:51:30.919: iteration 17 finished in 2.823449 seconds
2021-12-15 00:51:30.946: epoch 17:	0.10578555  	0.08785002  	0.13633342  	0.21629134  	0.14440234  	0.16474113  	0.07421354  	0.07489999  	0.25781861  	0.26518551  
2021-12-15 00:51:33.760: iteration 18 finished in 2.814473 seconds
2021-12-15 00:51:33.786: epoch 18:	0.10636414  	0.08789825  	0.13691935  	0.21677098  	0.14450116  	0.16470481  	0.07406806  	0.07480615  	0.25722212  	0.26437014  
2021-12-15 00:51:36.609: iteration 19 finished in 2.822452 seconds
2021-12-15 00:51:36.636: epoch 19:	0.10655702  	0.08780181  	0.13575557  	0.21657035  	0.14471377  	0.16510254  	0.07480394  	0.07543780  	0.25714701  	0.26479465  
2021-12-15 00:51:39.444: iteration 20 finished in 2.808489 seconds
2021-12-15 00:51:39.472: epoch 20:	0.10674988  	0.08789825  	0.13718176  	0.21701036  	0.14585875  	0.16594625  	0.07580088  	0.07636189  	0.25827596  	0.26593003  
2021-12-15 00:51:42.350: iteration 21 finished in 2.877306 seconds
2021-12-15 00:51:42.377: epoch 21:	0.10636417  	0.08794641  	0.13682655  	0.21708316  	0.14553560  	0.16594353  	0.07540368  	0.07604611  	0.25948742  	0.26763883  
2021-12-15 00:51:45.172: iteration 22 finished in 2.793530 seconds
2021-12-15 00:51:45.201: epoch 22:	0.10674988  	0.08804283  	0.13870038  	0.21604823  	0.14636065  	0.16595161  	0.07575860  	0.07620551  	0.25999066  	0.26763204  
2021-12-15 00:51:48.009: iteration 23 finished in 2.808490 seconds
2021-12-15 00:51:48.036: epoch 23:	0.10703918  	0.08813926  	0.13856259  	0.21670033  	0.14684190  	0.16649280  	0.07620590  	0.07664459  	0.26089448  	0.26854187  
2021-12-15 00:51:50.943: iteration 24 finished in 2.907224 seconds
2021-12-15 00:51:50.972: epoch 24:	0.10723204  	0.08823568  	0.13880482  	0.21683230  	0.14679261  	0.16635326  	0.07617906  	0.07646969  	0.25990796  	0.26743415  
2021-12-15 00:51:53.901: iteration 25 finished in 2.929167 seconds
2021-12-15 00:51:53.931: epoch 25:	0.10742491  	0.08847676  	0.13965380  	0.21744275  	0.14756867  	0.16707338  	0.07685433  	0.07706363  	0.26155376  	0.26913384  
2021-12-15 00:51:56.746: iteration 26 finished in 2.813476 seconds
2021-12-15 00:51:56.771: epoch 26:	0.10703918  	0.08866965  	0.13891855  	0.21774893  	0.14746451  	0.16744776  	0.07707750  	0.07736492  	0.26208836  	0.26971453  
2021-12-15 00:51:59.577: iteration 27 finished in 2.806494 seconds
2021-12-15 00:51:59.605: epoch 27:	0.10665344  	0.08857322  	0.13908181  	0.21829972  	0.14776568  	0.16799185  	0.07748308  	0.07789700  	0.26234090  	0.27002758  
2021-12-15 00:52:02.428: iteration 28 finished in 2.821455 seconds
2021-12-15 00:52:02.452: epoch 28:	0.10674988  	0.08857322  	0.13951695  	0.21791539  	0.14798807  	0.16800229  	0.07794245  	0.07826275  	0.26081824  	0.26864961  
2021-12-15 00:52:05.290: iteration 29 finished in 2.836414 seconds
2021-12-15 00:52:05.315: epoch 29:	0.10723203  	0.08828393  	0.14008953  	0.21732223  	0.14840069  	0.16778377  	0.07812708  	0.07826762  	0.26147762  	0.26880881  
2021-12-15 00:52:08.113: iteration 30 finished in 2.797519 seconds
2021-12-15 00:52:08.139: epoch 30:	0.10646057  	0.08809105  	0.13840751  	0.21580358  	0.14735419  	0.16700800  	0.07745703  	0.07773500  	0.26066673  	0.26816049  
2021-12-15 00:52:10.928: iteration 31 finished in 2.788590 seconds
2021-12-15 00:52:10.959: epoch 31:	0.10646058  	0.08799464  	0.13754588  	0.21450426  	0.14734359  	0.16688642  	0.07765435  	0.07783890  	0.26102346  	0.26872444  
2021-12-15 00:52:13.740: iteration 32 finished in 2.780596 seconds
2021-12-15 00:52:13.771: epoch 32:	0.10646057  	0.08794641  	0.13765992  	0.21385276  	0.14732744  	0.16665980  	0.07765473  	0.07780769  	0.26081648  	0.26836655  
2021-12-15 00:52:16.552: iteration 33 finished in 2.780595 seconds
2021-12-15 00:52:16.585: epoch 33:	0.10626771  	0.08770533  	0.13615221  	0.21318942  	0.14695393  	0.16648863  	0.07774820  	0.07790881  	0.26025811  	0.26804879  
2021-12-15 00:52:19.378: iteration 34 finished in 2.793015 seconds
2021-12-15 00:52:19.394: epoch 34:	0.10597840  	0.08746426  	0.13474312  	0.21384178  	0.14620067  	0.16625249  	0.07735258  	0.07769174  	0.25856480  	0.26654950  
2021-12-15 00:52:22.212: iteration 35 finished in 2.818383 seconds
2021-12-15 00:52:22.239: epoch 35:	0.10655698  	0.08741602  	0.13521759  	0.21411528  	0.14680950  	0.16653414  	0.07760243  	0.07795979  	0.25954139  	0.26708791  
2021-12-15 00:52:25.038: iteration 36 finished in 2.798516 seconds
2021-12-15 00:52:25.064: epoch 36:	0.10617124  	0.08756067  	0.13548008  	0.21330078  	0.14700216  	0.16672139  	0.07798071  	0.07836694  	0.26011118  	0.26742470  
2021-12-15 00:52:27.882: iteration 37 finished in 2.817465 seconds
2021-12-15 00:52:27.908: epoch 37:	0.10655697  	0.08727137  	0.13570371  	0.21300136  	0.14687629  	0.16613562  	0.07780946  	0.07790042  	0.25887749  	0.26626334  
2021-12-15 00:52:30.726: iteration 38 finished in 2.817465 seconds
2021-12-15 00:52:30.753: epoch 38:	0.10674984  	0.08712672  	0.13492252  	0.21365429  	0.14681441  	0.16622950  	0.07783289  	0.07799365  	0.25911167  	0.26638043  
2021-12-15 00:52:33.556: iteration 39 finished in 2.802505 seconds
2021-12-15 00:52:33.583: epoch 39:	0.10597838  	0.08722316  	0.13541833  	0.21442607  	0.14638065  	0.16631652  	0.07755265  	0.07798630  	0.25808766  	0.26551867  
2021-12-15 00:52:36.401: iteration 40 finished in 2.818462 seconds
2021-12-15 00:52:36.427: epoch 40:	0.10617124  	0.08693386  	0.13567269  	0.21401748  	0.14634465  	0.16588892  	0.07745524  	0.07779028  	0.25727871  	0.26459080  
2021-12-15 00:52:39.234: iteration 41 finished in 2.807492 seconds
2021-12-15 00:52:39.260: epoch 41:	0.10607480  	0.08712674  	0.13571003  	0.21497798  	0.14632788  	0.16615480  	0.07753704  	0.07790206  	0.25658345  	0.26390389  
2021-12-15 00:52:42.057: iteration 42 finished in 2.795524 seconds
2021-12-15 00:52:42.082: epoch 42:	0.10636411  	0.08683743  	0.13609011  	0.21461587  	0.14627001  	0.16564809  	0.07748817  	0.07757714  	0.25531912  	0.26274785  
2021-12-15 00:52:44.888: iteration 43 finished in 2.806494 seconds
2021-12-15 00:52:44.914: epoch 43:	0.10665341  	0.08669278  	0.13651738  	0.21413869  	0.14738752  	0.16630009  	0.07853258  	0.07850862  	0.25762317  	0.26479417  
2021-12-15 00:52:47.715: iteration 44 finished in 2.800511 seconds
2021-12-15 00:52:47.741: epoch 44:	0.10674985  	0.08683743  	0.13683525  	0.21355970  	0.14751533  	0.16628097  	0.07841976  	0.07846922  	0.25837776  	0.26535204  
2021-12-15 00:52:50.533: iteration 45 finished in 2.792532 seconds
2021-12-15 00:52:50.559: epoch 45:	0.10636410  	0.08669278  	0.13636731  	0.21284045  	0.14725411  	0.16609119  	0.07831674  	0.07843471  	0.25850785  	0.26562116  
2021-12-15 00:52:53.367: iteration 46 finished in 2.807492 seconds
2021-12-15 00:52:53.393: epoch 46:	0.10646053  	0.08683743  	0.13702683  	0.21289776  	0.14733620  	0.16610953  	0.07833656  	0.07847326  	0.25766367  	0.26475072  
2021-12-15 00:52:56.213: iteration 47 finished in 2.820457 seconds
2021-12-15 00:52:56.239: epoch 47:	0.10655696  	0.08693387  	0.13702767  	0.21317768  	0.14714383  	0.16598095  	0.07813963  	0.07829371  	0.25699404  	0.26408127  
2021-12-15 00:52:59.045: iteration 48 finished in 2.805497 seconds
2021-12-15 00:52:59.071: epoch 48:	0.10684626  	0.08741605  	0.13735028  	0.21398965  	0.14727505  	0.16634223  	0.07811370  	0.07838024  	0.25700745  	0.26381460  
2021-12-15 00:53:01.900: iteration 49 finished in 2.828436 seconds
2021-12-15 00:53:01.926: epoch 49:	0.10684626  	0.08727140  	0.13732313  	0.21396747  	0.14731820  	0.16630740  	0.07819670  	0.07836068  	0.25713560  	0.26389924  
2021-12-15 00:53:04.722: iteration 50 finished in 2.795524 seconds
2021-12-15 00:53:04.749: epoch 50:	0.10723198  	0.08746425  	0.13768810  	0.21354589  	0.14755344  	0.16628416  	0.07825822  	0.07839389  	0.25695425  	0.26350439  
