2021-12-16 22:17:59.383: Dataset name: u5
The number of users: 23132
The number of items: 23132
The number of ratings: 312310
Average actions of users: 13.50
Average actions of items: 13.50
The sparsity of the dataset: 99.941634%
2021-12-16 22:17:59.383: 

NeuRec hyperparameters:
recommender=WRMF
config_dir=./conf
gpu_id=0
gpu_mem=0.5
data.input.path=D:\hsyoo\Workingon_210628/_Data/eat/noniid-in-barrier/u5/
data.input.dataset=u5
data.output.path=D:\hsyoo\Workingon_210628/_Emb/eat/noniid-in-barrier/wrmf/u5_wrmf_directed_dim16_uniform_send.emb
data.column.format=UI
data.convert.separator='\t'
user_min=0
item_min=0
splitter=given
ratio=0.8
by_time=False
metric=["Precision", "Recall", "NDCG", "MAP", "MRR"]
topk=[10, 20]
group_view=None
rec.evaluate.neg=0
test_batch_size=128
num_thread=8
data.index.remap=False

WRMF's hyperparameters:
epochs=50
embedding_size=16
reg_mf=0.1
alpha=10
init_method=uniform
stddev=0.01
verbose=1
weight=uniform

2021-12-16 22:41:19.243: metrics:	Precision@10	Precision@20	Recall@10   	Recall@20   	NDCG@10     	NDCG@20     	MAP@10      	MAP@20      	MRR@10      	MRR@20      
2021-12-16 22:42:38.315: iteration 1 finished in 79.070584 seconds
2021-12-16 22:42:38.688: epoch 1:	0.00102727  	0.00095390  	0.00153188  	0.00272079  	0.00125609  	0.00179482  	0.00041239  	0.00048200  	0.00279719  	0.00334080  
2021-12-16 22:43:56.793: iteration 2 finished in 78.105433 seconds
2021-12-16 22:43:57.168: epoch 2:	0.00194448  	0.00203620  	0.00295581  	0.00613385  	0.00266685  	0.00404593  	0.00100001  	0.00119666  	0.00630606  	0.00760983  
2021-12-16 22:45:13.238: iteration 3 finished in 76.070057 seconds
2021-12-16 22:45:13.606: epoch 3:	0.00360769  	0.00332639  	0.00545421  	0.00974764  	0.00473098  	0.00657950  	0.00172527  	0.00195252  	0.01073743  	0.01265199  
2021-12-16 22:46:30.382: iteration 4 finished in 76.775716 seconds
2021-12-16 22:46:30.759: epoch 4:	0.00439037  	0.00413352  	0.00624732  	0.01222252  	0.00585816  	0.00831864  	0.00218266  	0.00249139  	0.01424835  	0.01669084  
2021-12-16 22:47:46.515: iteration 5 finished in 75.754620 seconds
2021-12-16 22:47:46.898: epoch 5:	0.00489177  	0.00450040  	0.00719308  	0.01309781  	0.00641140  	0.00889907  	0.00233161  	0.00262545  	0.01513382  	0.01771825  
2021-12-16 22:49:02.627: iteration 6 finished in 75.728978 seconds
2021-12-16 22:49:03.004: epoch 6:	0.00519750  	0.00464103  	0.00741513  	0.01332596  	0.00673561  	0.00920940  	0.00243499  	0.00273311  	0.01608713  	0.01868103  
2021-12-16 22:50:17.663: iteration 7 finished in 74.659700 seconds
2021-12-16 22:50:18.054: epoch 7:	0.00536871  	0.00473887  	0.00757901  	0.01348724  	0.00682149  	0.00930151  	0.00242054  	0.00273074  	0.01616323  	0.01871244  
2021-12-16 22:51:33.979: iteration 8 finished in 75.924847 seconds
2021-12-16 22:51:34.360: epoch 8:	0.00546654  	0.00481224  	0.00763499  	0.01372487  	0.00686114  	0.00939211  	0.00241822  	0.00273678  	0.01617138  	0.01872061  
2021-12-16 22:52:50.025: iteration 9 finished in 75.664093 seconds
2021-12-16 22:52:50.398: epoch 9:	0.00546654  	0.00487339  	0.00769940  	0.01392352  	0.00696177  	0.00957381  	0.00247940  	0.00280956  	0.01654316  	0.01918676  
2021-12-16 22:54:06.434: iteration 10 finished in 76.034900 seconds
2021-12-16 22:54:06.819: epoch 10:	0.00549100  	0.00487951  	0.00772596  	0.01384635  	0.00695290  	0.00953266  	0.00246793  	0.00278871  	0.01635147  	0.01901248  
2021-12-16 22:55:22.492: iteration 11 finished in 75.673917 seconds
2021-12-16 22:55:22.866: epoch 11:	0.00549100  	0.00485505  	0.00762396  	0.01375398  	0.00693145  	0.00950119  	0.00245600  	0.00277866  	0.01644810  	0.01911344  
2021-12-16 22:56:38.632: iteration 12 finished in 75.765640 seconds
2021-12-16 22:56:39.012: epoch 12:	0.00553992  	0.00489785  	0.00775983  	0.01383510  	0.00708057  	0.00962872  	0.00253566  	0.00284812  	0.01685643  	0.01951096  
2021-12-16 22:57:54.462: iteration 13 finished in 75.449316 seconds
2021-12-16 22:57:54.835: epoch 13:	0.00553992  	0.00490396  	0.00775701  	0.01399464  	0.00709723  	0.00968410  	0.00255135  	0.00286734  	0.01689724  	0.01955383  
2021-12-16 22:59:09.773: iteration 14 finished in 74.937922 seconds
2021-12-16 22:59:10.159: epoch 14:	0.00552769  	0.00491619  	0.00771605  	0.01401561  	0.00708294  	0.00969099  	0.00254824  	0.00286540  	0.01689655  	0.01956482  
2021-12-16 23:00:25.444: iteration 15 finished in 75.285475 seconds
2021-12-16 23:00:25.834: epoch 15:	0.00551546  	0.00487950  	0.00763991  	0.01384789  	0.00710548  	0.00968429  	0.00258213  	0.00289929  	0.01702608  	0.01968153  
2021-12-16 23:01:40.542: iteration 16 finished in 74.706761 seconds
2021-12-16 23:01:40.926: epoch 16:	0.00550323  	0.00486116  	0.00764129  	0.01384030  	0.00708714  	0.00966070  	0.00257878  	0.00289829  	0.01691796  	0.01956643  
2021-12-16 23:02:56.198: iteration 17 finished in 75.272069 seconds
2021-12-16 23:02:56.585: epoch 17:	0.00551546  	0.00489173  	0.00766258  	0.01396813  	0.00710247  	0.00971909  	0.00258298  	0.00291079  	0.01695658  	0.01962573  
2021-12-16 23:04:11.506: iteration 18 finished in 74.920646 seconds
2021-12-16 23:04:11.877: epoch 18:	0.00551546  	0.00485505  	0.00766982  	0.01388674  	0.00709252  	0.00967457  	0.00257809  	0.00290268  	0.01692111  	0.01957263  
2021-12-16 23:05:27.226: iteration 19 finished in 75.348133 seconds
2021-12-16 23:05:27.601: epoch 19:	0.00550323  	0.00487339  	0.00789758  	0.01386359  	0.00713348  	0.00967048  	0.00259507  	0.00289918  	0.01683944  	0.01952054  
2021-12-16 23:06:42.041: iteration 20 finished in 74.440118 seconds
2021-12-16 23:06:42.416: epoch 20:	0.00550323  	0.00489173  	0.00791959  	0.01391242  	0.00710297  	0.00965542  	0.00257117  	0.00287602  	0.01666890  	0.01936570  
2021-12-16 23:07:57.696: iteration 21 finished in 75.279933 seconds
2021-12-16 23:07:58.079: epoch 21:	0.00555215  	0.00490396  	0.00789285  	0.01396777  	0.00708967  	0.00965093  	0.00255351  	0.00286260  	0.01658698  	0.01926570  
2021-12-16 23:09:12.725: iteration 22 finished in 74.646844 seconds
2021-12-16 23:09:13.100: epoch 22:	0.00551546  	0.00491008  	0.00787817  	0.01395220  	0.00706948  	0.00965027  	0.00255020  	0.00286095  	0.01657543  	0.01928438  
2021-12-16 23:10:28.839: iteration 23 finished in 75.738163 seconds
2021-12-16 23:10:29.218: epoch 23:	0.00553992  	0.00494677  	0.00792575  	0.01403578  	0.00703854  	0.00963959  	0.00251328  	0.00282496  	0.01637544  	0.01910106  
2021-12-16 23:11:44.477: iteration 24 finished in 75.258887 seconds
2021-12-16 23:11:44.851: epoch 24:	0.00551546  	0.00495900  	0.00785417  	0.01408335  	0.00704354  	0.00969442  	0.00253096  	0.00285180  	0.01653287  	0.01929763  
2021-12-16 23:13:01.074: iteration 25 finished in 76.222627 seconds
2021-12-16 23:13:01.433: epoch 25:	0.00541762  	0.00495900  	0.00775729  	0.01405628  	0.00697452  	0.00967678  	0.00251721  	0.00284555  	0.01640597  	0.01924695  
2021-12-16 23:14:16.185: iteration 26 finished in 74.751315 seconds
2021-12-16 23:14:16.560: epoch 26:	0.00538094  	0.00497734  	0.00770134  	0.01408960  	0.00692281  	0.00966811  	0.00249746  	0.00283332  	0.01625713  	0.01912294  
2021-12-16 23:15:32.057: iteration 27 finished in 75.497541 seconds
2021-12-16 23:15:32.435: epoch 27:	0.00534425  	0.00494677  	0.00766654  	0.01400915  	0.00688829  	0.00961989  	0.00248760  	0.00282199  	0.01618074  	0.01904247  
2021-12-16 23:16:47.758: iteration 28 finished in 75.322261 seconds
2021-12-16 23:16:48.140: epoch 28:	0.00528310  	0.00494677  	0.00758758  	0.01409170  	0.00678860  	0.00958201  	0.00242570  	0.00277017  	0.01598061  	0.01889160  
2021-12-16 23:18:03.029: iteration 29 finished in 74.888448 seconds
2021-12-16 23:18:03.398: epoch 29:	0.00525864  	0.00494677  	0.00756627  	0.01410722  	0.00676844  	0.00958225  	0.00242246  	0.00277202  	0.01590873  	0.01883372  
2021-12-16 23:19:18.162: iteration 30 finished in 74.763502 seconds
2021-12-16 23:19:18.537: epoch 30:	0.00527087  	0.00494677  	0.00755758  	0.01410412  	0.00677033  	0.00958101  	0.00242456  	0.00277423  	0.01591407  	0.01882168  
2021-12-16 23:20:35.361: iteration 31 finished in 76.823432 seconds
2021-12-16 23:20:35.737: epoch 31:	0.00527087  	0.00493454  	0.00757049  	0.01407025  	0.00676733  	0.00955996  	0.00242160  	0.00276879  	0.01588670  	0.01878218  
2021-12-16 23:21:51.819: iteration 32 finished in 76.082191 seconds
2021-12-16 23:21:52.201: epoch 32:	0.00528310  	0.00495288  	0.00761058  	0.01410855  	0.00676726  	0.00956302  	0.00241337  	0.00276082  	0.01581944  	0.01870448  
2021-12-16 23:23:08.870: iteration 33 finished in 76.668400 seconds
2021-12-16 23:23:09.241: epoch 33:	0.00528310  	0.00491619  	0.00761005  	0.01397465  	0.00675254  	0.00949551  	0.00240352  	0.00274338  	0.01576305  	0.01860414  
2021-12-16 23:24:25.708: iteration 34 finished in 76.467306 seconds
2021-12-16 23:24:26.099: epoch 34:	0.00529533  	0.00493454  	0.00760859  	0.01399378  	0.00675658  	0.00950493  	0.00240374  	0.00274361  	0.01576708  	0.01860264  
2021-12-16 23:25:42.344: iteration 35 finished in 76.244621 seconds
2021-12-16 23:25:42.731: epoch 35:	0.00528310  	0.00494065  	0.00755857  	0.01401096  	0.00675143  	0.00952552  	0.00240984  	0.00275539  	0.01581484  	0.01865967  
2021-12-16 23:26:58.880: iteration 36 finished in 76.149034 seconds
2021-12-16 23:26:59.270: epoch 36:	0.00525864  	0.00496511  	0.00756665  	0.01411251  	0.00674146  	0.00955916  	0.00240743  	0.00275979  	0.01578712  	0.01866439  
2021-12-16 23:28:13.947: iteration 37 finished in 74.676339 seconds
2021-12-16 23:28:14.325: epoch 37:	0.00527087  	0.00495900  	0.00757014  	0.01411537  	0.00674809  	0.00955878  	0.00240851  	0.00275975  	0.01581959  	0.01868383  
2021-12-16 23:29:29.894: iteration 38 finished in 75.569013 seconds
2021-12-16 23:29:30.276: epoch 38:	0.00528310  	0.00497734  	0.00758931  	0.01420927  	0.00677002  	0.00960288  	0.00242009  	0.00277461  	0.01586880  	0.01874010  
2021-12-16 23:30:45.288: iteration 39 finished in 75.012616 seconds
2021-12-16 23:30:45.670: epoch 39:	0.00528310  	0.00500180  	0.00759213  	0.01428188  	0.00677048  	0.00963395  	0.00241886  	0.00277815  	0.01588360  	0.01876565  
2021-12-16 23:32:00.959: iteration 40 finished in 75.288889 seconds
2021-12-16 23:32:01.332: epoch 40:	0.00527087  	0.00497734  	0.00757684  	0.01418641  	0.00675228  	0.00958674  	0.00241171  	0.00276746  	0.01581003  	0.01867278  
2021-12-16 23:33:16.479: iteration 41 finished in 75.146245 seconds
2021-12-16 23:33:16.853: epoch 41:	0.00527087  	0.00497734  	0.00756869  	0.01418641  	0.00674989  	0.00958493  	0.00241101  	0.00276579  	0.01582080  	0.01868238  
2021-12-16 23:34:32.602: iteration 42 finished in 75.748251 seconds
2021-12-16 23:34:32.977: epoch 42:	0.00528310  	0.00498345  	0.00759926  	0.01419634  	0.00675206  	0.00957898  	0.00240495  	0.00275754  	0.01578246  	0.01863951  
2021-12-16 23:35:47.524: iteration 43 finished in 74.547457 seconds
2021-12-16 23:35:47.899: epoch 43:	0.00527087  	0.00498957  	0.00756869  	0.01420018  	0.00674071  	0.00958274  	0.00240497  	0.00275935  	0.01576853  	0.01864043  
2021-12-16 23:37:03.742: iteration 44 finished in 75.843093 seconds
2021-12-16 23:37:04.117: epoch 44:	0.00527087  	0.00497734  	0.00756869  	0.01417165  	0.00674290  	0.00957191  	0.00240682  	0.00275975  	0.01576839  	0.01862959  
2021-12-16 23:38:19.535: iteration 45 finished in 75.417735 seconds
2021-12-16 23:38:19.914: epoch 45:	0.00524641  	0.00496511  	0.00754321  	0.01414616  	0.00672496  	0.00955784  	0.00240355  	0.00275750  	0.01573883  	0.01861414  
2021-12-16 23:39:35.713: iteration 46 finished in 75.799149 seconds
2021-12-16 23:39:36.082: epoch 46:	0.00525864  	0.00495288  	0.00755340  	0.01412171  	0.00673314  	0.00954672  	0.00240496  	0.00275679  	0.01575102  	0.01860452  
2021-12-16 23:40:51.039: iteration 47 finished in 74.957285 seconds
2021-12-16 23:40:51.414: epoch 47:	0.00530756  	0.00495288  	0.00759635  	0.01415110  	0.00677333  	0.00956319  	0.00241648  	0.00276411  	0.01585453  	0.01865834  
2021-12-16 23:42:06.879: iteration 48 finished in 75.464739 seconds
2021-12-16 23:42:07.249: epoch 48:	0.00528310  	0.00497122  	0.00745979  	0.01420841  	0.00673415  	0.00958947  	0.00240538  	0.00276829  	0.01584419  	0.01868773  
2021-12-16 23:43:22.080: iteration 49 finished in 74.831476 seconds
2021-12-16 23:43:22.446: epoch 49:	0.00530756  	0.00494065  	0.00748730  	0.01409683  	0.00674487  	0.00954259  	0.00240271  	0.00275841  	0.01585273  	0.01864762  
2021-12-16 23:44:38.836: iteration 50 finished in 76.389569 seconds
2021-12-16 23:44:39.205: epoch 50:	0.00530756  	0.00495288  	0.00748730  	0.01410054  	0.00676244  	0.00956613  	0.00242527  	0.00278113  	0.01588175  	0.01868760  
