2021-12-15 23:51:27.251: Dataset name: u5
The number of users: 28242
The number of items: 28242
The number of ratings: 84286
Average actions of users: 2.98
Average actions of items: 2.98
The sparsity of the dataset: 99.989433%
2021-12-15 23:51:27.251: 

NeuRec hyperparameters:
recommender=WRMF
config_dir=./conf
gpu_id=0
gpu_mem=0.5
data.input.path=D:\hsyoo\Workingon_210628/_Data/digg/noniid-out-barrier/u5/
data.input.dataset=u5
data.output.path=D:\hsyoo\Workingon_210628/_Emb/digg/noniid-out-barrier/wrmf/u5_wrmf_directed_dim16_uniform_send.emb
data.column.format=UI
data.convert.separator='\t'
user_min=0
item_min=0
splitter=given
ratio=0.8
by_time=False
metric=["Precision", "Recall", "NDCG", "MAP", "MRR"]
topk=[10, 20]
group_view=None
rec.evaluate.neg=0
test_batch_size=128
num_thread=8
data.index.remap=False

WRMF's hyperparameters:
epochs=50
embedding_size=16
reg_mf=0.1
alpha=10
init_method=uniform
stddev=0.01
verbose=1
weight=uniform

2021-12-16 00:25:14.083: metrics:	Precision@10	Precision@20	Recall@10   	Recall@20   	NDCG@10     	NDCG@20     	MAP@10      	MAP@20      	MRR@10      	MRR@20      
2021-12-16 00:27:10.631: iteration 1 finished in 116.546862 seconds
2021-12-16 00:27:11.084: epoch 1:	0.00194117  	0.00150090  	0.01254419  	0.01885464  	0.00713070  	0.00894381  	0.00453893  	0.00496971  	0.00698133  	0.00769511  
2021-12-16 00:29:11.887: iteration 2 finished in 120.802725 seconds
2021-12-16 00:29:12.358: epoch 2:	0.00199120  	0.00170102  	0.01311787  	0.02195150  	0.00775642  	0.01024504  	0.00511405  	0.00570933  	0.00792404  	0.00888158  
2021-12-16 00:31:07.894: iteration 3 finished in 115.536226 seconds
2021-12-16 00:31:08.347: epoch 3:	0.00217131  	0.00185111  	0.01386999  	0.02402107  	0.00797052  	0.01079557  	0.00510090  	0.00579488  	0.00808326  	0.00912814  
2021-12-16 00:33:03.408: iteration 4 finished in 115.060687 seconds
2021-12-16 00:33:03.868: epoch 4:	0.00205123  	0.00190114  	0.01313622  	0.02456140  	0.00779146  	0.01095450  	0.00511887  	0.00588029  	0.00802259  	0.00918530  
2021-12-16 00:34:58.494: iteration 5 finished in 114.625557 seconds
2021-12-16 00:34:58.968: epoch 5:	0.00210127  	0.00185111  	0.01340138  	0.02386932  	0.00762152  	0.01055672  	0.00484196  	0.00556867  	0.00765435  	0.00874731  
2021-12-16 00:36:54.768: iteration 6 finished in 115.800580 seconds
2021-12-16 00:36:55.232: epoch 6:	0.00211127  	0.00188113  	0.01343973  	0.02407277  	0.00749284  	0.01047205  	0.00467859  	0.00540947  	0.00735124  	0.00844870  
2021-12-16 00:38:50.380: iteration 7 finished in 115.147641 seconds
2021-12-16 00:38:50.837: epoch 7:	0.00212128  	0.00184111  	0.01352311  	0.02365252  	0.00742655  	0.01025829  	0.00454502  	0.00523770  	0.00726777  	0.00830822  
2021-12-16 00:40:45.033: iteration 8 finished in 114.195933 seconds
2021-12-16 00:40:45.496: epoch 8:	0.00211127  	0.00181609  	0.01336969  	0.02340737  	0.00731691  	0.01013039  	0.00444104  	0.00514232  	0.00704423  	0.00808026  
2021-12-16 00:42:39.983: iteration 9 finished in 114.486567 seconds
2021-12-16 00:42:40.442: epoch 9:	0.00219132  	0.00186612  	0.01386165  	0.02358581  	0.00751656  	0.01027796  	0.00456873  	0.00525509  	0.00706710  	0.00810154  
2021-12-16 00:44:33.568: iteration 10 finished in 113.125200 seconds
2021-12-16 00:44:34.026: epoch 10:	0.00222134  	0.00190614  	0.01419185  	0.02415282  	0.00759938  	0.01042871  	0.00456412  	0.00525666  	0.00711212  	0.00819381  
2021-12-16 00:46:27.944: iteration 11 finished in 113.917845 seconds
2021-12-16 00:46:28.397: epoch 11:	0.00221133  	0.00198119  	0.01402175  	0.02522012  	0.00757907  	0.01070884  	0.00456690  	0.00532705  	0.00712130  	0.00826412  
2021-12-16 00:48:20.483: iteration 12 finished in 112.085152 seconds
2021-12-16 00:48:20.920: epoch 12:	0.00223134  	0.00197618  	0.01429691  	0.02483656  	0.00768350  	0.01066902  	0.00464767  	0.00536832  	0.00717125  	0.00828453  
2021-12-16 00:50:14.819: iteration 13 finished in 113.898065 seconds
2021-12-16 00:50:15.272: epoch 13:	0.00224135  	0.00199119  	0.01413348  	0.02518343  	0.00757926  	0.01068281  	0.00453486  	0.00529513  	0.00712062  	0.00825024  
2021-12-16 00:52:07.418: iteration 14 finished in 112.146359 seconds
2021-12-16 00:52:07.877: epoch 14:	0.00232140  	0.00193616  	0.01470049  	0.02451303  	0.00773175  	0.01049234  	0.00456941  	0.00524511  	0.00718681  	0.00819891  
2021-12-16 00:54:01.651: iteration 15 finished in 113.774717 seconds
2021-12-16 00:54:02.116: epoch 15:	0.00229138  	0.00192115  	0.01439530  	0.02435461  	0.00762284  	0.01043600  	0.00452401  	0.00523062  	0.00711085  	0.00813955  
2021-12-16 00:55:54.609: iteration 16 finished in 112.492959 seconds
2021-12-16 00:55:55.066: epoch 16:	0.00230139  	0.00193616  	0.01464545  	0.02423286  	0.00768682  	0.01042520  	0.00454655  	0.00522178  	0.00714674  	0.00817531  
2021-12-16 00:57:49.020: iteration 17 finished in 113.954390 seconds
2021-12-16 00:57:49.478: epoch 17:	0.00228137  	0.00191615  	0.01451204  	0.02430457  	0.00764685  	0.01040623  	0.00453643  	0.00521197  	0.00712221  	0.00814666  
2021-12-16 00:59:41.597: iteration 18 finished in 112.118617 seconds
2021-12-16 00:59:42.046: epoch 18:	0.00231139  	0.00188613  	0.01467047  	0.02403775  	0.00775674  	0.01037977  	0.00461285  	0.00525808  	0.00728378  	0.00824349  
2021-12-16 01:01:34.581: iteration 19 finished in 112.535090 seconds
2021-12-16 01:01:35.027: epoch 19:	0.00232140  	0.00192115  	0.01480055  	0.02443799  	0.00788947  	0.01057681  	0.00473936  	0.00538939  	0.00745360  	0.00843544  
2021-12-16 01:03:28.556: iteration 20 finished in 113.527616 seconds
2021-12-16 01:03:29.016: epoch 20:	0.00228137  	0.00188113  	0.01441698  	0.02372089  	0.00769961  	0.01033727  	0.00461807  	0.00527140  	0.00724077  	0.00823063  
2021-12-16 01:05:22.051: iteration 21 finished in 113.035864 seconds
2021-12-16 01:05:22.506: epoch 21:	0.00229138  	0.00190114  	0.01455040  	0.02416282  	0.00779793  	0.01050705  	0.00471647  	0.00538579  	0.00734639  	0.00834746  
2021-12-16 01:07:16.333: iteration 22 finished in 113.825877 seconds
2021-12-16 01:07:16.788: epoch 22:	0.00227137  	0.00190114  	0.01448036  	0.02431291  	0.00777310  	0.01053524  	0.00470948  	0.00539013  	0.00733646  	0.00836182  
2021-12-16 01:09:09.042: iteration 23 finished in 112.253701 seconds
2021-12-16 01:09:09.494: epoch 23:	0.00227137  	0.00188613  	0.01448869  	0.02421285  	0.00786471  	0.01058571  	0.00483091  	0.00550013  	0.00747278  	0.00848140  
2021-12-16 01:11:03.429: iteration 24 finished in 113.934937 seconds
2021-12-16 01:11:03.882: epoch 24:	0.00226136  	0.00183610  	0.01450537  	0.02337068  	0.00790306  	0.01042888  	0.00488191  	0.00551198  	0.00754048  	0.00850267  
2021-12-16 01:12:56.490: iteration 25 finished in 112.607794 seconds
2021-12-16 01:12:56.935: epoch 25:	0.00227137  	0.00185111  	0.01451371  	0.02362083  	0.00788939  	0.01046989  	0.00484975  	0.00549384  	0.00751427  	0.00848344  
2021-12-16 01:14:51.506: iteration 26 finished in 114.570461 seconds
2021-12-16 01:14:51.963: epoch 26:	0.00233140  	0.00185611  	0.01492229  	0.02380094  	0.00797118  	0.01045297  	0.00484145  	0.00544624  	0.00745904  	0.00837399  
2021-12-16 01:16:44.552: iteration 27 finished in 112.589318 seconds
2021-12-16 01:16:45.013: epoch 27:	0.00232140  	0.00185611  	0.01478887  	0.02370922  	0.00789216  	0.01038190  	0.00476121  	0.00536843  	0.00741921  	0.00832207  
2021-12-16 01:18:37.441: iteration 28 finished in 112.427906 seconds
2021-12-16 01:18:37.901: epoch 28:	0.00229138  	0.00185611  	0.01445534  	0.02376759  	0.00776197  	0.01034562  	0.00468491  	0.00532017  	0.00730998  	0.00823500  
2021-12-16 01:20:31.650: iteration 29 finished in 113.748831 seconds
2021-12-16 01:20:32.113: epoch 29:	0.00233140  	0.00184611  	0.01465546  	0.02366753  	0.00788240  	0.01036785  	0.00475011  	0.00535988  	0.00746853  	0.00833796  
2021-12-16 01:22:24.383: iteration 30 finished in 112.270466 seconds
2021-12-16 01:22:24.846: epoch 30:	0.00230139  	0.00188113  	0.01453872  	0.02397604  	0.00782077  	0.01043154  	0.00471594  	0.00534629  	0.00742739  	0.00835514  
2021-12-16 01:24:18.709: iteration 31 finished in 113.862833 seconds
2021-12-16 01:24:19.162: epoch 31:	0.00232140  	0.00185611  	0.01468881  	0.02360582  	0.00787164  	0.01034402  	0.00472874  	0.00532399  	0.00746146  	0.00834551  
2021-12-16 01:26:11.408: iteration 32 finished in 112.245510 seconds
2021-12-16 01:26:11.853: epoch 32:	0.00232140  	0.00188113  	0.01465546  	0.02391434  	0.00788737  	0.01045494  	0.00474588  	0.00536815  	0.00750144  	0.00841319  
2021-12-16 01:28:05.628: iteration 33 finished in 113.775034 seconds
2021-12-16 01:28:06.075: epoch 33:	0.00230139  	0.00185611  	0.01463045  	0.02356413  	0.00789975  	0.01039868  	0.00478706  	0.00539316  	0.00752316  	0.00843449  
2021-12-16 01:29:59.044: iteration 34 finished in 112.968782 seconds
2021-12-16 01:29:59.497: epoch 34:	0.00231139  	0.00184611  	0.01463878  	0.02326729  	0.00790080  	0.01033766  	0.00478350  	0.00538202  	0.00750597  	0.00840193  
2021-12-16 01:31:53.774: iteration 35 finished in 114.276995 seconds
2021-12-16 01:31:54.227: epoch 35:	0.00233140  	0.00183610  	0.01457208  	0.02327563  	0.00788550  	0.01032264  	0.00476333  	0.00537125  	0.00751360  	0.00838525  
2021-12-16 01:33:46.567: iteration 36 finished in 112.340287 seconds
2021-12-16 01:33:47.022: epoch 36:	0.00236142  	0.00183610  	0.01472217  	0.02324227  	0.00793557  	0.01031783  	0.00477345  	0.00536615  	0.00753666  	0.00838762  
2021-12-16 01:35:40.290: iteration 37 finished in 113.268148 seconds
2021-12-16 01:35:40.738: epoch 37:	0.00236142  	0.00184611  	0.01470549  	0.02336735  	0.00788457  	0.01030181  	0.00472360  	0.00532382  	0.00742596  	0.00828671  
2021-12-16 01:37:33.501: iteration 38 finished in 112.762271 seconds
2021-12-16 01:37:33.967: epoch 38:	0.00232140  	0.00184611  	0.01438530  	0.02330064  	0.00776874  	0.01026599  	0.00467064  	0.00529619  	0.00736640  	0.00826142  
2021-12-16 01:39:28.213: iteration 39 finished in 114.245706 seconds
2021-12-16 01:39:28.672: epoch 39:	0.00231139  	0.00183110  	0.01431859  	0.02320892  	0.00775478  	0.01023528  	0.00467464  	0.00529627  	0.00737427  	0.00825468  
2021-12-16 01:41:20.848: iteration 40 finished in 112.175827 seconds
2021-12-16 01:41:21.301: epoch 40:	0.00232140  	0.00185611  	0.01443533  	0.02345907  	0.00780063  	0.01032068  	0.00469855  	0.00532413  	0.00742993  	0.00833026  
2021-12-16 01:43:15.454: iteration 41 finished in 114.153511 seconds
2021-12-16 01:43:15.907: epoch 41:	0.00232140  	0.00185611  	0.01445200  	0.02346740  	0.00781936  	0.01033497  	0.00472561  	0.00534311  	0.00745249  	0.00836011  
2021-12-16 01:45:08.804: iteration 42 finished in 112.897054 seconds
2021-12-16 01:45:09.273: epoch 42:	0.00229138  	0.00186112  	0.01425189  	0.02354745  	0.00772208  	0.01032129  	0.00465805  	0.00529848  	0.00741107  	0.00835153  
2021-12-16 01:47:02.488: iteration 43 finished in 113.214987 seconds
2021-12-16 01:47:02.946: epoch 43:	0.00226136  	0.00186612  	0.01406844  	0.02355579  	0.00763515  	0.01029594  	0.00460905  	0.00527185  	0.00732920  	0.00828602  
2021-12-16 01:48:55.593: iteration 44 finished in 112.646435 seconds
2021-12-16 01:48:56.046: epoch 44:	0.00227137  	0.00188113  	0.01406010  	0.02362250  	0.00762937  	0.01031208  	0.00460297  	0.00526918  	0.00727397  	0.00823756  
2021-12-16 01:50:50.455: iteration 45 finished in 114.409656 seconds
2021-12-16 01:50:50.930: epoch 45:	0.00226136  	0.00187613  	0.01391001  	0.02352244  	0.00757362  	0.01026977  	0.00457361  	0.00524625  	0.00722493  	0.00819029  
2021-12-16 01:52:43.373: iteration 46 finished in 112.442644 seconds
2021-12-16 01:52:43.832: epoch 46:	0.00225136  	0.00188113  	0.01395170  	0.02347575  	0.00756583  	0.01025630  	0.00456478  	0.00523263  	0.00719229  	0.00817515  
2021-12-16 01:54:36.137: iteration 47 finished in 112.305479 seconds
2021-12-16 01:54:36.598: epoch 47:	0.00225136  	0.00189614  	0.01388500  	0.02360916  	0.00759952  	0.01034519  	0.00462266  	0.00530335  	0.00728707  	0.00829040  
2021-12-16 01:56:30.051: iteration 48 finished in 113.452298 seconds
2021-12-16 01:56:30.501: epoch 48:	0.00222134  	0.00190114  	0.01370156  	0.02373090  	0.00747802  	0.01030934  	0.00452746  	0.00523059  	0.00716811  	0.00820487  
2021-12-16 01:58:22.712: iteration 49 finished in 112.210581 seconds
2021-12-16 01:58:23.165: epoch 49:	0.00223134  	0.00189614  	0.01380162  	0.02356413  	0.00752283  	0.01028946  	0.00455146  	0.00523741  	0.00722235  	0.00823852  
2021-12-16 02:00:15.134: iteration 50 finished in 111.969248 seconds
2021-12-16 02:00:15.587: epoch 50:	0.00223134  	0.00190614  	0.01380162  	0.02371422  	0.00750671  	0.01030439  	0.00453137  	0.00522000  	0.00720893  	0.00823109  
