2021-02-01 14:45:26.086: Dataset name: u5
The number of users: 6115
The number of items: 6115
The number of ratings: 50530
Average actions of users: 8.26
Average actions of items: 8.26
The sparsity of the dataset: 99.864869%
2021-02-01 14:45:26.087: 

NeuRec hyperparameters:
recommender=WRMF
config_dir=./conf
gpu_id=0
gpu_mem=0.5
data.input.path=C:\Users\HyunsikYoo\Desktop\VNE_directed_networks/_Data/jung/5-fold/u5/
data.input.dataset=u5
data.output.path=C:\Users\HyunsikYoo\Desktop\VNE_directed_networks/_Emb/jung/5-fold/wrmf/u5_wrmf_directed_dim16.emb
data.column.format=UI
data.convert.separator='\t'
user_min=0
item_min=0
splitter=given
ratio=0.8
by_time=False
metric=["Precision", "Recall", "NDCG", "MAP", "MRR"]
topk=[10, 20]
group_view=None
rec.evaluate.neg=0
test_batch_size=128
num_thread=8
data.index.remap=False

WRMF's hyperparameters:
epochs=50
embedding_size=16
reg_mf=0.1
alpha=10
init_method=uniform
stddev=0.01
verbose=1
weight=uniform

2021-02-01 14:47:00.711: metrics:	Precision@10	Precision@20	Recall@10   	Recall@20   	NDCG@10     	NDCG@20     	MAP@10      	MAP@20      	MRR@10      	MRR@20      
2021-02-01 14:47:05.145: iteration 1 finished in 4.432745 seconds
2021-02-01 14:47:05.279: epoch 1:	0.09608667  	0.05885137  	0.55604738  	0.62008440  	0.47006267  	0.48806393  	0.41215539  	0.41838297  	0.49117804  	0.49493307  
2021-02-01 14:47:09.587: iteration 2 finished in 4.307182 seconds
2021-02-01 14:47:09.703: epoch 2:	0.13093272  	0.07442871  	0.70758045  	0.76599306  	0.66211253  	0.67625284  	0.61729389  	0.62133473  	0.69620275  	0.69916523  
2021-02-01 14:47:14.059: iteration 3 finished in 4.356235 seconds
2021-02-01 14:47:14.172: epoch 3:	0.13594268  	0.07639568  	0.73796010  	0.79293877  	0.69321901  	0.70602900  	0.64961714  	0.65296650  	0.72665572  	0.72926170  
2021-02-01 14:47:18.412: iteration 4 finished in 4.239661 seconds
2021-02-01 14:47:18.524: epoch 4:	0.13796535  	0.07738846  	0.75164121  	0.80349994  	0.70701659  	0.71933025  	0.66366023  	0.66698462  	0.74185520  	0.74427658  
2021-02-01 14:47:22.824: iteration 5 finished in 4.299261 seconds
2021-02-01 14:47:22.935: epoch 5:	0.13969097  	0.07801940  	0.76280928  	0.80960554  	0.71721226  	0.72810155  	0.67366123  	0.67643905  	0.75252581  	0.75444412  
2021-02-01 14:47:27.222: iteration 6 finished in 4.285723 seconds
2021-02-01 14:47:27.340: epoch 6:	0.14002490  	0.07854827  	0.76337385  	0.81340098  	0.72213501  	0.73406750  	0.67966819  	0.68296432  	0.75975567  	0.76185799  
2021-02-01 14:47:31.658: iteration 7 finished in 4.317075 seconds
2021-02-01 14:47:31.775: epoch 7:	0.14052591  	0.07891013  	0.76508898  	0.81669086  	0.72692394  	0.73921418  	0.68518913  	0.68869323  	0.76634711  	0.76848358  
2021-02-01 14:47:36.143: iteration 8 finished in 4.366514 seconds
2021-02-01 14:47:36.262: epoch 8:	0.14111970  	0.07894725  	0.76886147  	0.81668866  	0.72913527  	0.74034822  	0.68673390  	0.68988347  	0.76860678  	0.77043098  
2021-02-01 14:47:40.488: iteration 9 finished in 4.224847 seconds
2021-02-01 14:47:40.599: epoch 9:	0.14132383  	0.07897509  	0.76929170  	0.81664085  	0.73013532  	0.74122196  	0.68768412  	0.69079340  	0.77041638  	0.77231097  
2021-02-01 14:47:44.932: iteration 10 finished in 4.331409 seconds
2021-02-01 14:47:45.045: epoch 10:	0.14141661  	0.07906786  	0.77023411  	0.81889248  	0.73140574  	0.74276137  	0.68898809  	0.69217056  	0.77220803  	0.77416301  
2021-02-01 14:47:49.230: iteration 11 finished in 4.184695 seconds
2021-02-01 14:47:49.343: epoch 11:	0.14147228  	0.07911424  	0.77049404  	0.82002145  	0.73203999  	0.74363935  	0.68985653  	0.69307458  	0.77254450  	0.77463657  
2021-02-01 14:47:53.720: iteration 12 finished in 4.375935 seconds
2021-02-01 14:47:53.836: epoch 12:	0.14134239  	0.07910495  	0.76949608  	0.81951141  	0.73181891  	0.74364626  	0.68980098  	0.69316745  	0.77237767  	0.77454031  
2021-02-01 14:47:58.093: iteration 13 finished in 4.255344 seconds
2021-02-01 14:47:58.213: epoch 13:	0.14150937  	0.07906785  	0.77027386  	0.81903040  	0.73223358  	0.74368727  	0.69006354  	0.69327223  	0.77276802  	0.77489066  
2021-02-01 14:48:02.542: iteration 14 finished in 4.327217 seconds
2021-02-01 14:48:02.654: epoch 14:	0.14154647  	0.07904930  	0.77059388  	0.81894380  	0.73212814  	0.74351335  	0.68987167  	0.69310951  	0.77241093  	0.77452344  
2021-02-01 14:48:06.940: iteration 15 finished in 4.284192 seconds
2021-02-01 14:48:07.052: epoch 15:	0.14162071  	0.07907712  	0.77092499  	0.81939739  	0.73205650  	0.74345201  	0.68968290  	0.69291466  	0.77206153  	0.77419722  
2021-02-01 14:48:11.404: iteration 16 finished in 4.352395 seconds
2021-02-01 14:48:11.518: epoch 16:	0.14158358  	0.07904930  	0.77135605  	0.81913841  	0.73192650  	0.74317783  	0.68938982  	0.69263327  	0.77170801  	0.77375019  
2021-02-01 14:48:16.024: iteration 17 finished in 4.502536 seconds
2021-02-01 14:48:16.140: epoch 17:	0.14163926  	0.07906784  	0.77165478  	0.81918871  	0.73255426  	0.74373853  	0.69012260  	0.69335711  	0.77241409  	0.77442551  
2021-02-01 14:48:20.572: iteration 18 finished in 4.430516 seconds
2021-02-01 14:48:20.685: epoch 18:	0.14160216  	0.07907712  	0.77169013  	0.81915778  	0.73207963  	0.74328220  	0.68953997  	0.69281125  	0.77167267  	0.77364475  
2021-02-01 14:48:25.144: iteration 19 finished in 4.458809 seconds
2021-02-01 14:48:25.268: epoch 19:	0.14158362  	0.07908640  	0.77167463  	0.81934339  	0.73245031  	0.74370134  	0.69006574  	0.69334513  	0.77215630  	0.77415049  
2021-02-01 14:48:29.677: iteration 20 finished in 4.408082 seconds
2021-02-01 14:48:29.787: epoch 20:	0.14156505  	0.07904000  	0.77163762  	0.81919748  	0.73235017  	0.74356812  	0.68998951  	0.69323409  	0.77182913  	0.77384162  
2021-02-01 14:48:34.266: iteration 21 finished in 4.479055 seconds
2021-02-01 14:48:34.389: epoch 21:	0.14147228  	0.07906783  	0.77124327  	0.81975418  	0.73232019  	0.74379253  	0.69013959  	0.69346970  	0.77180129  	0.77385658  
2021-02-01 14:48:39.050: iteration 22 finished in 4.660376 seconds
2021-02-01 14:48:39.163: epoch 22:	0.14149085  	0.07907711  	0.77127415  	0.81993973  	0.73246825  	0.74395472  	0.69033319  	0.69364053  	0.77183348  	0.77391744  
2021-02-01 14:48:43.546: iteration 23 finished in 4.382952 seconds
2021-02-01 14:48:43.665: epoch 23:	0.14145370  	0.07907711  	0.77113497  	0.81993973  	0.73254198  	0.74407804  	0.69046873  	0.69379568  	0.77216291  	0.77424967  
2021-02-01 14:48:47.897: iteration 24 finished in 4.231322 seconds
2021-02-01 14:48:48.012: epoch 24:	0.14143515  	0.07909566  	0.77090931  	0.82029545  	0.73226315  	0.74394208  	0.69021022  	0.69357961  	0.77164590  	0.77376586  
2021-02-01 14:48:52.250: iteration 25 finished in 4.237142 seconds
2021-02-01 14:48:52.364: epoch 25:	0.14130528  	0.07908638  	0.77029073  	0.82010990  	0.73192304  	0.74377000  	0.68994516  	0.69341493  	0.77129292  	0.77345127  
2021-02-01 14:48:56.695: iteration 26 finished in 4.331395 seconds
2021-02-01 14:48:56.811: epoch 26:	0.14130528  	0.07907710  	0.77017009  	0.82008672  	0.73182535  	0.74370360  	0.68981403  	0.69328761  	0.77124101  	0.77343380  
2021-02-01 14:49:01.170: iteration 27 finished in 4.358087 seconds
2021-02-01 14:49:01.288: epoch 27:	0.14163929  	0.07912349  	0.77391237  	0.82101464  	0.73275650  	0.74382317  	0.68998963  	0.69320959  	0.77151978  	0.77340227  
2021-02-01 14:49:05.588: iteration 28 finished in 4.298234 seconds
2021-02-01 14:49:05.703: epoch 28:	0.14160216  	0.07916060  	0.77363396  	0.82174194  	0.73252481  	0.74384117  	0.68976843  	0.69306344  	0.77140808  	0.77334565  
2021-02-01 14:49:09.904: iteration 29 finished in 4.201116 seconds
2021-02-01 14:49:10.019: epoch 29:	0.14162071  	0.07917916  	0.77369899  	0.82204348  	0.73251450  	0.74388015  	0.68969625  	0.69301373  	0.77148545  	0.77342165  
2021-02-01 14:49:14.208: iteration 30 finished in 4.185893 seconds
2021-02-01 14:49:14.325: epoch 30:	0.14160216  	0.07918844  	0.77312380  	0.82215482  	0.73229951  	0.74382293  	0.68953007  	0.69289118  	0.77144831  	0.77342290  
2021-02-01 14:49:18.529: iteration 31 finished in 4.202199 seconds
2021-02-01 14:49:18.640: epoch 31:	0.14110114  	0.07915132  	0.76804382  	0.82172966  	0.73089296  	0.74367982  	0.68909186  	0.69284248  	0.77107590  	0.77344602  
2021-02-01 14:49:22.927: iteration 32 finished in 4.286811 seconds
2021-02-01 14:49:23.042: epoch 32:	0.14111969  	0.07917917  	0.76814276  	0.82216263  	0.73081291  	0.74371320  	0.68894517  	0.69276208  	0.77097815  	0.77335316  
2021-02-01 14:49:27.363: iteration 33 finished in 4.321243 seconds
2021-02-01 14:49:27.478: epoch 33:	0.14111969  	0.07914205  	0.76811504  	0.82151312  	0.73074180  	0.74349880  	0.68884742  	0.69261932  	0.77097917  	0.77332962  
2021-02-01 14:49:31.878: iteration 34 finished in 4.399914 seconds
2021-02-01 14:49:31.998: epoch 34:	0.14110112  	0.07916990  	0.76802230  	0.82184106  	0.73059082  	0.74345404  	0.68865472  	0.69246542  	0.77084041  	0.77319485  
2021-02-01 14:49:36.385: iteration 35 finished in 4.386818 seconds
2021-02-01 14:49:36.499: epoch 35:	0.14110114  	0.07916062  	0.76792949  	0.82165545  	0.73056698  	0.74340361  	0.68864447  	0.69244123  	0.77085418  	0.77321190  
2021-02-01 14:49:41.050: iteration 36 finished in 4.550938 seconds
2021-02-01 14:49:41.162: epoch 36:	0.14102688  	0.07914206  	0.76746559  	0.82150072  	0.73052740  	0.74346566  	0.68873173  	0.69258142  	0.77098882  	0.77336103  
2021-02-01 14:49:45.766: iteration 37 finished in 4.603575 seconds
2021-02-01 14:49:45.887: epoch 37:	0.14102688  	0.07913278  	0.76746559  	0.82156259  	0.73045385  	0.74339205  	0.68861073  	0.69245589  	0.77091402  	0.77328438  
2021-02-01 14:49:50.665: iteration 38 finished in 4.778582 seconds
2021-02-01 14:49:50.788: epoch 38:	0.14108257  	0.07912350  	0.76789850  	0.82136154  	0.73061496  	0.74333686  	0.68873948  	0.69248658  	0.77090025  	0.77320194  
2021-02-01 14:49:55.119: iteration 39 finished in 4.330759 seconds
2021-02-01 14:49:55.243: epoch 39:	0.14111967  	0.07912350  	0.76798695  	0.82136154  	0.73069829  	0.74338400  	0.68882430  	0.69255102  	0.77095163  	0.77325666  
2021-02-01 14:49:59.667: iteration 40 finished in 4.422883 seconds
2021-02-01 14:49:59.790: epoch 40:	0.14110112  	0.07914206  	0.76790959  	0.82144040  	0.73073226  	0.74348027  	0.68889654  	0.69264841  	0.77101928  	0.77334398  
2021-02-01 14:50:04.291: iteration 41 finished in 4.499942 seconds
2021-02-01 14:50:04.408: epoch 41:	0.14106400  	0.07915133  	0.76772398  	0.82162595  	0.73066050  	0.74352121  	0.68881446  	0.69261760  	0.77107888  	0.77341574  
2021-02-01 14:50:08.808: iteration 42 finished in 4.398860 seconds
2021-02-01 14:50:08.924: epoch 42:	0.14106400  	0.07914206  	0.76786315  	0.82144040  	0.73070902  	0.74349612  	0.68883425  	0.69262850  	0.77111661  	0.77342701  
2021-02-01 14:50:13.240: iteration 43 finished in 4.316225 seconds
2021-02-01 14:50:13.357: epoch 43:	0.14113823  	0.07916989  	0.76822662  	0.82182312  	0.73072183  	0.74349022  	0.68877858  	0.69253886  	0.77101493  	0.77331865  
2021-02-01 14:50:17.782: iteration 44 finished in 4.424547 seconds
2021-02-01 14:50:17.898: epoch 44:	0.14111967  	0.07916061  	0.76840055  	0.82173032  	0.73100501  	0.74371642  	0.68911469  	0.69287139  	0.77131796  	0.77360827  
2021-02-01 14:50:22.267: iteration 45 finished in 4.367449 seconds
2021-02-01 14:50:22.382: epoch 45:	0.14111967  	0.07915134  	0.76840055  	0.82157564  	0.73104650  	0.74372435  	0.68916321  	0.69291550  	0.77142006  	0.77369970  
2021-02-01 14:50:26.762: iteration 46 finished in 4.379507 seconds
2021-02-01 14:50:26.879: epoch 46:	0.14113823  	0.07913278  	0.76843762  	0.82134360  	0.73107374  	0.74367583  	0.68917942  	0.69290274  	0.77146804  	0.77374095  
2021-02-01 14:50:31.177: iteration 47 finished in 4.295875 seconds
2021-02-01 14:50:31.289: epoch 47:	0.14111967  	0.07913277  	0.76837456  	0.82143641  	0.73106378  	0.74370348  	0.68916363  	0.69291145  	0.77148181  	0.77376431  
2021-02-01 14:50:35.574: iteration 48 finished in 4.285653 seconds
2021-02-01 14:50:35.687: epoch 48:	0.14111967  	0.07911422  	0.76832819  	0.82106525  	0.73107296  	0.74363136  	0.68915892  	0.69288397  	0.77157927  	0.77384043  
2021-02-01 14:50:40.262: iteration 49 finished in 4.574502 seconds
2021-02-01 14:50:40.381: epoch 49:	0.14102691  	0.07911423  	0.76810545  	0.82105297  	0.73090065  	0.74360180  	0.68898362  	0.69281679  	0.77150261  	0.77377546  
2021-02-01 14:50:44.692: iteration 50 finished in 4.310429 seconds
2021-02-01 14:50:44.805: epoch 50:	0.14100836  	0.07910495  	0.76801270  	0.82096016  	0.73085707  	0.74356753  	0.68896723  	0.69280434  	0.77140200  	0.77369463  
