2021-12-15 00:29:50.516: Dataset name: u5
The number of users: 4031
The number of items: 4031
The number of ratings: 39461
Average actions of users: 9.79
Average actions of items: 9.79
The sparsity of the dataset: 99.757148%
2021-12-15 00:29:50.517: 

NeuRec hyperparameters:
recommender=WRMF
config_dir=./conf
gpu_id=0
gpu_mem=0.5
data.input.path=D:\hsyoo\Workingon_210628/_Data/ciaodvd/noniid-out-barrier/u5/
data.input.dataset=u5
data.output.path=D:\hsyoo\Workingon_210628/_Emb/ciaodvd/noniid-out-barrier/wrmf/u5_wrmf_directed_dim16_uniform_send.emb
data.column.format=UI
data.convert.separator='\t'
user_min=0
item_min=0
splitter=given
ratio=0.8
by_time=False
metric=["Precision", "Recall", "NDCG", "MAP", "MRR"]
topk=[10, 20]
group_view=None
rec.evaluate.neg=0
test_batch_size=128
num_thread=8
data.index.remap=False

WRMF's hyperparameters:
epochs=50
embedding_size=16
reg_mf=0.1
alpha=10
init_method=uniform
stddev=0.01
verbose=1
weight=uniform

2021-12-15 00:30:32.564: metrics:	Precision@10	Precision@20	Recall@10   	Recall@20   	NDCG@10     	NDCG@20     	MAP@10      	MAP@20      	MRR@10      	MRR@20      
2021-12-15 00:30:35.541: iteration 1 finished in 2.975174 seconds
2021-12-15 00:30:35.577: epoch 1:	0.02649507  	0.02342186  	0.04228757  	0.06886787  	0.03778708  	0.05001813  	0.01599175  	0.01833887  	0.08408052  	0.09156468  
2021-12-15 00:30:37.935: iteration 2 finished in 2.358670 seconds
2021-12-15 00:30:37.962: epoch 2:	0.06594658  	0.05236689  	0.09399276  	0.14838296  	0.08643809  	0.11011961  	0.03786648  	0.04437941  	0.17244306  	0.17992023  
2021-12-15 00:30:40.321: iteration 3 finished in 2.358692 seconds
2021-12-15 00:30:40.349: epoch 3:	0.07076380  	0.05851332  	0.10204523  	0.16626328  	0.09772675  	0.12596208  	0.04516741  	0.05307402  	0.19831477  	0.20682529  
2021-12-15 00:30:42.728: iteration 4 finished in 2.379637 seconds
2021-12-15 00:30:42.756: epoch 4:	0.07524884  	0.06067288  	0.10709404  	0.17396201  	0.10290651  	0.13150877  	0.04808358  	0.05568082  	0.20502234  	0.21482311  
2021-12-15 00:30:45.135: iteration 5 finished in 2.378639 seconds
2021-12-15 00:30:45.163: epoch 5:	0.07674382  	0.06204329  	0.10968755  	0.17713228  	0.10520902  	0.13429853  	0.04906288  	0.05704882  	0.21010059  	0.21908346  
2021-12-15 00:30:47.542: iteration 6 finished in 2.378638 seconds
2021-12-15 00:30:47.567: epoch 6:	0.07682689  	0.06254163  	0.11104170  	0.17741472  	0.10623136  	0.13567048  	0.04972712  	0.05783836  	0.21163405  	0.22127591  
2021-12-15 00:30:49.940: iteration 7 finished in 2.372654 seconds
2021-12-15 00:30:49.968: epoch 7:	0.07724217  	0.06407820  	0.11197624  	0.18317094  	0.10673331  	0.13820899  	0.04978338  	0.05862931  	0.21218711  	0.22228289  
2021-12-15 00:30:52.314: iteration 8 finished in 2.346009 seconds
2021-12-15 00:30:52.345: epoch 8:	0.07882021  	0.06428584  	0.11408145  	0.18502644  	0.10880106  	0.13991068  	0.05106361  	0.05984898  	0.21352763  	0.22344193  
2021-12-15 00:30:54.702: iteration 9 finished in 2.356621 seconds
2021-12-15 00:30:54.733: epoch 9:	0.08097965  	0.06519946  	0.11756541  	0.18729722  	0.10988656  	0.14045124  	0.05079319  	0.05961448  	0.21177982  	0.22083287  
2021-12-15 00:30:57.095: iteration 10 finished in 2.362107 seconds
2021-12-15 00:30:57.127: epoch 10:	0.08064742  	0.06561475  	0.11679930  	0.18941188  	0.11033779  	0.14200161  	0.05151035  	0.06053312  	0.21422574  	0.22395895  
2021-12-15 00:30:59.485: iteration 11 finished in 2.358820 seconds
2021-12-15 00:30:59.501: epoch 11:	0.08147801  	0.06594698  	0.11802073  	0.18998340  	0.11066052  	0.14208905  	0.05124746  	0.06023612  	0.21426493  	0.22384147  
2021-12-15 00:31:01.878: iteration 12 finished in 2.376722 seconds
2021-12-15 00:31:01.909: epoch 12:	0.08189330  	0.06611309  	0.11811776  	0.19021833  	0.11098439  	0.14240129  	0.05134387  	0.06038839  	0.21526025  	0.22488046  
2021-12-15 00:31:04.266: iteration 13 finished in 2.357368 seconds
2021-12-15 00:31:04.282: epoch 13:	0.08189330  	0.06615464  	0.11751654  	0.18968539  	0.11095215  	0.14243881  	0.05110064  	0.06035385  	0.21774611  	0.22669360  
2021-12-15 00:31:06.658: iteration 14 finished in 2.375635 seconds
2021-12-15 00:31:06.689: epoch 14:	0.08181023  	0.06615463  	0.11781195  	0.18937749  	0.11180662  	0.14309977  	0.05148705  	0.06075059  	0.22305681  	0.23154031  
2021-12-15 00:31:09.040: iteration 15 finished in 2.351558 seconds
2021-12-15 00:31:09.072: epoch 15:	0.08230856  	0.06586393  	0.11819740  	0.18872143  	0.11256436  	0.14318445  	0.05192433  	0.06091641  	0.22536395  	0.23390743  
2021-12-15 00:31:11.424: iteration 16 finished in 2.352708 seconds
2021-12-15 00:31:11.456: epoch 16:	0.08255774  	0.06603004  	0.11810832  	0.18961811  	0.11254019  	0.14339747  	0.05192261  	0.06088233  	0.22486660  	0.23351450  
2021-12-15 00:31:13.815: iteration 17 finished in 2.359940 seconds
2021-12-15 00:31:13.831: epoch 17:	0.08222552  	0.06615462  	0.11751992  	0.19042245  	0.11237529  	0.14368995  	0.05186248  	0.06095023  	0.22606763  	0.23480316  
2021-12-15 00:31:16.206: iteration 18 finished in 2.374441 seconds
2021-12-15 00:31:16.237: epoch 18:	0.08172717  	0.06623767  	0.11684591  	0.18918295  	0.11203410  	0.14357242  	0.05174873  	0.06101928  	0.22586529  	0.23452654  
2021-12-15 00:31:18.596: iteration 19 finished in 2.358820 seconds
2021-12-15 00:31:18.627: epoch 19:	0.08081354  	0.06603003  	0.11539051  	0.18838154  	0.11126152  	0.14315122  	0.05149613  	0.06078090  	0.22506896  	0.23396917  
2021-12-15 00:31:20.987: iteration 20 finished in 2.360453 seconds
2021-12-15 00:31:21.019: epoch 20:	0.08147799  	0.06582239  	0.11590198  	0.18815027  	0.11177849  	0.14307597  	0.05168596  	0.06076806  	0.22609037  	0.23476174  
2021-12-15 00:31:23.399: iteration 21 finished in 2.380194 seconds
2021-12-15 00:31:23.426: epoch 21:	0.08097966  	0.06549016  	0.11484902  	0.18738788  	0.11113097  	0.14251296  	0.05132974  	0.06052401  	0.22526236  	0.23379517  
2021-12-15 00:31:25.813: iteration 22 finished in 2.387615 seconds
2021-12-15 00:31:25.840: epoch 22:	0.08039828  	0.06569779  	0.11408434  	0.18813446  	0.11038513  	0.14239082  	0.05099160  	0.06028476  	0.22398123  	0.23263977  
2021-12-15 00:31:28.207: iteration 23 finished in 2.366670 seconds
2021-12-15 00:31:28.233: epoch 23:	0.07973384  	0.06573932  	0.11300784  	0.18830872  	0.11001658  	0.14259499  	0.05100345  	0.06045152  	0.22453952  	0.23341514  
2021-12-15 00:31:30.622: iteration 24 finished in 2.388612 seconds
2021-12-15 00:31:30.651: epoch 24:	0.07923552  	0.06515792  	0.11173072  	0.18607537  	0.10945635  	0.14168008  	0.05078828  	0.06012836  	0.22414199  	0.23335537  
2021-12-15 00:31:33.041: iteration 25 finished in 2.389610 seconds
2021-12-15 00:31:33.070: epoch 25:	0.07898635  	0.06499181  	0.11128843  	0.18448333  	0.10938733  	0.14137310  	0.05087878  	0.06017120  	0.22461693  	0.23364890  
2021-12-15 00:31:35.455: iteration 26 finished in 2.384623 seconds
2021-12-15 00:31:35.483: epoch 26:	0.07873718  	0.06490874  	0.11104060  	0.18434957  	0.10885090  	0.14087072  	0.05051379  	0.05980022  	0.22330746  	0.23238069  
2021-12-15 00:31:37.868: iteration 27 finished in 2.383625 seconds
2021-12-15 00:31:37.896: epoch 27:	0.07848801  	0.06515793  	0.11088800  	0.18505828  	0.10850227  	0.14092600  	0.05036126  	0.05969267  	0.22236750  	0.23164295  
2021-12-15 00:31:40.284: iteration 28 finished in 2.387614 seconds
2021-12-15 00:31:40.312: epoch 28:	0.07840496  	0.06499181  	0.11084385  	0.18456812  	0.10825843  	0.14051113  	0.05023514  	0.05951797  	0.22111243  	0.23041672  
2021-12-15 00:31:42.705: iteration 29 finished in 2.393599 seconds
2021-12-15 00:31:42.733: epoch 29:	0.07807272  	0.06499182  	0.11069503  	0.18403061  	0.10781106  	0.14014296  	0.04997304  	0.05937609  	0.22001988  	0.22916093  
2021-12-15 00:31:45.121: iteration 30 finished in 2.387615 seconds
2021-12-15 00:31:45.149: epoch 30:	0.07765745  	0.06490875  	0.10949637  	0.18430121  	0.10697729  	0.13975568  	0.04959983  	0.05902240  	0.21810526  	0.22762266  
2021-12-15 00:31:47.539: iteration 31 finished in 2.390607 seconds
2021-12-15 00:31:47.566: epoch 31:	0.07790662  	0.06486721  	0.11001531  	0.18493891  	0.10714889  	0.13976699  	0.04952772  	0.05892305  	0.21834782  	0.22764471  
2021-12-15 00:31:49.962: iteration 32 finished in 2.395594 seconds
2021-12-15 00:31:49.990: epoch 32:	0.07807272  	0.06478415  	0.11081660  	0.18438189  	0.10716791  	0.13932292  	0.04949198  	0.05873438  	0.21696292  	0.22629134  
2021-12-15 00:31:52.368: iteration 33 finished in 2.378639 seconds
2021-12-15 00:31:52.395: epoch 33:	0.07740828  	0.06507485  	0.10900084  	0.18460469  	0.10629761  	0.13943039  	0.04917544  	0.05865041  	0.21630907  	0.22616819  
2021-12-15 00:31:54.792: iteration 34 finished in 2.396591 seconds
2021-12-15 00:31:54.821: epoch 34:	0.07699300  	0.06474262  	0.10858445  	0.18362680  	0.10590503  	0.13884385  	0.04897972  	0.05839714  	0.21573129  	0.22558734  
2021-12-15 00:31:57.217: iteration 35 finished in 2.396590 seconds
2021-12-15 00:31:57.245: epoch 35:	0.07740828  	0.06499179  	0.10903141  	0.18401666  	0.10578715  	0.13870278  	0.04875166  	0.05813930  	0.21398608  	0.22385275  
2021-12-15 00:31:59.639: iteration 36 finished in 2.393599 seconds
2021-12-15 00:31:59.666: epoch 36:	0.07740828  	0.06490874  	0.10890324  	0.18364422  	0.10576788  	0.13855653  	0.04877490  	0.05811333  	0.21384177  	0.22366858  
2021-12-15 00:32:02.074: iteration 37 finished in 2.408559 seconds
2021-12-15 00:32:02.102: epoch 37:	0.07740828  	0.06511638  	0.10882975  	0.18423930  	0.10578136  	0.13885081  	0.04878426  	0.05817717  	0.21411860  	0.22410995  
2021-12-15 00:32:04.503: iteration 38 finished in 2.400580 seconds
2021-12-15 00:32:04.530: epoch 38:	0.07765744  	0.06490874  	0.10909045  	0.18294591  	0.10621119  	0.13873133  	0.04897169  	0.05822587  	0.21573722  	0.22548908  
2021-12-15 00:32:06.926: iteration 39 finished in 2.396590 seconds
2021-12-15 00:32:06.955: epoch 39:	0.07740827  	0.06470110  	0.10872751  	0.18238521  	0.10591672  	0.13835996  	0.04879851  	0.05802974  	0.21553816  	0.22538035  
2021-12-15 00:32:09.365: iteration 40 finished in 2.408559 seconds
2021-12-15 00:32:09.392: epoch 40:	0.07740828  	0.06465956  	0.10864054  	0.18230085  	0.10602699  	0.13844794  	0.04884781  	0.05807697  	0.21629515  	0.22615659  
2021-12-15 00:32:11.801: iteration 41 finished in 2.409392 seconds
2021-12-15 00:32:11.832: epoch 41:	0.07715910  	0.06432731  	0.10838073  	0.18024221  	0.10592137  	0.13788001  	0.04892430  	0.05800286  	0.21613073  	0.22606157  
2021-12-15 00:32:14.234: iteration 42 finished in 2.401723 seconds
2021-12-15 00:32:14.265: epoch 42:	0.07732521  	0.06441038  	0.10866662  	0.18037046  	0.10637979  	0.13826171  	0.04925250  	0.05831702  	0.21711685  	0.22711067  
2021-12-15 00:32:16.677: iteration 43 finished in 2.411272 seconds
2021-12-15 00:32:16.708: epoch 43:	0.07757438  	0.06445192  	0.10900542  	0.18072014  	0.10670276  	0.13849163  	0.04937959  	0.05849373  	0.21794017  	0.22758991  
2021-12-15 00:32:19.114: iteration 44 finished in 2.405684 seconds
2021-12-15 00:32:19.145: epoch 44:	0.07740826  	0.06461803  	0.10835816  	0.18109331  	0.10661080  	0.13881405  	0.04944963  	0.05862368  	0.21808614  	0.22805537  
2021-12-15 00:32:21.550: iteration 45 finished in 2.405683 seconds
2021-12-15 00:32:21.591: epoch 45:	0.07774048  	0.06474263  	0.10869962  	0.18231724  	0.10656884  	0.13885497  	0.04934535  	0.05848369  	0.21708456  	0.22707684  
2021-12-15 00:32:24.021: iteration 46 finished in 2.430500 seconds
2021-12-15 00:32:24.049: epoch 46:	0.07815576  	0.06490874  	0.10899295  	0.18331750  	0.10672884  	0.13906950  	0.04942920  	0.05847522  	0.21671376  	0.22685882  
2021-12-15 00:32:26.439: iteration 47 finished in 2.389609 seconds
2021-12-15 00:32:26.465: epoch 47:	0.07782353  	0.06470110  	0.10929073  	0.18268666  	0.10663534  	0.13876262  	0.04932100  	0.05835567  	0.21675500  	0.22670598  
2021-12-15 00:32:28.856: iteration 48 finished in 2.391604 seconds
2021-12-15 00:32:28.884: epoch 48:	0.07823882  	0.06474263  	0.11006230  	0.18294905  	0.10699994  	0.13884409  	0.04942324  	0.05841307  	0.21707302  	0.22673313  
2021-12-15 00:32:31.263: iteration 49 finished in 2.377641 seconds
2021-12-15 00:32:31.290: epoch 49:	0.07782353  	0.06465957  	0.10937091  	0.18270083  	0.10655764  	0.13865405  	0.04926889  	0.05830031  	0.21640261  	0.22634773  
2021-12-15 00:32:33.675: iteration 50 finished in 2.385620 seconds
2021-12-15 00:32:33.703: epoch 50:	0.07724214  	0.06453498  	0.10847967  	0.18216820  	0.10607630  	0.13843910  	0.04910332  	0.05825094  	0.21614353  	0.22625504  
