2021-12-14 20:44:24.110: Dataset name: u5
The number of users: 6613
The number of items: 6613
The number of ratings: 103158
Average actions of users: 15.60
Average actions of items: 15.60
The sparsity of the dataset: 99.764112%
2021-12-14 20:44:24.110: 

NeuRec hyperparameters:
recommender=WRMF
config_dir=./conf
gpu_id=0
gpu_mem=0.5
data.input.path=D:\hsyoo\Workingon_210628/_Data/wiki-vote/noniid-in-barrier/u5/
data.input.dataset=u5
data.output.path=D:\hsyoo\Workingon_210628/_Emb/wiki-vote/noniid-in-barrier/wrmf/u5_wrmf_directed_dim16_uniform_send.emb
data.column.format=UI
data.convert.separator='\t'
user_min=0
item_min=0
splitter=given
ratio=0.8
by_time=False
metric=["Precision", "Recall", "NDCG", "MAP", "MRR"]
topk=[10, 20]
group_view=None
rec.evaluate.neg=0
test_batch_size=128
num_thread=8
data.index.remap=False

WRMF's hyperparameters:
epochs=50
embedding_size=16
reg_mf=0.1
alpha=10
init_method=uniform
stddev=0.01
verbose=1
weight=uniform

2021-12-14 20:46:14.740: metrics:	Precision@10	Precision@20	Recall@10   	Recall@20   	NDCG@10     	NDCG@20     	MAP@10      	MAP@20      	MRR@10      	MRR@20      
2021-12-14 20:46:20.708: iteration 1 finished in 5.968422 seconds
2021-12-14 20:46:20.802: epoch 1:	0.01590223  	0.01518791  	0.01982672  	0.03556330  	0.02158997  	0.02596498  	0.00973751  	0.00957616  	0.04110708  	0.04530698  
2021-12-14 20:46:25.511: iteration 2 finished in 4.708586 seconds
2021-12-14 20:46:25.579: epoch 2:	0.03834567  	0.03520691  	0.05529441  	0.10557981  	0.05406986  	0.06791077  	0.02670822  	0.02778286  	0.09048049  	0.09850392  
2021-12-14 20:46:30.284: iteration 3 finished in 4.703421 seconds
2021-12-14 20:46:30.351: epoch 3:	0.04402233  	0.04060172  	0.06826635  	0.12426847  	0.06370620  	0.07963232  	0.03200194  	0.03365602  	0.10358907  	0.11175739  
2021-12-14 20:46:35.051: iteration 4 finished in 4.700428 seconds
2021-12-14 20:46:35.123: epoch 4:	0.04680428  	0.04197391  	0.07050871  	0.12976386  	0.06794549  	0.08414154  	0.03471480  	0.03631963  	0.11163921  	0.11986700  
2021-12-14 20:46:39.815: iteration 5 finished in 4.692450 seconds
2021-12-14 20:46:39.883: epoch 5:	0.04808246  	0.04251902  	0.07403057  	0.13087146  	0.06943306  	0.08480889  	0.03518433  	0.03649789  	0.11199808  	0.11994437  
2021-12-14 20:46:44.578: iteration 6 finished in 4.694444 seconds
2021-12-14 20:46:44.645: epoch 6:	0.04751856  	0.04297019  	0.07305018  	0.13095258  	0.06917662  	0.08541816  	0.03515625  	0.03682531  	0.11247168  	0.12078787  
2021-12-14 20:46:49.530: iteration 7 finished in 4.884937 seconds
2021-12-14 20:46:49.607: epoch 7:	0.04763134  	0.04302658  	0.07528432  	0.13083893  	0.07041948  	0.08625703  	0.03629436  	0.03782325  	0.11316092  	0.12151360  
2021-12-14 20:46:54.302: iteration 8 finished in 4.694444 seconds
2021-12-14 20:46:54.371: epoch 8:	0.04774413  	0.04327095  	0.07623260  	0.13358380  	0.07110037  	0.08738146  	0.03662871  	0.03833313  	0.11510705  	0.12342711  
2021-12-14 20:46:59.101: iteration 9 finished in 4.729351 seconds
2021-12-14 20:46:59.172: epoch 9:	0.04834562  	0.04349652  	0.07769216  	0.13287970  	0.07196892  	0.08766130  	0.03728552  	0.03870291  	0.11498100  	0.12299262  
2021-12-14 20:47:03.918: iteration 10 finished in 4.746306 seconds
2021-12-14 20:47:03.987: epoch 10:	0.04872158  	0.04351532  	0.07797851  	0.13381438  	0.07275641  	0.08844773  	0.03778815  	0.03935245  	0.11664663  	0.12455257  
2021-12-14 20:47:08.697: iteration 11 finished in 4.710403 seconds
2021-12-14 20:47:08.767: epoch 11:	0.04860879  	0.04357171  	0.07709153  	0.13299684  	0.07307193  	0.08890077  	0.03828792  	0.03984548  	0.11832015  	0.12632936  
2021-12-14 20:47:13.450: iteration 12 finished in 4.683520 seconds
2021-12-14 20:47:13.513: epoch 12:	0.04887197  	0.04355291  	0.07786749  	0.13363974  	0.07351089  	0.08919648  	0.03853682  	0.04003962  	0.11838894  	0.12632073  
2021-12-14 20:47:18.334: iteration 13 finished in 4.821085 seconds
2021-12-14 20:47:18.412: epoch 13:	0.04883436  	0.04370329  	0.07846016  	0.13383219  	0.07380467  	0.08955256  	0.03891971  	0.04044005  	0.11816578  	0.12613241  
2021-12-14 20:47:23.109: iteration 14 finished in 4.696724 seconds
2021-12-14 20:47:23.179: epoch 14:	0.04868397  	0.04374089  	0.07738259  	0.13418588  	0.07321165  	0.08939290  	0.03851149  	0.04013136  	0.11780977  	0.12590025  
2021-12-14 20:47:27.889: iteration 15 finished in 4.710402 seconds
2021-12-14 20:47:27.959: epoch 15:	0.04853357  	0.04406045  	0.07708453  	0.13517788  	0.07297224  	0.08965788  	0.03827609  	0.04008971  	0.11758106  	0.12569880  
2021-12-14 20:47:32.677: iteration 16 finished in 4.718381 seconds
2021-12-14 20:47:32.745: epoch 16:	0.04845839  	0.04406046  	0.07761834  	0.13547148  	0.07309136  	0.08977504  	0.03821880  	0.04004600  	0.11805653  	0.12621649  
2021-12-14 20:47:37.535: iteration 17 finished in 4.790190 seconds
2021-12-14 20:47:37.609: epoch 17:	0.04872154  	0.04391007  	0.07738215  	0.13500591  	0.07296354  	0.08939445  	0.03813644  	0.03981738  	0.11703538  	0.12501052  
2021-12-14 20:47:42.335: iteration 18 finished in 4.726359 seconds
2021-12-14 20:47:42.405: epoch 18:	0.04845838  	0.04411683  	0.07753708  	0.13542508  	0.07302667  	0.08974581  	0.03826267  	0.04004806  	0.11701855  	0.12514757  
2021-12-14 20:47:47.194: iteration 19 finished in 4.788193 seconds
2021-12-14 20:47:47.265: epoch 19:	0.04883433  	0.04439878  	0.07772060  	0.13625650  	0.07331144  	0.09008957  	0.03837117  	0.04013527  	0.11740777  	0.12539101  
2021-12-14 20:47:51.951: iteration 20 finished in 4.685471 seconds
2021-12-14 20:47:52.020: epoch 20:	0.04898471  	0.04411681  	0.07809591  	0.13504027  	0.07350045  	0.08967796  	0.03843106  	0.04003495  	0.11737107  	0.12510051  
2021-12-14 20:47:56.759: iteration 21 finished in 4.739326 seconds
2021-12-14 20:47:56.832: epoch 21:	0.04924788  	0.04392884  	0.07805094  	0.13465229  	0.07379842  	0.08962367  	0.03864279  	0.04009478  	0.11821584  	0.12578146  
2021-12-14 20:48:01.531: iteration 22 finished in 4.699431 seconds
2021-12-14 20:48:01.601: epoch 22:	0.04932309  	0.04385366  	0.07817587  	0.13438490  	0.07385989  	0.08943462  	0.03857999  	0.03988733  	0.11874392  	0.12629534  
2021-12-14 20:48:06.304: iteration 23 finished in 4.703422 seconds
2021-12-14 20:48:06.379: epoch 23:	0.04939829  	0.04374087  	0.07775020  	0.13313790  	0.07399893  	0.08929560  	0.03874469  	0.04001197  	0.11924963  	0.12669875  
2021-12-14 20:48:11.074: iteration 24 finished in 4.694833 seconds
2021-12-14 20:48:11.152: epoch 24:	0.04917270  	0.04375966  	0.07734160  	0.13274649  	0.07359724  	0.08907644  	0.03846906  	0.03984095  	0.11872093  	0.12623104  
2021-12-14 20:48:15.859: iteration 25 finished in 4.707267 seconds
2021-12-14 20:48:15.922: epoch 25:	0.04905992  	0.04381606  	0.07678388  	0.13371527  	0.07343685  	0.08930396  	0.03838070  	0.03979244  	0.11921514  	0.12691799  
2021-12-14 20:48:20.594: iteration 26 finished in 4.672459 seconds
2021-12-14 20:48:20.657: epoch 26:	0.04879675  	0.04391006  	0.07675917  	0.13418843  	0.07284014  	0.08900326  	0.03776570  	0.03930568  	0.11817834  	0.12596114  
2021-12-14 20:48:25.373: iteration 27 finished in 4.716422 seconds
2021-12-14 20:48:25.442: epoch 27:	0.04909752  	0.04398525  	0.07747256  	0.13501099  	0.07335315  	0.08942149  	0.03807274  	0.03956699  	0.11873095  	0.12638189  
2021-12-14 20:48:30.166: iteration 28 finished in 4.724364 seconds
2021-12-14 20:48:30.234: epoch 28:	0.04917271  	0.04409803  	0.07785664  	0.13581520  	0.07346365  	0.08961100  	0.03808855  	0.03954443  	0.11884344  	0.12651229  
2021-12-14 20:48:34.990: iteration 29 finished in 4.756279 seconds
2021-12-14 20:48:35.063: epoch 29:	0.04928551  	0.04415442  	0.07781851  	0.13583270  	0.07372799  	0.08985262  	0.03840885  	0.03985351  	0.11910469  	0.12677732  
2021-12-14 20:48:39.773: iteration 30 finished in 4.709405 seconds
2021-12-14 20:48:39.846: epoch 30:	0.04909753  	0.04437998  	0.07778323  	0.13630851  	0.07355231  	0.09000476  	0.03827596  	0.03980692  	0.11912889  	0.12686363  
2021-12-14 20:48:44.545: iteration 31 finished in 4.699432 seconds
2021-12-14 20:48:44.613: epoch 31:	0.04902233  	0.04441757  	0.07729492  	0.13578059  	0.07331837  	0.08984845  	0.03811250  	0.03970886  	0.11892228  	0.12666072  
2021-12-14 20:48:49.295: iteration 32 finished in 4.682478 seconds
2021-12-14 20:48:49.364: epoch 32:	0.04902234  	0.04466194  	0.07718936  	0.13653064  	0.07321052  	0.09009635  	0.03804933  	0.03969779  	0.11851470  	0.12650713  
2021-12-14 20:48:54.057: iteration 33 finished in 4.692451 seconds
2021-12-14 20:48:54.127: epoch 33:	0.04932311  	0.04447397  	0.07779469  	0.13603652  	0.07347547  	0.08987954  	0.03815651  	0.03965770  	0.11843596  	0.12625992  
2021-12-14 20:48:58.845: iteration 34 finished in 4.716388 seconds
2021-12-14 20:48:58.915: epoch 34:	0.04943589  	0.04439878  	0.07774185  	0.13586089  	0.07344645  	0.08969889  	0.03808040  	0.03954278  	0.11848758  	0.12624215  
2021-12-14 20:49:03.638: iteration 35 finished in 4.723369 seconds
2021-12-14 20:49:03.708: epoch 35:	0.04936070  	0.04430480  	0.07769045  	0.13590278  	0.07329715  	0.08953790  	0.03787103  	0.03933527  	0.11862962  	0.12640718  
2021-12-14 20:49:08.427: iteration 36 finished in 4.719378 seconds
2021-12-14 20:49:08.498: epoch 36:	0.04932310  	0.04426721  	0.07775823  	0.13518311  	0.07334371  	0.08943556  	0.03793313  	0.03934699  	0.11867661  	0.12651397  
2021-12-14 20:49:13.187: iteration 37 finished in 4.689299 seconds
2021-12-14 20:49:13.250: epoch 37:	0.04932310  	0.04434240  	0.07835410  	0.13533008  	0.07341631  	0.08945004  	0.03790526  	0.03935324  	0.11851446  	0.12620930  
2021-12-14 20:49:17.932: iteration 38 finished in 4.682433 seconds
2021-12-14 20:49:17.995: epoch 38:	0.04917271  	0.04439880  	0.07817909  	0.13505101  	0.07330195  	0.08942301  	0.03782137  	0.03931765  	0.11886203  	0.12662284  
2021-12-14 20:49:22.727: iteration 39 finished in 4.732518 seconds
2021-12-14 20:49:22.796: epoch 39:	0.04913512  	0.04438000  	0.07816076  	0.13493463  	0.07313016  	0.08927419  	0.03769693  	0.03920552  	0.11837944  	0.12618308  
2021-12-14 20:49:27.496: iteration 40 finished in 4.700430 seconds
2021-12-14 20:49:27.565: epoch 40:	0.04902233  	0.04432361  	0.07779870  	0.13456716  	0.07289307  	0.08907202  	0.03754014  	0.03906821  	0.11819518  	0.12604015  
2021-12-14 20:49:32.279: iteration 41 finished in 4.712397 seconds
2021-12-14 20:49:32.348: epoch 41:	0.04917271  	0.04447398  	0.07816608  	0.13531192  	0.07301472  	0.08929239  	0.03757525  	0.03911609  	0.11806029  	0.12593625  
2021-12-14 20:49:37.044: iteration 42 finished in 4.695444 seconds
2021-12-14 20:49:37.114: epoch 42:	0.04921032  	0.04441759  	0.07817793  	0.13545771  	0.07300458  	0.08925214  	0.03756736  	0.03908610  	0.11802569  	0.12588270  
2021-12-14 20:49:41.836: iteration 43 finished in 4.721374 seconds
2021-12-14 20:49:41.905: epoch 43:	0.04921031  	0.04434241  	0.07811169  	0.13507310  	0.07296625  	0.08909710  	0.03758533  	0.03903772  	0.11785770  	0.12574506  
2021-12-14 20:49:46.636: iteration 44 finished in 4.731347 seconds
2021-12-14 20:49:46.705: epoch 44:	0.04905993  	0.04438000  	0.07737966  	0.13592647  	0.07271885  	0.08927093  	0.03747087  	0.03903012  	0.11807521  	0.12613216  
2021-12-14 20:49:51.428: iteration 45 finished in 4.723367 seconds
2021-12-14 20:49:51.498: epoch 45:	0.04909752  	0.04436120  	0.07750148  	0.13572787  	0.07280913  	0.08927134  	0.03748516  	0.03904666  	0.11843711  	0.12649937  
2021-12-14 20:49:56.231: iteration 46 finished in 4.732345 seconds
2021-12-14 20:49:56.300: epoch 46:	0.04898474  	0.04436120  	0.07710845  	0.13550577  	0.07254563  	0.08911033  	0.03732761  	0.03895391  	0.11799972  	0.12608130  
2021-12-14 20:50:01.034: iteration 47 finished in 4.733342 seconds
2021-12-14 20:50:01.102: epoch 47:	0.04890955  	0.04445519  	0.07715897  	0.13574161  	0.07253504  	0.08924313  	0.03729996  	0.03900205  	0.11812904  	0.12626567  
2021-12-14 20:50:05.820: iteration 48 finished in 4.717384 seconds
2021-12-14 20:50:05.889: epoch 48:	0.04883435  	0.04451158  	0.07705233  	0.13600743  	0.07240066  	0.08926214  	0.03722081  	0.03893857  	0.11787261  	0.12612695  
2021-12-14 20:50:10.588: iteration 49 finished in 4.698745 seconds
2021-12-14 20:50:10.651: epoch 49:	0.04883435  	0.04443640  	0.07720233  	0.13562338  	0.07233257  	0.08904611  	0.03715878  	0.03884155  	0.11736050  	0.12557705  
2021-12-14 20:50:15.345: iteration 50 finished in 4.694392 seconds
2021-12-14 20:50:15.423: epoch 50:	0.04883435  	0.04443640  	0.07715234  	0.13535242  	0.07233085  	0.08899254  	0.03717033  	0.03883423  	0.11736257  	0.12552246  
