2021-02-03 03:29:28.797: Dataset name: u5
The number of users: 22495
The number of items: 22495
The number of ratings: 311408
Average actions of users: 13.84
Average actions of items: 13.84
The sparsity of the dataset: 99.938460%
2021-02-03 03:29:28.798: 

NeuRec hyperparameters:
recommender=WRMF
config_dir=./conf
gpu_id=0
gpu_mem=0.5
data.input.path=C:\Users\HyunsikYoo\Desktop\VNE_directed_networks/_Data/eat/5-fold/u5/
data.input.dataset=u5
data.output.path=C:\Users\HyunsikYoo\Desktop\VNE_directed_networks/_Emb/eat/5-fold/wrmf/u5_wrmf_directed_dim16.emb
data.column.format=UI
data.convert.separator='\t'
user_min=0
item_min=0
splitter=given
ratio=0.8
by_time=False
metric=["Precision", "Recall", "NDCG", "MAP", "MRR"]
topk=[10, 20]
group_view=None
rec.evaluate.neg=0
test_batch_size=128
num_thread=8
data.index.remap=False

WRMF's hyperparameters:
epochs=50
embedding_size=16
reg_mf=0.1
alpha=10
init_method=uniform
stddev=0.01
verbose=1
weight=uniform

2021-02-03 03:51:00.338: metrics:	Precision@10	Precision@20	Recall@10   	Recall@20   	NDCG@10     	NDCG@20     	MAP@10      	MAP@20      	MRR@10      	MRR@20      
2021-02-03 03:52:21.569: iteration 1 finished in 81.229823 seconds
2021-02-03 03:52:21.932: epoch 1:	0.01180258  	0.01026192  	0.01556135  	0.02715347  	0.01507197  	0.02052438  	0.00549688  	0.00628604  	0.03805284  	0.04296389  
2021-02-03 03:53:43.971: iteration 2 finished in 82.038629 seconds
2021-02-03 03:53:44.317: epoch 2:	0.02394664  	0.02016491  	0.03141473  	0.05349377  	0.03098751  	0.04138226  	0.01168618  	0.01343959  	0.07704532  	0.08504718  
2021-02-03 03:55:05.530: iteration 3 finished in 81.212785 seconds
2021-02-03 03:55:05.873: epoch 3:	0.03801548  	0.03057949  	0.05059960  	0.08220459  	0.05059370  	0.06533677  	0.01996344  	0.02275694  	0.12419482  	0.13385156  
2021-02-03 03:56:28.604: iteration 4 finished in 82.730399 seconds
2021-02-03 03:56:28.972: epoch 4:	0.04571377  	0.03571893  	0.06127299  	0.09617969  	0.06260263  	0.07888529  	0.02555425  	0.02873833  	0.15407716  	0.16423291  
2021-02-03 03:57:54.310: iteration 5 finished in 85.336673 seconds
2021-02-03 03:57:54.654: epoch 5:	0.04977000  	0.03816082  	0.06670231  	0.10273090  	0.06855978  	0.08532133  	0.02829446  	0.03167814  	0.16790873  	0.17772415  
2021-02-03 03:59:17.063: iteration 6 finished in 82.408570 seconds
2021-02-03 03:59:17.428: epoch 6:	0.05149968  	0.03981719  	0.06907910  	0.10728691  	0.07132951  	0.08907174  	0.02963537  	0.03321341  	0.17459264  	0.18482000  
2021-02-03 04:00:39.215: iteration 7 finished in 81.787232 seconds
2021-02-03 04:00:39.557: epoch 7:	0.05243759  	0.04065150  	0.07041030  	0.10965270  	0.07303865  	0.09125990  	0.03049153  	0.03421543  	0.17920488  	0.18959148  
2021-02-03 04:02:02.436: iteration 8 finished in 82.878633 seconds
2021-02-03 04:02:02.783: epoch 8:	0.05302230  	0.04124221  	0.07123680  	0.11123583  	0.07398710  	0.09259216  	0.03094670  	0.03474397  	0.18166168  	0.19226854  
2021-02-03 04:03:24.758: iteration 9 finished in 81.975553 seconds
2021-02-03 04:03:25.090: epoch 9:	0.05377751  	0.04152846  	0.07234778  	0.11207613  	0.07478243  	0.09326094  	0.03118445  	0.03494664  	0.18327565  	0.19379218  
2021-02-03 04:04:47.773: iteration 10 finished in 82.683634 seconds
2021-02-03 04:04:48.119: epoch 10:	0.05405766  	0.04165633  	0.07285201  	0.11250556  	0.07502265  	0.09348052  	0.03122924  	0.03501214  	0.18329063  	0.19366433  
2021-02-03 04:06:10.081: iteration 11 finished in 81.962005 seconds
2021-02-03 04:06:10.440: epoch 11:	0.05408203  	0.04172332  	0.07284575  	0.11247870  	0.07517000  	0.09367988  	0.03129343  	0.03511579  	0.18405595  	0.19440579  
2021-02-03 04:07:33.542: iteration 12 finished in 83.101415 seconds
2021-02-03 04:07:33.889: epoch 12:	0.05415512  	0.04192427  	0.07297678  	0.11302213  	0.07531509  	0.09401070  	0.03138081  	0.03522149  	0.18421385  	0.19466349  
2021-02-03 04:08:56.139: iteration 13 finished in 82.249000 seconds
2021-02-03 04:08:56.477: epoch 13:	0.05454488  	0.04193036  	0.07354458  	0.11297419  	0.07584141  	0.09424838  	0.03162558  	0.03540776  	0.18533933  	0.19556572  
2021-02-03 04:10:19.471: iteration 14 finished in 82.994088 seconds
2021-02-03 04:10:19.814: epoch 14:	0.05449615  	0.04188165  	0.07333295  	0.11290608  	0.07588886  	0.09431785  	0.03172371  	0.03547926  	0.18586485  	0.19619581  
2021-02-03 04:11:41.633: iteration 15 finished in 81.818770 seconds
2021-02-03 04:11:41.977: epoch 15:	0.05430127  	0.04194252  	0.07311991  	0.11311106  	0.07573193  	0.09438678  	0.03166152  	0.03546352  	0.18572785  	0.19626449  
2021-02-03 04:13:05.547: iteration 16 finished in 83.568803 seconds
2021-02-03 04:13:05.892: epoch 16:	0.05459359  	0.04196079  	0.07348945  	0.11304497  	0.07603302  	0.09446921  	0.03179353  	0.03552816  	0.18611984  	0.19653983  
2021-02-03 04:14:27.794: iteration 17 finished in 81.899624 seconds
2021-02-03 04:14:28.168: epoch 17:	0.05461795  	0.04197295  	0.07348531  	0.11297230  	0.07603886  	0.09446326  	0.03178879  	0.03554236  	0.18617037  	0.19651641  
2021-02-03 04:15:50.786: iteration 18 finished in 82.617013 seconds
2021-02-03 04:15:51.127: epoch 18:	0.05480066  	0.04203994  	0.07362254  	0.11302461  	0.07627206  	0.09465879  	0.03193124  	0.03566125  	0.18667641  	0.19709642  
2021-02-03 04:17:14.010: iteration 19 finished in 82.880016 seconds
2021-02-03 04:17:14.355: epoch 19:	0.05484938  	0.04193641  	0.07373880  	0.11275738  	0.07631297  	0.09452412  	0.03193985  	0.03564743  	0.18657690  	0.19688253  
2021-02-03 04:18:37.305: iteration 20 finished in 82.950316 seconds
2021-02-03 04:18:37.632: epoch 20:	0.05463013  	0.04192423  	0.07349582  	0.11266871  	0.07618706  	0.09451404  	0.03192005  	0.03566281  	0.18658999  	0.19696043  
2021-02-03 04:19:59.441: iteration 21 finished in 81.809055 seconds
2021-02-03 04:19:59.787: epoch 21:	0.05464231  	0.04191814  	0.07351391  	0.11257168  	0.07616598  	0.09444690  	0.03191831  	0.03564629  	0.18636505  	0.19669914  
2021-02-03 04:21:22.043: iteration 22 finished in 82.255449 seconds
2021-02-03 04:21:22.386: epoch 22:	0.05463012  	0.04188159  	0.07344340  	0.11244206  	0.07609635  	0.09435464  	0.03188107  	0.03560544  	0.18613696  	0.19645229  
2021-02-03 04:22:44.982: iteration 23 finished in 82.595988 seconds
2021-02-03 04:22:45.355: epoch 23:	0.05463013  	0.04182678  	0.07349419  	0.11221892  	0.07611890  	0.09427328  	0.03187317  	0.03558774  	0.18628043  	0.19648334  
2021-02-03 04:24:07.946: iteration 24 finished in 82.590903 seconds
2021-02-03 04:24:08.288: epoch 24:	0.05460577  	0.04183287  	0.07346866  	0.11219627  	0.07612472  	0.09428250  	0.03188522  	0.03558686  	0.18632308  	0.19659509  
2021-02-03 04:25:30.358: iteration 25 finished in 82.068986 seconds
2021-02-03 04:25:30.702: epoch 25:	0.05464231  	0.04185113  	0.07346573  	0.11214375  	0.07617292  	0.09431415  	0.03190599  	0.03560340  	0.18657246  	0.19687131  
2021-02-03 04:26:53.622: iteration 26 finished in 82.919887 seconds
2021-02-03 04:26:53.979: epoch 26:	0.05464230  	0.04189375  	0.07348110  	0.11229531  	0.07618628  	0.09437557  	0.03191341  	0.03561760  	0.18665950  	0.19700052  
2021-02-03 04:28:16.284: iteration 27 finished in 82.303979 seconds
2021-02-03 04:28:16.628: epoch 27:	0.05466666  	0.04194246  	0.07345601  	0.11239565  	0.07621770  	0.09445196  	0.03192329  	0.03565021  	0.18694288  	0.19719867  
2021-02-03 04:29:39.316: iteration 28 finished in 82.688246 seconds
2021-02-03 04:29:39.664: epoch 28:	0.05464230  	0.04196073  	0.07345882  	0.11238421  	0.07623000  	0.09447057  	0.03194439  	0.03567578  	0.18693954  	0.19714966  
2021-02-03 04:31:01.759: iteration 29 finished in 82.094510 seconds
2021-02-03 04:31:02.111: epoch 29:	0.05458140  	0.04197290  	0.07343448  	0.11251871  	0.07617965  	0.09447721  	0.03191221  	0.03564451  	0.18693747  	0.19723275  
2021-02-03 04:32:25.172: iteration 30 finished in 83.060263 seconds
2021-02-03 04:32:25.517: epoch 30:	0.05465448  	0.04193026  	0.07362480  	0.11243881  	0.07626246  	0.09443838  	0.03193546  	0.03564106  	0.18691239  	0.19715072  
2021-02-03 04:33:47.746: iteration 31 finished in 82.229526 seconds
2021-02-03 04:33:48.091: epoch 31:	0.05461794  	0.04189372  	0.07358348  	0.11235798  	0.07627884  	0.09443898  	0.03194983  	0.03566207  	0.18711789  	0.19732089  
2021-02-03 04:35:11.662: iteration 32 finished in 83.571463 seconds
2021-02-03 04:35:12.019: epoch 32:	0.05461794  	0.04188761  	0.07359886  	0.11233938  	0.07627114  	0.09442268  	0.03195542  	0.03567738  	0.18699953  	0.19715007  
2021-02-03 04:36:36.037: iteration 33 finished in 84.017638 seconds
2021-02-03 04:36:36.394: epoch 33:	0.05471539  	0.04190589  	0.07375716  	0.11242131  	0.07636449  	0.09446205  	0.03198991  	0.03569386  	0.18706258  	0.19716367  
2021-02-03 04:38:01.050: iteration 34 finished in 84.655988 seconds
2021-02-03 04:38:01.404: epoch 34:	0.05471539  	0.04190589  	0.07375257  	0.11243281  	0.07638387  	0.09449740  	0.03200335  	0.03571718  	0.18716982  	0.19726522  
2021-02-03 04:39:23.111: iteration 35 finished in 81.706956 seconds
2021-02-03 04:39:23.451: epoch 35:	0.05472757  	0.04185716  	0.07374083  	0.11232143  	0.07636277  	0.09441704  	0.03199187  	0.03569696  	0.18697391  	0.19704737  
2021-02-03 04:40:45.504: iteration 36 finished in 82.052122 seconds
2021-02-03 04:40:45.843: epoch 36:	0.05467884  	0.04191807  	0.07369263  	0.11244833  	0.07634386  	0.09447903  	0.03199444  	0.03570206  	0.18697058  	0.19715489  
2021-02-03 04:42:07.793: iteration 37 finished in 81.949405 seconds
2021-02-03 04:42:08.200: epoch 37:	0.05471539  	0.04186326  	0.07368867  	0.11228290  	0.07635590  	0.09441044  	0.03200141  	0.03569964  	0.18695194  	0.19705434  
2021-02-03 04:43:30.500: iteration 38 finished in 82.299190 seconds
2021-02-03 04:43:30.842: epoch 38:	0.05463012  	0.04179019  	0.07361534  	0.11205776  	0.07625464  	0.09426804  	0.03194672  	0.03564369  	0.18670718  	0.19680375  
2021-02-03 04:44:52.696: iteration 39 finished in 81.852915 seconds
2021-02-03 04:44:53.037: epoch 39:	0.05467884  	0.04180845  	0.07370823  	0.11219311  	0.07630984  	0.09431693  	0.03195999  	0.03565386  	0.18681733  	0.19687694  
2021-02-03 04:46:15.303: iteration 40 finished in 82.264893 seconds
2021-02-03 04:46:15.657: epoch 40:	0.05467884  	0.04178409  	0.07370126  	0.11214528  	0.07633512  	0.09431411  	0.03197253  	0.03565587  	0.18700823  	0.19702607  
2021-02-03 04:47:37.634: iteration 41 finished in 81.974003 seconds
2021-02-03 04:47:37.962: epoch 41:	0.05464230  	0.04180235  	0.07368797  	0.11219984  	0.07633371  	0.09434703  	0.03198189  	0.03566927  	0.18708564  	0.19712913  
2021-02-03 04:49:00.305: iteration 42 finished in 82.343203 seconds
2021-02-03 04:49:00.660: epoch 42:	0.05466666  	0.04184498  	0.07371566  	0.11231995  	0.07634014  	0.09438886  	0.03197875  	0.03568155  	0.18702903  	0.19703697  
2021-02-03 04:50:22.299: iteration 43 finished in 81.638436 seconds
2021-02-03 04:50:22.642: epoch 43:	0.05470321  	0.04180236  	0.07376196  	0.11219361  	0.07635316  	0.09432488  	0.03197661  	0.03565975  	0.18696907  	0.19694200  
2021-02-03 04:51:45.337: iteration 44 finished in 82.693088 seconds
2021-02-03 04:51:45.667: epoch 44:	0.05473974  	0.04180236  	0.07376727  	0.11220202  	0.07634214  	0.09429955  	0.03196087  	0.03564120  	0.18684618  	0.19678938  
2021-02-03 04:53:07.857: iteration 45 finished in 82.190158 seconds
2021-02-03 04:53:08.200: epoch 45:	0.05472756  	0.04182063  	0.07375282  	0.11228123  	0.07632592  	0.09432017  	0.03195084  	0.03564026  	0.18682741  	0.19675545  
2021-02-03 04:54:30.551: iteration 46 finished in 82.350673 seconds
2021-02-03 04:54:30.909: epoch 46:	0.05476410  	0.04182064  	0.07381692  	0.11231562  	0.07639688  	0.09436892  	0.03198630  	0.03567340  	0.18706366  	0.19694698  
2021-02-03 04:55:52.494: iteration 47 finished in 81.585312 seconds
2021-02-03 04:55:52.836: epoch 47:	0.05475193  	0.04183891  	0.07379396  	0.11237424  	0.07640093  	0.09441048  	0.03199045  	0.03568728  	0.18714626  	0.19704266  
2021-02-03 04:57:15.838: iteration 48 finished in 83.002749 seconds
2021-02-03 04:57:16.178: epoch 48:	0.05480064  	0.04184499  	0.07382185  	0.11241310  	0.07638665  	0.09438325  	0.03197181  	0.03566746  	0.18694280  	0.19681582  
2021-02-03 04:58:38.371: iteration 49 finished in 82.192318 seconds
2021-02-03 04:58:38.713: epoch 49:	0.05480064  	0.04183282  	0.07382441  	0.11241392  	0.07640053  	0.09438746  	0.03198406  	0.03567008  	0.18697037  	0.19686504  
2021-02-03 05:00:01.228: iteration 50 finished in 82.515284 seconds
2021-02-03 05:00:01.626: epoch 50:	0.05477628  	0.04180846  	0.07380996  	0.11234262  	0.07636926  	0.09433868  	0.03196491  	0.03564981  	0.18692651  	0.19680405  
