2021-12-14 19:32:55.941: Dataset name: u5
The number of users: 5887
The number of items: 5887
The number of ratings: 20306
Average actions of users: 3.45
Average actions of items: 3.45
The sparsity of the dataset: 99.941408%
2021-12-14 19:32:55.941: 

NeuRec hyperparameters:
recommender=WRMF
config_dir=./conf
gpu_id=0
gpu_mem=0.5
data.input.path=D:\hsyoo\Workingon_210628/_Data/p2p-Gnutella08/noniid-out-barrier/u5/
data.input.dataset=u5
data.output.path=D:\hsyoo\Workingon_210628/_Emb/p2p-Gnutella08/noniid-out-barrier/wrmf/u5_wrmf_directed_dim16_uniform_send.emb
data.column.format=UI
data.convert.separator='\t'
user_min=0
item_min=0
splitter=given
ratio=0.8
by_time=False
metric=["Precision", "Recall", "NDCG", "MAP", "MRR"]
topk=[10, 20]
group_view=None
rec.evaluate.neg=0
test_batch_size=128
num_thread=8
data.index.remap=False

WRMF's hyperparameters:
epochs=50
embedding_size=16
reg_mf=0.1
alpha=10
init_method=uniform
stddev=0.01
verbose=1
weight=uniform

2021-12-14 19:34:23.605: metrics:	Precision@10	Precision@20	Recall@10   	Recall@20   	NDCG@10     	NDCG@20     	MAP@10      	MAP@20      	MRR@10      	MRR@20      
2021-12-14 19:34:28.728: iteration 1 finished in 5.121304 seconds
2021-12-14 19:34:28.785: epoch 1:	0.00948511  	0.00799459  	0.04486902  	0.07630532  	0.02588482  	0.03546396  	0.01479982  	0.01749530  	0.02796941  	0.03092996  
2021-12-14 19:34:32.846: iteration 2 finished in 4.060143 seconds
2021-12-14 19:34:32.886: epoch 2:	0.01295395  	0.01165311  	0.06304426  	0.11457996  	0.03607009  	0.05182292  	0.02114544  	0.02597505  	0.03667980  	0.04081343  
2021-12-14 19:34:36.945: iteration 3 finished in 4.059145 seconds
2021-12-14 19:34:36.986: epoch 3:	0.01436317  	0.01319782  	0.06991871  	0.12676603  	0.04134285  	0.05890423  	0.02477862  	0.03048839  	0.04313439  	0.04714232  
2021-12-14 19:34:41.046: iteration 4 finished in 4.059145 seconds
2021-12-14 19:34:41.085: epoch 4:	0.01523038  	0.01322492  	0.07493225  	0.12894307  	0.04308991  	0.05955075  	0.02545854  	0.03079778  	0.04370286  	0.04727934  
2021-12-14 19:34:45.124: iteration 5 finished in 4.038200 seconds
2021-12-14 19:34:45.164: epoch 5:	0.01490518  	0.01376692  	0.07302621  	0.13456184  	0.04302114  	0.06172625  	0.02590187  	0.03192999  	0.04450361  	0.04867356  
2021-12-14 19:34:49.203: iteration 6 finished in 4.039198 seconds
2021-12-14 19:34:49.243: epoch 6:	0.01512198  	0.01395662  	0.07457092  	0.13722670  	0.04421696  	0.06319573  	0.02685600  	0.03297843  	0.04610489  	0.05031999  
2021-12-14 19:34:53.305: iteration 7 finished in 4.062137 seconds
2021-12-14 19:34:53.345: epoch 7:	0.01512198  	0.01390242  	0.07491420  	0.13756996  	0.04451188  	0.06349451  	0.02714589  	0.03321344  	0.04633051  	0.05073446  
2021-12-14 19:34:57.407: iteration 8 finished in 4.062136 seconds
2021-12-14 19:34:57.450: epoch 8:	0.01506778  	0.01395661  	0.07502259  	0.13768741  	0.04495253  	0.06405191  	0.02769014  	0.03375825  	0.04697919  	0.05152635  
2021-12-14 19:35:01.536: iteration 9 finished in 4.086072 seconds
2021-12-14 19:35:01.575: epoch 9:	0.01577239  	0.01409212  	0.07836496  	0.13892499  	0.04656761  	0.06497815  	0.02862200  	0.03446193  	0.04827160  	0.05261103  
2021-12-14 19:35:05.637: iteration 10 finished in 4.062137 seconds
2021-12-14 19:35:05.676: epoch 10:	0.01555558  	0.01422762  	0.07746163  	0.14014450  	0.04628134  	0.06544678  	0.02856830  	0.03462223  	0.04808233  	0.05280570  
2021-12-14 19:35:09.747: iteration 11 finished in 4.070114 seconds
2021-12-14 19:35:09.785: epoch 11:	0.01560978  	0.01422762  	0.07719062  	0.14029807  	0.04576264  	0.06499425  	0.02794214  	0.03405400  	0.04730567  	0.05189437  
2021-12-14 19:35:13.833: iteration 12 finished in 4.046787 seconds
2021-12-14 19:35:13.864: epoch 12:	0.01550138  	0.01420052  	0.07660345  	0.13943990  	0.04526664  	0.06448288  	0.02758001  	0.03371832  	0.04661483  	0.05118038  
2021-12-14 19:35:17.928: iteration 13 finished in 4.063672 seconds
2021-12-14 19:35:17.974: epoch 13:	0.01555558  	0.01420052  	0.07646795  	0.14018065  	0.04501506  	0.06434326  	0.02723248  	0.03339781  	0.04609089  	0.05063905  
2021-12-14 19:35:22.032: iteration 14 finished in 4.057705 seconds
2021-12-14 19:35:22.071: epoch 14:	0.01517618  	0.01411922  	0.07448060  	0.13962054  	0.04368548  	0.06347200  	0.02625028  	0.03254757  	0.04468082  	0.04947744  
2021-12-14 19:35:26.143: iteration 15 finished in 4.072109 seconds
2021-12-14 19:35:26.182: epoch 15:	0.01533878  	0.01414632  	0.07551944  	0.13978314  	0.04419493  	0.06373545  	0.02656199  	0.03276612  	0.04522540  	0.04996672  
2021-12-14 19:35:30.236: iteration 16 finished in 4.054157 seconds
2021-12-14 19:35:30.276: epoch 16:	0.01533878  	0.01411922  	0.07484193  	0.13933149  	0.04379979  	0.06338337  	0.02630999  	0.03254608  	0.04445111  	0.04917194  
2021-12-14 19:35:34.363: iteration 17 finished in 4.087070 seconds
2021-12-14 19:35:34.403: epoch 17:	0.01517618  	0.01411922  	0.07425476  	0.13937664  	0.04367471  	0.06349455  	0.02630863  	0.03264257  	0.04479890  	0.04957075  
2021-12-14 19:35:38.454: iteration 18 finished in 4.050169 seconds
2021-12-14 19:35:38.493: epoch 18:	0.01544718  	0.01422762  	0.07520326  	0.14011739  	0.04416490  	0.06383652  	0.02654337  	0.03278101  	0.04542436  	0.05015696  
2021-12-14 19:35:42.771: iteration 19 finished in 4.276563 seconds
2021-12-14 19:35:42.810: epoch 19:	0.01528458  	0.01422762  	0.07475159  	0.14093041  	0.04379919  	0.06381916  	0.02628621  	0.03265176  	0.04495311  	0.04975312  
2021-12-14 19:35:46.889: iteration 20 finished in 4.078094 seconds
2021-12-14 19:35:46.927: epoch 20:	0.01555558  	0.01420052  	0.07624210  	0.14009030  	0.04434690  	0.06369608  	0.02649797  	0.03269140  	0.04522993  	0.04975308  
2021-12-14 19:35:51.006: iteration 21 finished in 4.079090 seconds
2021-12-14 19:35:51.045: epoch 21:	0.01544718  	0.01420052  	0.07547427  	0.14031611  	0.04428856  	0.06389996  	0.02665900  	0.03295938  	0.04538608  	0.04989136  
2021-12-14 19:35:55.130: iteration 22 finished in 4.085075 seconds
2021-12-14 19:35:55.169: epoch 22:	0.01544718  	0.01422762  	0.07511292  	0.14031611  	0.04445080  	0.06418687  	0.02694853  	0.03329656  	0.04571151  	0.05025167  
2021-12-14 19:35:59.256: iteration 23 finished in 4.086073 seconds
2021-12-14 19:35:59.296: epoch 23:	0.01555558  	0.01428182  	0.07615177  	0.14099362  	0.04469681  	0.06433889  	0.02701860  	0.03332188  	0.04567150  	0.05016540  
2021-12-14 19:36:03.390: iteration 24 finished in 4.094051 seconds
2021-12-14 19:36:03.427: epoch 24:	0.01560978  	0.01428182  	0.07635050  	0.14126463  	0.04486306  	0.06448133  	0.02714500  	0.03344532  	0.04585022  	0.05028164  
2021-12-14 19:36:07.511: iteration 25 finished in 4.083080 seconds
2021-12-14 19:36:07.550: epoch 25:	0.01560979  	0.01430892  	0.07639568  	0.14153562  	0.04486288  	0.06453954  	0.02714076  	0.03344542  	0.04582184  	0.05028063  
2021-12-14 19:36:11.609: iteration 26 finished in 4.058576 seconds
2021-12-14 19:36:11.656: epoch 26:	0.01555558  	0.01420052  	0.07569107  	0.14011738  	0.04429606  	0.06380577  	0.02666792  	0.03296224  	0.04489440  	0.04930344  
2021-12-14 19:36:15.746: iteration 27 finished in 4.089789 seconds
2021-12-14 19:36:15.781: epoch 27:	0.01560979  	0.01409212  	0.07596208  	0.13919598  	0.04412405  	0.06328154  	0.02641365  	0.03260302  	0.04438852  	0.04873129  
2021-12-14 19:36:19.861: iteration 28 finished in 4.080131 seconds
2021-12-14 19:36:19.889: epoch 28:	0.01566399  	0.01409212  	0.07609759  	0.13910563  	0.04432070  	0.06339300  	0.02658984  	0.03273921  	0.04469135  	0.04902618  
2021-12-14 19:36:23.989: iteration 29 finished in 4.099596 seconds
2021-12-14 19:36:24.027: epoch 29:	0.01544718  	0.01417342  	0.07447156  	0.13962057  	0.04370895  	0.06346686  	0.02633209  	0.03272759  	0.04414010  	0.04868238  
2021-12-14 19:36:28.114: iteration 30 finished in 4.087069 seconds
2021-12-14 19:36:28.153: epoch 30:	0.01550138  	0.01409212  	0.07537491  	0.13876238  	0.04397368  	0.06325149  	0.02644547  	0.03269253  	0.04425281  	0.04868575  
2021-12-14 19:36:32.213: iteration 31 finished in 4.060141 seconds
2021-12-14 19:36:32.253: epoch 31:	0.01555558  	0.01409212  	0.07564592  	0.13859978  	0.04353892  	0.06267578  	0.02578558  	0.03197444  	0.04347228  	0.04787412  
2021-12-14 19:36:36.306: iteration 32 finished in 4.053160 seconds
2021-12-14 19:36:36.347: epoch 32:	0.01555558  	0.01409212  	0.07537491  	0.13855462  	0.04354878  	0.06271996  	0.02581225  	0.03199839  	0.04370177  	0.04809575  
2021-12-14 19:36:40.413: iteration 33 finished in 4.065128 seconds
2021-12-14 19:36:40.452: epoch 33:	0.01555558  	0.01403792  	0.07551041  	0.13817522  	0.04343284  	0.06245100  	0.02565843  	0.03180658  	0.04345249  	0.04776384  
2021-12-14 19:36:44.526: iteration 34 finished in 4.074105 seconds
2021-12-14 19:36:44.567: epoch 34:	0.01571819  	0.01406502  	0.07641374  	0.13831072  	0.04375458  	0.06249898  	0.02577533  	0.03182595  	0.04370177  	0.04788186  
2021-12-14 19:36:48.656: iteration 35 finished in 4.089065 seconds
2021-12-14 19:36:48.696: epoch 35:	0.01571819  	0.01409212  	0.07600724  	0.13831072  	0.04373466  	0.06258414  	0.02581076  	0.03189700  	0.04387491  	0.04805243  
2021-12-14 19:36:52.778: iteration 36 finished in 4.082083 seconds
2021-12-14 19:36:52.817: epoch 36:	0.01577239  	0.01401082  	0.07627824  	0.13745254  	0.04389322  	0.06241512  	0.02591809  	0.03191736  	0.04407924  	0.04817625  
2021-12-14 19:36:56.906: iteration 37 finished in 4.089065 seconds
2021-12-14 19:36:56.944: epoch 37:	0.01571819  	0.01395662  	0.07616984  	0.13713636  	0.04381021  	0.06225492  	0.02585698  	0.03180423  	0.04401902  	0.04812986  
2021-12-14 19:37:01.033: iteration 38 finished in 4.089066 seconds
2021-12-14 19:37:01.072: epoch 38:	0.01571819  	0.01395662  	0.07616984  	0.13713636  	0.04381340  	0.06224157  	0.02584816  	0.03178431  	0.04405537  	0.04814817  
2021-12-14 19:37:05.166: iteration 39 finished in 4.094051 seconds
2021-12-14 19:37:05.203: epoch 39:	0.01571819  	0.01395662  	0.07616984  	0.13713636  	0.04373735  	0.06213368  	0.02575787  	0.03167118  	0.04392697  	0.04798772  
2021-12-14 19:37:09.292: iteration 40 finished in 4.087070 seconds
2021-12-14 19:37:09.329: epoch 40:	0.01571819  	0.01390242  	0.07616984  	0.13672985  	0.04346241  	0.06172132  	0.02547754  	0.03136100  	0.04326666  	0.04726002  
2021-12-14 19:37:13.395: iteration 41 finished in 4.065271 seconds
2021-12-14 19:37:13.442: epoch 41:	0.01555558  	0.01384822  	0.07508583  	0.13591684  	0.04298243  	0.06138248  	0.02524088  	0.03117225  	0.04275649  	0.04687187  
2021-12-14 19:37:17.495: iteration 42 finished in 4.053342 seconds
2021-12-14 19:37:17.542: epoch 42:	0.01550138  	0.01384822  	0.07490516  	0.13575426  	0.04295350  	0.06138505  	0.02530299  	0.03123980  	0.04271433  	0.04686852  
2021-12-14 19:37:21.619: iteration 43 finished in 4.077586 seconds
2021-12-14 19:37:21.657: epoch 43:	0.01550138  	0.01387532  	0.07517616  	0.13593490  	0.04300939  	0.06143590  	0.02536093  	0.03127955  	0.04260636  	0.04677987  
2021-12-14 19:37:25.735: iteration 44 finished in 4.078094 seconds
2021-12-14 19:37:25.774: epoch 44:	0.01544718  	0.01384822  	0.07463416  	0.13566391  	0.04280905  	0.06131779  	0.02527085  	0.03121805  	0.04239107  	0.04661622  
2021-12-14 19:37:29.873: iteration 45 finished in 4.099038 seconds
2021-12-14 19:37:29.911: epoch 45:	0.01550138  	0.01384822  	0.07490516  	0.13566391  	0.04294259  	0.06135688  	0.02533949  	0.03126207  	0.04249495  	0.04666826  
2021-12-14 19:37:33.979: iteration 46 finished in 4.067123 seconds
2021-12-14 19:37:34.016: epoch 46:	0.01550138  	0.01384822  	0.07490516  	0.13579941  	0.04285738  	0.06129618  	0.02523062  	0.03116568  	0.04234676  	0.04651920  
2021-12-14 19:37:38.080: iteration 47 finished in 4.064132 seconds
2021-12-14 19:37:38.120: epoch 47:	0.01550138  	0.01379402  	0.07490516  	0.13548325  	0.04295826  	0.06129026  	0.02534633  	0.03125456  	0.04254914  	0.04670016  
2021-12-14 19:37:42.174: iteration 48 finished in 4.054159 seconds
2021-12-14 19:37:42.211: epoch 48:	0.01550138  	0.01384822  	0.07490516  	0.13602525  	0.04303110  	0.06151867  	0.02543240  	0.03138506  	0.04266357  	0.04684541  
2021-12-14 19:37:46.269: iteration 49 finished in 4.057150 seconds
2021-12-14 19:37:46.308: epoch 49:	0.01544718  	0.01387532  	0.07463416  	0.13656725  	0.04286391  	0.06157165  	0.02530099  	0.03130813  	0.04250033  	0.04676525  
2021-12-14 19:37:50.369: iteration 50 finished in 4.061139 seconds
2021-12-14 19:37:50.406: epoch 50:	0.01550138  	0.01384822  	0.07440832  	0.13638659  	0.04293586  	0.06160386  	0.02540248  	0.03140733  	0.04271950  	0.04695280  
