2021-12-15 00:11:50.396: Dataset name: u5
The number of users: 4469
The number of items: 4469
The number of ratings: 39932
Average actions of users: 8.94
Average actions of items: 8.94
The sparsity of the dataset: 99.800060%
2021-12-15 00:11:50.396: 

NeuRec hyperparameters:
recommender=WRMF
config_dir=./conf
gpu_id=0
gpu_mem=0.5
data.input.path=D:\hsyoo\Workingon_210628/_Data/ciaodvd/noniid-in-barrier/u5/
data.input.dataset=u5
data.output.path=D:\hsyoo\Workingon_210628/_Emb/ciaodvd/noniid-in-barrier/wrmf/u5_wrmf_directed_dim16_uniform_send.emb
data.column.format=UI
data.convert.separator='\t'
user_min=0
item_min=0
splitter=given
ratio=0.8
by_time=False
metric=["Precision", "Recall", "NDCG", "MAP", "MRR"]
topk=[10, 20]
group_view=None
rec.evaluate.neg=0
test_batch_size=128
num_thread=8
data.index.remap=False

WRMF's hyperparameters:
epochs=50
embedding_size=16
reg_mf=0.1
alpha=10
init_method=uniform
stddev=0.01
verbose=1
weight=uniform

2021-12-15 00:12:42.384: metrics:	Precision@10	Precision@20	Recall@10   	Recall@20   	NDCG@10     	NDCG@20     	MAP@10      	MAP@20      	MRR@10      	MRR@20      
2021-12-15 00:12:45.884: iteration 1 finished in 3.499632 seconds
2021-12-15 00:12:45.922: epoch 1:	0.01554910  	0.01384842  	0.02020517  	0.03477874  	0.01980980  	0.02443866  	0.00780131  	0.00800045  	0.04365503  	0.04839827  
2021-12-15 00:12:48.711: iteration 2 finished in 2.787545 seconds
2021-12-15 00:12:48.738: epoch 2:	0.02691939  	0.02312921  	0.03469228  	0.05693837  	0.03536292  	0.04248409  	0.01478820  	0.01507857  	0.07782791  	0.08450047  
2021-12-15 00:12:51.518: iteration 3 finished in 2.779566 seconds
2021-12-15 00:12:51.544: epoch 3:	0.03022357  	0.02614182  	0.03872970  	0.06683810  	0.03991304  	0.04841321  	0.01716003  	0.01748063  	0.08639031  	0.09366331  
2021-12-15 00:12:54.329: iteration 4 finished in 2.784553 seconds
2021-12-15 00:12:54.356: epoch 4:	0.03236154  	0.02983470  	0.03998728  	0.07714077  	0.04268314  	0.05458791  	0.01886635  	0.01989690  	0.08974462  	0.09928937  
2021-12-15 00:12:57.151: iteration 5 finished in 2.795524 seconds
2021-12-15 00:12:57.179: epoch 5:	0.03488825  	0.03085511  	0.04732151  	0.07824071  	0.04488190  	0.05500933  	0.01912091  	0.01975551  	0.08695104  	0.09565508  
2021-12-15 00:12:59.942: iteration 6 finished in 2.762612 seconds
2021-12-15 00:12:59.967: epoch 6:	0.03595724  	0.03216706  	0.04782101  	0.08115345  	0.04617862  	0.05701817  	0.01944573  	0.02012193  	0.09173378  	0.10053273  
2021-12-15 00:13:02.763: iteration 7 finished in 2.795524 seconds
2021-12-15 00:13:02.789: epoch 7:	0.03692905  	0.03270156  	0.04951182  	0.08233994  	0.04689661  	0.05756870  	0.01954136  	0.02020451  	0.09197325  	0.10051231  
2021-12-15 00:13:05.568: iteration 8 finished in 2.777572 seconds
2021-12-15 00:13:05.594: epoch 8:	0.03780368  	0.03309029  	0.05015748  	0.08261459  	0.04772944  	0.05821829  	0.01989738  	0.02052594  	0.09396856  	0.10224853  
2021-12-15 00:13:08.375: iteration 9 finished in 2.780564 seconds
2021-12-15 00:13:08.400: epoch 9:	0.03760932  	0.03328465  	0.04979897  	0.08574873  	0.04786599  	0.05938856  	0.02010942  	0.02106184  	0.09465848  	0.10339884  
2021-12-15 00:13:11.146: iteration 10 finished in 2.744632 seconds
2021-12-15 00:13:11.177: epoch 10:	0.03731778  	0.03313888  	0.04994403  	0.08680317  	0.04800704  	0.05987812  	0.02028616  	0.02151240  	0.09482816  	0.10320227  
2021-12-15 00:13:13.927: iteration 11 finished in 2.749352 seconds
2021-12-15 00:13:13.958: epoch 11:	0.03867830  	0.03275015  	0.05043970  	0.08609919  	0.04893012  	0.05967346  	0.02065368  	0.02150564  	0.09584086  	0.10378808  
2021-12-15 00:13:16.709: iteration 12 finished in 2.751593 seconds
2021-12-15 00:13:16.741: epoch 12:	0.03867830  	0.03294452  	0.04987602  	0.08571775  	0.04881670  	0.05973283  	0.02080492  	0.02170203  	0.09478961  	0.10299475  
2021-12-15 00:13:19.506: iteration 13 finished in 2.764973 seconds
2021-12-15 00:13:19.537: epoch 13:	0.03848394  	0.03318747  	0.04983418  	0.08571104  	0.04895473  	0.06005605  	0.02092635  	0.02183060  	0.09631906  	0.10465825  
2021-12-15 00:13:22.318: iteration 14 finished in 2.781230 seconds
2021-12-15 00:13:22.345: epoch 14:	0.03877549  	0.03338183  	0.04968888  	0.08746526  	0.04914762  	0.06057782  	0.02083014  	0.02180073  	0.09756507  	0.10575602  
2021-12-15 00:13:25.132: iteration 15 finished in 2.786548 seconds
2021-12-15 00:13:25.160: epoch 15:	0.03858113  	0.03338183  	0.05085531  	0.08711819  	0.04975498  	0.06089002  	0.02123996  	0.02210710  	0.09939802  	0.10752047  
2021-12-15 00:13:27.955: iteration 16 finished in 2.795524 seconds
2021-12-15 00:13:27.980: epoch 16:	0.03877548  	0.03362478  	0.05113403  	0.08670992  	0.04985781  	0.06092509  	0.02135505  	0.02215926  	0.09838764  	0.10667930  
2021-12-15 00:13:30.760: iteration 17 finished in 2.779566 seconds
2021-12-15 00:13:30.785: epoch 17:	0.03867831  	0.03347901  	0.05154889  	0.08665428  	0.04997642  	0.06092104  	0.02139668  	0.02217869  	0.09867302  	0.10716183  
2021-12-15 00:13:33.573: iteration 18 finished in 2.787545 seconds
2021-12-15 00:13:33.599: epoch 18:	0.03819240  	0.03343042  	0.05166747  	0.08537125  	0.04977659  	0.06059001  	0.02124562  	0.02212002  	0.09891249  	0.10715064  
2021-12-15 00:13:36.378: iteration 19 finished in 2.778569 seconds
2021-12-15 00:13:36.403: epoch 19:	0.03790086  	0.03372196  	0.05118519  	0.08640373  	0.04957316  	0.06101582  	0.02125078  	0.02226885  	0.09864026  	0.10708387  
2021-12-15 00:13:39.176: iteration 20 finished in 2.772585 seconds
2021-12-15 00:13:39.203: epoch 20:	0.03809522  	0.03357619  	0.05117804  	0.08706279  	0.04989513  	0.06127176  	0.02154941  	0.02249847  	0.09916320  	0.10758966  
2021-12-15 00:13:41.973: iteration 21 finished in 2.768595 seconds
2021-12-15 00:13:41.997: epoch 21:	0.03799804  	0.03391632  	0.05101866  	0.08798492  	0.04960791  	0.06142229  	0.02139017  	0.02242269  	0.09789792  	0.10666406  
2021-12-15 00:13:44.785: iteration 22 finished in 2.787545 seconds
2021-12-15 00:13:44.810: epoch 22:	0.03741496  	0.03425645  	0.04987267  	0.08888022  	0.04894627  	0.06167936  	0.02115233  	0.02237480  	0.09707995  	0.10636069  
2021-12-15 00:13:47.578: iteration 23 finished in 2.767599 seconds
2021-12-15 00:13:47.603: epoch 23:	0.03722060  	0.03406209  	0.04972708  	0.08834469  	0.04905122  	0.06170592  	0.02126659  	0.02255564  	0.09776178  	0.10686788  
2021-12-15 00:13:50.390: iteration 24 finished in 2.786548 seconds
2021-12-15 00:13:50.419: epoch 24:	0.03790087  	0.03420786  	0.05077780  	0.08781484  	0.04979778  	0.06181940  	0.02154972  	0.02262816  	0.09873553  	0.10751113  
2021-12-15 00:13:53.197: iteration 25 finished in 2.777572 seconds
2021-12-15 00:13:53.221: epoch 25:	0.03780368  	0.03435363  	0.05067340  	0.08921543  	0.04985561  	0.06234153  	0.02162921  	0.02283117  	0.09915278  	0.10797318  
2021-12-15 00:13:55.999: iteration 26 finished in 2.776574 seconds
2021-12-15 00:13:56.026: epoch 26:	0.03770650  	0.03440223  	0.05047278  	0.08840162  	0.04985721  	0.06218331  	0.02163469  	0.02283260  	0.09948903  	0.10811973  
2021-12-15 00:13:58.816: iteration 27 finished in 2.790537 seconds
2021-12-15 00:13:58.842: epoch 27:	0.03770651  	0.03430504  	0.05051888  	0.08833282  	0.04993914  	0.06220589  	0.02163138  	0.02282443  	0.10021444  	0.10873874  
2021-12-15 00:14:01.653: iteration 28 finished in 2.810484 seconds
2021-12-15 00:14:01.680: epoch 28:	0.03780369  	0.03415927  	0.05086575  	0.08712725  	0.05005569  	0.06189060  	0.02162779  	0.02272990  	0.10060202  	0.10899900  
2021-12-15 00:14:04.443: iteration 29 finished in 2.763610 seconds
2021-12-15 00:14:04.469: epoch 29:	0.03770651  	0.03420786  	0.05085211  	0.08816385  	0.04963911  	0.06174362  	0.02127901  	0.02242343  	0.09964488  	0.10815792  
2021-12-15 00:14:07.250: iteration 30 finished in 2.780564 seconds
2021-12-15 00:14:07.275: epoch 30:	0.03741496  	0.03420786  	0.05084337  	0.08849276  	0.04960061  	0.06193280  	0.02129496  	0.02253652  	0.10013425  	0.10866667  
2021-12-15 00:14:10.046: iteration 31 finished in 2.770590 seconds
2021-12-15 00:14:10.071: epoch 31:	0.03770650  	0.03411068  	0.05132082  	0.08759926  	0.04982736  	0.06160012  	0.02133259  	0.02240865  	0.10042310  	0.10870147  
2021-12-15 00:14:12.834: iteration 32 finished in 2.761311 seconds
2021-12-15 00:14:12.865: epoch 32:	0.03741496  	0.03415927  	0.05135332  	0.08793151  	0.04964679  	0.06163094  	0.02128698  	0.02237134  	0.09995221  	0.10850841  
2021-12-15 00:14:15.629: iteration 33 finished in 2.764239 seconds
2021-12-15 00:14:15.660: epoch 33:	0.03780368  	0.03420786  	0.05229552  	0.08683464  	0.05005539  	0.06144264  	0.02137208  	0.02231525  	0.10032976  	0.10857490  
2021-12-15 00:14:18.443: iteration 34 finished in 2.782800 seconds
2021-12-15 00:14:18.459: epoch 34:	0.03809522  	0.03420786  	0.05255272  	0.08685899  	0.05023132  	0.06143380  	0.02141743  	0.02232061  	0.10009182  	0.10824174  
2021-12-15 00:14:21.239: iteration 35 finished in 2.780595 seconds
2021-12-15 00:14:21.255: epoch 35:	0.03799804  	0.03377055  	0.05217195  	0.08626574  	0.05017937  	0.06115223  	0.02143276  	0.02229430  	0.10034557  	0.10837935  
2021-12-15 00:14:24.107: iteration 36 finished in 2.852039 seconds
2021-12-15 00:14:24.134: epoch 36:	0.03799804  	0.03377055  	0.05200293  	0.08585024  	0.04995684  	0.06089453  	0.02131896  	0.02216429  	0.09939919  	0.10757648  
2021-12-15 00:14:26.921: iteration 37 finished in 2.786548 seconds
2021-12-15 00:14:26.947: epoch 37:	0.03770650  	0.03367337  	0.05126667  	0.08571398  	0.04957087  	0.06069290  	0.02118010  	0.02202565  	0.09907102  	0.10746180  
2021-12-15 00:14:29.720: iteration 38 finished in 2.773582 seconds
2021-12-15 00:14:29.746: epoch 38:	0.03741496  	0.03377055  	0.05083204  	0.08580609  	0.04960109  	0.06101779  	0.02125672  	0.02219685  	0.10044505  	0.10896011  
2021-12-15 00:14:32.531: iteration 39 finished in 2.784553 seconds
2021-12-15 00:14:32.558: epoch 39:	0.03741496  	0.03372196  	0.05069302  	0.08577067  	0.04959025  	0.06101221  	0.02123288  	0.02218469  	0.10078558  	0.10921565  
2021-12-15 00:14:35.338: iteration 40 finished in 2.780564 seconds
2021-12-15 00:14:35.367: epoch 40:	0.03741496  	0.03372195  	0.05077342  	0.08617909  	0.04974840  	0.06121352  	0.02133774  	0.02221241  	0.10157075  	0.11016902  
2021-12-15 00:14:38.154: iteration 41 finished in 2.786548 seconds
2021-12-15 00:14:38.180: epoch 41:	0.03722060  	0.03391631  	0.05057385  	0.08675306  	0.04963213  	0.06149675  	0.02138394  	0.02235073  	0.10104398  	0.10985284  
2021-12-15 00:14:40.969: iteration 42 finished in 2.788543 seconds
2021-12-15 00:14:40.996: epoch 42:	0.03712342  	0.03386772  	0.04998579  	0.08668195  	0.04952709  	0.06149554  	0.02138650  	0.02237530  	0.10147627  	0.11037977  
2021-12-15 00:14:43.787: iteration 43 finished in 2.791535 seconds
2021-12-15 00:14:43.814: epoch 43:	0.03712342  	0.03386773  	0.05006292  	0.08717110  	0.04950527  	0.06158799  	0.02139882  	0.02239025  	0.10092673  	0.10992274  
2021-12-15 00:14:46.603: iteration 44 finished in 2.788543 seconds
2021-12-15 00:14:46.627: epoch 44:	0.03712342  	0.03396491  	0.05013696  	0.08715413  	0.04962705  	0.06168951  	0.02150384  	0.02245354  	0.10132240  	0.11032206  
2021-12-15 00:14:49.397: iteration 45 finished in 2.769593 seconds
2021-12-15 00:14:49.422: epoch 45:	0.03722060  	0.03386773  	0.05031554  	0.08813415  	0.04980472  	0.06194560  	0.02160798  	0.02254533  	0.10183413  	0.11080389  
2021-12-15 00:14:52.213: iteration 46 finished in 2.790538 seconds
2021-12-15 00:14:52.239: epoch 46:	0.03751214  	0.03396491  	0.05062599  	0.08832294  	0.04999202  	0.06201907  	0.02161396  	0.02251478  	0.10205549  	0.11095150  
2021-12-15 00:14:55.012: iteration 47 finished in 2.773583 seconds
2021-12-15 00:14:55.038: epoch 47:	0.03760932  	0.03386773  	0.05075197  	0.08818109  	0.04994471  	0.06185468  	0.02155071  	0.02241223  	0.10183759  	0.11079351  
2021-12-15 00:14:57.823: iteration 48 finished in 2.784553 seconds
2021-12-15 00:14:57.850: epoch 48:	0.03722060  	0.03381914  	0.05017184  	0.08825599  	0.04952312  	0.06177389  	0.02133882  	0.02231542  	0.10162550  	0.11060866  
2021-12-15 00:15:00.629: iteration 49 finished in 2.779567 seconds
2021-12-15 00:15:00.656: epoch 49:	0.03712342  	0.03377054  	0.04996830  	0.08793573  	0.04937484  	0.06158907  	0.02123598  	0.02222872  	0.10145427  	0.11034330  
2021-12-15 00:15:03.438: iteration 50 finished in 2.781561 seconds
2021-12-15 00:15:03.464: epoch 50:	0.03731778  	0.03367336  	0.05006856  	0.08739754  	0.04955794  	0.06147169  	0.02134225  	0.02223802  	0.10180520  	0.11059529  
