2021-02-01 13:57:04.329: Dataset name: u5
The number of users: 6596
The number of items: 6596
The number of ratings: 103193
Average actions of users: 15.64
Average actions of items: 15.64
The sparsity of the dataset: 99.762814%
2021-02-01 13:57:04.335: 

NeuRec hyperparameters:
recommender=WRMF
config_dir=./conf
gpu_id=0
gpu_mem=0.5
data.input.path=C:\Users\HyunsikYoo\Desktop\VNE_directed_networks/_Data/wiki-vote/5-fold/u5/
data.input.dataset=u5
data.output.path=C:\Users\HyunsikYoo\Desktop\VNE_directed_networks/_Emb/wiki-vote/5-fold/wrmf/u5_wrmf_directed_dim16.emb
data.column.format=UI
data.convert.separator='\t'
user_min=0
item_min=0
splitter=given
ratio=0.8
by_time=False
metric=["Precision", "Recall", "NDCG", "MAP", "MRR"]
topk=[10, 20]
group_view=None
rec.evaluate.neg=0
test_batch_size=128
num_thread=8
data.index.remap=False

WRMF's hyperparameters:
epochs=50
embedding_size=16
reg_mf=0.1
alpha=10
init_method=uniform
stddev=0.01
verbose=1
weight=uniform

2021-02-01 13:58:56.237: metrics:	Precision@10	Precision@20	Recall@10   	Recall@20   	NDCG@10     	NDCG@20     	MAP@10      	MAP@20      	MRR@10      	MRR@20      
2021-02-01 13:59:01.316: iteration 1 finished in 5.077329 seconds
2021-02-01 13:59:01.396: epoch 1:	0.02212182  	0.01897766  	0.02883071  	0.04973517  	0.03126706  	0.03594649  	0.01511843  	0.01465807  	0.05981331  	0.06388405  
2021-02-01 13:59:06.171: iteration 2 finished in 4.773634 seconds
2021-02-01 13:59:06.254: epoch 2:	0.05962621  	0.05174186  	0.10149784  	0.17081605  	0.09351779  	0.11237366  	0.05144690  	0.05317628  	0.14531754  	0.15322736  
2021-02-01 13:59:11.122: iteration 3 finished in 4.867948 seconds
2021-02-01 13:59:11.200: epoch 3:	0.06936520  	0.05891706  	0.12075076  	0.20086382  	0.11190412  	0.13319850  	0.06372414  	0.06592903  	0.17023480  	0.17843771  
2021-02-01 13:59:15.914: iteration 4 finished in 4.713637 seconds
2021-02-01 13:59:15.997: epoch 4:	0.07229983  	0.06125502  	0.13056755  	0.20912091  	0.11703731  	0.13817996  	0.06587107  	0.06839932  	0.17754792  	0.18502511  
2021-02-01 13:59:20.755: iteration 5 finished in 4.757896 seconds
2021-02-01 13:59:20.834: epoch 5:	0.07423469  	0.06256110  	0.13721572  	0.21754317  	0.12129119  	0.14274698  	0.06883854  	0.07120965  	0.18071702  	0.18836920  
2021-02-01 13:59:25.540: iteration 6 finished in 4.704505 seconds
2021-02-01 13:59:25.619: epoch 6:	0.07407346  	0.06204518  	0.13688245  	0.21555981  	0.12231869  	0.14309563  	0.06974591  	0.07186012  	0.18485752  	0.19214267  
2021-02-01 13:59:30.564: iteration 7 finished in 4.944969 seconds
2021-02-01 13:59:30.645: epoch 7:	0.07446040  	0.06251277  	0.13701244  	0.21902560  	0.12320587  	0.14469823  	0.07044619  	0.07251590  	0.18740159  	0.19520001  
2021-02-01 13:59:35.391: iteration 8 finished in 4.744860 seconds
2021-02-01 13:59:35.472: epoch 8:	0.07478290  	0.06228705  	0.13652699  	0.22079653  	0.12465689  	0.14628401  	0.07212203  	0.07414734  	0.19036177  	0.19827010  
2021-02-01 13:59:40.287: iteration 9 finished in 4.814260 seconds
2021-02-01 13:59:40.367: epoch 9:	0.07484741  	0.06235157  	0.13587546  	0.21951850  	0.12463649  	0.14613754  	0.07217497  	0.07399864  	0.19090863  	0.19886653  
2021-02-01 13:59:45.243: iteration 10 finished in 4.874486 seconds
2021-02-01 13:59:45.321: epoch 10:	0.07481515  	0.06230319  	0.13776283  	0.22173171  	0.12548879  	0.14703365  	0.07257039  	0.07445297  	0.19270036  	0.20056249  
2021-02-01 13:59:50.273: iteration 11 finished in 4.952013 seconds
2021-02-01 13:59:50.353: epoch 11:	0.07478292  	0.06241605  	0.13861418  	0.22318427  	0.12589380  	0.14777024  	0.07285225  	0.07491533  	0.19309129  	0.20102298  
2021-02-01 13:59:55.298: iteration 12 finished in 4.945001 seconds
2021-02-01 13:59:55.379: epoch 12:	0.07510539  	0.06252889  	0.13827658  	0.22338369  	0.12648682  	0.14843071  	0.07347331  	0.07566941  	0.19401011  	0.20172253  
2021-02-01 14:00:00.321: iteration 13 finished in 4.941991 seconds
2021-02-01 14:00:00.401: epoch 13:	0.07516992  	0.06238379  	0.13952215  	0.22394794  	0.12697053  	0.14864694  	0.07365005  	0.07573115  	0.19424176  	0.20185791  
2021-02-01 14:00:05.339: iteration 14 finished in 4.937603 seconds
2021-02-01 14:00:05.414: epoch 14:	0.07500871  	0.06278689  	0.13978882  	0.22346558  	0.12733781  	0.14921023  	0.07406390  	0.07620811  	0.19515719  	0.20287319  
2021-02-01 14:00:10.372: iteration 15 finished in 4.957389 seconds
2021-02-01 14:00:10.467: epoch 15:	0.07539568  	0.06275462  	0.14134711  	0.22270411  	0.12798862  	0.14923216  	0.07444348  	0.07645910  	0.19533677  	0.20280577  
2021-02-01 14:00:15.835: iteration 16 finished in 5.367656 seconds
2021-02-01 14:00:15.922: epoch 16:	0.07536342  	0.06299650  	0.14225049  	0.22368291  	0.12824960  	0.14966071  	0.07454430  	0.07666307  	0.19537503  	0.20283933  
2021-02-01 14:00:20.921: iteration 17 finished in 4.998129 seconds
2021-02-01 14:00:21.003: epoch 17:	0.07539567  	0.06286751  	0.14281890  	0.22368889  	0.12855478  	0.14977357  	0.07486003  	0.07689172  	0.19502604  	0.20253791  
2021-02-01 14:00:25.809: iteration 18 finished in 4.805308 seconds
2021-02-01 14:00:25.889: epoch 18:	0.07558917  	0.06286753  	0.14347109  	0.22331630  	0.12911761  	0.15001510  	0.07544924  	0.07740046  	0.19510953  	0.20246470  
2021-02-01 14:00:30.699: iteration 19 finished in 4.809979 seconds
2021-02-01 14:00:30.778: epoch 19:	0.07542793  	0.06294814  	0.14392434  	0.22388107  	0.12949060  	0.15052760  	0.07580964  	0.07781956  	0.19570173  	0.20301877  
2021-02-01 14:00:36.075: iteration 20 finished in 5.296155 seconds
2021-02-01 14:00:36.184: epoch 20:	0.07555693  	0.06304488  	0.14400832  	0.22195725  	0.12936583  	0.14999460  	0.07564583  	0.07760013  	0.19515508  	0.20238087  
2021-02-01 14:00:41.272: iteration 21 finished in 5.087394 seconds
2021-02-01 14:00:41.357: epoch 21:	0.07549243  	0.06304488  	0.14350834  	0.22104701  	0.12938324  	0.14993499  	0.07576668  	0.07770034  	0.19556609  	0.20278147  
2021-02-01 14:00:46.370: iteration 22 finished in 5.012663 seconds
2021-02-01 14:00:46.448: epoch 22:	0.07581492  	0.06309323  	0.14429063  	0.22016729  	0.12977409  	0.14984629  	0.07594013  	0.07776334  	0.19570425  	0.20275743  
2021-02-01 14:00:51.796: iteration 23 finished in 5.347583 seconds
2021-02-01 14:00:51.897: epoch 23:	0.07562143  	0.06320611  	0.14385764  	0.22060129  	0.12965709  	0.15009865  	0.07597326  	0.07793677  	0.19556965  	0.20278805  
2021-02-01 14:00:57.182: iteration 24 finished in 5.285917 seconds
2021-02-01 14:00:57.275: epoch 24:	0.07562143  	0.06301263  	0.14431712  	0.22105199  	0.12919913  	0.14949216  	0.07518119  	0.07709306  	0.19519532  	0.20247085  
2021-02-01 14:01:02.620: iteration 25 finished in 5.345187 seconds
2021-02-01 14:01:02.718: epoch 25:	0.07546017  	0.06307713  	0.14419909  	0.22091050  	0.12922256  	0.14966471  	0.07525706  	0.07727656  	0.19545229  	0.20268157  
2021-02-01 14:01:08.093: iteration 26 finished in 5.374511 seconds
2021-02-01 14:01:08.174: epoch 26:	0.07549243  	0.06310936  	0.14452827  	0.22108467  	0.12936544  	0.14974169  	0.07536422  	0.07738148  	0.19556996  	0.20269974  
2021-02-01 14:01:13.550: iteration 27 finished in 5.375177 seconds
2021-02-01 14:01:13.631: epoch 27:	0.07571814  	0.06307712  	0.14477430  	0.22156745  	0.12962614  	0.14993325  	0.07552901  	0.07751115  	0.19573221  	0.20297921  
2021-02-01 14:01:19.653: iteration 28 finished in 6.020744 seconds
2021-02-01 14:01:19.741: epoch 28:	0.07581488  	0.06318998  	0.14481413  	0.22241156  	0.12961473  	0.15008736  	0.07540052  	0.07736686  	0.19601761  	0.20339182  
2021-02-01 14:01:24.842: iteration 29 finished in 5.100768 seconds
2021-02-01 14:01:24.919: epoch 29:	0.07597612  	0.06314161  	0.14569822  	0.22207582  	0.13018101  	0.15030824  	0.07590703  	0.07777103  	0.19619933  	0.20347865  
2021-02-01 14:01:29.874: iteration 30 finished in 4.953913 seconds
2021-02-01 14:01:29.952: epoch 30:	0.07626636  	0.06315774  	0.14556377  	0.22263581  	0.13022523  	0.15035099  	0.07582892  	0.07769034  	0.19639979  	0.20364279  
2021-02-01 14:01:34.961: iteration 31 finished in 5.008758 seconds
2021-02-01 14:01:35.040: epoch 31:	0.07604064  	0.06331898  	0.14509141  	0.22294588  	0.13013086  	0.15062699  	0.07586241  	0.07786354  	0.19678423  	0.20402785  
2021-02-01 14:01:39.951: iteration 32 finished in 4.910232 seconds
2021-02-01 14:01:40.031: epoch 32:	0.07597614  	0.06319000  	0.14462824  	0.22159806  	0.12977272  	0.15005083  	0.07554349  	0.07752465  	0.19635509  	0.20360625  
2021-02-01 14:01:45.028: iteration 33 finished in 4.995947 seconds
2021-02-01 14:01:45.114: epoch 33:	0.07604063  	0.06335123  	0.14466624  	0.22166523  	0.12984909  	0.15017855  	0.07558070  	0.07758943  	0.19662717  	0.20389399  
2021-02-01 14:01:50.047: iteration 34 finished in 4.932564 seconds
2021-02-01 14:01:50.126: epoch 34:	0.07639535  	0.06331898  	0.14602286  	0.22139132  	0.13066879  	0.15043773  	0.07619040  	0.07795426  	0.19738832  	0.20458670  
2021-02-01 14:01:55.022: iteration 35 finished in 4.895865 seconds
2021-02-01 14:01:55.105: epoch 35:	0.07636309  	0.06344798  	0.14582013  	0.22177176  	0.13060537  	0.15059659  	0.07620644  	0.07802376  	0.19740072  	0.20479333  
2021-02-01 14:02:00.126: iteration 36 finished in 5.020919 seconds
2021-02-01 14:02:00.204: epoch 36:	0.07658882  	0.06351246  	0.14662227  	0.22191605  	0.13070376  	0.15045048  	0.07603582  	0.07773894  	0.19729766  	0.20455225  
2021-02-01 14:02:05.173: iteration 37 finished in 4.968931 seconds
2021-02-01 14:02:05.251: epoch 37:	0.07642759  	0.06359308  	0.14650190  	0.22237308  	0.13046075  	0.15047130  	0.07587682  	0.07768919  	0.19665281  	0.20390204  
2021-02-01 14:02:10.291: iteration 38 finished in 5.038280 seconds
2021-02-01 14:02:10.371: epoch 38:	0.07645983  	0.06354471  	0.14648448  	0.22216657  	0.13048388  	0.15041742  	0.07586971  	0.07765387  	0.19673316  	0.20398808  
2021-02-01 14:02:15.197: iteration 39 finished in 4.824174 seconds
2021-02-01 14:02:15.278: epoch 39:	0.07652434  	0.06362532  	0.14725125  	0.22203933  	0.13069135  	0.15042007  	0.07592732  	0.07766185  	0.19698676  	0.20407003  
2021-02-01 14:02:20.302: iteration 40 finished in 5.023296 seconds
2021-02-01 14:02:20.378: epoch 40:	0.07642759  	0.06360921  	0.14707097  	0.22148477  	0.13055594  	0.15026970  	0.07581731  	0.07756568  	0.19715528  	0.20430535  
2021-02-01 14:02:25.266: iteration 41 finished in 4.886333 seconds
2021-02-01 14:02:25.349: epoch 41:	0.07629861  	0.06362533  	0.14711396  	0.22119214  	0.13029256  	0.15003535  	0.07560661  	0.07737780  	0.19656840  	0.20376760  
2021-02-01 14:02:30.391: iteration 42 finished in 5.041970 seconds
2021-02-01 14:02:30.472: epoch 42:	0.07613736  	0.06359308  	0.14729090  	0.22130230  	0.13045676  	0.15023993  	0.07585219  	0.07762788  	0.19670902  	0.20399901  
2021-02-01 14:02:35.410: iteration 43 finished in 4.937183 seconds
2021-02-01 14:02:35.493: epoch 43:	0.07610513  	0.06360920  	0.14751428  	0.22108008  	0.13043101  	0.15014626  	0.07575417  	0.07754490  	0.19680512  	0.20399538  
2021-02-01 14:02:40.379: iteration 44 finished in 4.885356 seconds
2021-02-01 14:02:40.461: epoch 44:	0.07591164  	0.06364144  	0.14659320  	0.22107978  	0.13012025  	0.15012358  	0.07559092  	0.07743439  	0.19713850  	0.20443012  
2021-02-01 14:02:45.365: iteration 45 finished in 4.903475 seconds
2021-02-01 14:02:45.446: epoch 45:	0.07568590  	0.06359307  	0.14609627  	0.22062203  	0.13001031  	0.15012760  	0.07557169  	0.07750563  	0.19743121  	0.20475423  
2021-02-01 14:02:50.346: iteration 46 finished in 4.899807 seconds
2021-02-01 14:02:50.422: epoch 46:	0.07565366  	0.06367369  	0.14581929  	0.22080661  	0.12967262  	0.14996475  	0.07527292  	0.07727512  	0.19661504  	0.20395012  
2021-02-01 14:02:55.428: iteration 47 finished in 5.005503 seconds
2021-02-01 14:02:55.511: epoch 47:	0.07584714  	0.06375431  	0.14635721  	0.22106901  	0.12993076  	0.15009949  	0.07537353  	0.07732941  	0.19678243  	0.20405856  
2021-02-01 14:03:00.427: iteration 48 finished in 4.915704 seconds
2021-02-01 14:03:00.506: epoch 48:	0.07571816  	0.06359307  	0.14606385  	0.22055659  	0.12982608  	0.14991775  	0.07539554  	0.07730667  	0.19656897  	0.20392810  
2021-02-01 14:03:05.427: iteration 49 finished in 4.921678 seconds
2021-02-01 14:03:05.513: epoch 49:	0.07571816  	0.06362533  	0.14608914  	0.22127324  	0.12984043  	0.15010351  	0.07540082  	0.07735414  	0.19657406  	0.20393515  
2021-02-01 14:03:10.500: iteration 50 finished in 4.985337 seconds
2021-02-01 14:03:10.577: epoch 50:	0.07575040  	0.06368982  	0.14575157  	0.22162056  	0.12988715  	0.15031473  	0.07545803  	0.07745820  	0.19711140  	0.20448706  
