2021-12-14 21:26:44.624: Dataset name: u5
The number of users: 7039
The number of items: 7039
The number of ratings: 103629
Average actions of users: 14.72
Average actions of items: 14.72
The sparsity of the dataset: 99.790849%
2021-12-14 21:26:44.625: 

NeuRec hyperparameters:
recommender=WRMF
config_dir=./conf
gpu_id=0
gpu_mem=0.5
data.input.path=D:\hsyoo\Workingon_210628/_Data/wiki-vote/noniid-out-barrier/u5/
data.input.dataset=u5
data.output.path=D:\hsyoo\Workingon_210628/_Emb/wiki-vote/noniid-out-barrier/wrmf/u5_wrmf_directed_dim16_uniform_send.emb
data.column.format=UI
data.convert.separator='\t'
user_min=0
item_min=0
splitter=given
ratio=0.8
by_time=False
metric=["Precision", "Recall", "NDCG", "MAP", "MRR"]
topk=[10, 20]
group_view=None
rec.evaluate.neg=0
test_batch_size=128
num_thread=8
data.index.remap=False

WRMF's hyperparameters:
epochs=50
embedding_size=16
reg_mf=0.1
alpha=10
init_method=uniform
stddev=0.01
verbose=1
weight=uniform

2021-12-14 21:28:49.009: metrics:	Precision@10	Precision@20	Recall@10   	Recall@20   	NDCG@10     	NDCG@20     	MAP@10      	MAP@20      	MRR@10      	MRR@20      
2021-12-14 21:28:55.482: iteration 1 finished in 6.472827 seconds
2021-12-14 21:28:55.606: epoch 1:	0.01588276  	0.01393434  	0.02445034  	0.04034249  	0.02143856  	0.02814941  	0.00863975  	0.00971377  	0.04716441  	0.05157999  
2021-12-14 21:29:00.795: iteration 2 finished in 5.188965 seconds
2021-12-14 21:29:00.889: epoch 2:	0.05256680  	0.04459875  	0.08828250  	0.14548443  	0.07715516  	0.10059735  	0.03680548  	0.04284940  	0.14701016  	0.15567811  
2021-12-14 21:29:06.071: iteration 3 finished in 5.182097 seconds
2021-12-14 21:29:06.164: epoch 3:	0.06299431  	0.05193558  	0.11141653  	0.17843245  	0.09393954  	0.12076964  	0.04592201  	0.05314068  	0.16702335  	0.17597537  
2021-12-14 21:29:11.343: iteration 4 finished in 5.178202 seconds
2021-12-14 21:29:11.436: epoch 4:	0.06632678  	0.05447522  	0.11746940  	0.18626305  	0.10069378  	0.12835819  	0.05072727  	0.05834929  	0.17708892  	0.18614385  
2021-12-14 21:29:16.596: iteration 5 finished in 5.159154 seconds
2021-12-14 21:29:16.689: epoch 5:	0.06648809  	0.05541584  	0.11646071  	0.18969586  	0.10154062  	0.13091913  	0.05149970  	0.05958372  	0.18148020  	0.19110826  
2021-12-14 21:29:21.888: iteration 6 finished in 5.198405 seconds
2021-12-14 21:29:21.979: epoch 6:	0.06758996  	0.05579212  	0.11972548  	0.18905145  	0.10384430  	0.13218334  	0.05266979  	0.06048040  	0.18616825  	0.19528067  
2021-12-14 21:29:27.184: iteration 7 finished in 5.204082 seconds
2021-12-14 21:29:27.275: epoch 7:	0.06756307  	0.05602055  	0.12012554  	0.19109446  	0.10543491  	0.13433389  	0.05422755  	0.06228287  	0.18976824  	0.19864325  
2021-12-14 21:29:32.456: iteration 8 finished in 5.180147 seconds
2021-12-14 21:29:32.549: epoch 8:	0.06815431  	0.05603400  	0.12146465  	0.19252656  	0.10664517  	0.13539800  	0.05509134  	0.06314623  	0.19174592  	0.20052585  
2021-12-14 21:29:37.736: iteration 9 finished in 5.187128 seconds
2021-12-14 21:29:37.833: epoch 9:	0.06874558  	0.05614151  	0.12342178  	0.19349995  	0.10760111  	0.13595749  	0.05538017  	0.06332916  	0.19343421  	0.20194027  
2021-12-14 21:29:43.034: iteration 10 finished in 5.201091 seconds
2021-12-14 21:29:43.129: epoch 10:	0.06879932  	0.05610117  	0.12308472  	0.19483711  	0.10705548  	0.13578899  	0.05487696  	0.06286781  	0.19214791  	0.20100981  
2021-12-14 21:29:48.310: iteration 11 finished in 5.181144 seconds
2021-12-14 21:29:48.405: epoch 11:	0.06904120  	0.05616837  	0.12379071  	0.19493166  	0.10734972  	0.13589008  	0.05481315  	0.06275320  	0.19353421  	0.20245913  
2021-12-14 21:29:53.597: iteration 12 finished in 5.192115 seconds
2021-12-14 21:29:53.692: epoch 12:	0.06947118  	0.05627589  	0.12457234  	0.19680484  	0.10786168  	0.13655032  	0.05526479  	0.06322201  	0.19299597  	0.20192951  
2021-12-14 21:29:58.912: iteration 13 finished in 5.219043 seconds
2021-12-14 21:29:59.005: epoch 13:	0.06939054  	0.05635651  	0.12450405  	0.19738933  	0.10727146  	0.13618152  	0.05457145  	0.06257387  	0.19214663  	0.20110124  
2021-12-14 21:30:04.204: iteration 14 finished in 5.198098 seconds
2021-12-14 21:30:04.294: epoch 14:	0.06912179  	0.05650430  	0.12349704  	0.19783810  	0.10684776  	0.13628261  	0.05437496  	0.06251028  	0.19219746  	0.20137653  
2021-12-14 21:30:09.484: iteration 15 finished in 5.190120 seconds
2021-12-14 21:30:09.576: epoch 15:	0.06922931  	0.05671927  	0.12396691  	0.19822304  	0.10724725  	0.13671584  	0.05468579  	0.06282908  	0.19290155  	0.20186427  
2021-12-14 21:30:14.740: iteration 16 finished in 5.163413 seconds
2021-12-14 21:30:14.844: epoch 16:	0.06909494  	0.05669241  	0.12420563  	0.19703585  	0.10766218  	0.13686615  	0.05519450  	0.06325432  	0.19390143  	0.20294984  
2021-12-14 21:30:20.004: iteration 17 finished in 5.156487 seconds
2021-12-14 21:30:20.098: epoch 17:	0.06869181  	0.05651771  	0.12341276  	0.19641495  	0.10749753  	0.13680282  	0.05526597  	0.06342492  	0.19436784  	0.20325151  
2021-12-14 21:30:25.301: iteration 18 finished in 5.187293 seconds
2021-12-14 21:30:25.395: epoch 18:	0.06842307  	0.05646395  	0.12339741  	0.19609328  	0.10743481  	0.13674437  	0.05529489  	0.06346796  	0.19438626  	0.20334211  
2021-12-14 21:30:30.592: iteration 19 finished in 5.196104 seconds
2021-12-14 21:30:30.683: epoch 19:	0.06842308  	0.05622208  	0.12349461  	0.19516516  	0.10763819  	0.13656344  	0.05544558  	0.06353061  	0.19517435  	0.20403601  
2021-12-14 21:30:35.887: iteration 20 finished in 5.204082 seconds
2021-12-14 21:30:35.978: epoch 20:	0.06861120  	0.05627581  	0.12437885  	0.19539098  	0.10769619  	0.13638765  	0.05532442  	0.06335427  	0.19468842  	0.20324855  
2021-12-14 21:30:41.183: iteration 21 finished in 5.205080 seconds
2021-12-14 21:30:41.275: epoch 21:	0.06906809  	0.05631611  	0.12502471  	0.19513555  	0.10822751  	0.13654149  	0.05566726  	0.06356479  	0.19521517  	0.20356648  
2021-12-14 21:30:46.498: iteration 22 finished in 5.222035 seconds
2021-12-14 21:30:46.592: epoch 22:	0.06885308  	0.05638330  	0.12485469  	0.19479944  	0.10807752  	0.13650249  	0.05561203  	0.06355197  	0.19518518  	0.20353307  
2021-12-14 21:30:51.774: iteration 23 finished in 5.182089 seconds
2021-12-14 21:30:51.870: epoch 23:	0.06874558  	0.05616830  	0.12461390  	0.19447008  	0.10817987  	0.13649209  	0.05576505  	0.06373587  	0.19565825  	0.20382744  
2021-12-14 21:30:57.057: iteration 24 finished in 5.187230 seconds
2021-12-14 21:30:57.151: epoch 24:	0.06879932  	0.05618173  	0.12500747  	0.19474411  	0.10816758  	0.13639420  	0.05561363  	0.06356009  	0.19584119  	0.20387156  
2021-12-14 21:31:02.369: iteration 25 finished in 5.218338 seconds
2021-12-14 21:31:02.463: epoch 25:	0.06861120  	0.05614142  	0.12451213  	0.19418138  	0.10799625  	0.13630871  	0.05556100  	0.06357629  	0.19587228  	0.20402491  
2021-12-14 21:31:07.635: iteration 26 finished in 5.172441 seconds
2021-12-14 21:31:07.729: epoch 26:	0.06858432  	0.05607423  	0.12404341  	0.19405253  	0.10795177  	0.13632295  	0.05559492  	0.06364451  	0.19613048  	0.20433715  
2021-12-14 21:31:12.918: iteration 27 finished in 5.188374 seconds
2021-12-14 21:31:13.011: epoch 27:	0.06853057  	0.05608768  	0.12351768  	0.19385684  	0.10752026  	0.13600296  	0.05525729  	0.06333994  	0.19536413  	0.20364986  
2021-12-14 21:31:18.189: iteration 28 finished in 5.177418 seconds
2021-12-14 21:31:18.282: epoch 28:	0.06844994  	0.05596675  	0.12326133  	0.19357751  	0.10748971  	0.13594218  	0.05532512  	0.06336317  	0.19553746  	0.20392884  
2021-12-14 21:31:23.484: iteration 29 finished in 5.201427 seconds
2021-12-14 21:31:23.575: epoch 29:	0.06823495  	0.05592643  	0.12207427  	0.19348866  	0.10669807  	0.13550521  	0.05479405  	0.06292917  	0.19426036  	0.20283808  
2021-12-14 21:31:28.778: iteration 30 finished in 5.202088 seconds
2021-12-14 21:31:28.868: epoch 30:	0.06834245  	0.05585925  	0.12233574  	0.19319524  	0.10667626  	0.13527210  	0.05479274  	0.06286378  	0.19353539  	0.20207481  
2021-12-14 21:31:34.087: iteration 31 finished in 5.219043 seconds
2021-12-14 21:31:34.178: epoch 31:	0.06831558  	0.05589955  	0.12309411  	0.19323291  	0.10687742  	0.13531812  	0.05489340  	0.06290123  	0.19370343  	0.20223930  
2021-12-14 21:31:39.373: iteration 32 finished in 5.195106 seconds
2021-12-14 21:31:39.466: epoch 32:	0.06826182  	0.05595331  	0.12340082  	0.19350764  	0.10685515  	0.13531438  	0.05487276  	0.06286772  	0.19354865  	0.20211118  
2021-12-14 21:31:44.684: iteration 33 finished in 5.218045 seconds
2021-12-14 21:31:44.776: epoch 33:	0.06799306  	0.05598018  	0.12176251  	0.19353819  	0.10635641  	0.13534079  	0.05472839  	0.06289619  	0.19335966  	0.20212793  
2021-12-14 21:31:49.972: iteration 34 finished in 5.196104 seconds
2021-12-14 21:31:50.064: epoch 34:	0.06812745  	0.05591299  	0.12219548  	0.19376378  	0.10645673  	0.13526785  	0.05473718  	0.06284125  	0.19301252  	0.20163538  
2021-12-14 21:31:55.268: iteration 35 finished in 5.204083 seconds
2021-12-14 21:31:55.360: epoch 35:	0.06844993  	0.05598018  	0.12317254  	0.19365999  	0.10692573  	0.13537966  	0.05495177  	0.06295704  	0.19325420  	0.20170604  
2021-12-14 21:32:00.573: iteration 36 finished in 5.213059 seconds
2021-12-14 21:32:00.665: epoch 36:	0.06828869  	0.05603392  	0.12276743  	0.19375852  	0.10684902  	0.13551392  	0.05495336  	0.06299154  	0.19364020  	0.20223434  
2021-12-14 21:32:05.854: iteration 37 finished in 5.188125 seconds
2021-12-14 21:32:05.943: epoch 37:	0.06826181  	0.05598018  	0.12257950  	0.19356611  	0.10670776  	0.13535197  	0.05491549  	0.06293389  	0.19304247  	0.20169660  
2021-12-14 21:32:11.125: iteration 38 finished in 5.180616 seconds
2021-12-14 21:32:11.219: epoch 38:	0.06834244  	0.05595330  	0.12265444  	0.19352882  	0.10681940  	0.13538080  	0.05499718  	0.06298435  	0.19313124  	0.20174743  
2021-12-14 21:32:16.404: iteration 39 finished in 5.185407 seconds
2021-12-14 21:32:16.498: epoch 39:	0.06826182  	0.05595330  	0.12254417  	0.19368659  	0.10684370  	0.13548711  	0.05505557  	0.06305626  	0.19335203  	0.20197904  
2021-12-14 21:32:21.670: iteration 40 finished in 5.171867 seconds
2021-12-14 21:32:21.764: epoch 40:	0.06828871  	0.05600706  	0.12273795  	0.19394870  	0.10693597  	0.13559791  	0.05511780  	0.06310359  	0.19339134  	0.20205581  
2021-12-14 21:32:26.947: iteration 41 finished in 5.183139 seconds
2021-12-14 21:32:27.040: epoch 41:	0.06820808  	0.05599362  	0.12259530  	0.19391493  	0.10696179  	0.13567099  	0.05515420  	0.06314349  	0.19384916  	0.20251198  
2021-12-14 21:32:32.248: iteration 42 finished in 5.208072 seconds
2021-12-14 21:32:32.338: epoch 42:	0.06810058  	0.05599362  	0.12238561  	0.19367938  	0.10693893  	0.13569629  	0.05515695  	0.06315502  	0.19428897  	0.20300342  
2021-12-14 21:32:37.558: iteration 43 finished in 5.220040 seconds
2021-12-14 21:32:37.651: epoch 43:	0.06807370  	0.05596675  	0.12236140  	0.19348231  	0.10691973  	0.13561660  	0.05514061  	0.06311224  	0.19427340  	0.20297545  
2021-12-14 21:32:42.854: iteration 44 finished in 5.202087 seconds
2021-12-14 21:32:42.945: epoch 44:	0.06807370  	0.05587269  	0.12242347  	0.19331558  	0.10708872  	0.13568443  	0.05528659  	0.06323280  	0.19475004  	0.20346068  
2021-12-14 21:32:48.145: iteration 45 finished in 5.200093 seconds
2021-12-14 21:32:48.237: epoch 45:	0.06788556  	0.05580551  	0.12226781  	0.19322819  	0.10687952  	0.13553530  	0.05518435  	0.06314293  	0.19427933  	0.20308957  
2021-12-14 21:32:53.464: iteration 46 finished in 5.226024 seconds
2021-12-14 21:32:53.555: epoch 46:	0.06791245  	0.05577863  	0.12268083  	0.19307238  	0.10694607  	0.13542338  	0.05514791  	0.06304149  	0.19444570  	0.20317054  
2021-12-14 21:32:58.796: iteration 47 finished in 5.240984 seconds
2021-12-14 21:32:58.886: epoch 47:	0.06793933  	0.05573832  	0.12286634  	0.19294034  	0.10698224  	0.13534752  	0.05515921  	0.06301763  	0.19425429  	0.20296459  
2021-12-14 21:33:04.125: iteration 48 finished in 5.237992 seconds
2021-12-14 21:33:04.217: epoch 48:	0.06801995  	0.05577862  	0.12298819  	0.19312026  	0.10698600  	0.13533260  	0.05512737  	0.06297767  	0.19395772  	0.20261452  
2021-12-14 21:33:09.436: iteration 49 finished in 5.219043 seconds
2021-12-14 21:33:09.528: epoch 49:	0.06815432  	0.05572488  	0.12325905  	0.19314748  	0.10691857  	0.13511036  	0.05496613  	0.06275824  	0.19367746  	0.20227900  
2021-12-14 21:33:14.713: iteration 50 finished in 5.185581 seconds
2021-12-14 21:33:14.807: epoch 50:	0.06823494  	0.05577863  	0.12334176  	0.19329113  	0.10701987  	0.13522114  	0.05508855  	0.06286659  	0.19357818  	0.20221466  
