2021-12-16 12:32:16.970: Dataset name: u5
The number of users: 27480
The number of items: 27480
The number of ratings: 83607
Average actions of users: 3.04
Average actions of items: 3.04
The sparsity of the dataset: 99.988928%
2021-12-16 12:32:16.970: 

NeuRec hyperparameters:
recommender=WRMF
config_dir=./conf
gpu_id=0
gpu_mem=0.5
data.input.path=D:\hsyoo\Workingon_210628/_Data/digg/random-barrier/u5/
data.input.dataset=u5
data.output.path=D:\hsyoo\Workingon_210628/_Emb/digg/random-barrier/wrmf/u5_wrmf_directed_dim16_uniform_send.emb
data.column.format=UI
data.convert.separator='\t'
user_min=0
item_min=0
splitter=given
ratio=0.8
by_time=False
metric=["Precision", "Recall", "NDCG", "MAP", "MRR"]
topk=[10, 20]
group_view=None
rec.evaluate.neg=0
test_batch_size=128
num_thread=8
data.index.remap=False

WRMF's hyperparameters:
epochs=50
embedding_size=16
reg_mf=0.1
alpha=10
init_method=uniform
stddev=0.01
verbose=1
weight=uniform

2021-12-16 13:04:07.603: metrics:	Precision@10	Precision@20	Recall@10   	Recall@20   	NDCG@10     	NDCG@20     	MAP@10      	MAP@20      	MRR@10      	MRR@20      
2021-12-16 13:05:57.494: iteration 1 finished in 109.890121 seconds
2021-12-16 13:05:57.849: epoch 1:	0.00232687  	0.00181055  	0.01074335  	0.01704940  	0.00618351  	0.00795852  	0.00341814  	0.00380251  	0.00757039  	0.00840551  
2021-12-16 13:07:45.267: iteration 2 finished in 107.418413 seconds
2021-12-16 13:07:45.607: epoch 2:	0.00250586  	0.00226491  	0.01152890  	0.02097684  	0.00662100  	0.00936525  	0.00360955  	0.00423079  	0.00823712  	0.00947483  
2021-12-16 13:09:31.614: iteration 3 finished in 106.007167 seconds
2021-12-16 13:09:31.945: epoch 3:	0.00264354  	0.00232687  	0.01255640  	0.02218517  	0.00742339  	0.01019196  	0.00429210  	0.00491337  	0.00898684  	0.01026438  
2021-12-16 13:11:17.648: iteration 4 finished in 105.702924 seconds
2021-12-16 13:11:17.992: epoch 4:	0.00272615  	0.00239571  	0.01255619  	0.02227276  	0.00742834  	0.01024725  	0.00431460  	0.00496830  	0.00867683  	0.00988455  
2021-12-16 13:13:03.290: iteration 5 finished in 105.296911 seconds
2021-12-16 13:13:03.625: epoch 5:	0.00287760  	0.00248520  	0.01305688  	0.02293365  	0.00763780  	0.01051917  	0.00435058  	0.00502747  	0.00900891  	0.01025149  
2021-12-16 13:14:48.737: iteration 6 finished in 105.112118 seconds
2021-12-16 13:14:49.086: epoch 6:	0.00305659  	0.00257469  	0.01397942  	0.02407696  	0.00787899  	0.01078164  	0.00435568  	0.00503152  	0.00913266  	0.01033316  
2021-12-16 13:16:34.254: iteration 7 finished in 105.168263 seconds
2021-12-16 13:16:34.587: epoch 7:	0.00315297  	0.00258158  	0.01419426  	0.02408045  	0.00796078  	0.01079554  	0.00438498  	0.00504999  	0.00896078  	0.01014248  
2021-12-16 13:18:20.660: iteration 8 finished in 106.073756 seconds
2021-12-16 13:18:20.998: epoch 8:	0.00313921  	0.00258158  	0.01458584  	0.02393087  	0.00800552  	0.01073878  	0.00435684  	0.00498713  	0.00896520  	0.01018106  
2021-12-16 13:20:07.065: iteration 9 finished in 106.066428 seconds
2021-12-16 13:20:07.412: epoch 9:	0.00302906  	0.00262977  	0.01439219  	0.02424874  	0.00802489  	0.01095063  	0.00446816  	0.00514329  	0.00903055  	0.01032868  
2021-12-16 13:21:53.533: iteration 10 finished in 106.119696 seconds
2021-12-16 13:21:53.876: epoch 10:	0.00308413  	0.00268484  	0.01481403  	0.02474411  	0.00822489  	0.01117383  	0.00459393  	0.00526069  	0.00913682  	0.01046417  
2021-12-16 13:23:38.935: iteration 11 finished in 105.058480 seconds
2021-12-16 13:23:39.286: epoch 11:	0.00307036  	0.00263665  	0.01485146  	0.02434193  	0.00817940  	0.01102814  	0.00454511  	0.00518947  	0.00895657  	0.01027554  
2021-12-16 13:25:25.836: iteration 12 finished in 106.550659 seconds
2021-12-16 13:25:26.175: epoch 12:	0.00311167  	0.00254716  	0.01509957  	0.02358810  	0.00826136  	0.01082137  	0.00455674  	0.00513492  	0.00900082  	0.01023129  
2021-12-16 13:27:10.770: iteration 13 finished in 104.593845 seconds
2021-12-16 13:27:11.110: epoch 13:	0.00312544  	0.00261600  	0.01489533  	0.02436057  	0.00824247  	0.01102785  	0.00456753  	0.00519395  	0.00911791  	0.01038952  
2021-12-16 13:28:56.618: iteration 14 finished in 105.506810 seconds
2021-12-16 13:28:56.962: epoch 14:	0.00305659  	0.00260911  	0.01470492  	0.02444974  	0.00818121  	0.01106786  	0.00457781  	0.00523023  	0.00908519  	0.01041080  
2021-12-16 13:30:44.320: iteration 15 finished in 107.358142 seconds
2021-12-16 13:30:44.674: epoch 15:	0.00304283  	0.00259535  	0.01449091  	0.02450579  	0.00811715  	0.01106588  	0.00452406  	0.00520475  	0.00920746  	0.01054190  
2021-12-16 13:32:29.872: iteration 16 finished in 105.198182 seconds
2021-12-16 13:32:30.200: epoch 16:	0.00307036  	0.00257469  	0.01462432  	0.02426829  	0.00825927  	0.01112312  	0.00467637  	0.00534162  	0.00936460  	0.01067577  
2021-12-16 13:34:15.349: iteration 17 finished in 105.147927 seconds
2021-12-16 13:34:15.688: epoch 17:	0.00309790  	0.00256092  	0.01475742  	0.02445574  	0.00821154  	0.01106166  	0.00455178  	0.00521638  	0.00933908  	0.01063007  
2021-12-16 13:36:00.571: iteration 18 finished in 104.882763 seconds
2021-12-16 13:36:00.909: epoch 18:	0.00316674  	0.00256093  	0.01469431  	0.02458539  	0.00821586  	0.01107330  	0.00452651  	0.00520303  	0.00934345  	0.01057318  
2021-12-16 13:37:45.357: iteration 19 finished in 104.448402 seconds
2021-12-16 13:37:45.698: epoch 19:	0.00312544  	0.00261600  	0.01475458  	0.02512504  	0.00821511  	0.01122820  	0.00453484  	0.00523746  	0.00936613  	0.01067901  
2021-12-16 13:39:30.931: iteration 20 finished in 105.231592 seconds
2021-12-16 13:39:31.267: epoch 20:	0.00308413  	0.00260911  	0.01452724  	0.02478172  	0.00819472  	0.01120145  	0.00456379  	0.00526715  	0.00942301  	0.01076993  
2021-12-16 13:41:16.006: iteration 21 finished in 104.739226 seconds
2021-12-16 13:41:16.319: epoch 21:	0.00307036  	0.00262288  	0.01436267  	0.02478411  	0.00804816  	0.01110201  	0.00441998  	0.00512931  	0.00929314  	0.01064859  
2021-12-16 13:43:01.239: iteration 22 finished in 104.920710 seconds
2021-12-16 13:43:01.585: epoch 22:	0.00315297  	0.00260223  	0.01493521  	0.02437297  	0.00836635  	0.01117510  	0.00462926  	0.00528280  	0.00971230  	0.01098874  
2021-12-16 13:44:45.935: iteration 23 finished in 104.350188 seconds
2021-12-16 13:44:46.262: epoch 23:	0.00319428  	0.00267107  	0.01498340  	0.02527283  	0.00842768  	0.01144740  	0.00467159  	0.00537412  	0.00979399  	0.01114413  
2021-12-16 13:46:31.458: iteration 24 finished in 105.195120 seconds
2021-12-16 13:46:31.799: epoch 24:	0.00323558  	0.00267796  	0.01525036  	0.02536243  	0.00857160  	0.01153894  	0.00475030  	0.00543368  	0.00997740  	0.01132742  
2021-12-16 13:48:16.328: iteration 25 finished in 104.529243 seconds
2021-12-16 13:48:16.656: epoch 25:	0.00322182  	0.00264354  	0.01526183  	0.02490654  	0.00853771  	0.01140827  	0.00469993  	0.00536608  	0.00996931  	0.01131256  
2021-12-16 13:50:01.179: iteration 26 finished in 104.522775 seconds
2021-12-16 13:50:01.518: epoch 26:	0.00329066  	0.00267796  	0.01578197  	0.02508520  	0.00866578  	0.01144564  	0.00470210  	0.00533670  	0.01004220  	0.01133363  
2021-12-16 13:51:46.167: iteration 27 finished in 104.647468 seconds
2021-12-16 13:51:46.502: epoch 27:	0.00327689  	0.00269861  	0.01591480  	0.02519885  	0.00868979  	0.01148187  	0.00471441  	0.00533525  	0.01000259  	0.01134566  
2021-12-16 13:53:30.994: iteration 28 finished in 104.492159 seconds
2021-12-16 13:53:31.339: epoch 28:	0.00319428  	0.00269172  	0.01564708  	0.02517065  	0.00870967  	0.01159325  	0.00484060  	0.00547984  	0.01015568  	0.01155688  
2021-12-16 13:55:16.281: iteration 29 finished in 104.941339 seconds
2021-12-16 13:55:16.625: epoch 29:	0.00319428  	0.00269861  	0.01556382  	0.02526225  	0.00868585  	0.01160514  	0.00483798  	0.00548942  	0.01006985  	0.01145929  
2021-12-16 13:57:01.208: iteration 30 finished in 104.583016 seconds
2021-12-16 13:57:01.550: epoch 30:	0.00318051  	0.00270549  	0.01559938  	0.02557379  	0.00864882  	0.01164147  	0.00478296  	0.00545536  	0.00999440  	0.01140429  
2021-12-16 13:58:46.679: iteration 31 finished in 105.128838 seconds
2021-12-16 13:58:47.015: epoch 31:	0.00308413  	0.00271238  	0.01515060  	0.02537634  	0.00844068  	0.01155450  	0.00466298  	0.00537593  	0.00983934  	0.01132156  
2021-12-16 14:00:31.707: iteration 32 finished in 104.691678 seconds
2021-12-16 14:00:32.040: epoch 32:	0.00313921  	0.00268484  	0.01540761  	0.02530613  	0.00855188  	0.01154682  	0.00471980  	0.00540900  	0.00986245  	0.01126849  
2021-12-16 14:02:17.122: iteration 33 finished in 105.082306 seconds
2021-12-16 14:02:17.466: epoch 33:	0.00315297  	0.00266419  	0.01567150  	0.02512239  	0.00868002  	0.01154938  	0.00481485  	0.00546833  	0.00998117  	0.01134805  
2021-12-16 14:04:03.988: iteration 34 finished in 106.522264 seconds
2021-12-16 14:04:04.317: epoch 34:	0.00308413  	0.00270549  	0.01516322  	0.02544847  	0.00853821  	0.01165068  	0.00481034  	0.00552665  	0.00979513  	0.01125110  
2021-12-16 14:05:49.541: iteration 35 finished in 105.224089 seconds
2021-12-16 14:05:49.885: epoch 35:	0.00309790  	0.00271926  	0.01518862  	0.02561041  	0.00853859  	0.01167454  	0.00478660  	0.00549860  	0.00981890  	0.01128878  
2021-12-16 14:07:34.968: iteration 36 finished in 105.083348 seconds
2021-12-16 14:07:35.299: epoch 36:	0.00309790  	0.00272614  	0.01525823  	0.02572515  	0.00859189  	0.01172403  	0.00484888  	0.00555363  	0.00984310  	0.01129375  
2021-12-16 14:09:20.629: iteration 37 finished in 105.330082 seconds
2021-12-16 14:09:20.985: epoch 37:	0.00311167  	0.00275368  	0.01537871  	0.02612121  	0.00860211  	0.01179703  	0.00483120  	0.00554834  	0.00979972  	0.01126237  
2021-12-16 14:11:06.164: iteration 38 finished in 105.178247 seconds
2021-12-16 14:11:06.492: epoch 38:	0.00311167  	0.00270549  	0.01533855  	0.02563648  	0.00857313  	0.01163744  	0.00480967  	0.00549782  	0.00971182  	0.01113583  
2021-12-16 14:12:51.494: iteration 39 finished in 105.002504 seconds
2021-12-16 14:12:51.827: epoch 39:	0.00309790  	0.00269172  	0.01526053  	0.02575482  	0.00844376  	0.01154507  	0.00467373  	0.00537807  	0.00955621  	0.01095843  
2021-12-16 14:14:37.104: iteration 40 finished in 105.276957 seconds
2021-12-16 14:14:37.442: epoch 40:	0.00309790  	0.00269861  	0.01541657  	0.02565162  	0.00845696  	0.01150505  	0.00466422  	0.00534586  	0.00952327  	0.01094411  
2021-12-16 14:16:22.872: iteration 41 finished in 105.428432 seconds
2021-12-16 14:16:23.202: epoch 41:	0.00311167  	0.00267796  	0.01557720  	0.02530462  	0.00850860  	0.01142240  	0.00468524  	0.00533065  	0.00953851  	0.01091560  
2021-12-16 14:18:08.539: iteration 42 finished in 105.336908 seconds
2021-12-16 14:18:08.866: epoch 42:	0.00311167  	0.00264353  	0.01547853  	0.02489845  	0.00851546  	0.01134253  	0.00470446  	0.00532844  	0.00963204  	0.01097843  
2021-12-16 14:19:54.298: iteration 43 finished in 105.432610 seconds
2021-12-16 14:19:54.634: epoch 43:	0.00309790  	0.00261600  	0.01545558  	0.02476864  	0.00850940  	0.01129570  	0.00471702  	0.00533113  	0.00961101  	0.01093795  
2021-12-16 14:21:40.081: iteration 44 finished in 105.447912 seconds
2021-12-16 14:21:40.425: epoch 44:	0.00313921  	0.00258158  	0.01549983  	0.02441590  	0.00852083  	0.01117937  	0.00470666  	0.00529570  	0.00955424  	0.01082200  
2021-12-16 14:23:25.669: iteration 45 finished in 105.243617 seconds
2021-12-16 14:23:26.008: epoch 45:	0.00316674  	0.00258846  	0.01547306  	0.02443213  	0.00855936  	0.01120556  	0.00473708  	0.00531796  	0.00964914  	0.01089129  
2021-12-16 14:25:11.382: iteration 46 finished in 105.374412 seconds
2021-12-16 14:25:11.720: epoch 46:	0.00315297  	0.00256781  	0.01541160  	0.02436821  	0.00858551  	0.01122155  	0.00477397  	0.00535172  	0.00980765  	0.01105447  
2021-12-16 14:26:56.975: iteration 47 finished in 105.253245 seconds
2021-12-16 14:26:57.308: epoch 47:	0.00315297  	0.00256093  	0.01540127  	0.02426101  	0.00852694  	0.01113528  	0.00470230  	0.00527589  	0.00971509  	0.01093780  
2021-12-16 14:28:42.152: iteration 48 finished in 104.844051 seconds
2021-12-16 14:28:42.487: epoch 48:	0.00315297  	0.00254716  	0.01532423  	0.02422096  	0.00851444  	0.01112276  	0.00470544  	0.00528286  	0.00972214  	0.01092988  
2021-12-16 14:30:27.672: iteration 49 finished in 105.184117 seconds
2021-12-16 14:30:28.012: epoch 49:	0.00309790  	0.00256093  	0.01495697  	0.02429439  	0.00837257  	0.01112427  	0.00464626  	0.00526693  	0.00957593  	0.01084389  
2021-12-16 14:32:13.442: iteration 50 finished in 105.429674 seconds
2021-12-16 14:32:13.770: epoch 50:	0.00308413  	0.00257469  	0.01481928  	0.02460418  	0.00833916  	0.01120368  	0.00463987  	0.00529239  	0.00957446  	0.01087275  
