2021-12-17 07:01:03.983: Dataset name: u5
The number of users: 22457
The number of items: 22457
The number of ratings: 311381
Average actions of users: 13.87
Average actions of items: 13.87
The sparsity of the dataset: 99.938257%
2021-12-17 07:01:03.983: 

NeuRec hyperparameters:
recommender=WRMF
config_dir=./conf
gpu_id=0
gpu_mem=0.5
data.input.path=D:\hsyoo\Workingon_210628/_Data/eat/noniid-out-barrier/u5/
data.input.dataset=u5
data.output.path=D:\hsyoo\Workingon_210628/_Emb/eat/noniid-out-barrier/wrmf/u5_wrmf_directed_dim16_uniform_send.emb
data.column.format=UI
data.convert.separator='\t'
user_min=0
item_min=0
splitter=given
ratio=0.8
by_time=False
metric=["Precision", "Recall", "NDCG", "MAP", "MRR"]
topk=[10, 20]
group_view=None
rec.evaluate.neg=0
test_batch_size=128
num_thread=8
data.index.remap=False

WRMF's hyperparameters:
epochs=50
embedding_size=16
reg_mf=0.1
alpha=10
init_method=uniform
stddev=0.01
verbose=1
weight=uniform

2021-12-17 07:22:24.639: metrics:	Precision@10	Precision@20	Recall@10   	Recall@20   	NDCG@10     	NDCG@20     	MAP@10      	MAP@20      	MRR@10      	MRR@20      
2021-12-17 07:23:38.563: iteration 1 finished in 73.923802 seconds
2021-12-17 07:23:38.941: epoch 1:	0.01203693  	0.01015476  	0.01605452  	0.02702156  	0.01588899  	0.02100208  	0.00592392  	0.00665287  	0.04088024  	0.04560603  
2021-12-17 07:24:53.013: iteration 2 finished in 74.069973 seconds
2021-12-17 07:24:53.384: epoch 2:	0.02696183  	0.02201565  	0.03602179  	0.05879567  	0.03607288  	0.04660942  	0.01419856  	0.01598894  	0.08877046  	0.09650556  
2021-12-17 07:26:06.374: iteration 3 finished in 72.988334 seconds
2021-12-17 07:26:06.761: epoch 3:	0.04018122  	0.03169551  	0.05377173  	0.08490147  	0.05468030  	0.06893378  	0.02227664  	0.02490562  	0.13277285  	0.14189330  
2021-12-17 07:27:19.252: iteration 4 finished in 72.491601 seconds
2021-12-17 07:27:19.637: epoch 4:	0.04694326  	0.03592866  	0.06275848  	0.09577014  	0.06441647  	0.07951032  	0.02665403  	0.02949175  	0.15578924  	0.16486460  
2021-12-17 07:28:32.696: iteration 5 finished in 73.059721 seconds
2021-12-17 07:28:33.077: epoch 5:	0.04986734  	0.03794476  	0.06657150  	0.10107554  	0.06857671  	0.08431516  	0.02850140  	0.03153741  	0.16565014  	0.17475207  
2021-12-17 07:29:45.444: iteration 6 finished in 72.366701 seconds
2021-12-17 07:29:45.818: epoch 6:	0.05134157  	0.03927264  	0.06825739  	0.10485097  	0.07064883  	0.08726469  	0.02946107  	0.03274613  	0.17084987  	0.18023832  
2021-12-17 07:30:58.922: iteration 7 finished in 73.103513 seconds
2021-12-17 07:30:59.281: epoch 7:	0.05240154  	0.03993053  	0.06983214  	0.10690784  	0.07205846  	0.08888528  	0.03009056  	0.03345018  	0.17360745  	0.18298690  
2021-12-17 07:32:11.387: iteration 8 finished in 72.106434 seconds
2021-12-17 07:32:11.762: epoch 8:	0.05320568  	0.04030817  	0.07112420  	0.10789565  	0.07319087  	0.08991797  	0.03058507  	0.03392399  	0.17603560  	0.18534938  
2021-12-17 07:33:24.460: iteration 9 finished in 72.698123 seconds
2021-12-17 07:33:24.833: epoch 9:	0.05337626  	0.04074064  	0.07123988  	0.10905920  	0.07356147  	0.09075660  	0.03078812  	0.03423566  	0.17732079  	0.18689798  
2021-12-17 07:34:36.316: iteration 10 finished in 71.483063 seconds
2021-12-17 07:34:36.690: epoch 10:	0.05351029  	0.04097824  	0.07144594  	0.10965028  	0.07407428  	0.09149961  	0.03109524  	0.03459865  	0.17925179  	0.18902430  
2021-12-17 07:35:48.684: iteration 11 finished in 71.993153 seconds
2021-12-17 07:35:49.074: epoch 11:	0.05353466  	0.04120969  	0.07174270  	0.11018767  	0.07427689  	0.09189490  	0.03121294  	0.03476605  	0.17956910  	0.18932769  
2021-12-17 07:37:00.098: iteration 12 finished in 71.023394 seconds
2021-12-17 07:37:00.457: epoch 12:	0.05336408  	0.04150207  	0.07143325  	0.11100736  	0.07430060  	0.09242661  	0.03129862  	0.03496746  	0.18021612  	0.19015184  
2021-12-17 07:38:11.896: iteration 13 finished in 71.439350 seconds
2021-12-17 07:38:12.270: epoch 13:	0.05346155  	0.04161168  	0.07167292  	0.11140919  	0.07458331  	0.09277568  	0.03146876  	0.03514254  	0.18099844  	0.19093619  
2021-12-17 07:39:23.584: iteration 14 finished in 71.313463 seconds
2021-12-17 07:39:23.959: epoch 14:	0.05351028  	0.04171523  	0.07170167  	0.11163842  	0.07445975  	0.09272545  	0.03136439  	0.03503981  	0.18027206  	0.19025829  
2021-12-17 07:40:35.004: iteration 15 finished in 71.029629 seconds
2021-12-17 07:40:35.384: epoch 15:	0.05357119  	0.04168477  	0.07174759  	0.11167856  	0.07460908  	0.09285779  	0.03147302  	0.03514889  	0.18066873  	0.19069329  
2021-12-17 07:41:46.630: iteration 16 finished in 71.245396 seconds
2021-12-17 07:41:47.000: epoch 16:	0.05344936  	0.04170914  	0.07157138  	0.11165918  	0.07477528  	0.09313913  	0.03163720  	0.03535241  	0.18185338  	0.19196394  
2021-12-17 07:42:59.480: iteration 17 finished in 72.479853 seconds
2021-12-17 07:42:59.855: epoch 17:	0.05361992  	0.04177006  	0.07177835  	0.11180991  	0.07497359  	0.09328818  	0.03170935  	0.03541992  	0.18225940  	0.19229092  
2021-12-17 07:44:11.668: iteration 18 finished in 71.812320 seconds
2021-12-17 07:44:12.043: epoch 18:	0.05376612  	0.04178835  	0.07203867  	0.11200564  	0.07508014  	0.09332784  	0.03173801  	0.03542583  	0.18219940  	0.19220521  
2021-12-17 07:45:24.452: iteration 19 finished in 72.408508 seconds
2021-12-17 07:45:24.832: epoch 19:	0.05370520  	0.04174570  	0.07208055  	0.11186693  	0.07517879  	0.09338252  	0.03180262  	0.03548283  	0.18288979  	0.19290304  
2021-12-17 07:46:36.432: iteration 20 finished in 71.600140 seconds
2021-12-17 07:46:36.804: epoch 20:	0.05391233  	0.04166651  	0.07240435  	0.11168791  	0.07536688  	0.09332564  	0.03186730  	0.03550148  	0.18289129  	0.19272645  
2021-12-17 07:47:48.121: iteration 21 finished in 71.316526 seconds
2021-12-17 07:47:48.493: epoch 21:	0.05397324  	0.04170307  	0.07248133  	0.11176258  	0.07554009  	0.09349119  	0.03198040  	0.03559704  	0.18348978  	0.19334030  
2021-12-17 07:49:00.224: iteration 22 finished in 71.730858 seconds
2021-12-17 07:49:00.602: epoch 22:	0.05407071  	0.04178834  	0.07253996  	0.11198346  	0.07560301  	0.09361316  	0.03201132  	0.03564388  	0.18345107  	0.19327106  
2021-12-17 07:50:11.988: iteration 23 finished in 71.385294 seconds
2021-12-17 07:50:12.379: epoch 23:	0.05416819  	0.04183706  	0.07271457  	0.11213318  	0.07578302  	0.09378383  	0.03208747  	0.03572693  	0.18398069  	0.19373795  
2021-12-17 07:51:23.773: iteration 24 finished in 71.393699 seconds
2021-12-17 07:51:24.132: epoch 24:	0.05416817  	0.04176395  	0.07277399  	0.11193188  	0.07580034  	0.09370382  	0.03209702  	0.03570999  	0.18396528  	0.19371346  
2021-12-17 07:52:35.269: iteration 25 finished in 71.136826 seconds
2021-12-17 07:52:35.640: epoch 25:	0.05421691  	0.04177613  	0.07285303  	0.11201926  	0.07586730  	0.09376635  	0.03212788  	0.03574941  	0.18406530  	0.19379258  
2021-12-17 07:53:47.177: iteration 26 finished in 71.537016 seconds
2021-12-17 07:53:47.551: epoch 26:	0.05431437  	0.04180050  	0.07296711  	0.11207005  	0.07594515  	0.09380593  	0.03215573  	0.03576826  	0.18411584  	0.19383375  
2021-12-17 07:54:59.016: iteration 27 finished in 71.465764 seconds
2021-12-17 07:54:59.416: epoch 27:	0.05431437  	0.04180658  	0.07297417  	0.11212362  	0.07604570  	0.09391079  	0.03222523  	0.03581966  	0.18463281  	0.19441894  
2021-12-17 07:56:11.182: iteration 28 finished in 71.765159 seconds
2021-12-17 07:56:11.549: epoch 28:	0.05453368  	0.04181875  	0.07326733  	0.11214814  	0.07618918  	0.09391153  	0.03224257  	0.03580446  	0.18471362  	0.19436570  
2021-12-17 07:57:23.122: iteration 29 finished in 71.572718 seconds
2021-12-17 07:57:23.497: epoch 29:	0.05442403  	0.04178829  	0.07310443  	0.11202391  	0.07604553  	0.09381198  	0.03217641  	0.03574612  	0.18440346  	0.19417432  
2021-12-17 07:58:35.349: iteration 30 finished in 71.852300 seconds
2021-12-17 07:58:35.731: epoch 30:	0.05447277  	0.04171519  	0.07327274  	0.11167550  	0.07616168  	0.09373581  	0.03222950  	0.03576356  	0.18459585  	0.19427860  
2021-12-17 07:59:47.295: iteration 31 finished in 71.564038 seconds
2021-12-17 07:59:47.672: epoch 31:	0.05464333  	0.04172128  	0.07347078  	0.11174859  	0.07625909  	0.09373771  	0.03223981  	0.03574647  	0.18453418  	0.19414787  
2021-12-17 08:00:59.882: iteration 32 finished in 72.209109 seconds
2021-12-17 08:01:00.272: epoch 32:	0.05465551  	0.04179437  	0.07332908  	0.11190492  	0.07618784  	0.09377827  	0.03219945  	0.03573973  	0.18436509  	0.19398041  
2021-12-17 08:02:11.240: iteration 33 finished in 70.967609 seconds
2021-12-17 08:02:11.623: epoch 33:	0.05460678  	0.04183700  	0.07330769  	0.11189447  	0.07625719  	0.09389432  	0.03226941  	0.03580184  	0.18481588  	0.19454367  
2021-12-17 08:03:23.903: iteration 34 finished in 72.280117 seconds
2021-12-17 08:03:24.282: epoch 34:	0.05470424  	0.04177609  	0.07342725  	0.11173233  	0.07639138  	0.09388840  	0.03233131  	0.03582784  	0.18518238  	0.19485672  
2021-12-17 08:04:35.980: iteration 35 finished in 71.698726 seconds
2021-12-17 08:04:36.358: epoch 35:	0.05470424  	0.04171519  	0.07345453  	0.11153274  	0.07645548  	0.09386445  	0.03237950  	0.03586892  	0.18538305  	0.19500269  
2021-12-17 08:05:48.509: iteration 36 finished in 72.150291 seconds
2021-12-17 08:05:48.885: epoch 36:	0.05474080  	0.04168473  	0.07348312  	0.11142570  	0.07650866  	0.09385312  	0.03241296  	0.03588620  	0.18550108  	0.19508564  
2021-12-17 08:07:00.463: iteration 37 finished in 71.577191 seconds
2021-12-17 08:07:00.836: epoch 37:	0.05469207  	0.04173345  	0.07336998  	0.11148377  	0.07649660  	0.09392389  	0.03243027  	0.03591224  	0.18561120  	0.19524564  
2021-12-17 08:08:13.052: iteration 38 finished in 72.215676 seconds
2021-12-17 08:08:13.411: epoch 38:	0.05464333  	0.04169689  	0.07326380  	0.11140569  	0.07646286  	0.09390158  	0.03241998  	0.03590621  	0.18562612  	0.19531272  
2021-12-17 08:09:24.829: iteration 39 finished in 71.418290 seconds
2021-12-17 08:09:25.207: epoch 39:	0.05467988  	0.04180044  	0.07336678  	0.11169352  	0.07654541  	0.09405804  	0.03245015  	0.03594660  	0.18588385  	0.19554681  
2021-12-17 08:10:36.746: iteration 40 finished in 71.539202 seconds
2021-12-17 08:10:37.120: epoch 40:	0.05459459  	0.04181262  	0.07321871  	0.11170567  	0.07645324  	0.09404537  	0.03241758  	0.03593030  	0.18578374  	0.19549662  
2021-12-17 08:11:48.695: iteration 41 finished in 71.574326 seconds
2021-12-17 08:11:49.070: epoch 41:	0.05461895  	0.04182480  	0.07326671  	0.11182564  	0.07647102  	0.09407039  	0.03242322  	0.03593656  	0.18573800  	0.19543874  
2021-12-17 08:13:00.320: iteration 42 finished in 71.249831 seconds
2021-12-17 08:13:00.695: epoch 42:	0.05469205  	0.04180044  	0.07336561  	0.11175961  	0.07651564  	0.09403393  	0.03244475  	0.03592857  	0.18572302  	0.19539984  
2021-12-17 08:14:12.354: iteration 43 finished in 71.659232 seconds
2021-12-17 08:14:12.729: epoch 43:	0.05455803  	0.04182480  	0.07316671  	0.11183189  	0.07639048  	0.09405474  	0.03240541  	0.03592806  	0.18554646  	0.19530861  
2021-12-17 08:15:24.224: iteration 44 finished in 71.493774 seconds
2021-12-17 08:15:24.600: epoch 44:	0.05458239  	0.04186743  	0.07314430  	0.11187428  	0.07639120  	0.09408779  	0.03239395  	0.03592081  	0.18560109  	0.19540946  
2021-12-17 08:16:36.999: iteration 45 finished in 72.399031 seconds
2021-12-17 08:16:37.380: epoch 45:	0.05457021  	0.04184918  	0.07311308  	0.11182900  	0.07641509  	0.09410612  	0.03242336  	0.03595254  	0.18568668  	0.19550084  
2021-12-17 08:17:49.045: iteration 46 finished in 71.664985 seconds
2021-12-17 08:17:49.426: epoch 46:	0.05455803  	0.04187354  	0.07309692  	0.11191703  	0.07638392  	0.09411906  	0.03240488  	0.03595026  	0.18563049  	0.19541629  
2021-12-17 08:19:01.901: iteration 47 finished in 72.474344 seconds
2021-12-17 08:19:02.291: epoch 47:	0.05449711  	0.04186137  	0.07298763  	0.11188965  	0.07632399  	0.09409804  	0.03238435  	0.03594577  	0.18553936  	0.19529971  
2021-12-17 08:20:13.777: iteration 48 finished in 71.485610 seconds
2021-12-17 08:20:14.157: epoch 48:	0.05453367  	0.04183700  	0.07315335  	0.11180760  	0.07637715  	0.09406507  	0.03239845  	0.03594556  	0.18546905  	0.19519077  
2021-12-17 08:21:26.119: iteration 49 finished in 71.962193 seconds
2021-12-17 08:21:26.500: epoch 49:	0.05461895  	0.04181262  	0.07327579  	0.11174107  	0.07642803  	0.09402476  	0.03240328  	0.03593457  	0.18537457  	0.19504549  
2021-12-17 08:22:38.292: iteration 50 finished in 71.792007 seconds
2021-12-17 08:22:38.664: epoch 50:	0.05460677  	0.04177608  	0.07326744  	0.11161458  	0.07641295  	0.09396300  	0.03239501  	0.03590823  	0.18534113  	0.19505823  
