2021-12-14 20:06:16.139: Dataset name: u5
The number of users: 6289
The number of items: 6289
The number of ratings: 20764
Average actions of users: 3.30
Average actions of items: 3.30
The sparsity of the dataset: 99.947501%
2021-12-14 20:06:16.139: 

NeuRec hyperparameters:
recommender=WRMF
config_dir=./conf
gpu_id=0
gpu_mem=0.5
data.input.path=D:\hsyoo\Workingon_210628/_Data/p2p-Gnutella08/random-barrier/u5/
data.input.dataset=u5
data.output.path=D:\hsyoo\Workingon_210628/_Emb/p2p-Gnutella08/random-barrier/wrmf/u5_wrmf_directed_dim16_uniform_send.emb
data.column.format=UI
data.convert.separator='\t'
user_min=0
item_min=0
splitter=given
ratio=0.8
by_time=False
metric=["Precision", "Recall", "NDCG", "MAP", "MRR"]
topk=[10, 20]
group_view=None
rec.evaluate.neg=0
test_batch_size=128
num_thread=8
data.index.remap=False

WRMF's hyperparameters:
epochs=50
embedding_size=16
reg_mf=0.1
alpha=10
init_method=uniform
stddev=0.01
verbose=1
weight=uniform

2021-12-14 20:07:58.410: metrics:	Precision@10	Precision@20	Recall@10   	Recall@20   	NDCG@10     	NDCG@20     	MAP@10      	MAP@20      	MRR@10      	MRR@20      
2021-12-14 20:08:04.020: iteration 1 finished in 5.609998 seconds
2021-12-14 20:08:04.078: epoch 1:	0.00992648  	0.00850842  	0.04207809  	0.07212885  	0.02551219  	0.03512857  	0.01451776  	0.01717823  	0.02893511  	0.03223460  
2021-12-14 20:08:08.572: iteration 2 finished in 4.493982 seconds
2021-12-14 20:08:08.622: epoch 2:	0.01307775  	0.01244747  	0.05588236  	0.10567227  	0.03335085  	0.04930753  	0.01915330  	0.02390061  	0.03605254  	0.04082162  
2021-12-14 20:08:13.093: iteration 3 finished in 4.470261 seconds
2021-12-14 20:08:13.140: epoch 3:	0.01617650  	0.01425943  	0.07147235  	0.12138479  	0.04101988  	0.05719141  	0.02317046  	0.02820876  	0.04323168  	0.04734450  
2021-12-14 20:08:17.550: iteration 4 finished in 4.410779 seconds
2021-12-14 20:08:17.582: epoch 4:	0.01733196  	0.01494220  	0.07415529  	0.12535450  	0.04396600  	0.06058596  	0.02515730  	0.03066145  	0.04699444  	0.05095375  
2021-12-14 20:08:22.027: iteration 5 finished in 4.444940 seconds
2021-12-14 20:08:22.068: epoch 5:	0.01785717  	0.01538863  	0.07563461  	0.12931985  	0.04546714  	0.06278567  	0.02618160  	0.03205780  	0.04889205  	0.05269914  
2021-12-14 20:08:26.473: iteration 6 finished in 4.404222 seconds
2021-12-14 20:08:26.514: epoch 6:	0.01838237  	0.01580880  	0.07791929  	0.13211222  	0.04620463  	0.06361563  	0.02641805  	0.03230597  	0.04884226  	0.05246619  
2021-12-14 20:08:30.943: iteration 7 finished in 4.428158 seconds
2021-12-14 20:08:30.984: epoch 7:	0.01901262  	0.01562498  	0.07996762  	0.13089548  	0.04698418  	0.06330847  	0.02661210  	0.03215443  	0.04900209  	0.05247276  
2021-12-14 20:08:35.421: iteration 8 finished in 4.437134 seconds
2021-12-14 20:08:35.463: epoch 8:	0.01896010  	0.01570376  	0.07941615  	0.13209473  	0.04663664  	0.06336679  	0.02637556  	0.03188358  	0.04840124  	0.05217268  
2021-12-14 20:08:39.876: iteration 9 finished in 4.413198 seconds
2021-12-14 20:08:39.918: epoch 9:	0.01917018  	0.01575628  	0.07989758  	0.13231355  	0.04756246  	0.06417748  	0.02722588  	0.03270410  	0.04994058  	0.05367234  
2021-12-14 20:08:44.328: iteration 10 finished in 4.410206 seconds
2021-12-14 20:08:44.368: epoch 10:	0.01917018  	0.01591385  	0.08007265  	0.13423933  	0.04793783  	0.06504406  	0.02749810  	0.03313676  	0.05096496  	0.05478698  
2021-12-14 20:08:48.758: iteration 11 finished in 4.389261 seconds
2021-12-14 20:08:48.801: epoch 11:	0.01922270  	0.01580880  	0.08092612  	0.13292630  	0.04799115  	0.06454754  	0.02739180  	0.03290885  	0.05048853  	0.05415010  
2021-12-14 20:08:53.217: iteration 12 finished in 4.416175 seconds
2021-12-14 20:08:53.259: epoch 12:	0.01922270  	0.01580881  	0.08095237  	0.13330270  	0.04782518  	0.06447776  	0.02712936  	0.03269980  	0.05018007  	0.05384435  
2021-12-14 20:08:57.823: iteration 13 finished in 4.563795 seconds
2021-12-14 20:08:57.866: epoch 13:	0.01901262  	0.01583507  	0.07983194  	0.13365285  	0.04750706  	0.06462011  	0.02712149  	0.03279019  	0.04989871  	0.05379885  
2021-12-14 20:09:02.296: iteration 14 finished in 4.430153 seconds
2021-12-14 20:09:02.337: epoch 14:	0.01896010  	0.01591385  	0.08012079  	0.13452820  	0.04723119  	0.06455242  	0.02680092  	0.03249229  	0.04912903  	0.05316411  
2021-12-14 20:09:06.813: iteration 15 finished in 4.476030 seconds
2021-12-14 20:09:06.857: epoch 15:	0.01906514  	0.01588759  	0.08073353  	0.13439690  	0.04750902  	0.06459953  	0.02690393  	0.03257177  	0.04937516  	0.05322064  
2021-12-14 20:09:11.360: iteration 16 finished in 4.503207 seconds
2021-12-14 20:09:11.422: epoch 16:	0.01922270  	0.01599263  	0.08134628  	0.13527226  	0.04828714  	0.06545585  	0.02759548  	0.03332022  	0.05070966  	0.05447073  
2021-12-14 20:09:15.901: iteration 17 finished in 4.478675 seconds
2021-12-14 20:09:15.948: epoch 17:	0.01927522  	0.01607141  	0.08191526  	0.13584122  	0.04836633  	0.06558995  	0.02754173  	0.03330352  	0.05072945  	0.05449492  
2021-12-14 20:09:20.417: iteration 18 finished in 4.469562 seconds
2021-12-14 20:09:20.464: epoch 18:	0.01927522  	0.01607141  	0.08200279  	0.13632706  	0.04818875  	0.06550208  	0.02725365  	0.03304814  	0.05055585  	0.05430317  
2021-12-14 20:09:24.953: iteration 19 finished in 4.488708 seconds
2021-12-14 20:09:24.993: epoch 19:	0.01938026  	0.01601889  	0.08270308  	0.13562676  	0.04876714  	0.06570639  	0.02771778  	0.03340124  	0.05141222  	0.05508361  
2021-12-14 20:09:29.464: iteration 20 finished in 4.471043 seconds
2021-12-14 20:09:29.505: epoch 20:	0.01948531  	0.01609767  	0.08292191  	0.13635333  	0.04880315  	0.06584980  	0.02769159  	0.03340825  	0.05143224  	0.05504185  
2021-12-14 20:09:33.984: iteration 21 finished in 4.479021 seconds
2021-12-14 20:09:34.026: epoch 21:	0.01943278  	0.01607141  	0.08257177  	0.13617824  	0.04886991  	0.06598741  	0.02788941  	0.03364470  	0.05158417  	0.05521983  
2021-12-14 20:09:38.504: iteration 22 finished in 4.478024 seconds
2021-12-14 20:09:38.544: epoch 22:	0.01938026  	0.01607141  	0.08200279  	0.13630953  	0.04864025  	0.06591780  	0.02781530  	0.03359896  	0.05124113  	0.05498371  
2021-12-14 20:09:43.039: iteration 23 finished in 4.494979 seconds
2021-12-14 20:09:43.077: epoch 23:	0.01927522  	0.01609767  	0.08192401  	0.13644084  	0.04856884  	0.06597442  	0.02776879  	0.03359731  	0.05119485  	0.05500918  
2021-12-14 20:09:47.570: iteration 24 finished in 4.492985 seconds
2021-12-14 20:09:47.609: epoch 24:	0.01927522  	0.01612393  	0.08205532  	0.13670345  	0.04855808  	0.06600967  	0.02772541  	0.03358904  	0.05115567  	0.05491009  
2021-12-14 20:09:52.110: iteration 25 finished in 4.499966 seconds
2021-12-14 20:09:52.153: epoch 25:	0.01927522  	0.01601889  	0.08240546  	0.13512781  	0.04866404  	0.06565066  	0.02778069  	0.03353849  	0.05117692  	0.05480874  
2021-12-14 20:09:56.621: iteration 26 finished in 4.468051 seconds
2021-12-14 20:09:56.660: epoch 26:	0.01896010  	0.01601889  	0.08103116  	0.13510156  	0.04835257  	0.06581116  	0.02785461  	0.03374394  	0.05119089  	0.05505191  
2021-12-14 20:10:01.154: iteration 27 finished in 4.492984 seconds
2021-12-14 20:10:01.194: epoch 27:	0.01901262  	0.01601889  	0.08120623  	0.13549547  	0.04867131  	0.06613632  	0.02829898  	0.03415868  	0.05127905  	0.05520248  
2021-12-14 20:10:05.689: iteration 28 finished in 4.494979 seconds
2021-12-14 20:10:05.729: epoch 28:	0.01880253  	0.01607141  	0.08050596  	0.13567054  	0.04829984  	0.06609198  	0.02813263  	0.03408664  	0.05082283  	0.05486961  
2021-12-14 20:10:10.227: iteration 29 finished in 4.497013 seconds
2021-12-14 20:10:10.274: epoch 29:	0.01890758  	0.01607141  	0.08087361  	0.13600317  	0.04842211  	0.06611366  	0.02816818  	0.03406749  	0.05090598  	0.05487018  
2021-12-14 20:10:14.728: iteration 30 finished in 4.454639 seconds
2021-12-14 20:10:14.760: epoch 30:	0.01890758  	0.01601889  	0.08082984  	0.13556550  	0.04852393  	0.06608168  	0.02828198  	0.03416684  	0.05111023  	0.05495823  
2021-12-14 20:10:19.244: iteration 31 finished in 4.484693 seconds
2021-12-14 20:10:19.291: epoch 31:	0.01890758  	0.01596637  	0.08089111  	0.13512781  	0.04845445  	0.06588252  	0.02821366  	0.03402239  	0.05094746  	0.05486723  
2021-12-14 20:10:23.813: iteration 32 finished in 4.522220 seconds
2021-12-14 20:10:23.855: epoch 32:	0.01885506  	0.01596637  	0.08040968  	0.13521536  	0.04821977  	0.06578211  	0.02804761  	0.03391374  	0.05073988  	0.05461369  
2021-12-14 20:10:28.375: iteration 33 finished in 4.519912 seconds
2021-12-14 20:10:28.415: epoch 33:	0.01880253  	0.01594011  	0.08023460  	0.13504028  	0.04809785  	0.06566475  	0.02795080  	0.03383126  	0.05069173  	0.05453549  
2021-12-14 20:10:32.977: iteration 34 finished in 4.561800 seconds
2021-12-14 20:10:33.019: epoch 34:	0.01875001  	0.01594011  	0.07970939  	0.13490897  	0.04789927  	0.06557484  	0.02782489  	0.03372533  	0.05061817  	0.05452735  
2021-12-14 20:10:37.574: iteration 35 finished in 4.554819 seconds
2021-12-14 20:10:37.615: epoch 35:	0.01869749  	0.01591385  	0.07896534  	0.13464637  	0.04766143  	0.06545829  	0.02772360  	0.03368001  	0.05039287  	0.05432875  
2021-12-14 20:10:42.168: iteration 36 finished in 4.553822 seconds
2021-12-14 20:10:42.207: epoch 36:	0.01864497  	0.01588759  	0.07848390  	0.13447130  	0.04757600  	0.06546092  	0.02771398  	0.03371730  	0.05046039  	0.05442763  
2021-12-14 20:10:46.750: iteration 37 finished in 4.541854 seconds
2021-12-14 20:10:46.790: epoch 37:	0.01875001  	0.01596637  	0.07874650  	0.13543421  	0.04762501  	0.06564000  	0.02768666  	0.03370639  	0.05038495  	0.05437134  
2021-12-14 20:10:51.349: iteration 38 finished in 4.558680 seconds
2021-12-14 20:10:51.380: epoch 38:	0.01869749  	0.01599263  	0.07861520  	0.13556550  	0.04752630  	0.06562633  	0.02764172  	0.03367739  	0.05020988  	0.05422845  
2021-12-14 20:10:55.928: iteration 39 finished in 4.548471 seconds
2021-12-14 20:10:55.975: epoch 39:	0.01869749  	0.01601889  	0.07861520  	0.13539045  	0.04743534  	0.06550367  	0.02755430  	0.03356825  	0.05003564  	0.05403810  
2021-12-14 20:11:00.505: iteration 40 finished in 4.529723 seconds
2021-12-14 20:11:00.552: epoch 40:	0.01869749  	0.01594011  	0.07861520  	0.13486524  	0.04741977  	0.06530665  	0.02755274  	0.03353120  	0.04993915  	0.05384558  
2021-12-14 20:11:05.131: iteration 41 finished in 4.578899 seconds
2021-12-14 20:11:05.162: epoch 41:	0.01864497  	0.01594011  	0.07852767  	0.13490900  	0.04745985  	0.06538461  	0.02760807  	0.03359533  	0.05021009  	0.05410701  
2021-12-14 20:11:09.710: iteration 42 finished in 4.548179 seconds
2021-12-14 20:11:09.741: epoch 42:	0.01869749  	0.01594011  	0.07863270  	0.13490900  	0.04745987  	0.06533551  	0.02760168  	0.03356018  	0.04999124  	0.05389147  
2021-12-14 20:11:14.305: iteration 43 finished in 4.563071 seconds
2021-12-14 20:11:14.351: epoch 43:	0.01859245  	0.01599263  	0.07819504  	0.13543421  	0.04729581  	0.06547993  	0.02754965  	0.03359643  	0.04990809  	0.05388281  
2021-12-14 20:11:18.890: iteration 44 finished in 4.538331 seconds
2021-12-14 20:11:18.921: epoch 44:	0.01848741  	0.01596637  	0.07701331  	0.13517161  	0.04702190  	0.06545156  	0.02751058  	0.03364522  	0.04991496  	0.05395919  
2021-12-14 20:11:23.522: iteration 45 finished in 4.601434 seconds
2021-12-14 20:11:23.563: epoch 45:	0.01853993  	0.01601889  	0.07727592  	0.13591567  	0.04707794  	0.06560151  	0.02754077  	0.03367286  	0.04979742  	0.05388463  
2021-12-14 20:11:28.144: iteration 46 finished in 4.580750 seconds
2021-12-14 20:11:28.185: epoch 46:	0.01853993  	0.01604516  	0.07727592  	0.13565305  	0.04712934  	0.06561469  	0.02763837  	0.03373841  	0.04985265  	0.05395960  
2021-12-14 20:11:32.801: iteration 47 finished in 4.615656 seconds
2021-12-14 20:11:32.841: epoch 47:	0.01853993  	0.01612394  	0.07727592  	0.13617827  	0.04714173  	0.06578575  	0.02764020  	0.03377734  	0.04988391  	0.05403583  
2021-12-14 20:11:37.408: iteration 48 finished in 4.566787 seconds
2021-12-14 20:11:37.449: epoch 48:	0.01853993  	0.01609767  	0.07727592  	0.13630956  	0.04724662  	0.06588653  	0.02775283  	0.03388414  	0.05017924  	0.05431881  
2021-12-14 20:11:42.040: iteration 49 finished in 4.589725 seconds
2021-12-14 20:11:42.082: epoch 49:	0.01843489  	0.01607141  	0.07703958  	0.13604696  	0.04721908  	0.06588044  	0.02779033  	0.03393044  	0.05040454  	0.05453169  
2021-12-14 20:11:46.671: iteration 50 finished in 4.588729 seconds
2021-12-14 20:11:46.712: epoch 50:	0.01838237  	0.01609767  	0.07690828  	0.13617827  	0.04704588  	0.06579951  	0.02765682  	0.03380136  	0.05013193  	0.05433388  
