2021-12-15 10:43:29.673: Dataset name: u5
The number of users: 27128
The number of items: 27128
The number of ratings: 83051
Average actions of users: 3.06
Average actions of items: 3.06
The sparsity of the dataset: 99.988715%
2021-12-15 10:43:29.673: 

NeuRec hyperparameters:
recommender=WRMF
config_dir=./conf
gpu_id=0
gpu_mem=0.5
data.input.path=D:\hsyoo\Workingon_210628/_Data/digg/noniid-in-barrier/u5/
data.input.dataset=u5
data.output.path=D:\hsyoo\Workingon_210628/_Emb/digg/noniid-in-barrier/wrmf/u5_wrmf_directed_dim16_uniform_send.emb
data.column.format=UI
data.convert.separator='\t'
user_min=0
item_min=0
splitter=given
ratio=0.8
by_time=False
metric=["Precision", "Recall", "NDCG", "MAP", "MRR"]
topk=[10, 20]
group_view=None
rec.evaluate.neg=0
test_batch_size=128
num_thread=8
data.index.remap=False

WRMF's hyperparameters:
epochs=50
embedding_size=16
reg_mf=0.1
alpha=10
init_method=uniform
stddev=0.01
verbose=1
weight=uniform

2021-12-15 11:14:59.715: metrics:	Precision@10	Precision@20	Recall@10   	Recall@20   	NDCG@10     	NDCG@20     	MAP@10      	MAP@20      	MRR@10      	MRR@20      
2021-12-15 11:16:49.655: iteration 1 finished in 109.938481 seconds
2021-12-15 11:16:49.996: epoch 1:	0.00022640  	0.00021933  	0.00105462  	0.00229300  	0.00052867  	0.00086325  	0.00025364  	0.00033232  	0.00060885  	0.00075130  
2021-12-15 11:18:36.504: iteration 2 finished in 106.508008 seconds
2021-12-15 11:18:36.849: epoch 2:	0.00021225  	0.00021225  	0.00141211  	0.00249259  	0.00066237  	0.00097452  	0.00035951  	0.00042955  	0.00064266  	0.00079114  
2021-12-15 11:20:21.846: iteration 3 finished in 104.996751 seconds
2021-12-15 11:20:22.167: epoch 3:	0.00026886  	0.00021933  	0.00163869  	0.00237467  	0.00077963  	0.00099428  	0.00041784  	0.00046170  	0.00071925  	0.00083214  
2021-12-15 11:22:05.584: iteration 4 finished in 103.416303 seconds
2021-12-15 11:22:05.909: epoch 4:	0.00022640  	0.00024055  	0.00121418  	0.00262820  	0.00066155  	0.00106657  	0.00036939  	0.00046654  	0.00075760  	0.00094174  
2021-12-15 11:23:50.057: iteration 5 finished in 104.148696 seconds
2021-12-15 11:23:50.384: epoch 5:	0.00021225  	0.00024763  	0.00104909  	0.00259282  	0.00063028  	0.00107176  	0.00036520  	0.00046654  	0.00078455  	0.00097327  
2021-12-15 11:25:33.274: iteration 6 finished in 102.889195 seconds
2021-12-15 11:25:33.596: epoch 6:	0.00022640  	0.00025470  	0.00111984  	0.00259191  	0.00066115  	0.00107495  	0.00037474  	0.00046247  	0.00081813  	0.00099693  
2021-12-15 11:27:18.703: iteration 7 finished in 105.106700 seconds
2021-12-15 11:27:19.016: epoch 7:	0.00025471  	0.00027593  	0.00126135  	0.00273577  	0.00072797  	0.00114179  	0.00040337  	0.00048630  	0.00088613  	0.00106981  
2021-12-15 11:29:02.175: iteration 8 finished in 103.158640 seconds
2021-12-15 11:29:02.499: epoch 8:	0.00025471  	0.00027593  	0.00114343  	0.00259993  	0.00069940  	0.00111861  	0.00039104  	0.00048048  	0.00087670  	0.00107442  
2021-12-15 11:30:46.635: iteration 9 finished in 104.136553 seconds
2021-12-15 11:30:46.959: epoch 9:	0.00028301  	0.00026886  	0.00118969  	0.00242412  	0.00072462  	0.00107890  	0.00039028  	0.00046454  	0.00092325  	0.00109670  
2021-12-15 11:32:29.812: iteration 10 finished in 102.852203 seconds
2021-12-15 11:32:30.131: epoch 10:	0.00028301  	0.00027593  	0.00118969  	0.00240644  	0.00071346  	0.00107482  	0.00037186  	0.00044910  	0.00094431  	0.00113607  
2021-12-15 11:34:14.704: iteration 11 finished in 104.572867 seconds
2021-12-15 11:34:15.016: epoch 11:	0.00028301  	0.00028301  	0.00129582  	0.00243002  	0.00074413  	0.00109788  	0.00038514  	0.00045855  	0.00096042  	0.00116943  
2021-12-15 11:35:58.235: iteration 12 finished in 103.218315 seconds
2021-12-15 11:35:58.562: epoch 12:	0.00031131  	0.00028301  	0.00145501  	0.00243002  	0.00077237  	0.00107842  	0.00038025  	0.00044077  	0.00091544  	0.00110104  
2021-12-15 11:37:42.958: iteration 13 finished in 104.395822 seconds
2021-12-15 11:37:43.282: epoch 13:	0.00033961  	0.00029716  	0.00153273  	0.00261869  	0.00078970  	0.00111289  	0.00037258  	0.00043705  	0.00091090  	0.00108695  
2021-12-15 11:39:26.315: iteration 14 finished in 103.032478 seconds
2021-12-15 11:39:26.641: epoch 14:	0.00033961  	0.00029008  	0.00152659  	0.00247719  	0.00077870  	0.00107244  	0.00036483  	0.00042464  	0.00085980  	0.00102324  
2021-12-15 11:41:11.317: iteration 15 finished in 104.675260 seconds
2021-12-15 11:41:11.645: epoch 15:	0.00033961  	0.00030423  	0.00152659  	0.00253615  	0.00080119  	0.00111501  	0.00038403  	0.00044620  	0.00093560  	0.00111019  
2021-12-15 11:42:54.719: iteration 16 finished in 103.073876 seconds
2021-12-15 11:42:55.037: epoch 16:	0.00033961  	0.00029716  	0.00152659  	0.00248898  	0.00081745  	0.00111862  	0.00039878  	0.00046072  	0.00096845  	0.00113709  
2021-12-15 11:44:39.257: iteration 17 finished in 104.219027 seconds
2021-12-15 11:44:39.572: epoch 17:	0.00031131  	0.00029716  	0.00145921  	0.00264564  	0.00077935  	0.00114203  	0.00038566  	0.00046286  	0.00092538  	0.00112077  
2021-12-15 11:46:22.703: iteration 18 finished in 103.130903 seconds
2021-12-15 11:46:23.031: epoch 18:	0.00031131  	0.00029008  	0.00145921  	0.00246916  	0.00078020  	0.00110071  	0.00038728  	0.00045511  	0.00091747  	0.00110226  
2021-12-15 11:48:06.256: iteration 19 finished in 103.225099 seconds
2021-12-15 11:48:06.587: epoch 19:	0.00031131  	0.00029008  	0.00145921  	0.00256012  	0.00078607  	0.00112245  	0.00039186  	0.00046435  	0.00093993  	0.00112208  
2021-12-15 11:49:49.947: iteration 20 finished in 103.359267 seconds
2021-12-15 11:49:50.274: epoch 20:	0.00029716  	0.00029716  	0.00137757  	0.00263088  	0.00076827  	0.00114824  	0.00039295  	0.00047683  	0.00093263  	0.00113272  
2021-12-15 11:51:33.861: iteration 21 finished in 103.587566 seconds
2021-12-15 11:51:34.195: epoch 21:	0.00026886  	0.00029716  	0.00132475  	0.00263088  	0.00073510  	0.00114390  	0.00038273  	0.00047357  	0.00089096  	0.00111584  
2021-12-15 11:53:18.369: iteration 22 finished in 104.173852 seconds
2021-12-15 11:53:18.697: epoch 22:	0.00026886  	0.00027593  	0.00132475  	0.00265390  	0.00072908  	0.00112354  	0.00037684  	0.00046704  	0.00087917  	0.00107976  
2021-12-15 11:55:01.414: iteration 23 finished in 102.716760 seconds
2021-12-15 11:55:01.750: epoch 23:	0.00026886  	0.00028301  	0.00132475  	0.00266962  	0.00074278  	0.00114404  	0.00038711  	0.00047791  	0.00094487  	0.00114932  
2021-12-15 11:56:46.054: iteration 24 finished in 104.303349 seconds
2021-12-15 11:56:46.379: epoch 24:	0.00028301  	0.00026886  	0.00133890  	0.00263368  	0.00074788  	0.00112602  	0.00038600  	0.00047503  	0.00094902  	0.00113030  
2021-12-15 11:58:29.361: iteration 25 finished in 102.982096 seconds
2021-12-15 11:58:29.687: epoch 25:	0.00029716  	0.00026886  	0.00148040  	0.00263368  	0.00074899  	0.00109159  	0.00035455  	0.00043388  	0.00088535  	0.00105682  
2021-12-15 12:00:14.658: iteration 26 finished in 104.970972 seconds
2021-12-15 12:00:14.986: epoch 26:	0.00031131  	0.00026178  	0.00142144  	0.00281764  	0.00073221  	0.00111231  	0.00033753  	0.00043418  	0.00088220  	0.00103853  
2021-12-15 12:01:57.783: iteration 27 finished in 102.797462 seconds
2021-12-15 12:01:58.102: epoch 27:	0.00029716  	0.00026886  	0.00138606  	0.00283336  	0.00071403  	0.00111916  	0.00032960  	0.00043200  	0.00087002  	0.00104699  
2021-12-15 12:03:41.088: iteration 28 finished in 102.986315 seconds
2021-12-15 12:03:41.411: epoch 28:	0.00032546  	0.00026178  	0.00156294  	0.00281764  	0.00077993  	0.00112143  	0.00035392  	0.00043869  	0.00092892  	0.00107036  
2021-12-15 12:05:24.246: iteration 29 finished in 102.835043 seconds
2021-12-15 12:05:24.566: epoch 29:	0.00031131  	0.00029008  	0.00152757  	0.00317139  	0.00076671  	0.00121447  	0.00035268  	0.00045956  	0.00092010  	0.00110201  
2021-12-15 12:07:07.731: iteration 30 finished in 103.163973 seconds
2021-12-15 12:07:08.049: epoch 30:	0.00032546  	0.00028301  	0.00166907  	0.00313602  	0.00081451  	0.00121454  	0.00037515  	0.00047064  	0.00093347  	0.00109876  
2021-12-15 12:08:51.356: iteration 31 finished in 103.306520 seconds
2021-12-15 12:08:51.676: epoch 31:	0.00035376  	0.00028301  	0.00172803  	0.00313602  	0.00084439  	0.00121793  	0.00038139  	0.00047214  	0.00097317  	0.00111296  
2021-12-15 12:10:36.183: iteration 32 finished in 104.506893 seconds
2021-12-15 12:10:36.508: epoch 32:	0.00035376  	0.00029008  	0.00172803  	0.00315960  	0.00084556  	0.00123535  	0.00038272  	0.00048006  	0.00097278  	0.00112408  
2021-12-15 12:12:20.993: iteration 33 finished in 104.484943 seconds
2021-12-15 12:12:21.321: epoch 33:	0.00033961  	0.00027593  	0.00171624  	0.00298272  	0.00083123  	0.00118748  	0.00037742  	0.00046948  	0.00093094  	0.00108185  
2021-12-15 12:14:04.670: iteration 34 finished in 103.349322 seconds
2021-12-15 12:14:04.989: epoch 34:	0.00036791  	0.00029716  	0.00199924  	0.00323035  	0.00090838  	0.00125000  	0.00040048  	0.00047942  	0.00095767  	0.00110172  
2021-12-15 12:15:49.361: iteration 35 finished in 104.371953 seconds
2021-12-15 12:15:49.691: epoch 35:	0.00035376  	0.00029716  	0.00195208  	0.00323035  	0.00088163  	0.00124534  	0.00038807  	0.00047405  	0.00093347  	0.00109327  
2021-12-15 12:17:34.130: iteration 36 finished in 104.438618 seconds
2021-12-15 12:17:34.457: epoch 36:	0.00035376  	0.00031131  	0.00195208  	0.00338758  	0.00088679  	0.00129149  	0.00039377  	0.00048846  	0.00093661  	0.00111155  
2021-12-15 12:19:19.731: iteration 37 finished in 105.274351 seconds
2021-12-15 12:19:20.044: epoch 37:	0.00038206  	0.00030423  	0.00214075  	0.00331683  	0.00094642  	0.00127632  	0.00041303  	0.00048927  	0.00095469  	0.00109962  
2021-12-15 12:21:05.164: iteration 38 finished in 105.120633 seconds
2021-12-15 12:21:05.493: epoch 38:	0.00036791  	0.00029716  	0.00209358  	0.00330594  	0.00093143  	0.00127523  	0.00041293  	0.00049398  	0.00094049  	0.00109184  
2021-12-15 12:22:49.393: iteration 39 finished in 103.900228 seconds
2021-12-15 12:22:49.717: epoch 39:	0.00035376  	0.00030423  	0.00202283  	0.00344745  	0.00090805  	0.00131115  	0.00040743  	0.00050390  	0.00092791  	0.00110266  
2021-12-15 12:24:34.342: iteration 40 finished in 104.623862 seconds
2021-12-15 12:24:34.668: epoch 40:	0.00036791  	0.00030423  	0.00207000  	0.00344745  	0.00093658  	0.00132413  	0.00042192  	0.00051617  	0.00095250  	0.00111786  
2021-12-15 12:26:17.771: iteration 41 finished in 103.102356 seconds
2021-12-15 12:26:18.099: epoch 41:	0.00038206  	0.00031131  	0.00210537  	0.00345052  	0.00095749  	0.00133582  	0.00043011  	0.00052277  	0.00097272  	0.00113358  
2021-12-15 12:28:02.896: iteration 42 finished in 104.797263 seconds
2021-12-15 12:28:03.224: epoch 42:	0.00038206  	0.00031131  	0.00210537  	0.00339066  	0.00095740  	0.00132247  	0.00043046  	0.00052054  	0.00096705  	0.00112747  
2021-12-15 12:29:46.109: iteration 43 finished in 102.884248 seconds
2021-12-15 12:29:46.431: epoch 43:	0.00038206  	0.00030423  	0.00210537  	0.00350555  	0.00096537  	0.00135116  	0.00043996  	0.00053759  	0.00097278  	0.00112767  
2021-12-15 12:31:30.806: iteration 44 finished in 104.375506 seconds
2021-12-15 12:31:31.140: epoch 44:	0.00038206  	0.00031131  	0.00210537  	0.00353385  	0.00095809  	0.00135765  	0.00043407  	0.00053525  	0.00094919  	0.00111421  
2021-12-15 12:33:14.645: iteration 45 finished in 103.503307 seconds
2021-12-15 12:33:14.957: epoch 45:	0.00038206  	0.00031131  	0.00210537  	0.00353385  	0.00095153  	0.00135345  	0.00042913  	0.00053215  	0.00093324  	0.00110013  
2021-12-15 12:35:02.395: iteration 46 finished in 107.437375 seconds
2021-12-15 12:35:02.724: epoch 46:	0.00038206  	0.00031131  	0.00210537  	0.00353385  	0.00095744  	0.00135967  	0.00043641  	0.00053944  	0.00093324  	0.00110039  
2021-12-15 12:36:47.352: iteration 47 finished in 104.628053 seconds
2021-12-15 12:36:47.684: epoch 47:	0.00036791  	0.00031131  	0.00196387  	0.00353385  	0.00092034  	0.00136463  	0.00042861  	0.00054663  	0.00092145  	0.00110315  
2021-12-15 12:38:34.415: iteration 48 finished in 106.731583 seconds
2021-12-15 12:38:34.754: epoch 48:	0.00036791  	0.00031838  	0.00196387  	0.00367535  	0.00092243  	0.00139998  	0.00043136  	0.00055734  	0.00092067  	0.00111035  
2021-12-15 12:40:20.211: iteration 49 finished in 105.456845 seconds
2021-12-15 12:40:20.539: epoch 49:	0.00038206  	0.00031131  	0.00211609  	0.00365004  	0.00094602  	0.00137320  	0.00043008  	0.00054249  	0.00085761  	0.00102850  
2021-12-15 12:42:06.332: iteration 50 finished in 105.792316 seconds
2021-12-15 12:42:06.667: epoch 50:	0.00036791  	0.00031838  	0.00211193  	0.00366576  	0.00101772  	0.00146327  	0.00053397  	0.00064997  	0.00095368  	0.00114719  
